[2024-10-11T13:17:46.241+0000] {local_task_job_runner.py:120} INFO - ::group::Pre task execution logs
[2024-10-11T13:17:46.278+0000] {taskinstance.py:2076} INFO - Dependencies all met for dep_context=non-requeueable deps ti=<TaskInstance: etl_yellow_cab.etl_task manual__2024-10-11T07:14:16.194830+00:00 [queued]>
[2024-10-11T13:17:46.286+0000] {taskinstance.py:2076} INFO - Dependencies all met for dep_context=requeueable deps ti=<TaskInstance: etl_yellow_cab.etl_task manual__2024-10-11T07:14:16.194830+00:00 [queued]>
[2024-10-11T13:17:46.286+0000] {taskinstance.py:2306} INFO - Starting attempt 24 of 24
[2024-10-11T13:17:46.295+0000] {taskinstance.py:2330} INFO - Executing <Task(SparkSubmitOperator): etl_task> on 2024-10-11 07:14:16.194830+00:00
[2024-10-11T13:17:46.301+0000] {standard_task_runner.py:63} INFO - Started process 171 to run task
[2024-10-11T13:17:46.306+0000] {standard_task_runner.py:90} INFO - Running: ['airflow', 'tasks', 'run', 'etl_yellow_cab', 'etl_task', 'manual__2024-10-11T07:14:16.194830+00:00', '--job-id', '45', '--raw', '--subdir', 'DAGS_FOLDER/yellow-cab-batch.py', '--cfg-path', '/tmp/tmppleo8ig3']
[2024-10-11T13:17:46.309+0000] {standard_task_runner.py:91} INFO - Job 45: Subtask etl_task
[2024-10-11T13:17:46.334+0000] {logging_mixin.py:188} WARNING - /home/airflow/.local/lib/python3.9/site-packages/airflow/settings.py:195 DeprecationWarning: The sql_alchemy_conn option in [core] has been moved to the sql_alchemy_conn option in [database] - the old setting has been used, but please update your config.
[2024-10-11T13:17:46.388+0000] {task_command.py:426} INFO - Running <TaskInstance: etl_yellow_cab.etl_task manual__2024-10-11T07:14:16.194830+00:00 [running]> on host yellow-cab-airflow-scheduler
[2024-10-11T13:17:46.484+0000] {taskinstance.py:2648} INFO - Exporting env vars: AIRFLOW_CTX_DAG_OWNER='hafidz' AIRFLOW_CTX_DAG_ID='etl_yellow_cab' AIRFLOW_CTX_TASK_ID='etl_task' AIRFLOW_CTX_EXECUTION_DATE='2024-10-11T07:14:16.194830+00:00' AIRFLOW_CTX_TRY_NUMBER='24' AIRFLOW_CTX_DAG_RUN_ID='manual__2024-10-11T07:14:16.194830+00:00'
[2024-10-11T13:17:46.485+0000] {taskinstance.py:430} INFO - ::endgroup::
[2024-10-11T13:17:46.525+0000] {base.py:84} INFO - Using connection ID 'spark_main' for task execution.
[2024-10-11T13:17:46.527+0000] {spark_submit.py:473} INFO - Spark-Submit cmd: spark-submit --master spark://spark-master:7077 --conf spark.jars.packages=org.apache.sedona:sedona-python-adapter-3.0_2.12:1.2.0-incubating,org.datasyslab:geotools-wrapper:geotools-24.0 --conf spark.jars.repositories=https://repo1.maven.org/maven2/ --name arrow-spark --deploy-mode client /spark-scripts/taxi_etl.py
[2024-10-11T13:17:47.712+0000] {spark_submit.py:649} INFO - https://repo1.maven.org/maven2/ added as a remote repository with the name: repo-1
[2024-10-11T13:17:47.735+0000] {spark_submit.py:649} INFO - :: loading settings :: url = jar:file:/home/airflow/.local/lib/python3.9/site-packages/pyspark/jars/ivy-2.5.1.jar!/org/apache/ivy/core/settings/ivysettings.xml
[2024-10-11T13:17:47.787+0000] {spark_submit.py:649} INFO - Ivy Default Cache set to: /home/airflow/.ivy2/cache
[2024-10-11T13:17:47.788+0000] {spark_submit.py:649} INFO - The jars for the packages stored in: /home/airflow/.ivy2/jars
[2024-10-11T13:17:47.790+0000] {spark_submit.py:649} INFO - org.apache.sedona#sedona-python-adapter-3.0_2.12 added as a dependency
[2024-10-11T13:17:47.790+0000] {spark_submit.py:649} INFO - org.datasyslab#geotools-wrapper added as a dependency
[2024-10-11T13:17:47.791+0000] {spark_submit.py:649} INFO - :: resolving dependencies :: org.apache.spark#spark-submit-parent-30eebd62-cc6a-4be0-9f11-54febac08be3;1.0
[2024-10-11T13:17:47.791+0000] {spark_submit.py:649} INFO - confs: [default]
[2024-10-11T13:17:54.970+0000] {spark_submit.py:649} INFO - found org.apache.sedona#sedona-python-adapter-3.0_2.12;1.2.0-incubating in central
[2024-10-11T13:18:01.598+0000] {spark_submit.py:649} INFO - found org.locationtech.jts#jts-core;1.18.0 in central
[2024-10-11T13:18:02.564+0000] {spark_submit.py:649} INFO - found org.wololo#jts2geojson;0.16.1 in central
[2024-10-11T13:18:03.316+0000] {spark_submit.py:649} INFO - found org.apache.sedona#sedona-core-3.0_2.12;1.2.0-incubating in central
[2024-10-11T13:18:04.046+0000] {spark_submit.py:649} INFO - found org.scala-lang.modules#scala-collection-compat_2.12;2.5.0 in central
[2024-10-11T13:18:04.820+0000] {spark_submit.py:649} INFO - found org.apache.sedona#sedona-sql-3.0_2.12;1.2.0-incubating in central
[2024-10-11T13:18:05.426+0000] {spark_submit.py:649} INFO - found org.datasyslab#geotools-wrapper;geotools-24.0 in central
[2024-10-11T13:18:05.708+0000] {spark_submit.py:649} INFO - downloading https://repo1.maven.org/maven2/org/apache/sedona/sedona-python-adapter-3.0_2.12/1.2.0-incubating/sedona-python-adapter-3.0_2.12-1.2.0-incubating.jar ...
[2024-10-11T13:18:08.758+0000] {spark_submit.py:649} INFO - [SUCCESSFUL ] org.apache.sedona#sedona-python-adapter-3.0_2.12;1.2.0-incubating!sedona-python-adapter-3.0_2.12.jar (3326ms)
[2024-10-11T13:18:09.018+0000] {spark_submit.py:649} INFO - downloading https://repo1.maven.org/maven2/org/datasyslab/geotools-wrapper/geotools-24.0/geotools-wrapper-geotools-24.0.jar ...
[2024-10-11T13:18:31.387+0000] {spark_submit.py:649} INFO - [SUCCESSFUL ] org.datasyslab#geotools-wrapper;geotools-24.0!geotools-wrapper.jar (22624ms)
[2024-10-11T13:18:31.717+0000] {spark_submit.py:649} INFO - downloading https://repo1.maven.org/maven2/org/locationtech/jts/jts-core/1.18.0/jts-core-1.18.0.jar ...
[2024-10-11T13:18:32.863+0000] {spark_submit.py:649} INFO - [SUCCESSFUL ] org.locationtech.jts#jts-core;1.18.0!jts-core.jar(bundle) (1473ms)
[2024-10-11T13:18:33.128+0000] {spark_submit.py:649} INFO - downloading https://repo1.maven.org/maven2/org/wololo/jts2geojson/0.16.1/jts2geojson-0.16.1.jar ...
[2024-10-11T13:18:33.466+0000] {spark_submit.py:649} INFO - [SUCCESSFUL ] org.wololo#jts2geojson;0.16.1!jts2geojson.jar (598ms)
[2024-10-11T13:18:33.767+0000] {spark_submit.py:649} INFO - downloading https://repo1.maven.org/maven2/org/apache/sedona/sedona-core-3.0_2.12/1.2.0-incubating/sedona-core-3.0_2.12-1.2.0-incubating.jar ...
[2024-10-11T13:18:34.486+0000] {spark_submit.py:649} INFO - [SUCCESSFUL ] org.apache.sedona#sedona-core-3.0_2.12;1.2.0-incubating!sedona-core-3.0_2.12.jar (1016ms)
[2024-10-11T13:18:34.800+0000] {spark_submit.py:649} INFO - downloading https://repo1.maven.org/maven2/org/apache/sedona/sedona-sql-3.0_2.12/1.2.0-incubating/sedona-sql-3.0_2.12-1.2.0-incubating.jar ...
[2024-10-11T13:18:35.964+0000] {spark_submit.py:649} INFO - [SUCCESSFUL ] org.apache.sedona#sedona-sql-3.0_2.12;1.2.0-incubating!sedona-sql-3.0_2.12.jar (1477ms)
[2024-10-11T13:18:36.325+0000] {spark_submit.py:649} INFO - downloading https://repo1.maven.org/maven2/org/scala-lang/modules/scala-collection-compat_2.12/2.5.0/scala-collection-compat_2.12-2.5.0.jar ...
[2024-10-11T13:18:36.788+0000] {spark_submit.py:649} INFO - [SUCCESSFUL ] org.scala-lang.modules#scala-collection-compat_2.12;2.5.0!scala-collection-compat_2.12.jar (822ms)
[2024-10-11T13:18:36.790+0000] {spark_submit.py:649} INFO - :: resolution report :: resolve 17639ms :: artifacts dl 31359ms
[2024-10-11T13:18:36.791+0000] {spark_submit.py:649} INFO - :: modules in use:
[2024-10-11T13:18:36.792+0000] {spark_submit.py:649} INFO - org.apache.sedona#sedona-core-3.0_2.12;1.2.0-incubating from central in [default]
[2024-10-11T13:18:36.793+0000] {spark_submit.py:649} INFO - org.apache.sedona#sedona-python-adapter-3.0_2.12;1.2.0-incubating from central in [default]
[2024-10-11T13:18:36.793+0000] {spark_submit.py:649} INFO - org.apache.sedona#sedona-sql-3.0_2.12;1.2.0-incubating from central in [default]
[2024-10-11T13:18:36.794+0000] {spark_submit.py:649} INFO - org.datasyslab#geotools-wrapper;geotools-24.0 from central in [default]
[2024-10-11T13:18:36.794+0000] {spark_submit.py:649} INFO - org.locationtech.jts#jts-core;1.18.0 from central in [default]
[2024-10-11T13:18:36.795+0000] {spark_submit.py:649} INFO - org.scala-lang.modules#scala-collection-compat_2.12;2.5.0 from central in [default]
[2024-10-11T13:18:36.795+0000] {spark_submit.py:649} INFO - org.wololo#jts2geojson;0.16.1 from central in [default]
[2024-10-11T13:18:36.796+0000] {spark_submit.py:649} INFO - ---------------------------------------------------------------------
[2024-10-11T13:18:36.796+0000] {spark_submit.py:649} INFO - |                  |            modules            ||   artifacts   |
[2024-10-11T13:18:36.796+0000] {spark_submit.py:649} INFO - |       conf       | number| search|dwnlded|evicted|| number|dwnlded|
[2024-10-11T13:18:36.797+0000] {spark_submit.py:649} INFO - ---------------------------------------------------------------------
[2024-10-11T13:18:36.798+0000] {spark_submit.py:649} INFO - |      default     |   7   |   7   |   7   |   0   ||   7   |   7   |
[2024-10-11T13:18:36.798+0000] {spark_submit.py:649} INFO - ---------------------------------------------------------------------
[2024-10-11T13:18:36.810+0000] {spark_submit.py:649} INFO - :: retrieving :: org.apache.spark#spark-submit-parent-30eebd62-cc6a-4be0-9f11-54febac08be3
[2024-10-11T13:18:36.811+0000] {spark_submit.py:649} INFO - confs: [default]
[2024-10-11T13:18:36.907+0000] {spark_submit.py:649} INFO - 7 artifacts copied, 0 already retrieved (24372kB/97ms)
[2024-10-11T13:18:37.132+0000] {spark_submit.py:649} INFO - 24/10/11 13:18:37 WARN NativeCodeLoader: Unable to load native-hadoop library for your platform... using builtin-java classes where applicable
[2024-10-11T13:18:39.443+0000] {spark_submit.py:649} INFO - 24/10/11 13:18:39 INFO SparkContext: Running Spark version 3.3.2
[2024-10-11T13:18:39.458+0000] {spark_submit.py:649} INFO - 24/10/11 13:18:39 INFO ResourceUtils: ==============================================================
[2024-10-11T13:18:39.459+0000] {spark_submit.py:649} INFO - 24/10/11 13:18:39 INFO ResourceUtils: No custom resources configured for spark.driver.
[2024-10-11T13:18:39.459+0000] {spark_submit.py:649} INFO - 24/10/11 13:18:39 INFO ResourceUtils: ==============================================================
[2024-10-11T13:18:39.459+0000] {spark_submit.py:649} INFO - 24/10/11 13:18:39 INFO SparkContext: Submitted application: BigQueryETL
[2024-10-11T13:18:39.472+0000] {spark_submit.py:649} INFO - 24/10/11 13:18:39 INFO ResourceProfile: Default ResourceProfile created, executor resources: Map(cores -> name: cores, amount: 1, script: , vendor: , memory -> name: memory, amount: 1024, script: , vendor: , offHeap -> name: offHeap, amount: 0, script: , vendor: ), task resources: Map(cpus -> name: cpus, amount: 1.0)
[2024-10-11T13:18:39.478+0000] {spark_submit.py:649} INFO - 24/10/11 13:18:39 INFO ResourceProfile: Limiting resource is cpu
[2024-10-11T13:18:39.478+0000] {spark_submit.py:649} INFO - 24/10/11 13:18:39 INFO ResourceProfileManager: Added ResourceProfile id: 0
[2024-10-11T13:18:39.516+0000] {spark_submit.py:649} INFO - 24/10/11 13:18:39 INFO SecurityManager: Changing view acls to: airflow
[2024-10-11T13:18:39.516+0000] {spark_submit.py:649} INFO - 24/10/11 13:18:39 INFO SecurityManager: Changing modify acls to: airflow
[2024-10-11T13:18:39.516+0000] {spark_submit.py:649} INFO - 24/10/11 13:18:39 INFO SecurityManager: Changing view acls groups to:
[2024-10-11T13:18:39.517+0000] {spark_submit.py:649} INFO - 24/10/11 13:18:39 INFO SecurityManager: Changing modify acls groups to:
[2024-10-11T13:18:39.517+0000] {spark_submit.py:649} INFO - 24/10/11 13:18:39 INFO SecurityManager: SecurityManager: authentication disabled; ui acls disabled; users  with view permissions: Set(airflow); groups with view permissions: Set(); users  with modify permissions: Set(airflow); groups with modify permissions: Set()
[2024-10-11T13:18:39.678+0000] {spark_submit.py:649} INFO - 24/10/11 13:18:39 INFO Utils: Successfully started service 'sparkDriver' on port 40449.
[2024-10-11T13:18:39.696+0000] {spark_submit.py:649} INFO - 24/10/11 13:18:39 INFO SparkEnv: Registering MapOutputTracker
[2024-10-11T13:18:39.719+0000] {spark_submit.py:649} INFO - 24/10/11 13:18:39 INFO SparkEnv: Registering BlockManagerMaster
[2024-10-11T13:18:39.729+0000] {spark_submit.py:649} INFO - 24/10/11 13:18:39 INFO BlockManagerMasterEndpoint: Using org.apache.spark.storage.DefaultTopologyMapper for getting topology information
[2024-10-11T13:18:39.730+0000] {spark_submit.py:649} INFO - 24/10/11 13:18:39 INFO BlockManagerMasterEndpoint: BlockManagerMasterEndpoint up
[2024-10-11T13:18:39.733+0000] {spark_submit.py:649} INFO - 24/10/11 13:18:39 INFO SparkEnv: Registering BlockManagerMasterHeartbeat
[2024-10-11T13:18:39.748+0000] {spark_submit.py:649} INFO - 24/10/11 13:18:39 INFO DiskBlockManager: Created local directory at /tmp/blockmgr-5fa27f31-9554-4c7c-9c44-9ffb68636bb8
[2024-10-11T13:18:39.760+0000] {spark_submit.py:649} INFO - 24/10/11 13:18:39 INFO MemoryStore: MemoryStore started with capacity 434.4 MiB
[2024-10-11T13:18:39.769+0000] {spark_submit.py:649} INFO - 24/10/11 13:18:39 INFO SparkEnv: Registering OutputCommitCoordinator
[2024-10-11T13:18:39.892+0000] {spark_submit.py:649} INFO - 24/10/11 13:18:39 INFO Utils: Successfully started service 'SparkUI' on port 4040.
[2024-10-11T13:18:39.911+0000] {spark_submit.py:649} INFO - 24/10/11 13:18:39 INFO SparkContext: Added JAR file:///home/airflow/.ivy2/jars/org.apache.sedona_sedona-python-adapter-3.0_2.12-1.2.0-incubating.jar at spark://yellow-cab-airflow-scheduler:40449/jars/org.apache.sedona_sedona-python-adapter-3.0_2.12-1.2.0-incubating.jar with timestamp 1728652719438
[2024-10-11T13:18:39.912+0000] {spark_submit.py:649} INFO - 24/10/11 13:18:39 INFO SparkContext: Added JAR file:///home/airflow/.ivy2/jars/org.datasyslab_geotools-wrapper-geotools-24.0.jar at spark://yellow-cab-airflow-scheduler:40449/jars/org.datasyslab_geotools-wrapper-geotools-24.0.jar with timestamp 1728652719438
[2024-10-11T13:18:39.912+0000] {spark_submit.py:649} INFO - 24/10/11 13:18:39 INFO SparkContext: Added JAR file:///home/airflow/.ivy2/jars/org.locationtech.jts_jts-core-1.18.0.jar at spark://yellow-cab-airflow-scheduler:40449/jars/org.locationtech.jts_jts-core-1.18.0.jar with timestamp 1728652719438
[2024-10-11T13:18:39.912+0000] {spark_submit.py:649} INFO - 24/10/11 13:18:39 INFO SparkContext: Added JAR file:///home/airflow/.ivy2/jars/org.wololo_jts2geojson-0.16.1.jar at spark://yellow-cab-airflow-scheduler:40449/jars/org.wololo_jts2geojson-0.16.1.jar with timestamp 1728652719438
[2024-10-11T13:18:39.912+0000] {spark_submit.py:649} INFO - 24/10/11 13:18:39 INFO SparkContext: Added JAR file:///home/airflow/.ivy2/jars/org.apache.sedona_sedona-core-3.0_2.12-1.2.0-incubating.jar at spark://yellow-cab-airflow-scheduler:40449/jars/org.apache.sedona_sedona-core-3.0_2.12-1.2.0-incubating.jar with timestamp 1728652719438
[2024-10-11T13:18:39.913+0000] {spark_submit.py:649} INFO - 24/10/11 13:18:39 INFO SparkContext: Added JAR file:///home/airflow/.ivy2/jars/org.apache.sedona_sedona-sql-3.0_2.12-1.2.0-incubating.jar at spark://yellow-cab-airflow-scheduler:40449/jars/org.apache.sedona_sedona-sql-3.0_2.12-1.2.0-incubating.jar with timestamp 1728652719438
[2024-10-11T13:18:39.913+0000] {spark_submit.py:649} INFO - 24/10/11 13:18:39 INFO SparkContext: Added JAR file:///home/airflow/.ivy2/jars/org.scala-lang.modules_scala-collection-compat_2.12-2.5.0.jar at spark://yellow-cab-airflow-scheduler:40449/jars/org.scala-lang.modules_scala-collection-compat_2.12-2.5.0.jar with timestamp 1728652719438
[2024-10-11T13:18:39.914+0000] {spark_submit.py:649} INFO - 24/10/11 13:18:39 INFO SparkContext: Added file file:///home/airflow/.ivy2/jars/org.apache.sedona_sedona-python-adapter-3.0_2.12-1.2.0-incubating.jar at spark://yellow-cab-airflow-scheduler:40449/files/org.apache.sedona_sedona-python-adapter-3.0_2.12-1.2.0-incubating.jar with timestamp 1728652719438
[2024-10-11T13:18:39.914+0000] {spark_submit.py:649} INFO - 24/10/11 13:18:39 INFO Utils: Copying /home/airflow/.ivy2/jars/org.apache.sedona_sedona-python-adapter-3.0_2.12-1.2.0-incubating.jar to /tmp/spark-f6db7913-e8e5-466c-890a-beea062252fa/userFiles-c1017dd0-dcfd-4f5e-854c-1c1f08b8a5fe/org.apache.sedona_sedona-python-adapter-3.0_2.12-1.2.0-incubating.jar
[2024-10-11T13:18:39.929+0000] {spark_submit.py:649} INFO - 24/10/11 13:18:39 INFO SparkContext: Added file file:///home/airflow/.ivy2/jars/org.datasyslab_geotools-wrapper-geotools-24.0.jar at spark://yellow-cab-airflow-scheduler:40449/files/org.datasyslab_geotools-wrapper-geotools-24.0.jar with timestamp 1728652719438
[2024-10-11T13:18:39.930+0000] {spark_submit.py:649} INFO - 24/10/11 13:18:39 INFO Utils: Copying /home/airflow/.ivy2/jars/org.datasyslab_geotools-wrapper-geotools-24.0.jar to /tmp/spark-f6db7913-e8e5-466c-890a-beea062252fa/userFiles-c1017dd0-dcfd-4f5e-854c-1c1f08b8a5fe/org.datasyslab_geotools-wrapper-geotools-24.0.jar
[2024-10-11T13:18:39.984+0000] {spark_submit.py:649} INFO - 24/10/11 13:18:39 INFO SparkContext: Added file file:///home/airflow/.ivy2/jars/org.locationtech.jts_jts-core-1.18.0.jar at spark://yellow-cab-airflow-scheduler:40449/files/org.locationtech.jts_jts-core-1.18.0.jar with timestamp 1728652719438
[2024-10-11T13:18:39.984+0000] {spark_submit.py:649} INFO - 24/10/11 13:18:39 INFO Utils: Copying /home/airflow/.ivy2/jars/org.locationtech.jts_jts-core-1.18.0.jar to /tmp/spark-f6db7913-e8e5-466c-890a-beea062252fa/userFiles-c1017dd0-dcfd-4f5e-854c-1c1f08b8a5fe/org.locationtech.jts_jts-core-1.18.0.jar
[2024-10-11T13:18:39.993+0000] {spark_submit.py:649} INFO - 24/10/11 13:18:39 INFO SparkContext: Added file file:///home/airflow/.ivy2/jars/org.wololo_jts2geojson-0.16.1.jar at spark://yellow-cab-airflow-scheduler:40449/files/org.wololo_jts2geojson-0.16.1.jar with timestamp 1728652719438
[2024-10-11T13:18:39.994+0000] {spark_submit.py:649} INFO - 24/10/11 13:18:39 INFO Utils: Copying /home/airflow/.ivy2/jars/org.wololo_jts2geojson-0.16.1.jar to /tmp/spark-f6db7913-e8e5-466c-890a-beea062252fa/userFiles-c1017dd0-dcfd-4f5e-854c-1c1f08b8a5fe/org.wololo_jts2geojson-0.16.1.jar
[2024-10-11T13:18:40.002+0000] {spark_submit.py:649} INFO - 24/10/11 13:18:40 INFO SparkContext: Added file file:///home/airflow/.ivy2/jars/org.apache.sedona_sedona-core-3.0_2.12-1.2.0-incubating.jar at spark://yellow-cab-airflow-scheduler:40449/files/org.apache.sedona_sedona-core-3.0_2.12-1.2.0-incubating.jar with timestamp 1728652719438
[2024-10-11T13:18:40.002+0000] {spark_submit.py:649} INFO - 24/10/11 13:18:40 INFO Utils: Copying /home/airflow/.ivy2/jars/org.apache.sedona_sedona-core-3.0_2.12-1.2.0-incubating.jar to /tmp/spark-f6db7913-e8e5-466c-890a-beea062252fa/userFiles-c1017dd0-dcfd-4f5e-854c-1c1f08b8a5fe/org.apache.sedona_sedona-core-3.0_2.12-1.2.0-incubating.jar
[2024-10-11T13:18:40.011+0000] {spark_submit.py:649} INFO - 24/10/11 13:18:40 INFO SparkContext: Added file file:///home/airflow/.ivy2/jars/org.apache.sedona_sedona-sql-3.0_2.12-1.2.0-incubating.jar at spark://yellow-cab-airflow-scheduler:40449/files/org.apache.sedona_sedona-sql-3.0_2.12-1.2.0-incubating.jar with timestamp 1728652719438
[2024-10-11T13:18:40.011+0000] {spark_submit.py:649} INFO - 24/10/11 13:18:40 INFO Utils: Copying /home/airflow/.ivy2/jars/org.apache.sedona_sedona-sql-3.0_2.12-1.2.0-incubating.jar to /tmp/spark-f6db7913-e8e5-466c-890a-beea062252fa/userFiles-c1017dd0-dcfd-4f5e-854c-1c1f08b8a5fe/org.apache.sedona_sedona-sql-3.0_2.12-1.2.0-incubating.jar
[2024-10-11T13:18:40.019+0000] {spark_submit.py:649} INFO - 24/10/11 13:18:40 INFO SparkContext: Added file file:///home/airflow/.ivy2/jars/org.scala-lang.modules_scala-collection-compat_2.12-2.5.0.jar at spark://yellow-cab-airflow-scheduler:40449/files/org.scala-lang.modules_scala-collection-compat_2.12-2.5.0.jar with timestamp 1728652719438
[2024-10-11T13:18:40.020+0000] {spark_submit.py:649} INFO - 24/10/11 13:18:40 INFO Utils: Copying /home/airflow/.ivy2/jars/org.scala-lang.modules_scala-collection-compat_2.12-2.5.0.jar to /tmp/spark-f6db7913-e8e5-466c-890a-beea062252fa/userFiles-c1017dd0-dcfd-4f5e-854c-1c1f08b8a5fe/org.scala-lang.modules_scala-collection-compat_2.12-2.5.0.jar
[2024-10-11T13:18:40.085+0000] {spark_submit.py:649} INFO - 24/10/11 13:18:40 INFO StandaloneAppClient$ClientEndpoint: Connecting to master spark://spark-master:7077...
[2024-10-11T13:18:40.120+0000] {spark_submit.py:649} INFO - 24/10/11 13:18:40 INFO TransportClientFactory: Successfully created connection to spark-master/172.24.0.2:7077 after 17 ms (0 ms spent in bootstraps)
[2024-10-11T13:18:40.216+0000] {spark_submit.py:649} INFO - 24/10/11 13:18:40 INFO StandaloneSchedulerBackend: Connected to Spark cluster with app ID app-20241011131840-0016
[2024-10-11T13:18:40.222+0000] {spark_submit.py:649} INFO - 24/10/11 13:18:40 INFO Utils: Successfully started service 'org.apache.spark.network.netty.NettyBlockTransferService' on port 41617.
[2024-10-11T13:18:40.222+0000] {spark_submit.py:649} INFO - 24/10/11 13:18:40 INFO NettyBlockTransferService: Server created on yellow-cab-airflow-scheduler:41617
[2024-10-11T13:18:40.224+0000] {spark_submit.py:649} INFO - 24/10/11 13:18:40 INFO BlockManager: Using org.apache.spark.storage.RandomBlockReplicationPolicy for block replication policy
[2024-10-11T13:18:40.225+0000] {spark_submit.py:649} INFO - 24/10/11 13:18:40 INFO StandaloneAppClient$ClientEndpoint: Executor added: app-20241011131840-0016/0 on worker-20241011080942-172.24.0.3-37269 (172.24.0.3:37269) with 4 core(s)
[2024-10-11T13:18:40.226+0000] {spark_submit.py:649} INFO - 24/10/11 13:18:40 INFO StandaloneSchedulerBackend: Granted executor ID app-20241011131840-0016/0 on hostPort 172.24.0.3:37269 with 4 core(s), 1024.0 MiB RAM
[2024-10-11T13:18:40.230+0000] {spark_submit.py:649} INFO - 24/10/11 13:18:40 INFO BlockManagerMaster: Registering BlockManager BlockManagerId(driver, yellow-cab-airflow-scheduler, 41617, None)
[2024-10-11T13:18:40.233+0000] {spark_submit.py:649} INFO - 24/10/11 13:18:40 INFO BlockManagerMasterEndpoint: Registering block manager yellow-cab-airflow-scheduler:41617 with 434.4 MiB RAM, BlockManagerId(driver, yellow-cab-airflow-scheduler, 41617, None)
[2024-10-11T13:18:40.235+0000] {spark_submit.py:649} INFO - 24/10/11 13:18:40 INFO BlockManagerMaster: Registered BlockManager BlockManagerId(driver, yellow-cab-airflow-scheduler, 41617, None)
[2024-10-11T13:18:40.236+0000] {spark_submit.py:649} INFO - 24/10/11 13:18:40 INFO BlockManager: Initialized BlockManager: BlockManagerId(driver, yellow-cab-airflow-scheduler, 41617, None)
[2024-10-11T13:18:40.486+0000] {spark_submit.py:649} INFO - 24/10/11 13:18:40 INFO StandaloneSchedulerBackend: SchedulerBackend is ready for scheduling beginning after reached minRegisteredResourcesRatio: 0.0
[2024-10-11T13:18:40.490+0000] {spark_submit.py:649} INFO - 24/10/11 13:18:40 INFO StandaloneAppClient$ClientEndpoint: Executor updated: app-20241011131840-0016/0 is now RUNNING
[2024-10-11T13:18:40.628+0000] {spark_submit.py:649} INFO - /spark-scripts/taxi_etl.py:27: DeprecationWarning: Call to deprecated function registerAll (Deprecated since 1.4.1, use SedonaContext.create() instead.).
[2024-10-11T13:18:40.629+0000] {spark_submit.py:649} INFO - SedonaRegistrator.registerAll(spark)
[2024-10-11T13:18:40.633+0000] {spark_submit.py:649} INFO - 24/10/11 13:18:40 INFO SharedState: Setting hive.metastore.warehouse.dir ('null') to the value of spark.sql.warehouse.dir.
[2024-10-11T13:18:40.635+0000] {spark_submit.py:649} INFO - 24/10/11 13:18:40 INFO SharedState: Warehouse path is 'file:/opt/airflow/spark-warehouse'.
[2024-10-11T13:18:42.750+0000] {spark_submit.py:649} INFO - 24/10/11 13:18:42 INFO CoarseGrainedSchedulerBackend$DriverEndpoint: Registered executor NettyRpcEndpointRef(spark-client://Executor) (172.24.0.3:37780) with ID 0,  ResourceProfileId 0
[2024-10-11T13:18:42.793+0000] {spark_submit.py:649} INFO - 24/10/11 13:18:42 INFO BlockManagerMasterEndpoint: Registering block manager 172.24.0.3:38313 with 434.4 MiB RAM, BlockManagerId(0, 172.24.0.3, 38313, None)
[2024-10-11T13:18:43.129+0000] {spark_submit.py:649} INFO - 24/10/11 13:18:43 INFO CodeGenerator: Code generated in 174.3425 ms
[2024-10-11T13:18:43.193+0000] {spark_submit.py:649} INFO - 24/10/11 13:18:43 INFO DAGScheduler: Registering RDD 2 (count at NativeMethodAccessorImpl.java:0) as input to shuffle 0
[2024-10-11T13:18:43.198+0000] {spark_submit.py:649} INFO - 24/10/11 13:18:43 INFO DAGScheduler: Got map stage job 0 (count at NativeMethodAccessorImpl.java:0) with 1 output partitions
[2024-10-11T13:18:43.198+0000] {spark_submit.py:649} INFO - 24/10/11 13:18:43 INFO DAGScheduler: Final stage: ShuffleMapStage 0 (count at NativeMethodAccessorImpl.java:0)
[2024-10-11T13:18:43.199+0000] {spark_submit.py:649} INFO - 24/10/11 13:18:43 INFO DAGScheduler: Parents of final stage: List()
[2024-10-11T13:18:43.199+0000] {spark_submit.py:649} INFO - 24/10/11 13:18:43 INFO DAGScheduler: Missing parents: List()
[2024-10-11T13:18:43.201+0000] {spark_submit.py:649} INFO - 24/10/11 13:18:43 INFO DAGScheduler: Submitting ShuffleMapStage 0 (MapPartitionsRDD[2] at count at NativeMethodAccessorImpl.java:0), which has no missing parents
[2024-10-11T13:18:43.273+0000] {spark_submit.py:649} INFO - 24/10/11 13:18:43 INFO MemoryStore: Block broadcast_0 stored as values in memory (estimated size 10.7 KiB, free 434.4 MiB)
[2024-10-11T13:18:43.298+0000] {spark_submit.py:649} INFO - 24/10/11 13:18:43 INFO MemoryStore: Block broadcast_0_piece0 stored as bytes in memory (estimated size 5.5 KiB, free 434.4 MiB)
[2024-10-11T13:18:43.301+0000] {spark_submit.py:649} INFO - 24/10/11 13:18:43 INFO BlockManagerInfo: Added broadcast_0_piece0 in memory on yellow-cab-airflow-scheduler:41617 (size: 5.5 KiB, free: 434.4 MiB)
[2024-10-11T13:18:43.303+0000] {spark_submit.py:649} INFO - 24/10/11 13:18:43 INFO SparkContext: Created broadcast 0 from broadcast at DAGScheduler.scala:1513
[2024-10-11T13:18:43.319+0000] {spark_submit.py:649} INFO - 24/10/11 13:18:43 INFO DAGScheduler: Submitting 1 missing tasks from ShuffleMapStage 0 (MapPartitionsRDD[2] at count at NativeMethodAccessorImpl.java:0) (first 15 tasks are for partitions Vector(0))
[2024-10-11T13:18:43.320+0000] {spark_submit.py:649} INFO - 24/10/11 13:18:43 INFO TaskSchedulerImpl: Adding task set 0.0 with 1 tasks resource profile 0
[2024-10-11T13:18:43.784+0000] {spark_submit.py:649} INFO - 24/10/11 13:18:43 INFO TaskSetManager: Starting task 0.0 in stage 0.0 (TID 0) (172.24.0.3, executor 0, partition 0, PROCESS_LOCAL, 4654 bytes) taskResourceAssignments Map()
[2024-10-11T13:18:44.018+0000] {spark_submit.py:649} INFO - 24/10/11 13:18:44 INFO BlockManagerInfo: Added broadcast_0_piece0 in memory on 172.24.0.3:38313 (size: 5.5 KiB, free: 434.4 MiB)
[2024-10-11T13:18:44.544+0000] {spark_submit.py:649} INFO - 24/10/11 13:18:44 INFO TaskSetManager: Finished task 0.0 in stage 0.0 (TID 0) in 766 ms on 172.24.0.3 (executor 0) (1/1)
[2024-10-11T13:18:44.546+0000] {spark_submit.py:649} INFO - 24/10/11 13:18:44 INFO TaskSchedulerImpl: Removed TaskSet 0.0, whose tasks have all completed, from pool
[2024-10-11T13:18:44.553+0000] {spark_submit.py:649} INFO - 24/10/11 13:18:44 INFO DAGScheduler: ShuffleMapStage 0 (count at NativeMethodAccessorImpl.java:0) finished in 1.343 s
[2024-10-11T13:18:44.554+0000] {spark_submit.py:649} INFO - 24/10/11 13:18:44 INFO DAGScheduler: looking for newly runnable stages
[2024-10-11T13:18:44.554+0000] {spark_submit.py:649} INFO - 24/10/11 13:18:44 INFO DAGScheduler: running: Set()
[2024-10-11T13:18:44.554+0000] {spark_submit.py:649} INFO - 24/10/11 13:18:44 INFO DAGScheduler: waiting: Set()
[2024-10-11T13:18:44.555+0000] {spark_submit.py:649} INFO - 24/10/11 13:18:44 INFO DAGScheduler: failed: Set()
[2024-10-11T13:18:44.590+0000] {spark_submit.py:649} INFO - 24/10/11 13:18:44 INFO CodeGenerator: Code generated in 10.324791 ms
[2024-10-11T13:18:44.622+0000] {spark_submit.py:649} INFO - 24/10/11 13:18:44 INFO SparkContext: Starting job: count at NativeMethodAccessorImpl.java:0
[2024-10-11T13:18:44.624+0000] {spark_submit.py:649} INFO - 24/10/11 13:18:44 INFO DAGScheduler: Got job 1 (count at NativeMethodAccessorImpl.java:0) with 1 output partitions
[2024-10-11T13:18:44.625+0000] {spark_submit.py:649} INFO - 24/10/11 13:18:44 INFO DAGScheduler: Final stage: ResultStage 2 (count at NativeMethodAccessorImpl.java:0)
[2024-10-11T13:18:44.625+0000] {spark_submit.py:649} INFO - 24/10/11 13:18:44 INFO DAGScheduler: Parents of final stage: List(ShuffleMapStage 1)
[2024-10-11T13:18:44.625+0000] {spark_submit.py:649} INFO - 24/10/11 13:18:44 INFO DAGScheduler: Missing parents: List()
[2024-10-11T13:18:44.626+0000] {spark_submit.py:649} INFO - 24/10/11 13:18:44 INFO DAGScheduler: Submitting ResultStage 2 (MapPartitionsRDD[5] at count at NativeMethodAccessorImpl.java:0), which has no missing parents
[2024-10-11T13:18:44.633+0000] {spark_submit.py:649} INFO - 24/10/11 13:18:44 INFO MemoryStore: Block broadcast_1 stored as values in memory (estimated size 11.1 KiB, free 434.4 MiB)
[2024-10-11T13:18:44.635+0000] {spark_submit.py:649} INFO - 24/10/11 13:18:44 INFO MemoryStore: Block broadcast_1_piece0 stored as bytes in memory (estimated size 5.5 KiB, free 434.4 MiB)
[2024-10-11T13:18:44.636+0000] {spark_submit.py:649} INFO - 24/10/11 13:18:44 INFO BlockManagerInfo: Added broadcast_1_piece0 in memory on yellow-cab-airflow-scheduler:41617 (size: 5.5 KiB, free: 434.4 MiB)
[2024-10-11T13:18:44.636+0000] {spark_submit.py:649} INFO - 24/10/11 13:18:44 INFO SparkContext: Created broadcast 1 from broadcast at DAGScheduler.scala:1513
[2024-10-11T13:18:44.638+0000] {spark_submit.py:649} INFO - 24/10/11 13:18:44 INFO DAGScheduler: Submitting 1 missing tasks from ResultStage 2 (MapPartitionsRDD[5] at count at NativeMethodAccessorImpl.java:0) (first 15 tasks are for partitions Vector(0))
[2024-10-11T13:18:44.638+0000] {spark_submit.py:649} INFO - 24/10/11 13:18:44 INFO TaskSchedulerImpl: Adding task set 2.0 with 1 tasks resource profile 0
[2024-10-11T13:18:44.642+0000] {spark_submit.py:649} INFO - 24/10/11 13:18:44 INFO TaskSetManager: Starting task 0.0 in stage 2.0 (TID 1) (172.24.0.3, executor 0, partition 0, NODE_LOCAL, 4457 bytes) taskResourceAssignments Map()
[2024-10-11T13:18:44.660+0000] {spark_submit.py:649} INFO - 24/10/11 13:18:44 INFO BlockManagerInfo: Added broadcast_1_piece0 in memory on 172.24.0.3:38313 (size: 5.5 KiB, free: 434.4 MiB)
[2024-10-11T13:18:44.708+0000] {spark_submit.py:649} INFO - 24/10/11 13:18:44 INFO MapOutputTrackerMasterEndpoint: Asked to send map output locations for shuffle 0 to 172.24.0.3:37780
[2024-10-11T13:18:44.863+0000] {spark_submit.py:649} INFO - 24/10/11 13:18:44 INFO TaskSetManager: Finished task 0.0 in stage 2.0 (TID 1) in 222 ms on 172.24.0.3 (executor 0) (1/1)
[2024-10-11T13:18:44.864+0000] {spark_submit.py:649} INFO - 24/10/11 13:18:44 INFO TaskSchedulerImpl: Removed TaskSet 2.0, whose tasks have all completed, from pool
[2024-10-11T13:18:44.865+0000] {spark_submit.py:649} INFO - 24/10/11 13:18:44 INFO DAGScheduler: ResultStage 2 (count at NativeMethodAccessorImpl.java:0) finished in 0.235 s
[2024-10-11T13:18:44.868+0000] {spark_submit.py:649} INFO - 24/10/11 13:18:44 INFO DAGScheduler: Job 1 is finished. Cancelling potential speculative or zombie tasks for this job
[2024-10-11T13:18:44.870+0000] {spark_submit.py:649} INFO - 24/10/11 13:18:44 INFO TaskSchedulerImpl: Killing all running tasks in stage 2: Stage finished
[2024-10-11T13:18:44.871+0000] {spark_submit.py:649} INFO - 24/10/11 13:18:44 INFO DAGScheduler: Job 1 finished: count at NativeMethodAccessorImpl.java:0, took 0.247877 s
[2024-10-11T13:18:45.015+0000] {spark_submit.py:649} INFO - 24/10/11 13:18:45 INFO BlockManagerInfo: Removed broadcast_0_piece0 on yellow-cab-airflow-scheduler:41617 in memory (size: 5.5 KiB, free: 434.4 MiB)
[2024-10-11T13:18:45.027+0000] {spark_submit.py:649} INFO - 24/10/11 13:18:45 INFO BlockManagerInfo: Removed broadcast_0_piece0 on 172.24.0.3:38313 in memory (size: 5.5 KiB, free: 434.4 MiB)
[2024-10-11T13:18:45.033+0000] {spark_submit.py:649} INFO - 24/10/11 13:18:45 INFO BlockManagerInfo: Removed broadcast_1_piece0 on yellow-cab-airflow-scheduler:41617 in memory (size: 5.5 KiB, free: 434.4 MiB)
[2024-10-11T13:18:45.036+0000] {spark_submit.py:649} INFO - 24/10/11 13:18:45 INFO BlockManagerInfo: Removed broadcast_1_piece0 on 172.24.0.3:38313 in memory (size: 5.5 KiB, free: 434.4 MiB)
[2024-10-11T13:18:45.225+0000] {spark_submit.py:649} INFO - 24/10/11 13:18:45 INFO InMemoryFileIndex: It took 9 ms to list leaf files for 1 paths.
[2024-10-11T13:18:45.256+0000] {spark_submit.py:649} INFO - 24/10/11 13:18:45 INFO InMemoryFileIndex: It took 1 ms to list leaf files for 1 paths.
[2024-10-11T13:18:45.379+0000] {spark_submit.py:649} INFO - 24/10/11 13:18:45 INFO FileSourceStrategy: Pushed Filters:
[2024-10-11T13:18:45.379+0000] {spark_submit.py:649} INFO - 24/10/11 13:18:45 INFO FileSourceStrategy: Post-Scan Filters: (length(trim(value#14, None)) > 0)
[2024-10-11T13:18:45.380+0000] {spark_submit.py:649} INFO - 24/10/11 13:18:45 INFO FileSourceStrategy: Output Data Schema: struct<value: string>
[2024-10-11T13:18:45.406+0000] {spark_submit.py:649} INFO - 24/10/11 13:18:45 INFO CodeGenerator: Code generated in 9.9875 ms
[2024-10-11T13:18:45.418+0000] {spark_submit.py:649} INFO - 24/10/11 13:18:45 INFO MemoryStore: Block broadcast_2 stored as values in memory (estimated size 204.3 KiB, free 434.2 MiB)
[2024-10-11T13:18:45.440+0000] {spark_submit.py:649} INFO - 24/10/11 13:18:45 INFO MemoryStore: Block broadcast_2_piece0 stored as bytes in memory (estimated size 35.3 KiB, free 434.2 MiB)
[2024-10-11T13:18:45.441+0000] {spark_submit.py:649} INFO - 24/10/11 13:18:45 INFO BlockManagerInfo: Added broadcast_2_piece0 in memory on yellow-cab-airflow-scheduler:41617 (size: 35.3 KiB, free: 434.4 MiB)
[2024-10-11T13:18:45.442+0000] {spark_submit.py:649} INFO - 24/10/11 13:18:45 INFO SparkContext: Created broadcast 2 from csv at NativeMethodAccessorImpl.java:0
[2024-10-11T13:18:45.449+0000] {spark_submit.py:649} INFO - 24/10/11 13:18:45 INFO FileSourceScanExec: Planning scan with bin packing, max size: 4194304 bytes, open cost is considered as scanning 4194304 bytes.
[2024-10-11T13:18:45.496+0000] {spark_submit.py:649} INFO - 24/10/11 13:18:45 INFO SparkContext: Starting job: csv at NativeMethodAccessorImpl.java:0
[2024-10-11T13:18:45.497+0000] {spark_submit.py:649} INFO - 24/10/11 13:18:45 INFO DAGScheduler: Got job 2 (csv at NativeMethodAccessorImpl.java:0) with 1 output partitions
[2024-10-11T13:18:45.498+0000] {spark_submit.py:649} INFO - 24/10/11 13:18:45 INFO DAGScheduler: Final stage: ResultStage 3 (csv at NativeMethodAccessorImpl.java:0)
[2024-10-11T13:18:45.498+0000] {spark_submit.py:649} INFO - 24/10/11 13:18:45 INFO DAGScheduler: Parents of final stage: List()
[2024-10-11T13:18:45.499+0000] {spark_submit.py:649} INFO - 24/10/11 13:18:45 INFO DAGScheduler: Missing parents: List()
[2024-10-11T13:18:45.499+0000] {spark_submit.py:649} INFO - 24/10/11 13:18:45 INFO DAGScheduler: Submitting ResultStage 3 (MapPartitionsRDD[9] at csv at NativeMethodAccessorImpl.java:0), which has no missing parents
[2024-10-11T13:18:45.506+0000] {spark_submit.py:649} INFO - 24/10/11 13:18:45 INFO MemoryStore: Block broadcast_3 stored as values in memory (estimated size 11.8 KiB, free 434.2 MiB)
[2024-10-11T13:18:45.509+0000] {spark_submit.py:649} INFO - 24/10/11 13:18:45 INFO MemoryStore: Block broadcast_3_piece0 stored as bytes in memory (estimated size 5.9 KiB, free 434.1 MiB)
[2024-10-11T13:18:45.509+0000] {spark_submit.py:649} INFO - 24/10/11 13:18:45 INFO BlockManagerInfo: Added broadcast_3_piece0 in memory on yellow-cab-airflow-scheduler:41617 (size: 5.9 KiB, free: 434.4 MiB)
[2024-10-11T13:18:45.510+0000] {spark_submit.py:649} INFO - 24/10/11 13:18:45 INFO SparkContext: Created broadcast 3 from broadcast at DAGScheduler.scala:1513
[2024-10-11T13:18:45.510+0000] {spark_submit.py:649} INFO - 24/10/11 13:18:45 INFO DAGScheduler: Submitting 1 missing tasks from ResultStage 3 (MapPartitionsRDD[9] at csv at NativeMethodAccessorImpl.java:0) (first 15 tasks are for partitions Vector(0))
[2024-10-11T13:18:45.510+0000] {spark_submit.py:649} INFO - 24/10/11 13:18:45 INFO TaskSchedulerImpl: Adding task set 3.0 with 1 tasks resource profile 0
[2024-10-11T13:18:45.512+0000] {spark_submit.py:649} INFO - 24/10/11 13:18:45 INFO TaskSetManager: Starting task 0.0 in stage 3.0 (TID 2) (172.24.0.3, executor 0, partition 0, PROCESS_LOCAL, 4915 bytes) taskResourceAssignments Map()
[2024-10-11T13:18:45.528+0000] {spark_submit.py:649} INFO - 24/10/11 13:18:45 INFO BlockManagerInfo: Added broadcast_3_piece0 in memory on 172.24.0.3:38313 (size: 5.9 KiB, free: 434.4 MiB)
[2024-10-11T13:18:45.626+0000] {spark_submit.py:649} INFO - 24/10/11 13:18:45 INFO BlockManagerInfo: Added broadcast_2_piece0 in memory on 172.24.0.3:38313 (size: 35.3 KiB, free: 434.4 MiB)
[2024-10-11T13:18:45.751+0000] {spark_submit.py:649} INFO - 24/10/11 13:18:45 INFO TaskSetManager: Finished task 0.0 in stage 3.0 (TID 2) in 239 ms on 172.24.0.3 (executor 0) (1/1)
[2024-10-11T13:18:45.751+0000] {spark_submit.py:649} INFO - 24/10/11 13:18:45 INFO TaskSchedulerImpl: Removed TaskSet 3.0, whose tasks have all completed, from pool
[2024-10-11T13:18:45.752+0000] {spark_submit.py:649} INFO - 24/10/11 13:18:45 INFO DAGScheduler: ResultStage 3 (csv at NativeMethodAccessorImpl.java:0) finished in 0.252 s
[2024-10-11T13:18:45.753+0000] {spark_submit.py:649} INFO - 24/10/11 13:18:45 INFO DAGScheduler: Job 2 is finished. Cancelling potential speculative or zombie tasks for this job
[2024-10-11T13:18:45.753+0000] {spark_submit.py:649} INFO - 24/10/11 13:18:45 INFO TaskSchedulerImpl: Killing all running tasks in stage 3: Stage finished
[2024-10-11T13:18:45.754+0000] {spark_submit.py:649} INFO - 24/10/11 13:18:45 INFO DAGScheduler: Job 2 finished: csv at NativeMethodAccessorImpl.java:0, took 0.256705 s
[2024-10-11T13:18:45.777+0000] {spark_submit.py:649} INFO - 24/10/11 13:18:45 INFO CodeGenerator: Code generated in 11.567625 ms
[2024-10-11T13:18:45.810+0000] {spark_submit.py:649} INFO - 24/10/11 13:18:45 INFO FileSourceStrategy: Pushed Filters:
[2024-10-11T13:18:45.811+0000] {spark_submit.py:649} INFO - 24/10/11 13:18:45 INFO FileSourceStrategy: Post-Scan Filters:
[2024-10-11T13:18:45.811+0000] {spark_submit.py:649} INFO - 24/10/11 13:18:45 INFO FileSourceStrategy: Output Data Schema: struct<value: string>
[2024-10-11T13:18:45.816+0000] {spark_submit.py:649} INFO - 24/10/11 13:18:45 INFO MemoryStore: Block broadcast_4 stored as values in memory (estimated size 204.3 KiB, free 433.9 MiB)
[2024-10-11T13:18:45.822+0000] {spark_submit.py:649} INFO - 24/10/11 13:18:45 INFO MemoryStore: Block broadcast_4_piece0 stored as bytes in memory (estimated size 35.3 KiB, free 433.9 MiB)
[2024-10-11T13:18:45.823+0000] {spark_submit.py:649} INFO - 24/10/11 13:18:45 INFO BlockManagerInfo: Added broadcast_4_piece0 in memory on yellow-cab-airflow-scheduler:41617 (size: 35.3 KiB, free: 434.3 MiB)
[2024-10-11T13:18:45.824+0000] {spark_submit.py:649} INFO - 24/10/11 13:18:45 INFO SparkContext: Created broadcast 4 from csv at NativeMethodAccessorImpl.java:0
[2024-10-11T13:18:45.825+0000] {spark_submit.py:649} INFO - 24/10/11 13:18:45 INFO FileSourceScanExec: Planning scan with bin packing, max size: 4194304 bytes, open cost is considered as scanning 4194304 bytes.
[2024-10-11T13:18:45.863+0000] {spark_submit.py:649} INFO - 24/10/11 13:18:45 INFO SparkContext: Starting job: csv at NativeMethodAccessorImpl.java:0
[2024-10-11T13:18:45.864+0000] {spark_submit.py:649} INFO - 24/10/11 13:18:45 INFO DAGScheduler: Got job 3 (csv at NativeMethodAccessorImpl.java:0) with 1 output partitions
[2024-10-11T13:18:45.865+0000] {spark_submit.py:649} INFO - 24/10/11 13:18:45 INFO DAGScheduler: Final stage: ResultStage 4 (csv at NativeMethodAccessorImpl.java:0)
[2024-10-11T13:18:45.865+0000] {spark_submit.py:649} INFO - 24/10/11 13:18:45 INFO DAGScheduler: Parents of final stage: List()
[2024-10-11T13:18:45.866+0000] {spark_submit.py:649} INFO - 24/10/11 13:18:45 INFO DAGScheduler: Missing parents: List()
[2024-10-11T13:18:45.866+0000] {spark_submit.py:649} INFO - 24/10/11 13:18:45 INFO DAGScheduler: Submitting ResultStage 4 (MapPartitionsRDD[15] at csv at NativeMethodAccessorImpl.java:0), which has no missing parents
[2024-10-11T13:18:45.878+0000] {spark_submit.py:649} INFO - 24/10/11 13:18:45 INFO MemoryStore: Block broadcast_5 stored as values in memory (estimated size 28.5 KiB, free 433.9 MiB)
[2024-10-11T13:18:45.882+0000] {spark_submit.py:649} INFO - 24/10/11 13:18:45 INFO MemoryStore: Block broadcast_5_piece0 stored as bytes in memory (estimated size 12.6 KiB, free 433.9 MiB)
[2024-10-11T13:18:45.883+0000] {spark_submit.py:649} INFO - 24/10/11 13:18:45 INFO BlockManagerInfo: Added broadcast_5_piece0 in memory on yellow-cab-airflow-scheduler:41617 (size: 12.6 KiB, free: 434.3 MiB)
[2024-10-11T13:18:45.883+0000] {spark_submit.py:649} INFO - 24/10/11 13:18:45 INFO SparkContext: Created broadcast 5 from broadcast at DAGScheduler.scala:1513
[2024-10-11T13:18:45.884+0000] {spark_submit.py:649} INFO - 24/10/11 13:18:45 INFO DAGScheduler: Submitting 1 missing tasks from ResultStage 4 (MapPartitionsRDD[15] at csv at NativeMethodAccessorImpl.java:0) (first 15 tasks are for partitions Vector(0))
[2024-10-11T13:18:45.884+0000] {spark_submit.py:649} INFO - 24/10/11 13:18:45 INFO TaskSchedulerImpl: Adding task set 4.0 with 1 tasks resource profile 0
[2024-10-11T13:18:45.885+0000] {spark_submit.py:649} INFO - 24/10/11 13:18:45 INFO TaskSetManager: Starting task 0.0 in stage 4.0 (TID 3) (172.24.0.3, executor 0, partition 0, PROCESS_LOCAL, 4915 bytes) taskResourceAssignments Map()
[2024-10-11T13:18:45.903+0000] {spark_submit.py:649} INFO - 24/10/11 13:18:45 INFO BlockManagerInfo: Added broadcast_5_piece0 in memory on 172.24.0.3:38313 (size: 12.6 KiB, free: 434.3 MiB)
[2024-10-11T13:18:46.682+0000] {spark_submit.py:649} INFO - 24/10/11 13:18:46 INFO BlockManagerInfo: Added broadcast_4_piece0 in memory on 172.24.0.3:38313 (size: 35.3 KiB, free: 434.3 MiB)
[2024-10-11T13:18:46.857+0000] {spark_submit.py:649} INFO - 24/10/11 13:18:46 INFO TaskSetManager: Finished task 0.0 in stage 4.0 (TID 3) in 972 ms on 172.24.0.3 (executor 0) (1/1)
[2024-10-11T13:18:46.861+0000] {spark_submit.py:649} INFO - 24/10/11 13:18:46 INFO TaskSchedulerImpl: Removed TaskSet 4.0, whose tasks have all completed, from pool
[2024-10-11T13:18:46.862+0000] {spark_submit.py:649} INFO - 24/10/11 13:18:46 INFO DAGScheduler: ResultStage 4 (csv at NativeMethodAccessorImpl.java:0) finished in 0.992 s
[2024-10-11T13:18:46.862+0000] {spark_submit.py:649} INFO - 24/10/11 13:18:46 INFO DAGScheduler: Job 3 is finished. Cancelling potential speculative or zombie tasks for this job
[2024-10-11T13:18:46.862+0000] {spark_submit.py:649} INFO - 24/10/11 13:18:46 INFO TaskSchedulerImpl: Killing all running tasks in stage 4: Stage finished
[2024-10-11T13:18:46.863+0000] {spark_submit.py:649} INFO - 24/10/11 13:18:46 INFO DAGScheduler: Job 3 finished: csv at NativeMethodAccessorImpl.java:0, took 0.997671 s
[2024-10-11T13:18:46.946+0000] {spark_submit.py:649} INFO - 24/10/11 13:18:46 INFO BlockManagerInfo: Removed broadcast_5_piece0 on yellow-cab-airflow-scheduler:41617 in memory (size: 12.6 KiB, free: 434.3 MiB)
[2024-10-11T13:18:46.950+0000] {spark_submit.py:649} INFO - 24/10/11 13:18:46 INFO BlockManagerInfo: Removed broadcast_5_piece0 on 172.24.0.3:38313 in memory (size: 12.6 KiB, free: 434.3 MiB)
[2024-10-11T13:18:46.955+0000] {spark_submit.py:649} INFO - 24/10/11 13:18:46 INFO BlockManagerInfo: Removed broadcast_4_piece0 on yellow-cab-airflow-scheduler:41617 in memory (size: 35.3 KiB, free: 434.4 MiB)
[2024-10-11T13:18:46.958+0000] {spark_submit.py:649} INFO - 24/10/11 13:18:46 INFO BlockManagerInfo: Removed broadcast_4_piece0 on 172.24.0.3:38313 in memory (size: 35.3 KiB, free: 434.4 MiB)
[2024-10-11T13:18:46.965+0000] {spark_submit.py:649} INFO - 24/10/11 13:18:46 INFO BlockManagerInfo: Removed broadcast_2_piece0 on yellow-cab-airflow-scheduler:41617 in memory (size: 35.3 KiB, free: 434.4 MiB)
[2024-10-11T13:18:46.967+0000] {spark_submit.py:649} INFO - 24/10/11 13:18:46 INFO BlockManagerInfo: Removed broadcast_2_piece0 on 172.24.0.3:38313 in memory (size: 35.3 KiB, free: 434.4 MiB)
[2024-10-11T13:18:46.972+0000] {spark_submit.py:649} INFO - 24/10/11 13:18:46 INFO BlockManagerInfo: Removed broadcast_3_piece0 on yellow-cab-airflow-scheduler:41617 in memory (size: 5.9 KiB, free: 434.4 MiB)
[2024-10-11T13:18:46.974+0000] {spark_submit.py:649} INFO - 24/10/11 13:18:46 INFO BlockManagerInfo: Removed broadcast_3_piece0 on 172.24.0.3:38313 in memory (size: 5.9 KiB, free: 434.4 MiB)
[2024-10-11T13:18:47.026+0000] {spark_submit.py:649} INFO - schema nya dim datetime:
[2024-10-11T13:18:47.029+0000] {spark_submit.py:649} INFO - root
[2024-10-11T13:18:47.029+0000] {spark_submit.py:649} INFO - |-- tpep_pickup_datetime: timestamp (nullable = true)
[2024-10-11T13:18:47.029+0000] {spark_submit.py:649} INFO - |-- Datetime: timestamp (nullable = true)
[2024-10-11T13:18:47.029+0000] {spark_submit.py:649} INFO - |-- Year: integer (nullable = true)
[2024-10-11T13:18:47.030+0000] {spark_submit.py:649} INFO - |-- Month: integer (nullable = true)
[2024-10-11T13:18:47.030+0000] {spark_submit.py:649} INFO - |-- Day: integer (nullable = true)
[2024-10-11T13:18:47.030+0000] {spark_submit.py:649} INFO - |-- Hour: integer (nullable = true)
[2024-10-11T13:18:47.030+0000] {spark_submit.py:649} INFO - |-- Day_of_Week: integer (nullable = true)
[2024-10-11T13:18:47.030+0000] {spark_submit.py:649} INFO - |-- Weekend_Indicator: boolean (nullable = false)
[2024-10-11T13:18:47.030+0000] {spark_submit.py:649} INFO - 
[2024-10-11T13:18:47.661+0000] {spark_submit.py:649} INFO - 24/10/11 13:18:47 INFO FileSourceStrategy: Pushed Filters:
[2024-10-11T13:18:47.662+0000] {spark_submit.py:649} INFO - 24/10/11 13:18:47 INFO FileSourceStrategy: Post-Scan Filters: atleastnnonnulls(4, tpep_pickup_datetime#32, tpep_dropoff_datetime#33, pickup_longitude#36, pickup_latitude#37)
[2024-10-11T13:18:47.663+0000] {spark_submit.py:649} INFO - 24/10/11 13:18:47 INFO FileSourceStrategy: Output Data Schema: struct<VendorID: int, tpep_pickup_datetime: timestamp, tpep_dropoff_datetime: timestamp, pickup_longitude: double, pickup_latitude: double ... 3 more fields>
[2024-10-11T13:18:47.697+0000] {spark_submit.py:649} INFO - 24/10/11 13:18:47 INFO HashAggregateExec: spark.sql.codegen.aggregate.map.twolevel.enabled is set to true, but current version of codegened fast hashmap does not support this aggregate.
[2024-10-11T13:18:47.761+0000] {spark_submit.py:649} INFO - 24/10/11 13:18:47 INFO CodeGenerator: Code generated in 45.161833 ms
[2024-10-11T13:18:47.764+0000] {spark_submit.py:649} INFO - 24/10/11 13:18:47 INFO MemoryStore: Block broadcast_6 stored as values in memory (estimated size 204.2 KiB, free 434.2 MiB)
[2024-10-11T13:18:47.773+0000] {spark_submit.py:649} INFO - 24/10/11 13:18:47 INFO MemoryStore: Block broadcast_6_piece0 stored as bytes in memory (estimated size 35.3 KiB, free 434.2 MiB)
[2024-10-11T13:18:47.774+0000] {spark_submit.py:649} INFO - 24/10/11 13:18:47 INFO BlockManagerInfo: Added broadcast_6_piece0 in memory on yellow-cab-airflow-scheduler:41617 (size: 35.3 KiB, free: 434.4 MiB)
[2024-10-11T13:18:47.774+0000] {spark_submit.py:649} INFO - 24/10/11 13:18:47 INFO SparkContext: Created broadcast 6 from toPandas at /spark-scripts/taxi_etl.py:114
[2024-10-11T13:18:47.779+0000] {spark_submit.py:649} INFO - 24/10/11 13:18:47 INFO FileSourceScanExec: Planning scan with bin packing, max size: 4194304 bytes, open cost is considered as scanning 4194304 bytes.
[2024-10-11T13:18:47.788+0000] {spark_submit.py:649} INFO - 24/10/11 13:18:47 INFO DAGScheduler: Registering RDD 19 (toPandas at /spark-scripts/taxi_etl.py:114) as input to shuffle 1
[2024-10-11T13:18:47.789+0000] {spark_submit.py:649} INFO - 24/10/11 13:18:47 INFO DAGScheduler: Got map stage job 4 (toPandas at /spark-scripts/taxi_etl.py:114) with 1 output partitions
[2024-10-11T13:18:47.789+0000] {spark_submit.py:649} INFO - 24/10/11 13:18:47 INFO DAGScheduler: Final stage: ShuffleMapStage 5 (toPandas at /spark-scripts/taxi_etl.py:114)
[2024-10-11T13:18:47.789+0000] {spark_submit.py:649} INFO - 24/10/11 13:18:47 INFO DAGScheduler: Parents of final stage: List()
[2024-10-11T13:18:47.792+0000] {spark_submit.py:649} INFO - 24/10/11 13:18:47 INFO DAGScheduler: Missing parents: List()
[2024-10-11T13:18:47.793+0000] {spark_submit.py:649} INFO - 24/10/11 13:18:47 INFO DAGScheduler: Submitting ShuffleMapStage 5 (MapPartitionsRDD[19] at toPandas at /spark-scripts/taxi_etl.py:114), which has no missing parents
[2024-10-11T13:18:47.799+0000] {spark_submit.py:649} INFO - 24/10/11 13:18:47 INFO MemoryStore: Block broadcast_7 stored as values in memory (estimated size 27.4 KiB, free 434.1 MiB)
[2024-10-11T13:18:47.800+0000] {spark_submit.py:649} INFO - 24/10/11 13:18:47 INFO MemoryStore: Block broadcast_7_piece0 stored as bytes in memory (estimated size 12.7 KiB, free 434.1 MiB)
[2024-10-11T13:18:47.801+0000] {spark_submit.py:649} INFO - 24/10/11 13:18:47 INFO BlockManagerInfo: Added broadcast_7_piece0 in memory on yellow-cab-airflow-scheduler:41617 (size: 12.7 KiB, free: 434.4 MiB)
[2024-10-11T13:18:47.802+0000] {spark_submit.py:649} INFO - 24/10/11 13:18:47 INFO SparkContext: Created broadcast 7 from broadcast at DAGScheduler.scala:1513
[2024-10-11T13:18:47.802+0000] {spark_submit.py:649} INFO - 24/10/11 13:18:47 INFO DAGScheduler: Submitting 1 missing tasks from ShuffleMapStage 5 (MapPartitionsRDD[19] at toPandas at /spark-scripts/taxi_etl.py:114) (first 15 tasks are for partitions Vector(0))
[2024-10-11T13:18:47.803+0000] {spark_submit.py:649} INFO - 24/10/11 13:18:47 INFO TaskSchedulerImpl: Adding task set 5.0 with 1 tasks resource profile 0
[2024-10-11T13:18:47.804+0000] {spark_submit.py:649} INFO - 24/10/11 13:18:47 INFO TaskSetManager: Starting task 0.0 in stage 5.0 (TID 4) (172.24.0.3, executor 0, partition 0, PROCESS_LOCAL, 4904 bytes) taskResourceAssignments Map()
[2024-10-11T13:18:47.817+0000] {spark_submit.py:649} INFO - 24/10/11 13:18:47 INFO BlockManagerInfo: Added broadcast_7_piece0 in memory on 172.24.0.3:38313 (size: 12.7 KiB, free: 434.4 MiB)
[2024-10-11T13:18:47.952+0000] {spark_submit.py:649} INFO - 24/10/11 13:18:47 INFO BlockManagerInfo: Added broadcast_6_piece0 in memory on 172.24.0.3:38313 (size: 35.3 KiB, free: 434.4 MiB)
[2024-10-11T13:18:48.162+0000] {spark_submit.py:649} INFO - 24/10/11 13:18:48 INFO TaskSetManager: Finished task 0.0 in stage 5.0 (TID 4) in 359 ms on 172.24.0.3 (executor 0) (1/1)
[2024-10-11T13:18:48.165+0000] {spark_submit.py:649} INFO - 24/10/11 13:18:48 INFO TaskSchedulerImpl: Removed TaskSet 5.0, whose tasks have all completed, from pool
[2024-10-11T13:18:48.165+0000] {spark_submit.py:649} INFO - 24/10/11 13:18:48 INFO DAGScheduler: ShuffleMapStage 5 (toPandas at /spark-scripts/taxi_etl.py:114) finished in 0.370 s
[2024-10-11T13:18:48.166+0000] {spark_submit.py:649} INFO - 24/10/11 13:18:48 INFO DAGScheduler: looking for newly runnable stages
[2024-10-11T13:18:48.166+0000] {spark_submit.py:649} INFO - 24/10/11 13:18:48 INFO DAGScheduler: running: Set()
[2024-10-11T13:18:48.166+0000] {spark_submit.py:649} INFO - 24/10/11 13:18:48 INFO DAGScheduler: waiting: Set()
[2024-10-11T13:18:48.166+0000] {spark_submit.py:649} INFO - 24/10/11 13:18:48 INFO DAGScheduler: failed: Set()
[2024-10-11T13:18:48.173+0000] {spark_submit.py:649} INFO - 24/10/11 13:18:48 INFO ShufflePartitionsUtil: For shuffle(1), advisory target size: 67108864, actual target size 1048576, minimum partition size: 1048576
[2024-10-11T13:18:48.182+0000] {spark_submit.py:649} INFO - 24/10/11 13:18:48 INFO HashAggregateExec: spark.sql.codegen.aggregate.map.twolevel.enabled is set to true, but current version of codegened fast hashmap does not support this aggregate.
[2024-10-11T13:18:48.201+0000] {spark_submit.py:649} INFO - 24/10/11 13:18:48 INFO CodeGenerator: Code generated in 16.839375 ms
[2024-10-11T13:18:48.217+0000] {spark_submit.py:649} INFO - 24/10/11 13:18:48 INFO SparkContext: Starting job: toPandas at /spark-scripts/taxi_etl.py:114
[2024-10-11T13:18:48.218+0000] {spark_submit.py:649} INFO - 24/10/11 13:18:48 INFO DAGScheduler: Got job 5 (toPandas at /spark-scripts/taxi_etl.py:114) with 1 output partitions
[2024-10-11T13:18:48.218+0000] {spark_submit.py:649} INFO - 24/10/11 13:18:48 INFO DAGScheduler: Final stage: ResultStage 7 (toPandas at /spark-scripts/taxi_etl.py:114)
[2024-10-11T13:18:48.219+0000] {spark_submit.py:649} INFO - 24/10/11 13:18:48 INFO DAGScheduler: Parents of final stage: List(ShuffleMapStage 6)
[2024-10-11T13:18:48.219+0000] {spark_submit.py:649} INFO - 24/10/11 13:18:48 INFO DAGScheduler: Missing parents: List()
[2024-10-11T13:18:48.219+0000] {spark_submit.py:649} INFO - 24/10/11 13:18:48 INFO DAGScheduler: Submitting ResultStage 7 (MapPartitionsRDD[22] at toPandas at /spark-scripts/taxi_etl.py:114), which has no missing parents
[2024-10-11T13:18:48.223+0000] {spark_submit.py:649} INFO - 24/10/11 13:18:48 INFO MemoryStore: Block broadcast_8 stored as values in memory (estimated size 37.0 KiB, free 434.1 MiB)
[2024-10-11T13:18:48.224+0000] {spark_submit.py:649} INFO - 24/10/11 13:18:48 INFO MemoryStore: Block broadcast_8_piece0 stored as bytes in memory (estimated size 17.5 KiB, free 434.1 MiB)
[2024-10-11T13:18:48.224+0000] {spark_submit.py:649} INFO - 24/10/11 13:18:48 INFO BlockManagerInfo: Added broadcast_8_piece0 in memory on yellow-cab-airflow-scheduler:41617 (size: 17.5 KiB, free: 434.3 MiB)
[2024-10-11T13:18:48.225+0000] {spark_submit.py:649} INFO - 24/10/11 13:18:48 INFO SparkContext: Created broadcast 8 from broadcast at DAGScheduler.scala:1513
[2024-10-11T13:18:48.225+0000] {spark_submit.py:649} INFO - 24/10/11 13:18:48 INFO DAGScheduler: Submitting 1 missing tasks from ResultStage 7 (MapPartitionsRDD[22] at toPandas at /spark-scripts/taxi_etl.py:114) (first 15 tasks are for partitions Vector(0))
[2024-10-11T13:18:48.225+0000] {spark_submit.py:649} INFO - 24/10/11 13:18:48 INFO TaskSchedulerImpl: Adding task set 7.0 with 1 tasks resource profile 0
[2024-10-11T13:18:48.226+0000] {spark_submit.py:649} INFO - 24/10/11 13:18:48 INFO TaskSetManager: Starting task 0.0 in stage 7.0 (TID 5) (172.24.0.3, executor 0, partition 0, NODE_LOCAL, 4457 bytes) taskResourceAssignments Map()
[2024-10-11T13:18:48.236+0000] {spark_submit.py:649} INFO - 24/10/11 13:18:48 INFO BlockManagerInfo: Added broadcast_8_piece0 in memory on 172.24.0.3:38313 (size: 17.5 KiB, free: 434.3 MiB)
[2024-10-11T13:18:48.250+0000] {spark_submit.py:649} INFO - 24/10/11 13:18:48 INFO MapOutputTrackerMasterEndpoint: Asked to send map output locations for shuffle 1 to 172.24.0.3:37780
[2024-10-11T13:18:48.278+0000] {spark_submit.py:649} INFO - 24/10/11 13:18:48 INFO TaskSetManager: Finished task 0.0 in stage 7.0 (TID 5) in 52 ms on 172.24.0.3 (executor 0) (1/1)
[2024-10-11T13:18:48.279+0000] {spark_submit.py:649} INFO - 24/10/11 13:18:48 INFO TaskSchedulerImpl: Removed TaskSet 7.0, whose tasks have all completed, from pool
[2024-10-11T13:18:48.279+0000] {spark_submit.py:649} INFO - 24/10/11 13:18:48 INFO DAGScheduler: ResultStage 7 (toPandas at /spark-scripts/taxi_etl.py:114) finished in 0.058 s
[2024-10-11T13:18:48.279+0000] {spark_submit.py:649} INFO - 24/10/11 13:18:48 INFO DAGScheduler: Job 5 is finished. Cancelling potential speculative or zombie tasks for this job
[2024-10-11T13:18:48.280+0000] {spark_submit.py:649} INFO - 24/10/11 13:18:48 INFO TaskSchedulerImpl: Killing all running tasks in stage 7: Stage finished
[2024-10-11T13:18:48.280+0000] {spark_submit.py:649} INFO - 24/10/11 13:18:48 INFO DAGScheduler: Job 5 finished: toPandas at /spark-scripts/taxi_etl.py:114, took 0.062069 s
[2024-10-11T13:19:03.900+0000] {spark_submit.py:649} INFO - 24/10/11 13:19:03 INFO FileSourceStrategy: Pushed Filters:
[2024-10-11T13:19:03.901+0000] {spark_submit.py:649} INFO - 24/10/11 13:19:03 INFO FileSourceStrategy: Post-Scan Filters: atleastnnonnulls(4, tpep_pickup_datetime#32, tpep_dropoff_datetime#33, pickup_longitude#36, pickup_latitude#37)
[2024-10-11T13:19:03.901+0000] {spark_submit.py:649} INFO - 24/10/11 13:19:03 INFO FileSourceStrategy: Output Data Schema: struct<tpep_pickup_datetime: timestamp, tpep_dropoff_datetime: timestamp, pickup_longitude: double, pickup_latitude: double, RatecodeID: int ... 3 more fields>
[2024-10-11T13:19:03.916+0000] {spark_submit.py:649} INFO - 24/10/11 13:19:03 INFO HashAggregateExec: spark.sql.codegen.aggregate.map.twolevel.enabled is set to true, but current version of codegened fast hashmap does not support this aggregate.
[2024-10-11T13:19:03.942+0000] {spark_submit.py:649} INFO - 24/10/11 13:19:03 INFO CodeGenerator: Code generated in 19.538792 ms
[2024-10-11T13:19:03.946+0000] {spark_submit.py:649} INFO - 24/10/11 13:19:03 INFO MemoryStore: Block broadcast_9 stored as values in memory (estimated size 204.2 KiB, free 433.9 MiB)
[2024-10-11T13:19:03.955+0000] {spark_submit.py:649} INFO - 24/10/11 13:19:03 INFO MemoryStore: Block broadcast_9_piece0 stored as bytes in memory (estimated size 35.3 KiB, free 433.8 MiB)
[2024-10-11T13:19:03.956+0000] {spark_submit.py:649} INFO - 24/10/11 13:19:03 INFO BlockManagerInfo: Added broadcast_9_piece0 in memory on yellow-cab-airflow-scheduler:41617 (size: 35.3 KiB, free: 434.3 MiB)
[2024-10-11T13:19:03.957+0000] {spark_submit.py:649} INFO - 24/10/11 13:19:03 INFO SparkContext: Created broadcast 9 from toPandas at /spark-scripts/taxi_etl.py:117
[2024-10-11T13:19:03.959+0000] {spark_submit.py:649} INFO - 24/10/11 13:19:03 INFO FileSourceScanExec: Planning scan with bin packing, max size: 4194304 bytes, open cost is considered as scanning 4194304 bytes.
[2024-10-11T13:19:03.966+0000] {spark_submit.py:649} INFO - 24/10/11 13:19:03 INFO DAGScheduler: Registering RDD 26 (toPandas at /spark-scripts/taxi_etl.py:117) as input to shuffle 2
[2024-10-11T13:19:03.966+0000] {spark_submit.py:649} INFO - 24/10/11 13:19:03 INFO DAGScheduler: Got map stage job 6 (toPandas at /spark-scripts/taxi_etl.py:117) with 1 output partitions
[2024-10-11T13:19:03.966+0000] {spark_submit.py:649} INFO - 24/10/11 13:19:03 INFO DAGScheduler: Final stage: ShuffleMapStage 8 (toPandas at /spark-scripts/taxi_etl.py:117)
[2024-10-11T13:19:03.966+0000] {spark_submit.py:649} INFO - 24/10/11 13:19:03 INFO DAGScheduler: Parents of final stage: List()
[2024-10-11T13:19:03.967+0000] {spark_submit.py:649} INFO - 24/10/11 13:19:03 INFO DAGScheduler: Missing parents: List()
[2024-10-11T13:19:03.967+0000] {spark_submit.py:649} INFO - 24/10/11 13:19:03 INFO DAGScheduler: Submitting ShuffleMapStage 8 (MapPartitionsRDD[26] at toPandas at /spark-scripts/taxi_etl.py:117), which has no missing parents
[2024-10-11T13:19:03.969+0000] {spark_submit.py:649} INFO - 24/10/11 13:19:03 INFO MemoryStore: Block broadcast_10 stored as values in memory (estimated size 27.4 KiB, free 433.8 MiB)
[2024-10-11T13:19:03.998+0000] {spark_submit.py:649} INFO - 24/10/11 13:19:03 INFO BlockManagerInfo: Removed broadcast_8_piece0 on yellow-cab-airflow-scheduler:41617 in memory (size: 17.5 KiB, free: 434.3 MiB)
[2024-10-11T13:19:03.999+0000] {spark_submit.py:649} INFO - 24/10/11 13:19:03 INFO MemoryStore: Block broadcast_10_piece0 stored as bytes in memory (estimated size 12.7 KiB, free 433.9 MiB)
[2024-10-11T13:19:04.002+0000] {spark_submit.py:649} INFO - 24/10/11 13:19:04 INFO BlockManagerInfo: Added broadcast_10_piece0 in memory on yellow-cab-airflow-scheduler:41617 (size: 12.7 KiB, free: 434.3 MiB)
[2024-10-11T13:19:04.003+0000] {spark_submit.py:649} INFO - 24/10/11 13:19:04 INFO SparkContext: Created broadcast 10 from broadcast at DAGScheduler.scala:1513
[2024-10-11T13:19:04.003+0000] {spark_submit.py:649} INFO - 24/10/11 13:19:04 INFO DAGScheduler: Submitting 1 missing tasks from ShuffleMapStage 8 (MapPartitionsRDD[26] at toPandas at /spark-scripts/taxi_etl.py:117) (first 15 tasks are for partitions Vector(0))
[2024-10-11T13:19:04.004+0000] {spark_submit.py:649} INFO - 24/10/11 13:19:04 INFO TaskSchedulerImpl: Adding task set 8.0 with 1 tasks resource profile 0
[2024-10-11T13:19:04.007+0000] {spark_submit.py:649} INFO - 24/10/11 13:19:04 INFO TaskSetManager: Starting task 0.0 in stage 8.0 (TID 6) (172.24.0.3, executor 0, partition 0, PROCESS_LOCAL, 4904 bytes) taskResourceAssignments Map()
[2024-10-11T13:19:04.016+0000] {spark_submit.py:649} INFO - 24/10/11 13:19:04 INFO BlockManagerInfo: Removed broadcast_8_piece0 on 172.24.0.3:38313 in memory (size: 17.5 KiB, free: 434.4 MiB)
[2024-10-11T13:19:04.022+0000] {spark_submit.py:649} INFO - 24/10/11 13:19:04 INFO BlockManagerInfo: Removed broadcast_7_piece0 on yellow-cab-airflow-scheduler:41617 in memory (size: 12.7 KiB, free: 434.3 MiB)
[2024-10-11T13:19:04.025+0000] {spark_submit.py:649} INFO - 24/10/11 13:19:04 INFO BlockManagerInfo: Removed broadcast_7_piece0 on 172.24.0.3:38313 in memory (size: 12.7 KiB, free: 434.4 MiB)
[2024-10-11T13:19:04.030+0000] {spark_submit.py:649} INFO - 24/10/11 13:19:04 INFO BlockManagerInfo: Added broadcast_10_piece0 in memory on 172.24.0.3:38313 (size: 12.7 KiB, free: 434.4 MiB)
[2024-10-11T13:19:04.093+0000] {spark_submit.py:649} INFO - 24/10/11 13:19:04 INFO BlockManagerInfo: Added broadcast_9_piece0 in memory on 172.24.0.3:38313 (size: 35.3 KiB, free: 434.3 MiB)
[2024-10-11T13:19:04.241+0000] {spark_submit.py:649} INFO - 24/10/11 13:19:04 INFO TaskSetManager: Finished task 0.0 in stage 8.0 (TID 6) in 235 ms on 172.24.0.3 (executor 0) (1/1)
[2024-10-11T13:19:04.242+0000] {spark_submit.py:649} INFO - 24/10/11 13:19:04 INFO TaskSchedulerImpl: Removed TaskSet 8.0, whose tasks have all completed, from pool
[2024-10-11T13:19:04.243+0000] {spark_submit.py:649} INFO - 24/10/11 13:19:04 INFO DAGScheduler: ShuffleMapStage 8 (toPandas at /spark-scripts/taxi_etl.py:117) finished in 0.275 s
[2024-10-11T13:19:04.243+0000] {spark_submit.py:649} INFO - 24/10/11 13:19:04 INFO DAGScheduler: looking for newly runnable stages
[2024-10-11T13:19:04.243+0000] {spark_submit.py:649} INFO - 24/10/11 13:19:04 INFO DAGScheduler: running: Set()
[2024-10-11T13:19:04.244+0000] {spark_submit.py:649} INFO - 24/10/11 13:19:04 INFO DAGScheduler: waiting: Set()
[2024-10-11T13:19:04.244+0000] {spark_submit.py:649} INFO - 24/10/11 13:19:04 INFO DAGScheduler: failed: Set()
[2024-10-11T13:19:04.246+0000] {spark_submit.py:649} INFO - 24/10/11 13:19:04 INFO ShufflePartitionsUtil: For shuffle(2), advisory target size: 67108864, actual target size 1048576, minimum partition size: 1048576
[2024-10-11T13:19:04.252+0000] {spark_submit.py:649} INFO - 24/10/11 13:19:04 INFO HashAggregateExec: spark.sql.codegen.aggregate.map.twolevel.enabled is set to true, but current version of codegened fast hashmap does not support this aggregate.
[2024-10-11T13:19:04.262+0000] {spark_submit.py:649} INFO - 24/10/11 13:19:04 INFO BlockManagerInfo: Removed broadcast_10_piece0 on yellow-cab-airflow-scheduler:41617 in memory (size: 12.7 KiB, free: 434.3 MiB)
[2024-10-11T13:19:04.265+0000] {spark_submit.py:649} INFO - 24/10/11 13:19:04 INFO BlockManagerInfo: Removed broadcast_10_piece0 on 172.24.0.3:38313 in memory (size: 12.7 KiB, free: 434.3 MiB)
[2024-10-11T13:19:04.272+0000] {spark_submit.py:649} INFO - 24/10/11 13:19:04 INFO CodeGenerator: Code generated in 17.481791 ms
[2024-10-11T13:19:04.283+0000] {spark_submit.py:649} INFO - 24/10/11 13:19:04 INFO SparkContext: Starting job: toPandas at /spark-scripts/taxi_etl.py:117
[2024-10-11T13:19:04.284+0000] {spark_submit.py:649} INFO - 24/10/11 13:19:04 INFO DAGScheduler: Got job 7 (toPandas at /spark-scripts/taxi_etl.py:117) with 1 output partitions
[2024-10-11T13:19:04.284+0000] {spark_submit.py:649} INFO - 24/10/11 13:19:04 INFO DAGScheduler: Final stage: ResultStage 10 (toPandas at /spark-scripts/taxi_etl.py:117)
[2024-10-11T13:19:04.284+0000] {spark_submit.py:649} INFO - 24/10/11 13:19:04 INFO DAGScheduler: Parents of final stage: List(ShuffleMapStage 9)
[2024-10-11T13:19:04.284+0000] {spark_submit.py:649} INFO - 24/10/11 13:19:04 INFO DAGScheduler: Missing parents: List()
[2024-10-11T13:19:04.285+0000] {spark_submit.py:649} INFO - 24/10/11 13:19:04 INFO DAGScheduler: Submitting ResultStage 10 (MapPartitionsRDD[29] at toPandas at /spark-scripts/taxi_etl.py:117), which has no missing parents
[2024-10-11T13:19:04.288+0000] {spark_submit.py:649} INFO - 24/10/11 13:19:04 INFO MemoryStore: Block broadcast_11 stored as values in memory (estimated size 37.3 KiB, free 433.9 MiB)
[2024-10-11T13:19:04.292+0000] {spark_submit.py:649} INFO - 24/10/11 13:19:04 INFO MemoryStore: Block broadcast_11_piece0 stored as bytes in memory (estimated size 17.8 KiB, free 433.9 MiB)
[2024-10-11T13:19:04.293+0000] {spark_submit.py:649} INFO - 24/10/11 13:19:04 INFO BlockManagerInfo: Added broadcast_11_piece0 in memory on yellow-cab-airflow-scheduler:41617 (size: 17.8 KiB, free: 434.3 MiB)
[2024-10-11T13:19:04.293+0000] {spark_submit.py:649} INFO - 24/10/11 13:19:04 INFO SparkContext: Created broadcast 11 from broadcast at DAGScheduler.scala:1513
[2024-10-11T13:19:04.294+0000] {spark_submit.py:649} INFO - 24/10/11 13:19:04 INFO DAGScheduler: Submitting 1 missing tasks from ResultStage 10 (MapPartitionsRDD[29] at toPandas at /spark-scripts/taxi_etl.py:117) (first 15 tasks are for partitions Vector(0))
[2024-10-11T13:19:04.294+0000] {spark_submit.py:649} INFO - 24/10/11 13:19:04 INFO TaskSchedulerImpl: Adding task set 10.0 with 1 tasks resource profile 0
[2024-10-11T13:19:04.295+0000] {spark_submit.py:649} INFO - 24/10/11 13:19:04 INFO TaskSetManager: Starting task 0.0 in stage 10.0 (TID 7) (172.24.0.3, executor 0, partition 0, NODE_LOCAL, 4457 bytes) taskResourceAssignments Map()
[2024-10-11T13:19:04.308+0000] {spark_submit.py:649} INFO - 24/10/11 13:19:04 INFO BlockManagerInfo: Added broadcast_11_piece0 in memory on 172.24.0.3:38313 (size: 17.8 KiB, free: 434.3 MiB)
[2024-10-11T13:19:04.318+0000] {spark_submit.py:649} INFO - 24/10/11 13:19:04 INFO MapOutputTrackerMasterEndpoint: Asked to send map output locations for shuffle 2 to 172.24.0.3:37780
[2024-10-11T13:19:04.376+0000] {spark_submit.py:649} INFO - 24/10/11 13:19:04 INFO TaskSetManager: Finished task 0.0 in stage 10.0 (TID 7) in 80 ms on 172.24.0.3 (executor 0) (1/1)
[2024-10-11T13:19:04.377+0000] {spark_submit.py:649} INFO - 24/10/11 13:19:04 INFO TaskSchedulerImpl: Removed TaskSet 10.0, whose tasks have all completed, from pool
[2024-10-11T13:19:04.377+0000] {spark_submit.py:649} INFO - 24/10/11 13:19:04 INFO DAGScheduler: ResultStage 10 (toPandas at /spark-scripts/taxi_etl.py:117) finished in 0.089 s
[2024-10-11T13:19:04.377+0000] {spark_submit.py:649} INFO - 24/10/11 13:19:04 INFO DAGScheduler: Job 7 is finished. Cancelling potential speculative or zombie tasks for this job
[2024-10-11T13:19:04.378+0000] {spark_submit.py:649} INFO - 24/10/11 13:19:04 INFO TaskSchedulerImpl: Killing all running tasks in stage 10: Stage finished
[2024-10-11T13:19:04.378+0000] {spark_submit.py:649} INFO - 24/10/11 13:19:04 INFO DAGScheduler: Job 7 finished: toPandas at /spark-scripts/taxi_etl.py:117, took 0.093814 s
[2024-10-11T13:19:08.728+0000] {spark_submit.py:649} INFO - 24/10/11 13:19:08 INFO FileSourceStrategy: Pushed Filters:
[2024-10-11T13:19:08.731+0000] {spark_submit.py:649} INFO - 24/10/11 13:19:08 INFO FileSourceStrategy: Post-Scan Filters: atleastnnonnulls(4, tpep_pickup_datetime#32, tpep_dropoff_datetime#33, pickup_longitude#36, pickup_latitude#37)
[2024-10-11T13:19:08.732+0000] {spark_submit.py:649} INFO - 24/10/11 13:19:08 INFO FileSourceStrategy: Output Data Schema: struct<tpep_pickup_datetime: timestamp, tpep_dropoff_datetime: timestamp, pickup_longitude: double, pickup_latitude: double, payment_type: int ... 3 more fields>
[2024-10-11T13:19:08.739+0000] {spark_submit.py:649} INFO - 24/10/11 13:19:08 INFO HashAggregateExec: spark.sql.codegen.aggregate.map.twolevel.enabled is set to true, but current version of codegened fast hashmap does not support this aggregate.
[2024-10-11T13:19:08.747+0000] {spark_submit.py:649} INFO - 24/10/11 13:19:08 INFO MemoryStore: Block broadcast_12 stored as values in memory (estimated size 204.2 KiB, free 433.7 MiB)
[2024-10-11T13:19:08.754+0000] {spark_submit.py:649} INFO - 24/10/11 13:19:08 INFO MemoryStore: Block broadcast_12_piece0 stored as bytes in memory (estimated size 35.3 KiB, free 433.6 MiB)
[2024-10-11T13:19:08.755+0000] {spark_submit.py:649} INFO - 24/10/11 13:19:08 INFO BlockManagerInfo: Added broadcast_12_piece0 in memory on yellow-cab-airflow-scheduler:41617 (size: 35.3 KiB, free: 434.3 MiB)
[2024-10-11T13:19:08.756+0000] {spark_submit.py:649} INFO - 24/10/11 13:19:08 INFO SparkContext: Created broadcast 12 from toPandas at /spark-scripts/taxi_etl.py:120
[2024-10-11T13:19:08.757+0000] {spark_submit.py:649} INFO - 24/10/11 13:19:08 INFO FileSourceScanExec: Planning scan with bin packing, max size: 4194304 bytes, open cost is considered as scanning 4194304 bytes.
[2024-10-11T13:19:08.768+0000] {spark_submit.py:649} INFO - 24/10/11 13:19:08 INFO DAGScheduler: Registering RDD 33 (toPandas at /spark-scripts/taxi_etl.py:120) as input to shuffle 3
[2024-10-11T13:19:08.769+0000] {spark_submit.py:649} INFO - 24/10/11 13:19:08 INFO DAGScheduler: Got map stage job 8 (toPandas at /spark-scripts/taxi_etl.py:120) with 1 output partitions
[2024-10-11T13:19:08.769+0000] {spark_submit.py:649} INFO - 24/10/11 13:19:08 INFO DAGScheduler: Final stage: ShuffleMapStage 11 (toPandas at /spark-scripts/taxi_etl.py:120)
[2024-10-11T13:19:08.769+0000] {spark_submit.py:649} INFO - 24/10/11 13:19:08 INFO DAGScheduler: Parents of final stage: List()
[2024-10-11T13:19:08.770+0000] {spark_submit.py:649} INFO - 24/10/11 13:19:08 INFO DAGScheduler: Missing parents: List()
[2024-10-11T13:19:08.770+0000] {spark_submit.py:649} INFO - 24/10/11 13:19:08 INFO DAGScheduler: Submitting ShuffleMapStage 11 (MapPartitionsRDD[33] at toPandas at /spark-scripts/taxi_etl.py:120), which has no missing parents
[2024-10-11T13:19:08.771+0000] {spark_submit.py:649} INFO - 24/10/11 13:19:08 INFO MemoryStore: Block broadcast_13 stored as values in memory (estimated size 27.4 KiB, free 433.6 MiB)
[2024-10-11T13:19:08.775+0000] {spark_submit.py:649} INFO - 24/10/11 13:19:08 INFO MemoryStore: Block broadcast_13_piece0 stored as bytes in memory (estimated size 12.7 KiB, free 433.6 MiB)
[2024-10-11T13:19:08.775+0000] {spark_submit.py:649} INFO - 24/10/11 13:19:08 INFO BlockManagerInfo: Added broadcast_13_piece0 in memory on yellow-cab-airflow-scheduler:41617 (size: 12.7 KiB, free: 434.3 MiB)
[2024-10-11T13:19:08.775+0000] {spark_submit.py:649} INFO - 24/10/11 13:19:08 INFO SparkContext: Created broadcast 13 from broadcast at DAGScheduler.scala:1513
[2024-10-11T13:19:08.776+0000] {spark_submit.py:649} INFO - 24/10/11 13:19:08 INFO DAGScheduler: Submitting 1 missing tasks from ShuffleMapStage 11 (MapPartitionsRDD[33] at toPandas at /spark-scripts/taxi_etl.py:120) (first 15 tasks are for partitions Vector(0))
[2024-10-11T13:19:08.776+0000] {spark_submit.py:649} INFO - 24/10/11 13:19:08 INFO TaskSchedulerImpl: Adding task set 11.0 with 1 tasks resource profile 0
[2024-10-11T13:19:08.777+0000] {spark_submit.py:649} INFO - 24/10/11 13:19:08 INFO TaskSetManager: Starting task 0.0 in stage 11.0 (TID 8) (172.24.0.3, executor 0, partition 0, PROCESS_LOCAL, 4904 bytes) taskResourceAssignments Map()
[2024-10-11T13:19:08.789+0000] {spark_submit.py:649} INFO - 24/10/11 13:19:08 INFO BlockManagerInfo: Added broadcast_13_piece0 in memory on 172.24.0.3:38313 (size: 12.7 KiB, free: 434.3 MiB)
[2024-10-11T13:19:08.809+0000] {spark_submit.py:649} INFO - 24/10/11 13:19:08 INFO BlockManagerInfo: Added broadcast_12_piece0 in memory on 172.24.0.3:38313 (size: 35.3 KiB, free: 434.3 MiB)
[2024-10-11T13:19:08.927+0000] {spark_submit.py:649} INFO - 24/10/11 13:19:08 INFO TaskSetManager: Finished task 0.0 in stage 11.0 (TID 8) in 150 ms on 172.24.0.3 (executor 0) (1/1)
[2024-10-11T13:19:08.928+0000] {spark_submit.py:649} INFO - 24/10/11 13:19:08 INFO TaskSchedulerImpl: Removed TaskSet 11.0, whose tasks have all completed, from pool
[2024-10-11T13:19:08.928+0000] {spark_submit.py:649} INFO - 24/10/11 13:19:08 INFO DAGScheduler: ShuffleMapStage 11 (toPandas at /spark-scripts/taxi_etl.py:120) finished in 0.158 s
[2024-10-11T13:19:08.929+0000] {spark_submit.py:649} INFO - 24/10/11 13:19:08 INFO DAGScheduler: looking for newly runnable stages
[2024-10-11T13:19:08.929+0000] {spark_submit.py:649} INFO - 24/10/11 13:19:08 INFO DAGScheduler: running: Set()
[2024-10-11T13:19:08.930+0000] {spark_submit.py:649} INFO - 24/10/11 13:19:08 INFO DAGScheduler: waiting: Set()
[2024-10-11T13:19:08.930+0000] {spark_submit.py:649} INFO - 24/10/11 13:19:08 INFO DAGScheduler: failed: Set()
[2024-10-11T13:19:08.932+0000] {spark_submit.py:649} INFO - 24/10/11 13:19:08 INFO ShufflePartitionsUtil: For shuffle(3), advisory target size: 67108864, actual target size 1048576, minimum partition size: 1048576
[2024-10-11T13:19:08.938+0000] {spark_submit.py:649} INFO - 24/10/11 13:19:08 INFO HashAggregateExec: spark.sql.codegen.aggregate.map.twolevel.enabled is set to true, but current version of codegened fast hashmap does not support this aggregate.
[2024-10-11T13:19:08.949+0000] {spark_submit.py:649} INFO - 24/10/11 13:19:08 INFO SparkContext: Starting job: toPandas at /spark-scripts/taxi_etl.py:120
[2024-10-11T13:19:08.950+0000] {spark_submit.py:649} INFO - 24/10/11 13:19:08 INFO DAGScheduler: Got job 9 (toPandas at /spark-scripts/taxi_etl.py:120) with 1 output partitions
[2024-10-11T13:19:08.951+0000] {spark_submit.py:649} INFO - 24/10/11 13:19:08 INFO DAGScheduler: Final stage: ResultStage 13 (toPandas at /spark-scripts/taxi_etl.py:120)
[2024-10-11T13:19:08.951+0000] {spark_submit.py:649} INFO - 24/10/11 13:19:08 INFO DAGScheduler: Parents of final stage: List(ShuffleMapStage 12)
[2024-10-11T13:19:08.951+0000] {spark_submit.py:649} INFO - 24/10/11 13:19:08 INFO DAGScheduler: Missing parents: List()
[2024-10-11T13:19:08.952+0000] {spark_submit.py:649} INFO - 24/10/11 13:19:08 INFO DAGScheduler: Submitting ResultStage 13 (MapPartitionsRDD[36] at toPandas at /spark-scripts/taxi_etl.py:120), which has no missing parents
[2024-10-11T13:19:08.957+0000] {spark_submit.py:649} INFO - 24/10/11 13:19:08 INFO MemoryStore: Block broadcast_14 stored as values in memory (estimated size 37.3 KiB, free 433.6 MiB)
[2024-10-11T13:19:08.959+0000] {spark_submit.py:649} INFO - 24/10/11 13:19:08 INFO MemoryStore: Block broadcast_14_piece0 stored as bytes in memory (estimated size 17.7 KiB, free 433.6 MiB)
[2024-10-11T13:19:08.959+0000] {spark_submit.py:649} INFO - 24/10/11 13:19:08 INFO BlockManagerInfo: Added broadcast_14_piece0 in memory on yellow-cab-airflow-scheduler:41617 (size: 17.7 KiB, free: 434.2 MiB)
[2024-10-11T13:19:08.959+0000] {spark_submit.py:649} INFO - 24/10/11 13:19:08 INFO SparkContext: Created broadcast 14 from broadcast at DAGScheduler.scala:1513
[2024-10-11T13:19:08.959+0000] {spark_submit.py:649} INFO - 24/10/11 13:19:08 INFO DAGScheduler: Submitting 1 missing tasks from ResultStage 13 (MapPartitionsRDD[36] at toPandas at /spark-scripts/taxi_etl.py:120) (first 15 tasks are for partitions Vector(0))
[2024-10-11T13:19:08.959+0000] {spark_submit.py:649} INFO - 24/10/11 13:19:08 INFO TaskSchedulerImpl: Adding task set 13.0 with 1 tasks resource profile 0
[2024-10-11T13:19:08.960+0000] {spark_submit.py:649} INFO - 24/10/11 13:19:08 INFO TaskSetManager: Starting task 0.0 in stage 13.0 (TID 9) (172.24.0.3, executor 0, partition 0, NODE_LOCAL, 4457 bytes) taskResourceAssignments Map()
[2024-10-11T13:19:08.970+0000] {spark_submit.py:649} INFO - 24/10/11 13:19:08 INFO BlockManagerInfo: Added broadcast_14_piece0 in memory on 172.24.0.3:38313 (size: 17.7 KiB, free: 434.2 MiB)
[2024-10-11T13:19:08.976+0000] {spark_submit.py:649} INFO - 24/10/11 13:19:08 INFO MapOutputTrackerMasterEndpoint: Asked to send map output locations for shuffle 3 to 172.24.0.3:37780
[2024-10-11T13:19:08.989+0000] {spark_submit.py:649} INFO - 24/10/11 13:19:08 INFO TaskSetManager: Finished task 0.0 in stage 13.0 (TID 9) in 29 ms on 172.24.0.3 (executor 0) (1/1)
[2024-10-11T13:19:08.989+0000] {spark_submit.py:649} INFO - 24/10/11 13:19:08 INFO TaskSchedulerImpl: Removed TaskSet 13.0, whose tasks have all completed, from pool
[2024-10-11T13:19:08.990+0000] {spark_submit.py:649} INFO - 24/10/11 13:19:08 INFO DAGScheduler: ResultStage 13 (toPandas at /spark-scripts/taxi_etl.py:120) finished in 0.035 s
[2024-10-11T13:19:08.990+0000] {spark_submit.py:649} INFO - 24/10/11 13:19:08 INFO DAGScheduler: Job 9 is finished. Cancelling potential speculative or zombie tasks for this job
[2024-10-11T13:19:08.991+0000] {spark_submit.py:649} INFO - 24/10/11 13:19:08 INFO TaskSchedulerImpl: Killing all running tasks in stage 13: Stage finished
[2024-10-11T13:19:08.991+0000] {spark_submit.py:649} INFO - 24/10/11 13:19:08 INFO DAGScheduler: Job 9 finished: toPandas at /spark-scripts/taxi_etl.py:120, took 0.041076 s
[2024-10-11T13:19:13.477+0000] {spark_submit.py:649} INFO - 24/10/11 13:19:13 INFO FileSourceStrategy: Pushed Filters:
[2024-10-11T13:19:13.478+0000] {spark_submit.py:649} INFO - 24/10/11 13:19:13 INFO FileSourceStrategy: Post-Scan Filters: atleastnnonnulls(4, tpep_pickup_datetime#32, tpep_dropoff_datetime#33, pickup_longitude#36, pickup_latitude#37)
[2024-10-11T13:19:13.478+0000] {spark_submit.py:649} INFO - 24/10/11 13:19:13 INFO FileSourceStrategy: Output Data Schema: struct<tpep_pickup_datetime: timestamp, tpep_dropoff_datetime: timestamp, pickup_longitude: double, pickup_latitude: double ... 2 more fields>
[2024-10-11T13:19:13.491+0000] {spark_submit.py:649} INFO - 24/10/11 13:19:13 INFO HashAggregateExec: spark.sql.codegen.aggregate.map.twolevel.enabled is set to true, but current version of codegened fast hashmap does not support this aggregate.
[2024-10-11T13:19:13.513+0000] {spark_submit.py:649} INFO - 24/10/11 13:19:13 INFO CodeGenerator: Code generated in 18.13575 ms
[2024-10-11T13:19:13.516+0000] {spark_submit.py:649} INFO - 24/10/11 13:19:13 INFO MemoryStore: Block broadcast_15 stored as values in memory (estimated size 204.2 KiB, free 433.4 MiB)
[2024-10-11T13:19:13.523+0000] {spark_submit.py:649} INFO - 24/10/11 13:19:13 INFO MemoryStore: Block broadcast_15_piece0 stored as bytes in memory (estimated size 35.3 KiB, free 433.3 MiB)
[2024-10-11T13:19:13.524+0000] {spark_submit.py:649} INFO - 24/10/11 13:19:13 INFO BlockManagerInfo: Added broadcast_15_piece0 in memory on yellow-cab-airflow-scheduler:41617 (size: 35.3 KiB, free: 434.2 MiB)
[2024-10-11T13:19:13.525+0000] {spark_submit.py:649} INFO - 24/10/11 13:19:13 INFO SparkContext: Created broadcast 15 from toPandas at /spark-scripts/taxi_etl.py:123
[2024-10-11T13:19:13.526+0000] {spark_submit.py:649} INFO - 24/10/11 13:19:13 INFO FileSourceScanExec: Planning scan with bin packing, max size: 4194304 bytes, open cost is considered as scanning 4194304 bytes.
[2024-10-11T13:19:13.530+0000] {spark_submit.py:649} INFO - 24/10/11 13:19:13 INFO DAGScheduler: Registering RDD 40 (toPandas at /spark-scripts/taxi_etl.py:123) as input to shuffle 4
[2024-10-11T13:19:13.530+0000] {spark_submit.py:649} INFO - 24/10/11 13:19:13 INFO DAGScheduler: Got map stage job 10 (toPandas at /spark-scripts/taxi_etl.py:123) with 1 output partitions
[2024-10-11T13:19:13.531+0000] {spark_submit.py:649} INFO - 24/10/11 13:19:13 INFO DAGScheduler: Final stage: ShuffleMapStage 14 (toPandas at /spark-scripts/taxi_etl.py:123)
[2024-10-11T13:19:13.531+0000] {spark_submit.py:649} INFO - 24/10/11 13:19:13 INFO DAGScheduler: Parents of final stage: List()
[2024-10-11T13:19:13.531+0000] {spark_submit.py:649} INFO - 24/10/11 13:19:13 INFO DAGScheduler: Missing parents: List()
[2024-10-11T13:19:13.531+0000] {spark_submit.py:649} INFO - 24/10/11 13:19:13 INFO DAGScheduler: Submitting ShuffleMapStage 14 (MapPartitionsRDD[40] at toPandas at /spark-scripts/taxi_etl.py:123), which has no missing parents
[2024-10-11T13:19:13.533+0000] {spark_submit.py:649} INFO - 24/10/11 13:19:13 INFO MemoryStore: Block broadcast_16 stored as values in memory (estimated size 27.1 KiB, free 433.3 MiB)
[2024-10-11T13:19:13.555+0000] {spark_submit.py:649} INFO - 24/10/11 13:19:13 INFO MemoryStore: Block broadcast_16_piece0 stored as bytes in memory (estimated size 12.5 KiB, free 433.3 MiB)
[2024-10-11T13:19:13.556+0000] {spark_submit.py:649} INFO - 24/10/11 13:19:13 INFO BlockManagerInfo: Added broadcast_16_piece0 in memory on yellow-cab-airflow-scheduler:41617 (size: 12.5 KiB, free: 434.2 MiB)
[2024-10-11T13:19:13.556+0000] {spark_submit.py:649} INFO - 24/10/11 13:19:13 INFO SparkContext: Created broadcast 16 from broadcast at DAGScheduler.scala:1513
[2024-10-11T13:19:13.556+0000] {spark_submit.py:649} INFO - 24/10/11 13:19:13 INFO DAGScheduler: Submitting 1 missing tasks from ShuffleMapStage 14 (MapPartitionsRDD[40] at toPandas at /spark-scripts/taxi_etl.py:123) (first 15 tasks are for partitions Vector(0))
[2024-10-11T13:19:13.557+0000] {spark_submit.py:649} INFO - 24/10/11 13:19:13 INFO TaskSchedulerImpl: Adding task set 14.0 with 1 tasks resource profile 0
[2024-10-11T13:19:13.561+0000] {spark_submit.py:649} INFO - 24/10/11 13:19:13 INFO TaskSetManager: Starting task 0.0 in stage 14.0 (TID 10) (172.24.0.3, executor 0, partition 0, PROCESS_LOCAL, 4904 bytes) taskResourceAssignments Map()
[2024-10-11T13:19:13.563+0000] {spark_submit.py:649} INFO - 24/10/11 13:19:13 INFO BlockManagerInfo: Removed broadcast_13_piece0 on yellow-cab-airflow-scheduler:41617 in memory (size: 12.7 KiB, free: 434.2 MiB)
[2024-10-11T13:19:13.572+0000] {spark_submit.py:649} INFO - 24/10/11 13:19:13 INFO BlockManagerInfo: Removed broadcast_13_piece0 on 172.24.0.3:38313 in memory (size: 12.7 KiB, free: 434.3 MiB)
[2024-10-11T13:19:13.578+0000] {spark_submit.py:649} INFO - 24/10/11 13:19:13 INFO BlockManagerInfo: Removed broadcast_14_piece0 on yellow-cab-airflow-scheduler:41617 in memory (size: 17.7 KiB, free: 434.2 MiB)
[2024-10-11T13:19:13.579+0000] {spark_submit.py:649} INFO - 24/10/11 13:19:13 INFO BlockManagerInfo: Added broadcast_16_piece0 in memory on 172.24.0.3:38313 (size: 12.5 KiB, free: 434.2 MiB)
[2024-10-11T13:19:13.581+0000] {spark_submit.py:649} INFO - 24/10/11 13:19:13 INFO BlockManagerInfo: Removed broadcast_14_piece0 on 172.24.0.3:38313 in memory (size: 17.7 KiB, free: 434.3 MiB)
[2024-10-11T13:19:13.588+0000] {spark_submit.py:649} INFO - 24/10/11 13:19:13 INFO BlockManagerInfo: Removed broadcast_11_piece0 on yellow-cab-airflow-scheduler:41617 in memory (size: 17.8 KiB, free: 434.3 MiB)
[2024-10-11T13:19:13.590+0000] {spark_submit.py:649} INFO - 24/10/11 13:19:13 INFO BlockManagerInfo: Removed broadcast_11_piece0 on 172.24.0.3:38313 in memory (size: 17.8 KiB, free: 434.3 MiB)
[2024-10-11T13:19:13.645+0000] {spark_submit.py:649} INFO - 24/10/11 13:19:13 INFO BlockManagerInfo: Added broadcast_15_piece0 in memory on 172.24.0.3:38313 (size: 35.3 KiB, free: 434.3 MiB)
[2024-10-11T13:19:13.979+0000] {spark_submit.py:649} INFO - 24/10/11 13:19:13 INFO TaskSetManager: Finished task 0.0 in stage 14.0 (TID 10) in 422 ms on 172.24.0.3 (executor 0) (1/1)
[2024-10-11T13:19:13.980+0000] {spark_submit.py:649} INFO - 24/10/11 13:19:13 INFO TaskSchedulerImpl: Removed TaskSet 14.0, whose tasks have all completed, from pool
[2024-10-11T13:19:13.980+0000] {spark_submit.py:649} INFO - 24/10/11 13:19:13 INFO DAGScheduler: ShuffleMapStage 14 (toPandas at /spark-scripts/taxi_etl.py:123) finished in 0.449 s
[2024-10-11T13:19:13.980+0000] {spark_submit.py:649} INFO - 24/10/11 13:19:13 INFO DAGScheduler: looking for newly runnable stages
[2024-10-11T13:19:13.981+0000] {spark_submit.py:649} INFO - 24/10/11 13:19:13 INFO DAGScheduler: running: Set()
[2024-10-11T13:19:13.981+0000] {spark_submit.py:649} INFO - 24/10/11 13:19:13 INFO DAGScheduler: waiting: Set()
[2024-10-11T13:19:13.981+0000] {spark_submit.py:649} INFO - 24/10/11 13:19:13 INFO DAGScheduler: failed: Set()
[2024-10-11T13:19:13.984+0000] {spark_submit.py:649} INFO - 24/10/11 13:19:13 INFO ShufflePartitionsUtil: For shuffle(4), advisory target size: 67108864, actual target size 1048576, minimum partition size: 1048576
[2024-10-11T13:19:13.989+0000] {spark_submit.py:649} INFO - 24/10/11 13:19:13 INFO HashAggregateExec: spark.sql.codegen.aggregate.map.twolevel.enabled is set to true, but current version of codegened fast hashmap does not support this aggregate.
[2024-10-11T13:19:14.023+0000] {spark_submit.py:649} INFO - 24/10/11 13:19:14 INFO CodeGenerator: Code generated in 25.941333 ms
[2024-10-11T13:19:14.043+0000] {spark_submit.py:649} INFO - 24/10/11 13:19:14 INFO SparkContext: Starting job: toPandas at /spark-scripts/taxi_etl.py:123
[2024-10-11T13:19:14.044+0000] {spark_submit.py:649} INFO - 24/10/11 13:19:14 INFO DAGScheduler: Got job 11 (toPandas at /spark-scripts/taxi_etl.py:123) with 1 output partitions
[2024-10-11T13:19:14.044+0000] {spark_submit.py:649} INFO - 24/10/11 13:19:14 INFO DAGScheduler: Final stage: ResultStage 16 (toPandas at /spark-scripts/taxi_etl.py:123)
[2024-10-11T13:19:14.044+0000] {spark_submit.py:649} INFO - 24/10/11 13:19:14 INFO DAGScheduler: Parents of final stage: List(ShuffleMapStage 15)
[2024-10-11T13:19:14.044+0000] {spark_submit.py:649} INFO - 24/10/11 13:19:14 INFO DAGScheduler: Missing parents: List()
[2024-10-11T13:19:14.045+0000] {spark_submit.py:649} INFO - 24/10/11 13:19:14 INFO DAGScheduler: Submitting ResultStage 16 (MapPartitionsRDD[43] at toPandas at /spark-scripts/taxi_etl.py:123), which has no missing parents
[2024-10-11T13:19:14.050+0000] {spark_submit.py:649} INFO - 24/10/11 13:19:14 INFO MemoryStore: Block broadcast_17 stored as values in memory (estimated size 46.2 KiB, free 433.4 MiB)
[2024-10-11T13:19:14.054+0000] {spark_submit.py:649} INFO - 24/10/11 13:19:14 INFO MemoryStore: Block broadcast_17_piece0 stored as bytes in memory (estimated size 20.3 KiB, free 433.4 MiB)
[2024-10-11T13:19:14.055+0000] {spark_submit.py:649} INFO - 24/10/11 13:19:14 INFO BlockManagerInfo: Added broadcast_17_piece0 in memory on yellow-cab-airflow-scheduler:41617 (size: 20.3 KiB, free: 434.2 MiB)
[2024-10-11T13:19:14.055+0000] {spark_submit.py:649} INFO - 24/10/11 13:19:14 INFO SparkContext: Created broadcast 17 from broadcast at DAGScheduler.scala:1513
[2024-10-11T13:19:14.056+0000] {spark_submit.py:649} INFO - 24/10/11 13:19:14 INFO DAGScheduler: Submitting 1 missing tasks from ResultStage 16 (MapPartitionsRDD[43] at toPandas at /spark-scripts/taxi_etl.py:123) (first 15 tasks are for partitions Vector(0))
[2024-10-11T13:19:14.056+0000] {spark_submit.py:649} INFO - 24/10/11 13:19:14 INFO TaskSchedulerImpl: Adding task set 16.0 with 1 tasks resource profile 0
[2024-10-11T13:19:14.057+0000] {spark_submit.py:649} INFO - 24/10/11 13:19:14 INFO TaskSetManager: Starting task 0.0 in stage 16.0 (TID 11) (172.24.0.3, executor 0, partition 0, NODE_LOCAL, 4457 bytes) taskResourceAssignments Map()
[2024-10-11T13:19:14.069+0000] {spark_submit.py:649} INFO - 24/10/11 13:19:14 INFO BlockManagerInfo: Added broadcast_17_piece0 in memory on 172.24.0.3:38313 (size: 20.3 KiB, free: 434.2 MiB)
[2024-10-11T13:19:14.088+0000] {spark_submit.py:649} INFO - 24/10/11 13:19:14 INFO BlockManagerInfo: Removed broadcast_16_piece0 on yellow-cab-airflow-scheduler:41617 in memory (size: 12.5 KiB, free: 434.2 MiB)
[2024-10-11T13:19:14.091+0000] {spark_submit.py:649} INFO - 24/10/11 13:19:14 INFO BlockManagerInfo: Removed broadcast_16_piece0 on 172.24.0.3:38313 in memory (size: 12.5 KiB, free: 434.2 MiB)
[2024-10-11T13:19:14.101+0000] {spark_submit.py:649} INFO - 24/10/11 13:19:14 INFO MapOutputTrackerMasterEndpoint: Asked to send map output locations for shuffle 4 to 172.24.0.3:37780
[2024-10-11T13:19:14.141+0000] {spark_submit.py:649} INFO - 24/10/11 13:19:14 INFO TaskSetManager: Finished task 0.0 in stage 16.0 (TID 11) in 84 ms on 172.24.0.3 (executor 0) (1/1)
[2024-10-11T13:19:14.141+0000] {spark_submit.py:649} INFO - 24/10/11 13:19:14 INFO TaskSchedulerImpl: Removed TaskSet 16.0, whose tasks have all completed, from pool
[2024-10-11T13:19:14.142+0000] {spark_submit.py:649} INFO - 24/10/11 13:19:14 INFO DAGScheduler: ResultStage 16 (toPandas at /spark-scripts/taxi_etl.py:123) finished in 0.092 s
[2024-10-11T13:19:14.142+0000] {spark_submit.py:649} INFO - 24/10/11 13:19:14 INFO DAGScheduler: Job 11 is finished. Cancelling potential speculative or zombie tasks for this job
[2024-10-11T13:19:14.142+0000] {spark_submit.py:649} INFO - 24/10/11 13:19:14 INFO TaskSchedulerImpl: Killing all running tasks in stage 16: Stage finished
[2024-10-11T13:19:14.142+0000] {spark_submit.py:649} INFO - 24/10/11 13:19:14 INFO DAGScheduler: Job 11 finished: toPandas at /spark-scripts/taxi_etl.py:123, took 0.098849 s
[2024-10-11T13:19:14.174+0000] {spark_submit.py:649} INFO - Traceback (most recent call last):
[2024-10-11T13:19:14.175+0000] {spark_submit.py:649} INFO - File "/spark-scripts/taxi_etl.py", line 132, in <module>
[2024-10-11T13:19:14.175+0000] {spark_submit.py:649} INFO - main()
[2024-10-11T13:19:14.175+0000] {spark_submit.py:649} INFO - File "/spark-scripts/taxi_etl.py", line 123, in main
[2024-10-11T13:19:14.175+0000] {spark_submit.py:649} INFO - dim_datetime_write = client.load_table_from_dataframe(dim_datetime.toPandas(), f"{PROJECT_ID}.{DATASET_ID}.dim_datetime", job_config=job_config)
[2024-10-11T13:19:14.176+0000] {spark_submit.py:649} INFO - File "/home/airflow/.local/lib/python3.9/site-packages/pyspark/python/lib/pyspark.zip/pyspark/sql/pandas/conversion.py", line 248, in toPandas
[2024-10-11T13:19:14.176+0000] {spark_submit.py:649} INFO - File "/home/airflow/.local/lib/python3.9/site-packages/pandas/core/generic.py", line 6643, in astype
[2024-10-11T13:19:14.177+0000] {spark_submit.py:649} INFO - new_data = self._mgr.astype(dtype=dtype, copy=copy, errors=errors)
[2024-10-11T13:19:14.178+0000] {spark_submit.py:649} INFO - File "/home/airflow/.local/lib/python3.9/site-packages/pandas/core/internals/managers.py", line 430, in astype
[2024-10-11T13:19:14.178+0000] {spark_submit.py:649} INFO - return self.apply(
[2024-10-11T13:19:14.178+0000] {spark_submit.py:649} INFO - File "/home/airflow/.local/lib/python3.9/site-packages/pandas/core/internals/managers.py", line 363, in apply
[2024-10-11T13:19:14.178+0000] {spark_submit.py:649} INFO - applied = getattr(b, f)(**kwargs)
[2024-10-11T13:19:14.178+0000] {spark_submit.py:649} INFO - File "/home/airflow/.local/lib/python3.9/site-packages/pandas/core/internals/blocks.py", line 758, in astype
[2024-10-11T13:19:14.178+0000] {spark_submit.py:649} INFO - new_values = astype_array_safe(values, dtype, copy=copy, errors=errors)
[2024-10-11T13:19:14.178+0000] {spark_submit.py:649} INFO - File "/home/airflow/.local/lib/python3.9/site-packages/pandas/core/dtypes/astype.py", line 237, in astype_array_safe
[2024-10-11T13:19:14.179+0000] {spark_submit.py:649} INFO - new_values = astype_array(values, dtype, copy=copy)
[2024-10-11T13:19:14.179+0000] {spark_submit.py:649} INFO - File "/home/airflow/.local/lib/python3.9/site-packages/pandas/core/dtypes/astype.py", line 179, in astype_array
[2024-10-11T13:19:14.179+0000] {spark_submit.py:649} INFO - values = values.astype(dtype, copy=copy)
[2024-10-11T13:19:14.179+0000] {spark_submit.py:649} INFO - File "/home/airflow/.local/lib/python3.9/site-packages/pandas/core/arrays/datetimes.py", line 732, in astype
[2024-10-11T13:19:14.179+0000] {spark_submit.py:649} INFO - raise TypeError(
[2024-10-11T13:19:14.179+0000] {spark_submit.py:649} INFO - TypeError: Casting to unit-less dtype 'datetime64' is not supported. Pass e.g. 'datetime64[ns]' instead.
[2024-10-11T13:19:14.471+0000] {spark_submit.py:649} INFO - 24/10/11 13:19:14 INFO SparkContext: Invoking stop() from shutdown hook
[2024-10-11T13:19:14.483+0000] {spark_submit.py:649} INFO - 24/10/11 13:19:14 INFO SparkUI: Stopped Spark web UI at http://yellow-cab-airflow-scheduler:4040
[2024-10-11T13:19:14.485+0000] {spark_submit.py:649} INFO - 24/10/11 13:19:14 INFO StandaloneSchedulerBackend: Shutting down all executors
[2024-10-11T13:19:14.485+0000] {spark_submit.py:649} INFO - 24/10/11 13:19:14 INFO CoarseGrainedSchedulerBackend$DriverEndpoint: Asking each executor to shut down
[2024-10-11T13:19:14.504+0000] {spark_submit.py:649} INFO - 24/10/11 13:19:14 INFO MapOutputTrackerMasterEndpoint: MapOutputTrackerMasterEndpoint stopped!
[2024-10-11T13:19:14.539+0000] {spark_submit.py:649} INFO - 24/10/11 13:19:14 INFO MemoryStore: MemoryStore cleared
[2024-10-11T13:19:14.541+0000] {spark_submit.py:649} INFO - 24/10/11 13:19:14 INFO BlockManager: BlockManager stopped
[2024-10-11T13:19:14.550+0000] {spark_submit.py:649} INFO - 24/10/11 13:19:14 INFO BlockManagerMaster: BlockManagerMaster stopped
[2024-10-11T13:19:14.555+0000] {spark_submit.py:649} INFO - 24/10/11 13:19:14 INFO OutputCommitCoordinator$OutputCommitCoordinatorEndpoint: OutputCommitCoordinator stopped!
[2024-10-11T13:19:14.601+0000] {spark_submit.py:649} INFO - 24/10/11 13:19:14 INFO SparkContext: Successfully stopped SparkContext
[2024-10-11T13:19:14.602+0000] {spark_submit.py:649} INFO - 24/10/11 13:19:14 INFO ShutdownHookManager: Shutdown hook called
[2024-10-11T13:19:14.602+0000] {spark_submit.py:649} INFO - 24/10/11 13:19:14 INFO ShutdownHookManager: Deleting directory /tmp/spark-3dcb6003-ed16-48fe-b919-60b27282274d
[2024-10-11T13:19:14.613+0000] {spark_submit.py:649} INFO - 24/10/11 13:19:14 INFO ShutdownHookManager: Deleting directory /tmp/spark-f6db7913-e8e5-466c-890a-beea062252fa/pyspark-43936410-f89b-40ad-b539-d601f7bd3cf6
[2024-10-11T13:19:14.621+0000] {spark_submit.py:649} INFO - 24/10/11 13:19:14 INFO ShutdownHookManager: Deleting directory /tmp/spark-f6db7913-e8e5-466c-890a-beea062252fa
[2024-10-11T13:19:14.680+0000] {taskinstance.py:441} INFO - ::group::Post task execution logs
[2024-10-11T13:19:14.710+0000] {taskinstance.py:2905} ERROR - Task failed with exception
Traceback (most recent call last):
  File "/home/airflow/.local/lib/python3.9/site-packages/airflow/models/taskinstance.py", line 465, in _execute_task
    result = _execute_callable(context=context, **execute_callable_kwargs)
  File "/home/airflow/.local/lib/python3.9/site-packages/airflow/models/taskinstance.py", line 432, in _execute_callable
    return execute_callable(context=context, **execute_callable_kwargs)
  File "/home/airflow/.local/lib/python3.9/site-packages/airflow/models/baseoperator.py", line 400, in wrapper
    return func(self, *args, **kwargs)
  File "/home/airflow/.local/lib/python3.9/site-packages/airflow/providers/apache/spark/operators/spark_submit.py", line 176, in execute
    self._hook.submit(self.application)
  File "/home/airflow/.local/lib/python3.9/site-packages/airflow/providers/apache/spark/hooks/spark_submit.py", line 575, in submit
    raise AirflowException(
airflow.exceptions.AirflowException: Cannot execute: spark-submit --master spark://spark-master:7077 --conf spark.jars.packages=org.apache.sedona:sedona-python-adapter-3.0_2.12:1.2.0-incubating,org.datasyslab:geotools-wrapper:geotools-24.0 --conf spark.jars.repositories=https://repo1.maven.org/maven2/ --name arrow-spark --deploy-mode client /spark-scripts/taxi_etl.py. Error code is: 1.
[2024-10-11T13:19:14.716+0000] {taskinstance.py:1206} INFO - Marking task as FAILED. dag_id=etl_yellow_cab, task_id=etl_task, run_id=manual__2024-10-11T07:14:16.194830+00:00, execution_date=20241011T071416, start_date=20241011T131746, end_date=20241011T131914
[2024-10-11T13:19:14.741+0000] {standard_task_runner.py:110} ERROR - Failed to execute job 45 for task etl_task (Cannot execute: spark-submit --master spark://spark-master:7077 --conf spark.jars.packages=org.apache.sedona:sedona-python-adapter-3.0_2.12:1.2.0-incubating,org.datasyslab:geotools-wrapper:geotools-24.0 --conf spark.jars.repositories=https://repo1.maven.org/maven2/ --name arrow-spark --deploy-mode client /spark-scripts/taxi_etl.py. Error code is: 1.; 171)
[2024-10-11T13:19:14.774+0000] {local_task_job_runner.py:240} INFO - Task exited with return code 1
[2024-10-11T13:19:14.798+0000] {taskinstance.py:3498} INFO - 0 downstream tasks scheduled from follow-on schedule check
[2024-10-11T13:19:14.799+0000] {local_task_job_runner.py:222} INFO - ::endgroup::
