[2024-10-11T07:35:04.187+0000] {local_task_job_runner.py:120} INFO - ::group::Pre task execution logs
[2024-10-11T07:35:04.207+0000] {taskinstance.py:2076} INFO - Dependencies all met for dep_context=non-requeueable deps ti=<TaskInstance: etl_yellow_cab.etl_task manual__2024-10-11T07:14:16.194830+00:00 [queued]>
[2024-10-11T07:35:04.211+0000] {taskinstance.py:2076} INFO - Dependencies all met for dep_context=requeueable deps ti=<TaskInstance: etl_yellow_cab.etl_task manual__2024-10-11T07:14:16.194830+00:00 [queued]>
[2024-10-11T07:35:04.211+0000] {taskinstance.py:2306} INFO - Starting attempt 4 of 4
[2024-10-11T07:35:04.216+0000] {taskinstance.py:2330} INFO - Executing <Task(SparkSubmitOperator): etl_task> on 2024-10-11 07:14:16.194830+00:00
[2024-10-11T07:35:04.219+0000] {standard_task_runner.py:63} INFO - Started process 170 to run task
[2024-10-11T07:35:04.223+0000] {standard_task_runner.py:90} INFO - Running: ['airflow', 'tasks', 'run', 'etl_yellow_cab', 'etl_task', 'manual__2024-10-11T07:14:16.194830+00:00', '--job-id', '19', '--raw', '--subdir', 'DAGS_FOLDER/yellow-cab-batch.py', '--cfg-path', '/tmp/tmpiwh333b8']
[2024-10-11T07:35:04.225+0000] {standard_task_runner.py:91} INFO - Job 19: Subtask etl_task
[2024-10-11T07:35:04.242+0000] {logging_mixin.py:188} WARNING - /home/airflow/.local/lib/python3.9/site-packages/airflow/settings.py:195 DeprecationWarning: The sql_alchemy_conn option in [core] has been moved to the sql_alchemy_conn option in [database] - the old setting has been used, but please update your config.
[2024-10-11T07:35:04.275+0000] {task_command.py:426} INFO - Running <TaskInstance: etl_yellow_cab.etl_task manual__2024-10-11T07:14:16.194830+00:00 [running]> on host yellow-cab-airflow-scheduler
[2024-10-11T07:35:04.400+0000] {taskinstance.py:2648} INFO - Exporting env vars: AIRFLOW_CTX_DAG_OWNER='hafidz' AIRFLOW_CTX_DAG_ID='etl_yellow_cab' AIRFLOW_CTX_TASK_ID='etl_task' AIRFLOW_CTX_EXECUTION_DATE='2024-10-11T07:14:16.194830+00:00' AIRFLOW_CTX_TRY_NUMBER='4' AIRFLOW_CTX_DAG_RUN_ID='manual__2024-10-11T07:14:16.194830+00:00'
[2024-10-11T07:35:04.401+0000] {taskinstance.py:430} INFO - ::endgroup::
[2024-10-11T07:35:04.432+0000] {base.py:84} INFO - Using connection ID 'spark_main' for task execution.
[2024-10-11T07:35:04.434+0000] {spark_submit.py:473} INFO - Spark-Submit cmd: spark-submit --master spark://spark-master:7077 --conf spark.jars.packages=org.apache.sedona:sedona-python-adapter-3.0_2.12:1.2.0-incubating,org.datasyslab:geotools-wrapper:geotools-24.0,com.google.cloud.spark:spark-bigquery-with-dependencies_2.12:0.29.0,com.google.cloud.bigdataoss:gcs-connector:hadoop3-2.2.8,com.google.protobuf:protobuf-java:4.21.12 --conf spark.jars.repositories=https://repo1.maven.org/maven2/ --name arrow-spark --deploy-mode client /spark-scripts/taxi_etl.py
[2024-10-11T07:35:05.296+0000] {spark_submit.py:649} INFO - https://repo1.maven.org/maven2/ added as a remote repository with the name: repo-1
[2024-10-11T07:35:05.309+0000] {spark_submit.py:649} INFO - :: loading settings :: url = jar:file:/home/airflow/.local/lib/python3.9/site-packages/pyspark/jars/ivy-2.5.1.jar!/org/apache/ivy/core/settings/ivysettings.xml
[2024-10-11T07:35:05.349+0000] {spark_submit.py:649} INFO - Ivy Default Cache set to: /home/airflow/.ivy2/cache
[2024-10-11T07:35:05.349+0000] {spark_submit.py:649} INFO - The jars for the packages stored in: /home/airflow/.ivy2/jars
[2024-10-11T07:35:05.351+0000] {spark_submit.py:649} INFO - org.apache.sedona#sedona-python-adapter-3.0_2.12 added as a dependency
[2024-10-11T07:35:05.351+0000] {spark_submit.py:649} INFO - org.datasyslab#geotools-wrapper added as a dependency
[2024-10-11T07:35:05.351+0000] {spark_submit.py:649} INFO - com.google.cloud.spark#spark-bigquery-with-dependencies_2.12 added as a dependency
[2024-10-11T07:35:05.351+0000] {spark_submit.py:649} INFO - com.google.cloud.bigdataoss#gcs-connector added as a dependency
[2024-10-11T07:35:05.351+0000] {spark_submit.py:649} INFO - com.google.protobuf#protobuf-java added as a dependency
[2024-10-11T07:35:05.351+0000] {spark_submit.py:649} INFO - :: resolving dependencies :: org.apache.spark#spark-submit-parent-304daf19-c047-4bad-9888-0ada645bafde;1.0
[2024-10-11T07:35:05.351+0000] {spark_submit.py:649} INFO - confs: [default]
[2024-10-11T07:35:14.339+0000] {spark_submit.py:649} INFO - found org.apache.sedona#sedona-python-adapter-3.0_2.12;1.2.0-incubating in central
[2024-10-11T07:35:20.426+0000] {spark_submit.py:649} INFO - found org.locationtech.jts#jts-core;1.18.0 in central
[2024-10-11T07:35:21.220+0000] {spark_submit.py:649} INFO - found org.wololo#jts2geojson;0.16.1 in central
[2024-10-11T07:35:22.141+0000] {spark_submit.py:649} INFO - found org.apache.sedona#sedona-core-3.0_2.12;1.2.0-incubating in central
[2024-10-11T07:35:22.911+0000] {spark_submit.py:649} INFO - found org.scala-lang.modules#scala-collection-compat_2.12;2.5.0 in central
[2024-10-11T07:35:23.715+0000] {spark_submit.py:649} INFO - found org.apache.sedona#sedona-sql-3.0_2.12;1.2.0-incubating in central
[2024-10-11T07:35:24.528+0000] {spark_submit.py:649} INFO - found org.datasyslab#geotools-wrapper;geotools-24.0 in central
[2024-10-11T07:36:00.970+0000] {spark_submit.py:649} INFO - found com.google.cloud.spark#spark-bigquery-with-dependencies_2.12;0.29.0 in central
[2024-10-11T07:36:04.278+0000] {spark_submit.py:649} INFO - found com.google.cloud.bigdataoss#gcs-connector;hadoop3-2.2.8 in central
[2024-10-11T07:36:12.341+0000] {spark_submit.py:649} INFO - found com.google.api-client#google-api-client-jackson2;1.32.2 in central
[2024-10-11T07:36:13.161+0000] {spark_submit.py:649} INFO - found com.google.api-client#google-api-client;1.32.2 in central
[2024-10-11T07:36:19.076+0000] {spark_submit.py:649} INFO - found com.google.oauth-client#google-oauth-client;1.33.3 in central
[2024-10-11T07:36:22.258+0000] {spark_submit.py:649} INFO - found com.google.http-client#google-http-client;1.40.1 in central
[2024-10-11T07:36:28.564+0000] {spark_submit.py:649} INFO - found org.apache.httpcomponents#httpclient;4.5.13 in central
[2024-10-11T07:36:31.285+0000] {spark_submit.py:649} INFO - found org.apache.httpcomponents#httpcore;4.4.14 in central
[2024-10-11T07:36:36.892+0000] {spark_submit.py:649} INFO - found commons-logging#commons-logging;1.2 in central
[2024-10-11T07:36:39.827+0000] {spark_submit.py:649} INFO - found commons-codec#commons-codec;1.15 in central
[2024-10-11T07:36:40.588+0000] {spark_submit.py:649} INFO - found com.google.code.findbugs#jsr305;3.0.2 in central
[2024-10-11T07:36:44.024+0000] {spark_submit.py:649} INFO - found com.google.guava#guava;31.0.1-jre in central
[2024-10-11T07:36:48.496+0000] {spark_submit.py:649} INFO - found com.google.guava#failureaccess;1.0.1 in central
[2024-10-11T07:36:49.301+0000] {spark_submit.py:649} INFO - found com.google.guava#listenablefuture;9999.0-empty-to-avoid-conflict-with-guava in central
[2024-10-11T07:36:50.016+0000] {spark_submit.py:649} INFO - found org.checkerframework#checker-qual;3.12.0 in central
[2024-10-11T07:36:53.367+0000] {spark_submit.py:649} INFO - found com.google.errorprone#error_prone_annotations;2.9.0 in central
[2024-10-11T07:36:54.192+0000] {spark_submit.py:649} INFO - found com.google.j2objc#j2objc-annotations;1.3 in central
[2024-10-11T07:36:54.987+0000] {spark_submit.py:649} INFO - found io.opencensus#opencensus-api;0.28.0 in central
[2024-10-11T07:36:55.795+0000] {spark_submit.py:649} INFO - found io.grpc#grpc-context;1.43.2 in central
[2024-10-11T07:36:56.598+0000] {spark_submit.py:649} INFO - found io.opencensus#opencensus-contrib-http-util;0.28.0 in central
[2024-10-11T07:36:57.308+0000] {spark_submit.py:649} INFO - found com.google.http-client#google-http-client-gson;1.40.1 in central
[2024-10-11T07:37:01.380+0000] {spark_submit.py:649} INFO - found com.google.code.gson#gson;2.8.9 in central
[2024-10-11T07:37:02.176+0000] {spark_submit.py:649} INFO - found com.google.http-client#google-http-client-apache-v2;1.40.1 in central
[2024-10-11T07:37:02.980+0000] {spark_submit.py:649} INFO - found com.google.cloud.bigdataoss#util;2.2.8 in central
[2024-10-11T07:37:03.778+0000] {spark_submit.py:649} INFO - found com.google.http-client#google-http-client-jackson2;1.40.1 in central
[2024-10-11T07:37:13.636+0000] {spark_submit.py:649} INFO - found com.fasterxml.jackson.core#jackson-core;2.13.0 in central
[2024-10-11T07:37:14.411+0000] {spark_submit.py:649} INFO - found com.google.apis#google-api-services-iamcredentials;v1-rev20210326-1.32.1 in central
[2024-10-11T07:37:15.218+0000] {spark_submit.py:649} INFO - found com.google.apis#google-api-services-storage;v1-rev20211018-1.32.1 in central
[2024-10-11T07:37:18.740+0000] {spark_submit.py:649} INFO - found com.google.auto.value#auto-value-annotations;1.8.2 in central
[2024-10-11T07:37:26.915+0000] {spark_submit.py:649} INFO - found com.google.auth#google-auth-library-oauth2-http;1.7.0 in central
[2024-10-11T07:37:27.635+0000] {spark_submit.py:649} INFO - found com.google.auth#google-auth-library-credentials;1.7.0 in central
[2024-10-11T07:37:30.885+0000] {spark_submit.py:649} INFO - found com.google.http-client#google-http-client;1.41.8 in central
[2024-10-11T07:37:34.006+0000] {spark_submit.py:649} INFO - found org.apache.httpcomponents#httpcore;4.4.15 in central
[2024-10-11T07:37:34.918+0000] {spark_submit.py:649} INFO - found io.opencensus#opencensus-api;0.31.0 in central
[2024-10-11T07:37:35.609+0000] {spark_submit.py:649} INFO - found io.opencensus#opencensus-contrib-http-util;0.31.0 in central
[2024-10-11T07:37:36.501+0000] {spark_submit.py:649} INFO - found com.google.http-client#google-http-client-gson;1.41.8 in central
[2024-10-11T07:37:37.367+0000] {spark_submit.py:649} INFO - found com.google.flogger#google-extensions;0.7.1 in central
[2024-10-11T07:37:38.199+0000] {spark_submit.py:649} INFO - found com.google.flogger#flogger;0.7.1 in central
[2024-10-11T07:37:38.892+0000] {spark_submit.py:649} INFO - found org.checkerframework#checker-compat-qual;2.5.3 in central
[2024-10-11T07:37:39.710+0000] {spark_submit.py:649} INFO - found com.google.flogger#flogger-system-backend;0.7.1 in central
[2024-10-11T07:37:40.480+0000] {spark_submit.py:649} INFO - found com.google.cloud.bigdataoss#util-hadoop;hadoop3-2.2.8 in central
[2024-10-11T07:37:41.227+0000] {spark_submit.py:649} INFO - found com.google.cloud.bigdataoss#gcsio;2.2.8 in central
[2024-10-11T07:37:41.920+0000] {spark_submit.py:649} INFO - found io.grpc#grpc-api;1.43.2 in central
[2024-10-11T07:37:42.658+0000] {spark_submit.py:649} INFO - found io.grpc#grpc-alts;1.43.2 in central
[2024-10-11T07:37:43.604+0000] {spark_submit.py:649} INFO - found io.grpc#grpc-auth;1.43.2 in central
[2024-10-11T07:37:44.256+0000] {spark_submit.py:649} INFO - found io.grpc#grpc-grpclb;1.43.2 in central
[2024-10-11T07:37:45.058+0000] {spark_submit.py:649} INFO - found io.grpc#grpc-protobuf;1.43.2 in central
[2024-10-11T07:37:45.853+0000] {spark_submit.py:649} INFO - found com.google.api.grpc#proto-google-common-protos;2.0.1 in central
[2024-10-11T07:37:46.644+0000] {spark_submit.py:649} INFO - found io.grpc#grpc-protobuf-lite;1.43.2 in central
[2024-10-11T07:37:47.301+0000] {spark_submit.py:649} INFO - found io.grpc#grpc-stub;1.43.2 in central
[2024-10-11T07:37:48.130+0000] {spark_submit.py:649} INFO - found org.conscrypt#conscrypt-openjdk-uber;2.5.1 in central
[2024-10-11T07:37:48.815+0000] {spark_submit.py:649} INFO - found io.grpc#grpc-netty-shaded;1.43.2 in central
[2024-10-11T07:37:49.528+0000] {spark_submit.py:649} INFO - found io.grpc#grpc-core;1.43.2 in central
[2024-10-11T07:37:50.178+0000] {spark_submit.py:649} INFO - found io.grpc#grpc-census;1.43.2 in central
[2024-10-11T07:38:20.973+0000] {spark_submit.py:649} INFO - found com.google.api.grpc#grpc-google-cloud-storage-v2;2.2.2-alpha in central
[2024-10-11T07:38:21.795+0000] {spark_submit.py:649} INFO - found com.google.api.grpc#proto-google-cloud-storage-v2;2.2.2-alpha in central
[2024-10-11T07:38:22.570+0000] {spark_submit.py:649} INFO - found com.google.api.grpc#proto-google-common-protos;2.7.0 in central
[2024-10-11T07:38:23.374+0000] {spark_submit.py:649} INFO - found com.google.api.grpc#proto-google-iam-v1;1.1.7 in central
[2024-10-11T07:38:26.818+0000] {spark_submit.py:649} INFO - found javax.annotation#javax.annotation-api;1.3.2 in central
[2024-10-11T07:38:27.612+0000] {spark_submit.py:649} INFO - found io.grpc#grpc-xds;1.43.2 in central
[2024-10-11T07:38:28.419+0000] {spark_submit.py:649} INFO - found io.grpc#grpc-services;1.43.2 in central
[2024-10-11T07:38:29.222+0000] {spark_submit.py:649} INFO - found com.google.re2j#re2j;1.5 in central
[2024-10-11T07:38:30.033+0000] {spark_submit.py:649} INFO - found org.bouncycastle#bcpkix-jdk15on;1.67 in central
[2024-10-11T07:38:30.810+0000] {spark_submit.py:649} INFO - found org.bouncycastle#bcprov-jdk15on;1.67 in central
[2024-10-11T07:38:31.617+0000] {spark_submit.py:649} INFO - found io.opencensus#opencensus-proto;0.2.0 in central
[2024-10-11T07:38:38.163+0000] {spark_submit.py:649} INFO - found com.google.protobuf#protobuf-java-util;3.19.2 in central
[2024-10-11T07:38:39.057+0000] {spark_submit.py:649} INFO - found io.opencensus#opencensus-impl;0.31.0 in central
[2024-10-11T07:38:39.943+0000] {spark_submit.py:649} INFO - found io.opencensus#opencensus-impl-core;0.31.0 in central
[2024-10-11T07:38:40.663+0000] {spark_submit.py:649} INFO - found com.lmax#disruptor;3.4.2 in central
[2024-10-11T07:38:41.385+0000] {spark_submit.py:649} INFO - found io.opencensus#opencensus-exporter-stats-stackdriver;0.31.0 in central
[2024-10-11T07:38:42.179+0000] {spark_submit.py:649} INFO - found io.opencensus#opencensus-contrib-exemplar-util;0.31.0 in central
[2024-10-11T07:38:42.877+0000] {spark_submit.py:649} INFO - found io.opencensus#opencensus-contrib-resource-util;0.31.0 in central
[2024-10-11T07:38:43.610+0000] {spark_submit.py:649} INFO - found io.opencensus#opencensus-exporter-metrics-util;0.31.0 in central
[2024-10-11T07:39:02.510+0000] {spark_submit.py:649} INFO - found com.google.cloud#google-cloud-monitoring;1.82.0 in central
[2024-10-11T07:39:03.302+0000] {spark_submit.py:649} INFO - found com.google.cloud#google-cloud-core-grpc;1.82.0 in central
[2024-10-11T07:39:24.417+0000] {spark_submit.py:649} INFO - found com.google.cloud#google-cloud-core;2.5.4 in central
[2024-10-11T07:39:25.227+0000] {spark_submit.py:649} INFO - found com.google.api#gax;1.47.1 in central
[2024-10-11T07:39:26.049+0000] {spark_submit.py:649} INFO - found org.threeten#threetenbp;1.5.2 in central
[2024-10-11T07:39:26.821+0000] {spark_submit.py:649} INFO - found com.google.api#api-common;1.8.1 in central
[2024-10-11T07:39:27.664+0000] {spark_submit.py:649} INFO - found com.google.api#gax-grpc;2.7.1 in central
[2024-10-11T07:39:31.384+0000] {spark_submit.py:649} INFO - found com.google.api.grpc#proto-google-cloud-monitoring-v3;1.64.0 in central
[2024-10-11T07:39:32.185+0000] {spark_submit.py:649} INFO - found io.opencensus#opencensus-contrib-grpc-metrics;0.31.0 in central
[2024-10-11T07:39:32.980+0000] {spark_submit.py:649} INFO - found com.google.android#annotations;4.1.1.4 in central
[2024-10-11T07:39:38.718+0000] {spark_submit.py:649} INFO - found org.codehaus.mojo#animal-sniffer-annotations;1.19 in central
[2024-10-11T07:39:39.535+0000] {spark_submit.py:649} INFO - found io.perfmark#perfmark-api;0.23.0 in central
[2024-10-11T07:39:43.612+0000] {spark_submit.py:649} INFO - downloading https://repo1.maven.org/maven2/org/apache/sedona/sedona-python-adapter-3.0_2.12/1.2.0-incubating/sedona-python-adapter-3.0_2.12-1.2.0-incubating.jar ...
[2024-10-11T07:39:44.945+0000] {spark_submit.py:649} INFO - [SUCCESSFUL ] org.apache.sedona#sedona-python-adapter-3.0_2.12;1.2.0-incubating!sedona-python-adapter-3.0_2.12.jar (1723ms)
[2024-10-11T07:39:45.276+0000] {spark_submit.py:649} INFO - downloading https://repo1.maven.org/maven2/org/datasyslab/geotools-wrapper/geotools-24.0/geotools-wrapper-geotools-24.0.jar ...
[2024-10-11T07:39:47.394+0000] {spark_submit.py:649} INFO - [SUCCESSFUL ] org.datasyslab#geotools-wrapper;geotools-24.0!geotools-wrapper.jar (2449ms)
[2024-10-11T07:39:48.732+0000] {spark_submit.py:649} INFO - downloading https://repo1.maven.org/maven2/com/google/cloud/spark/spark-bigquery-with-dependencies_2.12/0.29.0/spark-bigquery-with-dependencies_2.12-0.29.0.jar ...
[2024-10-11T07:39:52.137+0000] {spark_submit.py:649} INFO - [SUCCESSFUL ] com.google.cloud.spark#spark-bigquery-with-dependencies_2.12;0.29.0!spark-bigquery-with-dependencies_2.12.jar (4742ms)
[2024-10-11T07:39:52.490+0000] {spark_submit.py:649} INFO - downloading https://repo1.maven.org/maven2/com/google/cloud/bigdataoss/gcs-connector/hadoop3-2.2.8/gcs-connector-hadoop3-2.2.8.jar ...
[2024-10-11T07:39:52.909+0000] {spark_submit.py:649} INFO - [SUCCESSFUL ] com.google.cloud.bigdataoss#gcs-connector;hadoop3-2.2.8!gcs-connector.jar (770ms)
[2024-10-11T07:39:53.250+0000] {spark_submit.py:649} INFO - downloading https://repo1.maven.org/maven2/org/locationtech/jts/jts-core/1.18.0/jts-core-1.18.0.jar ...
[2024-10-11T07:39:53.756+0000] {spark_submit.py:649} INFO - [SUCCESSFUL ] org.locationtech.jts#jts-core;1.18.0!jts-core.jar(bundle) (844ms)
[2024-10-11T07:39:54.095+0000] {spark_submit.py:649} INFO - downloading https://repo1.maven.org/maven2/org/wololo/jts2geojson/0.16.1/jts2geojson-0.16.1.jar ...
[2024-10-11T07:39:54.496+0000] {spark_submit.py:649} INFO - [SUCCESSFUL ] org.wololo#jts2geojson;0.16.1!jts2geojson.jar (739ms)
[2024-10-11T07:39:54.891+0000] {spark_submit.py:649} INFO - downloading https://repo1.maven.org/maven2/org/apache/sedona/sedona-core-3.0_2.12/1.2.0-incubating/sedona-core-3.0_2.12-1.2.0-incubating.jar ...
[2024-10-11T07:39:55.365+0000] {spark_submit.py:649} INFO - [SUCCESSFUL ] org.apache.sedona#sedona-core-3.0_2.12;1.2.0-incubating!sedona-core-3.0_2.12.jar (868ms)
[2024-10-11T07:39:55.771+0000] {spark_submit.py:649} INFO - downloading https://repo1.maven.org/maven2/org/apache/sedona/sedona-sql-3.0_2.12/1.2.0-incubating/sedona-sql-3.0_2.12-1.2.0-incubating.jar ...
[2024-10-11T07:39:56.310+0000] {spark_submit.py:649} INFO - [SUCCESSFUL ] org.apache.sedona#sedona-sql-3.0_2.12;1.2.0-incubating!sedona-sql-3.0_2.12.jar (944ms)
[2024-10-11T07:39:56.649+0000] {spark_submit.py:649} INFO - downloading https://repo1.maven.org/maven2/org/scala-lang/modules/scala-collection-compat_2.12/2.5.0/scala-collection-compat_2.12-2.5.0.jar ...
[2024-10-11T07:40:03.977+0000] {spark_submit.py:649} INFO - [SUCCESSFUL ] org.scala-lang.modules#scala-collection-compat_2.12;2.5.0!scala-collection-compat_2.12.jar (7666ms)
[2024-10-11T07:40:04.310+0000] {spark_submit.py:649} INFO - downloading https://repo1.maven.org/maven2/com/google/api-client/google-api-client-jackson2/1.32.2/google-api-client-jackson2-1.32.2.jar ...
[2024-10-11T07:40:04.838+0000] {spark_submit.py:649} INFO - [SUCCESSFUL ] com.google.api-client#google-api-client-jackson2;1.32.2!google-api-client-jackson2.jar (858ms)
[2024-10-11T07:40:05.202+0000] {spark_submit.py:649} INFO - downloading https://repo1.maven.org/maven2/com/google/guava/guava/31.0.1-jre/guava-31.0.1-jre.jar ...
[2024-10-11T07:40:12.777+0000] {spark_submit.py:649} INFO - [SUCCESSFUL ] com.google.guava#guava;31.0.1-jre!guava.jar(bundle) (7936ms)
[2024-10-11T07:40:13.117+0000] {spark_submit.py:649} INFO - downloading https://repo1.maven.org/maven2/com/google/oauth-client/google-oauth-client/1.33.3/google-oauth-client-1.33.3.jar ...
[2024-10-11T07:40:13.543+0000] {spark_submit.py:649} INFO - [SUCCESSFUL ] com.google.oauth-client#google-oauth-client;1.33.3!google-oauth-client.jar (762ms)
[2024-10-11T07:40:13.915+0000] {spark_submit.py:649} INFO - downloading https://repo1.maven.org/maven2/com/google/cloud/bigdataoss/util/2.2.8/util-2.2.8.jar ...
[2024-10-11T07:40:14.388+0000] {spark_submit.py:649} INFO - [SUCCESSFUL ] com.google.cloud.bigdataoss#util;2.2.8!util.jar (842ms)
[2024-10-11T07:40:14.710+0000] {spark_submit.py:649} INFO - downloading https://repo1.maven.org/maven2/com/google/cloud/bigdataoss/util-hadoop/hadoop3-2.2.8/util-hadoop-hadoop3-2.2.8.jar ...
[2024-10-11T07:40:15.069+0000] {spark_submit.py:649} INFO - [SUCCESSFUL ] com.google.cloud.bigdataoss#util-hadoop;hadoop3-2.2.8!util-hadoop.jar (678ms)
[2024-10-11T07:40:15.442+0000] {spark_submit.py:649} INFO - downloading https://repo1.maven.org/maven2/com/google/cloud/bigdataoss/gcsio/2.2.8/gcsio-2.2.8.jar ...
[2024-10-11T07:40:16.415+0000] {spark_submit.py:649} INFO - [SUCCESSFUL ] com.google.cloud.bigdataoss#gcsio;2.2.8!gcsio.jar (1343ms)
[2024-10-11T07:40:16.802+0000] {spark_submit.py:649} INFO - downloading https://repo1.maven.org/maven2/com/google/auto/value/auto-value-annotations/1.8.2/auto-value-annotations-1.8.2.jar ...
[2024-10-11T07:40:17.215+0000] {spark_submit.py:649} INFO - [SUCCESSFUL ] com.google.auto.value#auto-value-annotations;1.8.2!auto-value-annotations.jar (799ms)
[2024-10-11T07:40:17.624+0000] {spark_submit.py:649} INFO - downloading https://repo1.maven.org/maven2/com/google/flogger/flogger/0.7.1/flogger-0.7.1.jar ...
[2024-10-11T07:40:18.225+0000] {spark_submit.py:649} INFO - [SUCCESSFUL ] com.google.flogger#flogger;0.7.1!flogger.jar (1007ms)
[2024-10-11T07:40:18.549+0000] {spark_submit.py:649} INFO - downloading https://repo1.maven.org/maven2/com/google/flogger/google-extensions/0.7.1/google-extensions-0.7.1.jar ...
[2024-10-11T07:40:18.878+0000] {spark_submit.py:649} INFO - [SUCCESSFUL ] com.google.flogger#google-extensions;0.7.1!google-extensions.jar (652ms)
[2024-10-11T07:40:19.270+0000] {spark_submit.py:649} INFO - downloading https://repo1.maven.org/maven2/com/google/code/gson/gson/2.8.9/gson-2.8.9.jar ...
[2024-10-11T07:40:19.907+0000] {spark_submit.py:649} INFO - [SUCCESSFUL ] com.google.code.gson#gson;2.8.9!gson.jar (1026ms)
[2024-10-11T07:40:20.242+0000] {spark_submit.py:649} INFO - downloading https://repo1.maven.org/maven2/com/google/api-client/google-api-client/1.32.2/google-api-client-1.32.2.jar ...
[2024-10-11T07:40:20.945+0000] {spark_submit.py:649} INFO - [SUCCESSFUL ] com.google.api-client#google-api-client;1.32.2!google-api-client.jar (1038ms)
[2024-10-11T07:40:21.270+0000] {spark_submit.py:649} INFO - downloading https://repo1.maven.org/maven2/com/google/http-client/google-http-client-apache-v2/1.40.1/google-http-client-apache-v2-1.40.1.jar ...
[2024-10-11T07:40:21.607+0000] {spark_submit.py:649} INFO - [SUCCESSFUL ] com.google.http-client#google-http-client-apache-v2;1.40.1!google-http-client-apache-v2.jar (661ms)
[2024-10-11T07:40:21.932+0000] {spark_submit.py:649} INFO - downloading https://repo1.maven.org/maven2/org/apache/httpcomponents/httpclient/4.5.13/httpclient-4.5.13.jar ...
[2024-10-11T07:40:23.136+0000] {spark_submit.py:649} INFO - [SUCCESSFUL ] org.apache.httpcomponents#httpclient;4.5.13!httpclient.jar (1526ms)
[2024-10-11T07:40:23.664+0000] {spark_submit.py:649} INFO - downloading https://repo1.maven.org/maven2/com/google/code/findbugs/jsr305/3.0.2/jsr305-3.0.2.jar ...
[2024-10-11T07:40:24.017+0000] {spark_submit.py:649} INFO - [SUCCESSFUL ] com.google.code.findbugs#jsr305;3.0.2!jsr305.jar (879ms)
[2024-10-11T07:40:24.486+0000] {spark_submit.py:649} INFO - downloading https://repo1.maven.org/maven2/com/google/j2objc/j2objc-annotations/1.3/j2objc-annotations-1.3.jar ...
[2024-10-11T07:40:24.928+0000] {spark_submit.py:649} INFO - [SUCCESSFUL ] com.google.j2objc#j2objc-annotations;1.3!j2objc-annotations.jar (909ms)
[2024-10-11T07:40:25.291+0000] {spark_submit.py:649} INFO - downloading https://repo1.maven.org/maven2/commons-logging/commons-logging/1.2/commons-logging-1.2.jar ...
[2024-10-11T07:40:25.752+0000] {spark_submit.py:649} INFO - [SUCCESSFUL ] commons-logging#commons-logging;1.2!commons-logging.jar (823ms)
[2024-10-11T07:40:26.082+0000] {spark_submit.py:649} INFO - downloading https://repo1.maven.org/maven2/commons-codec/commons-codec/1.15/commons-codec-1.15.jar ...
[2024-10-11T07:40:26.853+0000] {spark_submit.py:649} INFO - [SUCCESSFUL ] commons-codec#commons-codec;1.15!commons-codec.jar (1099ms)
[2024-10-11T07:40:27.195+0000] {spark_submit.py:649} INFO - downloading https://repo1.maven.org/maven2/com/google/guava/failureaccess/1.0.1/failureaccess-1.0.1.jar ...
[2024-10-11T07:40:27.525+0000] {spark_submit.py:649} INFO - [SUCCESSFUL ] com.google.guava#failureaccess;1.0.1!failureaccess.jar(bundle) (671ms)
[2024-10-11T07:40:27.863+0000] {spark_submit.py:649} INFO - downloading https://repo1.maven.org/maven2/com/google/guava/listenablefuture/9999.0-empty-to-avoid-conflict-with-guava/listenablefuture-9999.0-empty-to-avoid-conflict-with-guava.jar ...
[2024-10-11T07:40:28.244+0000] {spark_submit.py:649} INFO - [SUCCESSFUL ] com.google.guava#listenablefuture;9999.0-empty-to-avoid-conflict-with-guava!listenablefuture.jar (717ms)
[2024-10-11T07:40:28.565+0000] {spark_submit.py:649} INFO - downloading https://repo1.maven.org/maven2/org/checkerframework/checker-qual/3.12.0/checker-qual-3.12.0.jar ...
[2024-10-11T07:40:29.112+0000] {spark_submit.py:649} INFO - [SUCCESSFUL ] org.checkerframework#checker-qual;3.12.0!checker-qual.jar (866ms)
[2024-10-11T07:40:29.438+0000] {spark_submit.py:649} INFO - downloading https://repo1.maven.org/maven2/com/google/errorprone/error_prone_annotations/2.9.0/error_prone_annotations-2.9.0.jar ...
[2024-10-11T07:40:29.859+0000] {spark_submit.py:649} INFO - [SUCCESSFUL ] com.google.errorprone#error_prone_annotations;2.9.0!error_prone_annotations.jar (746ms)
[2024-10-11T07:40:30.235+0000] {spark_submit.py:649} INFO - downloading https://repo1.maven.org/maven2/io/grpc/grpc-context/1.43.2/grpc-context-1.43.2.jar ...
[2024-10-11T07:40:30.588+0000] {spark_submit.py:649} INFO - [SUCCESSFUL ] io.grpc#grpc-context;1.43.2!grpc-context.jar (722ms)
[2024-10-11T07:40:30.934+0000] {spark_submit.py:649} INFO - downloading https://repo1.maven.org/maven2/com/google/http-client/google-http-client-jackson2/1.40.1/google-http-client-jackson2-1.40.1.jar ...
[2024-10-11T07:40:31.285+0000] {spark_submit.py:649} INFO - [SUCCESSFUL ] com.google.http-client#google-http-client-jackson2;1.40.1!google-http-client-jackson2.jar (695ms)
[2024-10-11T07:40:31.605+0000] {spark_submit.py:649} INFO - downloading https://repo1.maven.org/maven2/com/google/apis/google-api-services-iamcredentials/v1-rev20210326-1.32.1/google-api-services-iamcredentials-v1-rev20210326-1.32.1.jar ...
[2024-10-11T07:40:31.968+0000] {spark_submit.py:649} INFO - [SUCCESSFUL ] com.google.apis#google-api-services-iamcredentials;v1-rev20210326-1.32.1!google-api-services-iamcredentials.jar (678ms)
[2024-10-11T07:40:32.289+0000] {spark_submit.py:649} INFO - downloading https://repo1.maven.org/maven2/com/google/apis/google-api-services-storage/v1-rev20211018-1.32.1/google-api-services-storage-v1-rev20211018-1.32.1.jar ...
[2024-10-11T07:40:32.823+0000] {spark_submit.py:649} INFO - [SUCCESSFUL ] com.google.apis#google-api-services-storage;v1-rev20211018-1.32.1!google-api-services-storage.jar (855ms)
[2024-10-11T07:40:33.202+0000] {spark_submit.py:649} INFO - downloading https://repo1.maven.org/maven2/com/google/auth/google-auth-library-oauth2-http/1.7.0/google-auth-library-oauth2-http-1.7.0.jar ...
[2024-10-11T07:40:33.780+0000] {spark_submit.py:649} INFO - [SUCCESSFUL ] com.google.auth#google-auth-library-oauth2-http;1.7.0!google-auth-library-oauth2-http.jar (955ms)
[2024-10-11T07:40:34.163+0000] {spark_submit.py:649} INFO - downloading https://repo1.maven.org/maven2/com/fasterxml/jackson/core/jackson-core/2.13.0/jackson-core-2.13.0.jar ...
[2024-10-11T07:40:34.950+0000] {spark_submit.py:649} INFO - [SUCCESSFUL ] com.fasterxml.jackson.core#jackson-core;2.13.0!jackson-core.jar(bundle) (1168ms)
[2024-10-11T07:40:35.312+0000] {spark_submit.py:649} INFO - downloading https://repo1.maven.org/maven2/com/google/auth/google-auth-library-credentials/1.7.0/google-auth-library-credentials-1.7.0.jar ...
[2024-10-11T07:40:35.690+0000] {spark_submit.py:649} INFO - [SUCCESSFUL ] com.google.auth#google-auth-library-credentials;1.7.0!google-auth-library-credentials.jar (739ms)
[2024-10-11T07:40:36.015+0000] {spark_submit.py:649} INFO - downloading https://repo1.maven.org/maven2/com/google/http-client/google-http-client/1.41.8/google-http-client-1.41.8.jar ...
[2024-10-11T07:40:36.636+0000] {spark_submit.py:649} INFO - [SUCCESSFUL ] com.google.http-client#google-http-client;1.41.8!google-http-client.jar (942ms)
[2024-10-11T07:40:36.955+0000] {spark_submit.py:649} INFO - downloading https://repo1.maven.org/maven2/com/google/http-client/google-http-client-gson/1.41.8/google-http-client-gson-1.41.8.jar ...
[2024-10-11T07:40:37.297+0000] {spark_submit.py:649} INFO - [SUCCESSFUL ] com.google.http-client#google-http-client-gson;1.41.8!google-http-client-gson.jar (658ms)
[2024-10-11T07:40:37.681+0000] {spark_submit.py:649} INFO - downloading https://repo1.maven.org/maven2/org/apache/httpcomponents/httpcore/4.4.15/httpcore-4.4.15.jar ...
[2024-10-11T07:40:38.346+0000] {spark_submit.py:649} INFO - [SUCCESSFUL ] org.apache.httpcomponents#httpcore;4.4.15!httpcore.jar (1048ms)
[2024-10-11T07:40:38.820+0000] {spark_submit.py:649} INFO - downloading https://repo1.maven.org/maven2/io/opencensus/opencensus-api/0.31.0/opencensus-api-0.31.0.jar ...
[2024-10-11T07:40:39.569+0000] {spark_submit.py:649} INFO - [SUCCESSFUL ] io.opencensus#opencensus-api;0.31.0!opencensus-api.jar (1221ms)
[2024-10-11T07:40:39.924+0000] {spark_submit.py:649} INFO - downloading https://repo1.maven.org/maven2/io/opencensus/opencensus-contrib-http-util/0.31.0/opencensus-contrib-http-util-0.31.0.jar ...
[2024-10-11T07:40:40.338+0000] {spark_submit.py:649} INFO - [SUCCESSFUL ] io.opencensus#opencensus-contrib-http-util;0.31.0!opencensus-contrib-http-util.jar (768ms)
[2024-10-11T07:40:40.663+0000] {spark_submit.py:649} INFO - downloading https://repo1.maven.org/maven2/com/google/flogger/flogger-system-backend/0.7.1/flogger-system-backend-0.7.1.jar ...
[2024-10-11T07:40:41.006+0000] {spark_submit.py:649} INFO - [SUCCESSFUL ] com.google.flogger#flogger-system-backend;0.7.1!flogger-system-backend.jar (666ms)
[2024-10-11T07:40:41.361+0000] {spark_submit.py:649} INFO - downloading https://repo1.maven.org/maven2/org/checkerframework/checker-compat-qual/2.5.3/checker-compat-qual-2.5.3.jar ...
[2024-10-11T07:40:41.693+0000] {spark_submit.py:649} INFO - [SUCCESSFUL ] org.checkerframework#checker-compat-qual;2.5.3!checker-compat-qual.jar (685ms)
[2024-10-11T07:40:42.109+0000] {spark_submit.py:649} INFO - downloading https://repo1.maven.org/maven2/io/grpc/grpc-api/1.43.2/grpc-api-1.43.2.jar ...
[2024-10-11T07:40:42.754+0000] {spark_submit.py:649} INFO - [SUCCESSFUL ] io.grpc#grpc-api;1.43.2!grpc-api.jar (1059ms)
[2024-10-11T07:40:43.090+0000] {spark_submit.py:649} INFO - downloading https://repo1.maven.org/maven2/io/grpc/grpc-alts/1.43.2/grpc-alts-1.43.2.jar ...
[2024-10-11T07:40:43.779+0000] {spark_submit.py:649} INFO - [SUCCESSFUL ] io.grpc#grpc-alts;1.43.2!grpc-alts.jar (1023ms)
[2024-10-11T07:40:44.145+0000] {spark_submit.py:649} INFO - downloading https://repo1.maven.org/maven2/io/grpc/grpc-core/1.43.2/grpc-core-1.43.2.jar ...
[2024-10-11T07:40:45.202+0000] {spark_submit.py:649} INFO - [SUCCESSFUL ] io.grpc#grpc-core;1.43.2!grpc-core.jar (1421ms)
[2024-10-11T07:40:45.516+0000] {spark_submit.py:649} INFO - downloading https://repo1.maven.org/maven2/io/grpc/grpc-census/1.43.2/grpc-census-1.43.2.jar ...
[2024-10-11T07:40:45.886+0000] {spark_submit.py:649} INFO - [SUCCESSFUL ] io.grpc#grpc-census;1.43.2!grpc-census.jar (683ms)
[2024-10-11T07:40:46.206+0000] {spark_submit.py:649} INFO - downloading https://repo1.maven.org/maven2/io/grpc/grpc-protobuf/1.43.2/grpc-protobuf-1.43.2.jar ...
[2024-10-11T07:40:46.579+0000] {spark_submit.py:649} INFO - [SUCCESSFUL ] io.grpc#grpc-protobuf;1.43.2!grpc-protobuf.jar (691ms)
[2024-10-11T07:40:46.911+0000] {spark_submit.py:649} INFO - downloading https://repo1.maven.org/maven2/com/google/api/grpc/grpc-google-cloud-storage-v2/2.2.2-alpha/grpc-google-cloud-storage-v2-2.2.2-alpha.jar ...
[2024-10-11T07:40:47.306+0000] {spark_submit.py:649} INFO - [SUCCESSFUL ] com.google.api.grpc#grpc-google-cloud-storage-v2;2.2.2-alpha!grpc-google-cloud-storage-v2.jar (726ms)
[2024-10-11T07:40:47.695+0000] {spark_submit.py:649} INFO - downloading https://repo1.maven.org/maven2/io/grpc/grpc-stub/1.43.2/grpc-stub-1.43.2.jar ...
[2024-10-11T07:40:48.088+0000] {spark_submit.py:649} INFO - [SUCCESSFUL ] io.grpc#grpc-stub;1.43.2!grpc-stub.jar (780ms)
[2024-10-11T07:40:48.412+0000] {spark_submit.py:649} INFO - downloading https://repo1.maven.org/maven2/io/grpc/grpc-xds/1.43.2/grpc-xds-1.43.2.jar ...
[2024-10-11T07:40:56.148+0000] {spark_submit.py:649} INFO - [SUCCESSFUL ] io.grpc#grpc-xds;1.43.2!grpc-xds.jar (8057ms)
[2024-10-11T07:40:56.471+0000] {spark_submit.py:649} INFO - downloading https://repo1.maven.org/maven2/com/google/api/grpc/proto-google-iam-v1/1.1.7/proto-google-iam-v1-1.1.7.jar ...
[2024-10-11T07:40:56.846+0000] {spark_submit.py:649} INFO - [SUCCESSFUL ] com.google.api.grpc#proto-google-iam-v1;1.1.7!proto-google-iam-v1.jar (697ms)
[2024-10-11T07:40:57.203+0000] {spark_submit.py:649} INFO - downloading https://repo1.maven.org/maven2/com/google/protobuf/protobuf-java-util/3.19.2/protobuf-java-util-3.19.2.jar ...
[2024-10-11T07:40:57.552+0000] {spark_submit.py:649} INFO - [SUCCESSFUL ] com.google.protobuf#protobuf-java-util;3.19.2!protobuf-java-util.jar(bundle) (706ms)
[2024-10-11T07:40:57.869+0000] {spark_submit.py:649} INFO - downloading https://repo1.maven.org/maven2/io/opencensus/opencensus-impl/0.31.0/opencensus-impl-0.31.0.jar ...
[2024-10-11T07:40:58.199+0000] {spark_submit.py:649} INFO - [SUCCESSFUL ] io.opencensus#opencensus-impl;0.31.0!opencensus-impl.jar (645ms)
[2024-10-11T07:40:58.530+0000] {spark_submit.py:649} INFO - downloading https://repo1.maven.org/maven2/io/opencensus/opencensus-exporter-stats-stackdriver/0.31.0/opencensus-exporter-stats-stackdriver-0.31.0.jar ...
[2024-10-11T07:40:58.912+0000] {spark_submit.py:649} INFO - [SUCCESSFUL ] io.opencensus#opencensus-exporter-stats-stackdriver;0.31.0!opencensus-exporter-stats-stackdriver.jar (710ms)
[2024-10-11T07:40:59.230+0000] {spark_submit.py:649} INFO - downloading https://repo1.maven.org/maven2/io/opencensus/opencensus-contrib-grpc-metrics/0.31.0/opencensus-contrib-grpc-metrics-0.31.0.jar ...
[2024-10-11T07:40:59.621+0000] {spark_submit.py:649} INFO - [SUCCESSFUL ] io.opencensus#opencensus-contrib-grpc-metrics;0.31.0!opencensus-contrib-grpc-metrics.jar (706ms)
[2024-10-11T07:41:00.016+0000] {spark_submit.py:649} INFO - downloading https://repo1.maven.org/maven2/com/google/cloud/google-cloud-core/2.5.4/google-cloud-core-2.5.4.jar ...
[2024-10-11T07:41:00.444+0000] {spark_submit.py:649} INFO - [SUCCESSFUL ] com.google.cloud#google-cloud-core;2.5.4!google-cloud-core.jar (822ms)
[2024-10-11T07:41:00.812+0000] {spark_submit.py:649} INFO - downloading https://repo1.maven.org/maven2/com/google/api/gax-grpc/2.7.1/gax-grpc-2.7.1.jar ...
[2024-10-11T07:41:01.246+0000] {spark_submit.py:649} INFO - [SUCCESSFUL ] com.google.api#gax-grpc;2.7.1!gax-grpc.jar (801ms)
[2024-10-11T07:41:01.561+0000] {spark_submit.py:649} INFO - downloading https://repo1.maven.org/maven2/io/grpc/grpc-auth/1.43.2/grpc-auth-1.43.2.jar ...
[2024-10-11T07:41:01.934+0000] {spark_submit.py:649} INFO - [SUCCESSFUL ] io.grpc#grpc-auth;1.43.2!grpc-auth.jar (686ms)
[2024-10-11T07:41:02.322+0000] {spark_submit.py:649} INFO - downloading https://repo1.maven.org/maven2/io/grpc/grpc-grpclb/1.43.2/grpc-grpclb-1.43.2.jar ...
[2024-10-11T07:41:02.706+0000] {spark_submit.py:649} INFO - [SUCCESSFUL ] io.grpc#grpc-grpclb;1.43.2!grpc-grpclb.jar (771ms)
[2024-10-11T07:41:03.024+0000] {spark_submit.py:649} INFO - downloading https://repo1.maven.org/maven2/org/conscrypt/conscrypt-openjdk-uber/2.5.1/conscrypt-openjdk-uber-2.5.1.jar ...
[2024-10-11T07:41:05.221+0000] {spark_submit.py:649} INFO - [SUCCESSFUL ] org.conscrypt#conscrypt-openjdk-uber;2.5.1!conscrypt-openjdk-uber.jar (2514ms)
[2024-10-11T07:41:05.683+0000] {spark_submit.py:649} INFO - downloading https://repo1.maven.org/maven2/io/grpc/grpc-netty-shaded/1.43.2/grpc-netty-shaded-1.43.2.jar ...
[2024-10-11T07:41:08.168+0000] {spark_submit.py:649} INFO - [SUCCESSFUL ] io.grpc#grpc-netty-shaded;1.43.2!grpc-netty-shaded.jar (2943ms)
[2024-10-11T07:41:08.487+0000] {spark_submit.py:649} INFO - downloading https://repo1.maven.org/maven2/io/grpc/grpc-protobuf-lite/1.43.2/grpc-protobuf-lite-1.43.2.jar ...
[2024-10-11T07:41:08.887+0000] {spark_submit.py:649} INFO - [SUCCESSFUL ] io.grpc#grpc-protobuf-lite;1.43.2!grpc-protobuf-lite.jar (717ms)
[2024-10-11T07:41:09.205+0000] {spark_submit.py:649} INFO - downloading https://repo1.maven.org/maven2/com/google/api/grpc/proto-google-cloud-storage-v2/2.2.2-alpha/proto-google-cloud-storage-v2-2.2.2-alpha.jar ...
[2024-10-11T07:41:09.646+0000] {spark_submit.py:649} INFO - [SUCCESSFUL ] com.google.api.grpc#proto-google-cloud-storage-v2;2.2.2-alpha!proto-google-cloud-storage-v2.jar (758ms)
[2024-10-11T07:41:09.971+0000] {spark_submit.py:649} INFO - downloading https://repo1.maven.org/maven2/javax/annotation/javax.annotation-api/1.3.2/javax.annotation-api-1.3.2.jar ...
[2024-10-11T07:41:10.334+0000] {spark_submit.py:649} INFO - [SUCCESSFUL ] javax.annotation#javax.annotation-api;1.3.2!javax.annotation-api.jar (687ms)
[2024-10-11T07:41:10.691+0000] {spark_submit.py:649} INFO - downloading https://repo1.maven.org/maven2/com/google/api/grpc/proto-google-common-protos/2.7.0/proto-google-common-protos-2.7.0.jar ...
[2024-10-11T07:41:11.450+0000] {spark_submit.py:649} INFO - [SUCCESSFUL ] com.google.api.grpc#proto-google-common-protos;2.7.0!proto-google-common-protos.jar (1115ms)
[2024-10-11T07:41:11.769+0000] {spark_submit.py:649} INFO - downloading https://repo1.maven.org/maven2/io/grpc/grpc-services/1.43.2/grpc-services-1.43.2.jar ...
[2024-10-11T07:41:12.271+0000] {spark_submit.py:649} INFO - [SUCCESSFUL ] io.grpc#grpc-services;1.43.2!grpc-services.jar (820ms)
[2024-10-11T07:41:12.820+0000] {spark_submit.py:649} INFO - downloading https://repo1.maven.org/maven2/com/google/re2j/re2j/1.5/re2j-1.5.jar ...
[2024-10-11T07:41:13.247+0000] {spark_submit.py:649} INFO - [SUCCESSFUL ] com.google.re2j#re2j;1.5!re2j.jar (973ms)
[2024-10-11T07:41:13.592+0000] {spark_submit.py:649} INFO - downloading https://repo1.maven.org/maven2/org/bouncycastle/bcpkix-jdk15on/1.67/bcpkix-jdk15on-1.67.jar ...
[2024-10-11T07:41:14.117+0000] {spark_submit.py:649} INFO - [SUCCESSFUL ] org.bouncycastle#bcpkix-jdk15on;1.67!bcpkix-jdk15on.jar (868ms)
[2024-10-11T07:41:14.456+0000] {spark_submit.py:649} INFO - downloading https://repo1.maven.org/maven2/io/opencensus/opencensus-proto/0.2.0/opencensus-proto-0.2.0.jar ...
[2024-10-11T07:41:14.963+0000] {spark_submit.py:649} INFO - [SUCCESSFUL ] io.opencensus#opencensus-proto;0.2.0!opencensus-proto.jar (845ms)
[2024-10-11T07:41:15.478+0000] {spark_submit.py:649} INFO - downloading https://repo1.maven.org/maven2/org/bouncycastle/bcprov-jdk15on/1.67/bcprov-jdk15on-1.67.jar ...
[2024-10-11T07:41:17.043+0000] {spark_submit.py:649} INFO - [SUCCESSFUL ] org.bouncycastle#bcprov-jdk15on;1.67!bcprov-jdk15on.jar (2078ms)
[2024-10-11T07:41:17.366+0000] {spark_submit.py:649} INFO - downloading https://repo1.maven.org/maven2/io/opencensus/opencensus-impl-core/0.31.0/opencensus-impl-core-0.31.0.jar ...
[2024-10-11T07:41:17.728+0000] {spark_submit.py:649} INFO - [SUCCESSFUL ] io.opencensus#opencensus-impl-core;0.31.0!opencensus-impl-core.jar (684ms)
[2024-10-11T07:41:18.051+0000] {spark_submit.py:649} INFO - downloading https://repo1.maven.org/maven2/com/lmax/disruptor/3.4.2/disruptor-3.4.2.jar ...
[2024-10-11T07:41:18.423+0000] {spark_submit.py:649} INFO - [SUCCESSFUL ] com.lmax#disruptor;3.4.2!disruptor.jar (693ms)
[2024-10-11T07:41:18.770+0000] {spark_submit.py:649} INFO - downloading https://repo1.maven.org/maven2/io/opencensus/opencensus-contrib-exemplar-util/0.31.0/opencensus-contrib-exemplar-util-0.31.0.jar ...
[2024-10-11T07:41:19.126+0000] {spark_submit.py:649} INFO - [SUCCESSFUL ] io.opencensus#opencensus-contrib-exemplar-util;0.31.0!opencensus-contrib-exemplar-util.jar (703ms)
[2024-10-11T07:41:19.574+0000] {spark_submit.py:649} INFO - downloading https://repo1.maven.org/maven2/io/opencensus/opencensus-contrib-resource-util/0.31.0/opencensus-contrib-resource-util-0.31.0.jar ...
[2024-10-11T07:41:19.934+0000] {spark_submit.py:649} INFO - [SUCCESSFUL ] io.opencensus#opencensus-contrib-resource-util;0.31.0!opencensus-contrib-resource-util.jar (806ms)
[2024-10-11T07:41:20.403+0000] {spark_submit.py:649} INFO - downloading https://repo1.maven.org/maven2/io/opencensus/opencensus-exporter-metrics-util/0.31.0/opencensus-exporter-metrics-util-0.31.0.jar ...
[2024-10-11T07:41:20.809+0000] {spark_submit.py:649} INFO - [SUCCESSFUL ] io.opencensus#opencensus-exporter-metrics-util;0.31.0!opencensus-exporter-metrics-util.jar (874ms)
[2024-10-11T07:41:21.207+0000] {spark_submit.py:649} INFO - downloading https://repo1.maven.org/maven2/com/google/cloud/google-cloud-monitoring/1.82.0/google-cloud-monitoring-1.82.0.jar ...
[2024-10-11T07:41:21.569+0000] {spark_submit.py:649} INFO - [SUCCESSFUL ] com.google.cloud#google-cloud-monitoring;1.82.0!google-cloud-monitoring.jar (758ms)
[2024-10-11T07:41:21.930+0000] {spark_submit.py:649} INFO - downloading https://repo1.maven.org/maven2/com/google/cloud/google-cloud-core-grpc/1.82.0/google-cloud-core-grpc-1.82.0.jar ...
[2024-10-11T07:41:22.334+0000] {spark_submit.py:649} INFO - [SUCCESSFUL ] com.google.cloud#google-cloud-core-grpc;1.82.0!google-cloud-core-grpc.jar (765ms)
[2024-10-11T07:41:22.750+0000] {spark_submit.py:649} INFO - downloading https://repo1.maven.org/maven2/com/google/api/grpc/proto-google-cloud-monitoring-v3/1.64.0/proto-google-cloud-monitoring-v3-1.64.0.jar ...
[2024-10-11T07:41:23.389+0000] {spark_submit.py:649} INFO - [SUCCESSFUL ] com.google.api.grpc#proto-google-cloud-monitoring-v3;1.64.0!proto-google-cloud-monitoring-v3.jar (1054ms)
[2024-10-11T07:41:23.751+0000] {spark_submit.py:649} INFO - downloading https://repo1.maven.org/maven2/com/google/api/gax/1.47.1/gax-1.47.1.jar ...
[2024-10-11T07:41:25.935+0000] {spark_submit.py:649} INFO - [SUCCESSFUL ] com.google.api#gax;1.47.1!gax.jar (2544ms)
[2024-10-11T07:41:26.290+0000] {spark_submit.py:649} INFO - downloading https://repo1.maven.org/maven2/org/threeten/threetenbp/1.5.2/threetenbp-1.5.2.jar ...
[2024-10-11T07:41:26.798+0000] {spark_submit.py:649} INFO - [SUCCESSFUL ] org.threeten#threetenbp;1.5.2!threetenbp.jar (862ms)
[2024-10-11T07:41:27.130+0000] {spark_submit.py:649} INFO - downloading https://repo1.maven.org/maven2/com/google/api/api-common/1.8.1/api-common-1.8.1.jar ...
[2024-10-11T07:41:27.611+0000] {spark_submit.py:649} INFO - [SUCCESSFUL ] com.google.api#api-common;1.8.1!api-common.jar (810ms)
[2024-10-11T07:41:28.009+0000] {spark_submit.py:649} INFO - downloading https://repo1.maven.org/maven2/com/google/android/annotations/4.1.1.4/annotations-4.1.1.4.jar ...
[2024-10-11T07:41:28.417+0000] {spark_submit.py:649} INFO - [SUCCESSFUL ] com.google.android#annotations;4.1.1.4!annotations.jar (805ms)
[2024-10-11T07:41:28.812+0000] {spark_submit.py:649} INFO - downloading https://repo1.maven.org/maven2/org/codehaus/mojo/animal-sniffer-annotations/1.19/animal-sniffer-annotations-1.19.jar ...
[2024-10-11T07:41:29.213+0000] {spark_submit.py:649} INFO - [SUCCESSFUL ] org.codehaus.mojo#animal-sniffer-annotations;1.19!animal-sniffer-annotations.jar (794ms)
[2024-10-11T07:41:29.611+0000] {spark_submit.py:649} INFO - downloading https://repo1.maven.org/maven2/io/perfmark/perfmark-api/0.23.0/perfmark-api-0.23.0.jar ...
[2024-10-11T07:41:30.005+0000] {spark_submit.py:649} INFO - [SUCCESSFUL ] io.perfmark#perfmark-api;0.23.0!perfmark-api.jar (790ms)
[2024-10-11T07:41:30.006+0000] {spark_submit.py:649} INFO - :: resolution report :: resolve 277869ms :: artifacts dl 106786ms
[2024-10-11T07:41:30.007+0000] {spark_submit.py:649} INFO - :: modules in use:
[2024-10-11T07:41:30.009+0000] {spark_submit.py:649} INFO - com.fasterxml.jackson.core#jackson-core;2.13.0 from central in [default]
[2024-10-11T07:41:30.010+0000] {spark_submit.py:649} INFO - com.google.android#annotations;4.1.1.4 from central in [default]
[2024-10-11T07:41:30.010+0000] {spark_submit.py:649} INFO - com.google.api#api-common;1.8.1 from central in [default]
[2024-10-11T07:41:30.011+0000] {spark_submit.py:649} INFO - com.google.api#gax;1.47.1 from central in [default]
[2024-10-11T07:41:30.011+0000] {spark_submit.py:649} INFO - com.google.api#gax-grpc;2.7.1 from central in [default]
[2024-10-11T07:41:30.012+0000] {spark_submit.py:649} INFO - com.google.api-client#google-api-client;1.32.2 from central in [default]
[2024-10-11T07:41:30.012+0000] {spark_submit.py:649} INFO - com.google.api-client#google-api-client-jackson2;1.32.2 from central in [default]
[2024-10-11T07:41:30.013+0000] {spark_submit.py:649} INFO - com.google.api.grpc#grpc-google-cloud-storage-v2;2.2.2-alpha from central in [default]
[2024-10-11T07:41:30.013+0000] {spark_submit.py:649} INFO - com.google.api.grpc#proto-google-cloud-monitoring-v3;1.64.0 from central in [default]
[2024-10-11T07:41:30.014+0000] {spark_submit.py:649} INFO - com.google.api.grpc#proto-google-cloud-storage-v2;2.2.2-alpha from central in [default]
[2024-10-11T07:41:30.014+0000] {spark_submit.py:649} INFO - com.google.api.grpc#proto-google-common-protos;2.7.0 from central in [default]
[2024-10-11T07:41:30.014+0000] {spark_submit.py:649} INFO - com.google.api.grpc#proto-google-iam-v1;1.1.7 from central in [default]
[2024-10-11T07:41:30.015+0000] {spark_submit.py:649} INFO - com.google.apis#google-api-services-iamcredentials;v1-rev20210326-1.32.1 from central in [default]
[2024-10-11T07:41:30.015+0000] {spark_submit.py:649} INFO - com.google.apis#google-api-services-storage;v1-rev20211018-1.32.1 from central in [default]
[2024-10-11T07:41:30.016+0000] {spark_submit.py:649} INFO - com.google.auth#google-auth-library-credentials;1.7.0 from central in [default]
[2024-10-11T07:41:30.017+0000] {spark_submit.py:649} INFO - com.google.auth#google-auth-library-oauth2-http;1.7.0 from central in [default]
[2024-10-11T07:41:30.017+0000] {spark_submit.py:649} INFO - com.google.auto.value#auto-value-annotations;1.8.2 from central in [default]
[2024-10-11T07:41:30.018+0000] {spark_submit.py:649} INFO - com.google.cloud#google-cloud-core;2.5.4 from central in [default]
[2024-10-11T07:41:30.018+0000] {spark_submit.py:649} INFO - com.google.cloud#google-cloud-core-grpc;1.82.0 from central in [default]
[2024-10-11T07:41:30.018+0000] {spark_submit.py:649} INFO - com.google.cloud#google-cloud-monitoring;1.82.0 from central in [default]
[2024-10-11T07:41:30.019+0000] {spark_submit.py:649} INFO - com.google.cloud.bigdataoss#gcs-connector;hadoop3-2.2.8 from central in [default]
[2024-10-11T07:41:30.019+0000] {spark_submit.py:649} INFO - com.google.cloud.bigdataoss#gcsio;2.2.8 from central in [default]
[2024-10-11T07:41:30.019+0000] {spark_submit.py:649} INFO - com.google.cloud.bigdataoss#util;2.2.8 from central in [default]
[2024-10-11T07:41:30.020+0000] {spark_submit.py:649} INFO - com.google.cloud.bigdataoss#util-hadoop;hadoop3-2.2.8 from central in [default]
[2024-10-11T07:41:30.020+0000] {spark_submit.py:649} INFO - com.google.cloud.spark#spark-bigquery-with-dependencies_2.12;0.29.0 from central in [default]
[2024-10-11T07:41:30.020+0000] {spark_submit.py:649} INFO - com.google.code.findbugs#jsr305;3.0.2 from central in [default]
[2024-10-11T07:41:30.021+0000] {spark_submit.py:649} INFO - com.google.code.gson#gson;2.8.9 from central in [default]
[2024-10-11T07:41:30.021+0000] {spark_submit.py:649} INFO - com.google.errorprone#error_prone_annotations;2.9.0 from central in [default]
[2024-10-11T07:41:30.022+0000] {spark_submit.py:649} INFO - com.google.flogger#flogger;0.7.1 from central in [default]
[2024-10-11T07:41:30.022+0000] {spark_submit.py:649} INFO - com.google.flogger#flogger-system-backend;0.7.1 from central in [default]
[2024-10-11T07:41:30.022+0000] {spark_submit.py:649} INFO - com.google.flogger#google-extensions;0.7.1 from central in [default]
[2024-10-11T07:41:30.023+0000] {spark_submit.py:649} INFO - com.google.guava#failureaccess;1.0.1 from central in [default]
[2024-10-11T07:41:30.023+0000] {spark_submit.py:649} INFO - com.google.guava#guava;31.0.1-jre from central in [default]
[2024-10-11T07:41:30.024+0000] {spark_submit.py:649} INFO - com.google.guava#listenablefuture;9999.0-empty-to-avoid-conflict-with-guava from central in [default]
[2024-10-11T07:41:30.024+0000] {spark_submit.py:649} INFO - com.google.http-client#google-http-client;1.41.8 from central in [default]
[2024-10-11T07:41:30.025+0000] {spark_submit.py:649} INFO - com.google.http-client#google-http-client-apache-v2;1.40.1 from central in [default]
[2024-10-11T07:41:30.025+0000] {spark_submit.py:649} INFO - com.google.http-client#google-http-client-gson;1.41.8 from central in [default]
[2024-10-11T07:41:30.026+0000] {spark_submit.py:649} INFO - com.google.http-client#google-http-client-jackson2;1.40.1 from central in [default]
[2024-10-11T07:41:30.026+0000] {spark_submit.py:649} INFO - com.google.j2objc#j2objc-annotations;1.3 from central in [default]
[2024-10-11T07:41:30.026+0000] {spark_submit.py:649} INFO - com.google.oauth-client#google-oauth-client;1.33.3 from central in [default]
[2024-10-11T07:41:30.027+0000] {spark_submit.py:649} INFO - com.google.protobuf#protobuf-java-util;3.19.2 from central in [default]
[2024-10-11T07:41:30.027+0000] {spark_submit.py:649} INFO - com.google.re2j#re2j;1.5 from central in [default]
[2024-10-11T07:41:30.027+0000] {spark_submit.py:649} INFO - com.lmax#disruptor;3.4.2 from central in [default]
[2024-10-11T07:41:30.028+0000] {spark_submit.py:649} INFO - commons-codec#commons-codec;1.15 from central in [default]
[2024-10-11T07:41:30.028+0000] {spark_submit.py:649} INFO - commons-logging#commons-logging;1.2 from central in [default]
[2024-10-11T07:41:30.028+0000] {spark_submit.py:649} INFO - io.grpc#grpc-alts;1.43.2 from central in [default]
[2024-10-11T07:41:30.029+0000] {spark_submit.py:649} INFO - io.grpc#grpc-api;1.43.2 from central in [default]
[2024-10-11T07:41:30.029+0000] {spark_submit.py:649} INFO - io.grpc#grpc-auth;1.43.2 from central in [default]
[2024-10-11T07:41:30.029+0000] {spark_submit.py:649} INFO - io.grpc#grpc-census;1.43.2 from central in [default]
[2024-10-11T07:41:30.029+0000] {spark_submit.py:649} INFO - io.grpc#grpc-context;1.43.2 from central in [default]
[2024-10-11T07:41:30.030+0000] {spark_submit.py:649} INFO - io.grpc#grpc-core;1.43.2 from central in [default]
[2024-10-11T07:41:30.030+0000] {spark_submit.py:649} INFO - io.grpc#grpc-grpclb;1.43.2 from central in [default]
[2024-10-11T07:41:30.031+0000] {spark_submit.py:649} INFO - io.grpc#grpc-netty-shaded;1.43.2 from central in [default]
[2024-10-11T07:41:30.031+0000] {spark_submit.py:649} INFO - io.grpc#grpc-protobuf;1.43.2 from central in [default]
[2024-10-11T07:41:30.031+0000] {spark_submit.py:649} INFO - io.grpc#grpc-protobuf-lite;1.43.2 from central in [default]
[2024-10-11T07:41:30.031+0000] {spark_submit.py:649} INFO - io.grpc#grpc-services;1.43.2 from central in [default]
[2024-10-11T07:41:30.032+0000] {spark_submit.py:649} INFO - io.grpc#grpc-stub;1.43.2 from central in [default]
[2024-10-11T07:41:30.032+0000] {spark_submit.py:649} INFO - io.grpc#grpc-xds;1.43.2 from central in [default]
[2024-10-11T07:41:30.032+0000] {spark_submit.py:649} INFO - io.opencensus#opencensus-api;0.31.0 from central in [default]
[2024-10-11T07:41:30.032+0000] {spark_submit.py:649} INFO - io.opencensus#opencensus-contrib-exemplar-util;0.31.0 from central in [default]
[2024-10-11T07:41:30.032+0000] {spark_submit.py:649} INFO - io.opencensus#opencensus-contrib-grpc-metrics;0.31.0 from central in [default]
[2024-10-11T07:41:30.033+0000] {spark_submit.py:649} INFO - io.opencensus#opencensus-contrib-http-util;0.31.0 from central in [default]
[2024-10-11T07:41:30.033+0000] {spark_submit.py:649} INFO - io.opencensus#opencensus-contrib-resource-util;0.31.0 from central in [default]
[2024-10-11T07:41:30.034+0000] {spark_submit.py:649} INFO - io.opencensus#opencensus-exporter-metrics-util;0.31.0 from central in [default]
[2024-10-11T07:41:30.034+0000] {spark_submit.py:649} INFO - io.opencensus#opencensus-exporter-stats-stackdriver;0.31.0 from central in [default]
[2024-10-11T07:41:30.034+0000] {spark_submit.py:649} INFO - io.opencensus#opencensus-impl;0.31.0 from central in [default]
[2024-10-11T07:41:30.034+0000] {spark_submit.py:649} INFO - io.opencensus#opencensus-impl-core;0.31.0 from central in [default]
[2024-10-11T07:41:30.035+0000] {spark_submit.py:649} INFO - io.opencensus#opencensus-proto;0.2.0 from central in [default]
[2024-10-11T07:41:30.035+0000] {spark_submit.py:649} INFO - io.perfmark#perfmark-api;0.23.0 from central in [default]
[2024-10-11T07:41:30.035+0000] {spark_submit.py:649} INFO - javax.annotation#javax.annotation-api;1.3.2 from central in [default]
[2024-10-11T07:41:30.035+0000] {spark_submit.py:649} INFO - org.apache.httpcomponents#httpclient;4.5.13 from central in [default]
[2024-10-11T07:41:30.036+0000] {spark_submit.py:649} INFO - org.apache.httpcomponents#httpcore;4.4.15 from central in [default]
[2024-10-11T07:41:30.036+0000] {spark_submit.py:649} INFO - org.apache.sedona#sedona-core-3.0_2.12;1.2.0-incubating from central in [default]
[2024-10-11T07:41:30.037+0000] {spark_submit.py:649} INFO - org.apache.sedona#sedona-python-adapter-3.0_2.12;1.2.0-incubating from central in [default]
[2024-10-11T07:41:30.037+0000] {spark_submit.py:649} INFO - org.apache.sedona#sedona-sql-3.0_2.12;1.2.0-incubating from central in [default]
[2024-10-11T07:41:30.037+0000] {spark_submit.py:649} INFO - org.bouncycastle#bcpkix-jdk15on;1.67 from central in [default]
[2024-10-11T07:41:30.038+0000] {spark_submit.py:649} INFO - org.bouncycastle#bcprov-jdk15on;1.67 from central in [default]
[2024-10-11T07:41:30.038+0000] {spark_submit.py:649} INFO - org.checkerframework#checker-compat-qual;2.5.3 from central in [default]
[2024-10-11T07:41:30.038+0000] {spark_submit.py:649} INFO - org.checkerframework#checker-qual;3.12.0 from central in [default]
[2024-10-11T07:41:30.039+0000] {spark_submit.py:649} INFO - org.codehaus.mojo#animal-sniffer-annotations;1.19 from central in [default]
[2024-10-11T07:41:30.039+0000] {spark_submit.py:649} INFO - org.conscrypt#conscrypt-openjdk-uber;2.5.1 from central in [default]
[2024-10-11T07:41:30.039+0000] {spark_submit.py:649} INFO - org.datasyslab#geotools-wrapper;geotools-24.0 from central in [default]
[2024-10-11T07:41:30.039+0000] {spark_submit.py:649} INFO - org.locationtech.jts#jts-core;1.18.0 from central in [default]
[2024-10-11T07:41:30.039+0000] {spark_submit.py:649} INFO - org.scala-lang.modules#scala-collection-compat_2.12;2.5.0 from central in [default]
[2024-10-11T07:41:30.040+0000] {spark_submit.py:649} INFO - org.threeten#threetenbp;1.5.2 from central in [default]
[2024-10-11T07:41:30.040+0000] {spark_submit.py:649} INFO - org.wololo#jts2geojson;0.16.1 from central in [default]
[2024-10-11T07:41:30.040+0000] {spark_submit.py:649} INFO - :: evicted modules:
[2024-10-11T07:41:30.040+0000] {spark_submit.py:649} INFO - com.google.http-client#google-http-client;1.40.1 by [com.google.http-client#google-http-client;1.41.8] in [default]
[2024-10-11T07:41:30.041+0000] {spark_submit.py:649} INFO - org.apache.httpcomponents#httpcore;4.4.14 by [org.apache.httpcomponents#httpcore;4.4.15] in [default]
[2024-10-11T07:41:30.041+0000] {spark_submit.py:649} INFO - io.opencensus#opencensus-api;0.28.0 by [io.opencensus#opencensus-api;0.31.0] in [default]
[2024-10-11T07:41:30.041+0000] {spark_submit.py:649} INFO - io.opencensus#opencensus-contrib-http-util;0.28.0 by [io.opencensus#opencensus-contrib-http-util;0.31.0] in [default]
[2024-10-11T07:41:30.042+0000] {spark_submit.py:649} INFO - com.google.http-client#google-http-client-gson;1.40.1 by [com.google.http-client#google-http-client-gson;1.41.8] in [default]
[2024-10-11T07:41:30.042+0000] {spark_submit.py:649} INFO - com.google.api-client#google-api-client;1.32.1 by [com.google.api-client#google-api-client;1.32.2] in [default]
[2024-10-11T07:41:30.042+0000] {spark_submit.py:649} INFO - com.google.protobuf#protobuf-java;3.19.2 by [com.google.protobuf#protobuf-java;4.21.12] in [default]
[2024-10-11T07:41:30.043+0000] {spark_submit.py:649} INFO - com.google.api.grpc#proto-google-common-protos;2.0.1 by [com.google.api.grpc#proto-google-common-protos;2.7.0] in [default]
[2024-10-11T07:41:30.043+0000] {spark_submit.py:649} INFO - com.google.errorprone#error_prone_annotations;2.5.1 by [com.google.errorprone#error_prone_annotations;2.9.0] in [default]
[2024-10-11T07:41:30.043+0000] {spark_submit.py:649} INFO - io.opencensus#opencensus-api;0.21.0 by [io.opencensus#opencensus-api;0.31.0] in [default]
[2024-10-11T07:41:30.043+0000] {spark_submit.py:649} INFO - com.google.api.grpc#proto-google-common-protos;1.16.0 by [com.google.api.grpc#proto-google-common-protos;2.7.0] in [default]
[2024-10-11T07:41:30.043+0000] {spark_submit.py:649} INFO - com.google.http-client#google-http-client;1.30.1 by [com.google.http-client#google-http-client;1.41.8] in [default]
[2024-10-11T07:41:30.044+0000] {spark_submit.py:649} INFO - com.google.http-client#google-http-client-gson;1.30.1 by [com.google.http-client#google-http-client-gson;1.41.8] in [default]
[2024-10-11T07:41:30.044+0000] {spark_submit.py:649} INFO - org.threeten#threetenbp;1.5.0 by [org.threeten#threetenbp;1.5.2] in [default]
[2024-10-11T07:41:30.044+0000] {spark_submit.py:649} INFO - ---------------------------------------------------------------------
[2024-10-11T07:41:30.045+0000] {spark_submit.py:649} INFO - |                  |            modules            ||   artifacts   |
[2024-10-11T07:41:30.045+0000] {spark_submit.py:649} INFO - |       conf       | number| search|dwnlded|evicted|| number|dwnlded|
[2024-10-11T07:41:30.045+0000] {spark_submit.py:649} INFO - ---------------------------------------------------------------------
[2024-10-11T07:41:30.045+0000] {spark_submit.py:649} INFO - |      default     |  101  |   92  |   92  |   14  ||   86  |   86  |
[2024-10-11T07:41:30.045+0000] {spark_submit.py:649} INFO - ---------------------------------------------------------------------
[2024-10-11T07:41:30.046+0000] {spark_submit.py:649} INFO - 
[2024-10-11T07:41:30.046+0000] {spark_submit.py:649} INFO - :: problems summary ::
[2024-10-11T07:41:30.046+0000] {spark_submit.py:649} INFO - :::: WARNINGS
[2024-10-11T07:41:30.046+0000] {spark_submit.py:649} INFO - module not found: com.google.protobuf#protobuf-java;4.21.12
[2024-10-11T07:41:30.046+0000] {spark_submit.py:649} INFO - 
[2024-10-11T07:41:30.047+0000] {spark_submit.py:649} INFO - ==== local-m2-cache: tried
[2024-10-11T07:41:30.047+0000] {spark_submit.py:649} INFO - 
[2024-10-11T07:41:30.047+0000] {spark_submit.py:649} INFO - file:/home/airflow/.m2/repository/com/google/protobuf/protobuf-java/4.21.12/protobuf-java-4.21.12.pom
[2024-10-11T07:41:30.047+0000] {spark_submit.py:649} INFO - 
[2024-10-11T07:41:30.048+0000] {spark_submit.py:649} INFO - -- artifact com.google.protobuf#protobuf-java;4.21.12!protobuf-java.jar:
[2024-10-11T07:41:30.048+0000] {spark_submit.py:649} INFO - 
[2024-10-11T07:41:30.048+0000] {spark_submit.py:649} INFO - file:/home/airflow/.m2/repository/com/google/protobuf/protobuf-java/4.21.12/protobuf-java-4.21.12.jar
[2024-10-11T07:41:30.048+0000] {spark_submit.py:649} INFO - 
[2024-10-11T07:41:30.048+0000] {spark_submit.py:649} INFO - ==== local-ivy-cache: tried
[2024-10-11T07:41:30.048+0000] {spark_submit.py:649} INFO - 
[2024-10-11T07:41:30.049+0000] {spark_submit.py:649} INFO - /home/airflow/.ivy2/local/com.google.protobuf/protobuf-java/4.21.12/ivys/ivy.xml
[2024-10-11T07:41:30.049+0000] {spark_submit.py:649} INFO - 
[2024-10-11T07:41:30.049+0000] {spark_submit.py:649} INFO - -- artifact com.google.protobuf#protobuf-java;4.21.12!protobuf-java.jar:
[2024-10-11T07:41:30.049+0000] {spark_submit.py:649} INFO - 
[2024-10-11T07:41:30.049+0000] {spark_submit.py:649} INFO - /home/airflow/.ivy2/local/com.google.protobuf/protobuf-java/4.21.12/jars/protobuf-java.jar
[2024-10-11T07:41:30.049+0000] {spark_submit.py:649} INFO - 
[2024-10-11T07:41:30.049+0000] {spark_submit.py:649} INFO - ==== central: tried
[2024-10-11T07:41:30.050+0000] {spark_submit.py:649} INFO - 
[2024-10-11T07:41:30.050+0000] {spark_submit.py:649} INFO - https://repo1.maven.org/maven2/com/google/protobuf/protobuf-java/4.21.12/protobuf-java-4.21.12.pom
[2024-10-11T07:41:30.050+0000] {spark_submit.py:649} INFO - 
[2024-10-11T07:41:30.050+0000] {spark_submit.py:649} INFO - -- artifact com.google.protobuf#protobuf-java;4.21.12!protobuf-java.jar:
[2024-10-11T07:41:30.050+0000] {spark_submit.py:649} INFO - 
[2024-10-11T07:41:30.050+0000] {spark_submit.py:649} INFO - https://repo1.maven.org/maven2/com/google/protobuf/protobuf-java/4.21.12/protobuf-java-4.21.12.jar
[2024-10-11T07:41:30.050+0000] {spark_submit.py:649} INFO - 
[2024-10-11T07:41:30.050+0000] {spark_submit.py:649} INFO - ==== spark-packages: tried
[2024-10-11T07:41:30.051+0000] {spark_submit.py:649} INFO - 
[2024-10-11T07:41:30.051+0000] {spark_submit.py:649} INFO - https://repos.spark-packages.org/com/google/protobuf/protobuf-java/4.21.12/protobuf-java-4.21.12.pom
[2024-10-11T07:41:30.051+0000] {spark_submit.py:649} INFO - 
[2024-10-11T07:41:30.051+0000] {spark_submit.py:649} INFO - -- artifact com.google.protobuf#protobuf-java;4.21.12!protobuf-java.jar:
[2024-10-11T07:41:30.051+0000] {spark_submit.py:649} INFO - 
[2024-10-11T07:41:30.051+0000] {spark_submit.py:649} INFO - https://repos.spark-packages.org/com/google/protobuf/protobuf-java/4.21.12/protobuf-java-4.21.12.jar
[2024-10-11T07:41:30.051+0000] {spark_submit.py:649} INFO - 
[2024-10-11T07:41:30.052+0000] {spark_submit.py:649} INFO - ==== repo-1: tried
[2024-10-11T07:41:30.052+0000] {spark_submit.py:649} INFO - 
[2024-10-11T07:41:30.052+0000] {spark_submit.py:649} INFO - https://repo1.maven.org/maven2/com/google/protobuf/protobuf-java/4.21.12/protobuf-java-4.21.12.pom
[2024-10-11T07:41:30.052+0000] {spark_submit.py:649} INFO - 
[2024-10-11T07:41:30.052+0000] {spark_submit.py:649} INFO - -- artifact com.google.protobuf#protobuf-java;4.21.12!protobuf-java.jar:
[2024-10-11T07:41:30.052+0000] {spark_submit.py:649} INFO - 
[2024-10-11T07:41:30.052+0000] {spark_submit.py:649} INFO - https://repo1.maven.org/maven2/com/google/protobuf/protobuf-java/4.21.12/protobuf-java-4.21.12.jar
[2024-10-11T07:41:30.053+0000] {spark_submit.py:649} INFO - 
[2024-10-11T07:41:30.053+0000] {spark_submit.py:649} INFO - ::::::::::::::::::::::::::::::::::::::::::::::
[2024-10-11T07:41:30.053+0000] {spark_submit.py:649} INFO - 
[2024-10-11T07:41:30.053+0000] {spark_submit.py:649} INFO - ::          UNRESOLVED DEPENDENCIES         ::
[2024-10-11T07:41:30.053+0000] {spark_submit.py:649} INFO - 
[2024-10-11T07:41:30.053+0000] {spark_submit.py:649} INFO - ::::::::::::::::::::::::::::::::::::::::::::::
[2024-10-11T07:41:30.053+0000] {spark_submit.py:649} INFO - 
[2024-10-11T07:41:30.053+0000] {spark_submit.py:649} INFO - :: com.google.protobuf#protobuf-java;4.21.12: not found
[2024-10-11T07:41:30.053+0000] {spark_submit.py:649} INFO - 
[2024-10-11T07:41:30.054+0000] {spark_submit.py:649} INFO - ::::::::::::::::::::::::::::::::::::::::::::::
[2024-10-11T07:41:30.054+0000] {spark_submit.py:649} INFO - 
[2024-10-11T07:41:30.054+0000] {spark_submit.py:649} INFO - 
[2024-10-11T07:41:30.054+0000] {spark_submit.py:649} INFO - 
[2024-10-11T07:41:30.054+0000] {spark_submit.py:649} INFO - :: USE VERBOSE OR DEBUG MESSAGE LEVEL FOR MORE DETAILS
[2024-10-11T07:41:30.054+0000] {spark_submit.py:649} INFO - Exception in thread "main" java.lang.RuntimeException: [unresolved dependency: com.google.protobuf#protobuf-java;4.21.12: not found]
[2024-10-11T07:41:30.054+0000] {spark_submit.py:649} INFO - at org.apache.spark.deploy.SparkSubmitUtils$.resolveMavenCoordinates(SparkSubmit.scala:1456)
[2024-10-11T07:41:30.055+0000] {spark_submit.py:649} INFO - at org.apache.spark.util.DependencyUtils$.resolveMavenDependencies(DependencyUtils.scala:185)
[2024-10-11T07:41:30.055+0000] {spark_submit.py:649} INFO - at org.apache.spark.deploy.SparkSubmit.prepareSubmitEnvironment(SparkSubmit.scala:308)
[2024-10-11T07:41:30.055+0000] {spark_submit.py:649} INFO - at org.apache.spark.deploy.SparkSubmit.org$apache$spark$deploy$SparkSubmit$$runMain(SparkSubmit.scala:901)
[2024-10-11T07:41:30.055+0000] {spark_submit.py:649} INFO - at org.apache.spark.deploy.SparkSubmit.doRunMain$1(SparkSubmit.scala:180)
[2024-10-11T07:41:30.055+0000] {spark_submit.py:649} INFO - at org.apache.spark.deploy.SparkSubmit.submit(SparkSubmit.scala:203)
[2024-10-11T07:41:30.055+0000] {spark_submit.py:649} INFO - at org.apache.spark.deploy.SparkSubmit.doSubmit(SparkSubmit.scala:90)
[2024-10-11T07:41:30.055+0000] {spark_submit.py:649} INFO - at org.apache.spark.deploy.SparkSubmit$$anon$2.doSubmit(SparkSubmit.scala:1046)
[2024-10-11T07:41:30.055+0000] {spark_submit.py:649} INFO - at org.apache.spark.deploy.SparkSubmit$.main(SparkSubmit.scala:1055)
[2024-10-11T07:41:30.055+0000] {spark_submit.py:649} INFO - at org.apache.spark.deploy.SparkSubmit.main(SparkSubmit.scala)
[2024-10-11T07:41:30.086+0000] {taskinstance.py:441} INFO - ::group::Post task execution logs
[2024-10-11T07:41:30.109+0000] {taskinstance.py:2905} ERROR - Task failed with exception
Traceback (most recent call last):
  File "/home/airflow/.local/lib/python3.9/site-packages/airflow/models/taskinstance.py", line 465, in _execute_task
    result = _execute_callable(context=context, **execute_callable_kwargs)
  File "/home/airflow/.local/lib/python3.9/site-packages/airflow/models/taskinstance.py", line 432, in _execute_callable
    return execute_callable(context=context, **execute_callable_kwargs)
  File "/home/airflow/.local/lib/python3.9/site-packages/airflow/models/baseoperator.py", line 400, in wrapper
    return func(self, *args, **kwargs)
  File "/home/airflow/.local/lib/python3.9/site-packages/airflow/providers/apache/spark/operators/spark_submit.py", line 176, in execute
    self._hook.submit(self.application)
  File "/home/airflow/.local/lib/python3.9/site-packages/airflow/providers/apache/spark/hooks/spark_submit.py", line 575, in submit
    raise AirflowException(
airflow.exceptions.AirflowException: Cannot execute: spark-submit --master spark://spark-master:7077 --conf spark.jars.packages=org.apache.sedona:sedona-python-adapter-3.0_2.12:1.2.0-incubating,org.datasyslab:geotools-wrapper:geotools-24.0,com.google.cloud.spark:spark-bigquery-with-dependencies_2.12:0.29.0,com.google.cloud.bigdataoss:gcs-connector:hadoop3-2.2.8,com.google.protobuf:protobuf-java:4.21.12 --conf spark.jars.repositories=https://repo1.maven.org/maven2/ --name arrow-spark --deploy-mode client /spark-scripts/taxi_etl.py. Error code is: 1.
[2024-10-11T07:41:30.115+0000] {taskinstance.py:1206} INFO - Marking task as FAILED. dag_id=etl_yellow_cab, task_id=etl_task, run_id=manual__2024-10-11T07:14:16.194830+00:00, execution_date=20241011T071416, start_date=20241011T073504, end_date=20241011T074130
[2024-10-11T07:41:30.132+0000] {standard_task_runner.py:110} ERROR - Failed to execute job 19 for task etl_task (Cannot execute: spark-submit --master spark://spark-master:7077 --conf spark.jars.packages=org.apache.sedona:sedona-python-adapter-3.0_2.12:1.2.0-incubating,org.datasyslab:geotools-wrapper:geotools-24.0,com.google.cloud.spark:spark-bigquery-with-dependencies_2.12:0.29.0,com.google.cloud.bigdataoss:gcs-connector:hadoop3-2.2.8,com.google.protobuf:protobuf-java:4.21.12 --conf spark.jars.repositories=https://repo1.maven.org/maven2/ --name arrow-spark --deploy-mode client /spark-scripts/taxi_etl.py. Error code is: 1.; 170)
[2024-10-11T07:41:30.182+0000] {local_task_job_runner.py:240} INFO - Task exited with return code 1
[2024-10-11T07:41:30.213+0000] {taskinstance.py:3498} INFO - 0 downstream tasks scheduled from follow-on schedule check
[2024-10-11T07:41:30.214+0000] {local_task_job_runner.py:222} INFO - ::endgroup::
