[2024-10-11T13:43:15.409+0000] {local_task_job_runner.py:120} INFO - ::group::Pre task execution logs
[2024-10-11T13:43:15.439+0000] {taskinstance.py:2076} INFO - Dependencies all met for dep_context=non-requeueable deps ti=<TaskInstance: etl_yellow_cab.etl_task manual__2024-10-11T07:14:16.194830+00:00 [queued]>
[2024-10-11T13:43:15.446+0000] {taskinstance.py:2076} INFO - Dependencies all met for dep_context=requeueable deps ti=<TaskInstance: etl_yellow_cab.etl_task manual__2024-10-11T07:14:16.194830+00:00 [queued]>
[2024-10-11T13:43:15.446+0000] {taskinstance.py:2306} INFO - Starting attempt 30 of 30
[2024-10-11T13:43:15.456+0000] {taskinstance.py:2330} INFO - Executing <Task(SparkSubmitOperator): etl_task> on 2024-10-11 07:14:16.194830+00:00
[2024-10-11T13:43:15.460+0000] {standard_task_runner.py:63} INFO - Started process 2159 to run task
[2024-10-11T13:43:15.468+0000] {standard_task_runner.py:90} INFO - Running: ['airflow', 'tasks', 'run', 'etl_yellow_cab', 'etl_task', 'manual__2024-10-11T07:14:16.194830+00:00', '--job-id', '51', '--raw', '--subdir', 'DAGS_FOLDER/yellow-cab-batch.py', '--cfg-path', '/tmp/tmpo4e_pfqo']
[2024-10-11T13:43:15.471+0000] {standard_task_runner.py:91} INFO - Job 51: Subtask etl_task
[2024-10-11T13:43:15.493+0000] {logging_mixin.py:188} WARNING - /home/airflow/.local/lib/python3.9/site-packages/airflow/settings.py:195 DeprecationWarning: The sql_alchemy_conn option in [core] has been moved to the sql_alchemy_conn option in [database] - the old setting has been used, but please update your config.
[2024-10-11T13:43:15.532+0000] {task_command.py:426} INFO - Running <TaskInstance: etl_yellow_cab.etl_task manual__2024-10-11T07:14:16.194830+00:00 [running]> on host yellow-cab-airflow-scheduler
[2024-10-11T13:43:15.626+0000] {taskinstance.py:2648} INFO - Exporting env vars: AIRFLOW_CTX_DAG_OWNER='hafidz' AIRFLOW_CTX_DAG_ID='etl_yellow_cab' AIRFLOW_CTX_TASK_ID='etl_task' AIRFLOW_CTX_EXECUTION_DATE='2024-10-11T07:14:16.194830+00:00' AIRFLOW_CTX_TRY_NUMBER='30' AIRFLOW_CTX_DAG_RUN_ID='manual__2024-10-11T07:14:16.194830+00:00'
[2024-10-11T13:43:15.627+0000] {taskinstance.py:430} INFO - ::endgroup::
[2024-10-11T13:43:15.656+0000] {base.py:84} INFO - Using connection ID 'spark_main' for task execution.
[2024-10-11T13:43:15.658+0000] {spark_submit.py:473} INFO - Spark-Submit cmd: spark-submit --master spark://spark-master:7077 --conf spark.jars.packages=org.apache.sedona:sedona-python-adapter-3.0_2.12:1.2.0-incubating,org.datasyslab:geotools-wrapper:geotools-24.0 --conf spark.jars.repositories=https://repo1.maven.org/maven2/ --name arrow-spark --deploy-mode client /spark-scripts/taxi_etl.py
[2024-10-11T13:43:16.940+0000] {spark_submit.py:649} INFO - https://repo1.maven.org/maven2/ added as a remote repository with the name: repo-1
[2024-10-11T13:43:16.977+0000] {spark_submit.py:649} INFO - :: loading settings :: url = jar:file:/home/airflow/.local/lib/python3.9/site-packages/pyspark/jars/ivy-2.5.1.jar!/org/apache/ivy/core/settings/ivysettings.xml
[2024-10-11T13:43:17.191+0000] {spark_submit.py:649} INFO - Ivy Default Cache set to: /home/airflow/.ivy2/cache
[2024-10-11T13:43:17.192+0000] {spark_submit.py:649} INFO - The jars for the packages stored in: /home/airflow/.ivy2/jars
[2024-10-11T13:43:17.196+0000] {spark_submit.py:649} INFO - org.apache.sedona#sedona-python-adapter-3.0_2.12 added as a dependency
[2024-10-11T13:43:17.196+0000] {spark_submit.py:649} INFO - org.datasyslab#geotools-wrapper added as a dependency
[2024-10-11T13:43:17.197+0000] {spark_submit.py:649} INFO - :: resolving dependencies :: org.apache.spark#spark-submit-parent-b910aab6-724e-40f6-94a1-569ec46fb33c;1.0
[2024-10-11T13:43:17.197+0000] {spark_submit.py:649} INFO - confs: [default]
[2024-10-11T13:43:17.305+0000] {spark_submit.py:649} INFO - found org.apache.sedona#sedona-python-adapter-3.0_2.12;1.2.0-incubating in central
[2024-10-11T13:43:17.332+0000] {spark_submit.py:649} INFO - found org.locationtech.jts#jts-core;1.18.0 in central
[2024-10-11T13:43:17.355+0000] {spark_submit.py:649} INFO - found org.wololo#jts2geojson;0.16.1 in central
[2024-10-11T13:43:17.381+0000] {spark_submit.py:649} INFO - found org.apache.sedona#sedona-core-3.0_2.12;1.2.0-incubating in central
[2024-10-11T13:43:17.399+0000] {spark_submit.py:649} INFO - found org.scala-lang.modules#scala-collection-compat_2.12;2.5.0 in central
[2024-10-11T13:43:17.414+0000] {spark_submit.py:649} INFO - found org.apache.sedona#sedona-sql-3.0_2.12;1.2.0-incubating in central
[2024-10-11T13:43:17.426+0000] {spark_submit.py:649} INFO - found org.datasyslab#geotools-wrapper;geotools-24.0 in central
[2024-10-11T13:43:17.443+0000] {spark_submit.py:649} INFO - :: resolution report :: resolve 237ms :: artifacts dl 8ms
[2024-10-11T13:43:17.443+0000] {spark_submit.py:649} INFO - :: modules in use:
[2024-10-11T13:43:17.443+0000] {spark_submit.py:649} INFO - org.apache.sedona#sedona-core-3.0_2.12;1.2.0-incubating from central in [default]
[2024-10-11T13:43:17.443+0000] {spark_submit.py:649} INFO - org.apache.sedona#sedona-python-adapter-3.0_2.12;1.2.0-incubating from central in [default]
[2024-10-11T13:43:17.444+0000] {spark_submit.py:649} INFO - org.apache.sedona#sedona-sql-3.0_2.12;1.2.0-incubating from central in [default]
[2024-10-11T13:43:17.444+0000] {spark_submit.py:649} INFO - org.datasyslab#geotools-wrapper;geotools-24.0 from central in [default]
[2024-10-11T13:43:17.444+0000] {spark_submit.py:649} INFO - org.locationtech.jts#jts-core;1.18.0 from central in [default]
[2024-10-11T13:43:17.444+0000] {spark_submit.py:649} INFO - org.scala-lang.modules#scala-collection-compat_2.12;2.5.0 from central in [default]
[2024-10-11T13:43:17.444+0000] {spark_submit.py:649} INFO - org.wololo#jts2geojson;0.16.1 from central in [default]
[2024-10-11T13:43:17.444+0000] {spark_submit.py:649} INFO - ---------------------------------------------------------------------
[2024-10-11T13:43:17.444+0000] {spark_submit.py:649} INFO - |                  |            modules            ||   artifacts   |
[2024-10-11T13:43:17.445+0000] {spark_submit.py:649} INFO - |       conf       | number| search|dwnlded|evicted|| number|dwnlded|
[2024-10-11T13:43:17.445+0000] {spark_submit.py:649} INFO - ---------------------------------------------------------------------
[2024-10-11T13:43:17.445+0000] {spark_submit.py:649} INFO - |      default     |   7   |   0   |   0   |   0   ||   7   |   0   |
[2024-10-11T13:43:17.445+0000] {spark_submit.py:649} INFO - ---------------------------------------------------------------------
[2024-10-11T13:43:17.448+0000] {spark_submit.py:649} INFO - :: retrieving :: org.apache.spark#spark-submit-parent-b910aab6-724e-40f6-94a1-569ec46fb33c
[2024-10-11T13:43:17.448+0000] {spark_submit.py:649} INFO - confs: [default]
[2024-10-11T13:43:17.456+0000] {spark_submit.py:649} INFO - 0 artifacts copied, 7 already retrieved (0kB/8ms)
[2024-10-11T13:43:17.585+0000] {spark_submit.py:649} INFO - 24/10/11 13:43:17 WARN NativeCodeLoader: Unable to load native-hadoop library for your platform... using builtin-java classes where applicable
[2024-10-11T13:43:19.725+0000] {spark_submit.py:649} INFO - 24/10/11 13:43:19 INFO SparkContext: Running Spark version 3.3.2
[2024-10-11T13:43:19.743+0000] {spark_submit.py:649} INFO - 24/10/11 13:43:19 INFO ResourceUtils: ==============================================================
[2024-10-11T13:43:19.743+0000] {spark_submit.py:649} INFO - 24/10/11 13:43:19 INFO ResourceUtils: No custom resources configured for spark.driver.
[2024-10-11T13:43:19.743+0000] {spark_submit.py:649} INFO - 24/10/11 13:43:19 INFO ResourceUtils: ==============================================================
[2024-10-11T13:43:19.743+0000] {spark_submit.py:649} INFO - 24/10/11 13:43:19 INFO SparkContext: Submitted application: BigQueryETL
[2024-10-11T13:43:19.758+0000] {spark_submit.py:649} INFO - 24/10/11 13:43:19 INFO ResourceProfile: Default ResourceProfile created, executor resources: Map(cores -> name: cores, amount: 1, script: , vendor: , memory -> name: memory, amount: 1024, script: , vendor: , offHeap -> name: offHeap, amount: 0, script: , vendor: ), task resources: Map(cpus -> name: cpus, amount: 1.0)
[2024-10-11T13:43:19.763+0000] {spark_submit.py:649} INFO - 24/10/11 13:43:19 INFO ResourceProfile: Limiting resource is cpu
[2024-10-11T13:43:19.763+0000] {spark_submit.py:649} INFO - 24/10/11 13:43:19 INFO ResourceProfileManager: Added ResourceProfile id: 0
[2024-10-11T13:43:19.797+0000] {spark_submit.py:649} INFO - 24/10/11 13:43:19 INFO SecurityManager: Changing view acls to: airflow
[2024-10-11T13:43:19.798+0000] {spark_submit.py:649} INFO - 24/10/11 13:43:19 INFO SecurityManager: Changing modify acls to: airflow
[2024-10-11T13:43:19.798+0000] {spark_submit.py:649} INFO - 24/10/11 13:43:19 INFO SecurityManager: Changing view acls groups to:
[2024-10-11T13:43:19.798+0000] {spark_submit.py:649} INFO - 24/10/11 13:43:19 INFO SecurityManager: Changing modify acls groups to:
[2024-10-11T13:43:19.798+0000] {spark_submit.py:649} INFO - 24/10/11 13:43:19 INFO SecurityManager: SecurityManager: authentication disabled; ui acls disabled; users  with view permissions: Set(airflow); groups with view permissions: Set(); users  with modify permissions: Set(airflow); groups with modify permissions: Set()
[2024-10-11T13:43:19.972+0000] {spark_submit.py:649} INFO - 24/10/11 13:43:19 INFO Utils: Successfully started service 'sparkDriver' on port 44157.
[2024-10-11T13:43:19.990+0000] {spark_submit.py:649} INFO - 24/10/11 13:43:19 INFO SparkEnv: Registering MapOutputTracker
[2024-10-11T13:43:20.015+0000] {spark_submit.py:649} INFO - 24/10/11 13:43:20 INFO SparkEnv: Registering BlockManagerMaster
[2024-10-11T13:43:20.033+0000] {spark_submit.py:649} INFO - 24/10/11 13:43:20 INFO BlockManagerMasterEndpoint: Using org.apache.spark.storage.DefaultTopologyMapper for getting topology information
[2024-10-11T13:43:20.037+0000] {spark_submit.py:649} INFO - 24/10/11 13:43:20 INFO BlockManagerMasterEndpoint: BlockManagerMasterEndpoint up
[2024-10-11T13:43:20.041+0000] {spark_submit.py:649} INFO - 24/10/11 13:43:20 INFO SparkEnv: Registering BlockManagerMasterHeartbeat
[2024-10-11T13:43:20.053+0000] {spark_submit.py:649} INFO - 24/10/11 13:43:20 INFO DiskBlockManager: Created local directory at /tmp/blockmgr-82fa6314-c047-41db-9dd3-b48977f04919
[2024-10-11T13:43:20.063+0000] {spark_submit.py:649} INFO - 24/10/11 13:43:20 INFO MemoryStore: MemoryStore started with capacity 434.4 MiB
[2024-10-11T13:43:20.072+0000] {spark_submit.py:649} INFO - 24/10/11 13:43:20 INFO SparkEnv: Registering OutputCommitCoordinator
[2024-10-11T13:43:20.199+0000] {spark_submit.py:649} INFO - 24/10/11 13:43:20 INFO Utils: Successfully started service 'SparkUI' on port 4040.
[2024-10-11T13:43:20.219+0000] {spark_submit.py:649} INFO - 24/10/11 13:43:20 INFO SparkContext: Added JAR file:///home/airflow/.ivy2/jars/org.apache.sedona_sedona-python-adapter-3.0_2.12-1.2.0-incubating.jar at spark://yellow-cab-airflow-scheduler:44157/jars/org.apache.sedona_sedona-python-adapter-3.0_2.12-1.2.0-incubating.jar with timestamp 1728654199718
[2024-10-11T13:43:20.220+0000] {spark_submit.py:649} INFO - 24/10/11 13:43:20 INFO SparkContext: Added JAR file:///home/airflow/.ivy2/jars/org.datasyslab_geotools-wrapper-geotools-24.0.jar at spark://yellow-cab-airflow-scheduler:44157/jars/org.datasyslab_geotools-wrapper-geotools-24.0.jar with timestamp 1728654199718
[2024-10-11T13:43:20.220+0000] {spark_submit.py:649} INFO - 24/10/11 13:43:20 INFO SparkContext: Added JAR file:///home/airflow/.ivy2/jars/org.locationtech.jts_jts-core-1.18.0.jar at spark://yellow-cab-airflow-scheduler:44157/jars/org.locationtech.jts_jts-core-1.18.0.jar with timestamp 1728654199718
[2024-10-11T13:43:20.220+0000] {spark_submit.py:649} INFO - 24/10/11 13:43:20 INFO SparkContext: Added JAR file:///home/airflow/.ivy2/jars/org.wololo_jts2geojson-0.16.1.jar at spark://yellow-cab-airflow-scheduler:44157/jars/org.wololo_jts2geojson-0.16.1.jar with timestamp 1728654199718
[2024-10-11T13:43:20.220+0000] {spark_submit.py:649} INFO - 24/10/11 13:43:20 INFO SparkContext: Added JAR file:///home/airflow/.ivy2/jars/org.apache.sedona_sedona-core-3.0_2.12-1.2.0-incubating.jar at spark://yellow-cab-airflow-scheduler:44157/jars/org.apache.sedona_sedona-core-3.0_2.12-1.2.0-incubating.jar with timestamp 1728654199718
[2024-10-11T13:43:20.220+0000] {spark_submit.py:649} INFO - 24/10/11 13:43:20 INFO SparkContext: Added JAR file:///home/airflow/.ivy2/jars/org.apache.sedona_sedona-sql-3.0_2.12-1.2.0-incubating.jar at spark://yellow-cab-airflow-scheduler:44157/jars/org.apache.sedona_sedona-sql-3.0_2.12-1.2.0-incubating.jar with timestamp 1728654199718
[2024-10-11T13:43:20.221+0000] {spark_submit.py:649} INFO - 24/10/11 13:43:20 INFO SparkContext: Added JAR file:///home/airflow/.ivy2/jars/org.scala-lang.modules_scala-collection-compat_2.12-2.5.0.jar at spark://yellow-cab-airflow-scheduler:44157/jars/org.scala-lang.modules_scala-collection-compat_2.12-2.5.0.jar with timestamp 1728654199718
[2024-10-11T13:43:20.221+0000] {spark_submit.py:649} INFO - 24/10/11 13:43:20 INFO SparkContext: Added file file:///home/airflow/.ivy2/jars/org.apache.sedona_sedona-python-adapter-3.0_2.12-1.2.0-incubating.jar at spark://yellow-cab-airflow-scheduler:44157/files/org.apache.sedona_sedona-python-adapter-3.0_2.12-1.2.0-incubating.jar with timestamp 1728654199718
[2024-10-11T13:43:20.222+0000] {spark_submit.py:649} INFO - 24/10/11 13:43:20 INFO Utils: Copying /home/airflow/.ivy2/jars/org.apache.sedona_sedona-python-adapter-3.0_2.12-1.2.0-incubating.jar to /tmp/spark-3a7e6ac8-642a-4e8f-8dd1-c8c88862cd07/userFiles-ee263cc7-afdd-4833-bad3-5bd0992b4f35/org.apache.sedona_sedona-python-adapter-3.0_2.12-1.2.0-incubating.jar
[2024-10-11T13:43:20.247+0000] {spark_submit.py:649} INFO - 24/10/11 13:43:20 INFO SparkContext: Added file file:///home/airflow/.ivy2/jars/org.datasyslab_geotools-wrapper-geotools-24.0.jar at spark://yellow-cab-airflow-scheduler:44157/files/org.datasyslab_geotools-wrapper-geotools-24.0.jar with timestamp 1728654199718
[2024-10-11T13:43:20.247+0000] {spark_submit.py:649} INFO - 24/10/11 13:43:20 INFO Utils: Copying /home/airflow/.ivy2/jars/org.datasyslab_geotools-wrapper-geotools-24.0.jar to /tmp/spark-3a7e6ac8-642a-4e8f-8dd1-c8c88862cd07/userFiles-ee263cc7-afdd-4833-bad3-5bd0992b4f35/org.datasyslab_geotools-wrapper-geotools-24.0.jar
[2024-10-11T13:43:20.315+0000] {spark_submit.py:649} INFO - 24/10/11 13:43:20 INFO SparkContext: Added file file:///home/airflow/.ivy2/jars/org.locationtech.jts_jts-core-1.18.0.jar at spark://yellow-cab-airflow-scheduler:44157/files/org.locationtech.jts_jts-core-1.18.0.jar with timestamp 1728654199718
[2024-10-11T13:43:20.316+0000] {spark_submit.py:649} INFO - 24/10/11 13:43:20 INFO Utils: Copying /home/airflow/.ivy2/jars/org.locationtech.jts_jts-core-1.18.0.jar to /tmp/spark-3a7e6ac8-642a-4e8f-8dd1-c8c88862cd07/userFiles-ee263cc7-afdd-4833-bad3-5bd0992b4f35/org.locationtech.jts_jts-core-1.18.0.jar
[2024-10-11T13:43:20.332+0000] {spark_submit.py:649} INFO - 24/10/11 13:43:20 INFO SparkContext: Added file file:///home/airflow/.ivy2/jars/org.wololo_jts2geojson-0.16.1.jar at spark://yellow-cab-airflow-scheduler:44157/files/org.wololo_jts2geojson-0.16.1.jar with timestamp 1728654199718
[2024-10-11T13:43:20.333+0000] {spark_submit.py:649} INFO - 24/10/11 13:43:20 INFO Utils: Copying /home/airflow/.ivy2/jars/org.wololo_jts2geojson-0.16.1.jar to /tmp/spark-3a7e6ac8-642a-4e8f-8dd1-c8c88862cd07/userFiles-ee263cc7-afdd-4833-bad3-5bd0992b4f35/org.wololo_jts2geojson-0.16.1.jar
[2024-10-11T13:43:20.346+0000] {spark_submit.py:649} INFO - 24/10/11 13:43:20 INFO SparkContext: Added file file:///home/airflow/.ivy2/jars/org.apache.sedona_sedona-core-3.0_2.12-1.2.0-incubating.jar at spark://yellow-cab-airflow-scheduler:44157/files/org.apache.sedona_sedona-core-3.0_2.12-1.2.0-incubating.jar with timestamp 1728654199718
[2024-10-11T13:43:20.347+0000] {spark_submit.py:649} INFO - 24/10/11 13:43:20 INFO Utils: Copying /home/airflow/.ivy2/jars/org.apache.sedona_sedona-core-3.0_2.12-1.2.0-incubating.jar to /tmp/spark-3a7e6ac8-642a-4e8f-8dd1-c8c88862cd07/userFiles-ee263cc7-afdd-4833-bad3-5bd0992b4f35/org.apache.sedona_sedona-core-3.0_2.12-1.2.0-incubating.jar
[2024-10-11T13:43:20.360+0000] {spark_submit.py:649} INFO - 24/10/11 13:43:20 INFO SparkContext: Added file file:///home/airflow/.ivy2/jars/org.apache.sedona_sedona-sql-3.0_2.12-1.2.0-incubating.jar at spark://yellow-cab-airflow-scheduler:44157/files/org.apache.sedona_sedona-sql-3.0_2.12-1.2.0-incubating.jar with timestamp 1728654199718
[2024-10-11T13:43:20.361+0000] {spark_submit.py:649} INFO - 24/10/11 13:43:20 INFO Utils: Copying /home/airflow/.ivy2/jars/org.apache.sedona_sedona-sql-3.0_2.12-1.2.0-incubating.jar to /tmp/spark-3a7e6ac8-642a-4e8f-8dd1-c8c88862cd07/userFiles-ee263cc7-afdd-4833-bad3-5bd0992b4f35/org.apache.sedona_sedona-sql-3.0_2.12-1.2.0-incubating.jar
[2024-10-11T13:43:20.375+0000] {spark_submit.py:649} INFO - 24/10/11 13:43:20 INFO SparkContext: Added file file:///home/airflow/.ivy2/jars/org.scala-lang.modules_scala-collection-compat_2.12-2.5.0.jar at spark://yellow-cab-airflow-scheduler:44157/files/org.scala-lang.modules_scala-collection-compat_2.12-2.5.0.jar with timestamp 1728654199718
[2024-10-11T13:43:20.376+0000] {spark_submit.py:649} INFO - 24/10/11 13:43:20 INFO Utils: Copying /home/airflow/.ivy2/jars/org.scala-lang.modules_scala-collection-compat_2.12-2.5.0.jar to /tmp/spark-3a7e6ac8-642a-4e8f-8dd1-c8c88862cd07/userFiles-ee263cc7-afdd-4833-bad3-5bd0992b4f35/org.scala-lang.modules_scala-collection-compat_2.12-2.5.0.jar
[2024-10-11T13:43:20.440+0000] {spark_submit.py:649} INFO - 24/10/11 13:43:20 INFO StandaloneAppClient$ClientEndpoint: Connecting to master spark://spark-master:7077...
[2024-10-11T13:43:20.467+0000] {spark_submit.py:649} INFO - 24/10/11 13:43:20 INFO TransportClientFactory: Successfully created connection to spark-master/172.24.0.2:7077 after 15 ms (0 ms spent in bootstraps)
[2024-10-11T13:43:20.562+0000] {spark_submit.py:649} INFO - 24/10/11 13:43:20 INFO StandaloneSchedulerBackend: Connected to Spark cluster with app ID app-20241011134320-0022
[2024-10-11T13:43:20.565+0000] {spark_submit.py:649} INFO - 24/10/11 13:43:20 INFO StandaloneAppClient$ClientEndpoint: Executor added: app-20241011134320-0022/0 on worker-20241011080942-172.24.0.3-37269 (172.24.0.3:37269) with 4 core(s)
[2024-10-11T13:43:20.567+0000] {spark_submit.py:649} INFO - 24/10/11 13:43:20 INFO StandaloneSchedulerBackend: Granted executor ID app-20241011134320-0022/0 on hostPort 172.24.0.3:37269 with 4 core(s), 1024.0 MiB RAM
[2024-10-11T13:43:20.572+0000] {spark_submit.py:649} INFO - 24/10/11 13:43:20 INFO Utils: Successfully started service 'org.apache.spark.network.netty.NettyBlockTransferService' on port 42507.
[2024-10-11T13:43:20.573+0000] {spark_submit.py:649} INFO - 24/10/11 13:43:20 INFO NettyBlockTransferService: Server created on yellow-cab-airflow-scheduler:42507
[2024-10-11T13:43:20.574+0000] {spark_submit.py:649} INFO - 24/10/11 13:43:20 INFO BlockManager: Using org.apache.spark.storage.RandomBlockReplicationPolicy for block replication policy
[2024-10-11T13:43:20.581+0000] {spark_submit.py:649} INFO - 24/10/11 13:43:20 INFO BlockManagerMaster: Registering BlockManager BlockManagerId(driver, yellow-cab-airflow-scheduler, 42507, None)
[2024-10-11T13:43:20.586+0000] {spark_submit.py:649} INFO - 24/10/11 13:43:20 INFO BlockManagerMasterEndpoint: Registering block manager yellow-cab-airflow-scheduler:42507 with 434.4 MiB RAM, BlockManagerId(driver, yellow-cab-airflow-scheduler, 42507, None)
[2024-10-11T13:43:20.588+0000] {spark_submit.py:649} INFO - 24/10/11 13:43:20 INFO BlockManagerMaster: Registered BlockManager BlockManagerId(driver, yellow-cab-airflow-scheduler, 42507, None)
[2024-10-11T13:43:20.589+0000] {spark_submit.py:649} INFO - 24/10/11 13:43:20 INFO BlockManager: Initialized BlockManager: BlockManagerId(driver, yellow-cab-airflow-scheduler, 42507, None)
[2024-10-11T13:43:20.705+0000] {spark_submit.py:649} INFO - 24/10/11 13:43:20 INFO StandaloneAppClient$ClientEndpoint: Executor updated: app-20241011134320-0022/0 is now RUNNING
[2024-10-11T13:43:20.756+0000] {spark_submit.py:649} INFO - 24/10/11 13:43:20 INFO StandaloneSchedulerBackend: SchedulerBackend is ready for scheduling beginning after reached minRegisteredResourcesRatio: 0.0
[2024-10-11T13:43:20.898+0000] {spark_submit.py:649} INFO - /spark-scripts/taxi_etl.py:35: DeprecationWarning: Call to deprecated function registerAll (Deprecated since 1.4.1, use SedonaContext.create() instead.).
[2024-10-11T13:43:20.899+0000] {spark_submit.py:649} INFO - SedonaRegistrator.registerAll(spark)
[2024-10-11T13:43:20.903+0000] {spark_submit.py:649} INFO - 24/10/11 13:43:20 INFO SharedState: Setting hive.metastore.warehouse.dir ('null') to the value of spark.sql.warehouse.dir.
[2024-10-11T13:43:20.905+0000] {spark_submit.py:649} INFO - 24/10/11 13:43:20 INFO SharedState: Warehouse path is 'file:/opt/airflow/spark-warehouse'.
[2024-10-11T13:43:22.682+0000] {spark_submit.py:649} INFO - 24/10/11 13:43:22 INFO CoarseGrainedSchedulerBackend$DriverEndpoint: Registered executor NettyRpcEndpointRef(spark-client://Executor) (172.24.0.3:37458) with ID 0,  ResourceProfileId 0
[2024-10-11T13:43:22.725+0000] {spark_submit.py:649} INFO - 24/10/11 13:43:22 INFO BlockManagerMasterEndpoint: Registering block manager 172.24.0.3:39391 with 434.4 MiB RAM, BlockManagerId(0, 172.24.0.3, 39391, None)
[2024-10-11T13:43:23.104+0000] {spark_submit.py:649} INFO - 24/10/11 13:43:23 INFO CodeGenerator: Code generated in 81.634959 ms
[2024-10-11T13:43:23.155+0000] {spark_submit.py:649} INFO - 24/10/11 13:43:23 INFO DAGScheduler: Registering RDD 2 (count at NativeMethodAccessorImpl.java:0) as input to shuffle 0
[2024-10-11T13:43:23.158+0000] {spark_submit.py:649} INFO - 24/10/11 13:43:23 INFO DAGScheduler: Got map stage job 0 (count at NativeMethodAccessorImpl.java:0) with 1 output partitions
[2024-10-11T13:43:23.158+0000] {spark_submit.py:649} INFO - 24/10/11 13:43:23 INFO DAGScheduler: Final stage: ShuffleMapStage 0 (count at NativeMethodAccessorImpl.java:0)
[2024-10-11T13:43:23.158+0000] {spark_submit.py:649} INFO - 24/10/11 13:43:23 INFO DAGScheduler: Parents of final stage: List()
[2024-10-11T13:43:23.159+0000] {spark_submit.py:649} INFO - 24/10/11 13:43:23 INFO DAGScheduler: Missing parents: List()
[2024-10-11T13:43:23.161+0000] {spark_submit.py:649} INFO - 24/10/11 13:43:23 INFO DAGScheduler: Submitting ShuffleMapStage 0 (MapPartitionsRDD[2] at count at NativeMethodAccessorImpl.java:0), which has no missing parents
[2024-10-11T13:43:23.234+0000] {spark_submit.py:649} INFO - 24/10/11 13:43:23 INFO MemoryStore: Block broadcast_0 stored as values in memory (estimated size 10.7 KiB, free 434.4 MiB)
[2024-10-11T13:43:23.253+0000] {spark_submit.py:649} INFO - 24/10/11 13:43:23 INFO MemoryStore: Block broadcast_0_piece0 stored as bytes in memory (estimated size 5.5 KiB, free 434.4 MiB)
[2024-10-11T13:43:23.255+0000] {spark_submit.py:649} INFO - 24/10/11 13:43:23 INFO BlockManagerInfo: Added broadcast_0_piece0 in memory on yellow-cab-airflow-scheduler:42507 (size: 5.5 KiB, free: 434.4 MiB)
[2024-10-11T13:43:23.257+0000] {spark_submit.py:649} INFO - 24/10/11 13:43:23 INFO SparkContext: Created broadcast 0 from broadcast at DAGScheduler.scala:1513
[2024-10-11T13:43:23.267+0000] {spark_submit.py:649} INFO - 24/10/11 13:43:23 INFO DAGScheduler: Submitting 1 missing tasks from ShuffleMapStage 0 (MapPartitionsRDD[2] at count at NativeMethodAccessorImpl.java:0) (first 15 tasks are for partitions Vector(0))
[2024-10-11T13:43:23.267+0000] {spark_submit.py:649} INFO - 24/10/11 13:43:23 INFO TaskSchedulerImpl: Adding task set 0.0 with 1 tasks resource profile 0
[2024-10-11T13:43:23.662+0000] {spark_submit.py:649} INFO - 24/10/11 13:43:23 INFO TaskSetManager: Starting task 0.0 in stage 0.0 (TID 0) (172.24.0.3, executor 0, partition 0, PROCESS_LOCAL, 4654 bytes) taskResourceAssignments Map()
[2024-10-11T13:43:23.844+0000] {spark_submit.py:649} INFO - 24/10/11 13:43:23 INFO BlockManagerInfo: Added broadcast_0_piece0 in memory on 172.24.0.3:39391 (size: 5.5 KiB, free: 434.4 MiB)
[2024-10-11T13:43:24.296+0000] {spark_submit.py:649} INFO - 24/10/11 13:43:24 INFO TaskSetManager: Finished task 0.0 in stage 0.0 (TID 0) in 641 ms on 172.24.0.3 (executor 0) (1/1)
[2024-10-11T13:43:24.297+0000] {spark_submit.py:649} INFO - 24/10/11 13:43:24 INFO TaskSchedulerImpl: Removed TaskSet 0.0, whose tasks have all completed, from pool
[2024-10-11T13:43:24.303+0000] {spark_submit.py:649} INFO - 24/10/11 13:43:24 INFO DAGScheduler: ShuffleMapStage 0 (count at NativeMethodAccessorImpl.java:0) finished in 1.135 s
[2024-10-11T13:43:24.304+0000] {spark_submit.py:649} INFO - 24/10/11 13:43:24 INFO DAGScheduler: looking for newly runnable stages
[2024-10-11T13:43:24.304+0000] {spark_submit.py:649} INFO - 24/10/11 13:43:24 INFO DAGScheduler: running: Set()
[2024-10-11T13:43:24.304+0000] {spark_submit.py:649} INFO - 24/10/11 13:43:24 INFO DAGScheduler: waiting: Set()
[2024-10-11T13:43:24.304+0000] {spark_submit.py:649} INFO - 24/10/11 13:43:24 INFO DAGScheduler: failed: Set()
[2024-10-11T13:43:24.331+0000] {spark_submit.py:649} INFO - 24/10/11 13:43:24 INFO CodeGenerator: Code generated in 9.74275 ms
[2024-10-11T13:43:24.362+0000] {spark_submit.py:649} INFO - 24/10/11 13:43:24 INFO SparkContext: Starting job: count at NativeMethodAccessorImpl.java:0
[2024-10-11T13:43:24.366+0000] {spark_submit.py:649} INFO - 24/10/11 13:43:24 INFO DAGScheduler: Got job 1 (count at NativeMethodAccessorImpl.java:0) with 1 output partitions
[2024-10-11T13:43:24.366+0000] {spark_submit.py:649} INFO - 24/10/11 13:43:24 INFO DAGScheduler: Final stage: ResultStage 2 (count at NativeMethodAccessorImpl.java:0)
[2024-10-11T13:43:24.367+0000] {spark_submit.py:649} INFO - 24/10/11 13:43:24 INFO DAGScheduler: Parents of final stage: List(ShuffleMapStage 1)
[2024-10-11T13:43:24.367+0000] {spark_submit.py:649} INFO - 24/10/11 13:43:24 INFO DAGScheduler: Missing parents: List()
[2024-10-11T13:43:24.367+0000] {spark_submit.py:649} INFO - 24/10/11 13:43:24 INFO DAGScheduler: Submitting ResultStage 2 (MapPartitionsRDD[5] at count at NativeMethodAccessorImpl.java:0), which has no missing parents
[2024-10-11T13:43:24.372+0000] {spark_submit.py:649} INFO - 24/10/11 13:43:24 INFO MemoryStore: Block broadcast_1 stored as values in memory (estimated size 11.1 KiB, free 434.4 MiB)
[2024-10-11T13:43:24.375+0000] {spark_submit.py:649} INFO - 24/10/11 13:43:24 INFO MemoryStore: Block broadcast_1_piece0 stored as bytes in memory (estimated size 5.5 KiB, free 434.4 MiB)
[2024-10-11T13:43:24.376+0000] {spark_submit.py:649} INFO - 24/10/11 13:43:24 INFO BlockManagerInfo: Added broadcast_1_piece0 in memory on yellow-cab-airflow-scheduler:42507 (size: 5.5 KiB, free: 434.4 MiB)
[2024-10-11T13:43:24.376+0000] {spark_submit.py:649} INFO - 24/10/11 13:43:24 INFO SparkContext: Created broadcast 1 from broadcast at DAGScheduler.scala:1513
[2024-10-11T13:43:24.377+0000] {spark_submit.py:649} INFO - 24/10/11 13:43:24 INFO DAGScheduler: Submitting 1 missing tasks from ResultStage 2 (MapPartitionsRDD[5] at count at NativeMethodAccessorImpl.java:0) (first 15 tasks are for partitions Vector(0))
[2024-10-11T13:43:24.378+0000] {spark_submit.py:649} INFO - 24/10/11 13:43:24 INFO TaskSchedulerImpl: Adding task set 2.0 with 1 tasks resource profile 0
[2024-10-11T13:43:24.381+0000] {spark_submit.py:649} INFO - 24/10/11 13:43:24 INFO TaskSetManager: Starting task 0.0 in stage 2.0 (TID 1) (172.24.0.3, executor 0, partition 0, NODE_LOCAL, 4457 bytes) taskResourceAssignments Map()
[2024-10-11T13:43:24.405+0000] {spark_submit.py:649} INFO - 24/10/11 13:43:24 INFO BlockManagerInfo: Added broadcast_1_piece0 in memory on 172.24.0.3:39391 (size: 5.5 KiB, free: 434.4 MiB)
[2024-10-11T13:43:24.465+0000] {spark_submit.py:649} INFO - 24/10/11 13:43:24 INFO MapOutputTrackerMasterEndpoint: Asked to send map output locations for shuffle 0 to 172.24.0.3:37458
[2024-10-11T13:43:24.490+0000] {spark_submit.py:649} INFO - 24/10/11 13:43:24 INFO BlockManagerInfo: Removed broadcast_0_piece0 on yellow-cab-airflow-scheduler:42507 in memory (size: 5.5 KiB, free: 434.4 MiB)
[2024-10-11T13:43:24.498+0000] {spark_submit.py:649} INFO - 24/10/11 13:43:24 INFO BlockManagerInfo: Removed broadcast_0_piece0 on 172.24.0.3:39391 in memory (size: 5.5 KiB, free: 434.4 MiB)
[2024-10-11T13:43:24.595+0000] {spark_submit.py:649} INFO - 24/10/11 13:43:24 INFO TaskSetManager: Finished task 0.0 in stage 2.0 (TID 1) in 215 ms on 172.24.0.3 (executor 0) (1/1)
[2024-10-11T13:43:24.596+0000] {spark_submit.py:649} INFO - 24/10/11 13:43:24 INFO TaskSchedulerImpl: Removed TaskSet 2.0, whose tasks have all completed, from pool
[2024-10-11T13:43:24.598+0000] {spark_submit.py:649} INFO - 24/10/11 13:43:24 INFO DAGScheduler: ResultStage 2 (count at NativeMethodAccessorImpl.java:0) finished in 0.226 s
[2024-10-11T13:43:24.598+0000] {spark_submit.py:649} INFO - 24/10/11 13:43:24 INFO DAGScheduler: Job 1 is finished. Cancelling potential speculative or zombie tasks for this job
[2024-10-11T13:43:24.598+0000] {spark_submit.py:649} INFO - 24/10/11 13:43:24 INFO TaskSchedulerImpl: Killing all running tasks in stage 2: Stage finished
[2024-10-11T13:43:24.599+0000] {spark_submit.py:649} INFO - 24/10/11 13:43:24 INFO DAGScheduler: Job 1 finished: count at NativeMethodAccessorImpl.java:0, took 0.237229 s
[2024-10-11T13:43:24.927+0000] {spark_submit.py:649} INFO - 24/10/11 13:43:24 INFO InMemoryFileIndex: It took 10 ms to list leaf files for 1 paths.
[2024-10-11T13:43:24.958+0000] {spark_submit.py:649} INFO - 24/10/11 13:43:24 INFO InMemoryFileIndex: It took 1 ms to list leaf files for 1 paths.
[2024-10-11T13:43:25.081+0000] {spark_submit.py:649} INFO - 24/10/11 13:43:25 INFO FileSourceStrategy: Pushed Filters:
[2024-10-11T13:43:25.081+0000] {spark_submit.py:649} INFO - 24/10/11 13:43:25 INFO FileSourceStrategy: Post-Scan Filters: (length(trim(value#14, None)) > 0)
[2024-10-11T13:43:25.082+0000] {spark_submit.py:649} INFO - 24/10/11 13:43:25 INFO FileSourceStrategy: Output Data Schema: struct<value: string>
[2024-10-11T13:43:25.112+0000] {spark_submit.py:649} INFO - 24/10/11 13:43:25 INFO CodeGenerator: Code generated in 10.512666 ms
[2024-10-11T13:43:25.123+0000] {spark_submit.py:649} INFO - 24/10/11 13:43:25 INFO MemoryStore: Block broadcast_2 stored as values in memory (estimated size 204.3 KiB, free 434.2 MiB)
[2024-10-11T13:43:25.139+0000] {spark_submit.py:649} INFO - 24/10/11 13:43:25 INFO BlockManagerInfo: Removed broadcast_1_piece0 on yellow-cab-airflow-scheduler:42507 in memory (size: 5.5 KiB, free: 434.4 MiB)
[2024-10-11T13:43:25.143+0000] {spark_submit.py:649} INFO - 24/10/11 13:43:25 INFO BlockManagerInfo: Removed broadcast_1_piece0 on 172.24.0.3:39391 in memory (size: 5.5 KiB, free: 434.4 MiB)
[2024-10-11T13:43:25.145+0000] {spark_submit.py:649} INFO - 24/10/11 13:43:25 INFO MemoryStore: Block broadcast_2_piece0 stored as bytes in memory (estimated size 35.3 KiB, free 434.2 MiB)
[2024-10-11T13:43:25.146+0000] {spark_submit.py:649} INFO - 24/10/11 13:43:25 INFO BlockManagerInfo: Added broadcast_2_piece0 in memory on yellow-cab-airflow-scheduler:42507 (size: 35.3 KiB, free: 434.4 MiB)
[2024-10-11T13:43:25.146+0000] {spark_submit.py:649} INFO - 24/10/11 13:43:25 INFO SparkContext: Created broadcast 2 from csv at NativeMethodAccessorImpl.java:0
[2024-10-11T13:43:25.151+0000] {spark_submit.py:649} INFO - 24/10/11 13:43:25 INFO FileSourceScanExec: Planning scan with bin packing, max size: 4194304 bytes, open cost is considered as scanning 4194304 bytes.
[2024-10-11T13:43:25.173+0000] {spark_submit.py:649} INFO - 24/10/11 13:43:25 INFO SparkContext: Starting job: csv at NativeMethodAccessorImpl.java:0
[2024-10-11T13:43:25.177+0000] {spark_submit.py:649} INFO - 24/10/11 13:43:25 INFO DAGScheduler: Got job 2 (csv at NativeMethodAccessorImpl.java:0) with 1 output partitions
[2024-10-11T13:43:25.177+0000] {spark_submit.py:649} INFO - 24/10/11 13:43:25 INFO DAGScheduler: Final stage: ResultStage 3 (csv at NativeMethodAccessorImpl.java:0)
[2024-10-11T13:43:25.177+0000] {spark_submit.py:649} INFO - 24/10/11 13:43:25 INFO DAGScheduler: Parents of final stage: List()
[2024-10-11T13:43:25.177+0000] {spark_submit.py:649} INFO - 24/10/11 13:43:25 INFO DAGScheduler: Missing parents: List()
[2024-10-11T13:43:25.178+0000] {spark_submit.py:649} INFO - 24/10/11 13:43:25 INFO DAGScheduler: Submitting ResultStage 3 (MapPartitionsRDD[9] at csv at NativeMethodAccessorImpl.java:0), which has no missing parents
[2024-10-11T13:43:25.181+0000] {spark_submit.py:649} INFO - 24/10/11 13:43:25 INFO MemoryStore: Block broadcast_3 stored as values in memory (estimated size 11.8 KiB, free 434.2 MiB)
[2024-10-11T13:43:25.187+0000] {spark_submit.py:649} INFO - 24/10/11 13:43:25 INFO MemoryStore: Block broadcast_3_piece0 stored as bytes in memory (estimated size 5.9 KiB, free 434.1 MiB)
[2024-10-11T13:43:25.187+0000] {spark_submit.py:649} INFO - 24/10/11 13:43:25 INFO BlockManagerInfo: Added broadcast_3_piece0 in memory on yellow-cab-airflow-scheduler:42507 (size: 5.9 KiB, free: 434.4 MiB)
[2024-10-11T13:43:25.188+0000] {spark_submit.py:649} INFO - 24/10/11 13:43:25 INFO SparkContext: Created broadcast 3 from broadcast at DAGScheduler.scala:1513
[2024-10-11T13:43:25.188+0000] {spark_submit.py:649} INFO - 24/10/11 13:43:25 INFO DAGScheduler: Submitting 1 missing tasks from ResultStage 3 (MapPartitionsRDD[9] at csv at NativeMethodAccessorImpl.java:0) (first 15 tasks are for partitions Vector(0))
[2024-10-11T13:43:25.188+0000] {spark_submit.py:649} INFO - 24/10/11 13:43:25 INFO TaskSchedulerImpl: Adding task set 3.0 with 1 tasks resource profile 0
[2024-10-11T13:43:25.191+0000] {spark_submit.py:649} INFO - 24/10/11 13:43:25 INFO TaskSetManager: Starting task 0.0 in stage 3.0 (TID 2) (172.24.0.3, executor 0, partition 0, PROCESS_LOCAL, 4915 bytes) taskResourceAssignments Map()
[2024-10-11T13:43:25.205+0000] {spark_submit.py:649} INFO - 24/10/11 13:43:25 INFO BlockManagerInfo: Added broadcast_3_piece0 in memory on 172.24.0.3:39391 (size: 5.9 KiB, free: 434.4 MiB)
[2024-10-11T13:43:25.292+0000] {spark_submit.py:649} INFO - 24/10/11 13:43:25 INFO BlockManagerInfo: Added broadcast_2_piece0 in memory on 172.24.0.3:39391 (size: 35.3 KiB, free: 434.4 MiB)
[2024-10-11T13:43:25.405+0000] {spark_submit.py:649} INFO - 24/10/11 13:43:25 INFO TaskSetManager: Finished task 0.0 in stage 3.0 (TID 2) in 216 ms on 172.24.0.3 (executor 0) (1/1)
[2024-10-11T13:43:25.406+0000] {spark_submit.py:649} INFO - 24/10/11 13:43:25 INFO TaskSchedulerImpl: Removed TaskSet 3.0, whose tasks have all completed, from pool
[2024-10-11T13:43:25.408+0000] {spark_submit.py:649} INFO - 24/10/11 13:43:25 INFO DAGScheduler: ResultStage 3 (csv at NativeMethodAccessorImpl.java:0) finished in 0.232 s
[2024-10-11T13:43:25.408+0000] {spark_submit.py:649} INFO - 24/10/11 13:43:25 INFO DAGScheduler: Job 2 is finished. Cancelling potential speculative or zombie tasks for this job
[2024-10-11T13:43:25.409+0000] {spark_submit.py:649} INFO - 24/10/11 13:43:25 INFO TaskSchedulerImpl: Killing all running tasks in stage 3: Stage finished
[2024-10-11T13:43:25.409+0000] {spark_submit.py:649} INFO - 24/10/11 13:43:25 INFO DAGScheduler: Job 2 finished: csv at NativeMethodAccessorImpl.java:0, took 0.235705 s
[2024-10-11T13:43:25.420+0000] {spark_submit.py:649} INFO - 24/10/11 13:43:25 INFO CodeGenerator: Code generated in 6.371583 ms
[2024-10-11T13:43:25.438+0000] {spark_submit.py:649} INFO - 24/10/11 13:43:25 INFO BlockManagerInfo: Removed broadcast_3_piece0 on yellow-cab-airflow-scheduler:42507 in memory (size: 5.9 KiB, free: 434.4 MiB)
[2024-10-11T13:43:25.443+0000] {spark_submit.py:649} INFO - 24/10/11 13:43:25 INFO BlockManagerInfo: Removed broadcast_3_piece0 on 172.24.0.3:39391 in memory (size: 5.9 KiB, free: 434.4 MiB)
[2024-10-11T13:43:25.451+0000] {spark_submit.py:649} INFO - 24/10/11 13:43:25 INFO FileSourceStrategy: Pushed Filters:
[2024-10-11T13:43:25.451+0000] {spark_submit.py:649} INFO - 24/10/11 13:43:25 INFO FileSourceStrategy: Post-Scan Filters:
[2024-10-11T13:43:25.452+0000] {spark_submit.py:649} INFO - 24/10/11 13:43:25 INFO FileSourceStrategy: Output Data Schema: struct<value: string>
[2024-10-11T13:43:25.456+0000] {spark_submit.py:649} INFO - 24/10/11 13:43:25 INFO MemoryStore: Block broadcast_4 stored as values in memory (estimated size 204.3 KiB, free 434.0 MiB)
[2024-10-11T13:43:25.466+0000] {spark_submit.py:649} INFO - 24/10/11 13:43:25 INFO BlockManagerInfo: Removed broadcast_2_piece0 on yellow-cab-airflow-scheduler:42507 in memory (size: 35.3 KiB, free: 434.4 MiB)
[2024-10-11T13:43:25.467+0000] {spark_submit.py:649} INFO - 24/10/11 13:43:25 INFO MemoryStore: Block broadcast_4_piece0 stored as bytes in memory (estimated size 35.3 KiB, free 434.2 MiB)
[2024-10-11T13:43:25.468+0000] {spark_submit.py:649} INFO - 24/10/11 13:43:25 INFO BlockManagerInfo: Added broadcast_4_piece0 in memory on yellow-cab-airflow-scheduler:42507 (size: 35.3 KiB, free: 434.4 MiB)
[2024-10-11T13:43:25.469+0000] {spark_submit.py:649} INFO - 24/10/11 13:43:25 INFO SparkContext: Created broadcast 4 from csv at NativeMethodAccessorImpl.java:0
[2024-10-11T13:43:25.470+0000] {spark_submit.py:649} INFO - 24/10/11 13:43:25 INFO BlockManagerInfo: Removed broadcast_2_piece0 on 172.24.0.3:39391 in memory (size: 35.3 KiB, free: 434.4 MiB)
[2024-10-11T13:43:25.470+0000] {spark_submit.py:649} INFO - 24/10/11 13:43:25 INFO FileSourceScanExec: Planning scan with bin packing, max size: 4194304 bytes, open cost is considered as scanning 4194304 bytes.
[2024-10-11T13:43:25.515+0000] {spark_submit.py:649} INFO - 24/10/11 13:43:25 INFO SparkContext: Starting job: csv at NativeMethodAccessorImpl.java:0
[2024-10-11T13:43:25.516+0000] {spark_submit.py:649} INFO - 24/10/11 13:43:25 INFO DAGScheduler: Got job 3 (csv at NativeMethodAccessorImpl.java:0) with 1 output partitions
[2024-10-11T13:43:25.516+0000] {spark_submit.py:649} INFO - 24/10/11 13:43:25 INFO DAGScheduler: Final stage: ResultStage 4 (csv at NativeMethodAccessorImpl.java:0)
[2024-10-11T13:43:25.516+0000] {spark_submit.py:649} INFO - 24/10/11 13:43:25 INFO DAGScheduler: Parents of final stage: List()
[2024-10-11T13:43:25.516+0000] {spark_submit.py:649} INFO - 24/10/11 13:43:25 INFO DAGScheduler: Missing parents: List()
[2024-10-11T13:43:25.517+0000] {spark_submit.py:649} INFO - 24/10/11 13:43:25 INFO DAGScheduler: Submitting ResultStage 4 (MapPartitionsRDD[15] at csv at NativeMethodAccessorImpl.java:0), which has no missing parents
[2024-10-11T13:43:25.528+0000] {spark_submit.py:649} INFO - 24/10/11 13:43:25 INFO MemoryStore: Block broadcast_5 stored as values in memory (estimated size 28.5 KiB, free 434.1 MiB)
[2024-10-11T13:43:25.532+0000] {spark_submit.py:649} INFO - 24/10/11 13:43:25 INFO MemoryStore: Block broadcast_5_piece0 stored as bytes in memory (estimated size 12.6 KiB, free 434.1 MiB)
[2024-10-11T13:43:25.533+0000] {spark_submit.py:649} INFO - 24/10/11 13:43:25 INFO BlockManagerInfo: Added broadcast_5_piece0 in memory on yellow-cab-airflow-scheduler:42507 (size: 12.6 KiB, free: 434.4 MiB)
[2024-10-11T13:43:25.534+0000] {spark_submit.py:649} INFO - 24/10/11 13:43:25 INFO SparkContext: Created broadcast 5 from broadcast at DAGScheduler.scala:1513
[2024-10-11T13:43:25.534+0000] {spark_submit.py:649} INFO - 24/10/11 13:43:25 INFO DAGScheduler: Submitting 1 missing tasks from ResultStage 4 (MapPartitionsRDD[15] at csv at NativeMethodAccessorImpl.java:0) (first 15 tasks are for partitions Vector(0))
[2024-10-11T13:43:25.534+0000] {spark_submit.py:649} INFO - 24/10/11 13:43:25 INFO TaskSchedulerImpl: Adding task set 4.0 with 1 tasks resource profile 0
[2024-10-11T13:43:25.536+0000] {spark_submit.py:649} INFO - 24/10/11 13:43:25 INFO TaskSetManager: Starting task 0.0 in stage 4.0 (TID 3) (172.24.0.3, executor 0, partition 0, PROCESS_LOCAL, 4915 bytes) taskResourceAssignments Map()
[2024-10-11T13:43:25.560+0000] {spark_submit.py:649} INFO - 24/10/11 13:43:25 INFO BlockManagerInfo: Added broadcast_5_piece0 in memory on 172.24.0.3:39391 (size: 12.6 KiB, free: 434.4 MiB)
[2024-10-11T13:43:26.294+0000] {spark_submit.py:649} INFO - 24/10/11 13:43:26 INFO BlockManagerInfo: Added broadcast_4_piece0 in memory on 172.24.0.3:39391 (size: 35.3 KiB, free: 434.4 MiB)
[2024-10-11T13:43:26.473+0000] {spark_submit.py:649} INFO - 24/10/11 13:43:26 INFO TaskSetManager: Finished task 0.0 in stage 4.0 (TID 3) in 938 ms on 172.24.0.3 (executor 0) (1/1)
[2024-10-11T13:43:26.474+0000] {spark_submit.py:649} INFO - 24/10/11 13:43:26 INFO TaskSchedulerImpl: Removed TaskSet 4.0, whose tasks have all completed, from pool
[2024-10-11T13:43:26.474+0000] {spark_submit.py:649} INFO - 24/10/11 13:43:26 INFO DAGScheduler: ResultStage 4 (csv at NativeMethodAccessorImpl.java:0) finished in 0.957 s
[2024-10-11T13:43:26.475+0000] {spark_submit.py:649} INFO - 24/10/11 13:43:26 INFO DAGScheduler: Job 3 is finished. Cancelling potential speculative or zombie tasks for this job
[2024-10-11T13:43:26.475+0000] {spark_submit.py:649} INFO - 24/10/11 13:43:26 INFO TaskSchedulerImpl: Killing all running tasks in stage 4: Stage finished
[2024-10-11T13:43:26.476+0000] {spark_submit.py:649} INFO - 24/10/11 13:43:26 INFO DAGScheduler: Job 3 finished: csv at NativeMethodAccessorImpl.java:0, took 0.960647 s
[2024-10-11T13:43:26.622+0000] {spark_submit.py:649} INFO - schema nya dim datetime:
[2024-10-11T13:43:26.626+0000] {spark_submit.py:649} INFO - root
[2024-10-11T13:43:26.627+0000] {spark_submit.py:649} INFO - |-- tpep_pickup_datetime: timestamp (nullable = true)
[2024-10-11T13:43:26.627+0000] {spark_submit.py:649} INFO - |-- Datetime: timestamp (nullable = true)
[2024-10-11T13:43:26.627+0000] {spark_submit.py:649} INFO - |-- Year: integer (nullable = true)
[2024-10-11T13:43:26.628+0000] {spark_submit.py:649} INFO - |-- Month: integer (nullable = true)
[2024-10-11T13:43:26.628+0000] {spark_submit.py:649} INFO - |-- Day: integer (nullable = true)
[2024-10-11T13:43:26.628+0000] {spark_submit.py:649} INFO - |-- Hour: integer (nullable = true)
[2024-10-11T13:43:26.629+0000] {spark_submit.py:649} INFO - |-- Day_of_Week: integer (nullable = true)
[2024-10-11T13:43:26.629+0000] {spark_submit.py:649} INFO - |-- Weekend_Indicator: boolean (nullable = false)
[2024-10-11T13:43:26.629+0000] {spark_submit.py:649} INFO - 
[2024-10-11T13:43:27.074+0000] {spark_submit.py:649} INFO - 24/10/11 13:43:27 INFO FileSourceStrategy: Pushed Filters:
[2024-10-11T13:43:27.075+0000] {spark_submit.py:649} INFO - 24/10/11 13:43:27 INFO FileSourceStrategy: Post-Scan Filters: atleastnnonnulls(4, tpep_pickup_datetime#32, tpep_dropoff_datetime#33, pickup_longitude#36, pickup_latitude#37)
[2024-10-11T13:43:27.075+0000] {spark_submit.py:649} INFO - 24/10/11 13:43:27 INFO FileSourceStrategy: Output Data Schema: struct<VendorID: int, tpep_pickup_datetime: timestamp, tpep_dropoff_datetime: timestamp, pickup_longitude: double, pickup_latitude: double ... 3 more fields>
[2024-10-11T13:43:27.093+0000] {spark_submit.py:649} INFO - 24/10/11 13:43:27 INFO HashAggregateExec: spark.sql.codegen.aggregate.map.twolevel.enabled is set to true, but current version of codegened fast hashmap does not support this aggregate.
[2024-10-11T13:43:27.136+0000] {spark_submit.py:649} INFO - 24/10/11 13:43:27 INFO CodeGenerator: Code generated in 33.823291 ms
[2024-10-11T13:43:27.139+0000] {spark_submit.py:649} INFO - 24/10/11 13:43:27 INFO MemoryStore: Block broadcast_6 stored as values in memory (estimated size 204.2 KiB, free 433.9 MiB)
[2024-10-11T13:43:27.151+0000] {spark_submit.py:649} INFO - 24/10/11 13:43:27 INFO BlockManagerInfo: Removed broadcast_5_piece0 on yellow-cab-airflow-scheduler:42507 in memory (size: 12.6 KiB, free: 434.4 MiB)
[2024-10-11T13:43:27.153+0000] {spark_submit.py:649} INFO - 24/10/11 13:43:27 INFO MemoryStore: Block broadcast_6_piece0 stored as bytes in memory (estimated size 35.2 KiB, free 433.9 MiB)
[2024-10-11T13:43:27.155+0000] {spark_submit.py:649} INFO - 24/10/11 13:43:27 INFO BlockManagerInfo: Added broadcast_6_piece0 in memory on yellow-cab-airflow-scheduler:42507 (size: 35.2 KiB, free: 434.3 MiB)
[2024-10-11T13:43:27.156+0000] {spark_submit.py:649} INFO - 24/10/11 13:43:27 INFO SparkContext: Created broadcast 6 from toPandas at /spark-scripts/taxi_etl.py:122
[2024-10-11T13:43:27.157+0000] {spark_submit.py:649} INFO - 24/10/11 13:43:27 INFO BlockManagerInfo: Removed broadcast_5_piece0 on 172.24.0.3:39391 in memory (size: 12.6 KiB, free: 434.4 MiB)
[2024-10-11T13:43:27.161+0000] {spark_submit.py:649} INFO - 24/10/11 13:43:27 INFO FileSourceScanExec: Planning scan with bin packing, max size: 4194304 bytes, open cost is considered as scanning 4194304 bytes.
[2024-10-11T13:43:27.167+0000] {spark_submit.py:649} INFO - 24/10/11 13:43:27 INFO BlockManagerInfo: Removed broadcast_4_piece0 on yellow-cab-airflow-scheduler:42507 in memory (size: 35.3 KiB, free: 434.4 MiB)
[2024-10-11T13:43:27.177+0000] {spark_submit.py:649} INFO - 24/10/11 13:43:27 INFO BlockManagerInfo: Removed broadcast_4_piece0 on 172.24.0.3:39391 in memory (size: 35.3 KiB, free: 434.4 MiB)
[2024-10-11T13:43:27.178+0000] {spark_submit.py:649} INFO - 24/10/11 13:43:27 INFO DAGScheduler: Registering RDD 19 (toPandas at /spark-scripts/taxi_etl.py:122) as input to shuffle 1
[2024-10-11T13:43:27.179+0000] {spark_submit.py:649} INFO - 24/10/11 13:43:27 INFO DAGScheduler: Got map stage job 4 (toPandas at /spark-scripts/taxi_etl.py:122) with 1 output partitions
[2024-10-11T13:43:27.180+0000] {spark_submit.py:649} INFO - 24/10/11 13:43:27 INFO DAGScheduler: Final stage: ShuffleMapStage 5 (toPandas at /spark-scripts/taxi_etl.py:122)
[2024-10-11T13:43:27.181+0000] {spark_submit.py:649} INFO - 24/10/11 13:43:27 INFO DAGScheduler: Parents of final stage: List()
[2024-10-11T13:43:27.182+0000] {spark_submit.py:649} INFO - 24/10/11 13:43:27 INFO DAGScheduler: Missing parents: List()
[2024-10-11T13:43:27.182+0000] {spark_submit.py:649} INFO - 24/10/11 13:43:27 INFO DAGScheduler: Submitting ShuffleMapStage 5 (MapPartitionsRDD[19] at toPandas at /spark-scripts/taxi_etl.py:122), which has no missing parents
[2024-10-11T13:43:27.184+0000] {spark_submit.py:649} INFO - 24/10/11 13:43:27 INFO MemoryStore: Block broadcast_7 stored as values in memory (estimated size 27.4 KiB, free 434.1 MiB)
[2024-10-11T13:43:27.186+0000] {spark_submit.py:649} INFO - 24/10/11 13:43:27 INFO MemoryStore: Block broadcast_7_piece0 stored as bytes in memory (estimated size 12.7 KiB, free 434.1 MiB)
[2024-10-11T13:43:27.230+0000] {spark_submit.py:649} INFO - 24/10/11 13:43:27 INFO BlockManagerInfo: Added broadcast_7_piece0 in memory on yellow-cab-airflow-scheduler:42507 (size: 12.7 KiB, free: 434.4 MiB)
[2024-10-11T13:43:27.232+0000] {spark_submit.py:649} INFO - 24/10/11 13:43:27 INFO SparkContext: Created broadcast 7 from broadcast at DAGScheduler.scala:1513
[2024-10-11T13:43:27.233+0000] {spark_submit.py:649} INFO - 24/10/11 13:43:27 INFO DAGScheduler: Submitting 1 missing tasks from ShuffleMapStage 5 (MapPartitionsRDD[19] at toPandas at /spark-scripts/taxi_etl.py:122) (first 15 tasks are for partitions Vector(0))
[2024-10-11T13:43:27.233+0000] {spark_submit.py:649} INFO - 24/10/11 13:43:27 INFO TaskSchedulerImpl: Adding task set 5.0 with 1 tasks resource profile 0
[2024-10-11T13:43:27.234+0000] {spark_submit.py:649} INFO - 24/10/11 13:43:27 INFO TaskSetManager: Starting task 0.0 in stage 5.0 (TID 4) (172.24.0.3, executor 0, partition 0, PROCESS_LOCAL, 4904 bytes) taskResourceAssignments Map()
[2024-10-11T13:43:27.247+0000] {spark_submit.py:649} INFO - 24/10/11 13:43:27 INFO BlockManagerInfo: Added broadcast_7_piece0 in memory on 172.24.0.3:39391 (size: 12.7 KiB, free: 434.4 MiB)
[2024-10-11T13:43:27.487+0000] {spark_submit.py:649} INFO - 24/10/11 13:43:27 INFO BlockManagerInfo: Added broadcast_6_piece0 in memory on 172.24.0.3:39391 (size: 35.2 KiB, free: 434.4 MiB)
[2024-10-11T13:43:27.688+0000] {spark_submit.py:649} INFO - 24/10/11 13:43:27 INFO TaskSetManager: Finished task 0.0 in stage 5.0 (TID 4) in 499 ms on 172.24.0.3 (executor 0) (1/1)
[2024-10-11T13:43:27.689+0000] {spark_submit.py:649} INFO - 24/10/11 13:43:27 INFO TaskSchedulerImpl: Removed TaskSet 5.0, whose tasks have all completed, from pool
[2024-10-11T13:43:27.690+0000] {spark_submit.py:649} INFO - 24/10/11 13:43:27 INFO DAGScheduler: ShuffleMapStage 5 (toPandas at /spark-scripts/taxi_etl.py:122) finished in 0.510 s
[2024-10-11T13:43:27.690+0000] {spark_submit.py:649} INFO - 24/10/11 13:43:27 INFO DAGScheduler: looking for newly runnable stages
[2024-10-11T13:43:27.691+0000] {spark_submit.py:649} INFO - 24/10/11 13:43:27 INFO DAGScheduler: running: Set()
[2024-10-11T13:43:27.692+0000] {spark_submit.py:649} INFO - 24/10/11 13:43:27 INFO DAGScheduler: waiting: Set()
[2024-10-11T13:43:27.692+0000] {spark_submit.py:649} INFO - 24/10/11 13:43:27 INFO DAGScheduler: failed: Set()
[2024-10-11T13:43:27.703+0000] {spark_submit.py:649} INFO - 24/10/11 13:43:27 INFO ShufflePartitionsUtil: For shuffle(1), advisory target size: 67108864, actual target size 1048576, minimum partition size: 1048576
[2024-10-11T13:43:27.714+0000] {spark_submit.py:649} INFO - 24/10/11 13:43:27 INFO HashAggregateExec: spark.sql.codegen.aggregate.map.twolevel.enabled is set to true, but current version of codegened fast hashmap does not support this aggregate.
[2024-10-11T13:43:27.731+0000] {spark_submit.py:649} INFO - 24/10/11 13:43:27 INFO CodeGenerator: Code generated in 14.763833 ms
[2024-10-11T13:43:27.746+0000] {spark_submit.py:649} INFO - 24/10/11 13:43:27 INFO SparkContext: Starting job: toPandas at /spark-scripts/taxi_etl.py:122
[2024-10-11T13:43:27.747+0000] {spark_submit.py:649} INFO - 24/10/11 13:43:27 INFO DAGScheduler: Got job 5 (toPandas at /spark-scripts/taxi_etl.py:122) with 1 output partitions
[2024-10-11T13:43:27.747+0000] {spark_submit.py:649} INFO - 24/10/11 13:43:27 INFO DAGScheduler: Final stage: ResultStage 7 (toPandas at /spark-scripts/taxi_etl.py:122)
[2024-10-11T13:43:27.747+0000] {spark_submit.py:649} INFO - 24/10/11 13:43:27 INFO DAGScheduler: Parents of final stage: List(ShuffleMapStage 6)
[2024-10-11T13:43:27.747+0000] {spark_submit.py:649} INFO - 24/10/11 13:43:27 INFO DAGScheduler: Missing parents: List()
[2024-10-11T13:43:27.748+0000] {spark_submit.py:649} INFO - 24/10/11 13:43:27 INFO DAGScheduler: Submitting ResultStage 7 (MapPartitionsRDD[22] at toPandas at /spark-scripts/taxi_etl.py:122), which has no missing parents
[2024-10-11T13:43:27.752+0000] {spark_submit.py:649} INFO - 24/10/11 13:43:27 INFO MemoryStore: Block broadcast_8 stored as values in memory (estimated size 37.0 KiB, free 434.1 MiB)
[2024-10-11T13:43:27.757+0000] {spark_submit.py:649} INFO - 24/10/11 13:43:27 INFO MemoryStore: Block broadcast_8_piece0 stored as bytes in memory (estimated size 17.5 KiB, free 434.1 MiB)
[2024-10-11T13:43:27.758+0000] {spark_submit.py:649} INFO - 24/10/11 13:43:27 INFO BlockManagerInfo: Added broadcast_8_piece0 in memory on yellow-cab-airflow-scheduler:42507 (size: 17.5 KiB, free: 434.3 MiB)
[2024-10-11T13:43:27.759+0000] {spark_submit.py:649} INFO - 24/10/11 13:43:27 INFO BlockManagerInfo: Removed broadcast_7_piece0 on yellow-cab-airflow-scheduler:42507 in memory (size: 12.7 KiB, free: 434.3 MiB)
[2024-10-11T13:43:27.759+0000] {spark_submit.py:649} INFO - 24/10/11 13:43:27 INFO SparkContext: Created broadcast 8 from broadcast at DAGScheduler.scala:1513
[2024-10-11T13:43:27.761+0000] {spark_submit.py:649} INFO - 24/10/11 13:43:27 INFO DAGScheduler: Submitting 1 missing tasks from ResultStage 7 (MapPartitionsRDD[22] at toPandas at /spark-scripts/taxi_etl.py:122) (first 15 tasks are for partitions Vector(0))
[2024-10-11T13:43:27.761+0000] {spark_submit.py:649} INFO - 24/10/11 13:43:27 INFO TaskSchedulerImpl: Adding task set 7.0 with 1 tasks resource profile 0
[2024-10-11T13:43:27.761+0000] {spark_submit.py:649} INFO - 24/10/11 13:43:27 INFO TaskSetManager: Starting task 0.0 in stage 7.0 (TID 5) (172.24.0.3, executor 0, partition 0, NODE_LOCAL, 4457 bytes) taskResourceAssignments Map()
[2024-10-11T13:43:27.766+0000] {spark_submit.py:649} INFO - 24/10/11 13:43:27 INFO BlockManagerInfo: Removed broadcast_7_piece0 on 172.24.0.3:39391 in memory (size: 12.7 KiB, free: 434.4 MiB)
[2024-10-11T13:43:27.781+0000] {spark_submit.py:649} INFO - 24/10/11 13:43:27 INFO BlockManagerInfo: Added broadcast_8_piece0 in memory on 172.24.0.3:39391 (size: 17.5 KiB, free: 434.3 MiB)
[2024-10-11T13:43:27.797+0000] {spark_submit.py:649} INFO - 24/10/11 13:43:27 INFO MapOutputTrackerMasterEndpoint: Asked to send map output locations for shuffle 1 to 172.24.0.3:37458
[2024-10-11T13:43:27.844+0000] {spark_submit.py:649} INFO - 24/10/11 13:43:27 INFO TaskSetManager: Finished task 0.0 in stage 7.0 (TID 5) in 82 ms on 172.24.0.3 (executor 0) (1/1)
[2024-10-11T13:43:27.845+0000] {spark_submit.py:649} INFO - 24/10/11 13:43:27 INFO TaskSchedulerImpl: Removed TaskSet 7.0, whose tasks have all completed, from pool
[2024-10-11T13:43:27.846+0000] {spark_submit.py:649} INFO - 24/10/11 13:43:27 INFO DAGScheduler: ResultStage 7 (toPandas at /spark-scripts/taxi_etl.py:122) finished in 0.094 s
[2024-10-11T13:43:27.846+0000] {spark_submit.py:649} INFO - 24/10/11 13:43:27 INFO DAGScheduler: Job 5 is finished. Cancelling potential speculative or zombie tasks for this job
[2024-10-11T13:43:27.846+0000] {spark_submit.py:649} INFO - 24/10/11 13:43:27 INFO TaskSchedulerImpl: Killing all running tasks in stage 7: Stage finished
[2024-10-11T13:43:27.847+0000] {spark_submit.py:649} INFO - 24/10/11 13:43:27 INFO DAGScheduler: Job 5 finished: toPandas at /spark-scripts/taxi_etl.py:122, took 0.099078 s
[2024-10-11T13:43:33.846+0000] {spark_submit.py:649} INFO - 24/10/11 13:43:33 INFO FileSourceStrategy: Pushed Filters:
[2024-10-11T13:43:33.847+0000] {spark_submit.py:649} INFO - 24/10/11 13:43:33 INFO FileSourceStrategy: Post-Scan Filters: atleastnnonnulls(4, tpep_pickup_datetime#32, tpep_dropoff_datetime#33, pickup_longitude#36, pickup_latitude#37)
[2024-10-11T13:43:33.848+0000] {spark_submit.py:649} INFO - 24/10/11 13:43:33 INFO FileSourceStrategy: Output Data Schema: struct<tpep_pickup_datetime: timestamp, tpep_dropoff_datetime: timestamp, pickup_longitude: double, pickup_latitude: double, RatecodeID: int ... 3 more fields>
[2024-10-11T13:43:33.859+0000] {spark_submit.py:649} INFO - 24/10/11 13:43:33 INFO HashAggregateExec: spark.sql.codegen.aggregate.map.twolevel.enabled is set to true, but current version of codegened fast hashmap does not support this aggregate.
[2024-10-11T13:43:33.880+0000] {spark_submit.py:649} INFO - 24/10/11 13:43:33 INFO CodeGenerator: Code generated in 14.855542 ms
[2024-10-11T13:43:33.887+0000] {spark_submit.py:649} INFO - 24/10/11 13:43:33 INFO MemoryStore: Block broadcast_9 stored as values in memory (estimated size 204.2 KiB, free 433.9 MiB)
[2024-10-11T13:43:33.895+0000] {spark_submit.py:649} INFO - 24/10/11 13:43:33 INFO BlockManagerInfo: Removed broadcast_8_piece0 on yellow-cab-airflow-scheduler:42507 in memory (size: 17.5 KiB, free: 434.4 MiB)
[2024-10-11T13:43:33.899+0000] {spark_submit.py:649} INFO - 24/10/11 13:43:33 INFO MemoryStore: Block broadcast_9_piece0 stored as bytes in memory (estimated size 35.2 KiB, free 433.9 MiB)
[2024-10-11T13:43:33.899+0000] {spark_submit.py:649} INFO - 24/10/11 13:43:33 INFO BlockManagerInfo: Removed broadcast_8_piece0 on 172.24.0.3:39391 in memory (size: 17.5 KiB, free: 434.4 MiB)
[2024-10-11T13:43:33.900+0000] {spark_submit.py:649} INFO - 24/10/11 13:43:33 INFO BlockManagerInfo: Added broadcast_9_piece0 in memory on yellow-cab-airflow-scheduler:42507 (size: 35.2 KiB, free: 434.3 MiB)
[2024-10-11T13:43:33.900+0000] {spark_submit.py:649} INFO - 24/10/11 13:43:33 INFO SparkContext: Created broadcast 9 from toPandas at /spark-scripts/taxi_etl.py:125
[2024-10-11T13:43:33.902+0000] {spark_submit.py:649} INFO - 24/10/11 13:43:33 INFO FileSourceScanExec: Planning scan with bin packing, max size: 4194304 bytes, open cost is considered as scanning 4194304 bytes.
[2024-10-11T13:43:33.906+0000] {spark_submit.py:649} INFO - 24/10/11 13:43:33 INFO DAGScheduler: Registering RDD 26 (toPandas at /spark-scripts/taxi_etl.py:125) as input to shuffle 2
[2024-10-11T13:43:33.907+0000] {spark_submit.py:649} INFO - 24/10/11 13:43:33 INFO DAGScheduler: Got map stage job 6 (toPandas at /spark-scripts/taxi_etl.py:125) with 1 output partitions
[2024-10-11T13:43:33.907+0000] {spark_submit.py:649} INFO - 24/10/11 13:43:33 INFO DAGScheduler: Final stage: ShuffleMapStage 8 (toPandas at /spark-scripts/taxi_etl.py:125)
[2024-10-11T13:43:33.907+0000] {spark_submit.py:649} INFO - 24/10/11 13:43:33 INFO DAGScheduler: Parents of final stage: List()
[2024-10-11T13:43:33.908+0000] {spark_submit.py:649} INFO - 24/10/11 13:43:33 INFO DAGScheduler: Missing parents: List()
[2024-10-11T13:43:33.908+0000] {spark_submit.py:649} INFO - 24/10/11 13:43:33 INFO DAGScheduler: Submitting ShuffleMapStage 8 (MapPartitionsRDD[26] at toPandas at /spark-scripts/taxi_etl.py:125), which has no missing parents
[2024-10-11T13:43:33.909+0000] {spark_submit.py:649} INFO - 24/10/11 13:43:33 INFO MemoryStore: Block broadcast_10 stored as values in memory (estimated size 27.4 KiB, free 433.9 MiB)
[2024-10-11T13:43:33.911+0000] {spark_submit.py:649} INFO - 24/10/11 13:43:33 INFO MemoryStore: Block broadcast_10_piece0 stored as bytes in memory (estimated size 12.7 KiB, free 433.9 MiB)
[2024-10-11T13:43:33.912+0000] {spark_submit.py:649} INFO - 24/10/11 13:43:33 INFO BlockManagerInfo: Added broadcast_10_piece0 in memory on yellow-cab-airflow-scheduler:42507 (size: 12.7 KiB, free: 434.3 MiB)
[2024-10-11T13:43:33.912+0000] {spark_submit.py:649} INFO - 24/10/11 13:43:33 INFO SparkContext: Created broadcast 10 from broadcast at DAGScheduler.scala:1513
[2024-10-11T13:43:33.916+0000] {spark_submit.py:649} INFO - 24/10/11 13:43:33 INFO DAGScheduler: Submitting 1 missing tasks from ShuffleMapStage 8 (MapPartitionsRDD[26] at toPandas at /spark-scripts/taxi_etl.py:125) (first 15 tasks are for partitions Vector(0))
[2024-10-11T13:43:33.916+0000] {spark_submit.py:649} INFO - 24/10/11 13:43:33 INFO TaskSchedulerImpl: Adding task set 8.0 with 1 tasks resource profile 0
[2024-10-11T13:43:33.917+0000] {spark_submit.py:649} INFO - 24/10/11 13:43:33 INFO TaskSetManager: Starting task 0.0 in stage 8.0 (TID 6) (172.24.0.3, executor 0, partition 0, PROCESS_LOCAL, 4904 bytes) taskResourceAssignments Map()
[2024-10-11T13:43:33.930+0000] {spark_submit.py:649} INFO - 24/10/11 13:43:33 INFO BlockManagerInfo: Added broadcast_10_piece0 in memory on 172.24.0.3:39391 (size: 12.7 KiB, free: 434.4 MiB)
[2024-10-11T13:43:33.975+0000] {spark_submit.py:649} INFO - 24/10/11 13:43:33 INFO BlockManagerInfo: Added broadcast_9_piece0 in memory on 172.24.0.3:39391 (size: 35.2 KiB, free: 434.3 MiB)
[2024-10-11T13:43:34.084+0000] {spark_submit.py:649} INFO - 24/10/11 13:43:34 INFO TaskSetManager: Finished task 0.0 in stage 8.0 (TID 6) in 167 ms on 172.24.0.3 (executor 0) (1/1)
[2024-10-11T13:43:34.086+0000] {spark_submit.py:649} INFO - 24/10/11 13:43:34 INFO TaskSchedulerImpl: Removed TaskSet 8.0, whose tasks have all completed, from pool
[2024-10-11T13:43:34.086+0000] {spark_submit.py:649} INFO - 24/10/11 13:43:34 INFO DAGScheduler: ShuffleMapStage 8 (toPandas at /spark-scripts/taxi_etl.py:125) finished in 0.177 s
[2024-10-11T13:43:34.086+0000] {spark_submit.py:649} INFO - 24/10/11 13:43:34 INFO DAGScheduler: looking for newly runnable stages
[2024-10-11T13:43:34.086+0000] {spark_submit.py:649} INFO - 24/10/11 13:43:34 INFO DAGScheduler: running: Set()
[2024-10-11T13:43:34.087+0000] {spark_submit.py:649} INFO - 24/10/11 13:43:34 INFO DAGScheduler: waiting: Set()
[2024-10-11T13:43:34.087+0000] {spark_submit.py:649} INFO - 24/10/11 13:43:34 INFO DAGScheduler: failed: Set()
[2024-10-11T13:43:34.088+0000] {spark_submit.py:649} INFO - 24/10/11 13:43:34 INFO ShufflePartitionsUtil: For shuffle(2), advisory target size: 67108864, actual target size 1048576, minimum partition size: 1048576
[2024-10-11T13:43:34.093+0000] {spark_submit.py:649} INFO - 24/10/11 13:43:34 INFO HashAggregateExec: spark.sql.codegen.aggregate.map.twolevel.enabled is set to true, but current version of codegened fast hashmap does not support this aggregate.
[2024-10-11T13:43:34.109+0000] {spark_submit.py:649} INFO - 24/10/11 13:43:34 INFO CodeGenerator: Code generated in 12.945458 ms
[2024-10-11T13:43:34.121+0000] {spark_submit.py:649} INFO - 24/10/11 13:43:34 INFO SparkContext: Starting job: toPandas at /spark-scripts/taxi_etl.py:125
[2024-10-11T13:43:34.122+0000] {spark_submit.py:649} INFO - 24/10/11 13:43:34 INFO DAGScheduler: Got job 7 (toPandas at /spark-scripts/taxi_etl.py:125) with 1 output partitions
[2024-10-11T13:43:34.122+0000] {spark_submit.py:649} INFO - 24/10/11 13:43:34 INFO DAGScheduler: Final stage: ResultStage 10 (toPandas at /spark-scripts/taxi_etl.py:125)
[2024-10-11T13:43:34.123+0000] {spark_submit.py:649} INFO - 24/10/11 13:43:34 INFO DAGScheduler: Parents of final stage: List(ShuffleMapStage 9)
[2024-10-11T13:43:34.123+0000] {spark_submit.py:649} INFO - 24/10/11 13:43:34 INFO DAGScheduler: Missing parents: List()
[2024-10-11T13:43:34.124+0000] {spark_submit.py:649} INFO - 24/10/11 13:43:34 INFO DAGScheduler: Submitting ResultStage 10 (MapPartitionsRDD[29] at toPandas at /spark-scripts/taxi_etl.py:125), which has no missing parents
[2024-10-11T13:43:34.128+0000] {spark_submit.py:649} INFO - 24/10/11 13:43:34 INFO MemoryStore: Block broadcast_11 stored as values in memory (estimated size 37.3 KiB, free 433.9 MiB)
[2024-10-11T13:43:34.133+0000] {spark_submit.py:649} INFO - 24/10/11 13:43:34 INFO MemoryStore: Block broadcast_11_piece0 stored as bytes in memory (estimated size 17.8 KiB, free 433.8 MiB)
[2024-10-11T13:43:34.135+0000] {spark_submit.py:649} INFO - 24/10/11 13:43:34 INFO BlockManagerInfo: Added broadcast_11_piece0 in memory on yellow-cab-airflow-scheduler:42507 (size: 17.8 KiB, free: 434.3 MiB)
[2024-10-11T13:43:34.136+0000] {spark_submit.py:649} INFO - 24/10/11 13:43:34 INFO SparkContext: Created broadcast 11 from broadcast at DAGScheduler.scala:1513
[2024-10-11T13:43:34.137+0000] {spark_submit.py:649} INFO - 24/10/11 13:43:34 INFO BlockManagerInfo: Removed broadcast_10_piece0 on yellow-cab-airflow-scheduler:42507 in memory (size: 12.7 KiB, free: 434.3 MiB)
[2024-10-11T13:43:34.138+0000] {spark_submit.py:649} INFO - 24/10/11 13:43:34 INFO DAGScheduler: Submitting 1 missing tasks from ResultStage 10 (MapPartitionsRDD[29] at toPandas at /spark-scripts/taxi_etl.py:125) (first 15 tasks are for partitions Vector(0))
[2024-10-11T13:43:34.138+0000] {spark_submit.py:649} INFO - 24/10/11 13:43:34 INFO TaskSchedulerImpl: Adding task set 10.0 with 1 tasks resource profile 0
[2024-10-11T13:43:34.139+0000] {spark_submit.py:649} INFO - 24/10/11 13:43:34 INFO TaskSetManager: Starting task 0.0 in stage 10.0 (TID 7) (172.24.0.3, executor 0, partition 0, NODE_LOCAL, 4457 bytes) taskResourceAssignments Map()
[2024-10-11T13:43:34.140+0000] {spark_submit.py:649} INFO - 24/10/11 13:43:34 INFO BlockManagerInfo: Removed broadcast_10_piece0 on 172.24.0.3:39391 in memory (size: 12.7 KiB, free: 434.3 MiB)
[2024-10-11T13:43:34.159+0000] {spark_submit.py:649} INFO - 24/10/11 13:43:34 INFO BlockManagerInfo: Added broadcast_11_piece0 in memory on 172.24.0.3:39391 (size: 17.8 KiB, free: 434.3 MiB)
[2024-10-11T13:43:34.168+0000] {spark_submit.py:649} INFO - 24/10/11 13:43:34 INFO MapOutputTrackerMasterEndpoint: Asked to send map output locations for shuffle 2 to 172.24.0.3:37458
[2024-10-11T13:43:34.191+0000] {spark_submit.py:649} INFO - 24/10/11 13:43:34 INFO TaskSetManager: Finished task 0.0 in stage 10.0 (TID 7) in 54 ms on 172.24.0.3 (executor 0) (1/1)
[2024-10-11T13:43:34.192+0000] {spark_submit.py:649} INFO - 24/10/11 13:43:34 INFO TaskSchedulerImpl: Removed TaskSet 10.0, whose tasks have all completed, from pool
[2024-10-11T13:43:34.193+0000] {spark_submit.py:649} INFO - 24/10/11 13:43:34 INFO DAGScheduler: ResultStage 10 (toPandas at /spark-scripts/taxi_etl.py:125) finished in 0.066 s
[2024-10-11T13:43:34.193+0000] {spark_submit.py:649} INFO - 24/10/11 13:43:34 INFO DAGScheduler: Job 7 is finished. Cancelling potential speculative or zombie tasks for this job
[2024-10-11T13:43:34.193+0000] {spark_submit.py:649} INFO - 24/10/11 13:43:34 INFO TaskSchedulerImpl: Killing all running tasks in stage 10: Stage finished
[2024-10-11T13:43:34.194+0000] {spark_submit.py:649} INFO - 24/10/11 13:43:34 INFO DAGScheduler: Job 7 finished: toPandas at /spark-scripts/taxi_etl.py:125, took 0.071852 s
[2024-10-11T13:43:46.830+0000] {spark_submit.py:649} INFO - 24/10/11 13:43:46 INFO FileSourceStrategy: Pushed Filters:
[2024-10-11T13:43:46.831+0000] {spark_submit.py:649} INFO - 24/10/11 13:43:46 INFO FileSourceStrategy: Post-Scan Filters: atleastnnonnulls(4, tpep_pickup_datetime#32, tpep_dropoff_datetime#33, pickup_longitude#36, pickup_latitude#37)
[2024-10-11T13:43:46.831+0000] {spark_submit.py:649} INFO - 24/10/11 13:43:46 INFO FileSourceStrategy: Output Data Schema: struct<tpep_pickup_datetime: timestamp, tpep_dropoff_datetime: timestamp, pickup_longitude: double, pickup_latitude: double, payment_type: int ... 3 more fields>
[2024-10-11T13:43:46.841+0000] {spark_submit.py:649} INFO - 24/10/11 13:43:46 INFO HashAggregateExec: spark.sql.codegen.aggregate.map.twolevel.enabled is set to true, but current version of codegened fast hashmap does not support this aggregate.
[2024-10-11T13:43:46.848+0000] {spark_submit.py:649} INFO - 24/10/11 13:43:46 INFO MemoryStore: Block broadcast_12 stored as values in memory (estimated size 204.2 KiB, free 433.7 MiB)
[2024-10-11T13:43:46.856+0000] {spark_submit.py:649} INFO - 24/10/11 13:43:46 INFO BlockManagerInfo: Removed broadcast_11_piece0 on yellow-cab-airflow-scheduler:42507 in memory (size: 17.8 KiB, free: 434.3 MiB)
[2024-10-11T13:43:46.861+0000] {spark_submit.py:649} INFO - 24/10/11 13:43:46 INFO BlockManagerInfo: Removed broadcast_11_piece0 on 172.24.0.3:39391 in memory (size: 17.8 KiB, free: 434.3 MiB)
[2024-10-11T13:43:46.861+0000] {spark_submit.py:649} INFO - 24/10/11 13:43:46 INFO MemoryStore: Block broadcast_12_piece0 stored as bytes in memory (estimated size 35.2 KiB, free 433.7 MiB)
[2024-10-11T13:43:46.862+0000] {spark_submit.py:649} INFO - 24/10/11 13:43:46 INFO BlockManagerInfo: Added broadcast_12_piece0 in memory on yellow-cab-airflow-scheduler:42507 (size: 35.2 KiB, free: 434.3 MiB)
[2024-10-11T13:43:46.862+0000] {spark_submit.py:649} INFO - 24/10/11 13:43:46 INFO SparkContext: Created broadcast 12 from toPandas at /spark-scripts/taxi_etl.py:128
[2024-10-11T13:43:46.865+0000] {spark_submit.py:649} INFO - 24/10/11 13:43:46 INFO FileSourceScanExec: Planning scan with bin packing, max size: 4194304 bytes, open cost is considered as scanning 4194304 bytes.
[2024-10-11T13:43:46.869+0000] {spark_submit.py:649} INFO - 24/10/11 13:43:46 INFO DAGScheduler: Registering RDD 33 (toPandas at /spark-scripts/taxi_etl.py:128) as input to shuffle 3
[2024-10-11T13:43:46.869+0000] {spark_submit.py:649} INFO - 24/10/11 13:43:46 INFO DAGScheduler: Got map stage job 8 (toPandas at /spark-scripts/taxi_etl.py:128) with 1 output partitions
[2024-10-11T13:43:46.869+0000] {spark_submit.py:649} INFO - 24/10/11 13:43:46 INFO DAGScheduler: Final stage: ShuffleMapStage 11 (toPandas at /spark-scripts/taxi_etl.py:128)
[2024-10-11T13:43:46.869+0000] {spark_submit.py:649} INFO - 24/10/11 13:43:46 INFO DAGScheduler: Parents of final stage: List()
[2024-10-11T13:43:46.870+0000] {spark_submit.py:649} INFO - 24/10/11 13:43:46 INFO DAGScheduler: Missing parents: List()
[2024-10-11T13:43:46.870+0000] {spark_submit.py:649} INFO - 24/10/11 13:43:46 INFO DAGScheduler: Submitting ShuffleMapStage 11 (MapPartitionsRDD[33] at toPandas at /spark-scripts/taxi_etl.py:128), which has no missing parents
[2024-10-11T13:43:46.871+0000] {spark_submit.py:649} INFO - 24/10/11 13:43:46 INFO MemoryStore: Block broadcast_13 stored as values in memory (estimated size 27.4 KiB, free 433.7 MiB)
[2024-10-11T13:43:46.872+0000] {spark_submit.py:649} INFO - 24/10/11 13:43:46 INFO MemoryStore: Block broadcast_13_piece0 stored as bytes in memory (estimated size 12.7 KiB, free 433.7 MiB)
[2024-10-11T13:43:46.872+0000] {spark_submit.py:649} INFO - 24/10/11 13:43:46 INFO BlockManagerInfo: Added broadcast_13_piece0 in memory on yellow-cab-airflow-scheduler:42507 (size: 12.7 KiB, free: 434.3 MiB)
[2024-10-11T13:43:46.873+0000] {spark_submit.py:649} INFO - 24/10/11 13:43:46 INFO SparkContext: Created broadcast 13 from broadcast at DAGScheduler.scala:1513
[2024-10-11T13:43:46.873+0000] {spark_submit.py:649} INFO - 24/10/11 13:43:46 INFO DAGScheduler: Submitting 1 missing tasks from ShuffleMapStage 11 (MapPartitionsRDD[33] at toPandas at /spark-scripts/taxi_etl.py:128) (first 15 tasks are for partitions Vector(0))
[2024-10-11T13:43:46.873+0000] {spark_submit.py:649} INFO - 24/10/11 13:43:46 INFO TaskSchedulerImpl: Adding task set 11.0 with 1 tasks resource profile 0
[2024-10-11T13:43:46.874+0000] {spark_submit.py:649} INFO - 24/10/11 13:43:46 INFO TaskSetManager: Starting task 0.0 in stage 11.0 (TID 8) (172.24.0.3, executor 0, partition 0, PROCESS_LOCAL, 4904 bytes) taskResourceAssignments Map()
[2024-10-11T13:43:46.888+0000] {spark_submit.py:649} INFO - 24/10/11 13:43:46 INFO BlockManagerInfo: Added broadcast_13_piece0 in memory on 172.24.0.3:39391 (size: 12.7 KiB, free: 434.3 MiB)
[2024-10-11T13:43:46.906+0000] {spark_submit.py:649} INFO - 24/10/11 13:43:46 INFO BlockManagerInfo: Added broadcast_12_piece0 in memory on 172.24.0.3:39391 (size: 35.2 KiB, free: 434.3 MiB)
[2024-10-11T13:43:46.991+0000] {spark_submit.py:649} INFO - 24/10/11 13:43:46 INFO TaskSetManager: Finished task 0.0 in stage 11.0 (TID 8) in 116 ms on 172.24.0.3 (executor 0) (1/1)
[2024-10-11T13:43:46.991+0000] {spark_submit.py:649} INFO - 24/10/11 13:43:46 INFO TaskSchedulerImpl: Removed TaskSet 11.0, whose tasks have all completed, from pool
[2024-10-11T13:43:46.991+0000] {spark_submit.py:649} INFO - 24/10/11 13:43:46 INFO DAGScheduler: ShuffleMapStage 11 (toPandas at /spark-scripts/taxi_etl.py:128) finished in 0.121 s
[2024-10-11T13:43:46.992+0000] {spark_submit.py:649} INFO - 24/10/11 13:43:46 INFO DAGScheduler: looking for newly runnable stages
[2024-10-11T13:43:46.992+0000] {spark_submit.py:649} INFO - 24/10/11 13:43:46 INFO DAGScheduler: running: Set()
[2024-10-11T13:43:46.992+0000] {spark_submit.py:649} INFO - 24/10/11 13:43:46 INFO DAGScheduler: waiting: Set()
[2024-10-11T13:43:46.993+0000] {spark_submit.py:649} INFO - 24/10/11 13:43:46 INFO DAGScheduler: failed: Set()
[2024-10-11T13:43:46.995+0000] {spark_submit.py:649} INFO - 24/10/11 13:43:46 INFO ShufflePartitionsUtil: For shuffle(3), advisory target size: 67108864, actual target size 1048576, minimum partition size: 1048576
[2024-10-11T13:43:46.998+0000] {spark_submit.py:649} INFO - 24/10/11 13:43:46 INFO HashAggregateExec: spark.sql.codegen.aggregate.map.twolevel.enabled is set to true, but current version of codegened fast hashmap does not support this aggregate.
[2024-10-11T13:43:47.007+0000] {spark_submit.py:649} INFO - 24/10/11 13:43:47 INFO SparkContext: Starting job: toPandas at /spark-scripts/taxi_etl.py:128
[2024-10-11T13:43:47.008+0000] {spark_submit.py:649} INFO - 24/10/11 13:43:47 INFO DAGScheduler: Got job 9 (toPandas at /spark-scripts/taxi_etl.py:128) with 1 output partitions
[2024-10-11T13:43:47.008+0000] {spark_submit.py:649} INFO - 24/10/11 13:43:47 INFO DAGScheduler: Final stage: ResultStage 13 (toPandas at /spark-scripts/taxi_etl.py:128)
[2024-10-11T13:43:47.008+0000] {spark_submit.py:649} INFO - 24/10/11 13:43:47 INFO DAGScheduler: Parents of final stage: List(ShuffleMapStage 12)
[2024-10-11T13:43:47.008+0000] {spark_submit.py:649} INFO - 24/10/11 13:43:47 INFO DAGScheduler: Missing parents: List()
[2024-10-11T13:43:47.008+0000] {spark_submit.py:649} INFO - 24/10/11 13:43:47 INFO DAGScheduler: Submitting ResultStage 13 (MapPartitionsRDD[36] at toPandas at /spark-scripts/taxi_etl.py:128), which has no missing parents
[2024-10-11T13:43:47.011+0000] {spark_submit.py:649} INFO - 24/10/11 13:43:47 INFO MemoryStore: Block broadcast_14 stored as values in memory (estimated size 37.3 KiB, free 433.6 MiB)
[2024-10-11T13:43:47.017+0000] {spark_submit.py:649} INFO - 24/10/11 13:43:47 INFO MemoryStore: Block broadcast_14_piece0 stored as bytes in memory (estimated size 17.7 KiB, free 433.6 MiB)
[2024-10-11T13:43:47.017+0000] {spark_submit.py:649} INFO - 24/10/11 13:43:47 INFO BlockManagerInfo: Added broadcast_14_piece0 in memory on yellow-cab-airflow-scheduler:42507 (size: 17.7 KiB, free: 434.3 MiB)
[2024-10-11T13:43:47.017+0000] {spark_submit.py:649} INFO - 24/10/11 13:43:47 INFO BlockManagerInfo: Removed broadcast_13_piece0 on yellow-cab-airflow-scheduler:42507 in memory (size: 12.7 KiB, free: 434.3 MiB)
[2024-10-11T13:43:47.019+0000] {spark_submit.py:649} INFO - 24/10/11 13:43:47 INFO SparkContext: Created broadcast 14 from broadcast at DAGScheduler.scala:1513
[2024-10-11T13:43:47.019+0000] {spark_submit.py:649} INFO - 24/10/11 13:43:47 INFO DAGScheduler: Submitting 1 missing tasks from ResultStage 13 (MapPartitionsRDD[36] at toPandas at /spark-scripts/taxi_etl.py:128) (first 15 tasks are for partitions Vector(0))
[2024-10-11T13:43:47.020+0000] {spark_submit.py:649} INFO - 24/10/11 13:43:47 INFO TaskSchedulerImpl: Adding task set 13.0 with 1 tasks resource profile 0
[2024-10-11T13:43:47.020+0000] {spark_submit.py:649} INFO - 24/10/11 13:43:47 INFO TaskSetManager: Starting task 0.0 in stage 13.0 (TID 9) (172.24.0.3, executor 0, partition 0, NODE_LOCAL, 4457 bytes) taskResourceAssignments Map()
[2024-10-11T13:43:47.021+0000] {spark_submit.py:649} INFO - 24/10/11 13:43:47 INFO BlockManagerInfo: Removed broadcast_13_piece0 on 172.24.0.3:39391 in memory (size: 12.7 KiB, free: 434.3 MiB)
[2024-10-11T13:43:47.038+0000] {spark_submit.py:649} INFO - 24/10/11 13:43:47 INFO BlockManagerInfo: Added broadcast_14_piece0 in memory on 172.24.0.3:39391 (size: 17.7 KiB, free: 434.3 MiB)
[2024-10-11T13:43:47.045+0000] {spark_submit.py:649} INFO - 24/10/11 13:43:47 INFO MapOutputTrackerMasterEndpoint: Asked to send map output locations for shuffle 3 to 172.24.0.3:37458
[2024-10-11T13:43:47.055+0000] {spark_submit.py:649} INFO - 24/10/11 13:43:47 INFO TaskSetManager: Finished task 0.0 in stage 13.0 (TID 9) in 37 ms on 172.24.0.3 (executor 0) (1/1)
[2024-10-11T13:43:47.055+0000] {spark_submit.py:649} INFO - 24/10/11 13:43:47 INFO TaskSchedulerImpl: Removed TaskSet 13.0, whose tasks have all completed, from pool
[2024-10-11T13:43:47.055+0000] {spark_submit.py:649} INFO - 24/10/11 13:43:47 INFO DAGScheduler: ResultStage 13 (toPandas at /spark-scripts/taxi_etl.py:128) finished in 0.045 s
[2024-10-11T13:43:47.056+0000] {spark_submit.py:649} INFO - 24/10/11 13:43:47 INFO DAGScheduler: Job 9 is finished. Cancelling potential speculative or zombie tasks for this job
[2024-10-11T13:43:47.056+0000] {spark_submit.py:649} INFO - 24/10/11 13:43:47 INFO TaskSchedulerImpl: Killing all running tasks in stage 13: Stage finished
[2024-10-11T13:43:47.056+0000] {spark_submit.py:649} INFO - 24/10/11 13:43:47 INFO DAGScheduler: Job 9 finished: toPandas at /spark-scripts/taxi_etl.py:128, took 0.048550 s
[2024-10-11T13:44:03.652+0000] {spark_submit.py:649} INFO - 24/10/11 13:44:03 INFO FileSourceStrategy: Pushed Filters:
[2024-10-11T13:44:03.654+0000] {spark_submit.py:649} INFO - 24/10/11 13:44:03 INFO FileSourceStrategy: Post-Scan Filters: atleastnnonnulls(4, tpep_pickup_datetime#32, tpep_dropoff_datetime#33, pickup_longitude#36, pickup_latitude#37)
[2024-10-11T13:44:03.654+0000] {spark_submit.py:649} INFO - 24/10/11 13:44:03 INFO FileSourceStrategy: Output Data Schema: struct<tpep_pickup_datetime: timestamp, tpep_dropoff_datetime: timestamp, pickup_longitude: double, pickup_latitude: double ... 2 more fields>
[2024-10-11T13:44:03.665+0000] {spark_submit.py:649} INFO - 24/10/11 13:44:03 INFO HashAggregateExec: spark.sql.codegen.aggregate.map.twolevel.enabled is set to true, but current version of codegened fast hashmap does not support this aggregate.
[2024-10-11T13:44:03.683+0000] {spark_submit.py:649} INFO - 24/10/11 13:44:03 INFO CodeGenerator: Code generated in 14.187542 ms
[2024-10-11T13:44:03.686+0000] {spark_submit.py:649} INFO - 24/10/11 13:44:03 INFO MemoryStore: Block broadcast_15 stored as values in memory (estimated size 204.2 KiB, free 433.4 MiB)
[2024-10-11T13:44:03.696+0000] {spark_submit.py:649} INFO - 24/10/11 13:44:03 INFO BlockManagerInfo: Removed broadcast_14_piece0 on yellow-cab-airflow-scheduler:42507 in memory (size: 17.7 KiB, free: 434.3 MiB)
[2024-10-11T13:44:03.699+0000] {spark_submit.py:649} INFO - 24/10/11 13:44:03 INFO MemoryStore: Block broadcast_15_piece0 stored as bytes in memory (estimated size 35.2 KiB, free 433.5 MiB)
[2024-10-11T13:44:03.699+0000] {spark_submit.py:649} INFO - 24/10/11 13:44:03 INFO BlockManagerInfo: Added broadcast_15_piece0 in memory on yellow-cab-airflow-scheduler:42507 (size: 35.2 KiB, free: 434.3 MiB)
[2024-10-11T13:44:03.700+0000] {spark_submit.py:649} INFO - 24/10/11 13:44:03 INFO BlockManagerInfo: Removed broadcast_14_piece0 on 172.24.0.3:39391 in memory (size: 17.7 KiB, free: 434.3 MiB)
[2024-10-11T13:44:03.700+0000] {spark_submit.py:649} INFO - 24/10/11 13:44:03 INFO SparkContext: Created broadcast 15 from toPandas at /spark-scripts/taxi_etl.py:16
[2024-10-11T13:44:03.701+0000] {spark_submit.py:649} INFO - 24/10/11 13:44:03 INFO FileSourceScanExec: Planning scan with bin packing, max size: 4194304 bytes, open cost is considered as scanning 4194304 bytes.
[2024-10-11T13:44:03.707+0000] {spark_submit.py:649} INFO - 24/10/11 13:44:03 INFO DAGScheduler: Registering RDD 40 (toPandas at /spark-scripts/taxi_etl.py:16) as input to shuffle 4
[2024-10-11T13:44:03.707+0000] {spark_submit.py:649} INFO - 24/10/11 13:44:03 INFO DAGScheduler: Got map stage job 10 (toPandas at /spark-scripts/taxi_etl.py:16) with 1 output partitions
[2024-10-11T13:44:03.708+0000] {spark_submit.py:649} INFO - 24/10/11 13:44:03 INFO DAGScheduler: Final stage: ShuffleMapStage 14 (toPandas at /spark-scripts/taxi_etl.py:16)
[2024-10-11T13:44:03.708+0000] {spark_submit.py:649} INFO - 24/10/11 13:44:03 INFO DAGScheduler: Parents of final stage: List()
[2024-10-11T13:44:03.709+0000] {spark_submit.py:649} INFO - 24/10/11 13:44:03 INFO DAGScheduler: Missing parents: List()
[2024-10-11T13:44:03.709+0000] {spark_submit.py:649} INFO - 24/10/11 13:44:03 INFO DAGScheduler: Submitting ShuffleMapStage 14 (MapPartitionsRDD[40] at toPandas at /spark-scripts/taxi_etl.py:16), which has no missing parents
[2024-10-11T13:44:03.709+0000] {spark_submit.py:649} INFO - 24/10/11 13:44:03 INFO MemoryStore: Block broadcast_16 stored as values in memory (estimated size 27.1 KiB, free 433.4 MiB)
[2024-10-11T13:44:03.711+0000] {spark_submit.py:649} INFO - 24/10/11 13:44:03 INFO MemoryStore: Block broadcast_16_piece0 stored as bytes in memory (estimated size 12.5 KiB, free 433.4 MiB)
[2024-10-11T13:44:03.711+0000] {spark_submit.py:649} INFO - 24/10/11 13:44:03 INFO BlockManagerInfo: Added broadcast_16_piece0 in memory on yellow-cab-airflow-scheduler:42507 (size: 12.5 KiB, free: 434.3 MiB)
[2024-10-11T13:44:03.712+0000] {spark_submit.py:649} INFO - 24/10/11 13:44:03 INFO SparkContext: Created broadcast 16 from broadcast at DAGScheduler.scala:1513
[2024-10-11T13:44:03.712+0000] {spark_submit.py:649} INFO - 24/10/11 13:44:03 INFO DAGScheduler: Submitting 1 missing tasks from ShuffleMapStage 14 (MapPartitionsRDD[40] at toPandas at /spark-scripts/taxi_etl.py:16) (first 15 tasks are for partitions Vector(0))
[2024-10-11T13:44:03.713+0000] {spark_submit.py:649} INFO - 24/10/11 13:44:03 INFO TaskSchedulerImpl: Adding task set 14.0 with 1 tasks resource profile 0
[2024-10-11T13:44:03.714+0000] {spark_submit.py:649} INFO - 24/10/11 13:44:03 INFO TaskSetManager: Starting task 0.0 in stage 14.0 (TID 10) (172.24.0.3, executor 0, partition 0, PROCESS_LOCAL, 4904 bytes) taskResourceAssignments Map()
[2024-10-11T13:44:03.732+0000] {spark_submit.py:649} INFO - 24/10/11 13:44:03 INFO BlockManagerInfo: Added broadcast_16_piece0 in memory on 172.24.0.3:39391 (size: 12.5 KiB, free: 434.3 MiB)
[2024-10-11T13:44:03.797+0000] {spark_submit.py:649} INFO - 24/10/11 13:44:03 INFO BlockManagerInfo: Added broadcast_15_piece0 in memory on 172.24.0.3:39391 (size: 35.2 KiB, free: 434.3 MiB)
[2024-10-11T13:44:04.075+0000] {spark_submit.py:649} INFO - 24/10/11 13:44:04 INFO TaskSetManager: Finished task 0.0 in stage 14.0 (TID 10) in 361 ms on 172.24.0.3 (executor 0) (1/1)
[2024-10-11T13:44:04.075+0000] {spark_submit.py:649} INFO - 24/10/11 13:44:04 INFO TaskSchedulerImpl: Removed TaskSet 14.0, whose tasks have all completed, from pool
[2024-10-11T13:44:04.076+0000] {spark_submit.py:649} INFO - 24/10/11 13:44:04 INFO DAGScheduler: ShuffleMapStage 14 (toPandas at /spark-scripts/taxi_etl.py:16) finished in 0.367 s
[2024-10-11T13:44:04.076+0000] {spark_submit.py:649} INFO - 24/10/11 13:44:04 INFO DAGScheduler: looking for newly runnable stages
[2024-10-11T13:44:04.077+0000] {spark_submit.py:649} INFO - 24/10/11 13:44:04 INFO DAGScheduler: running: Set()
[2024-10-11T13:44:04.077+0000] {spark_submit.py:649} INFO - 24/10/11 13:44:04 INFO DAGScheduler: waiting: Set()
[2024-10-11T13:44:04.077+0000] {spark_submit.py:649} INFO - 24/10/11 13:44:04 INFO DAGScheduler: failed: Set()
[2024-10-11T13:44:04.079+0000] {spark_submit.py:649} INFO - 24/10/11 13:44:04 INFO ShufflePartitionsUtil: For shuffle(4), advisory target size: 67108864, actual target size 1048576, minimum partition size: 1048576
[2024-10-11T13:44:04.084+0000] {spark_submit.py:649} INFO - 24/10/11 13:44:04 INFO HashAggregateExec: spark.sql.codegen.aggregate.map.twolevel.enabled is set to true, but current version of codegened fast hashmap does not support this aggregate.
[2024-10-11T13:44:04.111+0000] {spark_submit.py:649} INFO - 24/10/11 13:44:04 INFO CodeGenerator: Code generated in 19.118291 ms
[2024-10-11T13:44:04.127+0000] {spark_submit.py:649} INFO - 24/10/11 13:44:04 INFO SparkContext: Starting job: toPandas at /spark-scripts/taxi_etl.py:16
[2024-10-11T13:44:04.128+0000] {spark_submit.py:649} INFO - 24/10/11 13:44:04 INFO DAGScheduler: Got job 11 (toPandas at /spark-scripts/taxi_etl.py:16) with 1 output partitions
[2024-10-11T13:44:04.128+0000] {spark_submit.py:649} INFO - 24/10/11 13:44:04 INFO DAGScheduler: Final stage: ResultStage 16 (toPandas at /spark-scripts/taxi_etl.py:16)
[2024-10-11T13:44:04.128+0000] {spark_submit.py:649} INFO - 24/10/11 13:44:04 INFO DAGScheduler: Parents of final stage: List(ShuffleMapStage 15)
[2024-10-11T13:44:04.128+0000] {spark_submit.py:649} INFO - 24/10/11 13:44:04 INFO DAGScheduler: Missing parents: List()
[2024-10-11T13:44:04.129+0000] {spark_submit.py:649} INFO - 24/10/11 13:44:04 INFO DAGScheduler: Submitting ResultStage 16 (MapPartitionsRDD[43] at toPandas at /spark-scripts/taxi_etl.py:16), which has no missing parents
[2024-10-11T13:44:04.134+0000] {spark_submit.py:649} INFO - 24/10/11 13:44:04 INFO MemoryStore: Block broadcast_17 stored as values in memory (estimated size 46.2 KiB, free 433.4 MiB)
[2024-10-11T13:44:04.138+0000] {spark_submit.py:649} INFO - 24/10/11 13:44:04 INFO MemoryStore: Block broadcast_17_piece0 stored as bytes in memory (estimated size 20.3 KiB, free 433.4 MiB)
[2024-10-11T13:44:04.139+0000] {spark_submit.py:649} INFO - 24/10/11 13:44:04 INFO BlockManagerInfo: Removed broadcast_16_piece0 on yellow-cab-airflow-scheduler:42507 in memory (size: 12.5 KiB, free: 434.3 MiB)
[2024-10-11T13:44:04.139+0000] {spark_submit.py:649} INFO - 24/10/11 13:44:04 INFO BlockManagerInfo: Added broadcast_17_piece0 in memory on yellow-cab-airflow-scheduler:42507 (size: 20.3 KiB, free: 434.2 MiB)
[2024-10-11T13:44:04.140+0000] {spark_submit.py:649} INFO - 24/10/11 13:44:04 INFO SparkContext: Created broadcast 17 from broadcast at DAGScheduler.scala:1513
[2024-10-11T13:44:04.140+0000] {spark_submit.py:649} INFO - 24/10/11 13:44:04 INFO DAGScheduler: Submitting 1 missing tasks from ResultStage 16 (MapPartitionsRDD[43] at toPandas at /spark-scripts/taxi_etl.py:16) (first 15 tasks are for partitions Vector(0))
[2024-10-11T13:44:04.141+0000] {spark_submit.py:649} INFO - 24/10/11 13:44:04 INFO TaskSchedulerImpl: Adding task set 16.0 with 1 tasks resource profile 0
[2024-10-11T13:44:04.142+0000] {spark_submit.py:649} INFO - 24/10/11 13:44:04 INFO TaskSetManager: Starting task 0.0 in stage 16.0 (TID 11) (172.24.0.3, executor 0, partition 0, NODE_LOCAL, 4457 bytes) taskResourceAssignments Map()
[2024-10-11T13:44:04.143+0000] {spark_submit.py:649} INFO - 24/10/11 13:44:04 INFO BlockManagerInfo: Removed broadcast_16_piece0 on 172.24.0.3:39391 in memory (size: 12.5 KiB, free: 434.3 MiB)
[2024-10-11T13:44:04.151+0000] {spark_submit.py:649} INFO - 24/10/11 13:44:04 INFO BlockManagerInfo: Added broadcast_17_piece0 in memory on 172.24.0.3:39391 (size: 20.3 KiB, free: 434.2 MiB)
[2024-10-11T13:44:04.177+0000] {spark_submit.py:649} INFO - 24/10/11 13:44:04 INFO MapOutputTrackerMasterEndpoint: Asked to send map output locations for shuffle 4 to 172.24.0.3:37458
[2024-10-11T13:44:04.226+0000] {spark_submit.py:649} INFO - 24/10/11 13:44:04 INFO TaskSetManager: Finished task 0.0 in stage 16.0 (TID 11) in 83 ms on 172.24.0.3 (executor 0) (1/1)
[2024-10-11T13:44:04.227+0000] {spark_submit.py:649} INFO - 24/10/11 13:44:04 INFO TaskSchedulerImpl: Removed TaskSet 16.0, whose tasks have all completed, from pool
[2024-10-11T13:44:04.228+0000] {spark_submit.py:649} INFO - 24/10/11 13:44:04 INFO DAGScheduler: ResultStage 16 (toPandas at /spark-scripts/taxi_etl.py:16) finished in 0.093 s
[2024-10-11T13:44:04.228+0000] {spark_submit.py:649} INFO - 24/10/11 13:44:04 INFO DAGScheduler: Job 11 is finished. Cancelling potential speculative or zombie tasks for this job
[2024-10-11T13:44:04.228+0000] {spark_submit.py:649} INFO - 24/10/11 13:44:04 INFO TaskSchedulerImpl: Killing all running tasks in stage 16: Stage finished
[2024-10-11T13:44:04.228+0000] {spark_submit.py:649} INFO - 24/10/11 13:44:04 INFO DAGScheduler: Job 11 finished: toPandas at /spark-scripts/taxi_etl.py:16, took 0.099830 s
[2024-10-11T13:44:04.259+0000] {spark_submit.py:649} INFO - Traceback (most recent call last):
[2024-10-11T13:44:04.260+0000] {spark_submit.py:649} INFO - File "/spark-scripts/taxi_etl.py", line 143, in <module>
[2024-10-11T13:44:04.260+0000] {spark_submit.py:649} INFO - main()
[2024-10-11T13:44:04.260+0000] {spark_submit.py:649} INFO - File "/spark-scripts/taxi_etl.py", line 131, in main
[2024-10-11T13:44:04.260+0000] {spark_submit.py:649} INFO - dim_datetime_write = client.load_table_from_dataframe(to_pandas_with_types(dim_datetime, {
[2024-10-11T13:44:04.261+0000] {spark_submit.py:649} INFO - File "/spark-scripts/taxi_etl.py", line 16, in to_pandas_with_types
[2024-10-11T13:44:04.261+0000] {spark_submit.py:649} INFO - pdf = df.toPandas()
[2024-10-11T13:44:04.261+0000] {spark_submit.py:649} INFO - File "/home/airflow/.local/lib/python3.9/site-packages/pyspark/python/lib/pyspark.zip/pyspark/sql/pandas/conversion.py", line 248, in toPandas
[2024-10-11T13:44:04.261+0000] {spark_submit.py:649} INFO - File "/home/airflow/.local/lib/python3.9/site-packages/pandas/core/generic.py", line 6643, in astype
[2024-10-11T13:44:04.262+0000] {spark_submit.py:649} INFO - new_data = self._mgr.astype(dtype=dtype, copy=copy, errors=errors)
[2024-10-11T13:44:04.262+0000] {spark_submit.py:649} INFO - File "/home/airflow/.local/lib/python3.9/site-packages/pandas/core/internals/managers.py", line 430, in astype
[2024-10-11T13:44:04.262+0000] {spark_submit.py:649} INFO - return self.apply(
[2024-10-11T13:44:04.262+0000] {spark_submit.py:649} INFO - File "/home/airflow/.local/lib/python3.9/site-packages/pandas/core/internals/managers.py", line 363, in apply
[2024-10-11T13:44:04.263+0000] {spark_submit.py:649} INFO - applied = getattr(b, f)(**kwargs)
[2024-10-11T13:44:04.263+0000] {spark_submit.py:649} INFO - File "/home/airflow/.local/lib/python3.9/site-packages/pandas/core/internals/blocks.py", line 758, in astype
[2024-10-11T13:44:04.263+0000] {spark_submit.py:649} INFO - new_values = astype_array_safe(values, dtype, copy=copy, errors=errors)
[2024-10-11T13:44:04.263+0000] {spark_submit.py:649} INFO - File "/home/airflow/.local/lib/python3.9/site-packages/pandas/core/dtypes/astype.py", line 237, in astype_array_safe
[2024-10-11T13:44:04.263+0000] {spark_submit.py:649} INFO - new_values = astype_array(values, dtype, copy=copy)
[2024-10-11T13:44:04.263+0000] {spark_submit.py:649} INFO - File "/home/airflow/.local/lib/python3.9/site-packages/pandas/core/dtypes/astype.py", line 179, in astype_array
[2024-10-11T13:44:04.264+0000] {spark_submit.py:649} INFO - values = values.astype(dtype, copy=copy)
[2024-10-11T13:44:04.264+0000] {spark_submit.py:649} INFO - File "/home/airflow/.local/lib/python3.9/site-packages/pandas/core/arrays/datetimes.py", line 732, in astype
[2024-10-11T13:44:04.264+0000] {spark_submit.py:649} INFO - raise TypeError(
[2024-10-11T13:44:04.264+0000] {spark_submit.py:649} INFO - TypeError: Casting to unit-less dtype 'datetime64' is not supported. Pass e.g. 'datetime64[ns]' instead.
[2024-10-11T13:44:04.523+0000] {spark_submit.py:649} INFO - 24/10/11 13:44:04 INFO SparkContext: Invoking stop() from shutdown hook
[2024-10-11T13:44:04.532+0000] {spark_submit.py:649} INFO - 24/10/11 13:44:04 INFO SparkUI: Stopped Spark web UI at http://yellow-cab-airflow-scheduler:4040
[2024-10-11T13:44:04.534+0000] {spark_submit.py:649} INFO - 24/10/11 13:44:04 INFO StandaloneSchedulerBackend: Shutting down all executors
[2024-10-11T13:44:04.534+0000] {spark_submit.py:649} INFO - 24/10/11 13:44:04 INFO CoarseGrainedSchedulerBackend$DriverEndpoint: Asking each executor to shut down
[2024-10-11T13:44:04.551+0000] {spark_submit.py:649} INFO - 24/10/11 13:44:04 INFO MapOutputTrackerMasterEndpoint: MapOutputTrackerMasterEndpoint stopped!
[2024-10-11T13:44:04.595+0000] {spark_submit.py:649} INFO - 24/10/11 13:44:04 INFO MemoryStore: MemoryStore cleared
[2024-10-11T13:44:04.596+0000] {spark_submit.py:649} INFO - 24/10/11 13:44:04 INFO BlockManager: BlockManager stopped
[2024-10-11T13:44:04.606+0000] {spark_submit.py:649} INFO - 24/10/11 13:44:04 INFO BlockManagerMaster: BlockManagerMaster stopped
[2024-10-11T13:44:04.611+0000] {spark_submit.py:649} INFO - 24/10/11 13:44:04 INFO OutputCommitCoordinator$OutputCommitCoordinatorEndpoint: OutputCommitCoordinator stopped!
[2024-10-11T13:44:04.644+0000] {spark_submit.py:649} INFO - 24/10/11 13:44:04 INFO SparkContext: Successfully stopped SparkContext
[2024-10-11T13:44:04.645+0000] {spark_submit.py:649} INFO - 24/10/11 13:44:04 INFO ShutdownHookManager: Shutdown hook called
[2024-10-11T13:44:04.645+0000] {spark_submit.py:649} INFO - 24/10/11 13:44:04 INFO ShutdownHookManager: Deleting directory /tmp/spark-128e5647-3016-4c2e-be03-330f6429b158
[2024-10-11T13:44:04.656+0000] {spark_submit.py:649} INFO - 24/10/11 13:44:04 INFO ShutdownHookManager: Deleting directory /tmp/spark-3a7e6ac8-642a-4e8f-8dd1-c8c88862cd07/pyspark-6142a419-b8ce-451d-8f9d-7ef8e40620f8
[2024-10-11T13:44:04.666+0000] {spark_submit.py:649} INFO - 24/10/11 13:44:04 INFO ShutdownHookManager: Deleting directory /tmp/spark-3a7e6ac8-642a-4e8f-8dd1-c8c88862cd07
[2024-10-11T13:44:04.714+0000] {taskinstance.py:441} INFO - ::group::Post task execution logs
[2024-10-11T13:44:04.743+0000] {taskinstance.py:2905} ERROR - Task failed with exception
Traceback (most recent call last):
  File "/home/airflow/.local/lib/python3.9/site-packages/airflow/models/taskinstance.py", line 465, in _execute_task
    result = _execute_callable(context=context, **execute_callable_kwargs)
  File "/home/airflow/.local/lib/python3.9/site-packages/airflow/models/taskinstance.py", line 432, in _execute_callable
    return execute_callable(context=context, **execute_callable_kwargs)
  File "/home/airflow/.local/lib/python3.9/site-packages/airflow/models/baseoperator.py", line 400, in wrapper
    return func(self, *args, **kwargs)
  File "/home/airflow/.local/lib/python3.9/site-packages/airflow/providers/apache/spark/operators/spark_submit.py", line 176, in execute
    self._hook.submit(self.application)
  File "/home/airflow/.local/lib/python3.9/site-packages/airflow/providers/apache/spark/hooks/spark_submit.py", line 575, in submit
    raise AirflowException(
airflow.exceptions.AirflowException: Cannot execute: spark-submit --master spark://spark-master:7077 --conf spark.jars.packages=org.apache.sedona:sedona-python-adapter-3.0_2.12:1.2.0-incubating,org.datasyslab:geotools-wrapper:geotools-24.0 --conf spark.jars.repositories=https://repo1.maven.org/maven2/ --name arrow-spark --deploy-mode client /spark-scripts/taxi_etl.py. Error code is: 1.
[2024-10-11T13:44:04.749+0000] {taskinstance.py:1206} INFO - Marking task as FAILED. dag_id=etl_yellow_cab, task_id=etl_task, run_id=manual__2024-10-11T07:14:16.194830+00:00, execution_date=20241011T071416, start_date=20241011T134315, end_date=20241011T134404
[2024-10-11T13:44:04.770+0000] {standard_task_runner.py:110} ERROR - Failed to execute job 51 for task etl_task (Cannot execute: spark-submit --master spark://spark-master:7077 --conf spark.jars.packages=org.apache.sedona:sedona-python-adapter-3.0_2.12:1.2.0-incubating,org.datasyslab:geotools-wrapper:geotools-24.0 --conf spark.jars.repositories=https://repo1.maven.org/maven2/ --name arrow-spark --deploy-mode client /spark-scripts/taxi_etl.py. Error code is: 1.; 2159)
[2024-10-11T13:44:04.792+0000] {local_task_job_runner.py:240} INFO - Task exited with return code 1
[2024-10-11T13:44:04.831+0000] {taskinstance.py:3498} INFO - 0 downstream tasks scheduled from follow-on schedule check
[2024-10-11T13:44:04.832+0000] {local_task_job_runner.py:222} INFO - ::endgroup::
