[2024-10-11T13:37:01.808+0000] {local_task_job_runner.py:120} INFO - ::group::Pre task execution logs
[2024-10-11T13:37:01.839+0000] {taskinstance.py:2076} INFO - Dependencies all met for dep_context=non-requeueable deps ti=<TaskInstance: etl_yellow_cab.etl_task manual__2024-10-11T07:14:16.194830+00:00 [queued]>
[2024-10-11T13:37:01.846+0000] {taskinstance.py:2076} INFO - Dependencies all met for dep_context=requeueable deps ti=<TaskInstance: etl_yellow_cab.etl_task manual__2024-10-11T07:14:16.194830+00:00 [queued]>
[2024-10-11T13:37:01.846+0000] {taskinstance.py:2306} INFO - Starting attempt 29 of 29
[2024-10-11T13:37:01.855+0000] {taskinstance.py:2330} INFO - Executing <Task(SparkSubmitOperator): etl_task> on 2024-10-11 07:14:16.194830+00:00
[2024-10-11T13:37:01.860+0000] {standard_task_runner.py:63} INFO - Started process 1833 to run task
[2024-10-11T13:37:01.868+0000] {standard_task_runner.py:90} INFO - Running: ['airflow', 'tasks', 'run', 'etl_yellow_cab', 'etl_task', 'manual__2024-10-11T07:14:16.194830+00:00', '--job-id', '50', '--raw', '--subdir', 'DAGS_FOLDER/yellow-cab-batch.py', '--cfg-path', '/tmp/tmprdan_fjl']
[2024-10-11T13:37:01.871+0000] {standard_task_runner.py:91} INFO - Job 50: Subtask etl_task
[2024-10-11T13:37:01.894+0000] {logging_mixin.py:188} WARNING - /home/airflow/.local/lib/python3.9/site-packages/airflow/settings.py:195 DeprecationWarning: The sql_alchemy_conn option in [core] has been moved to the sql_alchemy_conn option in [database] - the old setting has been used, but please update your config.
[2024-10-11T13:37:01.930+0000] {task_command.py:426} INFO - Running <TaskInstance: etl_yellow_cab.etl_task manual__2024-10-11T07:14:16.194830+00:00 [running]> on host yellow-cab-airflow-scheduler
[2024-10-11T13:37:02.020+0000] {taskinstance.py:2648} INFO - Exporting env vars: AIRFLOW_CTX_DAG_OWNER='hafidz' AIRFLOW_CTX_DAG_ID='etl_yellow_cab' AIRFLOW_CTX_TASK_ID='etl_task' AIRFLOW_CTX_EXECUTION_DATE='2024-10-11T07:14:16.194830+00:00' AIRFLOW_CTX_TRY_NUMBER='29' AIRFLOW_CTX_DAG_RUN_ID='manual__2024-10-11T07:14:16.194830+00:00'
[2024-10-11T13:37:02.021+0000] {taskinstance.py:430} INFO - ::endgroup::
[2024-10-11T13:37:02.047+0000] {base.py:84} INFO - Using connection ID 'spark_main' for task execution.
[2024-10-11T13:37:02.049+0000] {spark_submit.py:473} INFO - Spark-Submit cmd: spark-submit --master spark://spark-master:7077 --conf spark.jars.packages=org.apache.sedona:sedona-python-adapter-3.0_2.12:1.2.0-incubating,org.datasyslab:geotools-wrapper:geotools-24.0 --conf spark.jars.repositories=https://repo1.maven.org/maven2/ --name arrow-spark --deploy-mode client /spark-scripts/taxi_etl.py
[2024-10-11T13:37:03.082+0000] {spark_submit.py:649} INFO - https://repo1.maven.org/maven2/ added as a remote repository with the name: repo-1
[2024-10-11T13:37:03.099+0000] {spark_submit.py:649} INFO - :: loading settings :: url = jar:file:/home/airflow/.local/lib/python3.9/site-packages/pyspark/jars/ivy-2.5.1.jar!/org/apache/ivy/core/settings/ivysettings.xml
[2024-10-11T13:37:03.143+0000] {spark_submit.py:649} INFO - Ivy Default Cache set to: /home/airflow/.ivy2/cache
[2024-10-11T13:37:03.143+0000] {spark_submit.py:649} INFO - The jars for the packages stored in: /home/airflow/.ivy2/jars
[2024-10-11T13:37:03.145+0000] {spark_submit.py:649} INFO - org.apache.sedona#sedona-python-adapter-3.0_2.12 added as a dependency
[2024-10-11T13:37:03.146+0000] {spark_submit.py:649} INFO - org.datasyslab#geotools-wrapper added as a dependency
[2024-10-11T13:37:03.146+0000] {spark_submit.py:649} INFO - :: resolving dependencies :: org.apache.spark#spark-submit-parent-8118733f-683f-4855-9985-4405ab97e8ee;1.0
[2024-10-11T13:37:03.146+0000] {spark_submit.py:649} INFO - confs: [default]
[2024-10-11T13:37:03.222+0000] {spark_submit.py:649} INFO - found org.apache.sedona#sedona-python-adapter-3.0_2.12;1.2.0-incubating in central
[2024-10-11T13:37:03.245+0000] {spark_submit.py:649} INFO - found org.locationtech.jts#jts-core;1.18.0 in central
[2024-10-11T13:37:03.261+0000] {spark_submit.py:649} INFO - found org.wololo#jts2geojson;0.16.1 in central
[2024-10-11T13:37:03.279+0000] {spark_submit.py:649} INFO - found org.apache.sedona#sedona-core-3.0_2.12;1.2.0-incubating in central
[2024-10-11T13:37:03.292+0000] {spark_submit.py:649} INFO - found org.scala-lang.modules#scala-collection-compat_2.12;2.5.0 in central
[2024-10-11T13:37:03.307+0000] {spark_submit.py:649} INFO - found org.apache.sedona#sedona-sql-3.0_2.12;1.2.0-incubating in central
[2024-10-11T13:37:03.321+0000] {spark_submit.py:649} INFO - found org.datasyslab#geotools-wrapper;geotools-24.0 in central
[2024-10-11T13:37:03.336+0000] {spark_submit.py:649} INFO - :: resolution report :: resolve 182ms :: artifacts dl 7ms
[2024-10-11T13:37:03.336+0000] {spark_submit.py:649} INFO - :: modules in use:
[2024-10-11T13:37:03.336+0000] {spark_submit.py:649} INFO - org.apache.sedona#sedona-core-3.0_2.12;1.2.0-incubating from central in [default]
[2024-10-11T13:37:03.337+0000] {spark_submit.py:649} INFO - org.apache.sedona#sedona-python-adapter-3.0_2.12;1.2.0-incubating from central in [default]
[2024-10-11T13:37:03.337+0000] {spark_submit.py:649} INFO - org.apache.sedona#sedona-sql-3.0_2.12;1.2.0-incubating from central in [default]
[2024-10-11T13:37:03.337+0000] {spark_submit.py:649} INFO - org.datasyslab#geotools-wrapper;geotools-24.0 from central in [default]
[2024-10-11T13:37:03.337+0000] {spark_submit.py:649} INFO - org.locationtech.jts#jts-core;1.18.0 from central in [default]
[2024-10-11T13:37:03.337+0000] {spark_submit.py:649} INFO - org.scala-lang.modules#scala-collection-compat_2.12;2.5.0 from central in [default]
[2024-10-11T13:37:03.337+0000] {spark_submit.py:649} INFO - org.wololo#jts2geojson;0.16.1 from central in [default]
[2024-10-11T13:37:03.337+0000] {spark_submit.py:649} INFO - ---------------------------------------------------------------------
[2024-10-11T13:37:03.338+0000] {spark_submit.py:649} INFO - |                  |            modules            ||   artifacts   |
[2024-10-11T13:37:03.338+0000] {spark_submit.py:649} INFO - |       conf       | number| search|dwnlded|evicted|| number|dwnlded|
[2024-10-11T13:37:03.338+0000] {spark_submit.py:649} INFO - ---------------------------------------------------------------------
[2024-10-11T13:37:03.338+0000] {spark_submit.py:649} INFO - |      default     |   7   |   0   |   0   |   0   ||   7   |   0   |
[2024-10-11T13:37:03.338+0000] {spark_submit.py:649} INFO - ---------------------------------------------------------------------
[2024-10-11T13:37:03.340+0000] {spark_submit.py:649} INFO - :: retrieving :: org.apache.spark#spark-submit-parent-8118733f-683f-4855-9985-4405ab97e8ee
[2024-10-11T13:37:03.341+0000] {spark_submit.py:649} INFO - confs: [default]
[2024-10-11T13:37:03.346+0000] {spark_submit.py:649} INFO - 0 artifacts copied, 7 already retrieved (0kB/6ms)
[2024-10-11T13:37:03.461+0000] {spark_submit.py:649} INFO - 24/10/11 13:37:03 WARN NativeCodeLoader: Unable to load native-hadoop library for your platform... using builtin-java classes where applicable
[2024-10-11T13:37:05.188+0000] {spark_submit.py:649} INFO - 24/10/11 13:37:05 INFO SparkContext: Running Spark version 3.3.2
[2024-10-11T13:37:05.203+0000] {spark_submit.py:649} INFO - 24/10/11 13:37:05 INFO ResourceUtils: ==============================================================
[2024-10-11T13:37:05.203+0000] {spark_submit.py:649} INFO - 24/10/11 13:37:05 INFO ResourceUtils: No custom resources configured for spark.driver.
[2024-10-11T13:37:05.204+0000] {spark_submit.py:649} INFO - 24/10/11 13:37:05 INFO ResourceUtils: ==============================================================
[2024-10-11T13:37:05.204+0000] {spark_submit.py:649} INFO - 24/10/11 13:37:05 INFO SparkContext: Submitted application: BigQueryETL
[2024-10-11T13:37:05.215+0000] {spark_submit.py:649} INFO - 24/10/11 13:37:05 INFO ResourceProfile: Default ResourceProfile created, executor resources: Map(cores -> name: cores, amount: 1, script: , vendor: , memory -> name: memory, amount: 1024, script: , vendor: , offHeap -> name: offHeap, amount: 0, script: , vendor: ), task resources: Map(cpus -> name: cpus, amount: 1.0)
[2024-10-11T13:37:05.220+0000] {spark_submit.py:649} INFO - 24/10/11 13:37:05 INFO ResourceProfile: Limiting resource is cpu
[2024-10-11T13:37:05.221+0000] {spark_submit.py:649} INFO - 24/10/11 13:37:05 INFO ResourceProfileManager: Added ResourceProfile id: 0
[2024-10-11T13:37:05.250+0000] {spark_submit.py:649} INFO - 24/10/11 13:37:05 INFO SecurityManager: Changing view acls to: airflow
[2024-10-11T13:37:05.251+0000] {spark_submit.py:649} INFO - 24/10/11 13:37:05 INFO SecurityManager: Changing modify acls to: airflow
[2024-10-11T13:37:05.251+0000] {spark_submit.py:649} INFO - 24/10/11 13:37:05 INFO SecurityManager: Changing view acls groups to:
[2024-10-11T13:37:05.251+0000] {spark_submit.py:649} INFO - 24/10/11 13:37:05 INFO SecurityManager: Changing modify acls groups to:
[2024-10-11T13:37:05.251+0000] {spark_submit.py:649} INFO - 24/10/11 13:37:05 INFO SecurityManager: SecurityManager: authentication disabled; ui acls disabled; users  with view permissions: Set(airflow); groups with view permissions: Set(); users  with modify permissions: Set(airflow); groups with modify permissions: Set()
[2024-10-11T13:37:05.384+0000] {spark_submit.py:649} INFO - 24/10/11 13:37:05 INFO Utils: Successfully started service 'sparkDriver' on port 37463.
[2024-10-11T13:37:05.400+0000] {spark_submit.py:649} INFO - 24/10/11 13:37:05 INFO SparkEnv: Registering MapOutputTracker
[2024-10-11T13:37:05.427+0000] {spark_submit.py:649} INFO - 24/10/11 13:37:05 INFO SparkEnv: Registering BlockManagerMaster
[2024-10-11T13:37:05.447+0000] {spark_submit.py:649} INFO - 24/10/11 13:37:05 INFO BlockManagerMasterEndpoint: Using org.apache.spark.storage.DefaultTopologyMapper for getting topology information
[2024-10-11T13:37:05.449+0000] {spark_submit.py:649} INFO - 24/10/11 13:37:05 INFO BlockManagerMasterEndpoint: BlockManagerMasterEndpoint up
[2024-10-11T13:37:05.452+0000] {spark_submit.py:649} INFO - 24/10/11 13:37:05 INFO SparkEnv: Registering BlockManagerMasterHeartbeat
[2024-10-11T13:37:05.462+0000] {spark_submit.py:649} INFO - 24/10/11 13:37:05 INFO DiskBlockManager: Created local directory at /tmp/blockmgr-2c597550-7d6b-43c5-8b9a-8b91684a79e1
[2024-10-11T13:37:05.471+0000] {spark_submit.py:649} INFO - 24/10/11 13:37:05 INFO MemoryStore: MemoryStore started with capacity 434.4 MiB
[2024-10-11T13:37:05.480+0000] {spark_submit.py:649} INFO - 24/10/11 13:37:05 INFO SparkEnv: Registering OutputCommitCoordinator
[2024-10-11T13:37:05.589+0000] {spark_submit.py:649} INFO - 24/10/11 13:37:05 INFO Utils: Successfully started service 'SparkUI' on port 4040.
[2024-10-11T13:37:05.610+0000] {spark_submit.py:649} INFO - 24/10/11 13:37:05 INFO SparkContext: Added JAR file:///home/airflow/.ivy2/jars/org.apache.sedona_sedona-python-adapter-3.0_2.12-1.2.0-incubating.jar at spark://yellow-cab-airflow-scheduler:37463/jars/org.apache.sedona_sedona-python-adapter-3.0_2.12-1.2.0-incubating.jar with timestamp 1728653825183
[2024-10-11T13:37:05.610+0000] {spark_submit.py:649} INFO - 24/10/11 13:37:05 INFO SparkContext: Added JAR file:///home/airflow/.ivy2/jars/org.datasyslab_geotools-wrapper-geotools-24.0.jar at spark://yellow-cab-airflow-scheduler:37463/jars/org.datasyslab_geotools-wrapper-geotools-24.0.jar with timestamp 1728653825183
[2024-10-11T13:37:05.610+0000] {spark_submit.py:649} INFO - 24/10/11 13:37:05 INFO SparkContext: Added JAR file:///home/airflow/.ivy2/jars/org.locationtech.jts_jts-core-1.18.0.jar at spark://yellow-cab-airflow-scheduler:37463/jars/org.locationtech.jts_jts-core-1.18.0.jar with timestamp 1728653825183
[2024-10-11T13:37:05.611+0000] {spark_submit.py:649} INFO - 24/10/11 13:37:05 INFO SparkContext: Added JAR file:///home/airflow/.ivy2/jars/org.wololo_jts2geojson-0.16.1.jar at spark://yellow-cab-airflow-scheduler:37463/jars/org.wololo_jts2geojson-0.16.1.jar with timestamp 1728653825183
[2024-10-11T13:37:05.611+0000] {spark_submit.py:649} INFO - 24/10/11 13:37:05 INFO SparkContext: Added JAR file:///home/airflow/.ivy2/jars/org.apache.sedona_sedona-core-3.0_2.12-1.2.0-incubating.jar at spark://yellow-cab-airflow-scheduler:37463/jars/org.apache.sedona_sedona-core-3.0_2.12-1.2.0-incubating.jar with timestamp 1728653825183
[2024-10-11T13:37:05.611+0000] {spark_submit.py:649} INFO - 24/10/11 13:37:05 INFO SparkContext: Added JAR file:///home/airflow/.ivy2/jars/org.apache.sedona_sedona-sql-3.0_2.12-1.2.0-incubating.jar at spark://yellow-cab-airflow-scheduler:37463/jars/org.apache.sedona_sedona-sql-3.0_2.12-1.2.0-incubating.jar with timestamp 1728653825183
[2024-10-11T13:37:05.611+0000] {spark_submit.py:649} INFO - 24/10/11 13:37:05 INFO SparkContext: Added JAR file:///home/airflow/.ivy2/jars/org.scala-lang.modules_scala-collection-compat_2.12-2.5.0.jar at spark://yellow-cab-airflow-scheduler:37463/jars/org.scala-lang.modules_scala-collection-compat_2.12-2.5.0.jar with timestamp 1728653825183
[2024-10-11T13:37:05.612+0000] {spark_submit.py:649} INFO - 24/10/11 13:37:05 INFO SparkContext: Added file file:///home/airflow/.ivy2/jars/org.apache.sedona_sedona-python-adapter-3.0_2.12-1.2.0-incubating.jar at spark://yellow-cab-airflow-scheduler:37463/files/org.apache.sedona_sedona-python-adapter-3.0_2.12-1.2.0-incubating.jar with timestamp 1728653825183
[2024-10-11T13:37:05.613+0000] {spark_submit.py:649} INFO - 24/10/11 13:37:05 INFO Utils: Copying /home/airflow/.ivy2/jars/org.apache.sedona_sedona-python-adapter-3.0_2.12-1.2.0-incubating.jar to /tmp/spark-a04eb5c4-f0c8-4b1f-9655-18e3838ae93f/userFiles-320f92e5-b6d2-411f-b8fe-19664d922647/org.apache.sedona_sedona-python-adapter-3.0_2.12-1.2.0-incubating.jar
[2024-10-11T13:37:05.634+0000] {spark_submit.py:649} INFO - 24/10/11 13:37:05 INFO SparkContext: Added file file:///home/airflow/.ivy2/jars/org.datasyslab_geotools-wrapper-geotools-24.0.jar at spark://yellow-cab-airflow-scheduler:37463/files/org.datasyslab_geotools-wrapper-geotools-24.0.jar with timestamp 1728653825183
[2024-10-11T13:37:05.635+0000] {spark_submit.py:649} INFO - 24/10/11 13:37:05 INFO Utils: Copying /home/airflow/.ivy2/jars/org.datasyslab_geotools-wrapper-geotools-24.0.jar to /tmp/spark-a04eb5c4-f0c8-4b1f-9655-18e3838ae93f/userFiles-320f92e5-b6d2-411f-b8fe-19664d922647/org.datasyslab_geotools-wrapper-geotools-24.0.jar
[2024-10-11T13:37:05.682+0000] {spark_submit.py:649} INFO - 24/10/11 13:37:05 INFO SparkContext: Added file file:///home/airflow/.ivy2/jars/org.locationtech.jts_jts-core-1.18.0.jar at spark://yellow-cab-airflow-scheduler:37463/files/org.locationtech.jts_jts-core-1.18.0.jar with timestamp 1728653825183
[2024-10-11T13:37:05.683+0000] {spark_submit.py:649} INFO - 24/10/11 13:37:05 INFO Utils: Copying /home/airflow/.ivy2/jars/org.locationtech.jts_jts-core-1.18.0.jar to /tmp/spark-a04eb5c4-f0c8-4b1f-9655-18e3838ae93f/userFiles-320f92e5-b6d2-411f-b8fe-19664d922647/org.locationtech.jts_jts-core-1.18.0.jar
[2024-10-11T13:37:05.696+0000] {spark_submit.py:649} INFO - 24/10/11 13:37:05 INFO SparkContext: Added file file:///home/airflow/.ivy2/jars/org.wololo_jts2geojson-0.16.1.jar at spark://yellow-cab-airflow-scheduler:37463/files/org.wololo_jts2geojson-0.16.1.jar with timestamp 1728653825183
[2024-10-11T13:37:05.697+0000] {spark_submit.py:649} INFO - 24/10/11 13:37:05 INFO Utils: Copying /home/airflow/.ivy2/jars/org.wololo_jts2geojson-0.16.1.jar to /tmp/spark-a04eb5c4-f0c8-4b1f-9655-18e3838ae93f/userFiles-320f92e5-b6d2-411f-b8fe-19664d922647/org.wololo_jts2geojson-0.16.1.jar
[2024-10-11T13:37:05.707+0000] {spark_submit.py:649} INFO - 24/10/11 13:37:05 INFO SparkContext: Added file file:///home/airflow/.ivy2/jars/org.apache.sedona_sedona-core-3.0_2.12-1.2.0-incubating.jar at spark://yellow-cab-airflow-scheduler:37463/files/org.apache.sedona_sedona-core-3.0_2.12-1.2.0-incubating.jar with timestamp 1728653825183
[2024-10-11T13:37:05.707+0000] {spark_submit.py:649} INFO - 24/10/11 13:37:05 INFO Utils: Copying /home/airflow/.ivy2/jars/org.apache.sedona_sedona-core-3.0_2.12-1.2.0-incubating.jar to /tmp/spark-a04eb5c4-f0c8-4b1f-9655-18e3838ae93f/userFiles-320f92e5-b6d2-411f-b8fe-19664d922647/org.apache.sedona_sedona-core-3.0_2.12-1.2.0-incubating.jar
[2024-10-11T13:37:05.718+0000] {spark_submit.py:649} INFO - 24/10/11 13:37:05 INFO SparkContext: Added file file:///home/airflow/.ivy2/jars/org.apache.sedona_sedona-sql-3.0_2.12-1.2.0-incubating.jar at spark://yellow-cab-airflow-scheduler:37463/files/org.apache.sedona_sedona-sql-3.0_2.12-1.2.0-incubating.jar with timestamp 1728653825183
[2024-10-11T13:37:05.718+0000] {spark_submit.py:649} INFO - 24/10/11 13:37:05 INFO Utils: Copying /home/airflow/.ivy2/jars/org.apache.sedona_sedona-sql-3.0_2.12-1.2.0-incubating.jar to /tmp/spark-a04eb5c4-f0c8-4b1f-9655-18e3838ae93f/userFiles-320f92e5-b6d2-411f-b8fe-19664d922647/org.apache.sedona_sedona-sql-3.0_2.12-1.2.0-incubating.jar
[2024-10-11T13:37:05.729+0000] {spark_submit.py:649} INFO - 24/10/11 13:37:05 INFO SparkContext: Added file file:///home/airflow/.ivy2/jars/org.scala-lang.modules_scala-collection-compat_2.12-2.5.0.jar at spark://yellow-cab-airflow-scheduler:37463/files/org.scala-lang.modules_scala-collection-compat_2.12-2.5.0.jar with timestamp 1728653825183
[2024-10-11T13:37:05.729+0000] {spark_submit.py:649} INFO - 24/10/11 13:37:05 INFO Utils: Copying /home/airflow/.ivy2/jars/org.scala-lang.modules_scala-collection-compat_2.12-2.5.0.jar to /tmp/spark-a04eb5c4-f0c8-4b1f-9655-18e3838ae93f/userFiles-320f92e5-b6d2-411f-b8fe-19664d922647/org.scala-lang.modules_scala-collection-compat_2.12-2.5.0.jar
[2024-10-11T13:37:05.795+0000] {spark_submit.py:649} INFO - 24/10/11 13:37:05 INFO StandaloneAppClient$ClientEndpoint: Connecting to master spark://spark-master:7077...
[2024-10-11T13:37:05.831+0000] {spark_submit.py:649} INFO - 24/10/11 13:37:05 INFO TransportClientFactory: Successfully created connection to spark-master/172.24.0.2:7077 after 22 ms (0 ms spent in bootstraps)
[2024-10-11T13:37:05.920+0000] {spark_submit.py:649} INFO - 24/10/11 13:37:05 INFO StandaloneSchedulerBackend: Connected to Spark cluster with app ID app-20241011133705-0021
[2024-10-11T13:37:05.921+0000] {spark_submit.py:649} INFO - 24/10/11 13:37:05 INFO StandaloneAppClient$ClientEndpoint: Executor added: app-20241011133705-0021/0 on worker-20241011080942-172.24.0.3-37269 (172.24.0.3:37269) with 4 core(s)
[2024-10-11T13:37:05.924+0000] {spark_submit.py:649} INFO - 24/10/11 13:37:05 INFO StandaloneSchedulerBackend: Granted executor ID app-20241011133705-0021/0 on hostPort 172.24.0.3:37269 with 4 core(s), 1024.0 MiB RAM
[2024-10-11T13:37:05.928+0000] {spark_submit.py:649} INFO - 24/10/11 13:37:05 INFO Utils: Successfully started service 'org.apache.spark.network.netty.NettyBlockTransferService' on port 42637.
[2024-10-11T13:37:05.929+0000] {spark_submit.py:649} INFO - 24/10/11 13:37:05 INFO NettyBlockTransferService: Server created on yellow-cab-airflow-scheduler:42637
[2024-10-11T13:37:05.931+0000] {spark_submit.py:649} INFO - 24/10/11 13:37:05 INFO BlockManager: Using org.apache.spark.storage.RandomBlockReplicationPolicy for block replication policy
[2024-10-11T13:37:05.938+0000] {spark_submit.py:649} INFO - 24/10/11 13:37:05 INFO BlockManagerMaster: Registering BlockManager BlockManagerId(driver, yellow-cab-airflow-scheduler, 42637, None)
[2024-10-11T13:37:05.941+0000] {spark_submit.py:649} INFO - 24/10/11 13:37:05 INFO BlockManagerMasterEndpoint: Registering block manager yellow-cab-airflow-scheduler:42637 with 434.4 MiB RAM, BlockManagerId(driver, yellow-cab-airflow-scheduler, 42637, None)
[2024-10-11T13:37:05.943+0000] {spark_submit.py:649} INFO - 24/10/11 13:37:05 INFO BlockManagerMaster: Registered BlockManager BlockManagerId(driver, yellow-cab-airflow-scheduler, 42637, None)
[2024-10-11T13:37:05.944+0000] {spark_submit.py:649} INFO - 24/10/11 13:37:05 INFO BlockManager: Initialized BlockManager: BlockManagerId(driver, yellow-cab-airflow-scheduler, 42637, None)
[2024-10-11T13:37:06.020+0000] {spark_submit.py:649} INFO - 24/10/11 13:37:06 INFO StandaloneAppClient$ClientEndpoint: Executor updated: app-20241011133705-0021/0 is now RUNNING
[2024-10-11T13:37:06.089+0000] {spark_submit.py:649} INFO - 24/10/11 13:37:06 INFO StandaloneSchedulerBackend: SchedulerBackend is ready for scheduling beginning after reached minRegisteredResourcesRatio: 0.0
[2024-10-11T13:37:06.217+0000] {spark_submit.py:649} INFO - /spark-scripts/taxi_etl.py:28: DeprecationWarning: Call to deprecated function registerAll (Deprecated since 1.4.1, use SedonaContext.create() instead.).
[2024-10-11T13:37:06.217+0000] {spark_submit.py:649} INFO - SedonaRegistrator.registerAll(spark)
[2024-10-11T13:37:06.220+0000] {spark_submit.py:649} INFO - 24/10/11 13:37:06 INFO SharedState: Setting hive.metastore.warehouse.dir ('null') to the value of spark.sql.warehouse.dir.
[2024-10-11T13:37:06.222+0000] {spark_submit.py:649} INFO - 24/10/11 13:37:06 INFO SharedState: Warehouse path is 'file:/opt/airflow/spark-warehouse'.
[2024-10-11T13:37:07.772+0000] {spark_submit.py:649} INFO - 24/10/11 13:37:07 INFO CoarseGrainedSchedulerBackend$DriverEndpoint: Registered executor NettyRpcEndpointRef(spark-client://Executor) (172.24.0.3:38800) with ID 0,  ResourceProfileId 0
[2024-10-11T13:37:07.820+0000] {spark_submit.py:649} INFO - 24/10/11 13:37:07 INFO BlockManagerMasterEndpoint: Registering block manager 172.24.0.3:35817 with 434.4 MiB RAM, BlockManagerId(0, 172.24.0.3, 35817, None)
[2024-10-11T13:37:08.412+0000] {spark_submit.py:649} INFO - 24/10/11 13:37:08 INFO CodeGenerator: Code generated in 129.091333 ms
[2024-10-11T13:37:08.485+0000] {spark_submit.py:649} INFO - 24/10/11 13:37:08 INFO DAGScheduler: Registering RDD 2 (count at NativeMethodAccessorImpl.java:0) as input to shuffle 0
[2024-10-11T13:37:08.490+0000] {spark_submit.py:649} INFO - 24/10/11 13:37:08 INFO DAGScheduler: Got map stage job 0 (count at NativeMethodAccessorImpl.java:0) with 1 output partitions
[2024-10-11T13:37:08.490+0000] {spark_submit.py:649} INFO - 24/10/11 13:37:08 INFO DAGScheduler: Final stage: ShuffleMapStage 0 (count at NativeMethodAccessorImpl.java:0)
[2024-10-11T13:37:08.490+0000] {spark_submit.py:649} INFO - 24/10/11 13:37:08 INFO DAGScheduler: Parents of final stage: List()
[2024-10-11T13:37:08.491+0000] {spark_submit.py:649} INFO - 24/10/11 13:37:08 INFO DAGScheduler: Missing parents: List()
[2024-10-11T13:37:08.494+0000] {spark_submit.py:649} INFO - 24/10/11 13:37:08 INFO DAGScheduler: Submitting ShuffleMapStage 0 (MapPartitionsRDD[2] at count at NativeMethodAccessorImpl.java:0), which has no missing parents
[2024-10-11T13:37:08.572+0000] {spark_submit.py:649} INFO - 24/10/11 13:37:08 INFO MemoryStore: Block broadcast_0 stored as values in memory (estimated size 10.7 KiB, free 434.4 MiB)
[2024-10-11T13:37:08.593+0000] {spark_submit.py:649} INFO - 24/10/11 13:37:08 INFO MemoryStore: Block broadcast_0_piece0 stored as bytes in memory (estimated size 5.5 KiB, free 434.4 MiB)
[2024-10-11T13:37:08.596+0000] {spark_submit.py:649} INFO - 24/10/11 13:37:08 INFO BlockManagerInfo: Added broadcast_0_piece0 in memory on yellow-cab-airflow-scheduler:42637 (size: 5.5 KiB, free: 434.4 MiB)
[2024-10-11T13:37:08.599+0000] {spark_submit.py:649} INFO - 24/10/11 13:37:08 INFO SparkContext: Created broadcast 0 from broadcast at DAGScheduler.scala:1513
[2024-10-11T13:37:08.623+0000] {spark_submit.py:649} INFO - 24/10/11 13:37:08 INFO DAGScheduler: Submitting 1 missing tasks from ShuffleMapStage 0 (MapPartitionsRDD[2] at count at NativeMethodAccessorImpl.java:0) (first 15 tasks are for partitions Vector(0))
[2024-10-11T13:37:08.624+0000] {spark_submit.py:649} INFO - 24/10/11 13:37:08 INFO TaskSchedulerImpl: Adding task set 0.0 with 1 tasks resource profile 0
[2024-10-11T13:37:08.801+0000] {spark_submit.py:649} INFO - 24/10/11 13:37:08 INFO TaskSetManager: Starting task 0.0 in stage 0.0 (TID 0) (172.24.0.3, executor 0, partition 0, PROCESS_LOCAL, 4654 bytes) taskResourceAssignments Map()
[2024-10-11T13:37:08.982+0000] {spark_submit.py:649} INFO - 24/10/11 13:37:08 INFO BlockManagerInfo: Added broadcast_0_piece0 in memory on 172.24.0.3:35817 (size: 5.5 KiB, free: 434.4 MiB)
[2024-10-11T13:37:09.570+0000] {spark_submit.py:649} INFO - 24/10/11 13:37:09 INFO TaskSetManager: Finished task 0.0 in stage 0.0 (TID 0) in 776 ms on 172.24.0.3 (executor 0) (1/1)
[2024-10-11T13:37:09.571+0000] {spark_submit.py:649} INFO - 24/10/11 13:37:09 INFO TaskSchedulerImpl: Removed TaskSet 0.0, whose tasks have all completed, from pool
[2024-10-11T13:37:09.576+0000] {spark_submit.py:649} INFO - 24/10/11 13:37:09 INFO DAGScheduler: ShuffleMapStage 0 (count at NativeMethodAccessorImpl.java:0) finished in 1.073 s
[2024-10-11T13:37:09.576+0000] {spark_submit.py:649} INFO - 24/10/11 13:37:09 INFO DAGScheduler: looking for newly runnable stages
[2024-10-11T13:37:09.577+0000] {spark_submit.py:649} INFO - 24/10/11 13:37:09 INFO DAGScheduler: running: Set()
[2024-10-11T13:37:09.577+0000] {spark_submit.py:649} INFO - 24/10/11 13:37:09 INFO DAGScheduler: waiting: Set()
[2024-10-11T13:37:09.577+0000] {spark_submit.py:649} INFO - 24/10/11 13:37:09 INFO DAGScheduler: failed: Set()
[2024-10-11T13:37:09.611+0000] {spark_submit.py:649} INFO - 24/10/11 13:37:09 INFO CodeGenerator: Code generated in 11.107584 ms
[2024-10-11T13:37:09.653+0000] {spark_submit.py:649} INFO - 24/10/11 13:37:09 INFO SparkContext: Starting job: count at NativeMethodAccessorImpl.java:0
[2024-10-11T13:37:09.655+0000] {spark_submit.py:649} INFO - 24/10/11 13:37:09 INFO DAGScheduler: Got job 1 (count at NativeMethodAccessorImpl.java:0) with 1 output partitions
[2024-10-11T13:37:09.656+0000] {spark_submit.py:649} INFO - 24/10/11 13:37:09 INFO DAGScheduler: Final stage: ResultStage 2 (count at NativeMethodAccessorImpl.java:0)
[2024-10-11T13:37:09.656+0000] {spark_submit.py:649} INFO - 24/10/11 13:37:09 INFO DAGScheduler: Parents of final stage: List(ShuffleMapStage 1)
[2024-10-11T13:37:09.656+0000] {spark_submit.py:649} INFO - 24/10/11 13:37:09 INFO DAGScheduler: Missing parents: List()
[2024-10-11T13:37:09.657+0000] {spark_submit.py:649} INFO - 24/10/11 13:37:09 INFO DAGScheduler: Submitting ResultStage 2 (MapPartitionsRDD[5] at count at NativeMethodAccessorImpl.java:0), which has no missing parents
[2024-10-11T13:37:09.664+0000] {spark_submit.py:649} INFO - 24/10/11 13:37:09 INFO MemoryStore: Block broadcast_1 stored as values in memory (estimated size 11.1 KiB, free 434.4 MiB)
[2024-10-11T13:37:09.666+0000] {spark_submit.py:649} INFO - 24/10/11 13:37:09 INFO MemoryStore: Block broadcast_1_piece0 stored as bytes in memory (estimated size 5.5 KiB, free 434.4 MiB)
[2024-10-11T13:37:09.667+0000] {spark_submit.py:649} INFO - 24/10/11 13:37:09 INFO BlockManagerInfo: Added broadcast_1_piece0 in memory on yellow-cab-airflow-scheduler:42637 (size: 5.5 KiB, free: 434.4 MiB)
[2024-10-11T13:37:09.668+0000] {spark_submit.py:649} INFO - 24/10/11 13:37:09 INFO SparkContext: Created broadcast 1 from broadcast at DAGScheduler.scala:1513
[2024-10-11T13:37:09.669+0000] {spark_submit.py:649} INFO - 24/10/11 13:37:09 INFO DAGScheduler: Submitting 1 missing tasks from ResultStage 2 (MapPartitionsRDD[5] at count at NativeMethodAccessorImpl.java:0) (first 15 tasks are for partitions Vector(0))
[2024-10-11T13:37:09.669+0000] {spark_submit.py:649} INFO - 24/10/11 13:37:09 INFO TaskSchedulerImpl: Adding task set 2.0 with 1 tasks resource profile 0
[2024-10-11T13:37:09.674+0000] {spark_submit.py:649} INFO - 24/10/11 13:37:09 INFO TaskSetManager: Starting task 0.0 in stage 2.0 (TID 1) (172.24.0.3, executor 0, partition 0, NODE_LOCAL, 4457 bytes) taskResourceAssignments Map()
[2024-10-11T13:37:09.721+0000] {spark_submit.py:649} INFO - 24/10/11 13:37:09 INFO BlockManagerInfo: Added broadcast_1_piece0 in memory on 172.24.0.3:35817 (size: 5.5 KiB, free: 434.4 MiB)
[2024-10-11T13:37:09.833+0000] {spark_submit.py:649} INFO - 24/10/11 13:37:09 INFO MapOutputTrackerMasterEndpoint: Asked to send map output locations for shuffle 0 to 172.24.0.3:38800
[2024-10-11T13:37:09.943+0000] {spark_submit.py:649} INFO - 24/10/11 13:37:09 INFO TaskSetManager: Finished task 0.0 in stage 2.0 (TID 1) in 271 ms on 172.24.0.3 (executor 0) (1/1)
[2024-10-11T13:37:09.944+0000] {spark_submit.py:649} INFO - 24/10/11 13:37:09 INFO TaskSchedulerImpl: Removed TaskSet 2.0, whose tasks have all completed, from pool
[2024-10-11T13:37:09.944+0000] {spark_submit.py:649} INFO - 24/10/11 13:37:09 INFO DAGScheduler: ResultStage 2 (count at NativeMethodAccessorImpl.java:0) finished in 0.283 s
[2024-10-11T13:37:09.946+0000] {spark_submit.py:649} INFO - 24/10/11 13:37:09 INFO DAGScheduler: Job 1 is finished. Cancelling potential speculative or zombie tasks for this job
[2024-10-11T13:37:09.946+0000] {spark_submit.py:649} INFO - 24/10/11 13:37:09 INFO TaskSchedulerImpl: Killing all running tasks in stage 2: Stage finished
[2024-10-11T13:37:09.947+0000] {spark_submit.py:649} INFO - 24/10/11 13:37:09 INFO DAGScheduler: Job 1 finished: count at NativeMethodAccessorImpl.java:0, took 0.293932 s
[2024-10-11T13:37:10.197+0000] {spark_submit.py:649} INFO - 24/10/11 13:37:10 INFO InMemoryFileIndex: It took 10 ms to list leaf files for 1 paths.
[2024-10-11T13:37:10.234+0000] {spark_submit.py:649} INFO - 24/10/11 13:37:10 INFO InMemoryFileIndex: It took 1 ms to list leaf files for 1 paths.
[2024-10-11T13:37:10.356+0000] {spark_submit.py:649} INFO - 24/10/11 13:37:10 INFO FileSourceStrategy: Pushed Filters:
[2024-10-11T13:37:10.358+0000] {spark_submit.py:649} INFO - 24/10/11 13:37:10 INFO FileSourceStrategy: Post-Scan Filters: (length(trim(value#14, None)) > 0)
[2024-10-11T13:37:10.358+0000] {spark_submit.py:649} INFO - 24/10/11 13:37:10 INFO FileSourceStrategy: Output Data Schema: struct<value: string>
[2024-10-11T13:37:10.396+0000] {spark_submit.py:649} INFO - 24/10/11 13:37:10 INFO CodeGenerator: Code generated in 15.532709 ms
[2024-10-11T13:37:10.445+0000] {spark_submit.py:649} INFO - 24/10/11 13:37:10 INFO MemoryStore: Block broadcast_2 stored as values in memory (estimated size 204.3 KiB, free 434.2 MiB)
[2024-10-11T13:37:10.452+0000] {spark_submit.py:649} INFO - 24/10/11 13:37:10 INFO BlockManagerInfo: Removed broadcast_1_piece0 on yellow-cab-airflow-scheduler:42637 in memory (size: 5.5 KiB, free: 434.4 MiB)
[2024-10-11T13:37:10.482+0000] {spark_submit.py:649} INFO - 24/10/11 13:37:10 INFO BlockManagerInfo: Removed broadcast_1_piece0 on 172.24.0.3:35817 in memory (size: 5.5 KiB, free: 434.4 MiB)
[2024-10-11T13:37:10.506+0000] {spark_submit.py:649} INFO - 24/10/11 13:37:10 INFO BlockManagerInfo: Removed broadcast_0_piece0 on yellow-cab-airflow-scheduler:42637 in memory (size: 5.5 KiB, free: 434.4 MiB)
[2024-10-11T13:37:10.507+0000] {spark_submit.py:649} INFO - 24/10/11 13:37:10 INFO MemoryStore: Block broadcast_2_piece0 stored as bytes in memory (estimated size 35.3 KiB, free 434.2 MiB)
[2024-10-11T13:37:10.510+0000] {spark_submit.py:649} INFO - 24/10/11 13:37:10 INFO BlockManagerInfo: Added broadcast_2_piece0 in memory on yellow-cab-airflow-scheduler:42637 (size: 35.3 KiB, free: 434.4 MiB)
[2024-10-11T13:37:10.511+0000] {spark_submit.py:649} INFO - 24/10/11 13:37:10 INFO SparkContext: Created broadcast 2 from csv at NativeMethodAccessorImpl.java:0
[2024-10-11T13:37:10.514+0000] {spark_submit.py:649} INFO - 24/10/11 13:37:10 INFO BlockManagerInfo: Removed broadcast_0_piece0 on 172.24.0.3:35817 in memory (size: 5.5 KiB, free: 434.4 MiB)
[2024-10-11T13:37:10.522+0000] {spark_submit.py:649} INFO - 24/10/11 13:37:10 INFO FileSourceScanExec: Planning scan with bin packing, max size: 4194304 bytes, open cost is considered as scanning 4194304 bytes.
[2024-10-11T13:37:10.547+0000] {spark_submit.py:649} INFO - 24/10/11 13:37:10 INFO SparkContext: Starting job: csv at NativeMethodAccessorImpl.java:0
[2024-10-11T13:37:10.548+0000] {spark_submit.py:649} INFO - 24/10/11 13:37:10 INFO DAGScheduler: Got job 2 (csv at NativeMethodAccessorImpl.java:0) with 1 output partitions
[2024-10-11T13:37:10.548+0000] {spark_submit.py:649} INFO - 24/10/11 13:37:10 INFO DAGScheduler: Final stage: ResultStage 3 (csv at NativeMethodAccessorImpl.java:0)
[2024-10-11T13:37:10.548+0000] {spark_submit.py:649} INFO - 24/10/11 13:37:10 INFO DAGScheduler: Parents of final stage: List()
[2024-10-11T13:37:10.549+0000] {spark_submit.py:649} INFO - 24/10/11 13:37:10 INFO DAGScheduler: Missing parents: List()
[2024-10-11T13:37:10.549+0000] {spark_submit.py:649} INFO - 24/10/11 13:37:10 INFO DAGScheduler: Submitting ResultStage 3 (MapPartitionsRDD[9] at csv at NativeMethodAccessorImpl.java:0), which has no missing parents
[2024-10-11T13:37:10.558+0000] {spark_submit.py:649} INFO - 24/10/11 13:37:10 INFO MemoryStore: Block broadcast_3 stored as values in memory (estimated size 11.8 KiB, free 434.2 MiB)
[2024-10-11T13:37:10.562+0000] {spark_submit.py:649} INFO - 24/10/11 13:37:10 INFO MemoryStore: Block broadcast_3_piece0 stored as bytes in memory (estimated size 5.9 KiB, free 434.1 MiB)
[2024-10-11T13:37:10.563+0000] {spark_submit.py:649} INFO - 24/10/11 13:37:10 INFO BlockManagerInfo: Added broadcast_3_piece0 in memory on yellow-cab-airflow-scheduler:42637 (size: 5.9 KiB, free: 434.4 MiB)
[2024-10-11T13:37:10.563+0000] {spark_submit.py:649} INFO - 24/10/11 13:37:10 INFO SparkContext: Created broadcast 3 from broadcast at DAGScheduler.scala:1513
[2024-10-11T13:37:10.564+0000] {spark_submit.py:649} INFO - 24/10/11 13:37:10 INFO DAGScheduler: Submitting 1 missing tasks from ResultStage 3 (MapPartitionsRDD[9] at csv at NativeMethodAccessorImpl.java:0) (first 15 tasks are for partitions Vector(0))
[2024-10-11T13:37:10.564+0000] {spark_submit.py:649} INFO - 24/10/11 13:37:10 INFO TaskSchedulerImpl: Adding task set 3.0 with 1 tasks resource profile 0
[2024-10-11T13:37:10.566+0000] {spark_submit.py:649} INFO - 24/10/11 13:37:10 INFO TaskSetManager: Starting task 0.0 in stage 3.0 (TID 2) (172.24.0.3, executor 0, partition 0, PROCESS_LOCAL, 4915 bytes) taskResourceAssignments Map()
[2024-10-11T13:37:10.582+0000] {spark_submit.py:649} INFO - 24/10/11 13:37:10 INFO BlockManagerInfo: Added broadcast_3_piece0 in memory on 172.24.0.3:35817 (size: 5.9 KiB, free: 434.4 MiB)
[2024-10-11T13:37:10.716+0000] {spark_submit.py:649} INFO - 24/10/11 13:37:10 INFO BlockManagerInfo: Added broadcast_2_piece0 in memory on 172.24.0.3:35817 (size: 35.3 KiB, free: 434.4 MiB)
[2024-10-11T13:37:10.878+0000] {spark_submit.py:649} INFO - 24/10/11 13:37:10 INFO TaskSetManager: Finished task 0.0 in stage 3.0 (TID 2) in 309 ms on 172.24.0.3 (executor 0) (1/1)
[2024-10-11T13:37:10.881+0000] {spark_submit.py:649} INFO - 24/10/11 13:37:10 INFO TaskSchedulerImpl: Removed TaskSet 3.0, whose tasks have all completed, from pool
[2024-10-11T13:37:10.882+0000] {spark_submit.py:649} INFO - 24/10/11 13:37:10 INFO DAGScheduler: ResultStage 3 (csv at NativeMethodAccessorImpl.java:0) finished in 0.327 s
[2024-10-11T13:37:10.883+0000] {spark_submit.py:649} INFO - 24/10/11 13:37:10 INFO DAGScheduler: Job 2 is finished. Cancelling potential speculative or zombie tasks for this job
[2024-10-11T13:37:10.884+0000] {spark_submit.py:649} INFO - 24/10/11 13:37:10 INFO TaskSchedulerImpl: Killing all running tasks in stage 3: Stage finished
[2024-10-11T13:37:10.886+0000] {spark_submit.py:649} INFO - 24/10/11 13:37:10 INFO DAGScheduler: Job 2 finished: csv at NativeMethodAccessorImpl.java:0, took 0.332246 s
[2024-10-11T13:37:10.904+0000] {spark_submit.py:649} INFO - 24/10/11 13:37:10 INFO CodeGenerator: Code generated in 8.473416 ms
[2024-10-11T13:37:10.934+0000] {spark_submit.py:649} INFO - 24/10/11 13:37:10 INFO BlockManagerInfo: Removed broadcast_3_piece0 on yellow-cab-airflow-scheduler:42637 in memory (size: 5.9 KiB, free: 434.4 MiB)
[2024-10-11T13:37:10.938+0000] {spark_submit.py:649} INFO - 24/10/11 13:37:10 INFO BlockManagerInfo: Removed broadcast_3_piece0 on 172.24.0.3:35817 in memory (size: 5.9 KiB, free: 434.4 MiB)
[2024-10-11T13:37:10.948+0000] {spark_submit.py:649} INFO - 24/10/11 13:37:10 INFO FileSourceStrategy: Pushed Filters:
[2024-10-11T13:37:10.948+0000] {spark_submit.py:649} INFO - 24/10/11 13:37:10 INFO FileSourceStrategy: Post-Scan Filters:
[2024-10-11T13:37:10.948+0000] {spark_submit.py:649} INFO - 24/10/11 13:37:10 INFO FileSourceStrategy: Output Data Schema: struct<value: string>
[2024-10-11T13:37:10.953+0000] {spark_submit.py:649} INFO - 24/10/11 13:37:10 INFO MemoryStore: Block broadcast_4 stored as values in memory (estimated size 204.3 KiB, free 434.0 MiB)
[2024-10-11T13:37:10.962+0000] {spark_submit.py:649} INFO - 24/10/11 13:37:10 INFO MemoryStore: Block broadcast_4_piece0 stored as bytes in memory (estimated size 35.3 KiB, free 433.9 MiB)
[2024-10-11T13:37:10.963+0000] {spark_submit.py:649} INFO - 24/10/11 13:37:10 INFO BlockManagerInfo: Added broadcast_4_piece0 in memory on yellow-cab-airflow-scheduler:42637 (size: 35.3 KiB, free: 434.3 MiB)
[2024-10-11T13:37:10.964+0000] {spark_submit.py:649} INFO - 24/10/11 13:37:10 INFO SparkContext: Created broadcast 4 from csv at NativeMethodAccessorImpl.java:0
[2024-10-11T13:37:10.965+0000] {spark_submit.py:649} INFO - 24/10/11 13:37:10 INFO FileSourceScanExec: Planning scan with bin packing, max size: 4194304 bytes, open cost is considered as scanning 4194304 bytes.
[2024-10-11T13:37:11.001+0000] {spark_submit.py:649} INFO - 24/10/11 13:37:11 INFO SparkContext: Starting job: csv at NativeMethodAccessorImpl.java:0
[2024-10-11T13:37:11.002+0000] {spark_submit.py:649} INFO - 24/10/11 13:37:11 INFO DAGScheduler: Got job 3 (csv at NativeMethodAccessorImpl.java:0) with 1 output partitions
[2024-10-11T13:37:11.002+0000] {spark_submit.py:649} INFO - 24/10/11 13:37:11 INFO DAGScheduler: Final stage: ResultStage 4 (csv at NativeMethodAccessorImpl.java:0)
[2024-10-11T13:37:11.002+0000] {spark_submit.py:649} INFO - 24/10/11 13:37:11 INFO DAGScheduler: Parents of final stage: List()
[2024-10-11T13:37:11.002+0000] {spark_submit.py:649} INFO - 24/10/11 13:37:11 INFO DAGScheduler: Missing parents: List()
[2024-10-11T13:37:11.003+0000] {spark_submit.py:649} INFO - 24/10/11 13:37:11 INFO DAGScheduler: Submitting ResultStage 4 (MapPartitionsRDD[15] at csv at NativeMethodAccessorImpl.java:0), which has no missing parents
[2024-10-11T13:37:11.014+0000] {spark_submit.py:649} INFO - 24/10/11 13:37:11 INFO MemoryStore: Block broadcast_5 stored as values in memory (estimated size 28.5 KiB, free 433.9 MiB)
[2024-10-11T13:37:11.016+0000] {spark_submit.py:649} INFO - 24/10/11 13:37:11 INFO MemoryStore: Block broadcast_5_piece0 stored as bytes in memory (estimated size 12.6 KiB, free 433.9 MiB)
[2024-10-11T13:37:11.016+0000] {spark_submit.py:649} INFO - 24/10/11 13:37:11 INFO BlockManagerInfo: Added broadcast_5_piece0 in memory on yellow-cab-airflow-scheduler:42637 (size: 12.6 KiB, free: 434.3 MiB)
[2024-10-11T13:37:11.017+0000] {spark_submit.py:649} INFO - 24/10/11 13:37:11 INFO SparkContext: Created broadcast 5 from broadcast at DAGScheduler.scala:1513
[2024-10-11T13:37:11.017+0000] {spark_submit.py:649} INFO - 24/10/11 13:37:11 INFO DAGScheduler: Submitting 1 missing tasks from ResultStage 4 (MapPartitionsRDD[15] at csv at NativeMethodAccessorImpl.java:0) (first 15 tasks are for partitions Vector(0))
[2024-10-11T13:37:11.017+0000] {spark_submit.py:649} INFO - 24/10/11 13:37:11 INFO TaskSchedulerImpl: Adding task set 4.0 with 1 tasks resource profile 0
[2024-10-11T13:37:11.019+0000] {spark_submit.py:649} INFO - 24/10/11 13:37:11 INFO TaskSetManager: Starting task 0.0 in stage 4.0 (TID 3) (172.24.0.3, executor 0, partition 0, PROCESS_LOCAL, 4915 bytes) taskResourceAssignments Map()
[2024-10-11T13:37:11.035+0000] {spark_submit.py:649} INFO - 24/10/11 13:37:11 INFO BlockManagerInfo: Added broadcast_5_piece0 in memory on 172.24.0.3:35817 (size: 12.6 KiB, free: 434.4 MiB)
[2024-10-11T13:37:11.722+0000] {spark_submit.py:649} INFO - 24/10/11 13:37:11 INFO BlockManagerInfo: Added broadcast_4_piece0 in memory on 172.24.0.3:35817 (size: 35.3 KiB, free: 434.3 MiB)
[2024-10-11T13:37:11.900+0000] {spark_submit.py:649} INFO - 24/10/11 13:37:11 INFO TaskSetManager: Finished task 0.0 in stage 4.0 (TID 3) in 882 ms on 172.24.0.3 (executor 0) (1/1)
[2024-10-11T13:37:11.901+0000] {spark_submit.py:649} INFO - 24/10/11 13:37:11 INFO TaskSchedulerImpl: Removed TaskSet 4.0, whose tasks have all completed, from pool
[2024-10-11T13:37:11.901+0000] {spark_submit.py:649} INFO - 24/10/11 13:37:11 INFO DAGScheduler: ResultStage 4 (csv at NativeMethodAccessorImpl.java:0) finished in 0.898 s
[2024-10-11T13:37:11.902+0000] {spark_submit.py:649} INFO - 24/10/11 13:37:11 INFO DAGScheduler: Job 3 is finished. Cancelling potential speculative or zombie tasks for this job
[2024-10-11T13:37:11.902+0000] {spark_submit.py:649} INFO - 24/10/11 13:37:11 INFO TaskSchedulerImpl: Killing all running tasks in stage 4: Stage finished
[2024-10-11T13:37:11.903+0000] {spark_submit.py:649} INFO - 24/10/11 13:37:11 INFO DAGScheduler: Job 3 finished: csv at NativeMethodAccessorImpl.java:0, took 0.901183 s
[2024-10-11T13:37:12.150+0000] {spark_submit.py:649} INFO - schema nya dim datetime:
[2024-10-11T13:37:12.154+0000] {spark_submit.py:649} INFO - root
[2024-10-11T13:37:12.154+0000] {spark_submit.py:649} INFO - |-- tpep_pickup_datetime: timestamp (nullable = true)
[2024-10-11T13:37:12.155+0000] {spark_submit.py:649} INFO - |-- Datetime: timestamp (nullable = true)
[2024-10-11T13:37:12.155+0000] {spark_submit.py:649} INFO - |-- Year: integer (nullable = true)
[2024-10-11T13:37:12.155+0000] {spark_submit.py:649} INFO - |-- Month: integer (nullable = true)
[2024-10-11T13:37:12.155+0000] {spark_submit.py:649} INFO - |-- Day: integer (nullable = true)
[2024-10-11T13:37:12.155+0000] {spark_submit.py:649} INFO - |-- Hour: integer (nullable = true)
[2024-10-11T13:37:12.155+0000] {spark_submit.py:649} INFO - |-- Day_of_Week: integer (nullable = true)
[2024-10-11T13:37:12.156+0000] {spark_submit.py:649} INFO - |-- Weekend_Indicator: boolean (nullable = false)
[2024-10-11T13:37:12.156+0000] {spark_submit.py:649} INFO - 
[2024-10-11T13:37:12.608+0000] {spark_submit.py:649} INFO - 24/10/11 13:37:12 INFO FileSourceStrategy: Pushed Filters:
[2024-10-11T13:37:12.609+0000] {spark_submit.py:649} INFO - 24/10/11 13:37:12 INFO FileSourceStrategy: Post-Scan Filters: atleastnnonnulls(4, tpep_pickup_datetime#32, tpep_dropoff_datetime#33, pickup_longitude#36, pickup_latitude#37)
[2024-10-11T13:37:12.609+0000] {spark_submit.py:649} INFO - 24/10/11 13:37:12 INFO FileSourceStrategy: Output Data Schema: struct<VendorID: int, tpep_pickup_datetime: timestamp, tpep_dropoff_datetime: timestamp, pickup_longitude: double, pickup_latitude: double ... 3 more fields>
[2024-10-11T13:37:12.628+0000] {spark_submit.py:649} INFO - 24/10/11 13:37:12 INFO HashAggregateExec: spark.sql.codegen.aggregate.map.twolevel.enabled is set to true, but current version of codegened fast hashmap does not support this aggregate.
[2024-10-11T13:37:12.662+0000] {spark_submit.py:649} INFO - 24/10/11 13:37:12 INFO CodeGenerator: Code generated in 25.144666 ms
[2024-10-11T13:37:12.668+0000] {spark_submit.py:649} INFO - 24/10/11 13:37:12 INFO MemoryStore: Block broadcast_6 stored as values in memory (estimated size 204.2 KiB, free 433.7 MiB)
[2024-10-11T13:37:12.682+0000] {spark_submit.py:649} INFO - 24/10/11 13:37:12 INFO MemoryStore: Block broadcast_6_piece0 stored as bytes in memory (estimated size 35.3 KiB, free 433.7 MiB)
[2024-10-11T13:37:12.684+0000] {spark_submit.py:649} INFO - 24/10/11 13:37:12 INFO BlockManagerInfo: Added broadcast_6_piece0 in memory on yellow-cab-airflow-scheduler:42637 (size: 35.3 KiB, free: 434.3 MiB)
[2024-10-11T13:37:12.685+0000] {spark_submit.py:649} INFO - 24/10/11 13:37:12 INFO SparkContext: Created broadcast 6 from toPandas at /spark-scripts/taxi_etl.py:115
[2024-10-11T13:37:12.689+0000] {spark_submit.py:649} INFO - 24/10/11 13:37:12 INFO FileSourceScanExec: Planning scan with bin packing, max size: 4194304 bytes, open cost is considered as scanning 4194304 bytes.
[2024-10-11T13:37:12.699+0000] {spark_submit.py:649} INFO - 24/10/11 13:37:12 INFO DAGScheduler: Registering RDD 19 (toPandas at /spark-scripts/taxi_etl.py:115) as input to shuffle 1
[2024-10-11T13:37:12.699+0000] {spark_submit.py:649} INFO - 24/10/11 13:37:12 INFO DAGScheduler: Got map stage job 4 (toPandas at /spark-scripts/taxi_etl.py:115) with 1 output partitions
[2024-10-11T13:37:12.700+0000] {spark_submit.py:649} INFO - 24/10/11 13:37:12 INFO DAGScheduler: Final stage: ShuffleMapStage 5 (toPandas at /spark-scripts/taxi_etl.py:115)
[2024-10-11T13:37:12.700+0000] {spark_submit.py:649} INFO - 24/10/11 13:37:12 INFO DAGScheduler: Parents of final stage: List()
[2024-10-11T13:37:12.700+0000] {spark_submit.py:649} INFO - 24/10/11 13:37:12 INFO DAGScheduler: Missing parents: List()
[2024-10-11T13:37:12.701+0000] {spark_submit.py:649} INFO - 24/10/11 13:37:12 INFO DAGScheduler: Submitting ShuffleMapStage 5 (MapPartitionsRDD[19] at toPandas at /spark-scripts/taxi_etl.py:115), which has no missing parents
[2024-10-11T13:37:12.704+0000] {spark_submit.py:649} INFO - 24/10/11 13:37:12 INFO MemoryStore: Block broadcast_7 stored as values in memory (estimated size 27.4 KiB, free 433.6 MiB)
[2024-10-11T13:37:12.706+0000] {spark_submit.py:649} INFO - 24/10/11 13:37:12 INFO MemoryStore: Block broadcast_7_piece0 stored as bytes in memory (estimated size 12.7 KiB, free 433.6 MiB)
[2024-10-11T13:37:12.706+0000] {spark_submit.py:649} INFO - 24/10/11 13:37:12 INFO BlockManagerInfo: Added broadcast_7_piece0 in memory on yellow-cab-airflow-scheduler:42637 (size: 12.7 KiB, free: 434.3 MiB)
[2024-10-11T13:37:12.707+0000] {spark_submit.py:649} INFO - 24/10/11 13:37:12 INFO SparkContext: Created broadcast 7 from broadcast at DAGScheduler.scala:1513
[2024-10-11T13:37:12.707+0000] {spark_submit.py:649} INFO - 24/10/11 13:37:12 INFO DAGScheduler: Submitting 1 missing tasks from ShuffleMapStage 5 (MapPartitionsRDD[19] at toPandas at /spark-scripts/taxi_etl.py:115) (first 15 tasks are for partitions Vector(0))
[2024-10-11T13:37:12.708+0000] {spark_submit.py:649} INFO - 24/10/11 13:37:12 INFO TaskSchedulerImpl: Adding task set 5.0 with 1 tasks resource profile 0
[2024-10-11T13:37:12.711+0000] {spark_submit.py:649} INFO - 24/10/11 13:37:12 INFO TaskSetManager: Starting task 0.0 in stage 5.0 (TID 4) (172.24.0.3, executor 0, partition 0, PROCESS_LOCAL, 4904 bytes) taskResourceAssignments Map()
[2024-10-11T13:37:12.725+0000] {spark_submit.py:649} INFO - 24/10/11 13:37:12 INFO BlockManagerInfo: Added broadcast_7_piece0 in memory on 172.24.0.3:35817 (size: 12.7 KiB, free: 434.3 MiB)
[2024-10-11T13:37:12.876+0000] {spark_submit.py:649} INFO - 24/10/11 13:37:12 INFO BlockManagerInfo: Added broadcast_6_piece0 in memory on 172.24.0.3:35817 (size: 35.3 KiB, free: 434.3 MiB)
[2024-10-11T13:37:13.075+0000] {spark_submit.py:649} INFO - 24/10/11 13:37:13 INFO TaskSetManager: Finished task 0.0 in stage 5.0 (TID 4) in 366 ms on 172.24.0.3 (executor 0) (1/1)
[2024-10-11T13:37:13.075+0000] {spark_submit.py:649} INFO - 24/10/11 13:37:13 INFO TaskSchedulerImpl: Removed TaskSet 5.0, whose tasks have all completed, from pool
[2024-10-11T13:37:13.076+0000] {spark_submit.py:649} INFO - 24/10/11 13:37:13 INFO DAGScheduler: ShuffleMapStage 5 (toPandas at /spark-scripts/taxi_etl.py:115) finished in 0.375 s
[2024-10-11T13:37:13.076+0000] {spark_submit.py:649} INFO - 24/10/11 13:37:13 INFO DAGScheduler: looking for newly runnable stages
[2024-10-11T13:37:13.076+0000] {spark_submit.py:649} INFO - 24/10/11 13:37:13 INFO DAGScheduler: running: Set()
[2024-10-11T13:37:13.077+0000] {spark_submit.py:649} INFO - 24/10/11 13:37:13 INFO DAGScheduler: waiting: Set()
[2024-10-11T13:37:13.077+0000] {spark_submit.py:649} INFO - 24/10/11 13:37:13 INFO DAGScheduler: failed: Set()
[2024-10-11T13:37:13.085+0000] {spark_submit.py:649} INFO - 24/10/11 13:37:13 INFO ShufflePartitionsUtil: For shuffle(1), advisory target size: 67108864, actual target size 1048576, minimum partition size: 1048576
[2024-10-11T13:37:13.098+0000] {spark_submit.py:649} INFO - 24/10/11 13:37:13 INFO HashAggregateExec: spark.sql.codegen.aggregate.map.twolevel.enabled is set to true, but current version of codegened fast hashmap does not support this aggregate.
[2024-10-11T13:37:13.123+0000] {spark_submit.py:649} INFO - 24/10/11 13:37:13 INFO CodeGenerator: Code generated in 21.810209 ms
[2024-10-11T13:37:13.153+0000] {spark_submit.py:649} INFO - 24/10/11 13:37:13 INFO SparkContext: Starting job: toPandas at /spark-scripts/taxi_etl.py:115
[2024-10-11T13:37:13.154+0000] {spark_submit.py:649} INFO - 24/10/11 13:37:13 INFO DAGScheduler: Got job 5 (toPandas at /spark-scripts/taxi_etl.py:115) with 1 output partitions
[2024-10-11T13:37:13.155+0000] {spark_submit.py:649} INFO - 24/10/11 13:37:13 INFO DAGScheduler: Final stage: ResultStage 7 (toPandas at /spark-scripts/taxi_etl.py:115)
[2024-10-11T13:37:13.155+0000] {spark_submit.py:649} INFO - 24/10/11 13:37:13 INFO DAGScheduler: Parents of final stage: List(ShuffleMapStage 6)
[2024-10-11T13:37:13.156+0000] {spark_submit.py:649} INFO - 24/10/11 13:37:13 INFO DAGScheduler: Missing parents: List()
[2024-10-11T13:37:13.157+0000] {spark_submit.py:649} INFO - 24/10/11 13:37:13 INFO DAGScheduler: Submitting ResultStage 7 (MapPartitionsRDD[22] at toPandas at /spark-scripts/taxi_etl.py:115), which has no missing parents
[2024-10-11T13:37:13.163+0000] {spark_submit.py:649} INFO - 24/10/11 13:37:13 INFO MemoryStore: Block broadcast_8 stored as values in memory (estimated size 37.0 KiB, free 433.6 MiB)
[2024-10-11T13:37:13.165+0000] {spark_submit.py:649} INFO - 24/10/11 13:37:13 INFO MemoryStore: Block broadcast_8_piece0 stored as bytes in memory (estimated size 17.5 KiB, free 433.6 MiB)
[2024-10-11T13:37:13.165+0000] {spark_submit.py:649} INFO - 24/10/11 13:37:13 INFO BlockManagerInfo: Added broadcast_8_piece0 in memory on yellow-cab-airflow-scheduler:42637 (size: 17.5 KiB, free: 434.3 MiB)
[2024-10-11T13:37:13.166+0000] {spark_submit.py:649} INFO - 24/10/11 13:37:13 INFO SparkContext: Created broadcast 8 from broadcast at DAGScheduler.scala:1513
[2024-10-11T13:37:13.166+0000] {spark_submit.py:649} INFO - 24/10/11 13:37:13 INFO DAGScheduler: Submitting 1 missing tasks from ResultStage 7 (MapPartitionsRDD[22] at toPandas at /spark-scripts/taxi_etl.py:115) (first 15 tasks are for partitions Vector(0))
[2024-10-11T13:37:13.167+0000] {spark_submit.py:649} INFO - 24/10/11 13:37:13 INFO TaskSchedulerImpl: Adding task set 7.0 with 1 tasks resource profile 0
[2024-10-11T13:37:13.168+0000] {spark_submit.py:649} INFO - 24/10/11 13:37:13 INFO TaskSetManager: Starting task 0.0 in stage 7.0 (TID 5) (172.24.0.3, executor 0, partition 0, NODE_LOCAL, 4457 bytes) taskResourceAssignments Map()
[2024-10-11T13:37:13.177+0000] {spark_submit.py:649} INFO - 24/10/11 13:37:13 INFO BlockManagerInfo: Added broadcast_8_piece0 in memory on 172.24.0.3:35817 (size: 17.5 KiB, free: 434.3 MiB)
[2024-10-11T13:37:13.192+0000] {spark_submit.py:649} INFO - 24/10/11 13:37:13 INFO MapOutputTrackerMasterEndpoint: Asked to send map output locations for shuffle 1 to 172.24.0.3:38800
[2024-10-11T13:37:13.223+0000] {spark_submit.py:649} INFO - 24/10/11 13:37:13 INFO TaskSetManager: Finished task 0.0 in stage 7.0 (TID 5) in 55 ms on 172.24.0.3 (executor 0) (1/1)
[2024-10-11T13:37:13.223+0000] {spark_submit.py:649} INFO - 24/10/11 13:37:13 INFO TaskSchedulerImpl: Removed TaskSet 7.0, whose tasks have all completed, from pool
[2024-10-11T13:37:13.225+0000] {spark_submit.py:649} INFO - 24/10/11 13:37:13 INFO DAGScheduler: ResultStage 7 (toPandas at /spark-scripts/taxi_etl.py:115) finished in 0.064 s
[2024-10-11T13:37:13.225+0000] {spark_submit.py:649} INFO - 24/10/11 13:37:13 INFO DAGScheduler: Job 5 is finished. Cancelling potential speculative or zombie tasks for this job
[2024-10-11T13:37:13.226+0000] {spark_submit.py:649} INFO - 24/10/11 13:37:13 INFO TaskSchedulerImpl: Killing all running tasks in stage 7: Stage finished
[2024-10-11T13:37:13.226+0000] {spark_submit.py:649} INFO - 24/10/11 13:37:13 INFO DAGScheduler: Job 5 finished: toPandas at /spark-scripts/taxi_etl.py:115, took 0.072527 s
[2024-10-11T13:37:19.259+0000] {spark_submit.py:649} INFO - 24/10/11 13:37:19 INFO FileSourceStrategy: Pushed Filters:
[2024-10-11T13:37:19.263+0000] {spark_submit.py:649} INFO - 24/10/11 13:37:19 INFO FileSourceStrategy: Post-Scan Filters: atleastnnonnulls(4, tpep_pickup_datetime#32, tpep_dropoff_datetime#33, pickup_longitude#36, pickup_latitude#37)
[2024-10-11T13:37:19.263+0000] {spark_submit.py:649} INFO - 24/10/11 13:37:19 INFO FileSourceStrategy: Output Data Schema: struct<tpep_pickup_datetime: timestamp, tpep_dropoff_datetime: timestamp, pickup_longitude: double, pickup_latitude: double, RatecodeID: int ... 3 more fields>
[2024-10-11T13:37:19.272+0000] {spark_submit.py:649} INFO - 24/10/11 13:37:19 INFO HashAggregateExec: spark.sql.codegen.aggregate.map.twolevel.enabled is set to true, but current version of codegened fast hashmap does not support this aggregate.
[2024-10-11T13:37:19.318+0000] {spark_submit.py:649} INFO - 24/10/11 13:37:19 INFO CodeGenerator: Code generated in 39.751792 ms
[2024-10-11T13:37:19.323+0000] {spark_submit.py:649} INFO - 24/10/11 13:37:19 INFO MemoryStore: Block broadcast_9 stored as values in memory (estimated size 204.2 KiB, free 433.4 MiB)
[2024-10-11T13:37:19.333+0000] {spark_submit.py:649} INFO - 24/10/11 13:37:19 INFO MemoryStore: Block broadcast_9_piece0 stored as bytes in memory (estimated size 35.3 KiB, free 433.3 MiB)
[2024-10-11T13:37:19.334+0000] {spark_submit.py:649} INFO - 24/10/11 13:37:19 INFO BlockManagerInfo: Added broadcast_9_piece0 in memory on yellow-cab-airflow-scheduler:42637 (size: 35.3 KiB, free: 434.2 MiB)
[2024-10-11T13:37:19.335+0000] {spark_submit.py:649} INFO - 24/10/11 13:37:19 INFO SparkContext: Created broadcast 9 from toPandas at /spark-scripts/taxi_etl.py:118
[2024-10-11T13:37:19.337+0000] {spark_submit.py:649} INFO - 24/10/11 13:37:19 INFO FileSourceScanExec: Planning scan with bin packing, max size: 4194304 bytes, open cost is considered as scanning 4194304 bytes.
[2024-10-11T13:37:19.347+0000] {spark_submit.py:649} INFO - 24/10/11 13:37:19 INFO DAGScheduler: Registering RDD 26 (toPandas at /spark-scripts/taxi_etl.py:118) as input to shuffle 2
[2024-10-11T13:37:19.348+0000] {spark_submit.py:649} INFO - 24/10/11 13:37:19 INFO DAGScheduler: Got map stage job 6 (toPandas at /spark-scripts/taxi_etl.py:118) with 1 output partitions
[2024-10-11T13:37:19.348+0000] {spark_submit.py:649} INFO - 24/10/11 13:37:19 INFO DAGScheduler: Final stage: ShuffleMapStage 8 (toPandas at /spark-scripts/taxi_etl.py:118)
[2024-10-11T13:37:19.348+0000] {spark_submit.py:649} INFO - 24/10/11 13:37:19 INFO DAGScheduler: Parents of final stage: List()
[2024-10-11T13:37:19.349+0000] {spark_submit.py:649} INFO - 24/10/11 13:37:19 INFO DAGScheduler: Missing parents: List()
[2024-10-11T13:37:19.349+0000] {spark_submit.py:649} INFO - 24/10/11 13:37:19 INFO DAGScheduler: Submitting ShuffleMapStage 8 (MapPartitionsRDD[26] at toPandas at /spark-scripts/taxi_etl.py:118), which has no missing parents
[2024-10-11T13:37:19.353+0000] {spark_submit.py:649} INFO - 24/10/11 13:37:19 INFO MemoryStore: Block broadcast_10 stored as values in memory (estimated size 27.4 KiB, free 433.3 MiB)
[2024-10-11T13:37:19.357+0000] {spark_submit.py:649} INFO - 24/10/11 13:37:19 INFO MemoryStore: Block broadcast_10_piece0 stored as bytes in memory (estimated size 12.7 KiB, free 433.3 MiB)
[2024-10-11T13:37:19.358+0000] {spark_submit.py:649} INFO - 24/10/11 13:37:19 INFO BlockManagerInfo: Added broadcast_10_piece0 in memory on yellow-cab-airflow-scheduler:42637 (size: 12.7 KiB, free: 434.2 MiB)
[2024-10-11T13:37:19.358+0000] {spark_submit.py:649} INFO - 24/10/11 13:37:19 INFO SparkContext: Created broadcast 10 from broadcast at DAGScheduler.scala:1513
[2024-10-11T13:37:19.359+0000] {spark_submit.py:649} INFO - 24/10/11 13:37:19 INFO DAGScheduler: Submitting 1 missing tasks from ShuffleMapStage 8 (MapPartitionsRDD[26] at toPandas at /spark-scripts/taxi_etl.py:118) (first 15 tasks are for partitions Vector(0))
[2024-10-11T13:37:19.359+0000] {spark_submit.py:649} INFO - 24/10/11 13:37:19 INFO TaskSchedulerImpl: Adding task set 8.0 with 1 tasks resource profile 0
[2024-10-11T13:37:19.360+0000] {spark_submit.py:649} INFO - 24/10/11 13:37:19 INFO TaskSetManager: Starting task 0.0 in stage 8.0 (TID 6) (172.24.0.3, executor 0, partition 0, PROCESS_LOCAL, 4904 bytes) taskResourceAssignments Map()
[2024-10-11T13:37:19.413+0000] {spark_submit.py:649} INFO - 24/10/11 13:37:19 INFO BlockManagerInfo: Added broadcast_10_piece0 in memory on 172.24.0.3:35817 (size: 12.7 KiB, free: 434.2 MiB)
[2024-10-11T13:37:19.491+0000] {spark_submit.py:649} INFO - 24/10/11 13:37:19 INFO BlockManagerInfo: Added broadcast_9_piece0 in memory on 172.24.0.3:35817 (size: 35.3 KiB, free: 434.2 MiB)
[2024-10-11T13:37:19.633+0000] {spark_submit.py:649} INFO - 24/10/11 13:37:19 INFO TaskSetManager: Finished task 0.0 in stage 8.0 (TID 6) in 272 ms on 172.24.0.3 (executor 0) (1/1)
[2024-10-11T13:37:19.639+0000] {spark_submit.py:649} INFO - 24/10/11 13:37:19 INFO TaskSchedulerImpl: Removed TaskSet 8.0, whose tasks have all completed, from pool
[2024-10-11T13:37:19.642+0000] {spark_submit.py:649} INFO - 24/10/11 13:37:19 INFO DAGScheduler: ShuffleMapStage 8 (toPandas at /spark-scripts/taxi_etl.py:118) finished in 0.291 s
[2024-10-11T13:37:19.645+0000] {spark_submit.py:649} INFO - 24/10/11 13:37:19 INFO DAGScheduler: looking for newly runnable stages
[2024-10-11T13:37:19.646+0000] {spark_submit.py:649} INFO - 24/10/11 13:37:19 INFO DAGScheduler: running: Set()
[2024-10-11T13:37:19.646+0000] {spark_submit.py:649} INFO - 24/10/11 13:37:19 INFO DAGScheduler: waiting: Set()
[2024-10-11T13:37:19.646+0000] {spark_submit.py:649} INFO - 24/10/11 13:37:19 INFO DAGScheduler: failed: Set()
[2024-10-11T13:37:19.649+0000] {spark_submit.py:649} INFO - 24/10/11 13:37:19 INFO ShufflePartitionsUtil: For shuffle(2), advisory target size: 67108864, actual target size 1048576, minimum partition size: 1048576
[2024-10-11T13:37:19.663+0000] {spark_submit.py:649} INFO - 24/10/11 13:37:19 INFO HashAggregateExec: spark.sql.codegen.aggregate.map.twolevel.enabled is set to true, but current version of codegened fast hashmap does not support this aggregate.
[2024-10-11T13:37:19.707+0000] {spark_submit.py:649} INFO - 24/10/11 13:37:19 INFO CodeGenerator: Code generated in 33.904333 ms
[2024-10-11T13:37:19.749+0000] {spark_submit.py:649} INFO - 24/10/11 13:37:19 INFO SparkContext: Starting job: toPandas at /spark-scripts/taxi_etl.py:118
[2024-10-11T13:37:19.750+0000] {spark_submit.py:649} INFO - 24/10/11 13:37:19 INFO DAGScheduler: Got job 7 (toPandas at /spark-scripts/taxi_etl.py:118) with 1 output partitions
[2024-10-11T13:37:19.750+0000] {spark_submit.py:649} INFO - 24/10/11 13:37:19 INFO DAGScheduler: Final stage: ResultStage 10 (toPandas at /spark-scripts/taxi_etl.py:118)
[2024-10-11T13:37:19.750+0000] {spark_submit.py:649} INFO - 24/10/11 13:37:19 INFO DAGScheduler: Parents of final stage: List(ShuffleMapStage 9)
[2024-10-11T13:37:19.751+0000] {spark_submit.py:649} INFO - 24/10/11 13:37:19 INFO DAGScheduler: Missing parents: List()
[2024-10-11T13:37:19.751+0000] {spark_submit.py:649} INFO - 24/10/11 13:37:19 INFO DAGScheduler: Submitting ResultStage 10 (MapPartitionsRDD[29] at toPandas at /spark-scripts/taxi_etl.py:118), which has no missing parents
[2024-10-11T13:37:19.756+0000] {spark_submit.py:649} INFO - 24/10/11 13:37:19 INFO MemoryStore: Block broadcast_11 stored as values in memory (estimated size 37.3 KiB, free 433.3 MiB)
[2024-10-11T13:37:19.758+0000] {spark_submit.py:649} INFO - 24/10/11 13:37:19 INFO MemoryStore: Block broadcast_11_piece0 stored as bytes in memory (estimated size 17.7 KiB, free 433.2 MiB)
[2024-10-11T13:37:19.759+0000] {spark_submit.py:649} INFO - 24/10/11 13:37:19 INFO BlockManagerInfo: Added broadcast_11_piece0 in memory on yellow-cab-airflow-scheduler:42637 (size: 17.7 KiB, free: 434.2 MiB)
[2024-10-11T13:37:19.759+0000] {spark_submit.py:649} INFO - 24/10/11 13:37:19 INFO SparkContext: Created broadcast 11 from broadcast at DAGScheduler.scala:1513
[2024-10-11T13:37:19.759+0000] {spark_submit.py:649} INFO - 24/10/11 13:37:19 INFO DAGScheduler: Submitting 1 missing tasks from ResultStage 10 (MapPartitionsRDD[29] at toPandas at /spark-scripts/taxi_etl.py:118) (first 15 tasks are for partitions Vector(0))
[2024-10-11T13:37:19.759+0000] {spark_submit.py:649} INFO - 24/10/11 13:37:19 INFO TaskSchedulerImpl: Adding task set 10.0 with 1 tasks resource profile 0
[2024-10-11T13:37:19.761+0000] {spark_submit.py:649} INFO - 24/10/11 13:37:19 INFO TaskSetManager: Starting task 0.0 in stage 10.0 (TID 7) (172.24.0.3, executor 0, partition 0, NODE_LOCAL, 4457 bytes) taskResourceAssignments Map()
[2024-10-11T13:37:19.771+0000] {spark_submit.py:649} INFO - 24/10/11 13:37:19 INFO BlockManagerInfo: Added broadcast_11_piece0 in memory on 172.24.0.3:35817 (size: 17.7 KiB, free: 434.2 MiB)
[2024-10-11T13:37:19.780+0000] {spark_submit.py:649} INFO - 24/10/11 13:37:19 INFO MapOutputTrackerMasterEndpoint: Asked to send map output locations for shuffle 2 to 172.24.0.3:38800
[2024-10-11T13:37:19.824+0000] {spark_submit.py:649} INFO - 24/10/11 13:37:19 INFO TaskSetManager: Finished task 0.0 in stage 10.0 (TID 7) in 64 ms on 172.24.0.3 (executor 0) (1/1)
[2024-10-11T13:37:19.825+0000] {spark_submit.py:649} INFO - 24/10/11 13:37:19 INFO TaskSchedulerImpl: Removed TaskSet 10.0, whose tasks have all completed, from pool
[2024-10-11T13:37:19.825+0000] {spark_submit.py:649} INFO - 24/10/11 13:37:19 INFO DAGScheduler: ResultStage 10 (toPandas at /spark-scripts/taxi_etl.py:118) finished in 0.071 s
[2024-10-11T13:37:19.827+0000] {spark_submit.py:649} INFO - 24/10/11 13:37:19 INFO DAGScheduler: Job 7 is finished. Cancelling potential speculative or zombie tasks for this job
[2024-10-11T13:37:19.828+0000] {spark_submit.py:649} INFO - 24/10/11 13:37:19 INFO TaskSchedulerImpl: Killing all running tasks in stage 10: Stage finished
[2024-10-11T13:37:19.828+0000] {spark_submit.py:649} INFO - 24/10/11 13:37:19 INFO DAGScheduler: Job 7 finished: toPandas at /spark-scripts/taxi_etl.py:118, took 0.076884 s
[2024-10-11T13:37:24.794+0000] {spark_submit.py:649} INFO - 24/10/11 13:37:24 INFO FileSourceStrategy: Pushed Filters:
[2024-10-11T13:37:24.795+0000] {spark_submit.py:649} INFO - 24/10/11 13:37:24 INFO FileSourceStrategy: Post-Scan Filters: atleastnnonnulls(4, tpep_pickup_datetime#32, tpep_dropoff_datetime#33, pickup_longitude#36, pickup_latitude#37)
[2024-10-11T13:37:24.795+0000] {spark_submit.py:649} INFO - 24/10/11 13:37:24 INFO FileSourceStrategy: Output Data Schema: struct<tpep_pickup_datetime: timestamp, tpep_dropoff_datetime: timestamp, pickup_longitude: double, pickup_latitude: double, payment_type: int ... 3 more fields>
[2024-10-11T13:37:24.809+0000] {spark_submit.py:649} INFO - 24/10/11 13:37:24 INFO HashAggregateExec: spark.sql.codegen.aggregate.map.twolevel.enabled is set to true, but current version of codegened fast hashmap does not support this aggregate.
[2024-10-11T13:37:24.817+0000] {spark_submit.py:649} INFO - 24/10/11 13:37:24 INFO MemoryStore: Block broadcast_12 stored as values in memory (estimated size 204.2 KiB, free 433.0 MiB)
[2024-10-11T13:37:24.825+0000] {spark_submit.py:649} INFO - 24/10/11 13:37:24 INFO MemoryStore: Block broadcast_12_piece0 stored as bytes in memory (estimated size 35.3 KiB, free 433.0 MiB)
[2024-10-11T13:37:24.826+0000] {spark_submit.py:649} INFO - 24/10/11 13:37:24 INFO BlockManagerInfo: Added broadcast_12_piece0 in memory on yellow-cab-airflow-scheduler:42637 (size: 35.3 KiB, free: 434.2 MiB)
[2024-10-11T13:37:24.826+0000] {spark_submit.py:649} INFO - 24/10/11 13:37:24 INFO SparkContext: Created broadcast 12 from toPandas at /spark-scripts/taxi_etl.py:121
[2024-10-11T13:37:24.828+0000] {spark_submit.py:649} INFO - 24/10/11 13:37:24 INFO FileSourceScanExec: Planning scan with bin packing, max size: 4194304 bytes, open cost is considered as scanning 4194304 bytes.
[2024-10-11T13:37:24.837+0000] {spark_submit.py:649} INFO - 24/10/11 13:37:24 INFO DAGScheduler: Registering RDD 33 (toPandas at /spark-scripts/taxi_etl.py:121) as input to shuffle 3
[2024-10-11T13:37:24.837+0000] {spark_submit.py:649} INFO - 24/10/11 13:37:24 INFO DAGScheduler: Got map stage job 8 (toPandas at /spark-scripts/taxi_etl.py:121) with 1 output partitions
[2024-10-11T13:37:24.838+0000] {spark_submit.py:649} INFO - 24/10/11 13:37:24 INFO DAGScheduler: Final stage: ShuffleMapStage 11 (toPandas at /spark-scripts/taxi_etl.py:121)
[2024-10-11T13:37:24.838+0000] {spark_submit.py:649} INFO - 24/10/11 13:37:24 INFO DAGScheduler: Parents of final stage: List()
[2024-10-11T13:37:24.838+0000] {spark_submit.py:649} INFO - 24/10/11 13:37:24 INFO DAGScheduler: Missing parents: List()
[2024-10-11T13:37:24.838+0000] {spark_submit.py:649} INFO - 24/10/11 13:37:24 INFO DAGScheduler: Submitting ShuffleMapStage 11 (MapPartitionsRDD[33] at toPandas at /spark-scripts/taxi_etl.py:121), which has no missing parents
[2024-10-11T13:37:24.841+0000] {spark_submit.py:649} INFO - 24/10/11 13:37:24 INFO MemoryStore: Block broadcast_13 stored as values in memory (estimated size 27.4 KiB, free 433.0 MiB)
[2024-10-11T13:37:24.843+0000] {spark_submit.py:649} INFO - 24/10/11 13:37:24 INFO MemoryStore: Block broadcast_13_piece0 stored as bytes in memory (estimated size 12.7 KiB, free 433.0 MiB)
[2024-10-11T13:37:24.844+0000] {spark_submit.py:649} INFO - 24/10/11 13:37:24 INFO BlockManagerInfo: Added broadcast_13_piece0 in memory on yellow-cab-airflow-scheduler:42637 (size: 12.7 KiB, free: 434.1 MiB)
[2024-10-11T13:37:24.845+0000] {spark_submit.py:649} INFO - 24/10/11 13:37:24 INFO SparkContext: Created broadcast 13 from broadcast at DAGScheduler.scala:1513
[2024-10-11T13:37:24.845+0000] {spark_submit.py:649} INFO - 24/10/11 13:37:24 INFO DAGScheduler: Submitting 1 missing tasks from ShuffleMapStage 11 (MapPartitionsRDD[33] at toPandas at /spark-scripts/taxi_etl.py:121) (first 15 tasks are for partitions Vector(0))
[2024-10-11T13:37:24.845+0000] {spark_submit.py:649} INFO - 24/10/11 13:37:24 INFO TaskSchedulerImpl: Adding task set 11.0 with 1 tasks resource profile 0
[2024-10-11T13:37:24.847+0000] {spark_submit.py:649} INFO - 24/10/11 13:37:24 INFO TaskSetManager: Starting task 0.0 in stage 11.0 (TID 8) (172.24.0.3, executor 0, partition 0, PROCESS_LOCAL, 4904 bytes) taskResourceAssignments Map()
[2024-10-11T13:37:24.869+0000] {spark_submit.py:649} INFO - 24/10/11 13:37:24 INFO BlockManagerInfo: Added broadcast_13_piece0 in memory on 172.24.0.3:35817 (size: 12.7 KiB, free: 434.2 MiB)
[2024-10-11T13:37:24.895+0000] {spark_submit.py:649} INFO - 24/10/11 13:37:24 INFO BlockManagerInfo: Added broadcast_12_piece0 in memory on 172.24.0.3:35817 (size: 35.3 KiB, free: 434.1 MiB)
[2024-10-11T13:37:25.000+0000] {spark_submit.py:649} INFO - 24/10/11 13:37:25 INFO TaskSetManager: Finished task 0.0 in stage 11.0 (TID 8) in 154 ms on 172.24.0.3 (executor 0) (1/1)
[2024-10-11T13:37:25.001+0000] {spark_submit.py:649} INFO - 24/10/11 13:37:25 INFO TaskSchedulerImpl: Removed TaskSet 11.0, whose tasks have all completed, from pool
[2024-10-11T13:37:25.001+0000] {spark_submit.py:649} INFO - 24/10/11 13:37:25 INFO DAGScheduler: ShuffleMapStage 11 (toPandas at /spark-scripts/taxi_etl.py:121) finished in 0.162 s
[2024-10-11T13:37:25.001+0000] {spark_submit.py:649} INFO - 24/10/11 13:37:25 INFO DAGScheduler: looking for newly runnable stages
[2024-10-11T13:37:25.002+0000] {spark_submit.py:649} INFO - 24/10/11 13:37:25 INFO DAGScheduler: running: Set()
[2024-10-11T13:37:25.002+0000] {spark_submit.py:649} INFO - 24/10/11 13:37:25 INFO DAGScheduler: waiting: Set()
[2024-10-11T13:37:25.002+0000] {spark_submit.py:649} INFO - 24/10/11 13:37:25 INFO DAGScheduler: failed: Set()
[2024-10-11T13:37:25.006+0000] {spark_submit.py:649} INFO - 24/10/11 13:37:25 INFO ShufflePartitionsUtil: For shuffle(3), advisory target size: 67108864, actual target size 1048576, minimum partition size: 1048576
[2024-10-11T13:37:25.011+0000] {spark_submit.py:649} INFO - 24/10/11 13:37:25 INFO HashAggregateExec: spark.sql.codegen.aggregate.map.twolevel.enabled is set to true, but current version of codegened fast hashmap does not support this aggregate.
[2024-10-11T13:37:25.027+0000] {spark_submit.py:649} INFO - 24/10/11 13:37:25 INFO SparkContext: Starting job: toPandas at /spark-scripts/taxi_etl.py:121
[2024-10-11T13:37:25.028+0000] {spark_submit.py:649} INFO - 24/10/11 13:37:25 INFO DAGScheduler: Got job 9 (toPandas at /spark-scripts/taxi_etl.py:121) with 1 output partitions
[2024-10-11T13:37:25.028+0000] {spark_submit.py:649} INFO - 24/10/11 13:37:25 INFO DAGScheduler: Final stage: ResultStage 13 (toPandas at /spark-scripts/taxi_etl.py:121)
[2024-10-11T13:37:25.028+0000] {spark_submit.py:649} INFO - 24/10/11 13:37:25 INFO DAGScheduler: Parents of final stage: List(ShuffleMapStage 12)
[2024-10-11T13:37:25.029+0000] {spark_submit.py:649} INFO - 24/10/11 13:37:25 INFO DAGScheduler: Missing parents: List()
[2024-10-11T13:37:25.029+0000] {spark_submit.py:649} INFO - 24/10/11 13:37:25 INFO DAGScheduler: Submitting ResultStage 13 (MapPartitionsRDD[36] at toPandas at /spark-scripts/taxi_etl.py:121), which has no missing parents
[2024-10-11T13:37:25.034+0000] {spark_submit.py:649} INFO - 24/10/11 13:37:25 INFO MemoryStore: Block broadcast_14 stored as values in memory (estimated size 37.3 KiB, free 432.9 MiB)
[2024-10-11T13:37:25.050+0000] {spark_submit.py:649} INFO - 24/10/11 13:37:25 INFO MemoryStore: Block broadcast_14_piece0 stored as bytes in memory (estimated size 17.7 KiB, free 432.9 MiB)
[2024-10-11T13:37:25.051+0000] {spark_submit.py:649} INFO - 24/10/11 13:37:25 INFO BlockManagerInfo: Added broadcast_14_piece0 in memory on yellow-cab-airflow-scheduler:42637 (size: 17.7 KiB, free: 434.1 MiB)
[2024-10-11T13:37:25.051+0000] {spark_submit.py:649} INFO - 24/10/11 13:37:25 INFO BlockManagerInfo: Removed broadcast_7_piece0 on yellow-cab-airflow-scheduler:42637 in memory (size: 12.7 KiB, free: 434.1 MiB)
[2024-10-11T13:37:25.051+0000] {spark_submit.py:649} INFO - 24/10/11 13:37:25 INFO SparkContext: Created broadcast 14 from broadcast at DAGScheduler.scala:1513
[2024-10-11T13:37:25.052+0000] {spark_submit.py:649} INFO - 24/10/11 13:37:25 INFO DAGScheduler: Submitting 1 missing tasks from ResultStage 13 (MapPartitionsRDD[36] at toPandas at /spark-scripts/taxi_etl.py:121) (first 15 tasks are for partitions Vector(0))
[2024-10-11T13:37:25.052+0000] {spark_submit.py:649} INFO - 24/10/11 13:37:25 INFO TaskSchedulerImpl: Adding task set 13.0 with 1 tasks resource profile 0
[2024-10-11T13:37:25.053+0000] {spark_submit.py:649} INFO - 24/10/11 13:37:25 INFO TaskSetManager: Starting task 0.0 in stage 13.0 (TID 9) (172.24.0.3, executor 0, partition 0, NODE_LOCAL, 4457 bytes) taskResourceAssignments Map()
[2024-10-11T13:37:25.054+0000] {spark_submit.py:649} INFO - 24/10/11 13:37:25 INFO BlockManagerInfo: Removed broadcast_7_piece0 on 172.24.0.3:35817 in memory (size: 12.7 KiB, free: 434.2 MiB)
[2024-10-11T13:37:25.061+0000] {spark_submit.py:649} INFO - 24/10/11 13:37:25 INFO BlockManagerInfo: Removed broadcast_13_piece0 on yellow-cab-airflow-scheduler:42637 in memory (size: 12.7 KiB, free: 434.2 MiB)
[2024-10-11T13:37:25.067+0000] {spark_submit.py:649} INFO - 24/10/11 13:37:25 INFO BlockManagerInfo: Removed broadcast_13_piece0 on 172.24.0.3:35817 in memory (size: 12.7 KiB, free: 434.2 MiB)
[2024-10-11T13:37:25.068+0000] {spark_submit.py:649} INFO - 24/10/11 13:37:25 INFO BlockManagerInfo: Added broadcast_14_piece0 in memory on 172.24.0.3:35817 (size: 17.7 KiB, free: 434.2 MiB)
[2024-10-11T13:37:25.086+0000] {spark_submit.py:649} INFO - 24/10/11 13:37:25 INFO BlockManagerInfo: Removed broadcast_11_piece0 on yellow-cab-airflow-scheduler:42637 in memory (size: 17.7 KiB, free: 434.2 MiB)
[2024-10-11T13:37:25.088+0000] {spark_submit.py:649} INFO - 24/10/11 13:37:25 INFO MapOutputTrackerMasterEndpoint: Asked to send map output locations for shuffle 3 to 172.24.0.3:38800
[2024-10-11T13:37:25.089+0000] {spark_submit.py:649} INFO - 24/10/11 13:37:25 INFO BlockManagerInfo: Removed broadcast_11_piece0 on 172.24.0.3:35817 in memory (size: 17.7 KiB, free: 434.2 MiB)
[2024-10-11T13:37:25.098+0000] {spark_submit.py:649} INFO - 24/10/11 13:37:25 INFO BlockManagerInfo: Removed broadcast_10_piece0 on yellow-cab-airflow-scheduler:42637 in memory (size: 12.7 KiB, free: 434.2 MiB)
[2024-10-11T13:37:25.102+0000] {spark_submit.py:649} INFO - 24/10/11 13:37:25 INFO BlockManagerInfo: Removed broadcast_10_piece0 on 172.24.0.3:35817 in memory (size: 12.7 KiB, free: 434.2 MiB)
[2024-10-11T13:37:25.105+0000] {spark_submit.py:649} INFO - 24/10/11 13:37:25 INFO TaskSetManager: Finished task 0.0 in stage 13.0 (TID 9) in 52 ms on 172.24.0.3 (executor 0) (1/1)
[2024-10-11T13:37:25.106+0000] {spark_submit.py:649} INFO - 24/10/11 13:37:25 INFO TaskSchedulerImpl: Removed TaskSet 13.0, whose tasks have all completed, from pool
[2024-10-11T13:37:25.106+0000] {spark_submit.py:649} INFO - 24/10/11 13:37:25 INFO DAGScheduler: ResultStage 13 (toPandas at /spark-scripts/taxi_etl.py:121) finished in 0.075 s
[2024-10-11T13:37:25.107+0000] {spark_submit.py:649} INFO - 24/10/11 13:37:25 INFO DAGScheduler: Job 9 is finished. Cancelling potential speculative or zombie tasks for this job
[2024-10-11T13:37:25.107+0000] {spark_submit.py:649} INFO - 24/10/11 13:37:25 INFO TaskSchedulerImpl: Killing all running tasks in stage 13: Stage finished
[2024-10-11T13:37:25.108+0000] {spark_submit.py:649} INFO - 24/10/11 13:37:25 INFO DAGScheduler: Job 9 finished: toPandas at /spark-scripts/taxi_etl.py:121, took 0.079809 s
[2024-10-11T13:37:25.112+0000] {spark_submit.py:649} INFO - 24/10/11 13:37:25 INFO BlockManagerInfo: Removed broadcast_5_piece0 on yellow-cab-airflow-scheduler:42637 in memory (size: 12.6 KiB, free: 434.2 MiB)
[2024-10-11T13:37:25.117+0000] {spark_submit.py:649} INFO - 24/10/11 13:37:25 INFO BlockManagerInfo: Removed broadcast_5_piece0 on 172.24.0.3:35817 in memory (size: 12.6 KiB, free: 434.2 MiB)
[2024-10-11T13:37:25.126+0000] {spark_submit.py:649} INFO - 24/10/11 13:37:25 INFO BlockManagerInfo: Removed broadcast_8_piece0 on yellow-cab-airflow-scheduler:42637 in memory (size: 17.5 KiB, free: 434.2 MiB)
[2024-10-11T13:37:25.129+0000] {spark_submit.py:649} INFO - 24/10/11 13:37:25 INFO BlockManagerInfo: Removed broadcast_8_piece0 on 172.24.0.3:35817 in memory (size: 17.5 KiB, free: 434.2 MiB)
[2024-10-11T13:37:33.488+0000] {spark_submit.py:649} INFO - Traceback (most recent call last):
[2024-10-11T13:37:33.490+0000] {spark_submit.py:649} INFO - File "/spark-scripts/taxi_etl.py", line 135, in <module>
[2024-10-11T13:37:33.491+0000] {spark_submit.py:649} INFO - main()
[2024-10-11T13:37:33.491+0000] {spark_submit.py:649} INFO - File "/spark-scripts/taxi_etl.py", line 124, in main
[2024-10-11T13:37:33.492+0000] {spark_submit.py:649} INFO - dim_datetime_write = client.load_table_from_dataframe(dim_datetime.toPandas(DataType={
[2024-10-11T13:37:33.492+0000] {spark_submit.py:649} INFO - TypeError: toPandas() got an unexpected keyword argument 'DataType'
[2024-10-11T13:37:33.842+0000] {spark_submit.py:649} INFO - 24/10/11 13:37:33 INFO SparkContext: Invoking stop() from shutdown hook
[2024-10-11T13:37:33.860+0000] {spark_submit.py:649} INFO - 24/10/11 13:37:33 INFO SparkUI: Stopped Spark web UI at http://yellow-cab-airflow-scheduler:4040
[2024-10-11T13:37:33.862+0000] {spark_submit.py:649} INFO - 24/10/11 13:37:33 INFO StandaloneSchedulerBackend: Shutting down all executors
[2024-10-11T13:37:33.862+0000] {spark_submit.py:649} INFO - 24/10/11 13:37:33 INFO CoarseGrainedSchedulerBackend$DriverEndpoint: Asking each executor to shut down
[2024-10-11T13:37:33.887+0000] {spark_submit.py:649} INFO - 24/10/11 13:37:33 INFO MapOutputTrackerMasterEndpoint: MapOutputTrackerMasterEndpoint stopped!
[2024-10-11T13:37:33.936+0000] {spark_submit.py:649} INFO - 24/10/11 13:37:33 INFO MemoryStore: MemoryStore cleared
[2024-10-11T13:37:33.937+0000] {spark_submit.py:649} INFO - 24/10/11 13:37:33 INFO BlockManager: BlockManager stopped
[2024-10-11T13:37:33.947+0000] {spark_submit.py:649} INFO - 24/10/11 13:37:33 INFO BlockManagerMaster: BlockManagerMaster stopped
[2024-10-11T13:37:33.952+0000] {spark_submit.py:649} INFO - 24/10/11 13:37:33 INFO OutputCommitCoordinator$OutputCommitCoordinatorEndpoint: OutputCommitCoordinator stopped!
[2024-10-11T13:37:34.003+0000] {spark_submit.py:649} INFO - 24/10/11 13:37:34 INFO SparkContext: Successfully stopped SparkContext
[2024-10-11T13:37:34.004+0000] {spark_submit.py:649} INFO - 24/10/11 13:37:34 INFO ShutdownHookManager: Shutdown hook called
[2024-10-11T13:37:34.004+0000] {spark_submit.py:649} INFO - 24/10/11 13:37:34 INFO ShutdownHookManager: Deleting directory /tmp/spark-a04eb5c4-f0c8-4b1f-9655-18e3838ae93f
[2024-10-11T13:37:34.018+0000] {spark_submit.py:649} INFO - 24/10/11 13:37:34 INFO ShutdownHookManager: Deleting directory /tmp/spark-a04eb5c4-f0c8-4b1f-9655-18e3838ae93f/pyspark-5293ae9d-c7a7-4cd9-b06c-fdd45e0dbe0c
[2024-10-11T13:37:34.029+0000] {spark_submit.py:649} INFO - 24/10/11 13:37:34 INFO ShutdownHookManager: Deleting directory /tmp/spark-8a5af7f3-5240-4fb8-8a6d-1c00c4eb816b
[2024-10-11T13:37:34.122+0000] {taskinstance.py:441} INFO - ::group::Post task execution logs
[2024-10-11T13:37:34.158+0000] {taskinstance.py:2905} ERROR - Task failed with exception
Traceback (most recent call last):
  File "/home/airflow/.local/lib/python3.9/site-packages/airflow/models/taskinstance.py", line 465, in _execute_task
    result = _execute_callable(context=context, **execute_callable_kwargs)
  File "/home/airflow/.local/lib/python3.9/site-packages/airflow/models/taskinstance.py", line 432, in _execute_callable
    return execute_callable(context=context, **execute_callable_kwargs)
  File "/home/airflow/.local/lib/python3.9/site-packages/airflow/models/baseoperator.py", line 400, in wrapper
    return func(self, *args, **kwargs)
  File "/home/airflow/.local/lib/python3.9/site-packages/airflow/providers/apache/spark/operators/spark_submit.py", line 176, in execute
    self._hook.submit(self.application)
  File "/home/airflow/.local/lib/python3.9/site-packages/airflow/providers/apache/spark/hooks/spark_submit.py", line 575, in submit
    raise AirflowException(
airflow.exceptions.AirflowException: Cannot execute: spark-submit --master spark://spark-master:7077 --conf spark.jars.packages=org.apache.sedona:sedona-python-adapter-3.0_2.12:1.2.0-incubating,org.datasyslab:geotools-wrapper:geotools-24.0 --conf spark.jars.repositories=https://repo1.maven.org/maven2/ --name arrow-spark --deploy-mode client /spark-scripts/taxi_etl.py. Error code is: 1.
[2024-10-11T13:37:34.166+0000] {taskinstance.py:1206} INFO - Marking task as FAILED. dag_id=etl_yellow_cab, task_id=etl_task, run_id=manual__2024-10-11T07:14:16.194830+00:00, execution_date=20241011T071416, start_date=20241011T133701, end_date=20241011T133734
[2024-10-11T13:37:34.191+0000] {standard_task_runner.py:110} ERROR - Failed to execute job 50 for task etl_task (Cannot execute: spark-submit --master spark://spark-master:7077 --conf spark.jars.packages=org.apache.sedona:sedona-python-adapter-3.0_2.12:1.2.0-incubating,org.datasyslab:geotools-wrapper:geotools-24.0 --conf spark.jars.repositories=https://repo1.maven.org/maven2/ --name arrow-spark --deploy-mode client /spark-scripts/taxi_etl.py. Error code is: 1.; 1833)
[2024-10-11T13:37:34.212+0000] {local_task_job_runner.py:240} INFO - Task exited with return code 1
[2024-10-11T13:37:34.231+0000] {taskinstance.py:3498} INFO - 0 downstream tasks scheduled from follow-on schedule check
[2024-10-11T13:37:34.232+0000] {local_task_job_runner.py:222} INFO - ::endgroup::
