[2024-10-11T11:52:00.957+0000] {local_task_job_runner.py:120} INFO - ::group::Pre task execution logs
[2024-10-11T11:52:00.988+0000] {taskinstance.py:2076} INFO - Dependencies all met for dep_context=non-requeueable deps ti=<TaskInstance: etl_yellow_cab.etl_task manual__2024-10-11T07:14:16.194830+00:00 [queued]>
[2024-10-11T11:52:00.993+0000] {taskinstance.py:2076} INFO - Dependencies all met for dep_context=requeueable deps ti=<TaskInstance: etl_yellow_cab.etl_task manual__2024-10-11T07:14:16.194830+00:00 [queued]>
[2024-10-11T11:52:00.993+0000] {taskinstance.py:2306} INFO - Starting attempt 14 of 14
[2024-10-11T11:52:01.001+0000] {taskinstance.py:2330} INFO - Executing <Task(SparkSubmitOperator): etl_task> on 2024-10-11 07:14:16.194830+00:00
[2024-10-11T11:52:01.006+0000] {standard_task_runner.py:63} INFO - Started process 216 to run task
[2024-10-11T11:52:01.010+0000] {standard_task_runner.py:90} INFO - Running: ['airflow', 'tasks', 'run', 'etl_yellow_cab', 'etl_task', 'manual__2024-10-11T07:14:16.194830+00:00', '--job-id', '32', '--raw', '--subdir', 'DAGS_FOLDER/yellow-cab-batch.py', '--cfg-path', '/tmp/tmp50anqhx0']
[2024-10-11T11:52:01.012+0000] {standard_task_runner.py:91} INFO - Job 32: Subtask etl_task
[2024-10-11T11:52:01.041+0000] {logging_mixin.py:188} WARNING - /home/airflow/.local/lib/python3.9/site-packages/airflow/settings.py:195 DeprecationWarning: The sql_alchemy_conn option in [core] has been moved to the sql_alchemy_conn option in [database] - the old setting has been used, but please update your config.
[2024-10-11T11:52:01.134+0000] {task_command.py:426} INFO - Running <TaskInstance: etl_yellow_cab.etl_task manual__2024-10-11T07:14:16.194830+00:00 [running]> on host yellow-cab-airflow-scheduler
[2024-10-11T11:52:01.241+0000] {taskinstance.py:2648} INFO - Exporting env vars: AIRFLOW_CTX_DAG_OWNER='hafidz' AIRFLOW_CTX_DAG_ID='etl_yellow_cab' AIRFLOW_CTX_TASK_ID='etl_task' AIRFLOW_CTX_EXECUTION_DATE='2024-10-11T07:14:16.194830+00:00' AIRFLOW_CTX_TRY_NUMBER='14' AIRFLOW_CTX_DAG_RUN_ID='manual__2024-10-11T07:14:16.194830+00:00'
[2024-10-11T11:52:01.242+0000] {taskinstance.py:430} INFO - ::endgroup::
[2024-10-11T11:52:01.297+0000] {base.py:84} INFO - Using connection ID 'spark_main' for task execution.
[2024-10-11T11:52:01.299+0000] {spark_submit.py:473} INFO - Spark-Submit cmd: spark-submit --master spark://spark-master:7077 --conf spark.jars.packages=org.apache.sedona:sedona-python-adapter-3.0_2.12:1.2.0-incubating,org.datasyslab:geotools-wrapper:geotools-24.0 --conf spark.jars.repositories=https://repo1.maven.org/maven2/ --name arrow-spark --deploy-mode client /spark-scripts/taxi_etl.py
[2024-10-11T11:52:02.844+0000] {spark_submit.py:649} INFO - https://repo1.maven.org/maven2/ added as a remote repository with the name: repo-1
[2024-10-11T11:52:02.866+0000] {spark_submit.py:649} INFO - :: loading settings :: url = jar:file:/home/airflow/.local/lib/python3.9/site-packages/pyspark/jars/ivy-2.5.1.jar!/org/apache/ivy/core/settings/ivysettings.xml
[2024-10-11T11:52:02.923+0000] {spark_submit.py:649} INFO - Ivy Default Cache set to: /home/airflow/.ivy2/cache
[2024-10-11T11:52:02.923+0000] {spark_submit.py:649} INFO - The jars for the packages stored in: /home/airflow/.ivy2/jars
[2024-10-11T11:52:02.926+0000] {spark_submit.py:649} INFO - org.apache.sedona#sedona-python-adapter-3.0_2.12 added as a dependency
[2024-10-11T11:52:02.926+0000] {spark_submit.py:649} INFO - org.datasyslab#geotools-wrapper added as a dependency
[2024-10-11T11:52:02.926+0000] {spark_submit.py:649} INFO - :: resolving dependencies :: org.apache.spark#spark-submit-parent-7a327f01-ef62-4ccb-b801-8cdab3785560;1.0
[2024-10-11T11:52:02.926+0000] {spark_submit.py:649} INFO - confs: [default]
[2024-10-11T11:52:10.424+0000] {spark_submit.py:649} INFO - found org.apache.sedona#sedona-python-adapter-3.0_2.12;1.2.0-incubating in central
[2024-10-11T11:52:15.853+0000] {spark_submit.py:649} INFO - found org.locationtech.jts#jts-core;1.18.0 in central
[2024-10-11T11:52:16.443+0000] {spark_submit.py:649} INFO - found org.wololo#jts2geojson;0.16.1 in central
[2024-10-11T11:52:17.158+0000] {spark_submit.py:649} INFO - found org.apache.sedona#sedona-core-3.0_2.12;1.2.0-incubating in central
[2024-10-11T11:52:17.813+0000] {spark_submit.py:649} INFO - found org.scala-lang.modules#scala-collection-compat_2.12;2.5.0 in central
[2024-10-11T11:52:18.376+0000] {spark_submit.py:649} INFO - found org.apache.sedona#sedona-sql-3.0_2.12;1.2.0-incubating in central
[2024-10-11T11:52:19.055+0000] {spark_submit.py:649} INFO - found org.datasyslab#geotools-wrapper;geotools-24.0 in central
[2024-10-11T11:52:19.329+0000] {spark_submit.py:649} INFO - downloading https://repo1.maven.org/maven2/org/apache/sedona/sedona-python-adapter-3.0_2.12/1.2.0-incubating/sedona-python-adapter-3.0_2.12-1.2.0-incubating.jar ...
[2024-10-11T11:52:22.508+0000] {spark_submit.py:649} INFO - [SUCCESSFUL ] org.apache.sedona#sedona-python-adapter-3.0_2.12;1.2.0-incubating!sedona-python-adapter-3.0_2.12.jar (3446ms)
[2024-10-11T11:52:22.818+0000] {spark_submit.py:649} INFO - downloading https://repo1.maven.org/maven2/org/datasyslab/geotools-wrapper/geotools-24.0/geotools-wrapper-geotools-24.0.jar ...
[2024-10-11T11:52:44.171+0000] {spark_submit.py:649} INFO - [SUCCESSFUL ] org.datasyslab#geotools-wrapper;geotools-24.0!geotools-wrapper.jar (21661ms)
[2024-10-11T11:52:44.524+0000] {spark_submit.py:649} INFO - downloading https://repo1.maven.org/maven2/org/locationtech/jts/jts-core/1.18.0/jts-core-1.18.0.jar ...
[2024-10-11T11:52:45.805+0000] {spark_submit.py:649} INFO - [SUCCESSFUL ] org.locationtech.jts#jts-core;1.18.0!jts-core.jar(bundle) (1632ms)
[2024-10-11T11:52:46.161+0000] {spark_submit.py:649} INFO - downloading https://repo1.maven.org/maven2/org/wololo/jts2geojson/0.16.1/jts2geojson-0.16.1.jar ...
[2024-10-11T11:52:46.444+0000] {spark_submit.py:649} INFO - [SUCCESSFUL ] org.wololo#jts2geojson;0.16.1!jts2geojson.jar (635ms)
[2024-10-11T11:52:46.777+0000] {spark_submit.py:649} INFO - downloading https://repo1.maven.org/maven2/org/apache/sedona/sedona-core-3.0_2.12/1.2.0-incubating/sedona-core-3.0_2.12-1.2.0-incubating.jar ...
[2024-10-11T11:52:47.590+0000] {spark_submit.py:649} INFO - [SUCCESSFUL ] org.apache.sedona#sedona-core-3.0_2.12;1.2.0-incubating!sedona-core-3.0_2.12.jar (1143ms)
[2024-10-11T11:52:47.906+0000] {spark_submit.py:649} INFO - downloading https://repo1.maven.org/maven2/org/apache/sedona/sedona-sql-3.0_2.12/1.2.0-incubating/sedona-sql-3.0_2.12-1.2.0-incubating.jar ...
[2024-10-11T11:52:49.546+0000] {spark_submit.py:649} INFO - [SUCCESSFUL ] org.apache.sedona#sedona-sql-3.0_2.12;1.2.0-incubating!sedona-sql-3.0_2.12.jar (1953ms)
[2024-10-11T11:52:49.948+0000] {spark_submit.py:649} INFO - downloading https://repo1.maven.org/maven2/org/scala-lang/modules/scala-collection-compat_2.12/2.5.0/scala-collection-compat_2.12-2.5.0.jar ...
[2024-10-11T11:52:50.563+0000] {spark_submit.py:649} INFO - [SUCCESSFUL ] org.scala-lang.modules#scala-collection-compat_2.12;2.5.0!scala-collection-compat_2.12.jar (1015ms)
[2024-10-11T11:52:50.565+0000] {spark_submit.py:649} INFO - :: resolution report :: resolve 16135ms :: artifacts dl 31503ms
[2024-10-11T11:52:50.568+0000] {spark_submit.py:649} INFO - :: modules in use:
[2024-10-11T11:52:50.569+0000] {spark_submit.py:649} INFO - org.apache.sedona#sedona-core-3.0_2.12;1.2.0-incubating from central in [default]
[2024-10-11T11:52:50.569+0000] {spark_submit.py:649} INFO - org.apache.sedona#sedona-python-adapter-3.0_2.12;1.2.0-incubating from central in [default]
[2024-10-11T11:52:50.570+0000] {spark_submit.py:649} INFO - org.apache.sedona#sedona-sql-3.0_2.12;1.2.0-incubating from central in [default]
[2024-10-11T11:52:50.570+0000] {spark_submit.py:649} INFO - org.datasyslab#geotools-wrapper;geotools-24.0 from central in [default]
[2024-10-11T11:52:50.570+0000] {spark_submit.py:649} INFO - org.locationtech.jts#jts-core;1.18.0 from central in [default]
[2024-10-11T11:52:50.570+0000] {spark_submit.py:649} INFO - org.scala-lang.modules#scala-collection-compat_2.12;2.5.0 from central in [default]
[2024-10-11T11:52:50.571+0000] {spark_submit.py:649} INFO - org.wololo#jts2geojson;0.16.1 from central in [default]
[2024-10-11T11:52:50.571+0000] {spark_submit.py:649} INFO - ---------------------------------------------------------------------
[2024-10-11T11:52:50.571+0000] {spark_submit.py:649} INFO - |                  |            modules            ||   artifacts   |
[2024-10-11T11:52:50.571+0000] {spark_submit.py:649} INFO - |       conf       | number| search|dwnlded|evicted|| number|dwnlded|
[2024-10-11T11:52:50.572+0000] {spark_submit.py:649} INFO - ---------------------------------------------------------------------
[2024-10-11T11:52:50.572+0000] {spark_submit.py:649} INFO - |      default     |   7   |   7   |   7   |   0   ||   7   |   7   |
[2024-10-11T11:52:50.572+0000] {spark_submit.py:649} INFO - ---------------------------------------------------------------------
[2024-10-11T11:52:50.582+0000] {spark_submit.py:649} INFO - :: retrieving :: org.apache.spark#spark-submit-parent-7a327f01-ef62-4ccb-b801-8cdab3785560
[2024-10-11T11:52:50.582+0000] {spark_submit.py:649} INFO - confs: [default]
[2024-10-11T11:52:50.729+0000] {spark_submit.py:649} INFO - 7 artifacts copied, 0 already retrieved (24372kB/147ms)
[2024-10-11T11:52:50.976+0000] {spark_submit.py:649} INFO - 24/10/11 11:52:50 WARN NativeCodeLoader: Unable to load native-hadoop library for your platform... using builtin-java classes where applicable
[2024-10-11T11:52:54.180+0000] {spark_submit.py:649} INFO - 24/10/11 11:52:54 INFO SparkContext: Running Spark version 3.3.2
[2024-10-11T11:52:54.196+0000] {spark_submit.py:649} INFO - 24/10/11 11:52:54 INFO ResourceUtils: ==============================================================
[2024-10-11T11:52:54.196+0000] {spark_submit.py:649} INFO - 24/10/11 11:52:54 INFO ResourceUtils: No custom resources configured for spark.driver.
[2024-10-11T11:52:54.196+0000] {spark_submit.py:649} INFO - 24/10/11 11:52:54 INFO ResourceUtils: ==============================================================
[2024-10-11T11:52:54.197+0000] {spark_submit.py:649} INFO - 24/10/11 11:52:54 INFO SparkContext: Submitted application: BigQueryETL
[2024-10-11T11:52:54.209+0000] {spark_submit.py:649} INFO - 24/10/11 11:52:54 INFO ResourceProfile: Default ResourceProfile created, executor resources: Map(cores -> name: cores, amount: 1, script: , vendor: , memory -> name: memory, amount: 1024, script: , vendor: , offHeap -> name: offHeap, amount: 0, script: , vendor: ), task resources: Map(cpus -> name: cpus, amount: 1.0)
[2024-10-11T11:52:54.214+0000] {spark_submit.py:649} INFO - 24/10/11 11:52:54 INFO ResourceProfile: Limiting resource is cpu
[2024-10-11T11:52:54.215+0000] {spark_submit.py:649} INFO - 24/10/11 11:52:54 INFO ResourceProfileManager: Added ResourceProfile id: 0
[2024-10-11T11:52:54.262+0000] {spark_submit.py:649} INFO - 24/10/11 11:52:54 INFO SecurityManager: Changing view acls to: airflow
[2024-10-11T11:52:54.263+0000] {spark_submit.py:649} INFO - 24/10/11 11:52:54 INFO SecurityManager: Changing modify acls to: airflow
[2024-10-11T11:52:54.263+0000] {spark_submit.py:649} INFO - 24/10/11 11:52:54 INFO SecurityManager: Changing view acls groups to:
[2024-10-11T11:52:54.264+0000] {spark_submit.py:649} INFO - 24/10/11 11:52:54 INFO SecurityManager: Changing modify acls groups to:
[2024-10-11T11:52:54.264+0000] {spark_submit.py:649} INFO - 24/10/11 11:52:54 INFO SecurityManager: SecurityManager: authentication disabled; ui acls disabled; users  with view permissions: Set(airflow); groups with view permissions: Set(); users  with modify permissions: Set(airflow); groups with modify permissions: Set()
[2024-10-11T11:52:54.432+0000] {spark_submit.py:649} INFO - 24/10/11 11:52:54 INFO Utils: Successfully started service 'sparkDriver' on port 45441.
[2024-10-11T11:52:54.451+0000] {spark_submit.py:649} INFO - 24/10/11 11:52:54 INFO SparkEnv: Registering MapOutputTracker
[2024-10-11T11:52:54.473+0000] {spark_submit.py:649} INFO - 24/10/11 11:52:54 INFO SparkEnv: Registering BlockManagerMaster
[2024-10-11T11:52:54.484+0000] {spark_submit.py:649} INFO - 24/10/11 11:52:54 INFO BlockManagerMasterEndpoint: Using org.apache.spark.storage.DefaultTopologyMapper for getting topology information
[2024-10-11T11:52:54.484+0000] {spark_submit.py:649} INFO - 24/10/11 11:52:54 INFO BlockManagerMasterEndpoint: BlockManagerMasterEndpoint up
[2024-10-11T11:52:54.487+0000] {spark_submit.py:649} INFO - 24/10/11 11:52:54 INFO SparkEnv: Registering BlockManagerMasterHeartbeat
[2024-10-11T11:52:54.501+0000] {spark_submit.py:649} INFO - 24/10/11 11:52:54 INFO DiskBlockManager: Created local directory at /tmp/blockmgr-5fbfedf9-4e36-41db-b2c9-3f219893b2b0
[2024-10-11T11:52:54.513+0000] {spark_submit.py:649} INFO - 24/10/11 11:52:54 INFO MemoryStore: MemoryStore started with capacity 434.4 MiB
[2024-10-11T11:52:54.522+0000] {spark_submit.py:649} INFO - 24/10/11 11:52:54 INFO SparkEnv: Registering OutputCommitCoordinator
[2024-10-11T11:52:54.675+0000] {spark_submit.py:649} INFO - 24/10/11 11:52:54 INFO Utils: Successfully started service 'SparkUI' on port 4040.
[2024-10-11T11:52:54.700+0000] {spark_submit.py:649} INFO - 24/10/11 11:52:54 INFO SparkContext: Added JAR file:///home/airflow/.ivy2/jars/org.apache.sedona_sedona-python-adapter-3.0_2.12-1.2.0-incubating.jar at spark://yellow-cab-airflow-scheduler:45441/jars/org.apache.sedona_sedona-python-adapter-3.0_2.12-1.2.0-incubating.jar with timestamp 1728647574175
[2024-10-11T11:52:54.701+0000] {spark_submit.py:649} INFO - 24/10/11 11:52:54 INFO SparkContext: Added JAR file:///home/airflow/.ivy2/jars/org.datasyslab_geotools-wrapper-geotools-24.0.jar at spark://yellow-cab-airflow-scheduler:45441/jars/org.datasyslab_geotools-wrapper-geotools-24.0.jar with timestamp 1728647574175
[2024-10-11T11:52:54.701+0000] {spark_submit.py:649} INFO - 24/10/11 11:52:54 INFO SparkContext: Added JAR file:///home/airflow/.ivy2/jars/org.locationtech.jts_jts-core-1.18.0.jar at spark://yellow-cab-airflow-scheduler:45441/jars/org.locationtech.jts_jts-core-1.18.0.jar with timestamp 1728647574175
[2024-10-11T11:52:54.701+0000] {spark_submit.py:649} INFO - 24/10/11 11:52:54 INFO SparkContext: Added JAR file:///home/airflow/.ivy2/jars/org.wololo_jts2geojson-0.16.1.jar at spark://yellow-cab-airflow-scheduler:45441/jars/org.wololo_jts2geojson-0.16.1.jar with timestamp 1728647574175
[2024-10-11T11:52:54.701+0000] {spark_submit.py:649} INFO - 24/10/11 11:52:54 INFO SparkContext: Added JAR file:///home/airflow/.ivy2/jars/org.apache.sedona_sedona-core-3.0_2.12-1.2.0-incubating.jar at spark://yellow-cab-airflow-scheduler:45441/jars/org.apache.sedona_sedona-core-3.0_2.12-1.2.0-incubating.jar with timestamp 1728647574175
[2024-10-11T11:52:54.702+0000] {spark_submit.py:649} INFO - 24/10/11 11:52:54 INFO SparkContext: Added JAR file:///home/airflow/.ivy2/jars/org.apache.sedona_sedona-sql-3.0_2.12-1.2.0-incubating.jar at spark://yellow-cab-airflow-scheduler:45441/jars/org.apache.sedona_sedona-sql-3.0_2.12-1.2.0-incubating.jar with timestamp 1728647574175
[2024-10-11T11:52:54.702+0000] {spark_submit.py:649} INFO - 24/10/11 11:52:54 INFO SparkContext: Added JAR file:///home/airflow/.ivy2/jars/org.scala-lang.modules_scala-collection-compat_2.12-2.5.0.jar at spark://yellow-cab-airflow-scheduler:45441/jars/org.scala-lang.modules_scala-collection-compat_2.12-2.5.0.jar with timestamp 1728647574175
[2024-10-11T11:52:54.703+0000] {spark_submit.py:649} INFO - 24/10/11 11:52:54 INFO SparkContext: Added file file:///home/airflow/.ivy2/jars/org.apache.sedona_sedona-python-adapter-3.0_2.12-1.2.0-incubating.jar at spark://yellow-cab-airflow-scheduler:45441/files/org.apache.sedona_sedona-python-adapter-3.0_2.12-1.2.0-incubating.jar with timestamp 1728647574175
[2024-10-11T11:52:54.704+0000] {spark_submit.py:649} INFO - 24/10/11 11:52:54 INFO Utils: Copying /home/airflow/.ivy2/jars/org.apache.sedona_sedona-python-adapter-3.0_2.12-1.2.0-incubating.jar to /tmp/spark-1e9b48a0-1443-49bd-8835-b80f868a3289/userFiles-e12154df-bda7-4430-afa4-044f27dd29e7/org.apache.sedona_sedona-python-adapter-3.0_2.12-1.2.0-incubating.jar
[2024-10-11T11:52:54.724+0000] {spark_submit.py:649} INFO - 24/10/11 11:52:54 INFO SparkContext: Added file file:///home/airflow/.ivy2/jars/org.datasyslab_geotools-wrapper-geotools-24.0.jar at spark://yellow-cab-airflow-scheduler:45441/files/org.datasyslab_geotools-wrapper-geotools-24.0.jar with timestamp 1728647574175
[2024-10-11T11:52:54.725+0000] {spark_submit.py:649} INFO - 24/10/11 11:52:54 INFO Utils: Copying /home/airflow/.ivy2/jars/org.datasyslab_geotools-wrapper-geotools-24.0.jar to /tmp/spark-1e9b48a0-1443-49bd-8835-b80f868a3289/userFiles-e12154df-bda7-4430-afa4-044f27dd29e7/org.datasyslab_geotools-wrapper-geotools-24.0.jar
[2024-10-11T11:52:54.766+0000] {spark_submit.py:649} INFO - 24/10/11 11:52:54 INFO SparkContext: Added file file:///home/airflow/.ivy2/jars/org.locationtech.jts_jts-core-1.18.0.jar at spark://yellow-cab-airflow-scheduler:45441/files/org.locationtech.jts_jts-core-1.18.0.jar with timestamp 1728647574175
[2024-10-11T11:52:54.767+0000] {spark_submit.py:649} INFO - 24/10/11 11:52:54 INFO Utils: Copying /home/airflow/.ivy2/jars/org.locationtech.jts_jts-core-1.18.0.jar to /tmp/spark-1e9b48a0-1443-49bd-8835-b80f868a3289/userFiles-e12154df-bda7-4430-afa4-044f27dd29e7/org.locationtech.jts_jts-core-1.18.0.jar
[2024-10-11T11:52:54.774+0000] {spark_submit.py:649} INFO - 24/10/11 11:52:54 INFO SparkContext: Added file file:///home/airflow/.ivy2/jars/org.wololo_jts2geojson-0.16.1.jar at spark://yellow-cab-airflow-scheduler:45441/files/org.wololo_jts2geojson-0.16.1.jar with timestamp 1728647574175
[2024-10-11T11:52:54.774+0000] {spark_submit.py:649} INFO - 24/10/11 11:52:54 INFO Utils: Copying /home/airflow/.ivy2/jars/org.wololo_jts2geojson-0.16.1.jar to /tmp/spark-1e9b48a0-1443-49bd-8835-b80f868a3289/userFiles-e12154df-bda7-4430-afa4-044f27dd29e7/org.wololo_jts2geojson-0.16.1.jar
[2024-10-11T11:52:54.784+0000] {spark_submit.py:649} INFO - 24/10/11 11:52:54 INFO SparkContext: Added file file:///home/airflow/.ivy2/jars/org.apache.sedona_sedona-core-3.0_2.12-1.2.0-incubating.jar at spark://yellow-cab-airflow-scheduler:45441/files/org.apache.sedona_sedona-core-3.0_2.12-1.2.0-incubating.jar with timestamp 1728647574175
[2024-10-11T11:52:54.784+0000] {spark_submit.py:649} INFO - 24/10/11 11:52:54 INFO Utils: Copying /home/airflow/.ivy2/jars/org.apache.sedona_sedona-core-3.0_2.12-1.2.0-incubating.jar to /tmp/spark-1e9b48a0-1443-49bd-8835-b80f868a3289/userFiles-e12154df-bda7-4430-afa4-044f27dd29e7/org.apache.sedona_sedona-core-3.0_2.12-1.2.0-incubating.jar
[2024-10-11T11:52:54.811+0000] {spark_submit.py:649} INFO - 24/10/11 11:52:54 INFO SparkContext: Added file file:///home/airflow/.ivy2/jars/org.apache.sedona_sedona-sql-3.0_2.12-1.2.0-incubating.jar at spark://yellow-cab-airflow-scheduler:45441/files/org.apache.sedona_sedona-sql-3.0_2.12-1.2.0-incubating.jar with timestamp 1728647574175
[2024-10-11T11:52:54.812+0000] {spark_submit.py:649} INFO - 24/10/11 11:52:54 INFO Utils: Copying /home/airflow/.ivy2/jars/org.apache.sedona_sedona-sql-3.0_2.12-1.2.0-incubating.jar to /tmp/spark-1e9b48a0-1443-49bd-8835-b80f868a3289/userFiles-e12154df-bda7-4430-afa4-044f27dd29e7/org.apache.sedona_sedona-sql-3.0_2.12-1.2.0-incubating.jar
[2024-10-11T11:52:54.820+0000] {spark_submit.py:649} INFO - 24/10/11 11:52:54 INFO SparkContext: Added file file:///home/airflow/.ivy2/jars/org.scala-lang.modules_scala-collection-compat_2.12-2.5.0.jar at spark://yellow-cab-airflow-scheduler:45441/files/org.scala-lang.modules_scala-collection-compat_2.12-2.5.0.jar with timestamp 1728647574175
[2024-10-11T11:52:54.822+0000] {spark_submit.py:649} INFO - 24/10/11 11:52:54 INFO Utils: Copying /home/airflow/.ivy2/jars/org.scala-lang.modules_scala-collection-compat_2.12-2.5.0.jar to /tmp/spark-1e9b48a0-1443-49bd-8835-b80f868a3289/userFiles-e12154df-bda7-4430-afa4-044f27dd29e7/org.scala-lang.modules_scala-collection-compat_2.12-2.5.0.jar
[2024-10-11T11:52:54.891+0000] {spark_submit.py:649} INFO - 24/10/11 11:52:54 INFO StandaloneAppClient$ClientEndpoint: Connecting to master spark://spark-master:7077...
[2024-10-11T11:52:54.928+0000] {spark_submit.py:649} INFO - 24/10/11 11:52:54 INFO TransportClientFactory: Successfully created connection to spark-master/172.24.0.2:7077 after 19 ms (0 ms spent in bootstraps)
[2024-10-11T11:52:55.110+0000] {spark_submit.py:649} INFO - 24/10/11 11:52:55 INFO StandaloneSchedulerBackend: Connected to Spark cluster with app ID app-20241011115255-0006
[2024-10-11T11:52:55.117+0000] {spark_submit.py:649} INFO - 24/10/11 11:52:55 INFO Utils: Successfully started service 'org.apache.spark.network.netty.NettyBlockTransferService' on port 35957.
[2024-10-11T11:52:55.117+0000] {spark_submit.py:649} INFO - 24/10/11 11:52:55 INFO NettyBlockTransferService: Server created on yellow-cab-airflow-scheduler:35957
[2024-10-11T11:52:55.119+0000] {spark_submit.py:649} INFO - 24/10/11 11:52:55 INFO BlockManager: Using org.apache.spark.storage.RandomBlockReplicationPolicy for block replication policy
[2024-10-11T11:52:55.120+0000] {spark_submit.py:649} INFO - 24/10/11 11:52:55 INFO StandaloneAppClient$ClientEndpoint: Executor added: app-20241011115255-0006/0 on worker-20241011080942-172.24.0.3-37269 (172.24.0.3:37269) with 4 core(s)
[2024-10-11T11:52:55.122+0000] {spark_submit.py:649} INFO - 24/10/11 11:52:55 INFO StandaloneSchedulerBackend: Granted executor ID app-20241011115255-0006/0 on hostPort 172.24.0.3:37269 with 4 core(s), 1024.0 MiB RAM
[2024-10-11T11:52:55.125+0000] {spark_submit.py:649} INFO - 24/10/11 11:52:55 INFO BlockManagerMaster: Registering BlockManager BlockManagerId(driver, yellow-cab-airflow-scheduler, 35957, None)
[2024-10-11T11:52:55.128+0000] {spark_submit.py:649} INFO - 24/10/11 11:52:55 INFO BlockManagerMasterEndpoint: Registering block manager yellow-cab-airflow-scheduler:35957 with 434.4 MiB RAM, BlockManagerId(driver, yellow-cab-airflow-scheduler, 35957, None)
[2024-10-11T11:52:55.129+0000] {spark_submit.py:649} INFO - 24/10/11 11:52:55 INFO BlockManagerMaster: Registered BlockManager BlockManagerId(driver, yellow-cab-airflow-scheduler, 35957, None)
[2024-10-11T11:52:55.130+0000] {spark_submit.py:649} INFO - 24/10/11 11:52:55 INFO BlockManager: Initialized BlockManager: BlockManagerId(driver, yellow-cab-airflow-scheduler, 35957, None)
[2024-10-11T11:52:55.351+0000] {spark_submit.py:649} INFO - 24/10/11 11:52:55 INFO StandaloneSchedulerBackend: SchedulerBackend is ready for scheduling beginning after reached minRegisteredResourcesRatio: 0.0
[2024-10-11T11:52:55.434+0000] {spark_submit.py:649} INFO - 24/10/11 11:52:55 INFO StandaloneAppClient$ClientEndpoint: Executor updated: app-20241011115255-0006/0 is now RUNNING
[2024-10-11T11:52:55.576+0000] {spark_submit.py:649} INFO - /spark-scripts/taxi_etl.py:28: DeprecationWarning: Call to deprecated function registerAll (Deprecated since 1.4.1, use SedonaContext.create() instead.).
[2024-10-11T11:52:55.577+0000] {spark_submit.py:649} INFO - SedonaRegistrator.registerAll(spark)
[2024-10-11T11:52:55.581+0000] {spark_submit.py:649} INFO - 24/10/11 11:52:55 INFO SharedState: Setting hive.metastore.warehouse.dir ('null') to the value of spark.sql.warehouse.dir.
[2024-10-11T11:52:55.584+0000] {spark_submit.py:649} INFO - 24/10/11 11:52:55 INFO SharedState: Warehouse path is 'file:/opt/airflow/spark-warehouse'.
[2024-10-11T11:52:58.066+0000] {spark_submit.py:649} INFO - 24/10/11 11:52:58 INFO CodeGenerator: Code generated in 78.523167 ms
[2024-10-11T11:52:58.128+0000] {spark_submit.py:649} INFO - 24/10/11 11:52:58 INFO DAGScheduler: Registering RDD 2 (count at NativeMethodAccessorImpl.java:0) as input to shuffle 0
[2024-10-11T11:52:58.132+0000] {spark_submit.py:649} INFO - 24/10/11 11:52:58 INFO DAGScheduler: Got map stage job 0 (count at NativeMethodAccessorImpl.java:0) with 1 output partitions
[2024-10-11T11:52:58.132+0000] {spark_submit.py:649} INFO - 24/10/11 11:52:58 INFO DAGScheduler: Final stage: ShuffleMapStage 0 (count at NativeMethodAccessorImpl.java:0)
[2024-10-11T11:52:58.132+0000] {spark_submit.py:649} INFO - 24/10/11 11:52:58 INFO DAGScheduler: Parents of final stage: List()
[2024-10-11T11:52:58.133+0000] {spark_submit.py:649} INFO - 24/10/11 11:52:58 INFO DAGScheduler: Missing parents: List()
[2024-10-11T11:52:58.135+0000] {spark_submit.py:649} INFO - 24/10/11 11:52:58 INFO DAGScheduler: Submitting ShuffleMapStage 0 (MapPartitionsRDD[2] at count at NativeMethodAccessorImpl.java:0), which has no missing parents
[2024-10-11T11:52:58.200+0000] {spark_submit.py:649} INFO - 24/10/11 11:52:58 INFO CoarseGrainedSchedulerBackend$DriverEndpoint: Registered executor NettyRpcEndpointRef(spark-client://Executor) (172.24.0.3:59366) with ID 0,  ResourceProfileId 0
[2024-10-11T11:52:58.209+0000] {spark_submit.py:649} INFO - 24/10/11 11:52:58 INFO MemoryStore: Block broadcast_0 stored as values in memory (estimated size 10.7 KiB, free 434.4 MiB)
[2024-10-11T11:52:58.235+0000] {spark_submit.py:649} INFO - 24/10/11 11:52:58 INFO MemoryStore: Block broadcast_0_piece0 stored as bytes in memory (estimated size 5.5 KiB, free 434.4 MiB)
[2024-10-11T11:52:58.238+0000] {spark_submit.py:649} INFO - 24/10/11 11:52:58 INFO BlockManagerInfo: Added broadcast_0_piece0 in memory on yellow-cab-airflow-scheduler:35957 (size: 5.5 KiB, free: 434.4 MiB)
[2024-10-11T11:52:58.246+0000] {spark_submit.py:649} INFO - 24/10/11 11:52:58 INFO SparkContext: Created broadcast 0 from broadcast at DAGScheduler.scala:1513
[2024-10-11T11:52:58.268+0000] {spark_submit.py:649} INFO - 24/10/11 11:52:58 INFO DAGScheduler: Submitting 1 missing tasks from ShuffleMapStage 0 (MapPartitionsRDD[2] at count at NativeMethodAccessorImpl.java:0) (first 15 tasks are for partitions Vector(0))
[2024-10-11T11:52:58.269+0000] {spark_submit.py:649} INFO - 24/10/11 11:52:58 INFO BlockManagerMasterEndpoint: Registering block manager 172.24.0.3:34341 with 434.4 MiB RAM, BlockManagerId(0, 172.24.0.3, 34341, None)
[2024-10-11T11:52:58.270+0000] {spark_submit.py:649} INFO - 24/10/11 11:52:58 INFO TaskSchedulerImpl: Adding task set 0.0 with 1 tasks resource profile 0
[2024-10-11T11:52:59.338+0000] {spark_submit.py:649} INFO - 24/10/11 11:52:59 INFO TaskSetManager: Starting task 0.0 in stage 0.0 (TID 0) (172.24.0.3, executor 0, partition 0, PROCESS_LOCAL, 4654 bytes) taskResourceAssignments Map()
[2024-10-11T11:52:59.865+0000] {spark_submit.py:649} INFO - 24/10/11 11:52:59 INFO BlockManagerInfo: Added broadcast_0_piece0 in memory on 172.24.0.3:34341 (size: 5.5 KiB, free: 434.4 MiB)
[2024-10-11T11:53:00.769+0000] {spark_submit.py:649} INFO - 24/10/11 11:53:00 INFO TaskSetManager: Finished task 0.0 in stage 0.0 (TID 0) in 1440 ms on 172.24.0.3 (executor 0) (1/1)
[2024-10-11T11:53:00.773+0000] {spark_submit.py:649} INFO - 24/10/11 11:53:00 INFO TaskSchedulerImpl: Removed TaskSet 0.0, whose tasks have all completed, from pool
[2024-10-11T11:53:00.832+0000] {spark_submit.py:649} INFO - 24/10/11 11:53:00 INFO DAGScheduler: ShuffleMapStage 0 (count at NativeMethodAccessorImpl.java:0) finished in 2.674 s
[2024-10-11T11:53:00.839+0000] {spark_submit.py:649} INFO - 24/10/11 11:53:00 INFO DAGScheduler: looking for newly runnable stages
[2024-10-11T11:53:00.847+0000] {spark_submit.py:649} INFO - 24/10/11 11:53:00 INFO DAGScheduler: running: Set()
[2024-10-11T11:53:00.848+0000] {spark_submit.py:649} INFO - 24/10/11 11:53:00 INFO DAGScheduler: waiting: Set()
[2024-10-11T11:53:00.849+0000] {spark_submit.py:649} INFO - 24/10/11 11:53:00 INFO DAGScheduler: failed: Set()
[2024-10-11T11:53:01.061+0000] {spark_submit.py:649} INFO - 24/10/11 11:53:01 INFO CodeGenerator: Code generated in 38.267167 ms
[2024-10-11T11:53:01.110+0000] {spark_submit.py:649} INFO - 24/10/11 11:53:01 INFO SparkContext: Starting job: count at NativeMethodAccessorImpl.java:0
[2024-10-11T11:53:01.113+0000] {spark_submit.py:649} INFO - 24/10/11 11:53:01 INFO DAGScheduler: Got job 1 (count at NativeMethodAccessorImpl.java:0) with 1 output partitions
[2024-10-11T11:53:01.114+0000] {spark_submit.py:649} INFO - 24/10/11 11:53:01 INFO DAGScheduler: Final stage: ResultStage 2 (count at NativeMethodAccessorImpl.java:0)
[2024-10-11T11:53:01.114+0000] {spark_submit.py:649} INFO - 24/10/11 11:53:01 INFO DAGScheduler: Parents of final stage: List(ShuffleMapStage 1)
[2024-10-11T11:53:01.114+0000] {spark_submit.py:649} INFO - 24/10/11 11:53:01 INFO DAGScheduler: Missing parents: List()
[2024-10-11T11:53:01.115+0000] {spark_submit.py:649} INFO - 24/10/11 11:53:01 INFO DAGScheduler: Submitting ResultStage 2 (MapPartitionsRDD[5] at count at NativeMethodAccessorImpl.java:0), which has no missing parents
[2024-10-11T11:53:01.123+0000] {spark_submit.py:649} INFO - 24/10/11 11:53:01 INFO MemoryStore: Block broadcast_1 stored as values in memory (estimated size 11.1 KiB, free 434.4 MiB)
[2024-10-11T11:53:01.150+0000] {spark_submit.py:649} INFO - 24/10/11 11:53:01 INFO MemoryStore: Block broadcast_1_piece0 stored as bytes in memory (estimated size 5.5 KiB, free 434.4 MiB)
[2024-10-11T11:53:01.153+0000] {spark_submit.py:649} INFO - 24/10/11 11:53:01 INFO BlockManagerInfo: Added broadcast_1_piece0 in memory on yellow-cab-airflow-scheduler:35957 (size: 5.5 KiB, free: 434.4 MiB)
[2024-10-11T11:53:01.154+0000] {spark_submit.py:649} INFO - 24/10/11 11:53:01 INFO SparkContext: Created broadcast 1 from broadcast at DAGScheduler.scala:1513
[2024-10-11T11:53:01.156+0000] {spark_submit.py:649} INFO - 24/10/11 11:53:01 INFO DAGScheduler: Submitting 1 missing tasks from ResultStage 2 (MapPartitionsRDD[5] at count at NativeMethodAccessorImpl.java:0) (first 15 tasks are for partitions Vector(0))
[2024-10-11T11:53:01.157+0000] {spark_submit.py:649} INFO - 24/10/11 11:53:01 INFO TaskSchedulerImpl: Adding task set 2.0 with 1 tasks resource profile 0
[2024-10-11T11:53:01.162+0000] {spark_submit.py:649} INFO - 24/10/11 11:53:01 INFO TaskSetManager: Starting task 0.0 in stage 2.0 (TID 1) (172.24.0.3, executor 0, partition 0, NODE_LOCAL, 4457 bytes) taskResourceAssignments Map()
[2024-10-11T11:53:01.189+0000] {spark_submit.py:649} INFO - 24/10/11 11:53:01 INFO BlockManagerInfo: Removed broadcast_0_piece0 on yellow-cab-airflow-scheduler:35957 in memory (size: 5.5 KiB, free: 434.4 MiB)
[2024-10-11T11:53:01.197+0000] {spark_submit.py:649} INFO - 24/10/11 11:53:01 INFO BlockManagerInfo: Removed broadcast_0_piece0 on 172.24.0.3:34341 in memory (size: 5.5 KiB, free: 434.4 MiB)
[2024-10-11T11:53:01.209+0000] {spark_submit.py:649} INFO - 24/10/11 11:53:01 INFO BlockManagerInfo: Added broadcast_1_piece0 in memory on 172.24.0.3:34341 (size: 5.5 KiB, free: 434.4 MiB)
[2024-10-11T11:53:01.333+0000] {spark_submit.py:649} INFO - 24/10/11 11:53:01 INFO MapOutputTrackerMasterEndpoint: Asked to send map output locations for shuffle 0 to 172.24.0.3:59366
[2024-10-11T11:53:01.493+0000] {spark_submit.py:649} INFO - 24/10/11 11:53:01 INFO TaskSetManager: Finished task 0.0 in stage 2.0 (TID 1) in 333 ms on 172.24.0.3 (executor 0) (1/1)
[2024-10-11T11:53:01.494+0000] {spark_submit.py:649} INFO - 24/10/11 11:53:01 INFO TaskSchedulerImpl: Removed TaskSet 2.0, whose tasks have all completed, from pool
[2024-10-11T11:53:01.494+0000] {spark_submit.py:649} INFO - 24/10/11 11:53:01 INFO DAGScheduler: ResultStage 2 (count at NativeMethodAccessorImpl.java:0) finished in 0.374 s
[2024-10-11T11:53:01.495+0000] {spark_submit.py:649} INFO - 24/10/11 11:53:01 INFO DAGScheduler: Job 1 is finished. Cancelling potential speculative or zombie tasks for this job
[2024-10-11T11:53:01.496+0000] {spark_submit.py:649} INFO - 24/10/11 11:53:01 INFO TaskSchedulerImpl: Killing all running tasks in stage 2: Stage finished
[2024-10-11T11:53:01.497+0000] {spark_submit.py:649} INFO - 24/10/11 11:53:01 INFO DAGScheduler: Job 1 finished: count at NativeMethodAccessorImpl.java:0, took 0.386147 s
[2024-10-11T11:53:01.861+0000] {spark_submit.py:649} INFO - 24/10/11 11:53:01 INFO InMemoryFileIndex: It took 12 ms to list leaf files for 1 paths.
[2024-10-11T11:53:01.913+0000] {spark_submit.py:649} INFO - 24/10/11 11:53:01 INFO InMemoryFileIndex: It took 2 ms to list leaf files for 1 paths.
[2024-10-11T11:53:02.108+0000] {spark_submit.py:649} INFO - 24/10/11 11:53:02 INFO FileSourceStrategy: Pushed Filters:
[2024-10-11T11:53:02.108+0000] {spark_submit.py:649} INFO - 24/10/11 11:53:02 INFO FileSourceStrategy: Post-Scan Filters: (length(trim(value#14, None)) > 0)
[2024-10-11T11:53:02.109+0000] {spark_submit.py:649} INFO - 24/10/11 11:53:02 INFO FileSourceStrategy: Output Data Schema: struct<value: string>
[2024-10-11T11:53:02.137+0000] {spark_submit.py:649} INFO - 24/10/11 11:53:02 INFO CodeGenerator: Code generated in 10.996084 ms
[2024-10-11T11:53:02.150+0000] {spark_submit.py:649} INFO - 24/10/11 11:53:02 INFO MemoryStore: Block broadcast_2 stored as values in memory (estimated size 204.4 KiB, free 434.2 MiB)
[2024-10-11T11:53:02.168+0000] {spark_submit.py:649} INFO - 24/10/11 11:53:02 INFO BlockManagerInfo: Removed broadcast_1_piece0 on yellow-cab-airflow-scheduler:35957 in memory (size: 5.5 KiB, free: 434.4 MiB)
[2024-10-11T11:53:02.172+0000] {spark_submit.py:649} INFO - 24/10/11 11:53:02 INFO BlockManagerInfo: Removed broadcast_1_piece0 on 172.24.0.3:34341 in memory (size: 5.5 KiB, free: 434.4 MiB)
[2024-10-11T11:53:02.173+0000] {spark_submit.py:649} INFO - 24/10/11 11:53:02 INFO MemoryStore: Block broadcast_2_piece0 stored as bytes in memory (estimated size 35.4 KiB, free 434.2 MiB)
[2024-10-11T11:53:02.174+0000] {spark_submit.py:649} INFO - 24/10/11 11:53:02 INFO BlockManagerInfo: Added broadcast_2_piece0 in memory on yellow-cab-airflow-scheduler:35957 (size: 35.4 KiB, free: 434.4 MiB)
[2024-10-11T11:53:02.175+0000] {spark_submit.py:649} INFO - 24/10/11 11:53:02 INFO SparkContext: Created broadcast 2 from csv at NativeMethodAccessorImpl.java:0
[2024-10-11T11:53:02.182+0000] {spark_submit.py:649} INFO - 24/10/11 11:53:02 INFO FileSourceScanExec: Planning scan with bin packing, max size: 4194304 bytes, open cost is considered as scanning 4194304 bytes.
[2024-10-11T11:53:02.208+0000] {spark_submit.py:649} INFO - 24/10/11 11:53:02 INFO SparkContext: Starting job: csv at NativeMethodAccessorImpl.java:0
[2024-10-11T11:53:02.209+0000] {spark_submit.py:649} INFO - 24/10/11 11:53:02 INFO DAGScheduler: Got job 2 (csv at NativeMethodAccessorImpl.java:0) with 1 output partitions
[2024-10-11T11:53:02.209+0000] {spark_submit.py:649} INFO - 24/10/11 11:53:02 INFO DAGScheduler: Final stage: ResultStage 3 (csv at NativeMethodAccessorImpl.java:0)
[2024-10-11T11:53:02.209+0000] {spark_submit.py:649} INFO - 24/10/11 11:53:02 INFO DAGScheduler: Parents of final stage: List()
[2024-10-11T11:53:02.210+0000] {spark_submit.py:649} INFO - 24/10/11 11:53:02 INFO DAGScheduler: Missing parents: List()
[2024-10-11T11:53:02.210+0000] {spark_submit.py:649} INFO - 24/10/11 11:53:02 INFO DAGScheduler: Submitting ResultStage 3 (MapPartitionsRDD[9] at csv at NativeMethodAccessorImpl.java:0), which has no missing parents
[2024-10-11T11:53:02.218+0000] {spark_submit.py:649} INFO - 24/10/11 11:53:02 INFO MemoryStore: Block broadcast_3 stored as values in memory (estimated size 11.8 KiB, free 434.2 MiB)
[2024-10-11T11:53:02.225+0000] {spark_submit.py:649} INFO - 24/10/11 11:53:02 INFO MemoryStore: Block broadcast_3_piece0 stored as bytes in memory (estimated size 5.9 KiB, free 434.1 MiB)
[2024-10-11T11:53:02.225+0000] {spark_submit.py:649} INFO - 24/10/11 11:53:02 INFO BlockManagerInfo: Added broadcast_3_piece0 in memory on yellow-cab-airflow-scheduler:35957 (size: 5.9 KiB, free: 434.4 MiB)
[2024-10-11T11:53:02.226+0000] {spark_submit.py:649} INFO - 24/10/11 11:53:02 INFO SparkContext: Created broadcast 3 from broadcast at DAGScheduler.scala:1513
[2024-10-11T11:53:02.226+0000] {spark_submit.py:649} INFO - 24/10/11 11:53:02 INFO DAGScheduler: Submitting 1 missing tasks from ResultStage 3 (MapPartitionsRDD[9] at csv at NativeMethodAccessorImpl.java:0) (first 15 tasks are for partitions Vector(0))
[2024-10-11T11:53:02.226+0000] {spark_submit.py:649} INFO - 24/10/11 11:53:02 INFO TaskSchedulerImpl: Adding task set 3.0 with 1 tasks resource profile 0
[2024-10-11T11:53:02.229+0000] {spark_submit.py:649} INFO - 24/10/11 11:53:02 INFO TaskSetManager: Starting task 0.0 in stage 3.0 (TID 2) (172.24.0.3, executor 0, partition 0, PROCESS_LOCAL, 4915 bytes) taskResourceAssignments Map()
[2024-10-11T11:53:02.245+0000] {spark_submit.py:649} INFO - 24/10/11 11:53:02 INFO BlockManagerInfo: Added broadcast_3_piece0 in memory on 172.24.0.3:34341 (size: 5.9 KiB, free: 434.4 MiB)
[2024-10-11T11:53:02.349+0000] {spark_submit.py:649} INFO - 24/10/11 11:53:02 INFO BlockManagerInfo: Added broadcast_2_piece0 in memory on 172.24.0.3:34341 (size: 35.4 KiB, free: 434.4 MiB)
[2024-10-11T11:53:02.543+0000] {spark_submit.py:649} INFO - 24/10/11 11:53:02 INFO TaskSetManager: Finished task 0.0 in stage 3.0 (TID 2) in 315 ms on 172.24.0.3 (executor 0) (1/1)
[2024-10-11T11:53:02.545+0000] {spark_submit.py:649} INFO - 24/10/11 11:53:02 INFO TaskSchedulerImpl: Removed TaskSet 3.0, whose tasks have all completed, from pool
[2024-10-11T11:53:02.551+0000] {spark_submit.py:649} INFO - 24/10/11 11:53:02 INFO DAGScheduler: ResultStage 3 (csv at NativeMethodAccessorImpl.java:0) finished in 0.334 s
[2024-10-11T11:53:02.571+0000] {spark_submit.py:649} INFO - 24/10/11 11:53:02 INFO DAGScheduler: Job 2 is finished. Cancelling potential speculative or zombie tasks for this job
[2024-10-11T11:53:02.573+0000] {spark_submit.py:649} INFO - 24/10/11 11:53:02 INFO TaskSchedulerImpl: Killing all running tasks in stage 3: Stage finished
[2024-10-11T11:53:02.576+0000] {spark_submit.py:649} INFO - 24/10/11 11:53:02 INFO DAGScheduler: Job 2 finished: csv at NativeMethodAccessorImpl.java:0, took 0.347842 s
[2024-10-11T11:53:02.599+0000] {spark_submit.py:649} INFO - 24/10/11 11:53:02 INFO CodeGenerator: Code generated in 8.079042 ms
[2024-10-11T11:53:02.635+0000] {spark_submit.py:649} INFO - 24/10/11 11:53:02 INFO BlockManagerInfo: Removed broadcast_3_piece0 on yellow-cab-airflow-scheduler:35957 in memory (size: 5.9 KiB, free: 434.4 MiB)
[2024-10-11T11:53:02.639+0000] {spark_submit.py:649} INFO - 24/10/11 11:53:02 INFO BlockManagerInfo: Removed broadcast_3_piece0 on 172.24.0.3:34341 in memory (size: 5.9 KiB, free: 434.4 MiB)
[2024-10-11T11:53:02.648+0000] {spark_submit.py:649} INFO - 24/10/11 11:53:02 INFO FileSourceStrategy: Pushed Filters:
[2024-10-11T11:53:02.649+0000] {spark_submit.py:649} INFO - 24/10/11 11:53:02 INFO FileSourceStrategy: Post-Scan Filters:
[2024-10-11T11:53:02.649+0000] {spark_submit.py:649} INFO - 24/10/11 11:53:02 INFO FileSourceStrategy: Output Data Schema: struct<value: string>
[2024-10-11T11:53:02.653+0000] {spark_submit.py:649} INFO - 24/10/11 11:53:02 INFO MemoryStore: Block broadcast_4 stored as values in memory (estimated size 204.4 KiB, free 434.0 MiB)
[2024-10-11T11:53:02.662+0000] {spark_submit.py:649} INFO - 24/10/11 11:53:02 INFO BlockManagerInfo: Removed broadcast_2_piece0 on yellow-cab-airflow-scheduler:35957 in memory (size: 35.4 KiB, free: 434.4 MiB)
[2024-10-11T11:53:02.666+0000] {spark_submit.py:649} INFO - 24/10/11 11:53:02 INFO BlockManagerInfo: Removed broadcast_2_piece0 on 172.24.0.3:34341 in memory (size: 35.4 KiB, free: 434.4 MiB)
[2024-10-11T11:53:02.666+0000] {spark_submit.py:649} INFO - 24/10/11 11:53:02 INFO MemoryStore: Block broadcast_4_piece0 stored as bytes in memory (estimated size 35.4 KiB, free 434.2 MiB)
[2024-10-11T11:53:02.667+0000] {spark_submit.py:649} INFO - 24/10/11 11:53:02 INFO BlockManagerInfo: Added broadcast_4_piece0 in memory on yellow-cab-airflow-scheduler:35957 (size: 35.4 KiB, free: 434.4 MiB)
[2024-10-11T11:53:02.667+0000] {spark_submit.py:649} INFO - 24/10/11 11:53:02 INFO SparkContext: Created broadcast 4 from csv at NativeMethodAccessorImpl.java:0
[2024-10-11T11:53:02.668+0000] {spark_submit.py:649} INFO - 24/10/11 11:53:02 INFO FileSourceScanExec: Planning scan with bin packing, max size: 4194304 bytes, open cost is considered as scanning 4194304 bytes.
[2024-10-11T11:53:02.730+0000] {spark_submit.py:649} INFO - 24/10/11 11:53:02 INFO SparkContext: Starting job: csv at NativeMethodAccessorImpl.java:0
[2024-10-11T11:53:02.731+0000] {spark_submit.py:649} INFO - 24/10/11 11:53:02 INFO DAGScheduler: Got job 3 (csv at NativeMethodAccessorImpl.java:0) with 2 output partitions
[2024-10-11T11:53:02.731+0000] {spark_submit.py:649} INFO - 24/10/11 11:53:02 INFO DAGScheduler: Final stage: ResultStage 4 (csv at NativeMethodAccessorImpl.java:0)
[2024-10-11T11:53:02.731+0000] {spark_submit.py:649} INFO - 24/10/11 11:53:02 INFO DAGScheduler: Parents of final stage: List()
[2024-10-11T11:53:02.732+0000] {spark_submit.py:649} INFO - 24/10/11 11:53:02 INFO DAGScheduler: Missing parents: List()
[2024-10-11T11:53:02.732+0000] {spark_submit.py:649} INFO - 24/10/11 11:53:02 INFO DAGScheduler: Submitting ResultStage 4 (MapPartitionsRDD[15] at csv at NativeMethodAccessorImpl.java:0), which has no missing parents
[2024-10-11T11:53:02.745+0000] {spark_submit.py:649} INFO - 24/10/11 11:53:02 INFO MemoryStore: Block broadcast_5 stored as values in memory (estimated size 28.5 KiB, free 434.1 MiB)
[2024-10-11T11:53:02.749+0000] {spark_submit.py:649} INFO - 24/10/11 11:53:02 INFO MemoryStore: Block broadcast_5_piece0 stored as bytes in memory (estimated size 12.6 KiB, free 434.1 MiB)
[2024-10-11T11:53:02.750+0000] {spark_submit.py:649} INFO - 24/10/11 11:53:02 INFO BlockManagerInfo: Added broadcast_5_piece0 in memory on yellow-cab-airflow-scheduler:35957 (size: 12.6 KiB, free: 434.4 MiB)
[2024-10-11T11:53:02.751+0000] {spark_submit.py:649} INFO - 24/10/11 11:53:02 INFO SparkContext: Created broadcast 5 from broadcast at DAGScheduler.scala:1513
[2024-10-11T11:53:02.751+0000] {spark_submit.py:649} INFO - 24/10/11 11:53:02 INFO DAGScheduler: Submitting 2 missing tasks from ResultStage 4 (MapPartitionsRDD[15] at csv at NativeMethodAccessorImpl.java:0) (first 15 tasks are for partitions Vector(0, 1))
[2024-10-11T11:53:02.752+0000] {spark_submit.py:649} INFO - 24/10/11 11:53:02 INFO TaskSchedulerImpl: Adding task set 4.0 with 2 tasks resource profile 0
[2024-10-11T11:53:02.753+0000] {spark_submit.py:649} INFO - 24/10/11 11:53:02 INFO TaskSetManager: Starting task 0.0 in stage 4.0 (TID 3) (172.24.0.3, executor 0, partition 0, PROCESS_LOCAL, 4915 bytes) taskResourceAssignments Map()
[2024-10-11T11:53:02.753+0000] {spark_submit.py:649} INFO - 24/10/11 11:53:02 INFO TaskSetManager: Starting task 1.0 in stage 4.0 (TID 4) (172.24.0.3, executor 0, partition 1, PROCESS_LOCAL, 4915 bytes) taskResourceAssignments Map()
[2024-10-11T11:53:02.781+0000] {spark_submit.py:649} INFO - 24/10/11 11:53:02 INFO BlockManagerInfo: Added broadcast_5_piece0 in memory on 172.24.0.3:34341 (size: 12.6 KiB, free: 434.4 MiB)
[2024-10-11T11:53:03.739+0000] {spark_submit.py:649} INFO - 24/10/11 11:53:03 INFO BlockManagerInfo: Added broadcast_4_piece0 in memory on 172.24.0.3:34341 (size: 35.4 KiB, free: 434.4 MiB)
[2024-10-11T11:53:04.380+0000] {spark_submit.py:649} INFO - 24/10/11 11:53:04 INFO TaskSetManager: Finished task 1.0 in stage 4.0 (TID 4) in 1626 ms on 172.24.0.3 (executor 0) (1/2)
[2024-10-11T11:53:04.381+0000] {spark_submit.py:649} INFO - 24/10/11 11:53:04 INFO TaskSetManager: Finished task 0.0 in stage 4.0 (TID 3) in 1628 ms on 172.24.0.3 (executor 0) (2/2)
[2024-10-11T11:53:04.381+0000] {spark_submit.py:649} INFO - 24/10/11 11:53:04 INFO TaskSchedulerImpl: Removed TaskSet 4.0, whose tasks have all completed, from pool
[2024-10-11T11:53:04.386+0000] {spark_submit.py:649} INFO - 24/10/11 11:53:04 INFO DAGScheduler: ResultStage 4 (csv at NativeMethodAccessorImpl.java:0) finished in 1.652 s
[2024-10-11T11:53:04.387+0000] {spark_submit.py:649} INFO - 24/10/11 11:53:04 INFO DAGScheduler: Job 3 is finished. Cancelling potential speculative or zombie tasks for this job
[2024-10-11T11:53:04.387+0000] {spark_submit.py:649} INFO - 24/10/11 11:53:04 INFO TaskSchedulerImpl: Killing all running tasks in stage 4: Stage finished
[2024-10-11T11:53:04.388+0000] {spark_submit.py:649} INFO - 24/10/11 11:53:04 INFO DAGScheduler: Job 3 finished: csv at NativeMethodAccessorImpl.java:0, took 1.656889 s
[2024-10-11T11:53:05.968+0000] {spark_submit.py:649} INFO - 24/10/11 11:53:05 INFO FileSourceStrategy: Pushed Filters:
[2024-10-11T11:53:05.969+0000] {spark_submit.py:649} INFO - 24/10/11 11:53:05 INFO FileSourceStrategy: Post-Scan Filters: atleastnnonnulls(4, tpep_pickup_datetime#32, tpep_dropoff_datetime#33, pickup_longitude#36, pickup_latitude#37)
[2024-10-11T11:53:05.969+0000] {spark_submit.py:649} INFO - 24/10/11 11:53:05 INFO FileSourceStrategy: Output Data Schema: struct<VendorID: int, tpep_pickup_datetime: timestamp, tpep_dropoff_datetime: timestamp, passenger_count: int, trip_distance: double ... 17 more fields>
[2024-10-11T11:53:06.052+0000] {spark_submit.py:649} INFO - 24/10/11 11:53:06 INFO CodeGenerator: Code generated in 50.325625 ms
[2024-10-11T11:53:06.056+0000] {spark_submit.py:649} INFO - 24/10/11 11:53:06 INFO MemoryStore: Block broadcast_6 stored as values in memory (estimated size 204.3 KiB, free 433.9 MiB)
[2024-10-11T11:53:06.077+0000] {spark_submit.py:649} INFO - 24/10/11 11:53:06 INFO BlockManagerInfo: Removed broadcast_4_piece0 on yellow-cab-airflow-scheduler:35957 in memory (size: 35.4 KiB, free: 434.4 MiB)
[2024-10-11T11:53:06.082+0000] {spark_submit.py:649} INFO - 24/10/11 11:53:06 INFO MemoryStore: Block broadcast_6_piece0 stored as bytes in memory (estimated size 35.3 KiB, free 434.1 MiB)
[2024-10-11T11:53:06.085+0000] {spark_submit.py:649} INFO - 24/10/11 11:53:06 INFO BlockManagerInfo: Added broadcast_6_piece0 in memory on yellow-cab-airflow-scheduler:35957 (size: 35.3 KiB, free: 434.4 MiB)
[2024-10-11T11:53:06.087+0000] {spark_submit.py:649} INFO - 24/10/11 11:53:06 INFO SparkContext: Created broadcast 6 from toPandas at /spark-scripts/taxi_etl.py:118
[2024-10-11T11:53:06.099+0000] {spark_submit.py:649} INFO - 24/10/11 11:53:06 INFO FileSourceScanExec: Planning scan with bin packing, max size: 4194304 bytes, open cost is considered as scanning 4194304 bytes.
[2024-10-11T11:53:06.104+0000] {spark_submit.py:649} INFO - 24/10/11 11:53:06 INFO BlockManagerInfo: Removed broadcast_4_piece0 on 172.24.0.3:34341 in memory (size: 35.4 KiB, free: 434.4 MiB)
[2024-10-11T11:53:06.129+0000] {spark_submit.py:649} INFO - 24/10/11 11:53:06 INFO BlockManagerInfo: Removed broadcast_5_piece0 on yellow-cab-airflow-scheduler:35957 in memory (size: 12.6 KiB, free: 434.4 MiB)
[2024-10-11T11:53:06.139+0000] {spark_submit.py:649} INFO - 24/10/11 11:53:06 INFO BlockManagerInfo: Removed broadcast_5_piece0 on 172.24.0.3:34341 in memory (size: 12.6 KiB, free: 434.4 MiB)
[2024-10-11T11:53:06.143+0000] {spark_submit.py:649} INFO - 24/10/11 11:53:06 INFO SparkContext: Starting job: toPandas at /spark-scripts/taxi_etl.py:118
[2024-10-11T11:53:06.145+0000] {spark_submit.py:649} INFO - 24/10/11 11:53:06 INFO DAGScheduler: Got job 4 (toPandas at /spark-scripts/taxi_etl.py:118) with 2 output partitions
[2024-10-11T11:53:06.146+0000] {spark_submit.py:649} INFO - 24/10/11 11:53:06 INFO DAGScheduler: Final stage: ResultStage 5 (toPandas at /spark-scripts/taxi_etl.py:118)
[2024-10-11T11:53:06.146+0000] {spark_submit.py:649} INFO - 24/10/11 11:53:06 INFO DAGScheduler: Parents of final stage: List()
[2024-10-11T11:53:06.147+0000] {spark_submit.py:649} INFO - 24/10/11 11:53:06 INFO DAGScheduler: Missing parents: List()
[2024-10-11T11:53:06.148+0000] {spark_submit.py:649} INFO - 24/10/11 11:53:06 INFO DAGScheduler: Submitting ResultStage 5 (MapPartitionsRDD[19] at toPandas at /spark-scripts/taxi_etl.py:118), which has no missing parents
[2024-10-11T11:53:06.149+0000] {spark_submit.py:649} INFO - 24/10/11 11:53:06 INFO MemoryStore: Block broadcast_7 stored as values in memory (estimated size 21.5 KiB, free 434.1 MiB)
[2024-10-11T11:53:06.150+0000] {spark_submit.py:649} INFO - 24/10/11 11:53:06 INFO MemoryStore: Block broadcast_7_piece0 stored as bytes in memory (estimated size 8.9 KiB, free 434.1 MiB)
[2024-10-11T11:53:06.151+0000] {spark_submit.py:649} INFO - 24/10/11 11:53:06 INFO BlockManagerInfo: Added broadcast_7_piece0 in memory on yellow-cab-airflow-scheduler:35957 (size: 8.9 KiB, free: 434.4 MiB)
[2024-10-11T11:53:06.152+0000] {spark_submit.py:649} INFO - 24/10/11 11:53:06 INFO SparkContext: Created broadcast 7 from broadcast at DAGScheduler.scala:1513
[2024-10-11T11:53:06.153+0000] {spark_submit.py:649} INFO - 24/10/11 11:53:06 INFO DAGScheduler: Submitting 2 missing tasks from ResultStage 5 (MapPartitionsRDD[19] at toPandas at /spark-scripts/taxi_etl.py:118) (first 15 tasks are for partitions Vector(0, 1))
[2024-10-11T11:53:06.153+0000] {spark_submit.py:649} INFO - 24/10/11 11:53:06 INFO TaskSchedulerImpl: Adding task set 5.0 with 2 tasks resource profile 0
[2024-10-11T11:53:06.158+0000] {spark_submit.py:649} INFO - 24/10/11 11:53:06 INFO TaskSetManager: Starting task 0.0 in stage 5.0 (TID 5) (172.24.0.3, executor 0, partition 0, PROCESS_LOCAL, 4915 bytes) taskResourceAssignments Map()
[2024-10-11T11:53:06.161+0000] {spark_submit.py:649} INFO - 24/10/11 11:53:06 INFO TaskSetManager: Starting task 1.0 in stage 5.0 (TID 6) (172.24.0.3, executor 0, partition 1, PROCESS_LOCAL, 4915 bytes) taskResourceAssignments Map()
[2024-10-11T11:53:06.196+0000] {spark_submit.py:649} INFO - 24/10/11 11:53:06 INFO BlockManagerInfo: Added broadcast_7_piece0 in memory on 172.24.0.3:34341 (size: 8.9 KiB, free: 434.4 MiB)
[2024-10-11T11:53:06.390+0000] {spark_submit.py:649} INFO - 24/10/11 11:53:06 INFO BlockManagerInfo: Added broadcast_6_piece0 in memory on 172.24.0.3:34341 (size: 35.3 KiB, free: 434.4 MiB)
[2024-10-11T11:53:06.990+0000] {spark_submit.py:649} INFO - 24/10/11 11:53:06 INFO BlockManagerInfo: Added taskresult_6 in memory on 172.24.0.3:34341 (size: 1407.1 KiB, free: 433.0 MiB)
[2024-10-11T11:53:07.027+0000] {spark_submit.py:649} INFO - 24/10/11 11:53:07 INFO TransportClientFactory: Successfully created connection to /172.24.0.3:34341 after 3 ms (0 ms spent in bootstraps)
[2024-10-11T11:53:07.044+0000] {spark_submit.py:649} INFO - 24/10/11 11:53:07 INFO BlockManagerInfo: Added taskresult_5 in memory on 172.24.0.3:34341 (size: 1606.9 KiB, free: 431.4 MiB)
[2024-10-11T11:53:07.224+0000] {spark_submit.py:649} INFO - 24/10/11 11:53:07 INFO TaskSetManager: Finished task 1.0 in stage 5.0 (TID 6) in 1067 ms on 172.24.0.3 (executor 0) (1/2)
[2024-10-11T11:53:07.226+0000] {spark_submit.py:649} INFO - 24/10/11 11:53:07 INFO TaskSetManager: Finished task 0.0 in stage 5.0 (TID 5) in 1069 ms on 172.24.0.3 (executor 0) (2/2)
[2024-10-11T11:53:07.227+0000] {spark_submit.py:649} INFO - 24/10/11 11:53:07 INFO TaskSchedulerImpl: Removed TaskSet 5.0, whose tasks have all completed, from pool
[2024-10-11T11:53:07.228+0000] {spark_submit.py:649} INFO - 24/10/11 11:53:07 INFO DAGScheduler: ResultStage 5 (toPandas at /spark-scripts/taxi_etl.py:118) finished in 1.086 s
[2024-10-11T11:53:07.229+0000] {spark_submit.py:649} INFO - 24/10/11 11:53:07 INFO DAGScheduler: Job 4 is finished. Cancelling potential speculative or zombie tasks for this job
[2024-10-11T11:53:07.230+0000] {spark_submit.py:649} INFO - 24/10/11 11:53:07 INFO TaskSchedulerImpl: Killing all running tasks in stage 5: Stage finished
[2024-10-11T11:53:07.230+0000] {spark_submit.py:649} INFO - 24/10/11 11:53:07 INFO DAGScheduler: Job 4 finished: toPandas at /spark-scripts/taxi_etl.py:118, took 1.095265 s
[2024-10-11T11:53:07.233+0000] {spark_submit.py:649} INFO - 24/10/11 11:53:07 INFO BlockManagerInfo: Removed taskresult_6 on 172.24.0.3:34341 in memory (size: 1407.1 KiB, free: 432.8 MiB)
[2024-10-11T11:53:07.234+0000] {spark_submit.py:649} INFO - 24/10/11 11:53:07 INFO BlockManagerInfo: Removed taskresult_5 on 172.24.0.3:34341 in memory (size: 1606.9 KiB, free: 434.4 MiB)
[2024-10-11T11:53:07.569+0000] {spark_submit.py:649} INFO - 24/10/11 11:53:07 INFO BlockManagerInfo: Removed broadcast_7_piece0 on yellow-cab-airflow-scheduler:35957 in memory (size: 8.9 KiB, free: 434.4 MiB)
[2024-10-11T11:53:07.575+0000] {spark_submit.py:649} INFO - 24/10/11 11:53:07 INFO BlockManagerInfo: Removed broadcast_7_piece0 on 172.24.0.3:34341 in memory (size: 8.9 KiB, free: 434.4 MiB)
[2024-10-11T11:53:08.455+0000] {spark_submit.py:649} INFO - Traceback (most recent call last):
[2024-10-11T11:53:08.456+0000] {spark_submit.py:649} INFO - File "/spark-scripts/taxi_etl.py", line 139, in <module>
[2024-10-11T11:53:08.457+0000] {spark_submit.py:649} INFO - main()
[2024-10-11T11:53:08.457+0000] {spark_submit.py:649} INFO - File "/spark-scripts/taxi_etl.py", line 118, in main
[2024-10-11T11:53:08.458+0000] {spark_submit.py:649} INFO - dim_vendor_write = client.load_table_from_dataframe(df.toPandas(), f"{PROJECT_ID}.{DATASET_ID}.dim_vendor", job_config=job_config)
[2024-10-11T11:53:08.459+0000] {spark_submit.py:649} INFO - File "/home/airflow/.local/lib/python3.9/site-packages/pyspark/python/lib/pyspark.zip/pyspark/sql/pandas/conversion.py", line 248, in toPandas
[2024-10-11T11:53:08.460+0000] {spark_submit.py:649} INFO - File "/home/airflow/.local/lib/python3.9/site-packages/pandas/core/generic.py", line 6534, in astype
[2024-10-11T11:53:08.460+0000] {spark_submit.py:649} INFO - new_data = self._mgr.astype(dtype=dtype, copy=copy, errors=errors)
[2024-10-11T11:53:08.460+0000] {spark_submit.py:649} INFO - File "/home/airflow/.local/lib/python3.9/site-packages/pandas/core/internals/managers.py", line 414, in astype
[2024-10-11T11:53:08.461+0000] {spark_submit.py:649} INFO - return self.apply(
[2024-10-11T11:53:08.462+0000] {spark_submit.py:649} INFO - File "/home/airflow/.local/lib/python3.9/site-packages/pandas/core/internals/managers.py", line 354, in apply
[2024-10-11T11:53:08.463+0000] {spark_submit.py:649} INFO - applied = getattr(b, f)(**kwargs)
[2024-10-11T11:53:08.465+0000] {spark_submit.py:649} INFO - File "/home/airflow/.local/lib/python3.9/site-packages/pandas/core/internals/blocks.py", line 616, in astype
[2024-10-11T11:53:08.466+0000] {spark_submit.py:649} INFO - new_values = astype_array_safe(values, dtype, copy=copy, errors=errors)
[2024-10-11T11:53:08.467+0000] {spark_submit.py:649} INFO - File "/home/airflow/.local/lib/python3.9/site-packages/pandas/core/dtypes/astype.py", line 238, in astype_array_safe
[2024-10-11T11:53:08.467+0000] {spark_submit.py:649} INFO - new_values = astype_array(values, dtype, copy=copy)
[2024-10-11T11:53:08.467+0000] {spark_submit.py:649} INFO - File "/home/airflow/.local/lib/python3.9/site-packages/pandas/core/dtypes/astype.py", line 180, in astype_array
[2024-10-11T11:53:08.467+0000] {spark_submit.py:649} INFO - values = values.astype(dtype, copy=copy)
[2024-10-11T11:53:08.467+0000] {spark_submit.py:649} INFO - File "/home/airflow/.local/lib/python3.9/site-packages/pandas/core/arrays/datetimes.py", line 720, in astype
[2024-10-11T11:53:08.467+0000] {spark_submit.py:649} INFO - raise TypeError(
[2024-10-11T11:53:08.468+0000] {spark_submit.py:649} INFO - TypeError: Casting to unit-less dtype 'datetime64' is not supported. Pass e.g. 'datetime64[ns]' instead.
[2024-10-11T11:53:08.744+0000] {spark_submit.py:649} INFO - 24/10/11 11:53:08 INFO SparkContext: Invoking stop() from shutdown hook
[2024-10-11T11:53:08.760+0000] {spark_submit.py:649} INFO - 24/10/11 11:53:08 INFO SparkUI: Stopped Spark web UI at http://yellow-cab-airflow-scheduler:4040
[2024-10-11T11:53:08.762+0000] {spark_submit.py:649} INFO - 24/10/11 11:53:08 INFO StandaloneSchedulerBackend: Shutting down all executors
[2024-10-11T11:53:08.763+0000] {spark_submit.py:649} INFO - 24/10/11 11:53:08 INFO CoarseGrainedSchedulerBackend$DriverEndpoint: Asking each executor to shut down
[2024-10-11T11:53:08.833+0000] {spark_submit.py:649} INFO - 24/10/11 11:53:08 INFO MapOutputTrackerMasterEndpoint: MapOutputTrackerMasterEndpoint stopped!
[2024-10-11T11:53:08.924+0000] {spark_submit.py:649} INFO - 24/10/11 11:53:08 INFO MemoryStore: MemoryStore cleared
[2024-10-11T11:53:08.927+0000] {spark_submit.py:649} INFO - 24/10/11 11:53:08 INFO BlockManager: BlockManager stopped
[2024-10-11T11:53:08.929+0000] {spark_submit.py:649} INFO - 24/10/11 11:53:08 INFO BlockManagerMaster: BlockManagerMaster stopped
[2024-10-11T11:53:08.934+0000] {spark_submit.py:649} INFO - 24/10/11 11:53:08 INFO OutputCommitCoordinator$OutputCommitCoordinatorEndpoint: OutputCommitCoordinator stopped!
[2024-10-11T11:53:08.980+0000] {spark_submit.py:649} INFO - 24/10/11 11:53:08 INFO SparkContext: Successfully stopped SparkContext
[2024-10-11T11:53:08.982+0000] {spark_submit.py:649} INFO - 24/10/11 11:53:08 INFO ShutdownHookManager: Shutdown hook called
[2024-10-11T11:53:08.983+0000] {spark_submit.py:649} INFO - 24/10/11 11:53:08 INFO ShutdownHookManager: Deleting directory /tmp/spark-1e9b48a0-1443-49bd-8835-b80f868a3289/pyspark-77c8d179-cbb2-4650-a359-61367f7a48cd
[2024-10-11T11:53:08.994+0000] {spark_submit.py:649} INFO - 24/10/11 11:53:08 INFO ShutdownHookManager: Deleting directory /tmp/spark-7bf7afca-d623-4fe7-a913-64ed8700ae0e
[2024-10-11T11:53:09.007+0000] {spark_submit.py:649} INFO - 24/10/11 11:53:09 INFO ShutdownHookManager: Deleting directory /tmp/spark-1e9b48a0-1443-49bd-8835-b80f868a3289
[2024-10-11T11:53:09.092+0000] {taskinstance.py:441} INFO - ::group::Post task execution logs
[2024-10-11T11:53:09.125+0000] {taskinstance.py:2905} ERROR - Task failed with exception
Traceback (most recent call last):
  File "/home/airflow/.local/lib/python3.9/site-packages/airflow/models/taskinstance.py", line 465, in _execute_task
    result = _execute_callable(context=context, **execute_callable_kwargs)
  File "/home/airflow/.local/lib/python3.9/site-packages/airflow/models/taskinstance.py", line 432, in _execute_callable
    return execute_callable(context=context, **execute_callable_kwargs)
  File "/home/airflow/.local/lib/python3.9/site-packages/airflow/models/baseoperator.py", line 400, in wrapper
    return func(self, *args, **kwargs)
  File "/home/airflow/.local/lib/python3.9/site-packages/airflow/providers/apache/spark/operators/spark_submit.py", line 176, in execute
    self._hook.submit(self.application)
  File "/home/airflow/.local/lib/python3.9/site-packages/airflow/providers/apache/spark/hooks/spark_submit.py", line 575, in submit
    raise AirflowException(
airflow.exceptions.AirflowException: Cannot execute: spark-submit --master spark://spark-master:7077 --conf spark.jars.packages=org.apache.sedona:sedona-python-adapter-3.0_2.12:1.2.0-incubating,org.datasyslab:geotools-wrapper:geotools-24.0 --conf spark.jars.repositories=https://repo1.maven.org/maven2/ --name arrow-spark --deploy-mode client /spark-scripts/taxi_etl.py. Error code is: 1.
[2024-10-11T11:53:09.131+0000] {taskinstance.py:1206} INFO - Marking task as FAILED. dag_id=etl_yellow_cab, task_id=etl_task, run_id=manual__2024-10-11T07:14:16.194830+00:00, execution_date=20241011T071416, start_date=20241011T115200, end_date=20241011T115309
[2024-10-11T11:53:09.150+0000] {standard_task_runner.py:110} ERROR - Failed to execute job 32 for task etl_task (Cannot execute: spark-submit --master spark://spark-master:7077 --conf spark.jars.packages=org.apache.sedona:sedona-python-adapter-3.0_2.12:1.2.0-incubating,org.datasyslab:geotools-wrapper:geotools-24.0 --conf spark.jars.repositories=https://repo1.maven.org/maven2/ --name arrow-spark --deploy-mode client /spark-scripts/taxi_etl.py. Error code is: 1.; 216)
[2024-10-11T11:53:09.165+0000] {local_task_job_runner.py:240} INFO - Task exited with return code 1
[2024-10-11T11:53:09.230+0000] {taskinstance.py:3498} INFO - 0 downstream tasks scheduled from follow-on schedule check
[2024-10-11T11:53:09.231+0000] {local_task_job_runner.py:222} INFO - ::endgroup::
