[2024-10-11T13:32:59.515+0000] {local_task_job_runner.py:120} INFO - ::group::Pre task execution logs
[2024-10-11T13:32:59.544+0000] {taskinstance.py:2076} INFO - Dependencies all met for dep_context=non-requeueable deps ti=<TaskInstance: etl_yellow_cab.etl_task manual__2024-10-11T07:14:16.194830+00:00 [queued]>
[2024-10-11T13:32:59.550+0000] {taskinstance.py:2076} INFO - Dependencies all met for dep_context=requeueable deps ti=<TaskInstance: etl_yellow_cab.etl_task manual__2024-10-11T07:14:16.194830+00:00 [queued]>
[2024-10-11T13:32:59.551+0000] {taskinstance.py:2306} INFO - Starting attempt 28 of 28
[2024-10-11T13:32:59.560+0000] {taskinstance.py:2330} INFO - Executing <Task(SparkSubmitOperator): etl_task> on 2024-10-11 07:14:16.194830+00:00
[2024-10-11T13:32:59.566+0000] {standard_task_runner.py:63} INFO - Started process 1514 to run task
[2024-10-11T13:32:59.573+0000] {standard_task_runner.py:90} INFO - Running: ['airflow', 'tasks', 'run', 'etl_yellow_cab', 'etl_task', 'manual__2024-10-11T07:14:16.194830+00:00', '--job-id', '49', '--raw', '--subdir', 'DAGS_FOLDER/yellow-cab-batch.py', '--cfg-path', '/tmp/tmpkfvdc1ro']
[2024-10-11T13:32:59.577+0000] {standard_task_runner.py:91} INFO - Job 49: Subtask etl_task
[2024-10-11T13:32:59.600+0000] {logging_mixin.py:188} WARNING - /home/airflow/.local/lib/python3.9/site-packages/airflow/settings.py:195 DeprecationWarning: The sql_alchemy_conn option in [core] has been moved to the sql_alchemy_conn option in [database] - the old setting has been used, but please update your config.
[2024-10-11T13:32:59.637+0000] {task_command.py:426} INFO - Running <TaskInstance: etl_yellow_cab.etl_task manual__2024-10-11T07:14:16.194830+00:00 [running]> on host yellow-cab-airflow-scheduler
[2024-10-11T13:32:59.705+0000] {taskinstance.py:2648} INFO - Exporting env vars: AIRFLOW_CTX_DAG_OWNER='hafidz' AIRFLOW_CTX_DAG_ID='etl_yellow_cab' AIRFLOW_CTX_TASK_ID='etl_task' AIRFLOW_CTX_EXECUTION_DATE='2024-10-11T07:14:16.194830+00:00' AIRFLOW_CTX_TRY_NUMBER='28' AIRFLOW_CTX_DAG_RUN_ID='manual__2024-10-11T07:14:16.194830+00:00'
[2024-10-11T13:32:59.706+0000] {taskinstance.py:430} INFO - ::endgroup::
[2024-10-11T13:32:59.729+0000] {base.py:84} INFO - Using connection ID 'spark_main' for task execution.
[2024-10-11T13:32:59.730+0000] {spark_submit.py:473} INFO - Spark-Submit cmd: spark-submit --master spark://spark-master:7077 --conf spark.jars.packages=org.apache.sedona:sedona-python-adapter-3.0_2.12:1.2.0-incubating,org.datasyslab:geotools-wrapper:geotools-24.0 --conf spark.jars.repositories=https://repo1.maven.org/maven2/ --name arrow-spark --deploy-mode client /spark-scripts/taxi_etl.py
[2024-10-11T13:33:00.713+0000] {spark_submit.py:649} INFO - https://repo1.maven.org/maven2/ added as a remote repository with the name: repo-1
[2024-10-11T13:33:00.731+0000] {spark_submit.py:649} INFO - :: loading settings :: url = jar:file:/home/airflow/.local/lib/python3.9/site-packages/pyspark/jars/ivy-2.5.1.jar!/org/apache/ivy/core/settings/ivysettings.xml
[2024-10-11T13:33:00.783+0000] {spark_submit.py:649} INFO - Ivy Default Cache set to: /home/airflow/.ivy2/cache
[2024-10-11T13:33:00.784+0000] {spark_submit.py:649} INFO - The jars for the packages stored in: /home/airflow/.ivy2/jars
[2024-10-11T13:33:00.786+0000] {spark_submit.py:649} INFO - org.apache.sedona#sedona-python-adapter-3.0_2.12 added as a dependency
[2024-10-11T13:33:00.786+0000] {spark_submit.py:649} INFO - org.datasyslab#geotools-wrapper added as a dependency
[2024-10-11T13:33:00.786+0000] {spark_submit.py:649} INFO - :: resolving dependencies :: org.apache.spark#spark-submit-parent-6e0a1e59-30f2-4d5e-bc34-2087936e37cb;1.0
[2024-10-11T13:33:00.787+0000] {spark_submit.py:649} INFO - confs: [default]
[2024-10-11T13:33:00.911+0000] {spark_submit.py:649} INFO - found org.apache.sedona#sedona-python-adapter-3.0_2.12;1.2.0-incubating in central
[2024-10-11T13:33:00.934+0000] {spark_submit.py:649} INFO - found org.locationtech.jts#jts-core;1.18.0 in central
[2024-10-11T13:33:00.950+0000] {spark_submit.py:649} INFO - found org.wololo#jts2geojson;0.16.1 in central
[2024-10-11T13:33:00.967+0000] {spark_submit.py:649} INFO - found org.apache.sedona#sedona-core-3.0_2.12;1.2.0-incubating in central
[2024-10-11T13:33:00.980+0000] {spark_submit.py:649} INFO - found org.scala-lang.modules#scala-collection-compat_2.12;2.5.0 in central
[2024-10-11T13:33:00.995+0000] {spark_submit.py:649} INFO - found org.apache.sedona#sedona-sql-3.0_2.12;1.2.0-incubating in central
[2024-10-11T13:33:01.008+0000] {spark_submit.py:649} INFO - found org.datasyslab#geotools-wrapper;geotools-24.0 in central
[2024-10-11T13:33:01.022+0000] {spark_submit.py:649} INFO - :: resolution report :: resolve 229ms :: artifacts dl 7ms
[2024-10-11T13:33:01.023+0000] {spark_submit.py:649} INFO - :: modules in use:
[2024-10-11T13:33:01.023+0000] {spark_submit.py:649} INFO - org.apache.sedona#sedona-core-3.0_2.12;1.2.0-incubating from central in [default]
[2024-10-11T13:33:01.023+0000] {spark_submit.py:649} INFO - org.apache.sedona#sedona-python-adapter-3.0_2.12;1.2.0-incubating from central in [default]
[2024-10-11T13:33:01.023+0000] {spark_submit.py:649} INFO - org.apache.sedona#sedona-sql-3.0_2.12;1.2.0-incubating from central in [default]
[2024-10-11T13:33:01.023+0000] {spark_submit.py:649} INFO - org.datasyslab#geotools-wrapper;geotools-24.0 from central in [default]
[2024-10-11T13:33:01.024+0000] {spark_submit.py:649} INFO - org.locationtech.jts#jts-core;1.18.0 from central in [default]
[2024-10-11T13:33:01.024+0000] {spark_submit.py:649} INFO - org.scala-lang.modules#scala-collection-compat_2.12;2.5.0 from central in [default]
[2024-10-11T13:33:01.024+0000] {spark_submit.py:649} INFO - org.wololo#jts2geojson;0.16.1 from central in [default]
[2024-10-11T13:33:01.024+0000] {spark_submit.py:649} INFO - ---------------------------------------------------------------------
[2024-10-11T13:33:01.024+0000] {spark_submit.py:649} INFO - |                  |            modules            ||   artifacts   |
[2024-10-11T13:33:01.025+0000] {spark_submit.py:649} INFO - |       conf       | number| search|dwnlded|evicted|| number|dwnlded|
[2024-10-11T13:33:01.025+0000] {spark_submit.py:649} INFO - ---------------------------------------------------------------------
[2024-10-11T13:33:01.025+0000] {spark_submit.py:649} INFO - |      default     |   7   |   0   |   0   |   0   ||   7   |   0   |
[2024-10-11T13:33:01.025+0000] {spark_submit.py:649} INFO - ---------------------------------------------------------------------
[2024-10-11T13:33:01.027+0000] {spark_submit.py:649} INFO - :: retrieving :: org.apache.spark#spark-submit-parent-6e0a1e59-30f2-4d5e-bc34-2087936e37cb
[2024-10-11T13:33:01.027+0000] {spark_submit.py:649} INFO - confs: [default]
[2024-10-11T13:33:01.031+0000] {spark_submit.py:649} INFO - 0 artifacts copied, 7 already retrieved (0kB/4ms)
[2024-10-11T13:33:01.153+0000] {spark_submit.py:649} INFO - 24/10/11 13:33:01 WARN NativeCodeLoader: Unable to load native-hadoop library for your platform... using builtin-java classes where applicable
[2024-10-11T13:33:02.805+0000] {spark_submit.py:649} INFO - 24/10/11 13:33:02 INFO SparkContext: Running Spark version 3.3.2
[2024-10-11T13:33:02.819+0000] {spark_submit.py:649} INFO - 24/10/11 13:33:02 INFO ResourceUtils: ==============================================================
[2024-10-11T13:33:02.821+0000] {spark_submit.py:649} INFO - 24/10/11 13:33:02 INFO ResourceUtils: No custom resources configured for spark.driver.
[2024-10-11T13:33:02.822+0000] {spark_submit.py:649} INFO - 24/10/11 13:33:02 INFO ResourceUtils: ==============================================================
[2024-10-11T13:33:02.822+0000] {spark_submit.py:649} INFO - 24/10/11 13:33:02 INFO SparkContext: Submitted application: BigQueryETL
[2024-10-11T13:33:02.831+0000] {spark_submit.py:649} INFO - 24/10/11 13:33:02 INFO ResourceProfile: Default ResourceProfile created, executor resources: Map(cores -> name: cores, amount: 1, script: , vendor: , memory -> name: memory, amount: 1024, script: , vendor: , offHeap -> name: offHeap, amount: 0, script: , vendor: ), task resources: Map(cpus -> name: cpus, amount: 1.0)
[2024-10-11T13:33:02.836+0000] {spark_submit.py:649} INFO - 24/10/11 13:33:02 INFO ResourceProfile: Limiting resource is cpu
[2024-10-11T13:33:02.837+0000] {spark_submit.py:649} INFO - 24/10/11 13:33:02 INFO ResourceProfileManager: Added ResourceProfile id: 0
[2024-10-11T13:33:02.891+0000] {spark_submit.py:649} INFO - 24/10/11 13:33:02 INFO SecurityManager: Changing view acls to: airflow
[2024-10-11T13:33:02.892+0000] {spark_submit.py:649} INFO - 24/10/11 13:33:02 INFO SecurityManager: Changing modify acls to: airflow
[2024-10-11T13:33:02.892+0000] {spark_submit.py:649} INFO - 24/10/11 13:33:02 INFO SecurityManager: Changing view acls groups to:
[2024-10-11T13:33:02.892+0000] {spark_submit.py:649} INFO - 24/10/11 13:33:02 INFO SecurityManager: Changing modify acls groups to:
[2024-10-11T13:33:02.892+0000] {spark_submit.py:649} INFO - 24/10/11 13:33:02 INFO SecurityManager: SecurityManager: authentication disabled; ui acls disabled; users  with view permissions: Set(airflow); groups with view permissions: Set(); users  with modify permissions: Set(airflow); groups with modify permissions: Set()
[2024-10-11T13:33:03.051+0000] {spark_submit.py:649} INFO - 24/10/11 13:33:03 INFO Utils: Successfully started service 'sparkDriver' on port 40697.
[2024-10-11T13:33:03.066+0000] {spark_submit.py:649} INFO - 24/10/11 13:33:03 INFO SparkEnv: Registering MapOutputTracker
[2024-10-11T13:33:03.086+0000] {spark_submit.py:649} INFO - 24/10/11 13:33:03 INFO SparkEnv: Registering BlockManagerMaster
[2024-10-11T13:33:03.113+0000] {spark_submit.py:649} INFO - 24/10/11 13:33:03 INFO BlockManagerMasterEndpoint: Using org.apache.spark.storage.DefaultTopologyMapper for getting topology information
[2024-10-11T13:33:03.114+0000] {spark_submit.py:649} INFO - 24/10/11 13:33:03 INFO BlockManagerMasterEndpoint: BlockManagerMasterEndpoint up
[2024-10-11T13:33:03.116+0000] {spark_submit.py:649} INFO - 24/10/11 13:33:03 INFO SparkEnv: Registering BlockManagerMasterHeartbeat
[2024-10-11T13:33:03.128+0000] {spark_submit.py:649} INFO - 24/10/11 13:33:03 INFO DiskBlockManager: Created local directory at /tmp/blockmgr-75b28067-fb33-4b63-b87b-ad72b45c29ce
[2024-10-11T13:33:03.138+0000] {spark_submit.py:649} INFO - 24/10/11 13:33:03 INFO MemoryStore: MemoryStore started with capacity 434.4 MiB
[2024-10-11T13:33:03.145+0000] {spark_submit.py:649} INFO - 24/10/11 13:33:03 INFO SparkEnv: Registering OutputCommitCoordinator
[2024-10-11T13:33:03.248+0000] {spark_submit.py:649} INFO - 24/10/11 13:33:03 INFO Utils: Successfully started service 'SparkUI' on port 4040.
[2024-10-11T13:33:03.270+0000] {spark_submit.py:649} INFO - 24/10/11 13:33:03 INFO SparkContext: Added JAR file:///home/airflow/.ivy2/jars/org.apache.sedona_sedona-python-adapter-3.0_2.12-1.2.0-incubating.jar at spark://yellow-cab-airflow-scheduler:40697/jars/org.apache.sedona_sedona-python-adapter-3.0_2.12-1.2.0-incubating.jar with timestamp 1728653582800
[2024-10-11T13:33:03.271+0000] {spark_submit.py:649} INFO - 24/10/11 13:33:03 INFO SparkContext: Added JAR file:///home/airflow/.ivy2/jars/org.datasyslab_geotools-wrapper-geotools-24.0.jar at spark://yellow-cab-airflow-scheduler:40697/jars/org.datasyslab_geotools-wrapper-geotools-24.0.jar with timestamp 1728653582800
[2024-10-11T13:33:03.271+0000] {spark_submit.py:649} INFO - 24/10/11 13:33:03 INFO SparkContext: Added JAR file:///home/airflow/.ivy2/jars/org.locationtech.jts_jts-core-1.18.0.jar at spark://yellow-cab-airflow-scheduler:40697/jars/org.locationtech.jts_jts-core-1.18.0.jar with timestamp 1728653582800
[2024-10-11T13:33:03.271+0000] {spark_submit.py:649} INFO - 24/10/11 13:33:03 INFO SparkContext: Added JAR file:///home/airflow/.ivy2/jars/org.wololo_jts2geojson-0.16.1.jar at spark://yellow-cab-airflow-scheduler:40697/jars/org.wololo_jts2geojson-0.16.1.jar with timestamp 1728653582800
[2024-10-11T13:33:03.271+0000] {spark_submit.py:649} INFO - 24/10/11 13:33:03 INFO SparkContext: Added JAR file:///home/airflow/.ivy2/jars/org.apache.sedona_sedona-core-3.0_2.12-1.2.0-incubating.jar at spark://yellow-cab-airflow-scheduler:40697/jars/org.apache.sedona_sedona-core-3.0_2.12-1.2.0-incubating.jar with timestamp 1728653582800
[2024-10-11T13:33:03.272+0000] {spark_submit.py:649} INFO - 24/10/11 13:33:03 INFO SparkContext: Added JAR file:///home/airflow/.ivy2/jars/org.apache.sedona_sedona-sql-3.0_2.12-1.2.0-incubating.jar at spark://yellow-cab-airflow-scheduler:40697/jars/org.apache.sedona_sedona-sql-3.0_2.12-1.2.0-incubating.jar with timestamp 1728653582800
[2024-10-11T13:33:03.272+0000] {spark_submit.py:649} INFO - 24/10/11 13:33:03 INFO SparkContext: Added JAR file:///home/airflow/.ivy2/jars/org.scala-lang.modules_scala-collection-compat_2.12-2.5.0.jar at spark://yellow-cab-airflow-scheduler:40697/jars/org.scala-lang.modules_scala-collection-compat_2.12-2.5.0.jar with timestamp 1728653582800
[2024-10-11T13:33:03.273+0000] {spark_submit.py:649} INFO - 24/10/11 13:33:03 INFO SparkContext: Added file file:///home/airflow/.ivy2/jars/org.apache.sedona_sedona-python-adapter-3.0_2.12-1.2.0-incubating.jar at spark://yellow-cab-airflow-scheduler:40697/files/org.apache.sedona_sedona-python-adapter-3.0_2.12-1.2.0-incubating.jar with timestamp 1728653582800
[2024-10-11T13:33:03.274+0000] {spark_submit.py:649} INFO - 24/10/11 13:33:03 INFO Utils: Copying /home/airflow/.ivy2/jars/org.apache.sedona_sedona-python-adapter-3.0_2.12-1.2.0-incubating.jar to /tmp/spark-14e9e567-6bd1-4de9-b327-6dd95bdcc279/userFiles-8a5dc020-4135-43fe-a308-d74ac9fcae31/org.apache.sedona_sedona-python-adapter-3.0_2.12-1.2.0-incubating.jar
[2024-10-11T13:33:03.299+0000] {spark_submit.py:649} INFO - 24/10/11 13:33:03 INFO SparkContext: Added file file:///home/airflow/.ivy2/jars/org.datasyslab_geotools-wrapper-geotools-24.0.jar at spark://yellow-cab-airflow-scheduler:40697/files/org.datasyslab_geotools-wrapper-geotools-24.0.jar with timestamp 1728653582800
[2024-10-11T13:33:03.299+0000] {spark_submit.py:649} INFO - 24/10/11 13:33:03 INFO Utils: Copying /home/airflow/.ivy2/jars/org.datasyslab_geotools-wrapper-geotools-24.0.jar to /tmp/spark-14e9e567-6bd1-4de9-b327-6dd95bdcc279/userFiles-8a5dc020-4135-43fe-a308-d74ac9fcae31/org.datasyslab_geotools-wrapper-geotools-24.0.jar
[2024-10-11T13:33:03.357+0000] {spark_submit.py:649} INFO - 24/10/11 13:33:03 INFO SparkContext: Added file file:///home/airflow/.ivy2/jars/org.locationtech.jts_jts-core-1.18.0.jar at spark://yellow-cab-airflow-scheduler:40697/files/org.locationtech.jts_jts-core-1.18.0.jar with timestamp 1728653582800
[2024-10-11T13:33:03.358+0000] {spark_submit.py:649} INFO - 24/10/11 13:33:03 INFO Utils: Copying /home/airflow/.ivy2/jars/org.locationtech.jts_jts-core-1.18.0.jar to /tmp/spark-14e9e567-6bd1-4de9-b327-6dd95bdcc279/userFiles-8a5dc020-4135-43fe-a308-d74ac9fcae31/org.locationtech.jts_jts-core-1.18.0.jar
[2024-10-11T13:33:03.370+0000] {spark_submit.py:649} INFO - 24/10/11 13:33:03 INFO SparkContext: Added file file:///home/airflow/.ivy2/jars/org.wololo_jts2geojson-0.16.1.jar at spark://yellow-cab-airflow-scheduler:40697/files/org.wololo_jts2geojson-0.16.1.jar with timestamp 1728653582800
[2024-10-11T13:33:03.370+0000] {spark_submit.py:649} INFO - 24/10/11 13:33:03 INFO Utils: Copying /home/airflow/.ivy2/jars/org.wololo_jts2geojson-0.16.1.jar to /tmp/spark-14e9e567-6bd1-4de9-b327-6dd95bdcc279/userFiles-8a5dc020-4135-43fe-a308-d74ac9fcae31/org.wololo_jts2geojson-0.16.1.jar
[2024-10-11T13:33:03.380+0000] {spark_submit.py:649} INFO - 24/10/11 13:33:03 INFO SparkContext: Added file file:///home/airflow/.ivy2/jars/org.apache.sedona_sedona-core-3.0_2.12-1.2.0-incubating.jar at spark://yellow-cab-airflow-scheduler:40697/files/org.apache.sedona_sedona-core-3.0_2.12-1.2.0-incubating.jar with timestamp 1728653582800
[2024-10-11T13:33:03.380+0000] {spark_submit.py:649} INFO - 24/10/11 13:33:03 INFO Utils: Copying /home/airflow/.ivy2/jars/org.apache.sedona_sedona-core-3.0_2.12-1.2.0-incubating.jar to /tmp/spark-14e9e567-6bd1-4de9-b327-6dd95bdcc279/userFiles-8a5dc020-4135-43fe-a308-d74ac9fcae31/org.apache.sedona_sedona-core-3.0_2.12-1.2.0-incubating.jar
[2024-10-11T13:33:03.409+0000] {spark_submit.py:649} INFO - 24/10/11 13:33:03 INFO SparkContext: Added file file:///home/airflow/.ivy2/jars/org.apache.sedona_sedona-sql-3.0_2.12-1.2.0-incubating.jar at spark://yellow-cab-airflow-scheduler:40697/files/org.apache.sedona_sedona-sql-3.0_2.12-1.2.0-incubating.jar with timestamp 1728653582800
[2024-10-11T13:33:03.409+0000] {spark_submit.py:649} INFO - 24/10/11 13:33:03 INFO Utils: Copying /home/airflow/.ivy2/jars/org.apache.sedona_sedona-sql-3.0_2.12-1.2.0-incubating.jar to /tmp/spark-14e9e567-6bd1-4de9-b327-6dd95bdcc279/userFiles-8a5dc020-4135-43fe-a308-d74ac9fcae31/org.apache.sedona_sedona-sql-3.0_2.12-1.2.0-incubating.jar
[2024-10-11T13:33:03.422+0000] {spark_submit.py:649} INFO - 24/10/11 13:33:03 INFO SparkContext: Added file file:///home/airflow/.ivy2/jars/org.scala-lang.modules_scala-collection-compat_2.12-2.5.0.jar at spark://yellow-cab-airflow-scheduler:40697/files/org.scala-lang.modules_scala-collection-compat_2.12-2.5.0.jar with timestamp 1728653582800
[2024-10-11T13:33:03.422+0000] {spark_submit.py:649} INFO - 24/10/11 13:33:03 INFO Utils: Copying /home/airflow/.ivy2/jars/org.scala-lang.modules_scala-collection-compat_2.12-2.5.0.jar to /tmp/spark-14e9e567-6bd1-4de9-b327-6dd95bdcc279/userFiles-8a5dc020-4135-43fe-a308-d74ac9fcae31/org.scala-lang.modules_scala-collection-compat_2.12-2.5.0.jar
[2024-10-11T13:33:03.481+0000] {spark_submit.py:649} INFO - 24/10/11 13:33:03 INFO StandaloneAppClient$ClientEndpoint: Connecting to master spark://spark-master:7077...
[2024-10-11T13:33:03.512+0000] {spark_submit.py:649} INFO - 24/10/11 13:33:03 INFO TransportClientFactory: Successfully created connection to spark-master/172.24.0.2:7077 after 16 ms (0 ms spent in bootstraps)
[2024-10-11T13:33:03.631+0000] {spark_submit.py:649} INFO - 24/10/11 13:33:03 INFO StandaloneSchedulerBackend: Connected to Spark cluster with app ID app-20241011133303-0020
[2024-10-11T13:33:03.636+0000] {spark_submit.py:649} INFO - 24/10/11 13:33:03 INFO StandaloneAppClient$ClientEndpoint: Executor added: app-20241011133303-0020/0 on worker-20241011080942-172.24.0.3-37269 (172.24.0.3:37269) with 4 core(s)
[2024-10-11T13:33:03.636+0000] {spark_submit.py:649} INFO - 24/10/11 13:33:03 INFO StandaloneSchedulerBackend: Granted executor ID app-20241011133303-0020/0 on hostPort 172.24.0.3:37269 with 4 core(s), 1024.0 MiB RAM
[2024-10-11T13:33:03.637+0000] {spark_submit.py:649} INFO - 24/10/11 13:33:03 INFO Utils: Successfully started service 'org.apache.spark.network.netty.NettyBlockTransferService' on port 43903.
[2024-10-11T13:33:03.638+0000] {spark_submit.py:649} INFO - 24/10/11 13:33:03 INFO NettyBlockTransferService: Server created on yellow-cab-airflow-scheduler:43903
[2024-10-11T13:33:03.640+0000] {spark_submit.py:649} INFO - 24/10/11 13:33:03 INFO BlockManager: Using org.apache.spark.storage.RandomBlockReplicationPolicy for block replication policy
[2024-10-11T13:33:03.645+0000] {spark_submit.py:649} INFO - 24/10/11 13:33:03 INFO BlockManagerMaster: Registering BlockManager BlockManagerId(driver, yellow-cab-airflow-scheduler, 43903, None)
[2024-10-11T13:33:03.649+0000] {spark_submit.py:649} INFO - 24/10/11 13:33:03 INFO BlockManagerMasterEndpoint: Registering block manager yellow-cab-airflow-scheduler:43903 with 434.4 MiB RAM, BlockManagerId(driver, yellow-cab-airflow-scheduler, 43903, None)
[2024-10-11T13:33:03.652+0000] {spark_submit.py:649} INFO - 24/10/11 13:33:03 INFO BlockManagerMaster: Registered BlockManager BlockManagerId(driver, yellow-cab-airflow-scheduler, 43903, None)
[2024-10-11T13:33:03.653+0000] {spark_submit.py:649} INFO - 24/10/11 13:33:03 INFO BlockManager: Initialized BlockManager: BlockManagerId(driver, yellow-cab-airflow-scheduler, 43903, None)
[2024-10-11T13:33:03.725+0000] {spark_submit.py:649} INFO - 24/10/11 13:33:03 INFO StandaloneAppClient$ClientEndpoint: Executor updated: app-20241011133303-0020/0 is now RUNNING
[2024-10-11T13:33:03.836+0000] {spark_submit.py:649} INFO - 24/10/11 13:33:03 INFO StandaloneSchedulerBackend: SchedulerBackend is ready for scheduling beginning after reached minRegisteredResourcesRatio: 0.0
[2024-10-11T13:33:03.953+0000] {spark_submit.py:649} INFO - /spark-scripts/taxi_etl.py:28: DeprecationWarning: Call to deprecated function registerAll (Deprecated since 1.4.1, use SedonaContext.create() instead.).
[2024-10-11T13:33:03.954+0000] {spark_submit.py:649} INFO - SedonaRegistrator.registerAll(spark)
[2024-10-11T13:33:03.958+0000] {spark_submit.py:649} INFO - 24/10/11 13:33:03 INFO SharedState: Setting hive.metastore.warehouse.dir ('null') to the value of spark.sql.warehouse.dir.
[2024-10-11T13:33:03.960+0000] {spark_submit.py:649} INFO - 24/10/11 13:33:03 INFO SharedState: Warehouse path is 'file:/opt/airflow/spark-warehouse'.
[2024-10-11T13:33:05.509+0000] {spark_submit.py:649} INFO - 24/10/11 13:33:05 INFO CoarseGrainedSchedulerBackend$DriverEndpoint: Registered executor NettyRpcEndpointRef(spark-client://Executor) (172.24.0.3:58578) with ID 0,  ResourceProfileId 0
[2024-10-11T13:33:05.556+0000] {spark_submit.py:649} INFO - 24/10/11 13:33:05 INFO BlockManagerMasterEndpoint: Registering block manager 172.24.0.3:36791 with 434.4 MiB RAM, BlockManagerId(0, 172.24.0.3, 36791, None)
[2024-10-11T13:33:05.988+0000] {spark_submit.py:649} INFO - 24/10/11 13:33:05 INFO CodeGenerator: Code generated in 92.472583 ms
[2024-10-11T13:33:06.039+0000] {spark_submit.py:649} INFO - 24/10/11 13:33:06 INFO DAGScheduler: Registering RDD 2 (count at NativeMethodAccessorImpl.java:0) as input to shuffle 0
[2024-10-11T13:33:06.043+0000] {spark_submit.py:649} INFO - 24/10/11 13:33:06 INFO DAGScheduler: Got map stage job 0 (count at NativeMethodAccessorImpl.java:0) with 1 output partitions
[2024-10-11T13:33:06.043+0000] {spark_submit.py:649} INFO - 24/10/11 13:33:06 INFO DAGScheduler: Final stage: ShuffleMapStage 0 (count at NativeMethodAccessorImpl.java:0)
[2024-10-11T13:33:06.043+0000] {spark_submit.py:649} INFO - 24/10/11 13:33:06 INFO DAGScheduler: Parents of final stage: List()
[2024-10-11T13:33:06.044+0000] {spark_submit.py:649} INFO - 24/10/11 13:33:06 INFO DAGScheduler: Missing parents: List()
[2024-10-11T13:33:06.046+0000] {spark_submit.py:649} INFO - 24/10/11 13:33:06 INFO DAGScheduler: Submitting ShuffleMapStage 0 (MapPartitionsRDD[2] at count at NativeMethodAccessorImpl.java:0), which has no missing parents
[2024-10-11T13:33:06.128+0000] {spark_submit.py:649} INFO - 24/10/11 13:33:06 INFO MemoryStore: Block broadcast_0 stored as values in memory (estimated size 10.7 KiB, free 434.4 MiB)
[2024-10-11T13:33:06.149+0000] {spark_submit.py:649} INFO - 24/10/11 13:33:06 INFO MemoryStore: Block broadcast_0_piece0 stored as bytes in memory (estimated size 5.5 KiB, free 434.4 MiB)
[2024-10-11T13:33:06.152+0000] {spark_submit.py:649} INFO - 24/10/11 13:33:06 INFO BlockManagerInfo: Added broadcast_0_piece0 in memory on yellow-cab-airflow-scheduler:43903 (size: 5.5 KiB, free: 434.4 MiB)
[2024-10-11T13:33:06.154+0000] {spark_submit.py:649} INFO - 24/10/11 13:33:06 INFO SparkContext: Created broadcast 0 from broadcast at DAGScheduler.scala:1513
[2024-10-11T13:33:06.172+0000] {spark_submit.py:649} INFO - 24/10/11 13:33:06 INFO DAGScheduler: Submitting 1 missing tasks from ShuffleMapStage 0 (MapPartitionsRDD[2] at count at NativeMethodAccessorImpl.java:0) (first 15 tasks are for partitions Vector(0))
[2024-10-11T13:33:06.173+0000] {spark_submit.py:649} INFO - 24/10/11 13:33:06 INFO TaskSchedulerImpl: Adding task set 0.0 with 1 tasks resource profile 0
[2024-10-11T13:33:06.346+0000] {spark_submit.py:649} INFO - 24/10/11 13:33:06 INFO TaskSetManager: Starting task 0.0 in stage 0.0 (TID 0) (172.24.0.3, executor 0, partition 0, PROCESS_LOCAL, 4654 bytes) taskResourceAssignments Map()
[2024-10-11T13:33:06.539+0000] {spark_submit.py:649} INFO - 24/10/11 13:33:06 INFO BlockManagerInfo: Added broadcast_0_piece0 in memory on 172.24.0.3:36791 (size: 5.5 KiB, free: 434.4 MiB)
[2024-10-11T13:33:07.081+0000] {spark_submit.py:649} INFO - 24/10/11 13:33:07 INFO TaskSetManager: Finished task 0.0 in stage 0.0 (TID 0) in 739 ms on 172.24.0.3 (executor 0) (1/1)
[2024-10-11T13:33:07.085+0000] {spark_submit.py:649} INFO - 24/10/11 13:33:07 INFO TaskSchedulerImpl: Removed TaskSet 0.0, whose tasks have all completed, from pool
[2024-10-11T13:33:07.092+0000] {spark_submit.py:649} INFO - 24/10/11 13:33:07 INFO DAGScheduler: ShuffleMapStage 0 (count at NativeMethodAccessorImpl.java:0) finished in 1.037 s
[2024-10-11T13:33:07.092+0000] {spark_submit.py:649} INFO - 24/10/11 13:33:07 INFO DAGScheduler: looking for newly runnable stages
[2024-10-11T13:33:07.093+0000] {spark_submit.py:649} INFO - 24/10/11 13:33:07 INFO DAGScheduler: running: Set()
[2024-10-11T13:33:07.093+0000] {spark_submit.py:649} INFO - 24/10/11 13:33:07 INFO DAGScheduler: waiting: Set()
[2024-10-11T13:33:07.093+0000] {spark_submit.py:649} INFO - 24/10/11 13:33:07 INFO DAGScheduler: failed: Set()
[2024-10-11T13:33:07.132+0000] {spark_submit.py:649} INFO - 24/10/11 13:33:07 INFO CodeGenerator: Code generated in 14.440917 ms
[2024-10-11T13:33:07.169+0000] {spark_submit.py:649} INFO - 24/10/11 13:33:07 INFO SparkContext: Starting job: count at NativeMethodAccessorImpl.java:0
[2024-10-11T13:33:07.171+0000] {spark_submit.py:649} INFO - 24/10/11 13:33:07 INFO DAGScheduler: Got job 1 (count at NativeMethodAccessorImpl.java:0) with 1 output partitions
[2024-10-11T13:33:07.172+0000] {spark_submit.py:649} INFO - 24/10/11 13:33:07 INFO DAGScheduler: Final stage: ResultStage 2 (count at NativeMethodAccessorImpl.java:0)
[2024-10-11T13:33:07.172+0000] {spark_submit.py:649} INFO - 24/10/11 13:33:07 INFO DAGScheduler: Parents of final stage: List(ShuffleMapStage 1)
[2024-10-11T13:33:07.172+0000] {spark_submit.py:649} INFO - 24/10/11 13:33:07 INFO DAGScheduler: Missing parents: List()
[2024-10-11T13:33:07.173+0000] {spark_submit.py:649} INFO - 24/10/11 13:33:07 INFO DAGScheduler: Submitting ResultStage 2 (MapPartitionsRDD[5] at count at NativeMethodAccessorImpl.java:0), which has no missing parents
[2024-10-11T13:33:07.180+0000] {spark_submit.py:649} INFO - 24/10/11 13:33:07 INFO MemoryStore: Block broadcast_1 stored as values in memory (estimated size 11.1 KiB, free 434.4 MiB)
[2024-10-11T13:33:07.185+0000] {spark_submit.py:649} INFO - 24/10/11 13:33:07 INFO MemoryStore: Block broadcast_1_piece0 stored as bytes in memory (estimated size 5.5 KiB, free 434.4 MiB)
[2024-10-11T13:33:07.186+0000] {spark_submit.py:649} INFO - 24/10/11 13:33:07 INFO BlockManagerInfo: Added broadcast_1_piece0 in memory on yellow-cab-airflow-scheduler:43903 (size: 5.5 KiB, free: 434.4 MiB)
[2024-10-11T13:33:07.187+0000] {spark_submit.py:649} INFO - 24/10/11 13:33:07 INFO SparkContext: Created broadcast 1 from broadcast at DAGScheduler.scala:1513
[2024-10-11T13:33:07.189+0000] {spark_submit.py:649} INFO - 24/10/11 13:33:07 INFO DAGScheduler: Submitting 1 missing tasks from ResultStage 2 (MapPartitionsRDD[5] at count at NativeMethodAccessorImpl.java:0) (first 15 tasks are for partitions Vector(0))
[2024-10-11T13:33:07.189+0000] {spark_submit.py:649} INFO - 24/10/11 13:33:07 INFO TaskSchedulerImpl: Adding task set 2.0 with 1 tasks resource profile 0
[2024-10-11T13:33:07.195+0000] {spark_submit.py:649} INFO - 24/10/11 13:33:07 INFO TaskSetManager: Starting task 0.0 in stage 2.0 (TID 1) (172.24.0.3, executor 0, partition 0, NODE_LOCAL, 4457 bytes) taskResourceAssignments Map()
[2024-10-11T13:33:07.216+0000] {spark_submit.py:649} INFO - 24/10/11 13:33:07 INFO BlockManagerInfo: Added broadcast_1_piece0 in memory on 172.24.0.3:36791 (size: 5.5 KiB, free: 434.4 MiB)
[2024-10-11T13:33:07.267+0000] {spark_submit.py:649} INFO - 24/10/11 13:33:07 INFO MapOutputTrackerMasterEndpoint: Asked to send map output locations for shuffle 0 to 172.24.0.3:58578
[2024-10-11T13:33:07.372+0000] {spark_submit.py:649} INFO - 24/10/11 13:33:07 INFO TaskSetManager: Finished task 0.0 in stage 2.0 (TID 1) in 179 ms on 172.24.0.3 (executor 0) (1/1)
[2024-10-11T13:33:07.373+0000] {spark_submit.py:649} INFO - 24/10/11 13:33:07 INFO TaskSchedulerImpl: Removed TaskSet 2.0, whose tasks have all completed, from pool
[2024-10-11T13:33:07.373+0000] {spark_submit.py:649} INFO - 24/10/11 13:33:07 INFO DAGScheduler: ResultStage 2 (count at NativeMethodAccessorImpl.java:0) finished in 0.195 s
[2024-10-11T13:33:07.375+0000] {spark_submit.py:649} INFO - 24/10/11 13:33:07 INFO DAGScheduler: Job 1 is finished. Cancelling potential speculative or zombie tasks for this job
[2024-10-11T13:33:07.375+0000] {spark_submit.py:649} INFO - 24/10/11 13:33:07 INFO TaskSchedulerImpl: Killing all running tasks in stage 2: Stage finished
[2024-10-11T13:33:07.376+0000] {spark_submit.py:649} INFO - 24/10/11 13:33:07 INFO DAGScheduler: Job 1 finished: count at NativeMethodAccessorImpl.java:0, took 0.207427 s
[2024-10-11T13:33:07.611+0000] {spark_submit.py:649} INFO - 24/10/11 13:33:07 INFO InMemoryFileIndex: It took 9 ms to list leaf files for 1 paths.
[2024-10-11T13:33:07.641+0000] {spark_submit.py:649} INFO - 24/10/11 13:33:07 INFO InMemoryFileIndex: It took 1 ms to list leaf files for 1 paths.
[2024-10-11T13:33:07.764+0000] {spark_submit.py:649} INFO - 24/10/11 13:33:07 INFO FileSourceStrategy: Pushed Filters:
[2024-10-11T13:33:07.765+0000] {spark_submit.py:649} INFO - 24/10/11 13:33:07 INFO FileSourceStrategy: Post-Scan Filters: (length(trim(value#14, None)) > 0)
[2024-10-11T13:33:07.766+0000] {spark_submit.py:649} INFO - 24/10/11 13:33:07 INFO FileSourceStrategy: Output Data Schema: struct<value: string>
[2024-10-11T13:33:07.793+0000] {spark_submit.py:649} INFO - 24/10/11 13:33:07 INFO CodeGenerator: Code generated in 10.665375 ms
[2024-10-11T13:33:07.809+0000] {spark_submit.py:649} INFO - 24/10/11 13:33:07 INFO MemoryStore: Block broadcast_2 stored as values in memory (estimated size 204.3 KiB, free 434.2 MiB)
[2024-10-11T13:33:07.865+0000] {spark_submit.py:649} INFO - 24/10/11 13:33:07 INFO MemoryStore: Block broadcast_2_piece0 stored as bytes in memory (estimated size 35.3 KiB, free 434.1 MiB)
[2024-10-11T13:33:07.877+0000] {spark_submit.py:649} INFO - 24/10/11 13:33:07 INFO BlockManagerInfo: Added broadcast_2_piece0 in memory on yellow-cab-airflow-scheduler:43903 (size: 35.3 KiB, free: 434.4 MiB)
[2024-10-11T13:33:07.882+0000] {spark_submit.py:649} INFO - 24/10/11 13:33:07 INFO SparkContext: Created broadcast 2 from csv at NativeMethodAccessorImpl.java:0
[2024-10-11T13:33:07.889+0000] {spark_submit.py:649} INFO - 24/10/11 13:33:07 INFO BlockManagerInfo: Removed broadcast_1_piece0 on yellow-cab-airflow-scheduler:43903 in memory (size: 5.5 KiB, free: 434.4 MiB)
[2024-10-11T13:33:07.895+0000] {spark_submit.py:649} INFO - 24/10/11 13:33:07 INFO FileSourceScanExec: Planning scan with bin packing, max size: 4194304 bytes, open cost is considered as scanning 4194304 bytes.
[2024-10-11T13:33:07.912+0000] {spark_submit.py:649} INFO - 24/10/11 13:33:07 INFO BlockManagerInfo: Removed broadcast_1_piece0 on 172.24.0.3:36791 in memory (size: 5.5 KiB, free: 434.4 MiB)
[2024-10-11T13:33:07.925+0000] {spark_submit.py:649} INFO - 24/10/11 13:33:07 INFO BlockManagerInfo: Removed broadcast_0_piece0 on yellow-cab-airflow-scheduler:43903 in memory (size: 5.5 KiB, free: 434.4 MiB)
[2024-10-11T13:33:07.929+0000] {spark_submit.py:649} INFO - 24/10/11 13:33:07 INFO BlockManagerInfo: Removed broadcast_0_piece0 on 172.24.0.3:36791 in memory (size: 5.5 KiB, free: 434.4 MiB)
[2024-10-11T13:33:07.940+0000] {spark_submit.py:649} INFO - 24/10/11 13:33:07 INFO SparkContext: Starting job: csv at NativeMethodAccessorImpl.java:0
[2024-10-11T13:33:07.941+0000] {spark_submit.py:649} INFO - 24/10/11 13:33:07 INFO DAGScheduler: Got job 2 (csv at NativeMethodAccessorImpl.java:0) with 1 output partitions
[2024-10-11T13:33:07.942+0000] {spark_submit.py:649} INFO - 24/10/11 13:33:07 INFO DAGScheduler: Final stage: ResultStage 3 (csv at NativeMethodAccessorImpl.java:0)
[2024-10-11T13:33:07.942+0000] {spark_submit.py:649} INFO - 24/10/11 13:33:07 INFO DAGScheduler: Parents of final stage: List()
[2024-10-11T13:33:07.942+0000] {spark_submit.py:649} INFO - 24/10/11 13:33:07 INFO DAGScheduler: Missing parents: List()
[2024-10-11T13:33:07.943+0000] {spark_submit.py:649} INFO - 24/10/11 13:33:07 INFO DAGScheduler: Submitting ResultStage 3 (MapPartitionsRDD[9] at csv at NativeMethodAccessorImpl.java:0), which has no missing parents
[2024-10-11T13:33:07.956+0000] {spark_submit.py:649} INFO - 24/10/11 13:33:07 INFO MemoryStore: Block broadcast_3 stored as values in memory (estimated size 11.8 KiB, free 434.2 MiB)
[2024-10-11T13:33:07.966+0000] {spark_submit.py:649} INFO - 24/10/11 13:33:07 INFO MemoryStore: Block broadcast_3_piece0 stored as bytes in memory (estimated size 5.9 KiB, free 434.1 MiB)
[2024-10-11T13:33:07.967+0000] {spark_submit.py:649} INFO - 24/10/11 13:33:07 INFO BlockManagerInfo: Added broadcast_3_piece0 in memory on yellow-cab-airflow-scheduler:43903 (size: 5.9 KiB, free: 434.4 MiB)
[2024-10-11T13:33:07.968+0000] {spark_submit.py:649} INFO - 24/10/11 13:33:07 INFO SparkContext: Created broadcast 3 from broadcast at DAGScheduler.scala:1513
[2024-10-11T13:33:07.969+0000] {spark_submit.py:649} INFO - 24/10/11 13:33:07 INFO DAGScheduler: Submitting 1 missing tasks from ResultStage 3 (MapPartitionsRDD[9] at csv at NativeMethodAccessorImpl.java:0) (first 15 tasks are for partitions Vector(0))
[2024-10-11T13:33:07.969+0000] {spark_submit.py:649} INFO - 24/10/11 13:33:07 INFO TaskSchedulerImpl: Adding task set 3.0 with 1 tasks resource profile 0
[2024-10-11T13:33:07.974+0000] {spark_submit.py:649} INFO - 24/10/11 13:33:07 INFO TaskSetManager: Starting task 0.0 in stage 3.0 (TID 2) (172.24.0.3, executor 0, partition 0, PROCESS_LOCAL, 4915 bytes) taskResourceAssignments Map()
[2024-10-11T13:33:08.003+0000] {spark_submit.py:649} INFO - 24/10/11 13:33:08 INFO BlockManagerInfo: Added broadcast_3_piece0 in memory on 172.24.0.3:36791 (size: 5.9 KiB, free: 434.4 MiB)
[2024-10-11T13:33:08.106+0000] {spark_submit.py:649} INFO - 24/10/11 13:33:08 INFO BlockManagerInfo: Added broadcast_2_piece0 in memory on 172.24.0.3:36791 (size: 35.3 KiB, free: 434.4 MiB)
[2024-10-11T13:33:08.239+0000] {spark_submit.py:649} INFO - 24/10/11 13:33:08 INFO TaskSetManager: Finished task 0.0 in stage 3.0 (TID 2) in 267 ms on 172.24.0.3 (executor 0) (1/1)
[2024-10-11T13:33:08.239+0000] {spark_submit.py:649} INFO - 24/10/11 13:33:08 INFO TaskSchedulerImpl: Removed TaskSet 3.0, whose tasks have all completed, from pool
[2024-10-11T13:33:08.239+0000] {spark_submit.py:649} INFO - 24/10/11 13:33:08 INFO DAGScheduler: ResultStage 3 (csv at NativeMethodAccessorImpl.java:0) finished in 0.294 s
[2024-10-11T13:33:08.244+0000] {spark_submit.py:649} INFO - 24/10/11 13:33:08 INFO DAGScheduler: Job 2 is finished. Cancelling potential speculative or zombie tasks for this job
[2024-10-11T13:33:08.247+0000] {spark_submit.py:649} INFO - 24/10/11 13:33:08 INFO TaskSchedulerImpl: Killing all running tasks in stage 3: Stage finished
[2024-10-11T13:33:08.247+0000] {spark_submit.py:649} INFO - 24/10/11 13:33:08 INFO DAGScheduler: Job 2 finished: csv at NativeMethodAccessorImpl.java:0, took 0.299848 s
[2024-10-11T13:33:08.255+0000] {spark_submit.py:649} INFO - 24/10/11 13:33:08 INFO CodeGenerator: Code generated in 7.539708 ms
[2024-10-11T13:33:08.288+0000] {spark_submit.py:649} INFO - 24/10/11 13:33:08 INFO BlockManagerInfo: Removed broadcast_3_piece0 on yellow-cab-airflow-scheduler:43903 in memory (size: 5.9 KiB, free: 434.4 MiB)
[2024-10-11T13:33:08.291+0000] {spark_submit.py:649} INFO - 24/10/11 13:33:08 INFO BlockManagerInfo: Removed broadcast_3_piece0 on 172.24.0.3:36791 in memory (size: 5.9 KiB, free: 434.4 MiB)
[2024-10-11T13:33:08.300+0000] {spark_submit.py:649} INFO - 24/10/11 13:33:08 INFO FileSourceStrategy: Pushed Filters:
[2024-10-11T13:33:08.300+0000] {spark_submit.py:649} INFO - 24/10/11 13:33:08 INFO FileSourceStrategy: Post-Scan Filters:
[2024-10-11T13:33:08.300+0000] {spark_submit.py:649} INFO - 24/10/11 13:33:08 INFO FileSourceStrategy: Output Data Schema: struct<value: string>
[2024-10-11T13:33:08.305+0000] {spark_submit.py:649} INFO - 24/10/11 13:33:08 INFO MemoryStore: Block broadcast_4 stored as values in memory (estimated size 204.3 KiB, free 434.0 MiB)
[2024-10-11T13:33:08.311+0000] {spark_submit.py:649} INFO - 24/10/11 13:33:08 INFO MemoryStore: Block broadcast_4_piece0 stored as bytes in memory (estimated size 35.3 KiB, free 433.9 MiB)
[2024-10-11T13:33:08.311+0000] {spark_submit.py:649} INFO - 24/10/11 13:33:08 INFO BlockManagerInfo: Added broadcast_4_piece0 in memory on yellow-cab-airflow-scheduler:43903 (size: 35.3 KiB, free: 434.3 MiB)
[2024-10-11T13:33:08.312+0000] {spark_submit.py:649} INFO - 24/10/11 13:33:08 INFO SparkContext: Created broadcast 4 from csv at NativeMethodAccessorImpl.java:0
[2024-10-11T13:33:08.312+0000] {spark_submit.py:649} INFO - 24/10/11 13:33:08 INFO FileSourceScanExec: Planning scan with bin packing, max size: 4194304 bytes, open cost is considered as scanning 4194304 bytes.
[2024-10-11T13:33:08.344+0000] {spark_submit.py:649} INFO - 24/10/11 13:33:08 INFO SparkContext: Starting job: csv at NativeMethodAccessorImpl.java:0
[2024-10-11T13:33:08.345+0000] {spark_submit.py:649} INFO - 24/10/11 13:33:08 INFO DAGScheduler: Got job 3 (csv at NativeMethodAccessorImpl.java:0) with 1 output partitions
[2024-10-11T13:33:08.345+0000] {spark_submit.py:649} INFO - 24/10/11 13:33:08 INFO DAGScheduler: Final stage: ResultStage 4 (csv at NativeMethodAccessorImpl.java:0)
[2024-10-11T13:33:08.345+0000] {spark_submit.py:649} INFO - 24/10/11 13:33:08 INFO DAGScheduler: Parents of final stage: List()
[2024-10-11T13:33:08.345+0000] {spark_submit.py:649} INFO - 24/10/11 13:33:08 INFO DAGScheduler: Missing parents: List()
[2024-10-11T13:33:08.345+0000] {spark_submit.py:649} INFO - 24/10/11 13:33:08 INFO DAGScheduler: Submitting ResultStage 4 (MapPartitionsRDD[15] at csv at NativeMethodAccessorImpl.java:0), which has no missing parents
[2024-10-11T13:33:08.357+0000] {spark_submit.py:649} INFO - 24/10/11 13:33:08 INFO MemoryStore: Block broadcast_5 stored as values in memory (estimated size 28.5 KiB, free 433.9 MiB)
[2024-10-11T13:33:08.362+0000] {spark_submit.py:649} INFO - 24/10/11 13:33:08 INFO MemoryStore: Block broadcast_5_piece0 stored as bytes in memory (estimated size 12.6 KiB, free 433.9 MiB)
[2024-10-11T13:33:08.362+0000] {spark_submit.py:649} INFO - 24/10/11 13:33:08 INFO BlockManagerInfo: Removed broadcast_2_piece0 on yellow-cab-airflow-scheduler:43903 in memory (size: 35.3 KiB, free: 434.4 MiB)
[2024-10-11T13:33:08.363+0000] {spark_submit.py:649} INFO - 24/10/11 13:33:08 INFO BlockManagerInfo: Added broadcast_5_piece0 in memory on yellow-cab-airflow-scheduler:43903 (size: 12.6 KiB, free: 434.4 MiB)
[2024-10-11T13:33:08.363+0000] {spark_submit.py:649} INFO - 24/10/11 13:33:08 INFO SparkContext: Created broadcast 5 from broadcast at DAGScheduler.scala:1513
[2024-10-11T13:33:08.364+0000] {spark_submit.py:649} INFO - 24/10/11 13:33:08 INFO DAGScheduler: Submitting 1 missing tasks from ResultStage 4 (MapPartitionsRDD[15] at csv at NativeMethodAccessorImpl.java:0) (first 15 tasks are for partitions Vector(0))
[2024-10-11T13:33:08.364+0000] {spark_submit.py:649} INFO - 24/10/11 13:33:08 INFO TaskSchedulerImpl: Adding task set 4.0 with 1 tasks resource profile 0
[2024-10-11T13:33:08.365+0000] {spark_submit.py:649} INFO - 24/10/11 13:33:08 INFO TaskSetManager: Starting task 0.0 in stage 4.0 (TID 3) (172.24.0.3, executor 0, partition 0, PROCESS_LOCAL, 4915 bytes) taskResourceAssignments Map()
[2024-10-11T13:33:08.366+0000] {spark_submit.py:649} INFO - 24/10/11 13:33:08 INFO BlockManagerInfo: Removed broadcast_2_piece0 on 172.24.0.3:36791 in memory (size: 35.3 KiB, free: 434.4 MiB)
[2024-10-11T13:33:08.383+0000] {spark_submit.py:649} INFO - 24/10/11 13:33:08 INFO BlockManagerInfo: Added broadcast_5_piece0 in memory on 172.24.0.3:36791 (size: 12.6 KiB, free: 434.4 MiB)
[2024-10-11T13:33:09.061+0000] {spark_submit.py:649} INFO - 24/10/11 13:33:09 INFO BlockManagerInfo: Added broadcast_4_piece0 in memory on 172.24.0.3:36791 (size: 35.3 KiB, free: 434.4 MiB)
[2024-10-11T13:33:09.245+0000] {spark_submit.py:649} INFO - 24/10/11 13:33:09 INFO TaskSetManager: Finished task 0.0 in stage 4.0 (TID 3) in 879 ms on 172.24.0.3 (executor 0) (1/1)
[2024-10-11T13:33:09.245+0000] {spark_submit.py:649} INFO - 24/10/11 13:33:09 INFO TaskSchedulerImpl: Removed TaskSet 4.0, whose tasks have all completed, from pool
[2024-10-11T13:33:09.245+0000] {spark_submit.py:649} INFO - 24/10/11 13:33:09 INFO DAGScheduler: ResultStage 4 (csv at NativeMethodAccessorImpl.java:0) finished in 0.899 s
[2024-10-11T13:33:09.246+0000] {spark_submit.py:649} INFO - 24/10/11 13:33:09 INFO DAGScheduler: Job 3 is finished. Cancelling potential speculative or zombie tasks for this job
[2024-10-11T13:33:09.246+0000] {spark_submit.py:649} INFO - 24/10/11 13:33:09 INFO TaskSchedulerImpl: Killing all running tasks in stage 4: Stage finished
[2024-10-11T13:33:09.246+0000] {spark_submit.py:649} INFO - 24/10/11 13:33:09 INFO DAGScheduler: Job 3 finished: csv at NativeMethodAccessorImpl.java:0, took 0.902531 s
[2024-10-11T13:33:09.441+0000] {spark_submit.py:649} INFO - schema nya dim datetime:
[2024-10-11T13:33:09.443+0000] {spark_submit.py:649} INFO - root
[2024-10-11T13:33:09.444+0000] {spark_submit.py:649} INFO - |-- tpep_pickup_datetime: timestamp (nullable = true)
[2024-10-11T13:33:09.444+0000] {spark_submit.py:649} INFO - |-- Datetime: string (nullable = true)
[2024-10-11T13:33:09.444+0000] {spark_submit.py:649} INFO - |-- Year: integer (nullable = true)
[2024-10-11T13:33:09.444+0000] {spark_submit.py:649} INFO - |-- Month: integer (nullable = true)
[2024-10-11T13:33:09.444+0000] {spark_submit.py:649} INFO - |-- Day: integer (nullable = true)
[2024-10-11T13:33:09.445+0000] {spark_submit.py:649} INFO - |-- Hour: integer (nullable = true)
[2024-10-11T13:33:09.445+0000] {spark_submit.py:649} INFO - |-- Day_of_Week: integer (nullable = true)
[2024-10-11T13:33:09.445+0000] {spark_submit.py:649} INFO - |-- Weekend_Indicator: boolean (nullable = false)
[2024-10-11T13:33:09.445+0000] {spark_submit.py:649} INFO - 
[2024-10-11T13:33:09.892+0000] {spark_submit.py:649} INFO - 24/10/11 13:33:09 INFO FileSourceStrategy: Pushed Filters:
[2024-10-11T13:33:09.892+0000] {spark_submit.py:649} INFO - 24/10/11 13:33:09 INFO FileSourceStrategy: Post-Scan Filters: atleastnnonnulls(4, tpep_pickup_datetime#32, tpep_dropoff_datetime#33, pickup_longitude#36, pickup_latitude#37)
[2024-10-11T13:33:09.892+0000] {spark_submit.py:649} INFO - 24/10/11 13:33:09 INFO FileSourceStrategy: Output Data Schema: struct<VendorID: int, tpep_pickup_datetime: timestamp, tpep_dropoff_datetime: timestamp, pickup_longitude: double, pickup_latitude: double ... 3 more fields>
[2024-10-11T13:33:09.911+0000] {spark_submit.py:649} INFO - 24/10/11 13:33:09 INFO HashAggregateExec: spark.sql.codegen.aggregate.map.twolevel.enabled is set to true, but current version of codegened fast hashmap does not support this aggregate.
[2024-10-11T13:33:09.943+0000] {spark_submit.py:649} INFO - 24/10/11 13:33:09 INFO CodeGenerator: Code generated in 22.771375 ms
[2024-10-11T13:33:09.945+0000] {spark_submit.py:649} INFO - 24/10/11 13:33:09 INFO MemoryStore: Block broadcast_6 stored as values in memory (estimated size 204.2 KiB, free 433.9 MiB)
[2024-10-11T13:33:09.954+0000] {spark_submit.py:649} INFO - 24/10/11 13:33:09 INFO BlockManagerInfo: Removed broadcast_5_piece0 on yellow-cab-airflow-scheduler:43903 in memory (size: 12.6 KiB, free: 434.4 MiB)
[2024-10-11T13:33:09.958+0000] {spark_submit.py:649} INFO - 24/10/11 13:33:09 INFO MemoryStore: Block broadcast_6_piece0 stored as bytes in memory (estimated size 35.3 KiB, free 433.9 MiB)
[2024-10-11T13:33:09.959+0000] {spark_submit.py:649} INFO - 24/10/11 13:33:09 INFO BlockManagerInfo: Added broadcast_6_piece0 in memory on yellow-cab-airflow-scheduler:43903 (size: 35.3 KiB, free: 434.3 MiB)
[2024-10-11T13:33:09.960+0000] {spark_submit.py:649} INFO - 24/10/11 13:33:09 INFO BlockManagerInfo: Removed broadcast_5_piece0 on 172.24.0.3:36791 in memory (size: 12.6 KiB, free: 434.4 MiB)
[2024-10-11T13:33:09.960+0000] {spark_submit.py:649} INFO - 24/10/11 13:33:09 INFO SparkContext: Created broadcast 6 from toPandas at /spark-scripts/taxi_etl.py:115
[2024-10-11T13:33:09.963+0000] {spark_submit.py:649} INFO - 24/10/11 13:33:09 INFO FileSourceScanExec: Planning scan with bin packing, max size: 4194304 bytes, open cost is considered as scanning 4194304 bytes.
[2024-10-11T13:33:09.972+0000] {spark_submit.py:649} INFO - 24/10/11 13:33:09 INFO DAGScheduler: Registering RDD 19 (toPandas at /spark-scripts/taxi_etl.py:115) as input to shuffle 1
[2024-10-11T13:33:09.972+0000] {spark_submit.py:649} INFO - 24/10/11 13:33:09 INFO DAGScheduler: Got map stage job 4 (toPandas at /spark-scripts/taxi_etl.py:115) with 1 output partitions
[2024-10-11T13:33:09.973+0000] {spark_submit.py:649} INFO - 24/10/11 13:33:09 INFO DAGScheduler: Final stage: ShuffleMapStage 5 (toPandas at /spark-scripts/taxi_etl.py:115)
[2024-10-11T13:33:09.973+0000] {spark_submit.py:649} INFO - 24/10/11 13:33:09 INFO DAGScheduler: Parents of final stage: List()
[2024-10-11T13:33:09.973+0000] {spark_submit.py:649} INFO - 24/10/11 13:33:09 INFO DAGScheduler: Missing parents: List()
[2024-10-11T13:33:09.973+0000] {spark_submit.py:649} INFO - 24/10/11 13:33:09 INFO DAGScheduler: Submitting ShuffleMapStage 5 (MapPartitionsRDD[19] at toPandas at /spark-scripts/taxi_etl.py:115), which has no missing parents
[2024-10-11T13:33:09.976+0000] {spark_submit.py:649} INFO - 24/10/11 13:33:09 INFO MemoryStore: Block broadcast_7 stored as values in memory (estimated size 27.4 KiB, free 433.9 MiB)
[2024-10-11T13:33:09.980+0000] {spark_submit.py:649} INFO - 24/10/11 13:33:09 INFO MemoryStore: Block broadcast_7_piece0 stored as bytes in memory (estimated size 12.7 KiB, free 433.9 MiB)
[2024-10-11T13:33:09.981+0000] {spark_submit.py:649} INFO - 24/10/11 13:33:09 INFO BlockManagerInfo: Added broadcast_7_piece0 in memory on yellow-cab-airflow-scheduler:43903 (size: 12.7 KiB, free: 434.3 MiB)
[2024-10-11T13:33:09.981+0000] {spark_submit.py:649} INFO - 24/10/11 13:33:09 INFO SparkContext: Created broadcast 7 from broadcast at DAGScheduler.scala:1513
[2024-10-11T13:33:09.981+0000] {spark_submit.py:649} INFO - 24/10/11 13:33:09 INFO DAGScheduler: Submitting 1 missing tasks from ShuffleMapStage 5 (MapPartitionsRDD[19] at toPandas at /spark-scripts/taxi_etl.py:115) (first 15 tasks are for partitions Vector(0))
[2024-10-11T13:33:09.982+0000] {spark_submit.py:649} INFO - 24/10/11 13:33:09 INFO TaskSchedulerImpl: Adding task set 5.0 with 1 tasks resource profile 0
[2024-10-11T13:33:09.983+0000] {spark_submit.py:649} INFO - 24/10/11 13:33:09 INFO TaskSetManager: Starting task 0.0 in stage 5.0 (TID 4) (172.24.0.3, executor 0, partition 0, PROCESS_LOCAL, 4904 bytes) taskResourceAssignments Map()
[2024-10-11T13:33:09.997+0000] {spark_submit.py:649} INFO - 24/10/11 13:33:09 INFO BlockManagerInfo: Added broadcast_7_piece0 in memory on 172.24.0.3:36791 (size: 12.7 KiB, free: 434.4 MiB)
[2024-10-11T13:33:10.146+0000] {spark_submit.py:649} INFO - 24/10/11 13:33:10 INFO BlockManagerInfo: Added broadcast_6_piece0 in memory on 172.24.0.3:36791 (size: 35.3 KiB, free: 434.3 MiB)
[2024-10-11T13:33:10.326+0000] {spark_submit.py:649} INFO - 24/10/11 13:33:10 INFO TaskSetManager: Finished task 0.0 in stage 5.0 (TID 4) in 344 ms on 172.24.0.3 (executor 0) (1/1)
[2024-10-11T13:33:10.327+0000] {spark_submit.py:649} INFO - 24/10/11 13:33:10 INFO TaskSchedulerImpl: Removed TaskSet 5.0, whose tasks have all completed, from pool
[2024-10-11T13:33:10.327+0000] {spark_submit.py:649} INFO - 24/10/11 13:33:10 INFO DAGScheduler: ShuffleMapStage 5 (toPandas at /spark-scripts/taxi_etl.py:115) finished in 0.354 s
[2024-10-11T13:33:10.327+0000] {spark_submit.py:649} INFO - 24/10/11 13:33:10 INFO DAGScheduler: looking for newly runnable stages
[2024-10-11T13:33:10.327+0000] {spark_submit.py:649} INFO - 24/10/11 13:33:10 INFO DAGScheduler: running: Set()
[2024-10-11T13:33:10.327+0000] {spark_submit.py:649} INFO - 24/10/11 13:33:10 INFO DAGScheduler: waiting: Set()
[2024-10-11T13:33:10.328+0000] {spark_submit.py:649} INFO - 24/10/11 13:33:10 INFO DAGScheduler: failed: Set()
[2024-10-11T13:33:10.334+0000] {spark_submit.py:649} INFO - 24/10/11 13:33:10 INFO ShufflePartitionsUtil: For shuffle(1), advisory target size: 67108864, actual target size 1048576, minimum partition size: 1048576
[2024-10-11T13:33:10.342+0000] {spark_submit.py:649} INFO - 24/10/11 13:33:10 INFO HashAggregateExec: spark.sql.codegen.aggregate.map.twolevel.enabled is set to true, but current version of codegened fast hashmap does not support this aggregate.
[2024-10-11T13:33:10.356+0000] {spark_submit.py:649} INFO - 24/10/11 13:33:10 INFO CodeGenerator: Code generated in 12.414625 ms
[2024-10-11T13:33:10.370+0000] {spark_submit.py:649} INFO - 24/10/11 13:33:10 INFO SparkContext: Starting job: toPandas at /spark-scripts/taxi_etl.py:115
[2024-10-11T13:33:10.372+0000] {spark_submit.py:649} INFO - 24/10/11 13:33:10 INFO DAGScheduler: Got job 5 (toPandas at /spark-scripts/taxi_etl.py:115) with 1 output partitions
[2024-10-11T13:33:10.372+0000] {spark_submit.py:649} INFO - 24/10/11 13:33:10 INFO DAGScheduler: Final stage: ResultStage 7 (toPandas at /spark-scripts/taxi_etl.py:115)
[2024-10-11T13:33:10.372+0000] {spark_submit.py:649} INFO - 24/10/11 13:33:10 INFO DAGScheduler: Parents of final stage: List(ShuffleMapStage 6)
[2024-10-11T13:33:10.373+0000] {spark_submit.py:649} INFO - 24/10/11 13:33:10 INFO DAGScheduler: Missing parents: List()
[2024-10-11T13:33:10.373+0000] {spark_submit.py:649} INFO - 24/10/11 13:33:10 INFO DAGScheduler: Submitting ResultStage 7 (MapPartitionsRDD[22] at toPandas at /spark-scripts/taxi_etl.py:115), which has no missing parents
[2024-10-11T13:33:10.379+0000] {spark_submit.py:649} INFO - 24/10/11 13:33:10 INFO MemoryStore: Block broadcast_8 stored as values in memory (estimated size 37.0 KiB, free 433.9 MiB)
[2024-10-11T13:33:10.383+0000] {spark_submit.py:649} INFO - 24/10/11 13:33:10 INFO MemoryStore: Block broadcast_8_piece0 stored as bytes in memory (estimated size 17.5 KiB, free 433.8 MiB)
[2024-10-11T13:33:10.383+0000] {spark_submit.py:649} INFO - 24/10/11 13:33:10 INFO BlockManagerInfo: Added broadcast_8_piece0 in memory on yellow-cab-airflow-scheduler:43903 (size: 17.5 KiB, free: 434.3 MiB)
[2024-10-11T13:33:10.384+0000] {spark_submit.py:649} INFO - 24/10/11 13:33:10 INFO BlockManagerInfo: Removed broadcast_7_piece0 on yellow-cab-airflow-scheduler:43903 in memory (size: 12.7 KiB, free: 434.3 MiB)
[2024-10-11T13:33:10.384+0000] {spark_submit.py:649} INFO - 24/10/11 13:33:10 INFO SparkContext: Created broadcast 8 from broadcast at DAGScheduler.scala:1513
[2024-10-11T13:33:10.384+0000] {spark_submit.py:649} INFO - 24/10/11 13:33:10 INFO DAGScheduler: Submitting 1 missing tasks from ResultStage 7 (MapPartitionsRDD[22] at toPandas at /spark-scripts/taxi_etl.py:115) (first 15 tasks are for partitions Vector(0))
[2024-10-11T13:33:10.384+0000] {spark_submit.py:649} INFO - 24/10/11 13:33:10 INFO TaskSchedulerImpl: Adding task set 7.0 with 1 tasks resource profile 0
[2024-10-11T13:33:10.385+0000] {spark_submit.py:649} INFO - 24/10/11 13:33:10 INFO TaskSetManager: Starting task 0.0 in stage 7.0 (TID 5) (172.24.0.3, executor 0, partition 0, NODE_LOCAL, 4457 bytes) taskResourceAssignments Map()
[2024-10-11T13:33:10.388+0000] {spark_submit.py:649} INFO - 24/10/11 13:33:10 INFO BlockManagerInfo: Removed broadcast_7_piece0 on 172.24.0.3:36791 in memory (size: 12.7 KiB, free: 434.3 MiB)
[2024-10-11T13:33:10.396+0000] {spark_submit.py:649} INFO - 24/10/11 13:33:10 INFO BlockManagerInfo: Added broadcast_8_piece0 in memory on 172.24.0.3:36791 (size: 17.5 KiB, free: 434.3 MiB)
[2024-10-11T13:33:10.410+0000] {spark_submit.py:649} INFO - 24/10/11 13:33:10 INFO MapOutputTrackerMasterEndpoint: Asked to send map output locations for shuffle 1 to 172.24.0.3:58578
[2024-10-11T13:33:10.445+0000] {spark_submit.py:649} INFO - 24/10/11 13:33:10 INFO TaskSetManager: Finished task 0.0 in stage 7.0 (TID 5) in 60 ms on 172.24.0.3 (executor 0) (1/1)
[2024-10-11T13:33:10.447+0000] {spark_submit.py:649} INFO - 24/10/11 13:33:10 INFO TaskSchedulerImpl: Removed TaskSet 7.0, whose tasks have all completed, from pool
[2024-10-11T13:33:10.447+0000] {spark_submit.py:649} INFO - 24/10/11 13:33:10 INFO DAGScheduler: ResultStage 7 (toPandas at /spark-scripts/taxi_etl.py:115) finished in 0.069 s
[2024-10-11T13:33:10.447+0000] {spark_submit.py:649} INFO - 24/10/11 13:33:10 INFO DAGScheduler: Job 5 is finished. Cancelling potential speculative or zombie tasks for this job
[2024-10-11T13:33:10.447+0000] {spark_submit.py:649} INFO - 24/10/11 13:33:10 INFO TaskSchedulerImpl: Killing all running tasks in stage 7: Stage finished
[2024-10-11T13:33:10.447+0000] {spark_submit.py:649} INFO - 24/10/11 13:33:10 INFO DAGScheduler: Job 5 finished: toPandas at /spark-scripts/taxi_etl.py:115, took 0.076746 s
[2024-10-11T13:33:20.931+0000] {spark_submit.py:649} INFO - 24/10/11 13:33:20 INFO FileSourceStrategy: Pushed Filters:
[2024-10-11T13:33:20.932+0000] {spark_submit.py:649} INFO - 24/10/11 13:33:20 INFO FileSourceStrategy: Post-Scan Filters: atleastnnonnulls(4, tpep_pickup_datetime#32, tpep_dropoff_datetime#33, pickup_longitude#36, pickup_latitude#37)
[2024-10-11T13:33:20.932+0000] {spark_submit.py:649} INFO - 24/10/11 13:33:20 INFO FileSourceStrategy: Output Data Schema: struct<tpep_pickup_datetime: timestamp, tpep_dropoff_datetime: timestamp, pickup_longitude: double, pickup_latitude: double, RatecodeID: int ... 3 more fields>
[2024-10-11T13:33:20.942+0000] {spark_submit.py:649} INFO - 24/10/11 13:33:20 INFO HashAggregateExec: spark.sql.codegen.aggregate.map.twolevel.enabled is set to true, but current version of codegened fast hashmap does not support this aggregate.
[2024-10-11T13:33:20.964+0000] {spark_submit.py:649} INFO - 24/10/11 13:33:20 INFO CodeGenerator: Code generated in 17.878 ms
[2024-10-11T13:33:20.966+0000] {spark_submit.py:649} INFO - 24/10/11 13:33:20 INFO MemoryStore: Block broadcast_9 stored as values in memory (estimated size 204.2 KiB, free 433.7 MiB)
[2024-10-11T13:33:20.973+0000] {spark_submit.py:649} INFO - 24/10/11 13:33:20 INFO BlockManagerInfo: Removed broadcast_8_piece0 on yellow-cab-airflow-scheduler:43903 in memory (size: 17.5 KiB, free: 434.3 MiB)
[2024-10-11T13:33:20.976+0000] {spark_submit.py:649} INFO - 24/10/11 13:33:20 INFO MemoryStore: Block broadcast_9_piece0 stored as bytes in memory (estimated size 35.3 KiB, free 433.7 MiB)
[2024-10-11T13:33:20.976+0000] {spark_submit.py:649} INFO - 24/10/11 13:33:20 INFO BlockManagerInfo: Removed broadcast_8_piece0 on 172.24.0.3:36791 in memory (size: 17.5 KiB, free: 434.3 MiB)
[2024-10-11T13:33:20.976+0000] {spark_submit.py:649} INFO - 24/10/11 13:33:20 INFO BlockManagerInfo: Added broadcast_9_piece0 in memory on yellow-cab-airflow-scheduler:43903 (size: 35.3 KiB, free: 434.3 MiB)
[2024-10-11T13:33:20.977+0000] {spark_submit.py:649} INFO - 24/10/11 13:33:20 INFO SparkContext: Created broadcast 9 from toPandas at /spark-scripts/taxi_etl.py:118
[2024-10-11T13:33:20.978+0000] {spark_submit.py:649} INFO - 24/10/11 13:33:20 INFO FileSourceScanExec: Planning scan with bin packing, max size: 4194304 bytes, open cost is considered as scanning 4194304 bytes.
[2024-10-11T13:33:20.982+0000] {spark_submit.py:649} INFO - 24/10/11 13:33:20 INFO DAGScheduler: Registering RDD 26 (toPandas at /spark-scripts/taxi_etl.py:118) as input to shuffle 2
[2024-10-11T13:33:20.982+0000] {spark_submit.py:649} INFO - 24/10/11 13:33:20 INFO DAGScheduler: Got map stage job 6 (toPandas at /spark-scripts/taxi_etl.py:118) with 1 output partitions
[2024-10-11T13:33:20.982+0000] {spark_submit.py:649} INFO - 24/10/11 13:33:20 INFO DAGScheduler: Final stage: ShuffleMapStage 8 (toPandas at /spark-scripts/taxi_etl.py:118)
[2024-10-11T13:33:20.982+0000] {spark_submit.py:649} INFO - 24/10/11 13:33:20 INFO DAGScheduler: Parents of final stage: List()
[2024-10-11T13:33:20.983+0000] {spark_submit.py:649} INFO - 24/10/11 13:33:20 INFO DAGScheduler: Missing parents: List()
[2024-10-11T13:33:20.983+0000] {spark_submit.py:649} INFO - 24/10/11 13:33:20 INFO DAGScheduler: Submitting ShuffleMapStage 8 (MapPartitionsRDD[26] at toPandas at /spark-scripts/taxi_etl.py:118), which has no missing parents
[2024-10-11T13:33:20.984+0000] {spark_submit.py:649} INFO - 24/10/11 13:33:20 INFO MemoryStore: Block broadcast_10 stored as values in memory (estimated size 27.4 KiB, free 433.7 MiB)
[2024-10-11T13:33:20.988+0000] {spark_submit.py:649} INFO - 24/10/11 13:33:20 INFO MemoryStore: Block broadcast_10_piece0 stored as bytes in memory (estimated size 12.7 KiB, free 433.7 MiB)
[2024-10-11T13:33:20.988+0000] {spark_submit.py:649} INFO - 24/10/11 13:33:20 INFO BlockManagerInfo: Added broadcast_10_piece0 in memory on yellow-cab-airflow-scheduler:43903 (size: 12.7 KiB, free: 434.3 MiB)
[2024-10-11T13:33:20.988+0000] {spark_submit.py:649} INFO - 24/10/11 13:33:20 INFO SparkContext: Created broadcast 10 from broadcast at DAGScheduler.scala:1513
[2024-10-11T13:33:20.989+0000] {spark_submit.py:649} INFO - 24/10/11 13:33:20 INFO DAGScheduler: Submitting 1 missing tasks from ShuffleMapStage 8 (MapPartitionsRDD[26] at toPandas at /spark-scripts/taxi_etl.py:118) (first 15 tasks are for partitions Vector(0))
[2024-10-11T13:33:20.989+0000] {spark_submit.py:649} INFO - 24/10/11 13:33:20 INFO TaskSchedulerImpl: Adding task set 8.0 with 1 tasks resource profile 0
[2024-10-11T13:33:20.990+0000] {spark_submit.py:649} INFO - 24/10/11 13:33:20 INFO TaskSetManager: Starting task 0.0 in stage 8.0 (TID 6) (172.24.0.3, executor 0, partition 0, PROCESS_LOCAL, 4904 bytes) taskResourceAssignments Map()
[2024-10-11T13:33:20.999+0000] {spark_submit.py:649} INFO - 24/10/11 13:33:20 INFO BlockManagerInfo: Added broadcast_10_piece0 in memory on 172.24.0.3:36791 (size: 12.7 KiB, free: 434.3 MiB)
[2024-10-11T13:33:21.039+0000] {spark_submit.py:649} INFO - 24/10/11 13:33:21 INFO BlockManagerInfo: Added broadcast_9_piece0 in memory on 172.24.0.3:36791 (size: 35.3 KiB, free: 434.3 MiB)
[2024-10-11T13:33:21.141+0000] {spark_submit.py:649} INFO - 24/10/11 13:33:21 INFO TaskSetManager: Finished task 0.0 in stage 8.0 (TID 6) in 151 ms on 172.24.0.3 (executor 0) (1/1)
[2024-10-11T13:33:21.141+0000] {spark_submit.py:649} INFO - 24/10/11 13:33:21 INFO TaskSchedulerImpl: Removed TaskSet 8.0, whose tasks have all completed, from pool
[2024-10-11T13:33:21.141+0000] {spark_submit.py:649} INFO - 24/10/11 13:33:21 INFO DAGScheduler: ShuffleMapStage 8 (toPandas at /spark-scripts/taxi_etl.py:118) finished in 0.158 s
[2024-10-11T13:33:21.142+0000] {spark_submit.py:649} INFO - 24/10/11 13:33:21 INFO DAGScheduler: looking for newly runnable stages
[2024-10-11T13:33:21.142+0000] {spark_submit.py:649} INFO - 24/10/11 13:33:21 INFO DAGScheduler: running: Set()
[2024-10-11T13:33:21.142+0000] {spark_submit.py:649} INFO - 24/10/11 13:33:21 INFO DAGScheduler: waiting: Set()
[2024-10-11T13:33:21.142+0000] {spark_submit.py:649} INFO - 24/10/11 13:33:21 INFO DAGScheduler: failed: Set()
[2024-10-11T13:33:21.144+0000] {spark_submit.py:649} INFO - 24/10/11 13:33:21 INFO ShufflePartitionsUtil: For shuffle(2), advisory target size: 67108864, actual target size 1048576, minimum partition size: 1048576
[2024-10-11T13:33:21.148+0000] {spark_submit.py:649} INFO - 24/10/11 13:33:21 INFO HashAggregateExec: spark.sql.codegen.aggregate.map.twolevel.enabled is set to true, but current version of codegened fast hashmap does not support this aggregate.
[2024-10-11T13:33:21.164+0000] {spark_submit.py:649} INFO - 24/10/11 13:33:21 INFO CodeGenerator: Code generated in 13.383666 ms
[2024-10-11T13:33:21.175+0000] {spark_submit.py:649} INFO - 24/10/11 13:33:21 INFO SparkContext: Starting job: toPandas at /spark-scripts/taxi_etl.py:118
[2024-10-11T13:33:21.175+0000] {spark_submit.py:649} INFO - 24/10/11 13:33:21 INFO DAGScheduler: Got job 7 (toPandas at /spark-scripts/taxi_etl.py:118) with 1 output partitions
[2024-10-11T13:33:21.176+0000] {spark_submit.py:649} INFO - 24/10/11 13:33:21 INFO DAGScheduler: Final stage: ResultStage 10 (toPandas at /spark-scripts/taxi_etl.py:118)
[2024-10-11T13:33:21.176+0000] {spark_submit.py:649} INFO - 24/10/11 13:33:21 INFO DAGScheduler: Parents of final stage: List(ShuffleMapStage 9)
[2024-10-11T13:33:21.176+0000] {spark_submit.py:649} INFO - 24/10/11 13:33:21 INFO DAGScheduler: Missing parents: List()
[2024-10-11T13:33:21.176+0000] {spark_submit.py:649} INFO - 24/10/11 13:33:21 INFO DAGScheduler: Submitting ResultStage 10 (MapPartitionsRDD[29] at toPandas at /spark-scripts/taxi_etl.py:118), which has no missing parents
[2024-10-11T13:33:21.179+0000] {spark_submit.py:649} INFO - 24/10/11 13:33:21 INFO MemoryStore: Block broadcast_11 stored as values in memory (estimated size 37.3 KiB, free 433.6 MiB)
[2024-10-11T13:33:21.181+0000] {spark_submit.py:649} INFO - 24/10/11 13:33:21 INFO MemoryStore: Block broadcast_11_piece0 stored as bytes in memory (estimated size 17.8 KiB, free 433.6 MiB)
[2024-10-11T13:33:21.182+0000] {spark_submit.py:649} INFO - 24/10/11 13:33:21 INFO BlockManagerInfo: Added broadcast_11_piece0 in memory on yellow-cab-airflow-scheduler:43903 (size: 17.8 KiB, free: 434.3 MiB)
[2024-10-11T13:33:21.182+0000] {spark_submit.py:649} INFO - 24/10/11 13:33:21 INFO SparkContext: Created broadcast 11 from broadcast at DAGScheduler.scala:1513
[2024-10-11T13:33:21.183+0000] {spark_submit.py:649} INFO - 24/10/11 13:33:21 INFO DAGScheduler: Submitting 1 missing tasks from ResultStage 10 (MapPartitionsRDD[29] at toPandas at /spark-scripts/taxi_etl.py:118) (first 15 tasks are for partitions Vector(0))
[2024-10-11T13:33:21.183+0000] {spark_submit.py:649} INFO - 24/10/11 13:33:21 INFO TaskSchedulerImpl: Adding task set 10.0 with 1 tasks resource profile 0
[2024-10-11T13:33:21.184+0000] {spark_submit.py:649} INFO - 24/10/11 13:33:21 INFO TaskSetManager: Starting task 0.0 in stage 10.0 (TID 7) (172.24.0.3, executor 0, partition 0, NODE_LOCAL, 4457 bytes) taskResourceAssignments Map()
[2024-10-11T13:33:21.192+0000] {spark_submit.py:649} INFO - 24/10/11 13:33:21 INFO BlockManagerInfo: Added broadcast_11_piece0 in memory on 172.24.0.3:36791 (size: 17.8 KiB, free: 434.3 MiB)
[2024-10-11T13:33:21.200+0000] {spark_submit.py:649} INFO - 24/10/11 13:33:21 INFO MapOutputTrackerMasterEndpoint: Asked to send map output locations for shuffle 2 to 172.24.0.3:58578
[2024-10-11T13:33:21.205+0000] {spark_submit.py:649} INFO - 24/10/11 13:33:21 INFO BlockManagerInfo: Removed broadcast_10_piece0 on yellow-cab-airflow-scheduler:43903 in memory (size: 12.7 KiB, free: 434.3 MiB)
[2024-10-11T13:33:21.208+0000] {spark_submit.py:649} INFO - 24/10/11 13:33:21 INFO BlockManagerInfo: Removed broadcast_10_piece0 on 172.24.0.3:36791 in memory (size: 12.7 KiB, free: 434.3 MiB)
[2024-10-11T13:33:21.231+0000] {spark_submit.py:649} INFO - 24/10/11 13:33:21 INFO TaskSetManager: Finished task 0.0 in stage 10.0 (TID 7) in 48 ms on 172.24.0.3 (executor 0) (1/1)
[2024-10-11T13:33:21.232+0000] {spark_submit.py:649} INFO - 24/10/11 13:33:21 INFO TaskSchedulerImpl: Removed TaskSet 10.0, whose tasks have all completed, from pool
[2024-10-11T13:33:21.232+0000] {spark_submit.py:649} INFO - 24/10/11 13:33:21 INFO DAGScheduler: ResultStage 10 (toPandas at /spark-scripts/taxi_etl.py:118) finished in 0.053 s
[2024-10-11T13:33:21.232+0000] {spark_submit.py:649} INFO - 24/10/11 13:33:21 INFO DAGScheduler: Job 7 is finished. Cancelling potential speculative or zombie tasks for this job
[2024-10-11T13:33:21.232+0000] {spark_submit.py:649} INFO - 24/10/11 13:33:21 INFO TaskSchedulerImpl: Killing all running tasks in stage 10: Stage finished
[2024-10-11T13:33:21.233+0000] {spark_submit.py:649} INFO - 24/10/11 13:33:21 INFO DAGScheduler: Job 7 finished: toPandas at /spark-scripts/taxi_etl.py:118, took 0.057416 s
[2024-10-11T13:33:32.738+0000] {spark_submit.py:649} INFO - 24/10/11 13:33:32 INFO FileSourceStrategy: Pushed Filters:
[2024-10-11T13:33:32.741+0000] {spark_submit.py:649} INFO - 24/10/11 13:33:32 INFO FileSourceStrategy: Post-Scan Filters: atleastnnonnulls(4, tpep_pickup_datetime#32, tpep_dropoff_datetime#33, pickup_longitude#36, pickup_latitude#37)
[2024-10-11T13:33:32.742+0000] {spark_submit.py:649} INFO - 24/10/11 13:33:32 INFO FileSourceStrategy: Output Data Schema: struct<tpep_pickup_datetime: timestamp, tpep_dropoff_datetime: timestamp, pickup_longitude: double, pickup_latitude: double, payment_type: int ... 3 more fields>
[2024-10-11T13:33:32.751+0000] {spark_submit.py:649} INFO - 24/10/11 13:33:32 INFO HashAggregateExec: spark.sql.codegen.aggregate.map.twolevel.enabled is set to true, but current version of codegened fast hashmap does not support this aggregate.
[2024-10-11T13:33:32.768+0000] {spark_submit.py:649} INFO - 24/10/11 13:33:32 INFO MemoryStore: Block broadcast_12 stored as values in memory (estimated size 204.2 KiB, free 433.4 MiB)
[2024-10-11T13:33:32.786+0000] {spark_submit.py:649} INFO - 24/10/11 13:33:32 INFO MemoryStore: Block broadcast_12_piece0 stored as bytes in memory (estimated size 35.3 KiB, free 433.4 MiB)
[2024-10-11T13:33:32.787+0000] {spark_submit.py:649} INFO - 24/10/11 13:33:32 INFO BlockManagerInfo: Added broadcast_12_piece0 in memory on yellow-cab-airflow-scheduler:43903 (size: 35.3 KiB, free: 434.2 MiB)
[2024-10-11T13:33:32.788+0000] {spark_submit.py:649} INFO - 24/10/11 13:33:32 INFO SparkContext: Created broadcast 12 from toPandas at /spark-scripts/taxi_etl.py:121
[2024-10-11T13:33:32.790+0000] {spark_submit.py:649} INFO - 24/10/11 13:33:32 INFO FileSourceScanExec: Planning scan with bin packing, max size: 4194304 bytes, open cost is considered as scanning 4194304 bytes.
[2024-10-11T13:33:32.797+0000] {spark_submit.py:649} INFO - 24/10/11 13:33:32 INFO DAGScheduler: Registering RDD 33 (toPandas at /spark-scripts/taxi_etl.py:121) as input to shuffle 3
[2024-10-11T13:33:32.798+0000] {spark_submit.py:649} INFO - 24/10/11 13:33:32 INFO DAGScheduler: Got map stage job 8 (toPandas at /spark-scripts/taxi_etl.py:121) with 1 output partitions
[2024-10-11T13:33:32.798+0000] {spark_submit.py:649} INFO - 24/10/11 13:33:32 INFO DAGScheduler: Final stage: ShuffleMapStage 11 (toPandas at /spark-scripts/taxi_etl.py:121)
[2024-10-11T13:33:32.798+0000] {spark_submit.py:649} INFO - 24/10/11 13:33:32 INFO DAGScheduler: Parents of final stage: List()
[2024-10-11T13:33:32.799+0000] {spark_submit.py:649} INFO - 24/10/11 13:33:32 INFO DAGScheduler: Missing parents: List()
[2024-10-11T13:33:32.799+0000] {spark_submit.py:649} INFO - 24/10/11 13:33:32 INFO DAGScheduler: Submitting ShuffleMapStage 11 (MapPartitionsRDD[33] at toPandas at /spark-scripts/taxi_etl.py:121), which has no missing parents
[2024-10-11T13:33:32.800+0000] {spark_submit.py:649} INFO - 24/10/11 13:33:32 INFO MemoryStore: Block broadcast_13 stored as values in memory (estimated size 27.4 KiB, free 433.4 MiB)
[2024-10-11T13:33:32.801+0000] {spark_submit.py:649} INFO - 24/10/11 13:33:32 INFO MemoryStore: Block broadcast_13_piece0 stored as bytes in memory (estimated size 12.7 KiB, free 433.4 MiB)
[2024-10-11T13:33:32.803+0000] {spark_submit.py:649} INFO - 24/10/11 13:33:32 INFO BlockManagerInfo: Added broadcast_13_piece0 in memory on yellow-cab-airflow-scheduler:43903 (size: 12.7 KiB, free: 434.2 MiB)
[2024-10-11T13:33:32.803+0000] {spark_submit.py:649} INFO - 24/10/11 13:33:32 INFO SparkContext: Created broadcast 13 from broadcast at DAGScheduler.scala:1513
[2024-10-11T13:33:32.804+0000] {spark_submit.py:649} INFO - 24/10/11 13:33:32 INFO DAGScheduler: Submitting 1 missing tasks from ShuffleMapStage 11 (MapPartitionsRDD[33] at toPandas at /spark-scripts/taxi_etl.py:121) (first 15 tasks are for partitions Vector(0))
[2024-10-11T13:33:32.804+0000] {spark_submit.py:649} INFO - 24/10/11 13:33:32 INFO TaskSchedulerImpl: Adding task set 11.0 with 1 tasks resource profile 0
[2024-10-11T13:33:32.805+0000] {spark_submit.py:649} INFO - 24/10/11 13:33:32 INFO TaskSetManager: Starting task 0.0 in stage 11.0 (TID 8) (172.24.0.3, executor 0, partition 0, PROCESS_LOCAL, 4904 bytes) taskResourceAssignments Map()
[2024-10-11T13:33:32.820+0000] {spark_submit.py:649} INFO - 24/10/11 13:33:32 INFO BlockManagerInfo: Added broadcast_13_piece0 in memory on 172.24.0.3:36791 (size: 12.7 KiB, free: 434.3 MiB)
[2024-10-11T13:33:32.842+0000] {spark_submit.py:649} INFO - 24/10/11 13:33:32 INFO BlockManagerInfo: Added broadcast_12_piece0 in memory on 172.24.0.3:36791 (size: 35.3 KiB, free: 434.2 MiB)
[2024-10-11T13:33:32.940+0000] {spark_submit.py:649} INFO - 24/10/11 13:33:32 INFO TaskSetManager: Finished task 0.0 in stage 11.0 (TID 8) in 135 ms on 172.24.0.3 (executor 0) (1/1)
[2024-10-11T13:33:32.941+0000] {spark_submit.py:649} INFO - 24/10/11 13:33:32 INFO TaskSchedulerImpl: Removed TaskSet 11.0, whose tasks have all completed, from pool
[2024-10-11T13:33:32.942+0000] {spark_submit.py:649} INFO - 24/10/11 13:33:32 INFO DAGScheduler: ShuffleMapStage 11 (toPandas at /spark-scripts/taxi_etl.py:121) finished in 0.142 s
[2024-10-11T13:33:32.942+0000] {spark_submit.py:649} INFO - 24/10/11 13:33:32 INFO DAGScheduler: looking for newly runnable stages
[2024-10-11T13:33:32.942+0000] {spark_submit.py:649} INFO - 24/10/11 13:33:32 INFO DAGScheduler: running: Set()
[2024-10-11T13:33:32.943+0000] {spark_submit.py:649} INFO - 24/10/11 13:33:32 INFO DAGScheduler: waiting: Set()
[2024-10-11T13:33:32.943+0000] {spark_submit.py:649} INFO - 24/10/11 13:33:32 INFO DAGScheduler: failed: Set()
[2024-10-11T13:33:32.948+0000] {spark_submit.py:649} INFO - 24/10/11 13:33:32 INFO ShufflePartitionsUtil: For shuffle(3), advisory target size: 67108864, actual target size 1048576, minimum partition size: 1048576
[2024-10-11T13:33:32.954+0000] {spark_submit.py:649} INFO - 24/10/11 13:33:32 INFO HashAggregateExec: spark.sql.codegen.aggregate.map.twolevel.enabled is set to true, but current version of codegened fast hashmap does not support this aggregate.
[2024-10-11T13:33:32.973+0000] {spark_submit.py:649} INFO - 24/10/11 13:33:32 INFO SparkContext: Starting job: toPandas at /spark-scripts/taxi_etl.py:121
[2024-10-11T13:33:32.974+0000] {spark_submit.py:649} INFO - 24/10/11 13:33:32 INFO DAGScheduler: Got job 9 (toPandas at /spark-scripts/taxi_etl.py:121) with 1 output partitions
[2024-10-11T13:33:32.975+0000] {spark_submit.py:649} INFO - 24/10/11 13:33:32 INFO DAGScheduler: Final stage: ResultStage 13 (toPandas at /spark-scripts/taxi_etl.py:121)
[2024-10-11T13:33:32.975+0000] {spark_submit.py:649} INFO - 24/10/11 13:33:32 INFO DAGScheduler: Parents of final stage: List(ShuffleMapStage 12)
[2024-10-11T13:33:32.975+0000] {spark_submit.py:649} INFO - 24/10/11 13:33:32 INFO DAGScheduler: Missing parents: List()
[2024-10-11T13:33:32.976+0000] {spark_submit.py:649} INFO - 24/10/11 13:33:32 INFO DAGScheduler: Submitting ResultStage 13 (MapPartitionsRDD[36] at toPandas at /spark-scripts/taxi_etl.py:121), which has no missing parents
[2024-10-11T13:33:32.978+0000] {spark_submit.py:649} INFO - 24/10/11 13:33:32 INFO MemoryStore: Block broadcast_14 stored as values in memory (estimated size 37.3 KiB, free 433.3 MiB)
[2024-10-11T13:33:32.988+0000] {spark_submit.py:649} INFO - 24/10/11 13:33:32 INFO MemoryStore: Block broadcast_14_piece0 stored as bytes in memory (estimated size 17.7 KiB, free 433.3 MiB)
[2024-10-11T13:33:32.988+0000] {spark_submit.py:649} INFO - 24/10/11 13:33:32 INFO BlockManagerInfo: Added broadcast_14_piece0 in memory on yellow-cab-airflow-scheduler:43903 (size: 17.7 KiB, free: 434.2 MiB)
[2024-10-11T13:33:32.989+0000] {spark_submit.py:649} INFO - 24/10/11 13:33:32 INFO BlockManagerInfo: Removed broadcast_13_piece0 on yellow-cab-airflow-scheduler:43903 in memory (size: 12.7 KiB, free: 434.2 MiB)
[2024-10-11T13:33:32.991+0000] {spark_submit.py:649} INFO - 24/10/11 13:33:32 INFO SparkContext: Created broadcast 14 from broadcast at DAGScheduler.scala:1513
[2024-10-11T13:33:32.991+0000] {spark_submit.py:649} INFO - 24/10/11 13:33:32 INFO DAGScheduler: Submitting 1 missing tasks from ResultStage 13 (MapPartitionsRDD[36] at toPandas at /spark-scripts/taxi_etl.py:121) (first 15 tasks are for partitions Vector(0))
[2024-10-11T13:33:32.992+0000] {spark_submit.py:649} INFO - 24/10/11 13:33:32 INFO TaskSchedulerImpl: Adding task set 13.0 with 1 tasks resource profile 0
[2024-10-11T13:33:32.992+0000] {spark_submit.py:649} INFO - 24/10/11 13:33:32 INFO TaskSetManager: Starting task 0.0 in stage 13.0 (TID 9) (172.24.0.3, executor 0, partition 0, NODE_LOCAL, 4457 bytes) taskResourceAssignments Map()
[2024-10-11T13:33:32.993+0000] {spark_submit.py:649} INFO - 24/10/11 13:33:32 INFO BlockManagerInfo: Removed broadcast_13_piece0 on 172.24.0.3:36791 in memory (size: 12.7 KiB, free: 434.2 MiB)
[2024-10-11T13:33:33.001+0000] {spark_submit.py:649} INFO - 24/10/11 13:33:33 INFO BlockManagerInfo: Removed broadcast_11_piece0 on yellow-cab-airflow-scheduler:43903 in memory (size: 17.8 KiB, free: 434.2 MiB)
[2024-10-11T13:33:33.005+0000] {spark_submit.py:649} INFO - 24/10/11 13:33:33 INFO BlockManagerInfo: Removed broadcast_11_piece0 on 172.24.0.3:36791 in memory (size: 17.8 KiB, free: 434.3 MiB)
[2024-10-11T13:33:33.010+0000] {spark_submit.py:649} INFO - 24/10/11 13:33:33 INFO BlockManagerInfo: Added broadcast_14_piece0 in memory on 172.24.0.3:36791 (size: 17.7 KiB, free: 434.2 MiB)
[2024-10-11T13:33:33.018+0000] {spark_submit.py:649} INFO - 24/10/11 13:33:33 INFO MapOutputTrackerMasterEndpoint: Asked to send map output locations for shuffle 3 to 172.24.0.3:58578
[2024-10-11T13:33:33.030+0000] {spark_submit.py:649} INFO - 24/10/11 13:33:33 INFO TaskSetManager: Finished task 0.0 in stage 13.0 (TID 9) in 39 ms on 172.24.0.3 (executor 0) (1/1)
[2024-10-11T13:33:33.031+0000] {spark_submit.py:649} INFO - 24/10/11 13:33:33 INFO TaskSchedulerImpl: Removed TaskSet 13.0, whose tasks have all completed, from pool
[2024-10-11T13:33:33.031+0000] {spark_submit.py:649} INFO - 24/10/11 13:33:33 INFO DAGScheduler: ResultStage 13 (toPandas at /spark-scripts/taxi_etl.py:121) finished in 0.054 s
[2024-10-11T13:33:33.031+0000] {spark_submit.py:649} INFO - 24/10/11 13:33:33 INFO DAGScheduler: Job 9 is finished. Cancelling potential speculative or zombie tasks for this job
[2024-10-11T13:33:33.032+0000] {spark_submit.py:649} INFO - 24/10/11 13:33:33 INFO TaskSchedulerImpl: Killing all running tasks in stage 13: Stage finished
[2024-10-11T13:33:33.032+0000] {spark_submit.py:649} INFO - 24/10/11 13:33:33 INFO DAGScheduler: Job 9 finished: toPandas at /spark-scripts/taxi_etl.py:121, took 0.057779 s
[2024-10-11T13:33:49.140+0000] {spark_submit.py:649} INFO - 24/10/11 13:33:49 INFO FileSourceStrategy: Pushed Filters:
[2024-10-11T13:33:49.140+0000] {spark_submit.py:649} INFO - 24/10/11 13:33:49 INFO FileSourceStrategy: Post-Scan Filters: atleastnnonnulls(4, tpep_pickup_datetime#32, tpep_dropoff_datetime#33, pickup_longitude#36, pickup_latitude#37)
[2024-10-11T13:33:49.141+0000] {spark_submit.py:649} INFO - 24/10/11 13:33:49 INFO FileSourceStrategy: Output Data Schema: struct<tpep_pickup_datetime: timestamp, tpep_dropoff_datetime: timestamp, pickup_longitude: double, pickup_latitude: double ... 2 more fields>
[2024-10-11T13:33:49.152+0000] {spark_submit.py:649} INFO - 24/10/11 13:33:49 INFO HashAggregateExec: spark.sql.codegen.aggregate.map.twolevel.enabled is set to true, but current version of codegened fast hashmap does not support this aggregate.
[2024-10-11T13:33:49.172+0000] {spark_submit.py:649} INFO - 24/10/11 13:33:49 INFO CodeGenerator: Code generated in 15.89775 ms
[2024-10-11T13:33:49.175+0000] {spark_submit.py:649} INFO - 24/10/11 13:33:49 INFO MemoryStore: Block broadcast_15 stored as values in memory (estimated size 204.2 KiB, free 433.2 MiB)
[2024-10-11T13:33:49.182+0000] {spark_submit.py:649} INFO - 24/10/11 13:33:49 INFO MemoryStore: Block broadcast_15_piece0 stored as bytes in memory (estimated size 35.3 KiB, free 433.2 MiB)
[2024-10-11T13:33:49.182+0000] {spark_submit.py:649} INFO - 24/10/11 13:33:49 INFO BlockManagerInfo: Added broadcast_15_piece0 in memory on yellow-cab-airflow-scheduler:43903 (size: 35.3 KiB, free: 434.2 MiB)
[2024-10-11T13:33:49.183+0000] {spark_submit.py:649} INFO - 24/10/11 13:33:49 INFO SparkContext: Created broadcast 15 from toPandas at /spark-scripts/taxi_etl.py:124
[2024-10-11T13:33:49.184+0000] {spark_submit.py:649} INFO - 24/10/11 13:33:49 INFO FileSourceScanExec: Planning scan with bin packing, max size: 4194304 bytes, open cost is considered as scanning 4194304 bytes.
[2024-10-11T13:33:49.188+0000] {spark_submit.py:649} INFO - 24/10/11 13:33:49 INFO DAGScheduler: Registering RDD 40 (toPandas at /spark-scripts/taxi_etl.py:124) as input to shuffle 4
[2024-10-11T13:33:49.188+0000] {spark_submit.py:649} INFO - 24/10/11 13:33:49 INFO DAGScheduler: Got map stage job 10 (toPandas at /spark-scripts/taxi_etl.py:124) with 1 output partitions
[2024-10-11T13:33:49.188+0000] {spark_submit.py:649} INFO - 24/10/11 13:33:49 INFO DAGScheduler: Final stage: ShuffleMapStage 14 (toPandas at /spark-scripts/taxi_etl.py:124)
[2024-10-11T13:33:49.189+0000] {spark_submit.py:649} INFO - 24/10/11 13:33:49 INFO DAGScheduler: Parents of final stage: List()
[2024-10-11T13:33:49.189+0000] {spark_submit.py:649} INFO - 24/10/11 13:33:49 INFO DAGScheduler: Missing parents: List()
[2024-10-11T13:33:49.189+0000] {spark_submit.py:649} INFO - 24/10/11 13:33:49 INFO DAGScheduler: Submitting ShuffleMapStage 14 (MapPartitionsRDD[40] at toPandas at /spark-scripts/taxi_etl.py:124), which has no missing parents
[2024-10-11T13:33:49.190+0000] {spark_submit.py:649} INFO - 24/10/11 13:33:49 INFO MemoryStore: Block broadcast_16 stored as values in memory (estimated size 27.1 KiB, free 433.2 MiB)
[2024-10-11T13:33:49.196+0000] {spark_submit.py:649} INFO - 24/10/11 13:33:49 INFO MemoryStore: Block broadcast_16_piece0 stored as bytes in memory (estimated size 12.5 KiB, free 433.1 MiB)
[2024-10-11T13:33:49.197+0000] {spark_submit.py:649} INFO - 24/10/11 13:33:49 INFO BlockManagerInfo: Added broadcast_16_piece0 in memory on yellow-cab-airflow-scheduler:43903 (size: 12.5 KiB, free: 434.2 MiB)
[2024-10-11T13:33:49.197+0000] {spark_submit.py:649} INFO - 24/10/11 13:33:49 INFO BlockManagerInfo: Removed broadcast_14_piece0 on yellow-cab-airflow-scheduler:43903 in memory (size: 17.7 KiB, free: 434.2 MiB)
[2024-10-11T13:33:49.197+0000] {spark_submit.py:649} INFO - 24/10/11 13:33:49 INFO SparkContext: Created broadcast 16 from broadcast at DAGScheduler.scala:1513
[2024-10-11T13:33:49.198+0000] {spark_submit.py:649} INFO - 24/10/11 13:33:49 INFO DAGScheduler: Submitting 1 missing tasks from ShuffleMapStage 14 (MapPartitionsRDD[40] at toPandas at /spark-scripts/taxi_etl.py:124) (first 15 tasks are for partitions Vector(0))
[2024-10-11T13:33:49.198+0000] {spark_submit.py:649} INFO - 24/10/11 13:33:49 INFO TaskSchedulerImpl: Adding task set 14.0 with 1 tasks resource profile 0
[2024-10-11T13:33:49.202+0000] {spark_submit.py:649} INFO - 24/10/11 13:33:49 INFO TaskSetManager: Starting task 0.0 in stage 14.0 (TID 10) (172.24.0.3, executor 0, partition 0, PROCESS_LOCAL, 4904 bytes) taskResourceAssignments Map()
[2024-10-11T13:33:49.210+0000] {spark_submit.py:649} INFO - 24/10/11 13:33:49 INFO BlockManagerInfo: Removed broadcast_14_piece0 on 172.24.0.3:36791 in memory (size: 17.7 KiB, free: 434.3 MiB)
[2024-10-11T13:33:49.219+0000] {spark_submit.py:649} INFO - 24/10/11 13:33:49 INFO BlockManagerInfo: Added broadcast_16_piece0 in memory on 172.24.0.3:36791 (size: 12.5 KiB, free: 434.2 MiB)
[2024-10-11T13:33:49.285+0000] {spark_submit.py:649} INFO - 24/10/11 13:33:49 INFO BlockManagerInfo: Added broadcast_15_piece0 in memory on 172.24.0.3:36791 (size: 35.3 KiB, free: 434.2 MiB)
[2024-10-11T13:33:49.604+0000] {spark_submit.py:649} INFO - 24/10/11 13:33:49 INFO TaskSetManager: Finished task 0.0 in stage 14.0 (TID 10) in 402 ms on 172.24.0.3 (executor 0) (1/1)
[2024-10-11T13:33:49.604+0000] {spark_submit.py:649} INFO - 24/10/11 13:33:49 INFO TaskSchedulerImpl: Removed TaskSet 14.0, whose tasks have all completed, from pool
[2024-10-11T13:33:49.605+0000] {spark_submit.py:649} INFO - 24/10/11 13:33:49 INFO DAGScheduler: ShuffleMapStage 14 (toPandas at /spark-scripts/taxi_etl.py:124) finished in 0.415 s
[2024-10-11T13:33:49.605+0000] {spark_submit.py:649} INFO - 24/10/11 13:33:49 INFO DAGScheduler: looking for newly runnable stages
[2024-10-11T13:33:49.606+0000] {spark_submit.py:649} INFO - 24/10/11 13:33:49 INFO DAGScheduler: running: Set()
[2024-10-11T13:33:49.606+0000] {spark_submit.py:649} INFO - 24/10/11 13:33:49 INFO DAGScheduler: waiting: Set()
[2024-10-11T13:33:49.606+0000] {spark_submit.py:649} INFO - 24/10/11 13:33:49 INFO DAGScheduler: failed: Set()
[2024-10-11T13:33:49.610+0000] {spark_submit.py:649} INFO - 24/10/11 13:33:49 INFO ShufflePartitionsUtil: For shuffle(4), advisory target size: 67108864, actual target size 1048576, minimum partition size: 1048576
[2024-10-11T13:33:49.615+0000] {spark_submit.py:649} INFO - 24/10/11 13:33:49 INFO HashAggregateExec: spark.sql.codegen.aggregate.map.twolevel.enabled is set to true, but current version of codegened fast hashmap does not support this aggregate.
[2024-10-11T13:33:49.644+0000] {spark_submit.py:649} INFO - 24/10/11 13:33:49 INFO CodeGenerator: Code generated in 18.952542 ms
[2024-10-11T13:33:49.665+0000] {spark_submit.py:649} INFO - 24/10/11 13:33:49 INFO SparkContext: Starting job: toPandas at /spark-scripts/taxi_etl.py:124
[2024-10-11T13:33:49.666+0000] {spark_submit.py:649} INFO - 24/10/11 13:33:49 INFO DAGScheduler: Got job 11 (toPandas at /spark-scripts/taxi_etl.py:124) with 1 output partitions
[2024-10-11T13:33:49.666+0000] {spark_submit.py:649} INFO - 24/10/11 13:33:49 INFO DAGScheduler: Final stage: ResultStage 16 (toPandas at /spark-scripts/taxi_etl.py:124)
[2024-10-11T13:33:49.667+0000] {spark_submit.py:649} INFO - 24/10/11 13:33:49 INFO DAGScheduler: Parents of final stage: List(ShuffleMapStage 15)
[2024-10-11T13:33:49.667+0000] {spark_submit.py:649} INFO - 24/10/11 13:33:49 INFO DAGScheduler: Missing parents: List()
[2024-10-11T13:33:49.667+0000] {spark_submit.py:649} INFO - 24/10/11 13:33:49 INFO DAGScheduler: Submitting ResultStage 16 (MapPartitionsRDD[43] at toPandas at /spark-scripts/taxi_etl.py:124), which has no missing parents
[2024-10-11T13:33:49.672+0000] {spark_submit.py:649} INFO - 24/10/11 13:33:49 INFO MemoryStore: Block broadcast_17 stored as values in memory (estimated size 47.2 KiB, free 433.1 MiB)
[2024-10-11T13:33:49.673+0000] {spark_submit.py:649} INFO - 24/10/11 13:33:49 INFO MemoryStore: Block broadcast_17_piece0 stored as bytes in memory (estimated size 20.7 KiB, free 433.1 MiB)
[2024-10-11T13:33:49.674+0000] {spark_submit.py:649} INFO - 24/10/11 13:33:49 INFO BlockManagerInfo: Added broadcast_17_piece0 in memory on yellow-cab-airflow-scheduler:43903 (size: 20.7 KiB, free: 434.2 MiB)
[2024-10-11T13:33:49.674+0000] {spark_submit.py:649} INFO - 24/10/11 13:33:49 INFO SparkContext: Created broadcast 17 from broadcast at DAGScheduler.scala:1513
[2024-10-11T13:33:49.674+0000] {spark_submit.py:649} INFO - 24/10/11 13:33:49 INFO DAGScheduler: Submitting 1 missing tasks from ResultStage 16 (MapPartitionsRDD[43] at toPandas at /spark-scripts/taxi_etl.py:124) (first 15 tasks are for partitions Vector(0))
[2024-10-11T13:33:49.675+0000] {spark_submit.py:649} INFO - 24/10/11 13:33:49 INFO TaskSchedulerImpl: Adding task set 16.0 with 1 tasks resource profile 0
[2024-10-11T13:33:49.675+0000] {spark_submit.py:649} INFO - 24/10/11 13:33:49 INFO TaskSetManager: Starting task 0.0 in stage 16.0 (TID 11) (172.24.0.3, executor 0, partition 0, NODE_LOCAL, 4457 bytes) taskResourceAssignments Map()
[2024-10-11T13:33:49.684+0000] {spark_submit.py:649} INFO - 24/10/11 13:33:49 INFO BlockManagerInfo: Added broadcast_17_piece0 in memory on 172.24.0.3:36791 (size: 20.7 KiB, free: 434.2 MiB)
[2024-10-11T13:33:49.710+0000] {spark_submit.py:649} INFO - 24/10/11 13:33:49 INFO MapOutputTrackerMasterEndpoint: Asked to send map output locations for shuffle 4 to 172.24.0.3:58578
[2024-10-11T13:33:49.767+0000] {spark_submit.py:649} INFO - 24/10/11 13:33:49 INFO TaskSetManager: Finished task 0.0 in stage 16.0 (TID 11) in 92 ms on 172.24.0.3 (executor 0) (1/1)
[2024-10-11T13:33:49.768+0000] {spark_submit.py:649} INFO - 24/10/11 13:33:49 INFO TaskSchedulerImpl: Removed TaskSet 16.0, whose tasks have all completed, from pool
[2024-10-11T13:33:49.768+0000] {spark_submit.py:649} INFO - 24/10/11 13:33:49 INFO DAGScheduler: ResultStage 16 (toPandas at /spark-scripts/taxi_etl.py:124) finished in 0.097 s
[2024-10-11T13:33:49.768+0000] {spark_submit.py:649} INFO - 24/10/11 13:33:49 INFO DAGScheduler: Job 11 is finished. Cancelling potential speculative or zombie tasks for this job
[2024-10-11T13:33:49.768+0000] {spark_submit.py:649} INFO - 24/10/11 13:33:49 INFO TaskSchedulerImpl: Killing all running tasks in stage 16: Stage finished
[2024-10-11T13:33:49.769+0000] {spark_submit.py:649} INFO - 24/10/11 13:33:49 INFO DAGScheduler: Job 11 finished: toPandas at /spark-scripts/taxi_etl.py:124, took 0.103037 s
[2024-10-11T13:33:49.804+0000] {spark_submit.py:649} INFO - Traceback (most recent call last):
[2024-10-11T13:33:49.804+0000] {spark_submit.py:649} INFO - File "/spark-scripts/taxi_etl.py", line 133, in <module>
[2024-10-11T13:33:49.805+0000] {spark_submit.py:649} INFO - main()
[2024-10-11T13:33:49.805+0000] {spark_submit.py:649} INFO - File "/spark-scripts/taxi_etl.py", line 124, in main
[2024-10-11T13:33:49.805+0000] {spark_submit.py:649} INFO - dim_datetime_write = client.load_table_from_dataframe(dim_datetime.toPandas(), f"{PROJECT_ID}.{DATASET_ID}.dim_datetime", job_config=job_config)
[2024-10-11T13:33:49.806+0000] {spark_submit.py:649} INFO - File "/home/airflow/.local/lib/python3.9/site-packages/pyspark/python/lib/pyspark.zip/pyspark/sql/pandas/conversion.py", line 248, in toPandas
[2024-10-11T13:33:49.806+0000] {spark_submit.py:649} INFO - File "/home/airflow/.local/lib/python3.9/site-packages/pandas/core/generic.py", line 6643, in astype
[2024-10-11T13:33:49.807+0000] {spark_submit.py:649} INFO - new_data = self._mgr.astype(dtype=dtype, copy=copy, errors=errors)
[2024-10-11T13:33:49.807+0000] {spark_submit.py:649} INFO - File "/home/airflow/.local/lib/python3.9/site-packages/pandas/core/internals/managers.py", line 430, in astype
[2024-10-11T13:33:49.807+0000] {spark_submit.py:649} INFO - return self.apply(
[2024-10-11T13:33:49.808+0000] {spark_submit.py:649} INFO - File "/home/airflow/.local/lib/python3.9/site-packages/pandas/core/internals/managers.py", line 363, in apply
[2024-10-11T13:33:49.808+0000] {spark_submit.py:649} INFO - applied = getattr(b, f)(**kwargs)
[2024-10-11T13:33:49.808+0000] {spark_submit.py:649} INFO - File "/home/airflow/.local/lib/python3.9/site-packages/pandas/core/internals/blocks.py", line 758, in astype
[2024-10-11T13:33:49.808+0000] {spark_submit.py:649} INFO - new_values = astype_array_safe(values, dtype, copy=copy, errors=errors)
[2024-10-11T13:33:49.808+0000] {spark_submit.py:649} INFO - File "/home/airflow/.local/lib/python3.9/site-packages/pandas/core/dtypes/astype.py", line 237, in astype_array_safe
[2024-10-11T13:33:49.809+0000] {spark_submit.py:649} INFO - new_values = astype_array(values, dtype, copy=copy)
[2024-10-11T13:33:49.809+0000] {spark_submit.py:649} INFO - File "/home/airflow/.local/lib/python3.9/site-packages/pandas/core/dtypes/astype.py", line 179, in astype_array
[2024-10-11T13:33:49.809+0000] {spark_submit.py:649} INFO - values = values.astype(dtype, copy=copy)
[2024-10-11T13:33:49.809+0000] {spark_submit.py:649} INFO - File "/home/airflow/.local/lib/python3.9/site-packages/pandas/core/arrays/datetimes.py", line 732, in astype
[2024-10-11T13:33:49.809+0000] {spark_submit.py:649} INFO - raise TypeError(
[2024-10-11T13:33:49.810+0000] {spark_submit.py:649} INFO - TypeError: Casting to unit-less dtype 'datetime64' is not supported. Pass e.g. 'datetime64[ns]' instead.
[2024-10-11T13:33:50.045+0000] {spark_submit.py:649} INFO - 24/10/11 13:33:50 INFO SparkContext: Invoking stop() from shutdown hook
[2024-10-11T13:33:50.057+0000] {spark_submit.py:649} INFO - 24/10/11 13:33:50 INFO SparkUI: Stopped Spark web UI at http://yellow-cab-airflow-scheduler:4040
[2024-10-11T13:33:50.060+0000] {spark_submit.py:649} INFO - 24/10/11 13:33:50 INFO StandaloneSchedulerBackend: Shutting down all executors
[2024-10-11T13:33:50.060+0000] {spark_submit.py:649} INFO - 24/10/11 13:33:50 INFO CoarseGrainedSchedulerBackend$DriverEndpoint: Asking each executor to shut down
[2024-10-11T13:33:50.084+0000] {spark_submit.py:649} INFO - 24/10/11 13:33:50 INFO MapOutputTrackerMasterEndpoint: MapOutputTrackerMasterEndpoint stopped!
[2024-10-11T13:33:50.141+0000] {spark_submit.py:649} INFO - 24/10/11 13:33:50 INFO MemoryStore: MemoryStore cleared
[2024-10-11T13:33:50.142+0000] {spark_submit.py:649} INFO - 24/10/11 13:33:50 INFO BlockManager: BlockManager stopped
[2024-10-11T13:33:50.145+0000] {spark_submit.py:649} INFO - 24/10/11 13:33:50 INFO BlockManagerMaster: BlockManagerMaster stopped
[2024-10-11T13:33:50.149+0000] {spark_submit.py:649} INFO - 24/10/11 13:33:50 INFO OutputCommitCoordinator$OutputCommitCoordinatorEndpoint: OutputCommitCoordinator stopped!
[2024-10-11T13:33:50.192+0000] {spark_submit.py:649} INFO - 24/10/11 13:33:50 INFO SparkContext: Successfully stopped SparkContext
[2024-10-11T13:33:50.193+0000] {spark_submit.py:649} INFO - 24/10/11 13:33:50 INFO ShutdownHookManager: Shutdown hook called
[2024-10-11T13:33:50.194+0000] {spark_submit.py:649} INFO - 24/10/11 13:33:50 INFO ShutdownHookManager: Deleting directory /tmp/spark-89667010-7887-4f78-8eec-5304d23d2640
[2024-10-11T13:33:50.202+0000] {spark_submit.py:649} INFO - 24/10/11 13:33:50 INFO ShutdownHookManager: Deleting directory /tmp/spark-14e9e567-6bd1-4de9-b327-6dd95bdcc279
[2024-10-11T13:33:50.210+0000] {spark_submit.py:649} INFO - 24/10/11 13:33:50 INFO ShutdownHookManager: Deleting directory /tmp/spark-14e9e567-6bd1-4de9-b327-6dd95bdcc279/pyspark-5f20b8a6-abd1-445d-a6f3-19b755e8ef29
[2024-10-11T13:33:50.265+0000] {taskinstance.py:441} INFO - ::group::Post task execution logs
[2024-10-11T13:33:50.295+0000] {taskinstance.py:2905} ERROR - Task failed with exception
Traceback (most recent call last):
  File "/home/airflow/.local/lib/python3.9/site-packages/airflow/models/taskinstance.py", line 465, in _execute_task
    result = _execute_callable(context=context, **execute_callable_kwargs)
  File "/home/airflow/.local/lib/python3.9/site-packages/airflow/models/taskinstance.py", line 432, in _execute_callable
    return execute_callable(context=context, **execute_callable_kwargs)
  File "/home/airflow/.local/lib/python3.9/site-packages/airflow/models/baseoperator.py", line 400, in wrapper
    return func(self, *args, **kwargs)
  File "/home/airflow/.local/lib/python3.9/site-packages/airflow/providers/apache/spark/operators/spark_submit.py", line 176, in execute
    self._hook.submit(self.application)
  File "/home/airflow/.local/lib/python3.9/site-packages/airflow/providers/apache/spark/hooks/spark_submit.py", line 575, in submit
    raise AirflowException(
airflow.exceptions.AirflowException: Cannot execute: spark-submit --master spark://spark-master:7077 --conf spark.jars.packages=org.apache.sedona:sedona-python-adapter-3.0_2.12:1.2.0-incubating,org.datasyslab:geotools-wrapper:geotools-24.0 --conf spark.jars.repositories=https://repo1.maven.org/maven2/ --name arrow-spark --deploy-mode client /spark-scripts/taxi_etl.py. Error code is: 1.
[2024-10-11T13:33:50.301+0000] {taskinstance.py:1206} INFO - Marking task as FAILED. dag_id=etl_yellow_cab, task_id=etl_task, run_id=manual__2024-10-11T07:14:16.194830+00:00, execution_date=20241011T071416, start_date=20241011T133259, end_date=20241011T133350
[2024-10-11T13:33:50.353+0000] {standard_task_runner.py:110} ERROR - Failed to execute job 49 for task etl_task (Cannot execute: spark-submit --master spark://spark-master:7077 --conf spark.jars.packages=org.apache.sedona:sedona-python-adapter-3.0_2.12:1.2.0-incubating,org.datasyslab:geotools-wrapper:geotools-24.0 --conf spark.jars.repositories=https://repo1.maven.org/maven2/ --name arrow-spark --deploy-mode client /spark-scripts/taxi_etl.py. Error code is: 1.; 1514)
[2024-10-11T13:33:50.392+0000] {local_task_job_runner.py:240} INFO - Task exited with return code 1
[2024-10-11T13:33:50.413+0000] {taskinstance.py:3498} INFO - 0 downstream tasks scheduled from follow-on schedule check
[2024-10-11T13:33:50.414+0000] {local_task_job_runner.py:222} INFO - ::endgroup::
