[2024-10-11T13:28:37.877+0000] {local_task_job_runner.py:120} INFO - ::group::Pre task execution logs
[2024-10-11T13:28:37.909+0000] {taskinstance.py:2076} INFO - Dependencies all met for dep_context=non-requeueable deps ti=<TaskInstance: etl_yellow_cab.etl_task manual__2024-10-11T07:14:16.194830+00:00 [queued]>
[2024-10-11T13:28:37.915+0000] {taskinstance.py:2076} INFO - Dependencies all met for dep_context=requeueable deps ti=<TaskInstance: etl_yellow_cab.etl_task manual__2024-10-11T07:14:16.194830+00:00 [queued]>
[2024-10-11T13:28:37.916+0000] {taskinstance.py:2306} INFO - Starting attempt 26 of 26
[2024-10-11T13:28:37.925+0000] {taskinstance.py:2330} INFO - Executing <Task(SparkSubmitOperator): etl_task> on 2024-10-11 07:14:16.194830+00:00
[2024-10-11T13:28:37.931+0000] {standard_task_runner.py:63} INFO - Started process 883 to run task
[2024-10-11T13:28:37.935+0000] {standard_task_runner.py:90} INFO - Running: ['airflow', 'tasks', 'run', 'etl_yellow_cab', 'etl_task', 'manual__2024-10-11T07:14:16.194830+00:00', '--job-id', '47', '--raw', '--subdir', 'DAGS_FOLDER/yellow-cab-batch.py', '--cfg-path', '/tmp/tmpabv3wu67']
[2024-10-11T13:28:37.938+0000] {standard_task_runner.py:91} INFO - Job 47: Subtask etl_task
[2024-10-11T13:28:37.960+0000] {logging_mixin.py:188} WARNING - /home/airflow/.local/lib/python3.9/site-packages/airflow/settings.py:195 DeprecationWarning: The sql_alchemy_conn option in [core] has been moved to the sql_alchemy_conn option in [database] - the old setting has been used, but please update your config.
[2024-10-11T13:28:37.996+0000] {task_command.py:426} INFO - Running <TaskInstance: etl_yellow_cab.etl_task manual__2024-10-11T07:14:16.194830+00:00 [running]> on host yellow-cab-airflow-scheduler
[2024-10-11T13:28:38.090+0000] {taskinstance.py:2648} INFO - Exporting env vars: AIRFLOW_CTX_DAG_OWNER='hafidz' AIRFLOW_CTX_DAG_ID='etl_yellow_cab' AIRFLOW_CTX_TASK_ID='etl_task' AIRFLOW_CTX_EXECUTION_DATE='2024-10-11T07:14:16.194830+00:00' AIRFLOW_CTX_TRY_NUMBER='26' AIRFLOW_CTX_DAG_RUN_ID='manual__2024-10-11T07:14:16.194830+00:00'
[2024-10-11T13:28:38.091+0000] {taskinstance.py:430} INFO - ::endgroup::
[2024-10-11T13:28:38.119+0000] {base.py:84} INFO - Using connection ID 'spark_main' for task execution.
[2024-10-11T13:28:38.120+0000] {spark_submit.py:473} INFO - Spark-Submit cmd: spark-submit --master spark://spark-master:7077 --conf spark.jars.packages=org.apache.sedona:sedona-python-adapter-3.0_2.12:1.2.0-incubating,org.datasyslab:geotools-wrapper:geotools-24.0 --conf spark.jars.repositories=https://repo1.maven.org/maven2/ --name arrow-spark --deploy-mode client /spark-scripts/taxi_etl.py
[2024-10-11T13:28:39.138+0000] {spark_submit.py:649} INFO - https://repo1.maven.org/maven2/ added as a remote repository with the name: repo-1
[2024-10-11T13:28:39.158+0000] {spark_submit.py:649} INFO - :: loading settings :: url = jar:file:/home/airflow/.local/lib/python3.9/site-packages/pyspark/jars/ivy-2.5.1.jar!/org/apache/ivy/core/settings/ivysettings.xml
[2024-10-11T13:28:39.198+0000] {spark_submit.py:649} INFO - Ivy Default Cache set to: /home/airflow/.ivy2/cache
[2024-10-11T13:28:39.199+0000] {spark_submit.py:649} INFO - The jars for the packages stored in: /home/airflow/.ivy2/jars
[2024-10-11T13:28:39.202+0000] {spark_submit.py:649} INFO - org.apache.sedona#sedona-python-adapter-3.0_2.12 added as a dependency
[2024-10-11T13:28:39.202+0000] {spark_submit.py:649} INFO - org.datasyslab#geotools-wrapper added as a dependency
[2024-10-11T13:28:39.202+0000] {spark_submit.py:649} INFO - :: resolving dependencies :: org.apache.spark#spark-submit-parent-be0ad2e2-155f-44e5-b736-0e2ca681cf6e;1.0
[2024-10-11T13:28:39.202+0000] {spark_submit.py:649} INFO - confs: [default]
[2024-10-11T13:28:39.325+0000] {spark_submit.py:649} INFO - found org.apache.sedona#sedona-python-adapter-3.0_2.12;1.2.0-incubating in central
[2024-10-11T13:28:39.347+0000] {spark_submit.py:649} INFO - found org.locationtech.jts#jts-core;1.18.0 in central
[2024-10-11T13:28:39.361+0000] {spark_submit.py:649} INFO - found org.wololo#jts2geojson;0.16.1 in central
[2024-10-11T13:28:39.377+0000] {spark_submit.py:649} INFO - found org.apache.sedona#sedona-core-3.0_2.12;1.2.0-incubating in central
[2024-10-11T13:28:39.390+0000] {spark_submit.py:649} INFO - found org.scala-lang.modules#scala-collection-compat_2.12;2.5.0 in central
[2024-10-11T13:28:39.407+0000] {spark_submit.py:649} INFO - found org.apache.sedona#sedona-sql-3.0_2.12;1.2.0-incubating in central
[2024-10-11T13:28:39.419+0000] {spark_submit.py:649} INFO - found org.datasyslab#geotools-wrapper;geotools-24.0 in central
[2024-10-11T13:28:39.437+0000] {spark_submit.py:649} INFO - :: resolution report :: resolve 225ms :: artifacts dl 10ms
[2024-10-11T13:28:39.437+0000] {spark_submit.py:649} INFO - :: modules in use:
[2024-10-11T13:28:39.437+0000] {spark_submit.py:649} INFO - org.apache.sedona#sedona-core-3.0_2.12;1.2.0-incubating from central in [default]
[2024-10-11T13:28:39.438+0000] {spark_submit.py:649} INFO - org.apache.sedona#sedona-python-adapter-3.0_2.12;1.2.0-incubating from central in [default]
[2024-10-11T13:28:39.438+0000] {spark_submit.py:649} INFO - org.apache.sedona#sedona-sql-3.0_2.12;1.2.0-incubating from central in [default]
[2024-10-11T13:28:39.438+0000] {spark_submit.py:649} INFO - org.datasyslab#geotools-wrapper;geotools-24.0 from central in [default]
[2024-10-11T13:28:39.438+0000] {spark_submit.py:649} INFO - org.locationtech.jts#jts-core;1.18.0 from central in [default]
[2024-10-11T13:28:39.438+0000] {spark_submit.py:649} INFO - org.scala-lang.modules#scala-collection-compat_2.12;2.5.0 from central in [default]
[2024-10-11T13:28:39.439+0000] {spark_submit.py:649} INFO - org.wololo#jts2geojson;0.16.1 from central in [default]
[2024-10-11T13:28:39.439+0000] {spark_submit.py:649} INFO - ---------------------------------------------------------------------
[2024-10-11T13:28:39.439+0000] {spark_submit.py:649} INFO - |                  |            modules            ||   artifacts   |
[2024-10-11T13:28:39.439+0000] {spark_submit.py:649} INFO - |       conf       | number| search|dwnlded|evicted|| number|dwnlded|
[2024-10-11T13:28:39.439+0000] {spark_submit.py:649} INFO - ---------------------------------------------------------------------
[2024-10-11T13:28:39.440+0000] {spark_submit.py:649} INFO - |      default     |   7   |   0   |   0   |   0   ||   7   |   0   |
[2024-10-11T13:28:39.440+0000] {spark_submit.py:649} INFO - ---------------------------------------------------------------------
[2024-10-11T13:28:39.442+0000] {spark_submit.py:649} INFO - :: retrieving :: org.apache.spark#spark-submit-parent-be0ad2e2-155f-44e5-b736-0e2ca681cf6e
[2024-10-11T13:28:39.442+0000] {spark_submit.py:649} INFO - confs: [default]
[2024-10-11T13:28:39.450+0000] {spark_submit.py:649} INFO - 0 artifacts copied, 7 already retrieved (0kB/8ms)
[2024-10-11T13:28:39.569+0000] {spark_submit.py:649} INFO - 24/10/11 13:28:39 WARN NativeCodeLoader: Unable to load native-hadoop library for your platform... using builtin-java classes where applicable
[2024-10-11T13:28:41.236+0000] {spark_submit.py:649} INFO - 24/10/11 13:28:41 INFO SparkContext: Running Spark version 3.3.2
[2024-10-11T13:28:41.250+0000] {spark_submit.py:649} INFO - 24/10/11 13:28:41 INFO ResourceUtils: ==============================================================
[2024-10-11T13:28:41.253+0000] {spark_submit.py:649} INFO - 24/10/11 13:28:41 INFO ResourceUtils: No custom resources configured for spark.driver.
[2024-10-11T13:28:41.254+0000] {spark_submit.py:649} INFO - 24/10/11 13:28:41 INFO ResourceUtils: ==============================================================
[2024-10-11T13:28:41.254+0000] {spark_submit.py:649} INFO - 24/10/11 13:28:41 INFO SparkContext: Submitted application: BigQueryETL
[2024-10-11T13:28:41.264+0000] {spark_submit.py:649} INFO - 24/10/11 13:28:41 INFO ResourceProfile: Default ResourceProfile created, executor resources: Map(cores -> name: cores, amount: 1, script: , vendor: , memory -> name: memory, amount: 1024, script: , vendor: , offHeap -> name: offHeap, amount: 0, script: , vendor: ), task resources: Map(cpus -> name: cpus, amount: 1.0)
[2024-10-11T13:28:41.269+0000] {spark_submit.py:649} INFO - 24/10/11 13:28:41 INFO ResourceProfile: Limiting resource is cpu
[2024-10-11T13:28:41.270+0000] {spark_submit.py:649} INFO - 24/10/11 13:28:41 INFO ResourceProfileManager: Added ResourceProfile id: 0
[2024-10-11T13:28:41.313+0000] {spark_submit.py:649} INFO - 24/10/11 13:28:41 INFO SecurityManager: Changing view acls to: airflow
[2024-10-11T13:28:41.314+0000] {spark_submit.py:649} INFO - 24/10/11 13:28:41 INFO SecurityManager: Changing modify acls to: airflow
[2024-10-11T13:28:41.314+0000] {spark_submit.py:649} INFO - 24/10/11 13:28:41 INFO SecurityManager: Changing view acls groups to:
[2024-10-11T13:28:41.315+0000] {spark_submit.py:649} INFO - 24/10/11 13:28:41 INFO SecurityManager: Changing modify acls groups to:
[2024-10-11T13:28:41.315+0000] {spark_submit.py:649} INFO - 24/10/11 13:28:41 INFO SecurityManager: SecurityManager: authentication disabled; ui acls disabled; users  with view permissions: Set(airflow); groups with view permissions: Set(); users  with modify permissions: Set(airflow); groups with modify permissions: Set()
[2024-10-11T13:28:41.453+0000] {spark_submit.py:649} INFO - 24/10/11 13:28:41 INFO Utils: Successfully started service 'sparkDriver' on port 34309.
[2024-10-11T13:28:41.470+0000] {spark_submit.py:649} INFO - 24/10/11 13:28:41 INFO SparkEnv: Registering MapOutputTracker
[2024-10-11T13:28:41.492+0000] {spark_submit.py:649} INFO - 24/10/11 13:28:41 INFO SparkEnv: Registering BlockManagerMaster
[2024-10-11T13:28:41.510+0000] {spark_submit.py:649} INFO - 24/10/11 13:28:41 INFO BlockManagerMasterEndpoint: Using org.apache.spark.storage.DefaultTopologyMapper for getting topology information
[2024-10-11T13:28:41.511+0000] {spark_submit.py:649} INFO - 24/10/11 13:28:41 INFO BlockManagerMasterEndpoint: BlockManagerMasterEndpoint up
[2024-10-11T13:28:41.514+0000] {spark_submit.py:649} INFO - 24/10/11 13:28:41 INFO SparkEnv: Registering BlockManagerMasterHeartbeat
[2024-10-11T13:28:41.526+0000] {spark_submit.py:649} INFO - 24/10/11 13:28:41 INFO DiskBlockManager: Created local directory at /tmp/blockmgr-260dfa06-6196-4bfd-b5e5-8735b2664012
[2024-10-11T13:28:41.536+0000] {spark_submit.py:649} INFO - 24/10/11 13:28:41 INFO MemoryStore: MemoryStore started with capacity 434.4 MiB
[2024-10-11T13:28:41.544+0000] {spark_submit.py:649} INFO - 24/10/11 13:28:41 INFO SparkEnv: Registering OutputCommitCoordinator
[2024-10-11T13:28:41.649+0000] {spark_submit.py:649} INFO - 24/10/11 13:28:41 INFO Utils: Successfully started service 'SparkUI' on port 4040.
[2024-10-11T13:28:41.669+0000] {spark_submit.py:649} INFO - 24/10/11 13:28:41 INFO SparkContext: Added JAR file:///home/airflow/.ivy2/jars/org.apache.sedona_sedona-python-adapter-3.0_2.12-1.2.0-incubating.jar at spark://yellow-cab-airflow-scheduler:34309/jars/org.apache.sedona_sedona-python-adapter-3.0_2.12-1.2.0-incubating.jar with timestamp 1728653321231
[2024-10-11T13:28:41.671+0000] {spark_submit.py:649} INFO - 24/10/11 13:28:41 INFO SparkContext: Added JAR file:///home/airflow/.ivy2/jars/org.datasyslab_geotools-wrapper-geotools-24.0.jar at spark://yellow-cab-airflow-scheduler:34309/jars/org.datasyslab_geotools-wrapper-geotools-24.0.jar with timestamp 1728653321231
[2024-10-11T13:28:41.671+0000] {spark_submit.py:649} INFO - 24/10/11 13:28:41 INFO SparkContext: Added JAR file:///home/airflow/.ivy2/jars/org.locationtech.jts_jts-core-1.18.0.jar at spark://yellow-cab-airflow-scheduler:34309/jars/org.locationtech.jts_jts-core-1.18.0.jar with timestamp 1728653321231
[2024-10-11T13:28:41.671+0000] {spark_submit.py:649} INFO - 24/10/11 13:28:41 INFO SparkContext: Added JAR file:///home/airflow/.ivy2/jars/org.wololo_jts2geojson-0.16.1.jar at spark://yellow-cab-airflow-scheduler:34309/jars/org.wololo_jts2geojson-0.16.1.jar with timestamp 1728653321231
[2024-10-11T13:28:41.671+0000] {spark_submit.py:649} INFO - 24/10/11 13:28:41 INFO SparkContext: Added JAR file:///home/airflow/.ivy2/jars/org.apache.sedona_sedona-core-3.0_2.12-1.2.0-incubating.jar at spark://yellow-cab-airflow-scheduler:34309/jars/org.apache.sedona_sedona-core-3.0_2.12-1.2.0-incubating.jar with timestamp 1728653321231
[2024-10-11T13:28:41.672+0000] {spark_submit.py:649} INFO - 24/10/11 13:28:41 INFO SparkContext: Added JAR file:///home/airflow/.ivy2/jars/org.apache.sedona_sedona-sql-3.0_2.12-1.2.0-incubating.jar at spark://yellow-cab-airflow-scheduler:34309/jars/org.apache.sedona_sedona-sql-3.0_2.12-1.2.0-incubating.jar with timestamp 1728653321231
[2024-10-11T13:28:41.672+0000] {spark_submit.py:649} INFO - 24/10/11 13:28:41 INFO SparkContext: Added JAR file:///home/airflow/.ivy2/jars/org.scala-lang.modules_scala-collection-compat_2.12-2.5.0.jar at spark://yellow-cab-airflow-scheduler:34309/jars/org.scala-lang.modules_scala-collection-compat_2.12-2.5.0.jar with timestamp 1728653321231
[2024-10-11T13:28:41.672+0000] {spark_submit.py:649} INFO - 24/10/11 13:28:41 INFO SparkContext: Added file file:///home/airflow/.ivy2/jars/org.apache.sedona_sedona-python-adapter-3.0_2.12-1.2.0-incubating.jar at spark://yellow-cab-airflow-scheduler:34309/files/org.apache.sedona_sedona-python-adapter-3.0_2.12-1.2.0-incubating.jar with timestamp 1728653321231
[2024-10-11T13:28:41.674+0000] {spark_submit.py:649} INFO - 24/10/11 13:28:41 INFO Utils: Copying /home/airflow/.ivy2/jars/org.apache.sedona_sedona-python-adapter-3.0_2.12-1.2.0-incubating.jar to /tmp/spark-6793c01c-b6b4-479d-9dcc-5fb9751eace1/userFiles-97b3e915-0db6-40fa-bbf9-3aa9df22a69a/org.apache.sedona_sedona-python-adapter-3.0_2.12-1.2.0-incubating.jar
[2024-10-11T13:28:41.695+0000] {spark_submit.py:649} INFO - 24/10/11 13:28:41 INFO SparkContext: Added file file:///home/airflow/.ivy2/jars/org.datasyslab_geotools-wrapper-geotools-24.0.jar at spark://yellow-cab-airflow-scheduler:34309/files/org.datasyslab_geotools-wrapper-geotools-24.0.jar with timestamp 1728653321231
[2024-10-11T13:28:41.696+0000] {spark_submit.py:649} INFO - 24/10/11 13:28:41 INFO Utils: Copying /home/airflow/.ivy2/jars/org.datasyslab_geotools-wrapper-geotools-24.0.jar to /tmp/spark-6793c01c-b6b4-479d-9dcc-5fb9751eace1/userFiles-97b3e915-0db6-40fa-bbf9-3aa9df22a69a/org.datasyslab_geotools-wrapper-geotools-24.0.jar
[2024-10-11T13:28:41.763+0000] {spark_submit.py:649} INFO - 24/10/11 13:28:41 INFO SparkContext: Added file file:///home/airflow/.ivy2/jars/org.locationtech.jts_jts-core-1.18.0.jar at spark://yellow-cab-airflow-scheduler:34309/files/org.locationtech.jts_jts-core-1.18.0.jar with timestamp 1728653321231
[2024-10-11T13:28:41.763+0000] {spark_submit.py:649} INFO - 24/10/11 13:28:41 INFO Utils: Copying /home/airflow/.ivy2/jars/org.locationtech.jts_jts-core-1.18.0.jar to /tmp/spark-6793c01c-b6b4-479d-9dcc-5fb9751eace1/userFiles-97b3e915-0db6-40fa-bbf9-3aa9df22a69a/org.locationtech.jts_jts-core-1.18.0.jar
[2024-10-11T13:28:41.780+0000] {spark_submit.py:649} INFO - 24/10/11 13:28:41 INFO SparkContext: Added file file:///home/airflow/.ivy2/jars/org.wololo_jts2geojson-0.16.1.jar at spark://yellow-cab-airflow-scheduler:34309/files/org.wololo_jts2geojson-0.16.1.jar with timestamp 1728653321231
[2024-10-11T13:28:41.781+0000] {spark_submit.py:649} INFO - 24/10/11 13:28:41 INFO Utils: Copying /home/airflow/.ivy2/jars/org.wololo_jts2geojson-0.16.1.jar to /tmp/spark-6793c01c-b6b4-479d-9dcc-5fb9751eace1/userFiles-97b3e915-0db6-40fa-bbf9-3aa9df22a69a/org.wololo_jts2geojson-0.16.1.jar
[2024-10-11T13:28:41.795+0000] {spark_submit.py:649} INFO - 24/10/11 13:28:41 INFO SparkContext: Added file file:///home/airflow/.ivy2/jars/org.apache.sedona_sedona-core-3.0_2.12-1.2.0-incubating.jar at spark://yellow-cab-airflow-scheduler:34309/files/org.apache.sedona_sedona-core-3.0_2.12-1.2.0-incubating.jar with timestamp 1728653321231
[2024-10-11T13:28:41.795+0000] {spark_submit.py:649} INFO - 24/10/11 13:28:41 INFO Utils: Copying /home/airflow/.ivy2/jars/org.apache.sedona_sedona-core-3.0_2.12-1.2.0-incubating.jar to /tmp/spark-6793c01c-b6b4-479d-9dcc-5fb9751eace1/userFiles-97b3e915-0db6-40fa-bbf9-3aa9df22a69a/org.apache.sedona_sedona-core-3.0_2.12-1.2.0-incubating.jar
[2024-10-11T13:28:41.810+0000] {spark_submit.py:649} INFO - 24/10/11 13:28:41 INFO SparkContext: Added file file:///home/airflow/.ivy2/jars/org.apache.sedona_sedona-sql-3.0_2.12-1.2.0-incubating.jar at spark://yellow-cab-airflow-scheduler:34309/files/org.apache.sedona_sedona-sql-3.0_2.12-1.2.0-incubating.jar with timestamp 1728653321231
[2024-10-11T13:28:41.811+0000] {spark_submit.py:649} INFO - 24/10/11 13:28:41 INFO Utils: Copying /home/airflow/.ivy2/jars/org.apache.sedona_sedona-sql-3.0_2.12-1.2.0-incubating.jar to /tmp/spark-6793c01c-b6b4-479d-9dcc-5fb9751eace1/userFiles-97b3e915-0db6-40fa-bbf9-3aa9df22a69a/org.apache.sedona_sedona-sql-3.0_2.12-1.2.0-incubating.jar
[2024-10-11T13:28:41.827+0000] {spark_submit.py:649} INFO - 24/10/11 13:28:41 INFO SparkContext: Added file file:///home/airflow/.ivy2/jars/org.scala-lang.modules_scala-collection-compat_2.12-2.5.0.jar at spark://yellow-cab-airflow-scheduler:34309/files/org.scala-lang.modules_scala-collection-compat_2.12-2.5.0.jar with timestamp 1728653321231
[2024-10-11T13:28:41.828+0000] {spark_submit.py:649} INFO - 24/10/11 13:28:41 INFO Utils: Copying /home/airflow/.ivy2/jars/org.scala-lang.modules_scala-collection-compat_2.12-2.5.0.jar to /tmp/spark-6793c01c-b6b4-479d-9dcc-5fb9751eace1/userFiles-97b3e915-0db6-40fa-bbf9-3aa9df22a69a/org.scala-lang.modules_scala-collection-compat_2.12-2.5.0.jar
[2024-10-11T13:28:41.888+0000] {spark_submit.py:649} INFO - 24/10/11 13:28:41 INFO StandaloneAppClient$ClientEndpoint: Connecting to master spark://spark-master:7077...
[2024-10-11T13:28:41.938+0000] {spark_submit.py:649} INFO - 24/10/11 13:28:41 INFO TransportClientFactory: Successfully created connection to spark-master/172.24.0.2:7077 after 16 ms (0 ms spent in bootstraps)
[2024-10-11T13:28:42.005+0000] {spark_submit.py:649} INFO - 24/10/11 13:28:42 INFO StandaloneSchedulerBackend: Connected to Spark cluster with app ID app-20241011132841-0018
[2024-10-11T13:28:42.007+0000] {spark_submit.py:649} INFO - 24/10/11 13:28:42 INFO StandaloneAppClient$ClientEndpoint: Executor added: app-20241011132841-0018/0 on worker-20241011080942-172.24.0.3-37269 (172.24.0.3:37269) with 4 core(s)
[2024-10-11T13:28:42.008+0000] {spark_submit.py:649} INFO - 24/10/11 13:28:42 INFO StandaloneSchedulerBackend: Granted executor ID app-20241011132841-0018/0 on hostPort 172.24.0.3:37269 with 4 core(s), 1024.0 MiB RAM
[2024-10-11T13:28:42.011+0000] {spark_submit.py:649} INFO - 24/10/11 13:28:42 INFO Utils: Successfully started service 'org.apache.spark.network.netty.NettyBlockTransferService' on port 37381.
[2024-10-11T13:28:42.011+0000] {spark_submit.py:649} INFO - 24/10/11 13:28:42 INFO NettyBlockTransferService: Server created on yellow-cab-airflow-scheduler:37381
[2024-10-11T13:28:42.012+0000] {spark_submit.py:649} INFO - 24/10/11 13:28:42 INFO BlockManager: Using org.apache.spark.storage.RandomBlockReplicationPolicy for block replication policy
[2024-10-11T13:28:42.018+0000] {spark_submit.py:649} INFO - 24/10/11 13:28:42 INFO BlockManagerMaster: Registering BlockManager BlockManagerId(driver, yellow-cab-airflow-scheduler, 37381, None)
[2024-10-11T13:28:42.021+0000] {spark_submit.py:649} INFO - 24/10/11 13:28:42 INFO BlockManagerMasterEndpoint: Registering block manager yellow-cab-airflow-scheduler:37381 with 434.4 MiB RAM, BlockManagerId(driver, yellow-cab-airflow-scheduler, 37381, None)
[2024-10-11T13:28:42.022+0000] {spark_submit.py:649} INFO - 24/10/11 13:28:42 INFO BlockManagerMaster: Registered BlockManager BlockManagerId(driver, yellow-cab-airflow-scheduler, 37381, None)
[2024-10-11T13:28:42.023+0000] {spark_submit.py:649} INFO - 24/10/11 13:28:42 INFO BlockManager: Initialized BlockManager: BlockManagerId(driver, yellow-cab-airflow-scheduler, 37381, None)
[2024-10-11T13:28:42.115+0000] {spark_submit.py:649} INFO - 24/10/11 13:28:42 INFO StandaloneAppClient$ClientEndpoint: Executor updated: app-20241011132841-0018/0 is now RUNNING
[2024-10-11T13:28:42.164+0000] {spark_submit.py:649} INFO - 24/10/11 13:28:42 INFO StandaloneSchedulerBackend: SchedulerBackend is ready for scheduling beginning after reached minRegisteredResourcesRatio: 0.0
[2024-10-11T13:28:42.265+0000] {spark_submit.py:649} INFO - /spark-scripts/taxi_etl.py:28: DeprecationWarning: Call to deprecated function registerAll (Deprecated since 1.4.1, use SedonaContext.create() instead.).
[2024-10-11T13:28:42.266+0000] {spark_submit.py:649} INFO - SedonaRegistrator.registerAll(spark)
[2024-10-11T13:28:42.269+0000] {spark_submit.py:649} INFO - 24/10/11 13:28:42 INFO SharedState: Setting hive.metastore.warehouse.dir ('null') to the value of spark.sql.warehouse.dir.
[2024-10-11T13:28:42.270+0000] {spark_submit.py:649} INFO - 24/10/11 13:28:42 INFO SharedState: Warehouse path is 'file:/opt/airflow/spark-warehouse'.
[2024-10-11T13:28:43.908+0000] {spark_submit.py:649} INFO - 24/10/11 13:28:43 INFO CoarseGrainedSchedulerBackend$DriverEndpoint: Registered executor NettyRpcEndpointRef(spark-client://Executor) (172.24.0.3:34316) with ID 0,  ResourceProfileId 0
[2024-10-11T13:28:43.944+0000] {spark_submit.py:649} INFO - 24/10/11 13:28:43 INFO BlockManagerMasterEndpoint: Registering block manager 172.24.0.3:39701 with 434.4 MiB RAM, BlockManagerId(0, 172.24.0.3, 39701, None)
[2024-10-11T13:28:44.293+0000] {spark_submit.py:649} INFO - 24/10/11 13:28:44 INFO CodeGenerator: Code generated in 85.908542 ms
[2024-10-11T13:28:44.351+0000] {spark_submit.py:649} INFO - 24/10/11 13:28:44 INFO DAGScheduler: Registering RDD 2 (count at NativeMethodAccessorImpl.java:0) as input to shuffle 0
[2024-10-11T13:28:44.354+0000] {spark_submit.py:649} INFO - 24/10/11 13:28:44 INFO DAGScheduler: Got map stage job 0 (count at NativeMethodAccessorImpl.java:0) with 1 output partitions
[2024-10-11T13:28:44.355+0000] {spark_submit.py:649} INFO - 24/10/11 13:28:44 INFO DAGScheduler: Final stage: ShuffleMapStage 0 (count at NativeMethodAccessorImpl.java:0)
[2024-10-11T13:28:44.355+0000] {spark_submit.py:649} INFO - 24/10/11 13:28:44 INFO DAGScheduler: Parents of final stage: List()
[2024-10-11T13:28:44.356+0000] {spark_submit.py:649} INFO - 24/10/11 13:28:44 INFO DAGScheduler: Missing parents: List()
[2024-10-11T13:28:44.357+0000] {spark_submit.py:649} INFO - 24/10/11 13:28:44 INFO DAGScheduler: Submitting ShuffleMapStage 0 (MapPartitionsRDD[2] at count at NativeMethodAccessorImpl.java:0), which has no missing parents
[2024-10-11T13:28:44.431+0000] {spark_submit.py:649} INFO - 24/10/11 13:28:44 INFO MemoryStore: Block broadcast_0 stored as values in memory (estimated size 10.7 KiB, free 434.4 MiB)
[2024-10-11T13:28:44.456+0000] {spark_submit.py:649} INFO - 24/10/11 13:28:44 INFO MemoryStore: Block broadcast_0_piece0 stored as bytes in memory (estimated size 5.5 KiB, free 434.4 MiB)
[2024-10-11T13:28:44.460+0000] {spark_submit.py:649} INFO - 24/10/11 13:28:44 INFO BlockManagerInfo: Added broadcast_0_piece0 in memory on yellow-cab-airflow-scheduler:37381 (size: 5.5 KiB, free: 434.4 MiB)
[2024-10-11T13:28:44.466+0000] {spark_submit.py:649} INFO - 24/10/11 13:28:44 INFO SparkContext: Created broadcast 0 from broadcast at DAGScheduler.scala:1513
[2024-10-11T13:28:44.480+0000] {spark_submit.py:649} INFO - 24/10/11 13:28:44 INFO DAGScheduler: Submitting 1 missing tasks from ShuffleMapStage 0 (MapPartitionsRDD[2] at count at NativeMethodAccessorImpl.java:0) (first 15 tasks are for partitions Vector(0))
[2024-10-11T13:28:44.482+0000] {spark_submit.py:649} INFO - 24/10/11 13:28:44 INFO TaskSchedulerImpl: Adding task set 0.0 with 1 tasks resource profile 0
[2024-10-11T13:28:44.765+0000] {spark_submit.py:649} INFO - 24/10/11 13:28:44 INFO TaskSetManager: Starting task 0.0 in stage 0.0 (TID 0) (172.24.0.3, executor 0, partition 0, PROCESS_LOCAL, 4654 bytes) taskResourceAssignments Map()
[2024-10-11T13:28:44.934+0000] {spark_submit.py:649} INFO - 24/10/11 13:28:44 INFO BlockManagerInfo: Added broadcast_0_piece0 in memory on 172.24.0.3:39701 (size: 5.5 KiB, free: 434.4 MiB)
[2024-10-11T13:28:45.448+0000] {spark_submit.py:649} INFO - 24/10/11 13:28:45 INFO TaskSetManager: Finished task 0.0 in stage 0.0 (TID 0) in 689 ms on 172.24.0.3 (executor 0) (1/1)
[2024-10-11T13:28:45.450+0000] {spark_submit.py:649} INFO - 24/10/11 13:28:45 INFO TaskSchedulerImpl: Removed TaskSet 0.0, whose tasks have all completed, from pool
[2024-10-11T13:28:45.458+0000] {spark_submit.py:649} INFO - 24/10/11 13:28:45 INFO DAGScheduler: ShuffleMapStage 0 (count at NativeMethodAccessorImpl.java:0) finished in 1.090 s
[2024-10-11T13:28:45.459+0000] {spark_submit.py:649} INFO - 24/10/11 13:28:45 INFO DAGScheduler: looking for newly runnable stages
[2024-10-11T13:28:45.459+0000] {spark_submit.py:649} INFO - 24/10/11 13:28:45 INFO DAGScheduler: running: Set()
[2024-10-11T13:28:45.459+0000] {spark_submit.py:649} INFO - 24/10/11 13:28:45 INFO DAGScheduler: waiting: Set()
[2024-10-11T13:28:45.459+0000] {spark_submit.py:649} INFO - 24/10/11 13:28:45 INFO DAGScheduler: failed: Set()
[2024-10-11T13:28:45.523+0000] {spark_submit.py:649} INFO - 24/10/11 13:28:45 INFO CodeGenerator: Code generated in 18.39375 ms
[2024-10-11T13:28:45.573+0000] {spark_submit.py:649} INFO - 24/10/11 13:28:45 INFO SparkContext: Starting job: count at NativeMethodAccessorImpl.java:0
[2024-10-11T13:28:45.576+0000] {spark_submit.py:649} INFO - 24/10/11 13:28:45 INFO DAGScheduler: Got job 1 (count at NativeMethodAccessorImpl.java:0) with 1 output partitions
[2024-10-11T13:28:45.576+0000] {spark_submit.py:649} INFO - 24/10/11 13:28:45 INFO DAGScheduler: Final stage: ResultStage 2 (count at NativeMethodAccessorImpl.java:0)
[2024-10-11T13:28:45.577+0000] {spark_submit.py:649} INFO - 24/10/11 13:28:45 INFO DAGScheduler: Parents of final stage: List(ShuffleMapStage 1)
[2024-10-11T13:28:45.577+0000] {spark_submit.py:649} INFO - 24/10/11 13:28:45 INFO DAGScheduler: Missing parents: List()
[2024-10-11T13:28:45.578+0000] {spark_submit.py:649} INFO - 24/10/11 13:28:45 INFO DAGScheduler: Submitting ResultStage 2 (MapPartitionsRDD[5] at count at NativeMethodAccessorImpl.java:0), which has no missing parents
[2024-10-11T13:28:45.587+0000] {spark_submit.py:649} INFO - 24/10/11 13:28:45 INFO MemoryStore: Block broadcast_1 stored as values in memory (estimated size 11.1 KiB, free 434.4 MiB)
[2024-10-11T13:28:45.594+0000] {spark_submit.py:649} INFO - 24/10/11 13:28:45 INFO MemoryStore: Block broadcast_1_piece0 stored as bytes in memory (estimated size 5.5 KiB, free 434.4 MiB)
[2024-10-11T13:28:45.595+0000] {spark_submit.py:649} INFO - 24/10/11 13:28:45 INFO BlockManagerInfo: Added broadcast_1_piece0 in memory on yellow-cab-airflow-scheduler:37381 (size: 5.5 KiB, free: 434.4 MiB)
[2024-10-11T13:28:45.596+0000] {spark_submit.py:649} INFO - 24/10/11 13:28:45 INFO SparkContext: Created broadcast 1 from broadcast at DAGScheduler.scala:1513
[2024-10-11T13:28:45.598+0000] {spark_submit.py:649} INFO - 24/10/11 13:28:45 INFO DAGScheduler: Submitting 1 missing tasks from ResultStage 2 (MapPartitionsRDD[5] at count at NativeMethodAccessorImpl.java:0) (first 15 tasks are for partitions Vector(0))
[2024-10-11T13:28:45.599+0000] {spark_submit.py:649} INFO - 24/10/11 13:28:45 INFO TaskSchedulerImpl: Adding task set 2.0 with 1 tasks resource profile 0
[2024-10-11T13:28:45.605+0000] {spark_submit.py:649} INFO - 24/10/11 13:28:45 INFO TaskSetManager: Starting task 0.0 in stage 2.0 (TID 1) (172.24.0.3, executor 0, partition 0, NODE_LOCAL, 4457 bytes) taskResourceAssignments Map()
[2024-10-11T13:28:45.621+0000] {spark_submit.py:649} INFO - 24/10/11 13:28:45 INFO BlockManagerInfo: Removed broadcast_0_piece0 on yellow-cab-airflow-scheduler:37381 in memory (size: 5.5 KiB, free: 434.4 MiB)
[2024-10-11T13:28:45.625+0000] {spark_submit.py:649} INFO - 24/10/11 13:28:45 INFO BlockManagerInfo: Removed broadcast_0_piece0 on 172.24.0.3:39701 in memory (size: 5.5 KiB, free: 434.4 MiB)
[2024-10-11T13:28:45.632+0000] {spark_submit.py:649} INFO - 24/10/11 13:28:45 INFO BlockManagerInfo: Added broadcast_1_piece0 in memory on 172.24.0.3:39701 (size: 5.5 KiB, free: 434.4 MiB)
[2024-10-11T13:28:45.678+0000] {spark_submit.py:649} INFO - 24/10/11 13:28:45 INFO MapOutputTrackerMasterEndpoint: Asked to send map output locations for shuffle 0 to 172.24.0.3:34316
[2024-10-11T13:28:45.776+0000] {spark_submit.py:649} INFO - 24/10/11 13:28:45 INFO TaskSetManager: Finished task 0.0 in stage 2.0 (TID 1) in 174 ms on 172.24.0.3 (executor 0) (1/1)
[2024-10-11T13:28:45.776+0000] {spark_submit.py:649} INFO - 24/10/11 13:28:45 INFO TaskSchedulerImpl: Removed TaskSet 2.0, whose tasks have all completed, from pool
[2024-10-11T13:28:45.777+0000] {spark_submit.py:649} INFO - 24/10/11 13:28:45 INFO DAGScheduler: ResultStage 2 (count at NativeMethodAccessorImpl.java:0) finished in 0.192 s
[2024-10-11T13:28:45.778+0000] {spark_submit.py:649} INFO - 24/10/11 13:28:45 INFO DAGScheduler: Job 1 is finished. Cancelling potential speculative or zombie tasks for this job
[2024-10-11T13:28:45.778+0000] {spark_submit.py:649} INFO - 24/10/11 13:28:45 INFO TaskSchedulerImpl: Killing all running tasks in stage 2: Stage finished
[2024-10-11T13:28:45.779+0000] {spark_submit.py:649} INFO - 24/10/11 13:28:45 INFO DAGScheduler: Job 1 finished: count at NativeMethodAccessorImpl.java:0, took 0.205150 s
[2024-10-11T13:28:46.024+0000] {spark_submit.py:649} INFO - 24/10/11 13:28:46 INFO InMemoryFileIndex: It took 8 ms to list leaf files for 1 paths.
[2024-10-11T13:28:46.053+0000] {spark_submit.py:649} INFO - 24/10/11 13:28:46 INFO InMemoryFileIndex: It took 1 ms to list leaf files for 1 paths.
[2024-10-11T13:28:46.178+0000] {spark_submit.py:649} INFO - 24/10/11 13:28:46 INFO FileSourceStrategy: Pushed Filters:
[2024-10-11T13:28:46.178+0000] {spark_submit.py:649} INFO - 24/10/11 13:28:46 INFO FileSourceStrategy: Post-Scan Filters: (length(trim(value#14, None)) > 0)
[2024-10-11T13:28:46.179+0000] {spark_submit.py:649} INFO - 24/10/11 13:28:46 INFO FileSourceStrategy: Output Data Schema: struct<value: string>
[2024-10-11T13:28:46.216+0000] {spark_submit.py:649} INFO - 24/10/11 13:28:46 INFO CodeGenerator: Code generated in 17.476375 ms
[2024-10-11T13:28:46.231+0000] {spark_submit.py:649} INFO - 24/10/11 13:28:46 INFO BlockManagerInfo: Removed broadcast_1_piece0 on yellow-cab-airflow-scheduler:37381 in memory (size: 5.5 KiB, free: 434.4 MiB)
[2024-10-11T13:28:46.235+0000] {spark_submit.py:649} INFO - 24/10/11 13:28:46 INFO BlockManagerInfo: Removed broadcast_1_piece0 on 172.24.0.3:39701 in memory (size: 5.5 KiB, free: 434.4 MiB)
[2024-10-11T13:28:46.238+0000] {spark_submit.py:649} INFO - 24/10/11 13:28:46 INFO MemoryStore: Block broadcast_2 stored as values in memory (estimated size 204.3 KiB, free 434.2 MiB)
[2024-10-11T13:28:46.259+0000] {spark_submit.py:649} INFO - 24/10/11 13:28:46 INFO MemoryStore: Block broadcast_2_piece0 stored as bytes in memory (estimated size 35.3 KiB, free 434.2 MiB)
[2024-10-11T13:28:46.260+0000] {spark_submit.py:649} INFO - 24/10/11 13:28:46 INFO BlockManagerInfo: Added broadcast_2_piece0 in memory on yellow-cab-airflow-scheduler:37381 (size: 35.3 KiB, free: 434.4 MiB)
[2024-10-11T13:28:46.261+0000] {spark_submit.py:649} INFO - 24/10/11 13:28:46 INFO SparkContext: Created broadcast 2 from csv at NativeMethodAccessorImpl.java:0
[2024-10-11T13:28:46.267+0000] {spark_submit.py:649} INFO - 24/10/11 13:28:46 INFO FileSourceScanExec: Planning scan with bin packing, max size: 4194304 bytes, open cost is considered as scanning 4194304 bytes.
[2024-10-11T13:28:46.295+0000] {spark_submit.py:649} INFO - 24/10/11 13:28:46 INFO SparkContext: Starting job: csv at NativeMethodAccessorImpl.java:0
[2024-10-11T13:28:46.296+0000] {spark_submit.py:649} INFO - 24/10/11 13:28:46 INFO DAGScheduler: Got job 2 (csv at NativeMethodAccessorImpl.java:0) with 1 output partitions
[2024-10-11T13:28:46.296+0000] {spark_submit.py:649} INFO - 24/10/11 13:28:46 INFO DAGScheduler: Final stage: ResultStage 3 (csv at NativeMethodAccessorImpl.java:0)
[2024-10-11T13:28:46.296+0000] {spark_submit.py:649} INFO - 24/10/11 13:28:46 INFO DAGScheduler: Parents of final stage: List()
[2024-10-11T13:28:46.296+0000] {spark_submit.py:649} INFO - 24/10/11 13:28:46 INFO DAGScheduler: Missing parents: List()
[2024-10-11T13:28:46.297+0000] {spark_submit.py:649} INFO - 24/10/11 13:28:46 INFO DAGScheduler: Submitting ResultStage 3 (MapPartitionsRDD[9] at csv at NativeMethodAccessorImpl.java:0), which has no missing parents
[2024-10-11T13:28:46.306+0000] {spark_submit.py:649} INFO - 24/10/11 13:28:46 INFO MemoryStore: Block broadcast_3 stored as values in memory (estimated size 11.8 KiB, free 434.2 MiB)
[2024-10-11T13:28:46.310+0000] {spark_submit.py:649} INFO - 24/10/11 13:28:46 INFO MemoryStore: Block broadcast_3_piece0 stored as bytes in memory (estimated size 5.9 KiB, free 434.1 MiB)
[2024-10-11T13:28:46.311+0000] {spark_submit.py:649} INFO - 24/10/11 13:28:46 INFO BlockManagerInfo: Added broadcast_3_piece0 in memory on yellow-cab-airflow-scheduler:37381 (size: 5.9 KiB, free: 434.4 MiB)
[2024-10-11T13:28:46.312+0000] {spark_submit.py:649} INFO - 24/10/11 13:28:46 INFO SparkContext: Created broadcast 3 from broadcast at DAGScheduler.scala:1513
[2024-10-11T13:28:46.312+0000] {spark_submit.py:649} INFO - 24/10/11 13:28:46 INFO DAGScheduler: Submitting 1 missing tasks from ResultStage 3 (MapPartitionsRDD[9] at csv at NativeMethodAccessorImpl.java:0) (first 15 tasks are for partitions Vector(0))
[2024-10-11T13:28:46.312+0000] {spark_submit.py:649} INFO - 24/10/11 13:28:46 INFO TaskSchedulerImpl: Adding task set 3.0 with 1 tasks resource profile 0
[2024-10-11T13:28:46.315+0000] {spark_submit.py:649} INFO - 24/10/11 13:28:46 INFO TaskSetManager: Starting task 0.0 in stage 3.0 (TID 2) (172.24.0.3, executor 0, partition 0, PROCESS_LOCAL, 4915 bytes) taskResourceAssignments Map()
[2024-10-11T13:28:46.336+0000] {spark_submit.py:649} INFO - 24/10/11 13:28:46 INFO BlockManagerInfo: Added broadcast_3_piece0 in memory on 172.24.0.3:39701 (size: 5.9 KiB, free: 434.4 MiB)
[2024-10-11T13:28:46.456+0000] {spark_submit.py:649} INFO - 24/10/11 13:28:46 INFO BlockManagerInfo: Added broadcast_2_piece0 in memory on 172.24.0.3:39701 (size: 35.3 KiB, free: 434.4 MiB)
[2024-10-11T13:28:46.571+0000] {spark_submit.py:649} INFO - 24/10/11 13:28:46 INFO TaskSetManager: Finished task 0.0 in stage 3.0 (TID 2) in 257 ms on 172.24.0.3 (executor 0) (1/1)
[2024-10-11T13:28:46.572+0000] {spark_submit.py:649} INFO - 24/10/11 13:28:46 INFO TaskSchedulerImpl: Removed TaskSet 3.0, whose tasks have all completed, from pool
[2024-10-11T13:28:46.572+0000] {spark_submit.py:649} INFO - 24/10/11 13:28:46 INFO DAGScheduler: ResultStage 3 (csv at NativeMethodAccessorImpl.java:0) finished in 0.274 s
[2024-10-11T13:28:46.572+0000] {spark_submit.py:649} INFO - 24/10/11 13:28:46 INFO DAGScheduler: Job 2 is finished. Cancelling potential speculative or zombie tasks for this job
[2024-10-11T13:28:46.573+0000] {spark_submit.py:649} INFO - 24/10/11 13:28:46 INFO TaskSchedulerImpl: Killing all running tasks in stage 3: Stage finished
[2024-10-11T13:28:46.573+0000] {spark_submit.py:649} INFO - 24/10/11 13:28:46 INFO DAGScheduler: Job 2 finished: csv at NativeMethodAccessorImpl.java:0, took 0.277395 s
[2024-10-11T13:28:46.586+0000] {spark_submit.py:649} INFO - 24/10/11 13:28:46 INFO CodeGenerator: Code generated in 6.745792 ms
[2024-10-11T13:28:46.602+0000] {spark_submit.py:649} INFO - 24/10/11 13:28:46 INFO BlockManagerInfo: Removed broadcast_3_piece0 on yellow-cab-airflow-scheduler:37381 in memory (size: 5.9 KiB, free: 434.4 MiB)
[2024-10-11T13:28:46.607+0000] {spark_submit.py:649} INFO - 24/10/11 13:28:46 INFO BlockManagerInfo: Removed broadcast_3_piece0 on 172.24.0.3:39701 in memory (size: 5.9 KiB, free: 434.4 MiB)
[2024-10-11T13:28:46.616+0000] {spark_submit.py:649} INFO - 24/10/11 13:28:46 INFO FileSourceStrategy: Pushed Filters:
[2024-10-11T13:28:46.617+0000] {spark_submit.py:649} INFO - 24/10/11 13:28:46 INFO FileSourceStrategy: Post-Scan Filters:
[2024-10-11T13:28:46.617+0000] {spark_submit.py:649} INFO - 24/10/11 13:28:46 INFO FileSourceStrategy: Output Data Schema: struct<value: string>
[2024-10-11T13:28:46.624+0000] {spark_submit.py:649} INFO - 24/10/11 13:28:46 INFO MemoryStore: Block broadcast_4 stored as values in memory (estimated size 204.3 KiB, free 434.0 MiB)
[2024-10-11T13:28:46.630+0000] {spark_submit.py:649} INFO - 24/10/11 13:28:46 INFO MemoryStore: Block broadcast_4_piece0 stored as bytes in memory (estimated size 35.3 KiB, free 433.9 MiB)
[2024-10-11T13:28:46.631+0000] {spark_submit.py:649} INFO - 24/10/11 13:28:46 INFO BlockManagerInfo: Added broadcast_4_piece0 in memory on yellow-cab-airflow-scheduler:37381 (size: 35.3 KiB, free: 434.3 MiB)
[2024-10-11T13:28:46.631+0000] {spark_submit.py:649} INFO - 24/10/11 13:28:46 INFO SparkContext: Created broadcast 4 from csv at NativeMethodAccessorImpl.java:0
[2024-10-11T13:28:46.632+0000] {spark_submit.py:649} INFO - 24/10/11 13:28:46 INFO FileSourceScanExec: Planning scan with bin packing, max size: 4194304 bytes, open cost is considered as scanning 4194304 bytes.
[2024-10-11T13:28:46.663+0000] {spark_submit.py:649} INFO - 24/10/11 13:28:46 INFO SparkContext: Starting job: csv at NativeMethodAccessorImpl.java:0
[2024-10-11T13:28:46.664+0000] {spark_submit.py:649} INFO - 24/10/11 13:28:46 INFO DAGScheduler: Got job 3 (csv at NativeMethodAccessorImpl.java:0) with 1 output partitions
[2024-10-11T13:28:46.664+0000] {spark_submit.py:649} INFO - 24/10/11 13:28:46 INFO DAGScheduler: Final stage: ResultStage 4 (csv at NativeMethodAccessorImpl.java:0)
[2024-10-11T13:28:46.665+0000] {spark_submit.py:649} INFO - 24/10/11 13:28:46 INFO DAGScheduler: Parents of final stage: List()
[2024-10-11T13:28:46.665+0000] {spark_submit.py:649} INFO - 24/10/11 13:28:46 INFO DAGScheduler: Missing parents: List()
[2024-10-11T13:28:46.665+0000] {spark_submit.py:649} INFO - 24/10/11 13:28:46 INFO DAGScheduler: Submitting ResultStage 4 (MapPartitionsRDD[15] at csv at NativeMethodAccessorImpl.java:0), which has no missing parents
[2024-10-11T13:28:46.676+0000] {spark_submit.py:649} INFO - 24/10/11 13:28:46 INFO MemoryStore: Block broadcast_5 stored as values in memory (estimated size 28.5 KiB, free 433.9 MiB)
[2024-10-11T13:28:46.680+0000] {spark_submit.py:649} INFO - 24/10/11 13:28:46 INFO MemoryStore: Block broadcast_5_piece0 stored as bytes in memory (estimated size 12.6 KiB, free 433.9 MiB)
[2024-10-11T13:28:46.680+0000] {spark_submit.py:649} INFO - 24/10/11 13:28:46 INFO BlockManagerInfo: Added broadcast_5_piece0 in memory on yellow-cab-airflow-scheduler:37381 (size: 12.6 KiB, free: 434.3 MiB)
[2024-10-11T13:28:46.681+0000] {spark_submit.py:649} INFO - 24/10/11 13:28:46 INFO SparkContext: Created broadcast 5 from broadcast at DAGScheduler.scala:1513
[2024-10-11T13:28:46.681+0000] {spark_submit.py:649} INFO - 24/10/11 13:28:46 INFO DAGScheduler: Submitting 1 missing tasks from ResultStage 4 (MapPartitionsRDD[15] at csv at NativeMethodAccessorImpl.java:0) (first 15 tasks are for partitions Vector(0))
[2024-10-11T13:28:46.682+0000] {spark_submit.py:649} INFO - 24/10/11 13:28:46 INFO TaskSchedulerImpl: Adding task set 4.0 with 1 tasks resource profile 0
[2024-10-11T13:28:46.683+0000] {spark_submit.py:649} INFO - 24/10/11 13:28:46 INFO TaskSetManager: Starting task 0.0 in stage 4.0 (TID 3) (172.24.0.3, executor 0, partition 0, PROCESS_LOCAL, 4915 bytes) taskResourceAssignments Map()
[2024-10-11T13:28:46.708+0000] {spark_submit.py:649} INFO - 24/10/11 13:28:46 INFO BlockManagerInfo: Added broadcast_5_piece0 in memory on 172.24.0.3:39701 (size: 12.6 KiB, free: 434.4 MiB)
[2024-10-11T13:28:47.353+0000] {spark_submit.py:649} INFO - 24/10/11 13:28:47 INFO BlockManagerInfo: Added broadcast_4_piece0 in memory on 172.24.0.3:39701 (size: 35.3 KiB, free: 434.3 MiB)
[2024-10-11T13:28:47.528+0000] {spark_submit.py:649} INFO - 24/10/11 13:28:47 INFO TaskSetManager: Finished task 0.0 in stage 4.0 (TID 3) in 845 ms on 172.24.0.3 (executor 0) (1/1)
[2024-10-11T13:28:47.528+0000] {spark_submit.py:649} INFO - 24/10/11 13:28:47 INFO TaskSchedulerImpl: Removed TaskSet 4.0, whose tasks have all completed, from pool
[2024-10-11T13:28:47.528+0000] {spark_submit.py:649} INFO - 24/10/11 13:28:47 INFO DAGScheduler: ResultStage 4 (csv at NativeMethodAccessorImpl.java:0) finished in 0.863 s
[2024-10-11T13:28:47.528+0000] {spark_submit.py:649} INFO - 24/10/11 13:28:47 INFO DAGScheduler: Job 3 is finished. Cancelling potential speculative or zombie tasks for this job
[2024-10-11T13:28:47.529+0000] {spark_submit.py:649} INFO - 24/10/11 13:28:47 INFO TaskSchedulerImpl: Killing all running tasks in stage 4: Stage finished
[2024-10-11T13:28:47.529+0000] {spark_submit.py:649} INFO - 24/10/11 13:28:47 INFO DAGScheduler: Job 3 finished: csv at NativeMethodAccessorImpl.java:0, took 0.865887 s
[2024-10-11T13:28:47.656+0000] {spark_submit.py:649} INFO - schema nya dim datetime:
[2024-10-11T13:28:47.658+0000] {spark_submit.py:649} INFO - root
[2024-10-11T13:28:47.659+0000] {spark_submit.py:649} INFO - |-- tpep_pickup_datetime: timestamp (nullable = true)
[2024-10-11T13:28:47.659+0000] {spark_submit.py:649} INFO - |-- Datetime: timestamp (nullable = true)
[2024-10-11T13:28:47.659+0000] {spark_submit.py:649} INFO - |-- Year: integer (nullable = true)
[2024-10-11T13:28:47.659+0000] {spark_submit.py:649} INFO - |-- Month: integer (nullable = true)
[2024-10-11T13:28:47.659+0000] {spark_submit.py:649} INFO - |-- Day: integer (nullable = true)
[2024-10-11T13:28:47.659+0000] {spark_submit.py:649} INFO - |-- Hour: integer (nullable = true)
[2024-10-11T13:28:47.660+0000] {spark_submit.py:649} INFO - |-- Day_of_Week: integer (nullable = true)
[2024-10-11T13:28:47.660+0000] {spark_submit.py:649} INFO - |-- Weekend_Indicator: boolean (nullable = false)
[2024-10-11T13:28:47.660+0000] {spark_submit.py:649} INFO - 
[2024-10-11T13:28:47.992+0000] {spark_submit.py:649} INFO - 24/10/11 13:28:47 INFO FileSourceStrategy: Pushed Filters:
[2024-10-11T13:28:47.993+0000] {spark_submit.py:649} INFO - 24/10/11 13:28:47 INFO FileSourceStrategy: Post-Scan Filters: atleastnnonnulls(4, tpep_pickup_datetime#32, tpep_dropoff_datetime#33, pickup_longitude#36, pickup_latitude#37)
[2024-10-11T13:28:47.993+0000] {spark_submit.py:649} INFO - 24/10/11 13:28:47 INFO FileSourceStrategy: Output Data Schema: struct<VendorID: int, tpep_pickup_datetime: timestamp, tpep_dropoff_datetime: timestamp, pickup_longitude: double, pickup_latitude: double ... 3 more fields>
[2024-10-11T13:28:48.012+0000] {spark_submit.py:649} INFO - 24/10/11 13:28:48 INFO HashAggregateExec: spark.sql.codegen.aggregate.map.twolevel.enabled is set to true, but current version of codegened fast hashmap does not support this aggregate.
[2024-10-11T13:28:48.067+0000] {spark_submit.py:649} INFO - 24/10/11 13:28:48 INFO CodeGenerator: Code generated in 40.34725 ms
[2024-10-11T13:28:48.070+0000] {spark_submit.py:649} INFO - 24/10/11 13:28:48 INFO MemoryStore: Block broadcast_6 stored as values in memory (estimated size 204.2 KiB, free 433.7 MiB)
[2024-10-11T13:28:48.080+0000] {spark_submit.py:649} INFO - 24/10/11 13:28:48 INFO MemoryStore: Block broadcast_6_piece0 stored as bytes in memory (estimated size 35.3 KiB, free 433.7 MiB)
[2024-10-11T13:28:48.080+0000] {spark_submit.py:649} INFO - 24/10/11 13:28:48 INFO BlockManagerInfo: Removed broadcast_5_piece0 on yellow-cab-airflow-scheduler:37381 in memory (size: 12.6 KiB, free: 434.3 MiB)
[2024-10-11T13:28:48.081+0000] {spark_submit.py:649} INFO - 24/10/11 13:28:48 INFO BlockManagerInfo: Added broadcast_6_piece0 in memory on yellow-cab-airflow-scheduler:37381 (size: 35.3 KiB, free: 434.3 MiB)
[2024-10-11T13:28:48.082+0000] {spark_submit.py:649} INFO - 24/10/11 13:28:48 INFO SparkContext: Created broadcast 6 from toPandas at /spark-scripts/taxi_etl.py:115
[2024-10-11T13:28:48.083+0000] {spark_submit.py:649} INFO - 24/10/11 13:28:48 INFO BlockManagerInfo: Removed broadcast_5_piece0 on 172.24.0.3:39701 in memory (size: 12.6 KiB, free: 434.3 MiB)
[2024-10-11T13:28:48.085+0000] {spark_submit.py:649} INFO - 24/10/11 13:28:48 INFO FileSourceScanExec: Planning scan with bin packing, max size: 4194304 bytes, open cost is considered as scanning 4194304 bytes.
[2024-10-11T13:28:48.094+0000] {spark_submit.py:649} INFO - 24/10/11 13:28:48 INFO DAGScheduler: Registering RDD 19 (toPandas at /spark-scripts/taxi_etl.py:115) as input to shuffle 1
[2024-10-11T13:28:48.095+0000] {spark_submit.py:649} INFO - 24/10/11 13:28:48 INFO DAGScheduler: Got map stage job 4 (toPandas at /spark-scripts/taxi_etl.py:115) with 1 output partitions
[2024-10-11T13:28:48.095+0000] {spark_submit.py:649} INFO - 24/10/11 13:28:48 INFO DAGScheduler: Final stage: ShuffleMapStage 5 (toPandas at /spark-scripts/taxi_etl.py:115)
[2024-10-11T13:28:48.095+0000] {spark_submit.py:649} INFO - 24/10/11 13:28:48 INFO DAGScheduler: Parents of final stage: List()
[2024-10-11T13:28:48.096+0000] {spark_submit.py:649} INFO - 24/10/11 13:28:48 INFO DAGScheduler: Missing parents: List()
[2024-10-11T13:28:48.096+0000] {spark_submit.py:649} INFO - 24/10/11 13:28:48 INFO DAGScheduler: Submitting ShuffleMapStage 5 (MapPartitionsRDD[19] at toPandas at /spark-scripts/taxi_etl.py:115), which has no missing parents
[2024-10-11T13:28:48.102+0000] {spark_submit.py:649} INFO - 24/10/11 13:28:48 INFO MemoryStore: Block broadcast_7 stored as values in memory (estimated size 27.4 KiB, free 433.7 MiB)
[2024-10-11T13:28:48.103+0000] {spark_submit.py:649} INFO - 24/10/11 13:28:48 INFO MemoryStore: Block broadcast_7_piece0 stored as bytes in memory (estimated size 12.7 KiB, free 433.7 MiB)
[2024-10-11T13:28:48.104+0000] {spark_submit.py:649} INFO - 24/10/11 13:28:48 INFO BlockManagerInfo: Added broadcast_7_piece0 in memory on yellow-cab-airflow-scheduler:37381 (size: 12.7 KiB, free: 434.3 MiB)
[2024-10-11T13:28:48.104+0000] {spark_submit.py:649} INFO - 24/10/11 13:28:48 INFO SparkContext: Created broadcast 7 from broadcast at DAGScheduler.scala:1513
[2024-10-11T13:28:48.105+0000] {spark_submit.py:649} INFO - 24/10/11 13:28:48 INFO DAGScheduler: Submitting 1 missing tasks from ShuffleMapStage 5 (MapPartitionsRDD[19] at toPandas at /spark-scripts/taxi_etl.py:115) (first 15 tasks are for partitions Vector(0))
[2024-10-11T13:28:48.105+0000] {spark_submit.py:649} INFO - 24/10/11 13:28:48 INFO TaskSchedulerImpl: Adding task set 5.0 with 1 tasks resource profile 0
[2024-10-11T13:28:48.106+0000] {spark_submit.py:649} INFO - 24/10/11 13:28:48 INFO TaskSetManager: Starting task 0.0 in stage 5.0 (TID 4) (172.24.0.3, executor 0, partition 0, PROCESS_LOCAL, 4904 bytes) taskResourceAssignments Map()
[2024-10-11T13:28:48.116+0000] {spark_submit.py:649} INFO - 24/10/11 13:28:48 INFO BlockManagerInfo: Added broadcast_7_piece0 in memory on 172.24.0.3:39701 (size: 12.7 KiB, free: 434.3 MiB)
[2024-10-11T13:28:48.246+0000] {spark_submit.py:649} INFO - 24/10/11 13:28:48 INFO BlockManagerInfo: Added broadcast_6_piece0 in memory on 172.24.0.3:39701 (size: 35.3 KiB, free: 434.3 MiB)
[2024-10-11T13:28:48.416+0000] {spark_submit.py:649} INFO - 24/10/11 13:28:48 INFO TaskSetManager: Finished task 0.0 in stage 5.0 (TID 4) in 310 ms on 172.24.0.3 (executor 0) (1/1)
[2024-10-11T13:28:48.416+0000] {spark_submit.py:649} INFO - 24/10/11 13:28:48 INFO TaskSchedulerImpl: Removed TaskSet 5.0, whose tasks have all completed, from pool
[2024-10-11T13:28:48.417+0000] {spark_submit.py:649} INFO - 24/10/11 13:28:48 INFO DAGScheduler: ShuffleMapStage 5 (toPandas at /spark-scripts/taxi_etl.py:115) finished in 0.318 s
[2024-10-11T13:28:48.417+0000] {spark_submit.py:649} INFO - 24/10/11 13:28:48 INFO DAGScheduler: looking for newly runnable stages
[2024-10-11T13:28:48.418+0000] {spark_submit.py:649} INFO - 24/10/11 13:28:48 INFO DAGScheduler: running: Set()
[2024-10-11T13:28:48.418+0000] {spark_submit.py:649} INFO - 24/10/11 13:28:48 INFO DAGScheduler: waiting: Set()
[2024-10-11T13:28:48.418+0000] {spark_submit.py:649} INFO - 24/10/11 13:28:48 INFO DAGScheduler: failed: Set()
[2024-10-11T13:28:48.424+0000] {spark_submit.py:649} INFO - 24/10/11 13:28:48 INFO ShufflePartitionsUtil: For shuffle(1), advisory target size: 67108864, actual target size 1048576, minimum partition size: 1048576
[2024-10-11T13:28:48.433+0000] {spark_submit.py:649} INFO - 24/10/11 13:28:48 INFO HashAggregateExec: spark.sql.codegen.aggregate.map.twolevel.enabled is set to true, but current version of codegened fast hashmap does not support this aggregate.
[2024-10-11T13:28:48.451+0000] {spark_submit.py:649} INFO - 24/10/11 13:28:48 INFO CodeGenerator: Code generated in 15.587084 ms
[2024-10-11T13:28:48.470+0000] {spark_submit.py:649} INFO - 24/10/11 13:28:48 INFO SparkContext: Starting job: toPandas at /spark-scripts/taxi_etl.py:115
[2024-10-11T13:28:48.471+0000] {spark_submit.py:649} INFO - 24/10/11 13:28:48 INFO DAGScheduler: Got job 5 (toPandas at /spark-scripts/taxi_etl.py:115) with 1 output partitions
[2024-10-11T13:28:48.471+0000] {spark_submit.py:649} INFO - 24/10/11 13:28:48 INFO DAGScheduler: Final stage: ResultStage 7 (toPandas at /spark-scripts/taxi_etl.py:115)
[2024-10-11T13:28:48.471+0000] {spark_submit.py:649} INFO - 24/10/11 13:28:48 INFO DAGScheduler: Parents of final stage: List(ShuffleMapStage 6)
[2024-10-11T13:28:48.472+0000] {spark_submit.py:649} INFO - 24/10/11 13:28:48 INFO DAGScheduler: Missing parents: List()
[2024-10-11T13:28:48.472+0000] {spark_submit.py:649} INFO - 24/10/11 13:28:48 INFO DAGScheduler: Submitting ResultStage 7 (MapPartitionsRDD[22] at toPandas at /spark-scripts/taxi_etl.py:115), which has no missing parents
[2024-10-11T13:28:48.475+0000] {spark_submit.py:649} INFO - 24/10/11 13:28:48 INFO MemoryStore: Block broadcast_8 stored as values in memory (estimated size 37.0 KiB, free 433.6 MiB)
[2024-10-11T13:28:48.479+0000] {spark_submit.py:649} INFO - 24/10/11 13:28:48 INFO MemoryStore: Block broadcast_8_piece0 stored as bytes in memory (estimated size 17.5 KiB, free 433.6 MiB)
[2024-10-11T13:28:48.480+0000] {spark_submit.py:649} INFO - 24/10/11 13:28:48 INFO BlockManagerInfo: Added broadcast_8_piece0 in memory on yellow-cab-airflow-scheduler:37381 (size: 17.5 KiB, free: 434.3 MiB)
[2024-10-11T13:28:48.481+0000] {spark_submit.py:649} INFO - 24/10/11 13:28:48 INFO SparkContext: Created broadcast 8 from broadcast at DAGScheduler.scala:1513
[2024-10-11T13:28:48.482+0000] {spark_submit.py:649} INFO - 24/10/11 13:28:48 INFO DAGScheduler: Submitting 1 missing tasks from ResultStage 7 (MapPartitionsRDD[22] at toPandas at /spark-scripts/taxi_etl.py:115) (first 15 tasks are for partitions Vector(0))
[2024-10-11T13:28:48.483+0000] {spark_submit.py:649} INFO - 24/10/11 13:28:48 INFO TaskSchedulerImpl: Adding task set 7.0 with 1 tasks resource profile 0
[2024-10-11T13:28:48.483+0000] {spark_submit.py:649} INFO - 24/10/11 13:28:48 INFO BlockManagerInfo: Removed broadcast_7_piece0 on yellow-cab-airflow-scheduler:37381 in memory (size: 12.7 KiB, free: 434.3 MiB)
[2024-10-11T13:28:48.483+0000] {spark_submit.py:649} INFO - 24/10/11 13:28:48 INFO TaskSetManager: Starting task 0.0 in stage 7.0 (TID 5) (172.24.0.3, executor 0, partition 0, NODE_LOCAL, 4457 bytes) taskResourceAssignments Map()
[2024-10-11T13:28:48.485+0000] {spark_submit.py:649} INFO - 24/10/11 13:28:48 INFO BlockManagerInfo: Removed broadcast_7_piece0 on 172.24.0.3:39701 in memory (size: 12.7 KiB, free: 434.3 MiB)
[2024-10-11T13:28:48.493+0000] {spark_submit.py:649} INFO - 24/10/11 13:28:48 INFO BlockManagerInfo: Added broadcast_8_piece0 in memory on 172.24.0.3:39701 (size: 17.5 KiB, free: 434.3 MiB)
[2024-10-11T13:28:48.507+0000] {spark_submit.py:649} INFO - 24/10/11 13:28:48 INFO MapOutputTrackerMasterEndpoint: Asked to send map output locations for shuffle 1 to 172.24.0.3:34316
[2024-10-11T13:28:48.534+0000] {spark_submit.py:649} INFO - 24/10/11 13:28:48 INFO TaskSetManager: Finished task 0.0 in stage 7.0 (TID 5) in 51 ms on 172.24.0.3 (executor 0) (1/1)
[2024-10-11T13:28:48.535+0000] {spark_submit.py:649} INFO - 24/10/11 13:28:48 INFO TaskSchedulerImpl: Removed TaskSet 7.0, whose tasks have all completed, from pool
[2024-10-11T13:28:48.535+0000] {spark_submit.py:649} INFO - 24/10/11 13:28:48 INFO DAGScheduler: ResultStage 7 (toPandas at /spark-scripts/taxi_etl.py:115) finished in 0.060 s
[2024-10-11T13:28:48.536+0000] {spark_submit.py:649} INFO - 24/10/11 13:28:48 INFO DAGScheduler: Job 5 is finished. Cancelling potential speculative or zombie tasks for this job
[2024-10-11T13:28:48.536+0000] {spark_submit.py:649} INFO - 24/10/11 13:28:48 INFO TaskSchedulerImpl: Killing all running tasks in stage 7: Stage finished
[2024-10-11T13:28:48.536+0000] {spark_submit.py:649} INFO - 24/10/11 13:28:48 INFO DAGScheduler: Job 5 finished: toPandas at /spark-scripts/taxi_etl.py:115, took 0.065013 s
[2024-10-11T13:28:54.963+0000] {spark_submit.py:649} INFO - 24/10/11 13:28:54 INFO FileSourceStrategy: Pushed Filters:
[2024-10-11T13:28:54.963+0000] {spark_submit.py:649} INFO - 24/10/11 13:28:54 INFO FileSourceStrategy: Post-Scan Filters: atleastnnonnulls(4, tpep_pickup_datetime#32, tpep_dropoff_datetime#33, pickup_longitude#36, pickup_latitude#37)
[2024-10-11T13:28:54.964+0000] {spark_submit.py:649} INFO - 24/10/11 13:28:54 INFO FileSourceStrategy: Output Data Schema: struct<tpep_pickup_datetime: timestamp, tpep_dropoff_datetime: timestamp, pickup_longitude: double, pickup_latitude: double, RatecodeID: int ... 3 more fields>
[2024-10-11T13:28:54.977+0000] {spark_submit.py:649} INFO - 24/10/11 13:28:54 INFO HashAggregateExec: spark.sql.codegen.aggregate.map.twolevel.enabled is set to true, but current version of codegened fast hashmap does not support this aggregate.
[2024-10-11T13:28:54.996+0000] {spark_submit.py:649} INFO - 24/10/11 13:28:54 INFO CodeGenerator: Code generated in 15.394917 ms
[2024-10-11T13:28:54.999+0000] {spark_submit.py:649} INFO - 24/10/11 13:28:54 INFO MemoryStore: Block broadcast_9 stored as values in memory (estimated size 204.2 KiB, free 433.4 MiB)
[2024-10-11T13:28:55.008+0000] {spark_submit.py:649} INFO - 24/10/11 13:28:55 INFO MemoryStore: Block broadcast_9_piece0 stored as bytes in memory (estimated size 35.3 KiB, free 433.4 MiB)
[2024-10-11T13:28:55.009+0000] {spark_submit.py:649} INFO - 24/10/11 13:28:55 INFO BlockManagerInfo: Added broadcast_9_piece0 in memory on yellow-cab-airflow-scheduler:37381 (size: 35.3 KiB, free: 434.2 MiB)
[2024-10-11T13:28:55.010+0000] {spark_submit.py:649} INFO - 24/10/11 13:28:55 INFO SparkContext: Created broadcast 9 from toPandas at /spark-scripts/taxi_etl.py:118
[2024-10-11T13:28:55.011+0000] {spark_submit.py:649} INFO - 24/10/11 13:28:55 INFO FileSourceScanExec: Planning scan with bin packing, max size: 4194304 bytes, open cost is considered as scanning 4194304 bytes.
[2024-10-11T13:28:55.016+0000] {spark_submit.py:649} INFO - 24/10/11 13:28:55 INFO DAGScheduler: Registering RDD 26 (toPandas at /spark-scripts/taxi_etl.py:118) as input to shuffle 2
[2024-10-11T13:28:55.016+0000] {spark_submit.py:649} INFO - 24/10/11 13:28:55 INFO DAGScheduler: Got map stage job 6 (toPandas at /spark-scripts/taxi_etl.py:118) with 1 output partitions
[2024-10-11T13:28:55.017+0000] {spark_submit.py:649} INFO - 24/10/11 13:28:55 INFO DAGScheduler: Final stage: ShuffleMapStage 8 (toPandas at /spark-scripts/taxi_etl.py:118)
[2024-10-11T13:28:55.017+0000] {spark_submit.py:649} INFO - 24/10/11 13:28:55 INFO DAGScheduler: Parents of final stage: List()
[2024-10-11T13:28:55.018+0000] {spark_submit.py:649} INFO - 24/10/11 13:28:55 INFO DAGScheduler: Missing parents: List()
[2024-10-11T13:28:55.018+0000] {spark_submit.py:649} INFO - 24/10/11 13:28:55 INFO DAGScheduler: Submitting ShuffleMapStage 8 (MapPartitionsRDD[26] at toPandas at /spark-scripts/taxi_etl.py:118), which has no missing parents
[2024-10-11T13:28:55.020+0000] {spark_submit.py:649} INFO - 24/10/11 13:28:55 INFO MemoryStore: Block broadcast_10 stored as values in memory (estimated size 27.4 KiB, free 433.4 MiB)
[2024-10-11T13:28:55.021+0000] {spark_submit.py:649} INFO - 24/10/11 13:28:55 INFO MemoryStore: Block broadcast_10_piece0 stored as bytes in memory (estimated size 12.7 KiB, free 433.4 MiB)
[2024-10-11T13:28:55.021+0000] {spark_submit.py:649} INFO - 24/10/11 13:28:55 INFO BlockManagerInfo: Added broadcast_10_piece0 in memory on yellow-cab-airflow-scheduler:37381 (size: 12.7 KiB, free: 434.2 MiB)
[2024-10-11T13:28:55.022+0000] {spark_submit.py:649} INFO - 24/10/11 13:28:55 INFO SparkContext: Created broadcast 10 from broadcast at DAGScheduler.scala:1513
[2024-10-11T13:28:55.022+0000] {spark_submit.py:649} INFO - 24/10/11 13:28:55 INFO DAGScheduler: Submitting 1 missing tasks from ShuffleMapStage 8 (MapPartitionsRDD[26] at toPandas at /spark-scripts/taxi_etl.py:118) (first 15 tasks are for partitions Vector(0))
[2024-10-11T13:28:55.022+0000] {spark_submit.py:649} INFO - 24/10/11 13:28:55 INFO TaskSchedulerImpl: Adding task set 8.0 with 1 tasks resource profile 0
[2024-10-11T13:28:55.023+0000] {spark_submit.py:649} INFO - 24/10/11 13:28:55 INFO TaskSetManager: Starting task 0.0 in stage 8.0 (TID 6) (172.24.0.3, executor 0, partition 0, PROCESS_LOCAL, 4904 bytes) taskResourceAssignments Map()
[2024-10-11T13:28:55.043+0000] {spark_submit.py:649} INFO - 24/10/11 13:28:55 INFO BlockManagerInfo: Added broadcast_10_piece0 in memory on 172.24.0.3:39701 (size: 12.7 KiB, free: 434.3 MiB)
[2024-10-11T13:28:55.094+0000] {spark_submit.py:649} INFO - 24/10/11 13:28:55 INFO BlockManagerInfo: Added broadcast_9_piece0 in memory on 172.24.0.3:39701 (size: 35.3 KiB, free: 434.2 MiB)
[2024-10-11T13:28:55.202+0000] {spark_submit.py:649} INFO - 24/10/11 13:28:55 INFO TaskSetManager: Finished task 0.0 in stage 8.0 (TID 6) in 179 ms on 172.24.0.3 (executor 0) (1/1)
[2024-10-11T13:28:55.202+0000] {spark_submit.py:649} INFO - 24/10/11 13:28:55 INFO TaskSchedulerImpl: Removed TaskSet 8.0, whose tasks have all completed, from pool
[2024-10-11T13:28:55.203+0000] {spark_submit.py:649} INFO - 24/10/11 13:28:55 INFO DAGScheduler: ShuffleMapStage 8 (toPandas at /spark-scripts/taxi_etl.py:118) finished in 0.184 s
[2024-10-11T13:28:55.203+0000] {spark_submit.py:649} INFO - 24/10/11 13:28:55 INFO DAGScheduler: looking for newly runnable stages
[2024-10-11T13:28:55.203+0000] {spark_submit.py:649} INFO - 24/10/11 13:28:55 INFO DAGScheduler: running: Set()
[2024-10-11T13:28:55.204+0000] {spark_submit.py:649} INFO - 24/10/11 13:28:55 INFO DAGScheduler: waiting: Set()
[2024-10-11T13:28:55.204+0000] {spark_submit.py:649} INFO - 24/10/11 13:28:55 INFO DAGScheduler: failed: Set()
[2024-10-11T13:28:55.205+0000] {spark_submit.py:649} INFO - 24/10/11 13:28:55 INFO ShufflePartitionsUtil: For shuffle(2), advisory target size: 67108864, actual target size 1048576, minimum partition size: 1048576
[2024-10-11T13:28:55.209+0000] {spark_submit.py:649} INFO - 24/10/11 13:28:55 INFO HashAggregateExec: spark.sql.codegen.aggregate.map.twolevel.enabled is set to true, but current version of codegened fast hashmap does not support this aggregate.
[2024-10-11T13:28:55.222+0000] {spark_submit.py:649} INFO - 24/10/11 13:28:55 INFO CodeGenerator: Code generated in 10.823541 ms
[2024-10-11T13:28:55.232+0000] {spark_submit.py:649} INFO - 24/10/11 13:28:55 INFO SparkContext: Starting job: toPandas at /spark-scripts/taxi_etl.py:118
[2024-10-11T13:28:55.233+0000] {spark_submit.py:649} INFO - 24/10/11 13:28:55 INFO DAGScheduler: Got job 7 (toPandas at /spark-scripts/taxi_etl.py:118) with 1 output partitions
[2024-10-11T13:28:55.233+0000] {spark_submit.py:649} INFO - 24/10/11 13:28:55 INFO DAGScheduler: Final stage: ResultStage 10 (toPandas at /spark-scripts/taxi_etl.py:118)
[2024-10-11T13:28:55.233+0000] {spark_submit.py:649} INFO - 24/10/11 13:28:55 INFO DAGScheduler: Parents of final stage: List(ShuffleMapStage 9)
[2024-10-11T13:28:55.233+0000] {spark_submit.py:649} INFO - 24/10/11 13:28:55 INFO DAGScheduler: Missing parents: List()
[2024-10-11T13:28:55.234+0000] {spark_submit.py:649} INFO - 24/10/11 13:28:55 INFO DAGScheduler: Submitting ResultStage 10 (MapPartitionsRDD[29] at toPandas at /spark-scripts/taxi_etl.py:118), which has no missing parents
[2024-10-11T13:28:55.237+0000] {spark_submit.py:649} INFO - 24/10/11 13:28:55 INFO MemoryStore: Block broadcast_11 stored as values in memory (estimated size 37.3 KiB, free 433.3 MiB)
[2024-10-11T13:28:55.238+0000] {spark_submit.py:649} INFO - 24/10/11 13:28:55 INFO MemoryStore: Block broadcast_11_piece0 stored as bytes in memory (estimated size 17.7 KiB, free 433.3 MiB)
[2024-10-11T13:28:55.239+0000] {spark_submit.py:649} INFO - 24/10/11 13:28:55 INFO BlockManagerInfo: Added broadcast_11_piece0 in memory on yellow-cab-airflow-scheduler:37381 (size: 17.7 KiB, free: 434.2 MiB)
[2024-10-11T13:28:55.239+0000] {spark_submit.py:649} INFO - 24/10/11 13:28:55 INFO SparkContext: Created broadcast 11 from broadcast at DAGScheduler.scala:1513
[2024-10-11T13:28:55.240+0000] {spark_submit.py:649} INFO - 24/10/11 13:28:55 INFO DAGScheduler: Submitting 1 missing tasks from ResultStage 10 (MapPartitionsRDD[29] at toPandas at /spark-scripts/taxi_etl.py:118) (first 15 tasks are for partitions Vector(0))
[2024-10-11T13:28:55.240+0000] {spark_submit.py:649} INFO - 24/10/11 13:28:55 INFO TaskSchedulerImpl: Adding task set 10.0 with 1 tasks resource profile 0
[2024-10-11T13:28:55.241+0000] {spark_submit.py:649} INFO - 24/10/11 13:28:55 INFO TaskSetManager: Starting task 0.0 in stage 10.0 (TID 7) (172.24.0.3, executor 0, partition 0, NODE_LOCAL, 4457 bytes) taskResourceAssignments Map()
[2024-10-11T13:28:55.248+0000] {spark_submit.py:649} INFO - 24/10/11 13:28:55 INFO BlockManagerInfo: Added broadcast_11_piece0 in memory on 172.24.0.3:39701 (size: 17.7 KiB, free: 434.2 MiB)
[2024-10-11T13:28:55.255+0000] {spark_submit.py:649} INFO - 24/10/11 13:28:55 INFO MapOutputTrackerMasterEndpoint: Asked to send map output locations for shuffle 2 to 172.24.0.3:34316
[2024-10-11T13:28:55.281+0000] {spark_submit.py:649} INFO - 24/10/11 13:28:55 INFO TaskSetManager: Finished task 0.0 in stage 10.0 (TID 7) in 41 ms on 172.24.0.3 (executor 0) (1/1)
[2024-10-11T13:28:55.281+0000] {spark_submit.py:649} INFO - 24/10/11 13:28:55 INFO TaskSchedulerImpl: Removed TaskSet 10.0, whose tasks have all completed, from pool
[2024-10-11T13:28:55.281+0000] {spark_submit.py:649} INFO - 24/10/11 13:28:55 INFO DAGScheduler: ResultStage 10 (toPandas at /spark-scripts/taxi_etl.py:118) finished in 0.045 s
[2024-10-11T13:28:55.282+0000] {spark_submit.py:649} INFO - 24/10/11 13:28:55 INFO DAGScheduler: Job 7 is finished. Cancelling potential speculative or zombie tasks for this job
[2024-10-11T13:28:55.283+0000] {spark_submit.py:649} INFO - 24/10/11 13:28:55 INFO TaskSchedulerImpl: Killing all running tasks in stage 10: Stage finished
[2024-10-11T13:28:55.283+0000] {spark_submit.py:649} INFO - 24/10/11 13:28:55 INFO DAGScheduler: Job 7 finished: toPandas at /spark-scripts/taxi_etl.py:118, took 0.049761 s
[2024-10-11T13:28:59.563+0000] {spark_submit.py:649} INFO - 24/10/11 13:28:59 INFO FileSourceStrategy: Pushed Filters:
[2024-10-11T13:28:59.565+0000] {spark_submit.py:649} INFO - 24/10/11 13:28:59 INFO FileSourceStrategy: Post-Scan Filters: atleastnnonnulls(4, tpep_pickup_datetime#32, tpep_dropoff_datetime#33, pickup_longitude#36, pickup_latitude#37)
[2024-10-11T13:28:59.565+0000] {spark_submit.py:649} INFO - 24/10/11 13:28:59 INFO FileSourceStrategy: Output Data Schema: struct<tpep_pickup_datetime: timestamp, tpep_dropoff_datetime: timestamp, pickup_longitude: double, pickup_latitude: double, payment_type: int ... 3 more fields>
[2024-10-11T13:28:59.573+0000] {spark_submit.py:649} INFO - 24/10/11 13:28:59 INFO HashAggregateExec: spark.sql.codegen.aggregate.map.twolevel.enabled is set to true, but current version of codegened fast hashmap does not support this aggregate.
[2024-10-11T13:28:59.579+0000] {spark_submit.py:649} INFO - 24/10/11 13:28:59 INFO MemoryStore: Block broadcast_12 stored as values in memory (estimated size 204.2 KiB, free 433.1 MiB)
[2024-10-11T13:28:59.585+0000] {spark_submit.py:649} INFO - 24/10/11 13:28:59 INFO MemoryStore: Block broadcast_12_piece0 stored as bytes in memory (estimated size 35.3 KiB, free 433.1 MiB)
[2024-10-11T13:28:59.586+0000] {spark_submit.py:649} INFO - 24/10/11 13:28:59 INFO BlockManagerInfo: Added broadcast_12_piece0 in memory on yellow-cab-airflow-scheduler:37381 (size: 35.3 KiB, free: 434.2 MiB)
[2024-10-11T13:28:59.588+0000] {spark_submit.py:649} INFO - 24/10/11 13:28:59 INFO SparkContext: Created broadcast 12 from toPandas at /spark-scripts/taxi_etl.py:121
[2024-10-11T13:28:59.590+0000] {spark_submit.py:649} INFO - 24/10/11 13:28:59 INFO FileSourceScanExec: Planning scan with bin packing, max size: 4194304 bytes, open cost is considered as scanning 4194304 bytes.
[2024-10-11T13:28:59.593+0000] {spark_submit.py:649} INFO - 24/10/11 13:28:59 INFO DAGScheduler: Registering RDD 33 (toPandas at /spark-scripts/taxi_etl.py:121) as input to shuffle 3
[2024-10-11T13:28:59.594+0000] {spark_submit.py:649} INFO - 24/10/11 13:28:59 INFO DAGScheduler: Got map stage job 8 (toPandas at /spark-scripts/taxi_etl.py:121) with 1 output partitions
[2024-10-11T13:28:59.594+0000] {spark_submit.py:649} INFO - 24/10/11 13:28:59 INFO DAGScheduler: Final stage: ShuffleMapStage 11 (toPandas at /spark-scripts/taxi_etl.py:121)
[2024-10-11T13:28:59.594+0000] {spark_submit.py:649} INFO - 24/10/11 13:28:59 INFO DAGScheduler: Parents of final stage: List()
[2024-10-11T13:28:59.595+0000] {spark_submit.py:649} INFO - 24/10/11 13:28:59 INFO DAGScheduler: Missing parents: List()
[2024-10-11T13:28:59.595+0000] {spark_submit.py:649} INFO - 24/10/11 13:28:59 INFO DAGScheduler: Submitting ShuffleMapStage 11 (MapPartitionsRDD[33] at toPandas at /spark-scripts/taxi_etl.py:121), which has no missing parents
[2024-10-11T13:28:59.596+0000] {spark_submit.py:649} INFO - 24/10/11 13:28:59 INFO BlockManagerInfo: Removed broadcast_11_piece0 on yellow-cab-airflow-scheduler:37381 in memory (size: 17.7 KiB, free: 434.2 MiB)
[2024-10-11T13:28:59.597+0000] {spark_submit.py:649} INFO - 24/10/11 13:28:59 INFO MemoryStore: Block broadcast_13 stored as values in memory (estimated size 27.4 KiB, free 433.1 MiB)
[2024-10-11T13:28:59.597+0000] {spark_submit.py:649} INFO - 24/10/11 13:28:59 INFO BlockManagerInfo: Removed broadcast_11_piece0 on 172.24.0.3:39701 in memory (size: 17.7 KiB, free: 434.2 MiB)
[2024-10-11T13:28:59.598+0000] {spark_submit.py:649} INFO - 24/10/11 13:28:59 INFO MemoryStore: Block broadcast_13_piece0 stored as bytes in memory (estimated size 12.7 KiB, free 433.1 MiB)
[2024-10-11T13:28:59.598+0000] {spark_submit.py:649} INFO - 24/10/11 13:28:59 INFO BlockManagerInfo: Added broadcast_13_piece0 in memory on yellow-cab-airflow-scheduler:37381 (size: 12.7 KiB, free: 434.2 MiB)
[2024-10-11T13:28:59.599+0000] {spark_submit.py:649} INFO - 24/10/11 13:28:59 INFO SparkContext: Created broadcast 13 from broadcast at DAGScheduler.scala:1513
[2024-10-11T13:28:59.599+0000] {spark_submit.py:649} INFO - 24/10/11 13:28:59 INFO DAGScheduler: Submitting 1 missing tasks from ShuffleMapStage 11 (MapPartitionsRDD[33] at toPandas at /spark-scripts/taxi_etl.py:121) (first 15 tasks are for partitions Vector(0))
[2024-10-11T13:28:59.600+0000] {spark_submit.py:649} INFO - 24/10/11 13:28:59 INFO TaskSchedulerImpl: Adding task set 11.0 with 1 tasks resource profile 0
[2024-10-11T13:28:59.601+0000] {spark_submit.py:649} INFO - 24/10/11 13:28:59 INFO TaskSetManager: Starting task 0.0 in stage 11.0 (TID 8) (172.24.0.3, executor 0, partition 0, PROCESS_LOCAL, 4904 bytes) taskResourceAssignments Map()
[2024-10-11T13:28:59.602+0000] {spark_submit.py:649} INFO - 24/10/11 13:28:59 INFO BlockManagerInfo: Removed broadcast_8_piece0 on yellow-cab-airflow-scheduler:37381 in memory (size: 17.5 KiB, free: 434.2 MiB)
[2024-10-11T13:28:59.605+0000] {spark_submit.py:649} INFO - 24/10/11 13:28:59 INFO BlockManagerInfo: Removed broadcast_8_piece0 on 172.24.0.3:39701 in memory (size: 17.5 KiB, free: 434.2 MiB)
[2024-10-11T13:28:59.610+0000] {spark_submit.py:649} INFO - 24/10/11 13:28:59 INFO BlockManagerInfo: Removed broadcast_10_piece0 on yellow-cab-airflow-scheduler:37381 in memory (size: 12.7 KiB, free: 434.2 MiB)
[2024-10-11T13:28:59.610+0000] {spark_submit.py:649} INFO - 24/10/11 13:28:59 INFO BlockManagerInfo: Added broadcast_13_piece0 in memory on 172.24.0.3:39701 (size: 12.7 KiB, free: 434.2 MiB)
[2024-10-11T13:28:59.612+0000] {spark_submit.py:649} INFO - 24/10/11 13:28:59 INFO BlockManagerInfo: Removed broadcast_10_piece0 on 172.24.0.3:39701 in memory (size: 12.7 KiB, free: 434.2 MiB)
[2024-10-11T13:28:59.626+0000] {spark_submit.py:649} INFO - 24/10/11 13:28:59 INFO BlockManagerInfo: Added broadcast_12_piece0 in memory on 172.24.0.3:39701 (size: 35.3 KiB, free: 434.2 MiB)
[2024-10-11T13:28:59.710+0000] {spark_submit.py:649} INFO - 24/10/11 13:28:59 INFO TaskSetManager: Finished task 0.0 in stage 11.0 (TID 8) in 109 ms on 172.24.0.3 (executor 0) (1/1)
[2024-10-11T13:28:59.710+0000] {spark_submit.py:649} INFO - 24/10/11 13:28:59 INFO TaskSchedulerImpl: Removed TaskSet 11.0, whose tasks have all completed, from pool
[2024-10-11T13:28:59.712+0000] {spark_submit.py:649} INFO - 24/10/11 13:28:59 INFO DAGScheduler: ShuffleMapStage 11 (toPandas at /spark-scripts/taxi_etl.py:121) finished in 0.116 s
[2024-10-11T13:28:59.712+0000] {spark_submit.py:649} INFO - 24/10/11 13:28:59 INFO DAGScheduler: looking for newly runnable stages
[2024-10-11T13:28:59.713+0000] {spark_submit.py:649} INFO - 24/10/11 13:28:59 INFO DAGScheduler: running: Set()
[2024-10-11T13:28:59.713+0000] {spark_submit.py:649} INFO - 24/10/11 13:28:59 INFO DAGScheduler: waiting: Set()
[2024-10-11T13:28:59.714+0000] {spark_submit.py:649} INFO - 24/10/11 13:28:59 INFO DAGScheduler: failed: Set()
[2024-10-11T13:28:59.716+0000] {spark_submit.py:649} INFO - 24/10/11 13:28:59 INFO ShufflePartitionsUtil: For shuffle(3), advisory target size: 67108864, actual target size 1048576, minimum partition size: 1048576
[2024-10-11T13:28:59.719+0000] {spark_submit.py:649} INFO - 24/10/11 13:28:59 INFO HashAggregateExec: spark.sql.codegen.aggregate.map.twolevel.enabled is set to true, but current version of codegened fast hashmap does not support this aggregate.
[2024-10-11T13:28:59.727+0000] {spark_submit.py:649} INFO - 24/10/11 13:28:59 INFO BlockManagerInfo: Removed broadcast_13_piece0 on yellow-cab-airflow-scheduler:37381 in memory (size: 12.7 KiB, free: 434.2 MiB)
[2024-10-11T13:28:59.729+0000] {spark_submit.py:649} INFO - 24/10/11 13:28:59 INFO BlockManagerInfo: Removed broadcast_13_piece0 on 172.24.0.3:39701 in memory (size: 12.7 KiB, free: 434.2 MiB)
[2024-10-11T13:28:59.731+0000] {spark_submit.py:649} INFO - 24/10/11 13:28:59 INFO SparkContext: Starting job: toPandas at /spark-scripts/taxi_etl.py:121
[2024-10-11T13:28:59.731+0000] {spark_submit.py:649} INFO - 24/10/11 13:28:59 INFO DAGScheduler: Got job 9 (toPandas at /spark-scripts/taxi_etl.py:121) with 1 output partitions
[2024-10-11T13:28:59.732+0000] {spark_submit.py:649} INFO - 24/10/11 13:28:59 INFO DAGScheduler: Final stage: ResultStage 13 (toPandas at /spark-scripts/taxi_etl.py:121)
[2024-10-11T13:28:59.732+0000] {spark_submit.py:649} INFO - 24/10/11 13:28:59 INFO DAGScheduler: Parents of final stage: List(ShuffleMapStage 12)
[2024-10-11T13:28:59.732+0000] {spark_submit.py:649} INFO - 24/10/11 13:28:59 INFO DAGScheduler: Missing parents: List()
[2024-10-11T13:28:59.732+0000] {spark_submit.py:649} INFO - 24/10/11 13:28:59 INFO DAGScheduler: Submitting ResultStage 13 (MapPartitionsRDD[36] at toPandas at /spark-scripts/taxi_etl.py:121), which has no missing parents
[2024-10-11T13:28:59.735+0000] {spark_submit.py:649} INFO - 24/10/11 13:28:59 INFO MemoryStore: Block broadcast_14 stored as values in memory (estimated size 37.3 KiB, free 433.2 MiB)
[2024-10-11T13:28:59.738+0000] {spark_submit.py:649} INFO - 24/10/11 13:28:59 INFO MemoryStore: Block broadcast_14_piece0 stored as bytes in memory (estimated size 17.7 KiB, free 433.2 MiB)
[2024-10-11T13:28:59.739+0000] {spark_submit.py:649} INFO - 24/10/11 13:28:59 INFO BlockManagerInfo: Added broadcast_14_piece0 in memory on yellow-cab-airflow-scheduler:37381 (size: 17.7 KiB, free: 434.2 MiB)
[2024-10-11T13:28:59.739+0000] {spark_submit.py:649} INFO - 24/10/11 13:28:59 INFO SparkContext: Created broadcast 14 from broadcast at DAGScheduler.scala:1513
[2024-10-11T13:28:59.739+0000] {spark_submit.py:649} INFO - 24/10/11 13:28:59 INFO DAGScheduler: Submitting 1 missing tasks from ResultStage 13 (MapPartitionsRDD[36] at toPandas at /spark-scripts/taxi_etl.py:121) (first 15 tasks are for partitions Vector(0))
[2024-10-11T13:28:59.739+0000] {spark_submit.py:649} INFO - 24/10/11 13:28:59 INFO TaskSchedulerImpl: Adding task set 13.0 with 1 tasks resource profile 0
[2024-10-11T13:28:59.740+0000] {spark_submit.py:649} INFO - 24/10/11 13:28:59 INFO TaskSetManager: Starting task 0.0 in stage 13.0 (TID 9) (172.24.0.3, executor 0, partition 0, NODE_LOCAL, 4457 bytes) taskResourceAssignments Map()
[2024-10-11T13:28:59.752+0000] {spark_submit.py:649} INFO - 24/10/11 13:28:59 INFO BlockManagerInfo: Added broadcast_14_piece0 in memory on 172.24.0.3:39701 (size: 17.7 KiB, free: 434.2 MiB)
[2024-10-11T13:28:59.759+0000] {spark_submit.py:649} INFO - 24/10/11 13:28:59 INFO MapOutputTrackerMasterEndpoint: Asked to send map output locations for shuffle 3 to 172.24.0.3:34316
[2024-10-11T13:28:59.767+0000] {spark_submit.py:649} INFO - 24/10/11 13:28:59 INFO BlockManagerInfo: Removed broadcast_2_piece0 on yellow-cab-airflow-scheduler:37381 in memory (size: 35.3 KiB, free: 434.2 MiB)
[2024-10-11T13:28:59.770+0000] {spark_submit.py:649} INFO - 24/10/11 13:28:59 INFO BlockManagerInfo: Removed broadcast_2_piece0 on 172.24.0.3:39701 in memory (size: 35.3 KiB, free: 434.2 MiB)
[2024-10-11T13:28:59.778+0000] {spark_submit.py:649} INFO - 24/10/11 13:28:59 INFO BlockManagerInfo: Removed broadcast_4_piece0 on yellow-cab-airflow-scheduler:37381 in memory (size: 35.3 KiB, free: 434.3 MiB)
[2024-10-11T13:28:59.778+0000] {spark_submit.py:649} INFO - 24/10/11 13:28:59 INFO TaskSetManager: Finished task 0.0 in stage 13.0 (TID 9) in 38 ms on 172.24.0.3 (executor 0) (1/1)
[2024-10-11T13:28:59.779+0000] {spark_submit.py:649} INFO - 24/10/11 13:28:59 INFO TaskSchedulerImpl: Removed TaskSet 13.0, whose tasks have all completed, from pool
[2024-10-11T13:28:59.779+0000] {spark_submit.py:649} INFO - 24/10/11 13:28:59 INFO DAGScheduler: ResultStage 13 (toPandas at /spark-scripts/taxi_etl.py:121) finished in 0.045 s
[2024-10-11T13:28:59.780+0000] {spark_submit.py:649} INFO - 24/10/11 13:28:59 INFO DAGScheduler: Job 9 is finished. Cancelling potential speculative or zombie tasks for this job
[2024-10-11T13:28:59.780+0000] {spark_submit.py:649} INFO - 24/10/11 13:28:59 INFO TaskSchedulerImpl: Killing all running tasks in stage 13: Stage finished
[2024-10-11T13:28:59.781+0000] {spark_submit.py:649} INFO - 24/10/11 13:28:59 INFO DAGScheduler: Job 9 finished: toPandas at /spark-scripts/taxi_etl.py:121, took 0.049281 s
[2024-10-11T13:28:59.782+0000] {spark_submit.py:649} INFO - 24/10/11 13:28:59 INFO BlockManagerInfo: Removed broadcast_4_piece0 on 172.24.0.3:39701 in memory (size: 35.3 KiB, free: 434.3 MiB)
[2024-10-11T13:29:15.893+0000] {spark_submit.py:649} INFO - Traceback (most recent call last):
[2024-10-11T13:29:15.895+0000] {spark_submit.py:649} INFO - File "/spark-scripts/taxi_etl.py", line 137, in <module>
[2024-10-11T13:29:15.895+0000] {spark_submit.py:649} INFO - main()
[2024-10-11T13:29:15.895+0000] {spark_submit.py:649} INFO - File "/spark-scripts/taxi_etl.py", line 128, in main
[2024-10-11T13:29:15.896+0000] {spark_submit.py:649} INFO - dim_datetime_write = client.load_table_from_dataframe(dim_datetime.toPandas(dtype={'Datetime': 'datetime64[ns]'}), f"{PROJECT_ID}.{DATASET_ID}.dim_datetime", job_config=job_config)
[2024-10-11T13:29:15.897+0000] {spark_submit.py:649} INFO - TypeError: toPandas() got an unexpected keyword argument 'dtype'
[2024-10-11T13:29:16.091+0000] {spark_submit.py:649} INFO - 24/10/11 13:29:16 INFO SparkContext: Invoking stop() from shutdown hook
[2024-10-11T13:29:16.101+0000] {spark_submit.py:649} INFO - 24/10/11 13:29:16 INFO SparkUI: Stopped Spark web UI at http://yellow-cab-airflow-scheduler:4040
[2024-10-11T13:29:16.103+0000] {spark_submit.py:649} INFO - 24/10/11 13:29:16 INFO StandaloneSchedulerBackend: Shutting down all executors
[2024-10-11T13:29:16.104+0000] {spark_submit.py:649} INFO - 24/10/11 13:29:16 INFO CoarseGrainedSchedulerBackend$DriverEndpoint: Asking each executor to shut down
[2024-10-11T13:29:16.123+0000] {spark_submit.py:649} INFO - 24/10/11 13:29:16 INFO MapOutputTrackerMasterEndpoint: MapOutputTrackerMasterEndpoint stopped!
[2024-10-11T13:29:16.154+0000] {spark_submit.py:649} INFO - 24/10/11 13:29:16 INFO MemoryStore: MemoryStore cleared
[2024-10-11T13:29:16.155+0000] {spark_submit.py:649} INFO - 24/10/11 13:29:16 INFO BlockManager: BlockManager stopped
[2024-10-11T13:29:16.158+0000] {spark_submit.py:649} INFO - 24/10/11 13:29:16 INFO BlockManagerMaster: BlockManagerMaster stopped
[2024-10-11T13:29:16.165+0000] {spark_submit.py:649} INFO - 24/10/11 13:29:16 INFO OutputCommitCoordinator$OutputCommitCoordinatorEndpoint: OutputCommitCoordinator stopped!
[2024-10-11T13:29:16.230+0000] {spark_submit.py:649} INFO - 24/10/11 13:29:16 INFO SparkContext: Successfully stopped SparkContext
[2024-10-11T13:29:16.232+0000] {spark_submit.py:649} INFO - 24/10/11 13:29:16 INFO ShutdownHookManager: Shutdown hook called
[2024-10-11T13:29:16.234+0000] {spark_submit.py:649} INFO - 24/10/11 13:29:16 INFO ShutdownHookManager: Deleting directory /tmp/spark-6793c01c-b6b4-479d-9dcc-5fb9751eace1/pyspark-7b1770df-c38f-48e3-8217-4fe531383af9
[2024-10-11T13:29:16.244+0000] {spark_submit.py:649} INFO - 24/10/11 13:29:16 INFO ShutdownHookManager: Deleting directory /tmp/spark-6793c01c-b6b4-479d-9dcc-5fb9751eace1
[2024-10-11T13:29:16.257+0000] {spark_submit.py:649} INFO - 24/10/11 13:29:16 INFO ShutdownHookManager: Deleting directory /tmp/spark-b2e01e35-a9f2-4dc2-8813-1311fa9b4c69
[2024-10-11T13:29:16.305+0000] {taskinstance.py:441} INFO - ::group::Post task execution logs
[2024-10-11T13:29:16.332+0000] {taskinstance.py:2905} ERROR - Task failed with exception
Traceback (most recent call last):
  File "/home/airflow/.local/lib/python3.9/site-packages/airflow/models/taskinstance.py", line 465, in _execute_task
    result = _execute_callable(context=context, **execute_callable_kwargs)
  File "/home/airflow/.local/lib/python3.9/site-packages/airflow/models/taskinstance.py", line 432, in _execute_callable
    return execute_callable(context=context, **execute_callable_kwargs)
  File "/home/airflow/.local/lib/python3.9/site-packages/airflow/models/baseoperator.py", line 400, in wrapper
    return func(self, *args, **kwargs)
  File "/home/airflow/.local/lib/python3.9/site-packages/airflow/providers/apache/spark/operators/spark_submit.py", line 176, in execute
    self._hook.submit(self.application)
  File "/home/airflow/.local/lib/python3.9/site-packages/airflow/providers/apache/spark/hooks/spark_submit.py", line 575, in submit
    raise AirflowException(
airflow.exceptions.AirflowException: Cannot execute: spark-submit --master spark://spark-master:7077 --conf spark.jars.packages=org.apache.sedona:sedona-python-adapter-3.0_2.12:1.2.0-incubating,org.datasyslab:geotools-wrapper:geotools-24.0 --conf spark.jars.repositories=https://repo1.maven.org/maven2/ --name arrow-spark --deploy-mode client /spark-scripts/taxi_etl.py. Error code is: 1.
[2024-10-11T13:29:16.339+0000] {taskinstance.py:1206} INFO - Marking task as FAILED. dag_id=etl_yellow_cab, task_id=etl_task, run_id=manual__2024-10-11T07:14:16.194830+00:00, execution_date=20241011T071416, start_date=20241011T132837, end_date=20241011T132916
[2024-10-11T13:29:16.360+0000] {standard_task_runner.py:110} ERROR - Failed to execute job 47 for task etl_task (Cannot execute: spark-submit --master spark://spark-master:7077 --conf spark.jars.packages=org.apache.sedona:sedona-python-adapter-3.0_2.12:1.2.0-incubating,org.datasyslab:geotools-wrapper:geotools-24.0 --conf spark.jars.repositories=https://repo1.maven.org/maven2/ --name arrow-spark --deploy-mode client /spark-scripts/taxi_etl.py. Error code is: 1.; 883)
[2024-10-11T13:29:16.372+0000] {local_task_job_runner.py:240} INFO - Task exited with return code 1
[2024-10-11T13:29:16.393+0000] {taskinstance.py:3498} INFO - 0 downstream tasks scheduled from follow-on schedule check
[2024-10-11T13:29:16.394+0000] {local_task_job_runner.py:222} INFO - ::endgroup::
