[2024-10-11T13:21:20.967+0000] {local_task_job_runner.py:120} INFO - ::group::Pre task execution logs
[2024-10-11T13:21:21.025+0000] {taskinstance.py:2076} INFO - Dependencies all met for dep_context=non-requeueable deps ti=<TaskInstance: etl_yellow_cab.etl_task manual__2024-10-11T07:14:16.194830+00:00 [queued]>
[2024-10-11T13:21:21.032+0000] {taskinstance.py:2076} INFO - Dependencies all met for dep_context=requeueable deps ti=<TaskInstance: etl_yellow_cab.etl_task manual__2024-10-11T07:14:16.194830+00:00 [queued]>
[2024-10-11T13:21:21.032+0000] {taskinstance.py:2306} INFO - Starting attempt 25 of 25
[2024-10-11T13:21:21.042+0000] {taskinstance.py:2330} INFO - Executing <Task(SparkSubmitOperator): etl_task> on 2024-10-11 07:14:16.194830+00:00
[2024-10-11T13:21:21.048+0000] {standard_task_runner.py:63} INFO - Started process 522 to run task
[2024-10-11T13:21:21.054+0000] {standard_task_runner.py:90} INFO - Running: ['airflow', 'tasks', 'run', 'etl_yellow_cab', 'etl_task', 'manual__2024-10-11T07:14:16.194830+00:00', '--job-id', '46', '--raw', '--subdir', 'DAGS_FOLDER/yellow-cab-batch.py', '--cfg-path', '/tmp/tmp39rfhobm']
[2024-10-11T13:21:21.057+0000] {standard_task_runner.py:91} INFO - Job 46: Subtask etl_task
[2024-10-11T13:21:21.079+0000] {logging_mixin.py:188} WARNING - /home/airflow/.local/lib/python3.9/site-packages/airflow/settings.py:195 DeprecationWarning: The sql_alchemy_conn option in [core] has been moved to the sql_alchemy_conn option in [database] - the old setting has been used, but please update your config.
[2024-10-11T13:21:21.133+0000] {task_command.py:426} INFO - Running <TaskInstance: etl_yellow_cab.etl_task manual__2024-10-11T07:14:16.194830+00:00 [running]> on host yellow-cab-airflow-scheduler
[2024-10-11T13:21:21.214+0000] {taskinstance.py:2648} INFO - Exporting env vars: AIRFLOW_CTX_DAG_OWNER='hafidz' AIRFLOW_CTX_DAG_ID='etl_yellow_cab' AIRFLOW_CTX_TASK_ID='etl_task' AIRFLOW_CTX_EXECUTION_DATE='2024-10-11T07:14:16.194830+00:00' AIRFLOW_CTX_TRY_NUMBER='25' AIRFLOW_CTX_DAG_RUN_ID='manual__2024-10-11T07:14:16.194830+00:00'
[2024-10-11T13:21:21.215+0000] {taskinstance.py:430} INFO - ::endgroup::
[2024-10-11T13:21:21.237+0000] {base.py:84} INFO - Using connection ID 'spark_main' for task execution.
[2024-10-11T13:21:21.239+0000] {spark_submit.py:473} INFO - Spark-Submit cmd: spark-submit --master spark://spark-master:7077 --conf spark.jars.packages=org.apache.sedona:sedona-python-adapter-3.0_2.12:1.2.0-incubating,org.datasyslab:geotools-wrapper:geotools-24.0 --conf spark.jars.repositories=https://repo1.maven.org/maven2/ --name arrow-spark --deploy-mode client /spark-scripts/taxi_etl.py
[2024-10-11T13:21:22.304+0000] {spark_submit.py:649} INFO - https://repo1.maven.org/maven2/ added as a remote repository with the name: repo-1
[2024-10-11T13:21:22.322+0000] {spark_submit.py:649} INFO - :: loading settings :: url = jar:file:/home/airflow/.local/lib/python3.9/site-packages/pyspark/jars/ivy-2.5.1.jar!/org/apache/ivy/core/settings/ivysettings.xml
[2024-10-11T13:21:22.370+0000] {spark_submit.py:649} INFO - Ivy Default Cache set to: /home/airflow/.ivy2/cache
[2024-10-11T13:21:22.370+0000] {spark_submit.py:649} INFO - The jars for the packages stored in: /home/airflow/.ivy2/jars
[2024-10-11T13:21:22.373+0000] {spark_submit.py:649} INFO - org.apache.sedona#sedona-python-adapter-3.0_2.12 added as a dependency
[2024-10-11T13:21:22.373+0000] {spark_submit.py:649} INFO - org.datasyslab#geotools-wrapper added as a dependency
[2024-10-11T13:21:22.373+0000] {spark_submit.py:649} INFO - :: resolving dependencies :: org.apache.spark#spark-submit-parent-df01dfb5-1171-43ad-9dfa-f4daac39b623;1.0
[2024-10-11T13:21:22.373+0000] {spark_submit.py:649} INFO - confs: [default]
[2024-10-11T13:21:22.473+0000] {spark_submit.py:649} INFO - found org.apache.sedona#sedona-python-adapter-3.0_2.12;1.2.0-incubating in central
[2024-10-11T13:21:22.496+0000] {spark_submit.py:649} INFO - found org.locationtech.jts#jts-core;1.18.0 in central
[2024-10-11T13:21:22.513+0000] {spark_submit.py:649} INFO - found org.wololo#jts2geojson;0.16.1 in central
[2024-10-11T13:21:22.530+0000] {spark_submit.py:649} INFO - found org.apache.sedona#sedona-core-3.0_2.12;1.2.0-incubating in central
[2024-10-11T13:21:22.543+0000] {spark_submit.py:649} INFO - found org.scala-lang.modules#scala-collection-compat_2.12;2.5.0 in central
[2024-10-11T13:21:22.560+0000] {spark_submit.py:649} INFO - found org.apache.sedona#sedona-sql-3.0_2.12;1.2.0-incubating in central
[2024-10-11T13:21:22.573+0000] {spark_submit.py:649} INFO - found org.datasyslab#geotools-wrapper;geotools-24.0 in central
[2024-10-11T13:21:22.586+0000] {spark_submit.py:649} INFO - :: resolution report :: resolve 206ms :: artifacts dl 7ms
[2024-10-11T13:21:22.586+0000] {spark_submit.py:649} INFO - :: modules in use:
[2024-10-11T13:21:22.587+0000] {spark_submit.py:649} INFO - org.apache.sedona#sedona-core-3.0_2.12;1.2.0-incubating from central in [default]
[2024-10-11T13:21:22.587+0000] {spark_submit.py:649} INFO - org.apache.sedona#sedona-python-adapter-3.0_2.12;1.2.0-incubating from central in [default]
[2024-10-11T13:21:22.587+0000] {spark_submit.py:649} INFO - org.apache.sedona#sedona-sql-3.0_2.12;1.2.0-incubating from central in [default]
[2024-10-11T13:21:22.587+0000] {spark_submit.py:649} INFO - org.datasyslab#geotools-wrapper;geotools-24.0 from central in [default]
[2024-10-11T13:21:22.587+0000] {spark_submit.py:649} INFO - org.locationtech.jts#jts-core;1.18.0 from central in [default]
[2024-10-11T13:21:22.587+0000] {spark_submit.py:649} INFO - org.scala-lang.modules#scala-collection-compat_2.12;2.5.0 from central in [default]
[2024-10-11T13:21:22.588+0000] {spark_submit.py:649} INFO - org.wololo#jts2geojson;0.16.1 from central in [default]
[2024-10-11T13:21:22.588+0000] {spark_submit.py:649} INFO - ---------------------------------------------------------------------
[2024-10-11T13:21:22.588+0000] {spark_submit.py:649} INFO - |                  |            modules            ||   artifacts   |
[2024-10-11T13:21:22.588+0000] {spark_submit.py:649} INFO - |       conf       | number| search|dwnlded|evicted|| number|dwnlded|
[2024-10-11T13:21:22.588+0000] {spark_submit.py:649} INFO - ---------------------------------------------------------------------
[2024-10-11T13:21:22.588+0000] {spark_submit.py:649} INFO - |      default     |   7   |   0   |   0   |   0   ||   7   |   0   |
[2024-10-11T13:21:22.588+0000] {spark_submit.py:649} INFO - ---------------------------------------------------------------------
[2024-10-11T13:21:22.590+0000] {spark_submit.py:649} INFO - :: retrieving :: org.apache.spark#spark-submit-parent-df01dfb5-1171-43ad-9dfa-f4daac39b623
[2024-10-11T13:21:22.590+0000] {spark_submit.py:649} INFO - confs: [default]
[2024-10-11T13:21:22.596+0000] {spark_submit.py:649} INFO - 0 artifacts copied, 7 already retrieved (0kB/6ms)
[2024-10-11T13:21:22.751+0000] {spark_submit.py:649} INFO - 24/10/11 13:21:22 WARN NativeCodeLoader: Unable to load native-hadoop library for your platform... using builtin-java classes where applicable
[2024-10-11T13:21:24.317+0000] {spark_submit.py:649} INFO - 24/10/11 13:21:24 INFO SparkContext: Running Spark version 3.3.2
[2024-10-11T13:21:24.330+0000] {spark_submit.py:649} INFO - 24/10/11 13:21:24 INFO ResourceUtils: ==============================================================
[2024-10-11T13:21:24.331+0000] {spark_submit.py:649} INFO - 24/10/11 13:21:24 INFO ResourceUtils: No custom resources configured for spark.driver.
[2024-10-11T13:21:24.331+0000] {spark_submit.py:649} INFO - 24/10/11 13:21:24 INFO ResourceUtils: ==============================================================
[2024-10-11T13:21:24.331+0000] {spark_submit.py:649} INFO - 24/10/11 13:21:24 INFO SparkContext: Submitted application: BigQueryETL
[2024-10-11T13:21:24.342+0000] {spark_submit.py:649} INFO - 24/10/11 13:21:24 INFO ResourceProfile: Default ResourceProfile created, executor resources: Map(cores -> name: cores, amount: 1, script: , vendor: , memory -> name: memory, amount: 1024, script: , vendor: , offHeap -> name: offHeap, amount: 0, script: , vendor: ), task resources: Map(cpus -> name: cpus, amount: 1.0)
[2024-10-11T13:21:24.347+0000] {spark_submit.py:649} INFO - 24/10/11 13:21:24 INFO ResourceProfile: Limiting resource is cpu
[2024-10-11T13:21:24.347+0000] {spark_submit.py:649} INFO - 24/10/11 13:21:24 INFO ResourceProfileManager: Added ResourceProfile id: 0
[2024-10-11T13:21:24.383+0000] {spark_submit.py:649} INFO - 24/10/11 13:21:24 INFO SecurityManager: Changing view acls to: airflow
[2024-10-11T13:21:24.384+0000] {spark_submit.py:649} INFO - 24/10/11 13:21:24 INFO SecurityManager: Changing modify acls to: airflow
[2024-10-11T13:21:24.384+0000] {spark_submit.py:649} INFO - 24/10/11 13:21:24 INFO SecurityManager: Changing view acls groups to:
[2024-10-11T13:21:24.384+0000] {spark_submit.py:649} INFO - 24/10/11 13:21:24 INFO SecurityManager: Changing modify acls groups to:
[2024-10-11T13:21:24.384+0000] {spark_submit.py:649} INFO - 24/10/11 13:21:24 INFO SecurityManager: SecurityManager: authentication disabled; ui acls disabled; users  with view permissions: Set(airflow); groups with view permissions: Set(); users  with modify permissions: Set(airflow); groups with modify permissions: Set()
[2024-10-11T13:21:24.550+0000] {spark_submit.py:649} INFO - 24/10/11 13:21:24 INFO Utils: Successfully started service 'sparkDriver' on port 34525.
[2024-10-11T13:21:24.568+0000] {spark_submit.py:649} INFO - 24/10/11 13:21:24 INFO SparkEnv: Registering MapOutputTracker
[2024-10-11T13:21:24.590+0000] {spark_submit.py:649} INFO - 24/10/11 13:21:24 INFO SparkEnv: Registering BlockManagerMaster
[2024-10-11T13:21:24.610+0000] {spark_submit.py:649} INFO - 24/10/11 13:21:24 INFO BlockManagerMasterEndpoint: Using org.apache.spark.storage.DefaultTopologyMapper for getting topology information
[2024-10-11T13:21:24.611+0000] {spark_submit.py:649} INFO - 24/10/11 13:21:24 INFO BlockManagerMasterEndpoint: BlockManagerMasterEndpoint up
[2024-10-11T13:21:24.614+0000] {spark_submit.py:649} INFO - 24/10/11 13:21:24 INFO SparkEnv: Registering BlockManagerMasterHeartbeat
[2024-10-11T13:21:24.628+0000] {spark_submit.py:649} INFO - 24/10/11 13:21:24 INFO DiskBlockManager: Created local directory at /tmp/blockmgr-4c84a100-b6f4-4a82-ada2-c90a71b1dc62
[2024-10-11T13:21:24.637+0000] {spark_submit.py:649} INFO - 24/10/11 13:21:24 INFO MemoryStore: MemoryStore started with capacity 434.4 MiB
[2024-10-11T13:21:24.645+0000] {spark_submit.py:649} INFO - 24/10/11 13:21:24 INFO SparkEnv: Registering OutputCommitCoordinator
[2024-10-11T13:21:24.749+0000] {spark_submit.py:649} INFO - 24/10/11 13:21:24 INFO Utils: Successfully started service 'SparkUI' on port 4040.
[2024-10-11T13:21:24.768+0000] {spark_submit.py:649} INFO - 24/10/11 13:21:24 INFO SparkContext: Added JAR file:///home/airflow/.ivy2/jars/org.apache.sedona_sedona-python-adapter-3.0_2.12-1.2.0-incubating.jar at spark://yellow-cab-airflow-scheduler:34525/jars/org.apache.sedona_sedona-python-adapter-3.0_2.12-1.2.0-incubating.jar with timestamp 1728652884312
[2024-10-11T13:21:24.769+0000] {spark_submit.py:649} INFO - 24/10/11 13:21:24 INFO SparkContext: Added JAR file:///home/airflow/.ivy2/jars/org.datasyslab_geotools-wrapper-geotools-24.0.jar at spark://yellow-cab-airflow-scheduler:34525/jars/org.datasyslab_geotools-wrapper-geotools-24.0.jar with timestamp 1728652884312
[2024-10-11T13:21:24.769+0000] {spark_submit.py:649} INFO - 24/10/11 13:21:24 INFO SparkContext: Added JAR file:///home/airflow/.ivy2/jars/org.locationtech.jts_jts-core-1.18.0.jar at spark://yellow-cab-airflow-scheduler:34525/jars/org.locationtech.jts_jts-core-1.18.0.jar with timestamp 1728652884312
[2024-10-11T13:21:24.769+0000] {spark_submit.py:649} INFO - 24/10/11 13:21:24 INFO SparkContext: Added JAR file:///home/airflow/.ivy2/jars/org.wololo_jts2geojson-0.16.1.jar at spark://yellow-cab-airflow-scheduler:34525/jars/org.wololo_jts2geojson-0.16.1.jar with timestamp 1728652884312
[2024-10-11T13:21:24.769+0000] {spark_submit.py:649} INFO - 24/10/11 13:21:24 INFO SparkContext: Added JAR file:///home/airflow/.ivy2/jars/org.apache.sedona_sedona-core-3.0_2.12-1.2.0-incubating.jar at spark://yellow-cab-airflow-scheduler:34525/jars/org.apache.sedona_sedona-core-3.0_2.12-1.2.0-incubating.jar with timestamp 1728652884312
[2024-10-11T13:21:24.770+0000] {spark_submit.py:649} INFO - 24/10/11 13:21:24 INFO SparkContext: Added JAR file:///home/airflow/.ivy2/jars/org.apache.sedona_sedona-sql-3.0_2.12-1.2.0-incubating.jar at spark://yellow-cab-airflow-scheduler:34525/jars/org.apache.sedona_sedona-sql-3.0_2.12-1.2.0-incubating.jar with timestamp 1728652884312
[2024-10-11T13:21:24.770+0000] {spark_submit.py:649} INFO - 24/10/11 13:21:24 INFO SparkContext: Added JAR file:///home/airflow/.ivy2/jars/org.scala-lang.modules_scala-collection-compat_2.12-2.5.0.jar at spark://yellow-cab-airflow-scheduler:34525/jars/org.scala-lang.modules_scala-collection-compat_2.12-2.5.0.jar with timestamp 1728652884312
[2024-10-11T13:21:24.771+0000] {spark_submit.py:649} INFO - 24/10/11 13:21:24 INFO SparkContext: Added file file:///home/airflow/.ivy2/jars/org.apache.sedona_sedona-python-adapter-3.0_2.12-1.2.0-incubating.jar at spark://yellow-cab-airflow-scheduler:34525/files/org.apache.sedona_sedona-python-adapter-3.0_2.12-1.2.0-incubating.jar with timestamp 1728652884312
[2024-10-11T13:21:24.772+0000] {spark_submit.py:649} INFO - 24/10/11 13:21:24 INFO Utils: Copying /home/airflow/.ivy2/jars/org.apache.sedona_sedona-python-adapter-3.0_2.12-1.2.0-incubating.jar to /tmp/spark-f9205f59-c130-4c42-ada8-fc40c1baa741/userFiles-b3aad8e6-6105-4352-961c-eecc158d572d/org.apache.sedona_sedona-python-adapter-3.0_2.12-1.2.0-incubating.jar
[2024-10-11T13:21:24.791+0000] {spark_submit.py:649} INFO - 24/10/11 13:21:24 INFO SparkContext: Added file file:///home/airflow/.ivy2/jars/org.datasyslab_geotools-wrapper-geotools-24.0.jar at spark://yellow-cab-airflow-scheduler:34525/files/org.datasyslab_geotools-wrapper-geotools-24.0.jar with timestamp 1728652884312
[2024-10-11T13:21:24.792+0000] {spark_submit.py:649} INFO - 24/10/11 13:21:24 INFO Utils: Copying /home/airflow/.ivy2/jars/org.datasyslab_geotools-wrapper-geotools-24.0.jar to /tmp/spark-f9205f59-c130-4c42-ada8-fc40c1baa741/userFiles-b3aad8e6-6105-4352-961c-eecc158d572d/org.datasyslab_geotools-wrapper-geotools-24.0.jar
[2024-10-11T13:21:24.854+0000] {spark_submit.py:649} INFO - 24/10/11 13:21:24 INFO SparkContext: Added file file:///home/airflow/.ivy2/jars/org.locationtech.jts_jts-core-1.18.0.jar at spark://yellow-cab-airflow-scheduler:34525/files/org.locationtech.jts_jts-core-1.18.0.jar with timestamp 1728652884312
[2024-10-11T13:21:24.855+0000] {spark_submit.py:649} INFO - 24/10/11 13:21:24 INFO Utils: Copying /home/airflow/.ivy2/jars/org.locationtech.jts_jts-core-1.18.0.jar to /tmp/spark-f9205f59-c130-4c42-ada8-fc40c1baa741/userFiles-b3aad8e6-6105-4352-961c-eecc158d572d/org.locationtech.jts_jts-core-1.18.0.jar
[2024-10-11T13:21:24.865+0000] {spark_submit.py:649} INFO - 24/10/11 13:21:24 INFO SparkContext: Added file file:///home/airflow/.ivy2/jars/org.wololo_jts2geojson-0.16.1.jar at spark://yellow-cab-airflow-scheduler:34525/files/org.wololo_jts2geojson-0.16.1.jar with timestamp 1728652884312
[2024-10-11T13:21:24.866+0000] {spark_submit.py:649} INFO - 24/10/11 13:21:24 INFO Utils: Copying /home/airflow/.ivy2/jars/org.wololo_jts2geojson-0.16.1.jar to /tmp/spark-f9205f59-c130-4c42-ada8-fc40c1baa741/userFiles-b3aad8e6-6105-4352-961c-eecc158d572d/org.wololo_jts2geojson-0.16.1.jar
[2024-10-11T13:21:24.875+0000] {spark_submit.py:649} INFO - 24/10/11 13:21:24 INFO SparkContext: Added file file:///home/airflow/.ivy2/jars/org.apache.sedona_sedona-core-3.0_2.12-1.2.0-incubating.jar at spark://yellow-cab-airflow-scheduler:34525/files/org.apache.sedona_sedona-core-3.0_2.12-1.2.0-incubating.jar with timestamp 1728652884312
[2024-10-11T13:21:24.875+0000] {spark_submit.py:649} INFO - 24/10/11 13:21:24 INFO Utils: Copying /home/airflow/.ivy2/jars/org.apache.sedona_sedona-core-3.0_2.12-1.2.0-incubating.jar to /tmp/spark-f9205f59-c130-4c42-ada8-fc40c1baa741/userFiles-b3aad8e6-6105-4352-961c-eecc158d572d/org.apache.sedona_sedona-core-3.0_2.12-1.2.0-incubating.jar
[2024-10-11T13:21:24.884+0000] {spark_submit.py:649} INFO - 24/10/11 13:21:24 INFO SparkContext: Added file file:///home/airflow/.ivy2/jars/org.apache.sedona_sedona-sql-3.0_2.12-1.2.0-incubating.jar at spark://yellow-cab-airflow-scheduler:34525/files/org.apache.sedona_sedona-sql-3.0_2.12-1.2.0-incubating.jar with timestamp 1728652884312
[2024-10-11T13:21:24.885+0000] {spark_submit.py:649} INFO - 24/10/11 13:21:24 INFO Utils: Copying /home/airflow/.ivy2/jars/org.apache.sedona_sedona-sql-3.0_2.12-1.2.0-incubating.jar to /tmp/spark-f9205f59-c130-4c42-ada8-fc40c1baa741/userFiles-b3aad8e6-6105-4352-961c-eecc158d572d/org.apache.sedona_sedona-sql-3.0_2.12-1.2.0-incubating.jar
[2024-10-11T13:21:24.895+0000] {spark_submit.py:649} INFO - 24/10/11 13:21:24 INFO SparkContext: Added file file:///home/airflow/.ivy2/jars/org.scala-lang.modules_scala-collection-compat_2.12-2.5.0.jar at spark://yellow-cab-airflow-scheduler:34525/files/org.scala-lang.modules_scala-collection-compat_2.12-2.5.0.jar with timestamp 1728652884312
[2024-10-11T13:21:24.897+0000] {spark_submit.py:649} INFO - 24/10/11 13:21:24 INFO Utils: Copying /home/airflow/.ivy2/jars/org.scala-lang.modules_scala-collection-compat_2.12-2.5.0.jar to /tmp/spark-f9205f59-c130-4c42-ada8-fc40c1baa741/userFiles-b3aad8e6-6105-4352-961c-eecc158d572d/org.scala-lang.modules_scala-collection-compat_2.12-2.5.0.jar
[2024-10-11T13:21:24.948+0000] {spark_submit.py:649} INFO - 24/10/11 13:21:24 INFO StandaloneAppClient$ClientEndpoint: Connecting to master spark://spark-master:7077...
[2024-10-11T13:21:24.975+0000] {spark_submit.py:649} INFO - 24/10/11 13:21:24 INFO TransportClientFactory: Successfully created connection to spark-master/172.24.0.2:7077 after 14 ms (0 ms spent in bootstraps)
[2024-10-11T13:21:25.033+0000] {spark_submit.py:649} INFO - 24/10/11 13:21:25 INFO StandaloneSchedulerBackend: Connected to Spark cluster with app ID app-20241011132125-0017
[2024-10-11T13:21:25.037+0000] {spark_submit.py:649} INFO - 24/10/11 13:21:25 INFO StandaloneAppClient$ClientEndpoint: Executor added: app-20241011132125-0017/0 on worker-20241011080942-172.24.0.3-37269 (172.24.0.3:37269) with 4 core(s)
[2024-10-11T13:21:25.040+0000] {spark_submit.py:649} INFO - 24/10/11 13:21:25 INFO StandaloneSchedulerBackend: Granted executor ID app-20241011132125-0017/0 on hostPort 172.24.0.3:37269 with 4 core(s), 1024.0 MiB RAM
[2024-10-11T13:21:25.041+0000] {spark_submit.py:649} INFO - 24/10/11 13:21:25 INFO Utils: Successfully started service 'org.apache.spark.network.netty.NettyBlockTransferService' on port 36261.
[2024-10-11T13:21:25.041+0000] {spark_submit.py:649} INFO - 24/10/11 13:21:25 INFO NettyBlockTransferService: Server created on yellow-cab-airflow-scheduler:36261
[2024-10-11T13:21:25.043+0000] {spark_submit.py:649} INFO - 24/10/11 13:21:25 INFO BlockManager: Using org.apache.spark.storage.RandomBlockReplicationPolicy for block replication policy
[2024-10-11T13:21:25.049+0000] {spark_submit.py:649} INFO - 24/10/11 13:21:25 INFO BlockManagerMaster: Registering BlockManager BlockManagerId(driver, yellow-cab-airflow-scheduler, 36261, None)
[2024-10-11T13:21:25.052+0000] {spark_submit.py:649} INFO - 24/10/11 13:21:25 INFO BlockManagerMasterEndpoint: Registering block manager yellow-cab-airflow-scheduler:36261 with 434.4 MiB RAM, BlockManagerId(driver, yellow-cab-airflow-scheduler, 36261, None)
[2024-10-11T13:21:25.054+0000] {spark_submit.py:649} INFO - 24/10/11 13:21:25 INFO BlockManagerMaster: Registered BlockManager BlockManagerId(driver, yellow-cab-airflow-scheduler, 36261, None)
[2024-10-11T13:21:25.055+0000] {spark_submit.py:649} INFO - 24/10/11 13:21:25 INFO BlockManager: Initialized BlockManager: BlockManagerId(driver, yellow-cab-airflow-scheduler, 36261, None)
[2024-10-11T13:21:25.140+0000] {spark_submit.py:649} INFO - 24/10/11 13:21:25 INFO StandaloneAppClient$ClientEndpoint: Executor updated: app-20241011132125-0017/0 is now RUNNING
[2024-10-11T13:21:25.207+0000] {spark_submit.py:649} INFO - 24/10/11 13:21:25 INFO StandaloneSchedulerBackend: SchedulerBackend is ready for scheduling beginning after reached minRegisteredResourcesRatio: 0.0
[2024-10-11T13:21:25.335+0000] {spark_submit.py:649} INFO - /spark-scripts/taxi_etl.py:27: DeprecationWarning: Call to deprecated function registerAll (Deprecated since 1.4.1, use SedonaContext.create() instead.).
[2024-10-11T13:21:25.336+0000] {spark_submit.py:649} INFO - SedonaRegistrator.registerAll(spark)
[2024-10-11T13:21:25.339+0000] {spark_submit.py:649} INFO - 24/10/11 13:21:25 INFO SharedState: Setting hive.metastore.warehouse.dir ('null') to the value of spark.sql.warehouse.dir.
[2024-10-11T13:21:25.342+0000] {spark_submit.py:649} INFO - 24/10/11 13:21:25 INFO SharedState: Warehouse path is 'file:/opt/airflow/spark-warehouse'.
[2024-10-11T13:21:27.426+0000] {spark_submit.py:649} INFO - 24/10/11 13:21:27 INFO CoarseGrainedSchedulerBackend$DriverEndpoint: Registered executor NettyRpcEndpointRef(spark-client://Executor) (172.24.0.3:37304) with ID 0,  ResourceProfileId 0
[2024-10-11T13:21:27.482+0000] {spark_submit.py:649} INFO - 24/10/11 13:21:27 INFO BlockManagerMasterEndpoint: Registering block manager 172.24.0.3:32881 with 434.4 MiB RAM, BlockManagerId(0, 172.24.0.3, 32881, None)
[2024-10-11T13:21:28.001+0000] {spark_submit.py:649} INFO - 24/10/11 13:21:28 INFO CodeGenerator: Code generated in 102.072917 ms
[2024-10-11T13:21:28.078+0000] {spark_submit.py:649} INFO - 24/10/11 13:21:28 INFO DAGScheduler: Registering RDD 2 (count at NativeMethodAccessorImpl.java:0) as input to shuffle 0
[2024-10-11T13:21:28.082+0000] {spark_submit.py:649} INFO - 24/10/11 13:21:28 INFO DAGScheduler: Got map stage job 0 (count at NativeMethodAccessorImpl.java:0) with 1 output partitions
[2024-10-11T13:21:28.083+0000] {spark_submit.py:649} INFO - 24/10/11 13:21:28 INFO DAGScheduler: Final stage: ShuffleMapStage 0 (count at NativeMethodAccessorImpl.java:0)
[2024-10-11T13:21:28.083+0000] {spark_submit.py:649} INFO - 24/10/11 13:21:28 INFO DAGScheduler: Parents of final stage: List()
[2024-10-11T13:21:28.083+0000] {spark_submit.py:649} INFO - 24/10/11 13:21:28 INFO DAGScheduler: Missing parents: List()
[2024-10-11T13:21:28.085+0000] {spark_submit.py:649} INFO - 24/10/11 13:21:28 INFO DAGScheduler: Submitting ShuffleMapStage 0 (MapPartitionsRDD[2] at count at NativeMethodAccessorImpl.java:0), which has no missing parents
[2024-10-11T13:21:28.172+0000] {spark_submit.py:649} INFO - 24/10/11 13:21:28 INFO MemoryStore: Block broadcast_0 stored as values in memory (estimated size 10.7 KiB, free 434.4 MiB)
[2024-10-11T13:21:28.196+0000] {spark_submit.py:649} INFO - 24/10/11 13:21:28 INFO MemoryStore: Block broadcast_0_piece0 stored as bytes in memory (estimated size 5.5 KiB, free 434.4 MiB)
[2024-10-11T13:21:28.199+0000] {spark_submit.py:649} INFO - 24/10/11 13:21:28 INFO BlockManagerInfo: Added broadcast_0_piece0 in memory on yellow-cab-airflow-scheduler:36261 (size: 5.5 KiB, free: 434.4 MiB)
[2024-10-11T13:21:28.202+0000] {spark_submit.py:649} INFO - 24/10/11 13:21:28 INFO SparkContext: Created broadcast 0 from broadcast at DAGScheduler.scala:1513
[2024-10-11T13:21:28.225+0000] {spark_submit.py:649} INFO - 24/10/11 13:21:28 INFO DAGScheduler: Submitting 1 missing tasks from ShuffleMapStage 0 (MapPartitionsRDD[2] at count at NativeMethodAccessorImpl.java:0) (first 15 tasks are for partitions Vector(0))
[2024-10-11T13:21:28.225+0000] {spark_submit.py:649} INFO - 24/10/11 13:21:28 INFO TaskSchedulerImpl: Adding task set 0.0 with 1 tasks resource profile 0
[2024-10-11T13:21:28.337+0000] {spark_submit.py:649} INFO - 24/10/11 13:21:28 INFO TaskSetManager: Starting task 0.0 in stage 0.0 (TID 0) (172.24.0.3, executor 0, partition 0, PROCESS_LOCAL, 4654 bytes) taskResourceAssignments Map()
[2024-10-11T13:21:28.571+0000] {spark_submit.py:649} INFO - 24/10/11 13:21:28 INFO BlockManagerInfo: Added broadcast_0_piece0 in memory on 172.24.0.3:32881 (size: 5.5 KiB, free: 434.4 MiB)
[2024-10-11T13:21:29.149+0000] {spark_submit.py:649} INFO - 24/10/11 13:21:29 INFO TaskSetManager: Finished task 0.0 in stage 0.0 (TID 0) in 820 ms on 172.24.0.3 (executor 0) (1/1)
[2024-10-11T13:21:29.151+0000] {spark_submit.py:649} INFO - 24/10/11 13:21:29 INFO TaskSchedulerImpl: Removed TaskSet 0.0, whose tasks have all completed, from pool
[2024-10-11T13:21:29.160+0000] {spark_submit.py:649} INFO - 24/10/11 13:21:29 INFO DAGScheduler: ShuffleMapStage 0 (count at NativeMethodAccessorImpl.java:0) finished in 1.064 s
[2024-10-11T13:21:29.160+0000] {spark_submit.py:649} INFO - 24/10/11 13:21:29 INFO DAGScheduler: looking for newly runnable stages
[2024-10-11T13:21:29.160+0000] {spark_submit.py:649} INFO - 24/10/11 13:21:29 INFO DAGScheduler: running: Set()
[2024-10-11T13:21:29.161+0000] {spark_submit.py:649} INFO - 24/10/11 13:21:29 INFO DAGScheduler: waiting: Set()
[2024-10-11T13:21:29.161+0000] {spark_submit.py:649} INFO - 24/10/11 13:21:29 INFO DAGScheduler: failed: Set()
[2024-10-11T13:21:29.202+0000] {spark_submit.py:649} INFO - 24/10/11 13:21:29 INFO CodeGenerator: Code generated in 10.8595 ms
[2024-10-11T13:21:29.232+0000] {spark_submit.py:649} INFO - 24/10/11 13:21:29 INFO SparkContext: Starting job: count at NativeMethodAccessorImpl.java:0
[2024-10-11T13:21:29.234+0000] {spark_submit.py:649} INFO - 24/10/11 13:21:29 INFO DAGScheduler: Got job 1 (count at NativeMethodAccessorImpl.java:0) with 1 output partitions
[2024-10-11T13:21:29.235+0000] {spark_submit.py:649} INFO - 24/10/11 13:21:29 INFO DAGScheduler: Final stage: ResultStage 2 (count at NativeMethodAccessorImpl.java:0)
[2024-10-11T13:21:29.235+0000] {spark_submit.py:649} INFO - 24/10/11 13:21:29 INFO DAGScheduler: Parents of final stage: List(ShuffleMapStage 1)
[2024-10-11T13:21:29.235+0000] {spark_submit.py:649} INFO - 24/10/11 13:21:29 INFO DAGScheduler: Missing parents: List()
[2024-10-11T13:21:29.236+0000] {spark_submit.py:649} INFO - 24/10/11 13:21:29 INFO DAGScheduler: Submitting ResultStage 2 (MapPartitionsRDD[5] at count at NativeMethodAccessorImpl.java:0), which has no missing parents
[2024-10-11T13:21:29.242+0000] {spark_submit.py:649} INFO - 24/10/11 13:21:29 INFO MemoryStore: Block broadcast_1 stored as values in memory (estimated size 11.1 KiB, free 434.4 MiB)
[2024-10-11T13:21:29.243+0000] {spark_submit.py:649} INFO - 24/10/11 13:21:29 INFO MemoryStore: Block broadcast_1_piece0 stored as bytes in memory (estimated size 5.5 KiB, free 434.4 MiB)
[2024-10-11T13:21:29.244+0000] {spark_submit.py:649} INFO - 24/10/11 13:21:29 INFO BlockManagerInfo: Added broadcast_1_piece0 in memory on yellow-cab-airflow-scheduler:36261 (size: 5.5 KiB, free: 434.4 MiB)
[2024-10-11T13:21:29.244+0000] {spark_submit.py:649} INFO - 24/10/11 13:21:29 INFO SparkContext: Created broadcast 1 from broadcast at DAGScheduler.scala:1513
[2024-10-11T13:21:29.246+0000] {spark_submit.py:649} INFO - 24/10/11 13:21:29 INFO DAGScheduler: Submitting 1 missing tasks from ResultStage 2 (MapPartitionsRDD[5] at count at NativeMethodAccessorImpl.java:0) (first 15 tasks are for partitions Vector(0))
[2024-10-11T13:21:29.246+0000] {spark_submit.py:649} INFO - 24/10/11 13:21:29 INFO TaskSchedulerImpl: Adding task set 2.0 with 1 tasks resource profile 0
[2024-10-11T13:21:29.250+0000] {spark_submit.py:649} INFO - 24/10/11 13:21:29 INFO TaskSetManager: Starting task 0.0 in stage 2.0 (TID 1) (172.24.0.3, executor 0, partition 0, NODE_LOCAL, 4457 bytes) taskResourceAssignments Map()
[2024-10-11T13:21:29.268+0000] {spark_submit.py:649} INFO - 24/10/11 13:21:29 INFO BlockManagerInfo: Added broadcast_1_piece0 in memory on 172.24.0.3:32881 (size: 5.5 KiB, free: 434.4 MiB)
[2024-10-11T13:21:29.314+0000] {spark_submit.py:649} INFO - 24/10/11 13:21:29 INFO MapOutputTrackerMasterEndpoint: Asked to send map output locations for shuffle 0 to 172.24.0.3:37304
[2024-10-11T13:21:29.335+0000] {spark_submit.py:649} INFO - 24/10/11 13:21:29 INFO BlockManagerInfo: Removed broadcast_0_piece0 on yellow-cab-airflow-scheduler:36261 in memory (size: 5.5 KiB, free: 434.4 MiB)
[2024-10-11T13:21:29.340+0000] {spark_submit.py:649} INFO - 24/10/11 13:21:29 INFO BlockManagerInfo: Removed broadcast_0_piece0 on 172.24.0.3:32881 in memory (size: 5.5 KiB, free: 434.4 MiB)
[2024-10-11T13:21:29.419+0000] {spark_submit.py:649} INFO - 24/10/11 13:21:29 INFO TaskSetManager: Finished task 0.0 in stage 2.0 (TID 1) in 170 ms on 172.24.0.3 (executor 0) (1/1)
[2024-10-11T13:21:29.419+0000] {spark_submit.py:649} INFO - 24/10/11 13:21:29 INFO TaskSchedulerImpl: Removed TaskSet 2.0, whose tasks have all completed, from pool
[2024-10-11T13:21:29.420+0000] {spark_submit.py:649} INFO - 24/10/11 13:21:29 INFO DAGScheduler: ResultStage 2 (count at NativeMethodAccessorImpl.java:0) finished in 0.180 s
[2024-10-11T13:21:29.421+0000] {spark_submit.py:649} INFO - 24/10/11 13:21:29 INFO DAGScheduler: Job 1 is finished. Cancelling potential speculative or zombie tasks for this job
[2024-10-11T13:21:29.421+0000] {spark_submit.py:649} INFO - 24/10/11 13:21:29 INFO TaskSchedulerImpl: Killing all running tasks in stage 2: Stage finished
[2024-10-11T13:21:29.422+0000] {spark_submit.py:649} INFO - 24/10/11 13:21:29 INFO DAGScheduler: Job 1 finished: count at NativeMethodAccessorImpl.java:0, took 0.189522 s
[2024-10-11T13:21:29.667+0000] {spark_submit.py:649} INFO - 24/10/11 13:21:29 INFO InMemoryFileIndex: It took 9 ms to list leaf files for 1 paths.
[2024-10-11T13:21:29.694+0000] {spark_submit.py:649} INFO - 24/10/11 13:21:29 INFO InMemoryFileIndex: It took 1 ms to list leaf files for 1 paths.
[2024-10-11T13:21:29.824+0000] {spark_submit.py:649} INFO - 24/10/11 13:21:29 INFO FileSourceStrategy: Pushed Filters:
[2024-10-11T13:21:29.825+0000] {spark_submit.py:649} INFO - 24/10/11 13:21:29 INFO FileSourceStrategy: Post-Scan Filters: (length(trim(value#14, None)) > 0)
[2024-10-11T13:21:29.825+0000] {spark_submit.py:649} INFO - 24/10/11 13:21:29 INFO FileSourceStrategy: Output Data Schema: struct<value: string>
[2024-10-11T13:21:29.850+0000] {spark_submit.py:649} INFO - 24/10/11 13:21:29 INFO CodeGenerator: Code generated in 10.862833 ms
[2024-10-11T13:21:29.862+0000] {spark_submit.py:649} INFO - 24/10/11 13:21:29 INFO MemoryStore: Block broadcast_2 stored as values in memory (estimated size 204.3 KiB, free 434.2 MiB)
[2024-10-11T13:21:29.879+0000] {spark_submit.py:649} INFO - 24/10/11 13:21:29 INFO BlockManagerInfo: Removed broadcast_1_piece0 on yellow-cab-airflow-scheduler:36261 in memory (size: 5.5 KiB, free: 434.4 MiB)
[2024-10-11T13:21:29.884+0000] {spark_submit.py:649} INFO - 24/10/11 13:21:29 INFO BlockManagerInfo: Removed broadcast_1_piece0 on 172.24.0.3:32881 in memory (size: 5.5 KiB, free: 434.4 MiB)
[2024-10-11T13:21:29.887+0000] {spark_submit.py:649} INFO - 24/10/11 13:21:29 INFO MemoryStore: Block broadcast_2_piece0 stored as bytes in memory (estimated size 35.3 KiB, free 434.2 MiB)
[2024-10-11T13:21:29.888+0000] {spark_submit.py:649} INFO - 24/10/11 13:21:29 INFO BlockManagerInfo: Added broadcast_2_piece0 in memory on yellow-cab-airflow-scheduler:36261 (size: 35.3 KiB, free: 434.4 MiB)
[2024-10-11T13:21:29.889+0000] {spark_submit.py:649} INFO - 24/10/11 13:21:29 INFO SparkContext: Created broadcast 2 from csv at NativeMethodAccessorImpl.java:0
[2024-10-11T13:21:29.896+0000] {spark_submit.py:649} INFO - 24/10/11 13:21:29 INFO FileSourceScanExec: Planning scan with bin packing, max size: 4194304 bytes, open cost is considered as scanning 4194304 bytes.
[2024-10-11T13:21:29.916+0000] {spark_submit.py:649} INFO - 24/10/11 13:21:29 INFO SparkContext: Starting job: csv at NativeMethodAccessorImpl.java:0
[2024-10-11T13:21:29.917+0000] {spark_submit.py:649} INFO - 24/10/11 13:21:29 INFO DAGScheduler: Got job 2 (csv at NativeMethodAccessorImpl.java:0) with 1 output partitions
[2024-10-11T13:21:29.917+0000] {spark_submit.py:649} INFO - 24/10/11 13:21:29 INFO DAGScheduler: Final stage: ResultStage 3 (csv at NativeMethodAccessorImpl.java:0)
[2024-10-11T13:21:29.918+0000] {spark_submit.py:649} INFO - 24/10/11 13:21:29 INFO DAGScheduler: Parents of final stage: List()
[2024-10-11T13:21:29.918+0000] {spark_submit.py:649} INFO - 24/10/11 13:21:29 INFO DAGScheduler: Missing parents: List()
[2024-10-11T13:21:29.918+0000] {spark_submit.py:649} INFO - 24/10/11 13:21:29 INFO DAGScheduler: Submitting ResultStage 3 (MapPartitionsRDD[9] at csv at NativeMethodAccessorImpl.java:0), which has no missing parents
[2024-10-11T13:21:29.926+0000] {spark_submit.py:649} INFO - 24/10/11 13:21:29 INFO MemoryStore: Block broadcast_3 stored as values in memory (estimated size 11.8 KiB, free 434.2 MiB)
[2024-10-11T13:21:29.931+0000] {spark_submit.py:649} INFO - 24/10/11 13:21:29 INFO MemoryStore: Block broadcast_3_piece0 stored as bytes in memory (estimated size 5.9 KiB, free 434.1 MiB)
[2024-10-11T13:21:29.931+0000] {spark_submit.py:649} INFO - 24/10/11 13:21:29 INFO BlockManagerInfo: Added broadcast_3_piece0 in memory on yellow-cab-airflow-scheduler:36261 (size: 5.9 KiB, free: 434.4 MiB)
[2024-10-11T13:21:29.932+0000] {spark_submit.py:649} INFO - 24/10/11 13:21:29 INFO SparkContext: Created broadcast 3 from broadcast at DAGScheduler.scala:1513
[2024-10-11T13:21:29.932+0000] {spark_submit.py:649} INFO - 24/10/11 13:21:29 INFO DAGScheduler: Submitting 1 missing tasks from ResultStage 3 (MapPartitionsRDD[9] at csv at NativeMethodAccessorImpl.java:0) (first 15 tasks are for partitions Vector(0))
[2024-10-11T13:21:29.933+0000] {spark_submit.py:649} INFO - 24/10/11 13:21:29 INFO TaskSchedulerImpl: Adding task set 3.0 with 1 tasks resource profile 0
[2024-10-11T13:21:29.935+0000] {spark_submit.py:649} INFO - 24/10/11 13:21:29 INFO TaskSetManager: Starting task 0.0 in stage 3.0 (TID 2) (172.24.0.3, executor 0, partition 0, PROCESS_LOCAL, 4915 bytes) taskResourceAssignments Map()
[2024-10-11T13:21:29.949+0000] {spark_submit.py:649} INFO - 24/10/11 13:21:29 INFO BlockManagerInfo: Added broadcast_3_piece0 in memory on 172.24.0.3:32881 (size: 5.9 KiB, free: 434.4 MiB)
[2024-10-11T13:21:30.059+0000] {spark_submit.py:649} INFO - 24/10/11 13:21:30 INFO BlockManagerInfo: Added broadcast_2_piece0 in memory on 172.24.0.3:32881 (size: 35.3 KiB, free: 434.4 MiB)
[2024-10-11T13:21:30.171+0000] {spark_submit.py:649} INFO - 24/10/11 13:21:30 INFO TaskSetManager: Finished task 0.0 in stage 3.0 (TID 2) in 237 ms on 172.24.0.3 (executor 0) (1/1)
[2024-10-11T13:21:30.172+0000] {spark_submit.py:649} INFO - 24/10/11 13:21:30 INFO TaskSchedulerImpl: Removed TaskSet 3.0, whose tasks have all completed, from pool
[2024-10-11T13:21:30.172+0000] {spark_submit.py:649} INFO - 24/10/11 13:21:30 INFO DAGScheduler: ResultStage 3 (csv at NativeMethodAccessorImpl.java:0) finished in 0.251 s
[2024-10-11T13:21:30.173+0000] {spark_submit.py:649} INFO - 24/10/11 13:21:30 INFO DAGScheduler: Job 2 is finished. Cancelling potential speculative or zombie tasks for this job
[2024-10-11T13:21:30.173+0000] {spark_submit.py:649} INFO - 24/10/11 13:21:30 INFO TaskSchedulerImpl: Killing all running tasks in stage 3: Stage finished
[2024-10-11T13:21:30.173+0000] {spark_submit.py:649} INFO - 24/10/11 13:21:30 INFO DAGScheduler: Job 2 finished: csv at NativeMethodAccessorImpl.java:0, took 0.256016 s
[2024-10-11T13:21:30.185+0000] {spark_submit.py:649} INFO - 24/10/11 13:21:30 INFO CodeGenerator: Code generated in 6.614167 ms
[2024-10-11T13:21:30.200+0000] {spark_submit.py:649} INFO - 24/10/11 13:21:30 INFO BlockManagerInfo: Removed broadcast_3_piece0 on yellow-cab-airflow-scheduler:36261 in memory (size: 5.9 KiB, free: 434.4 MiB)
[2024-10-11T13:21:30.203+0000] {spark_submit.py:649} INFO - 24/10/11 13:21:30 INFO BlockManagerInfo: Removed broadcast_3_piece0 on 172.24.0.3:32881 in memory (size: 5.9 KiB, free: 434.4 MiB)
[2024-10-11T13:21:30.211+0000] {spark_submit.py:649} INFO - 24/10/11 13:21:30 INFO FileSourceStrategy: Pushed Filters:
[2024-10-11T13:21:30.212+0000] {spark_submit.py:649} INFO - 24/10/11 13:21:30 INFO FileSourceStrategy: Post-Scan Filters:
[2024-10-11T13:21:30.212+0000] {spark_submit.py:649} INFO - 24/10/11 13:21:30 INFO FileSourceStrategy: Output Data Schema: struct<value: string>
[2024-10-11T13:21:30.216+0000] {spark_submit.py:649} INFO - 24/10/11 13:21:30 INFO MemoryStore: Block broadcast_4 stored as values in memory (estimated size 204.3 KiB, free 434.0 MiB)
[2024-10-11T13:21:30.224+0000] {spark_submit.py:649} INFO - 24/10/11 13:21:30 INFO BlockManagerInfo: Removed broadcast_2_piece0 on yellow-cab-airflow-scheduler:36261 in memory (size: 35.3 KiB, free: 434.4 MiB)
[2024-10-11T13:21:30.227+0000] {spark_submit.py:649} INFO - 24/10/11 13:21:30 INFO MemoryStore: Block broadcast_4_piece0 stored as bytes in memory (estimated size 35.3 KiB, free 434.2 MiB)
[2024-10-11T13:21:30.230+0000] {spark_submit.py:649} INFO - 24/10/11 13:21:30 INFO BlockManagerInfo: Removed broadcast_2_piece0 on 172.24.0.3:32881 in memory (size: 35.3 KiB, free: 434.4 MiB)
[2024-10-11T13:21:30.230+0000] {spark_submit.py:649} INFO - 24/10/11 13:21:30 INFO BlockManagerInfo: Added broadcast_4_piece0 in memory on yellow-cab-airflow-scheduler:36261 (size: 35.3 KiB, free: 434.4 MiB)
[2024-10-11T13:21:30.230+0000] {spark_submit.py:649} INFO - 24/10/11 13:21:30 INFO SparkContext: Created broadcast 4 from csv at NativeMethodAccessorImpl.java:0
[2024-10-11T13:21:30.230+0000] {spark_submit.py:649} INFO - 24/10/11 13:21:30 INFO FileSourceScanExec: Planning scan with bin packing, max size: 4194304 bytes, open cost is considered as scanning 4194304 bytes.
[2024-10-11T13:21:30.271+0000] {spark_submit.py:649} INFO - 24/10/11 13:21:30 INFO SparkContext: Starting job: csv at NativeMethodAccessorImpl.java:0
[2024-10-11T13:21:30.272+0000] {spark_submit.py:649} INFO - 24/10/11 13:21:30 INFO DAGScheduler: Got job 3 (csv at NativeMethodAccessorImpl.java:0) with 1 output partitions
[2024-10-11T13:21:30.272+0000] {spark_submit.py:649} INFO - 24/10/11 13:21:30 INFO DAGScheduler: Final stage: ResultStage 4 (csv at NativeMethodAccessorImpl.java:0)
[2024-10-11T13:21:30.272+0000] {spark_submit.py:649} INFO - 24/10/11 13:21:30 INFO DAGScheduler: Parents of final stage: List()
[2024-10-11T13:21:30.272+0000] {spark_submit.py:649} INFO - 24/10/11 13:21:30 INFO DAGScheduler: Missing parents: List()
[2024-10-11T13:21:30.273+0000] {spark_submit.py:649} INFO - 24/10/11 13:21:30 INFO DAGScheduler: Submitting ResultStage 4 (MapPartitionsRDD[15] at csv at NativeMethodAccessorImpl.java:0), which has no missing parents
[2024-10-11T13:21:30.283+0000] {spark_submit.py:649} INFO - 24/10/11 13:21:30 INFO MemoryStore: Block broadcast_5 stored as values in memory (estimated size 28.5 KiB, free 434.1 MiB)
[2024-10-11T13:21:30.288+0000] {spark_submit.py:649} INFO - 24/10/11 13:21:30 INFO MemoryStore: Block broadcast_5_piece0 stored as bytes in memory (estimated size 12.6 KiB, free 434.1 MiB)
[2024-10-11T13:21:30.289+0000] {spark_submit.py:649} INFO - 24/10/11 13:21:30 INFO BlockManagerInfo: Added broadcast_5_piece0 in memory on yellow-cab-airflow-scheduler:36261 (size: 12.6 KiB, free: 434.4 MiB)
[2024-10-11T13:21:30.289+0000] {spark_submit.py:649} INFO - 24/10/11 13:21:30 INFO SparkContext: Created broadcast 5 from broadcast at DAGScheduler.scala:1513
[2024-10-11T13:21:30.289+0000] {spark_submit.py:649} INFO - 24/10/11 13:21:30 INFO DAGScheduler: Submitting 1 missing tasks from ResultStage 4 (MapPartitionsRDD[15] at csv at NativeMethodAccessorImpl.java:0) (first 15 tasks are for partitions Vector(0))
[2024-10-11T13:21:30.290+0000] {spark_submit.py:649} INFO - 24/10/11 13:21:30 INFO TaskSchedulerImpl: Adding task set 4.0 with 1 tasks resource profile 0
[2024-10-11T13:21:30.290+0000] {spark_submit.py:649} INFO - 24/10/11 13:21:30 INFO TaskSetManager: Starting task 0.0 in stage 4.0 (TID 3) (172.24.0.3, executor 0, partition 0, PROCESS_LOCAL, 4915 bytes) taskResourceAssignments Map()
[2024-10-11T13:21:30.315+0000] {spark_submit.py:649} INFO - 24/10/11 13:21:30 INFO BlockManagerInfo: Added broadcast_5_piece0 in memory on 172.24.0.3:32881 (size: 12.6 KiB, free: 434.4 MiB)
[2024-10-11T13:21:30.992+0000] {spark_submit.py:649} INFO - 24/10/11 13:21:30 INFO BlockManagerInfo: Added broadcast_4_piece0 in memory on 172.24.0.3:32881 (size: 35.3 KiB, free: 434.4 MiB)
[2024-10-11T13:21:31.178+0000] {spark_submit.py:649} INFO - 24/10/11 13:21:31 INFO TaskSetManager: Finished task 0.0 in stage 4.0 (TID 3) in 888 ms on 172.24.0.3 (executor 0) (1/1)
[2024-10-11T13:21:31.178+0000] {spark_submit.py:649} INFO - 24/10/11 13:21:31 INFO TaskSchedulerImpl: Removed TaskSet 4.0, whose tasks have all completed, from pool
[2024-10-11T13:21:31.179+0000] {spark_submit.py:649} INFO - 24/10/11 13:21:31 INFO DAGScheduler: ResultStage 4 (csv at NativeMethodAccessorImpl.java:0) finished in 0.905 s
[2024-10-11T13:21:31.179+0000] {spark_submit.py:649} INFO - 24/10/11 13:21:31 INFO DAGScheduler: Job 3 is finished. Cancelling potential speculative or zombie tasks for this job
[2024-10-11T13:21:31.179+0000] {spark_submit.py:649} INFO - 24/10/11 13:21:31 INFO TaskSchedulerImpl: Killing all running tasks in stage 4: Stage finished
[2024-10-11T13:21:31.180+0000] {spark_submit.py:649} INFO - 24/10/11 13:21:31 INFO DAGScheduler: Job 3 finished: csv at NativeMethodAccessorImpl.java:0, took 0.908763 s
[2024-10-11T13:21:31.321+0000] {spark_submit.py:649} INFO - schema nya dim datetime:
[2024-10-11T13:21:31.324+0000] {spark_submit.py:649} INFO - root
[2024-10-11T13:21:31.324+0000] {spark_submit.py:649} INFO - |-- tpep_pickup_datetime: timestamp (nullable = true)
[2024-10-11T13:21:31.324+0000] {spark_submit.py:649} INFO - |-- Datetime: timestamp (nullable = true)
[2024-10-11T13:21:31.324+0000] {spark_submit.py:649} INFO - |-- Year: integer (nullable = true)
[2024-10-11T13:21:31.324+0000] {spark_submit.py:649} INFO - |-- Month: integer (nullable = true)
[2024-10-11T13:21:31.325+0000] {spark_submit.py:649} INFO - |-- Day: integer (nullable = true)
[2024-10-11T13:21:31.325+0000] {spark_submit.py:649} INFO - |-- Hour: integer (nullable = true)
[2024-10-11T13:21:31.325+0000] {spark_submit.py:649} INFO - |-- Day_of_Week: integer (nullable = true)
[2024-10-11T13:21:31.325+0000] {spark_submit.py:649} INFO - |-- Weekend_Indicator: boolean (nullable = false)
[2024-10-11T13:21:31.325+0000] {spark_submit.py:649} INFO - 
[2024-10-11T13:21:31.738+0000] {spark_submit.py:649} INFO - 24/10/11 13:21:31 INFO FileSourceStrategy: Pushed Filters:
[2024-10-11T13:21:31.739+0000] {spark_submit.py:649} INFO - 24/10/11 13:21:31 INFO FileSourceStrategy: Post-Scan Filters: atleastnnonnulls(4, tpep_pickup_datetime#32, tpep_dropoff_datetime#33, pickup_longitude#36, pickup_latitude#37)
[2024-10-11T13:21:31.739+0000] {spark_submit.py:649} INFO - 24/10/11 13:21:31 INFO FileSourceStrategy: Output Data Schema: struct<VendorID: int, tpep_pickup_datetime: timestamp, tpep_dropoff_datetime: timestamp, pickup_longitude: double, pickup_latitude: double ... 3 more fields>
[2024-10-11T13:21:31.759+0000] {spark_submit.py:649} INFO - 24/10/11 13:21:31 INFO HashAggregateExec: spark.sql.codegen.aggregate.map.twolevel.enabled is set to true, but current version of codegened fast hashmap does not support this aggregate.
[2024-10-11T13:21:31.807+0000] {spark_submit.py:649} INFO - 24/10/11 13:21:31 INFO CodeGenerator: Code generated in 33.143792 ms
[2024-10-11T13:21:31.809+0000] {spark_submit.py:649} INFO - 24/10/11 13:21:31 INFO MemoryStore: Block broadcast_6 stored as values in memory (estimated size 204.2 KiB, free 433.9 MiB)
[2024-10-11T13:21:31.818+0000] {spark_submit.py:649} INFO - 24/10/11 13:21:31 INFO BlockManagerInfo: Removed broadcast_4_piece0 on yellow-cab-airflow-scheduler:36261 in memory (size: 35.3 KiB, free: 434.4 MiB)
[2024-10-11T13:21:31.819+0000] {spark_submit.py:649} INFO - 24/10/11 13:21:31 INFO MemoryStore: Block broadcast_6_piece0 stored as bytes in memory (estimated size 35.3 KiB, free 434.1 MiB)
[2024-10-11T13:21:31.820+0000] {spark_submit.py:649} INFO - 24/10/11 13:21:31 INFO BlockManagerInfo: Added broadcast_6_piece0 in memory on yellow-cab-airflow-scheduler:36261 (size: 35.3 KiB, free: 434.4 MiB)
[2024-10-11T13:21:31.820+0000] {spark_submit.py:649} INFO - 24/10/11 13:21:31 INFO SparkContext: Created broadcast 6 from toPandas at /spark-scripts/taxi_etl.py:114
[2024-10-11T13:21:31.822+0000] {spark_submit.py:649} INFO - 24/10/11 13:21:31 INFO BlockManagerInfo: Removed broadcast_4_piece0 on 172.24.0.3:32881 in memory (size: 35.3 KiB, free: 434.4 MiB)
[2024-10-11T13:21:31.824+0000] {spark_submit.py:649} INFO - 24/10/11 13:21:31 INFO FileSourceScanExec: Planning scan with bin packing, max size: 4194304 bytes, open cost is considered as scanning 4194304 bytes.
[2024-10-11T13:21:31.829+0000] {spark_submit.py:649} INFO - 24/10/11 13:21:31 INFO BlockManagerInfo: Removed broadcast_5_piece0 on yellow-cab-airflow-scheduler:36261 in memory (size: 12.6 KiB, free: 434.4 MiB)
[2024-10-11T13:21:31.833+0000] {spark_submit.py:649} INFO - 24/10/11 13:21:31 INFO BlockManagerInfo: Removed broadcast_5_piece0 on 172.24.0.3:32881 in memory (size: 12.6 KiB, free: 434.4 MiB)
[2024-10-11T13:21:31.837+0000] {spark_submit.py:649} INFO - 24/10/11 13:21:31 INFO DAGScheduler: Registering RDD 19 (toPandas at /spark-scripts/taxi_etl.py:114) as input to shuffle 1
[2024-10-11T13:21:31.837+0000] {spark_submit.py:649} INFO - 24/10/11 13:21:31 INFO DAGScheduler: Got map stage job 4 (toPandas at /spark-scripts/taxi_etl.py:114) with 1 output partitions
[2024-10-11T13:21:31.838+0000] {spark_submit.py:649} INFO - 24/10/11 13:21:31 INFO DAGScheduler: Final stage: ShuffleMapStage 5 (toPandas at /spark-scripts/taxi_etl.py:114)
[2024-10-11T13:21:31.838+0000] {spark_submit.py:649} INFO - 24/10/11 13:21:31 INFO DAGScheduler: Parents of final stage: List()
[2024-10-11T13:21:31.839+0000] {spark_submit.py:649} INFO - 24/10/11 13:21:31 INFO DAGScheduler: Missing parents: List()
[2024-10-11T13:21:31.839+0000] {spark_submit.py:649} INFO - 24/10/11 13:21:31 INFO DAGScheduler: Submitting ShuffleMapStage 5 (MapPartitionsRDD[19] at toPandas at /spark-scripts/taxi_etl.py:114), which has no missing parents
[2024-10-11T13:21:31.841+0000] {spark_submit.py:649} INFO - 24/10/11 13:21:31 INFO MemoryStore: Block broadcast_7 stored as values in memory (estimated size 27.4 KiB, free 434.1 MiB)
[2024-10-11T13:21:31.844+0000] {spark_submit.py:649} INFO - 24/10/11 13:21:31 INFO MemoryStore: Block broadcast_7_piece0 stored as bytes in memory (estimated size 12.7 KiB, free 434.1 MiB)
[2024-10-11T13:21:31.845+0000] {spark_submit.py:649} INFO - 24/10/11 13:21:31 INFO BlockManagerInfo: Added broadcast_7_piece0 in memory on yellow-cab-airflow-scheduler:36261 (size: 12.7 KiB, free: 434.4 MiB)
[2024-10-11T13:21:31.846+0000] {spark_submit.py:649} INFO - 24/10/11 13:21:31 INFO SparkContext: Created broadcast 7 from broadcast at DAGScheduler.scala:1513
[2024-10-11T13:21:31.847+0000] {spark_submit.py:649} INFO - 24/10/11 13:21:31 INFO DAGScheduler: Submitting 1 missing tasks from ShuffleMapStage 5 (MapPartitionsRDD[19] at toPandas at /spark-scripts/taxi_etl.py:114) (first 15 tasks are for partitions Vector(0))
[2024-10-11T13:21:31.847+0000] {spark_submit.py:649} INFO - 24/10/11 13:21:31 INFO TaskSchedulerImpl: Adding task set 5.0 with 1 tasks resource profile 0
[2024-10-11T13:21:31.848+0000] {spark_submit.py:649} INFO - 24/10/11 13:21:31 INFO TaskSetManager: Starting task 0.0 in stage 5.0 (TID 4) (172.24.0.3, executor 0, partition 0, PROCESS_LOCAL, 4904 bytes) taskResourceAssignments Map()
[2024-10-11T13:21:31.865+0000] {spark_submit.py:649} INFO - 24/10/11 13:21:31 INFO BlockManagerInfo: Added broadcast_7_piece0 in memory on 172.24.0.3:32881 (size: 12.7 KiB, free: 434.4 MiB)
[2024-10-11T13:21:32.019+0000] {spark_submit.py:649} INFO - 24/10/11 13:21:32 INFO BlockManagerInfo: Added broadcast_6_piece0 in memory on 172.24.0.3:32881 (size: 35.3 KiB, free: 434.4 MiB)
[2024-10-11T13:21:32.250+0000] {spark_submit.py:649} INFO - 24/10/11 13:21:32 INFO TaskSetManager: Finished task 0.0 in stage 5.0 (TID 4) in 401 ms on 172.24.0.3 (executor 0) (1/1)
[2024-10-11T13:21:32.250+0000] {spark_submit.py:649} INFO - 24/10/11 13:21:32 INFO TaskSchedulerImpl: Removed TaskSet 5.0, whose tasks have all completed, from pool
[2024-10-11T13:21:32.251+0000] {spark_submit.py:649} INFO - 24/10/11 13:21:32 INFO DAGScheduler: ShuffleMapStage 5 (toPandas at /spark-scripts/taxi_etl.py:114) finished in 0.412 s
[2024-10-11T13:21:32.251+0000] {spark_submit.py:649} INFO - 24/10/11 13:21:32 INFO DAGScheduler: looking for newly runnable stages
[2024-10-11T13:21:32.251+0000] {spark_submit.py:649} INFO - 24/10/11 13:21:32 INFO DAGScheduler: running: Set()
[2024-10-11T13:21:32.252+0000] {spark_submit.py:649} INFO - 24/10/11 13:21:32 INFO DAGScheduler: waiting: Set()
[2024-10-11T13:21:32.252+0000] {spark_submit.py:649} INFO - 24/10/11 13:21:32 INFO DAGScheduler: failed: Set()
[2024-10-11T13:21:32.259+0000] {spark_submit.py:649} INFO - 24/10/11 13:21:32 INFO ShufflePartitionsUtil: For shuffle(1), advisory target size: 67108864, actual target size 1048576, minimum partition size: 1048576
[2024-10-11T13:21:32.269+0000] {spark_submit.py:649} INFO - 24/10/11 13:21:32 INFO HashAggregateExec: spark.sql.codegen.aggregate.map.twolevel.enabled is set to true, but current version of codegened fast hashmap does not support this aggregate.
[2024-10-11T13:21:32.287+0000] {spark_submit.py:649} INFO - 24/10/11 13:21:32 INFO CodeGenerator: Code generated in 14.786167 ms
[2024-10-11T13:21:32.303+0000] {spark_submit.py:649} INFO - 24/10/11 13:21:32 INFO SparkContext: Starting job: toPandas at /spark-scripts/taxi_etl.py:114
[2024-10-11T13:21:32.304+0000] {spark_submit.py:649} INFO - 24/10/11 13:21:32 INFO DAGScheduler: Got job 5 (toPandas at /spark-scripts/taxi_etl.py:114) with 1 output partitions
[2024-10-11T13:21:32.304+0000] {spark_submit.py:649} INFO - 24/10/11 13:21:32 INFO DAGScheduler: Final stage: ResultStage 7 (toPandas at /spark-scripts/taxi_etl.py:114)
[2024-10-11T13:21:32.305+0000] {spark_submit.py:649} INFO - 24/10/11 13:21:32 INFO DAGScheduler: Parents of final stage: List(ShuffleMapStage 6)
[2024-10-11T13:21:32.305+0000] {spark_submit.py:649} INFO - 24/10/11 13:21:32 INFO DAGScheduler: Missing parents: List()
[2024-10-11T13:21:32.305+0000] {spark_submit.py:649} INFO - 24/10/11 13:21:32 INFO DAGScheduler: Submitting ResultStage 7 (MapPartitionsRDD[22] at toPandas at /spark-scripts/taxi_etl.py:114), which has no missing parents
[2024-10-11T13:21:32.310+0000] {spark_submit.py:649} INFO - 24/10/11 13:21:32 INFO MemoryStore: Block broadcast_8 stored as values in memory (estimated size 37.0 KiB, free 434.1 MiB)
[2024-10-11T13:21:32.315+0000] {spark_submit.py:649} INFO - 24/10/11 13:21:32 INFO MemoryStore: Block broadcast_8_piece0 stored as bytes in memory (estimated size 17.5 KiB, free 434.1 MiB)
[2024-10-11T13:21:32.315+0000] {spark_submit.py:649} INFO - 24/10/11 13:21:32 INFO BlockManagerInfo: Added broadcast_8_piece0 in memory on yellow-cab-airflow-scheduler:36261 (size: 17.5 KiB, free: 434.3 MiB)
[2024-10-11T13:21:32.316+0000] {spark_submit.py:649} INFO - 24/10/11 13:21:32 INFO SparkContext: Created broadcast 8 from broadcast at DAGScheduler.scala:1513
[2024-10-11T13:21:32.316+0000] {spark_submit.py:649} INFO - 24/10/11 13:21:32 INFO DAGScheduler: Submitting 1 missing tasks from ResultStage 7 (MapPartitionsRDD[22] at toPandas at /spark-scripts/taxi_etl.py:114) (first 15 tasks are for partitions Vector(0))
[2024-10-11T13:21:32.317+0000] {spark_submit.py:649} INFO - 24/10/11 13:21:32 INFO TaskSchedulerImpl: Adding task set 7.0 with 1 tasks resource profile 0
[2024-10-11T13:21:32.319+0000] {spark_submit.py:649} INFO - 24/10/11 13:21:32 INFO BlockManagerInfo: Removed broadcast_7_piece0 on yellow-cab-airflow-scheduler:36261 in memory (size: 12.7 KiB, free: 434.3 MiB)
[2024-10-11T13:21:32.320+0000] {spark_submit.py:649} INFO - 24/10/11 13:21:32 INFO TaskSetManager: Starting task 0.0 in stage 7.0 (TID 5) (172.24.0.3, executor 0, partition 0, NODE_LOCAL, 4457 bytes) taskResourceAssignments Map()
[2024-10-11T13:21:32.322+0000] {spark_submit.py:649} INFO - 24/10/11 13:21:32 INFO BlockManagerInfo: Removed broadcast_7_piece0 on 172.24.0.3:32881 in memory (size: 12.7 KiB, free: 434.4 MiB)
[2024-10-11T13:21:32.342+0000] {spark_submit.py:649} INFO - 24/10/11 13:21:32 INFO BlockManagerInfo: Added broadcast_8_piece0 in memory on 172.24.0.3:32881 (size: 17.5 KiB, free: 434.3 MiB)
[2024-10-11T13:21:32.358+0000] {spark_submit.py:649} INFO - 24/10/11 13:21:32 INFO MapOutputTrackerMasterEndpoint: Asked to send map output locations for shuffle 1 to 172.24.0.3:37304
[2024-10-11T13:21:32.394+0000] {spark_submit.py:649} INFO - 24/10/11 13:21:32 INFO TaskSetManager: Finished task 0.0 in stage 7.0 (TID 5) in 75 ms on 172.24.0.3 (executor 0) (1/1)
[2024-10-11T13:21:32.395+0000] {spark_submit.py:649} INFO - 24/10/11 13:21:32 INFO TaskSchedulerImpl: Removed TaskSet 7.0, whose tasks have all completed, from pool
[2024-10-11T13:21:32.395+0000] {spark_submit.py:649} INFO - 24/10/11 13:21:32 INFO DAGScheduler: ResultStage 7 (toPandas at /spark-scripts/taxi_etl.py:114) finished in 0.087 s
[2024-10-11T13:21:32.396+0000] {spark_submit.py:649} INFO - 24/10/11 13:21:32 INFO DAGScheduler: Job 5 is finished. Cancelling potential speculative or zombie tasks for this job
[2024-10-11T13:21:32.396+0000] {spark_submit.py:649} INFO - 24/10/11 13:21:32 INFO TaskSchedulerImpl: Killing all running tasks in stage 7: Stage finished
[2024-10-11T13:21:32.396+0000] {spark_submit.py:649} INFO - 24/10/11 13:21:32 INFO DAGScheduler: Job 5 finished: toPandas at /spark-scripts/taxi_etl.py:114, took 0.092091 s
[2024-10-11T13:21:37.939+0000] {spark_submit.py:649} INFO - 24/10/11 13:21:37 INFO FileSourceStrategy: Pushed Filters:
[2024-10-11T13:21:37.940+0000] {spark_submit.py:649} INFO - 24/10/11 13:21:37 INFO FileSourceStrategy: Post-Scan Filters: atleastnnonnulls(4, tpep_pickup_datetime#32, tpep_dropoff_datetime#33, pickup_longitude#36, pickup_latitude#37)
[2024-10-11T13:21:37.941+0000] {spark_submit.py:649} INFO - 24/10/11 13:21:37 INFO FileSourceStrategy: Output Data Schema: struct<tpep_pickup_datetime: timestamp, tpep_dropoff_datetime: timestamp, pickup_longitude: double, pickup_latitude: double, RatecodeID: int ... 3 more fields>
[2024-10-11T13:21:37.951+0000] {spark_submit.py:649} INFO - 24/10/11 13:21:37 INFO HashAggregateExec: spark.sql.codegen.aggregate.map.twolevel.enabled is set to true, but current version of codegened fast hashmap does not support this aggregate.
[2024-10-11T13:21:37.968+0000] {spark_submit.py:649} INFO - 24/10/11 13:21:37 INFO CodeGenerator: Code generated in 12.845708 ms
[2024-10-11T13:21:37.970+0000] {spark_submit.py:649} INFO - 24/10/11 13:21:37 INFO MemoryStore: Block broadcast_9 stored as values in memory (estimated size 204.2 KiB, free 433.9 MiB)
[2024-10-11T13:21:37.977+0000] {spark_submit.py:649} INFO - 24/10/11 13:21:37 INFO BlockManagerInfo: Removed broadcast_8_piece0 on yellow-cab-airflow-scheduler:36261 in memory (size: 17.5 KiB, free: 434.4 MiB)
[2024-10-11T13:21:37.980+0000] {spark_submit.py:649} INFO - 24/10/11 13:21:37 INFO MemoryStore: Block broadcast_9_piece0 stored as bytes in memory (estimated size 35.3 KiB, free 433.9 MiB)
[2024-10-11T13:21:37.981+0000] {spark_submit.py:649} INFO - 24/10/11 13:21:37 INFO BlockManagerInfo: Added broadcast_9_piece0 in memory on yellow-cab-airflow-scheduler:36261 (size: 35.3 KiB, free: 434.3 MiB)
[2024-10-11T13:21:37.981+0000] {spark_submit.py:649} INFO - 24/10/11 13:21:37 INFO BlockManagerInfo: Removed broadcast_8_piece0 on 172.24.0.3:32881 in memory (size: 17.5 KiB, free: 434.4 MiB)
[2024-10-11T13:21:37.982+0000] {spark_submit.py:649} INFO - 24/10/11 13:21:37 INFO SparkContext: Created broadcast 9 from toPandas at /spark-scripts/taxi_etl.py:117
[2024-10-11T13:21:37.983+0000] {spark_submit.py:649} INFO - 24/10/11 13:21:37 INFO FileSourceScanExec: Planning scan with bin packing, max size: 4194304 bytes, open cost is considered as scanning 4194304 bytes.
[2024-10-11T13:21:37.989+0000] {spark_submit.py:649} INFO - 24/10/11 13:21:37 INFO DAGScheduler: Registering RDD 26 (toPandas at /spark-scripts/taxi_etl.py:117) as input to shuffle 2
[2024-10-11T13:21:37.989+0000] {spark_submit.py:649} INFO - 24/10/11 13:21:37 INFO DAGScheduler: Got map stage job 6 (toPandas at /spark-scripts/taxi_etl.py:117) with 1 output partitions
[2024-10-11T13:21:37.990+0000] {spark_submit.py:649} INFO - 24/10/11 13:21:37 INFO DAGScheduler: Final stage: ShuffleMapStage 8 (toPandas at /spark-scripts/taxi_etl.py:117)
[2024-10-11T13:21:37.991+0000] {spark_submit.py:649} INFO - 24/10/11 13:21:37 INFO DAGScheduler: Parents of final stage: List()
[2024-10-11T13:21:37.992+0000] {spark_submit.py:649} INFO - 24/10/11 13:21:37 INFO DAGScheduler: Missing parents: List()
[2024-10-11T13:21:37.992+0000] {spark_submit.py:649} INFO - 24/10/11 13:21:37 INFO DAGScheduler: Submitting ShuffleMapStage 8 (MapPartitionsRDD[26] at toPandas at /spark-scripts/taxi_etl.py:117), which has no missing parents
[2024-10-11T13:21:37.993+0000] {spark_submit.py:649} INFO - 24/10/11 13:21:37 INFO MemoryStore: Block broadcast_10 stored as values in memory (estimated size 27.4 KiB, free 433.9 MiB)
[2024-10-11T13:21:37.994+0000] {spark_submit.py:649} INFO - 24/10/11 13:21:37 INFO MemoryStore: Block broadcast_10_piece0 stored as bytes in memory (estimated size 12.7 KiB, free 433.9 MiB)
[2024-10-11T13:21:37.998+0000] {spark_submit.py:649} INFO - 24/10/11 13:21:37 INFO BlockManagerInfo: Added broadcast_10_piece0 in memory on yellow-cab-airflow-scheduler:36261 (size: 12.7 KiB, free: 434.3 MiB)
[2024-10-11T13:21:38.000+0000] {spark_submit.py:649} INFO - 24/10/11 13:21:37 INFO SparkContext: Created broadcast 10 from broadcast at DAGScheduler.scala:1513
[2024-10-11T13:21:38.002+0000] {spark_submit.py:649} INFO - 24/10/11 13:21:37 INFO DAGScheduler: Submitting 1 missing tasks from ShuffleMapStage 8 (MapPartitionsRDD[26] at toPandas at /spark-scripts/taxi_etl.py:117) (first 15 tasks are for partitions Vector(0))
[2024-10-11T13:21:38.002+0000] {spark_submit.py:649} INFO - 24/10/11 13:21:37 INFO TaskSchedulerImpl: Adding task set 8.0 with 1 tasks resource profile 0
[2024-10-11T13:21:38.003+0000] {spark_submit.py:649} INFO - 24/10/11 13:21:38 INFO TaskSetManager: Starting task 0.0 in stage 8.0 (TID 6) (172.24.0.3, executor 0, partition 0, PROCESS_LOCAL, 4904 bytes) taskResourceAssignments Map()
[2024-10-11T13:21:38.015+0000] {spark_submit.py:649} INFO - 24/10/11 13:21:38 INFO BlockManagerInfo: Added broadcast_10_piece0 in memory on 172.24.0.3:32881 (size: 12.7 KiB, free: 434.4 MiB)
[2024-10-11T13:21:38.064+0000] {spark_submit.py:649} INFO - 24/10/11 13:21:38 INFO BlockManagerInfo: Added broadcast_9_piece0 in memory on 172.24.0.3:32881 (size: 35.3 KiB, free: 434.3 MiB)
[2024-10-11T13:21:38.156+0000] {spark_submit.py:649} INFO - 24/10/11 13:21:38 INFO TaskSetManager: Finished task 0.0 in stage 8.0 (TID 6) in 156 ms on 172.24.0.3 (executor 0) (1/1)
[2024-10-11T13:21:38.156+0000] {spark_submit.py:649} INFO - 24/10/11 13:21:38 INFO TaskSchedulerImpl: Removed TaskSet 8.0, whose tasks have all completed, from pool
[2024-10-11T13:21:38.157+0000] {spark_submit.py:649} INFO - 24/10/11 13:21:38 INFO DAGScheduler: ShuffleMapStage 8 (toPandas at /spark-scripts/taxi_etl.py:117) finished in 0.166 s
[2024-10-11T13:21:38.157+0000] {spark_submit.py:649} INFO - 24/10/11 13:21:38 INFO DAGScheduler: looking for newly runnable stages
[2024-10-11T13:21:38.157+0000] {spark_submit.py:649} INFO - 24/10/11 13:21:38 INFO DAGScheduler: running: Set()
[2024-10-11T13:21:38.158+0000] {spark_submit.py:649} INFO - 24/10/11 13:21:38 INFO DAGScheduler: waiting: Set()
[2024-10-11T13:21:38.158+0000] {spark_submit.py:649} INFO - 24/10/11 13:21:38 INFO DAGScheduler: failed: Set()
[2024-10-11T13:21:38.160+0000] {spark_submit.py:649} INFO - 24/10/11 13:21:38 INFO ShufflePartitionsUtil: For shuffle(2), advisory target size: 67108864, actual target size 1048576, minimum partition size: 1048576
[2024-10-11T13:21:38.164+0000] {spark_submit.py:649} INFO - 24/10/11 13:21:38 INFO HashAggregateExec: spark.sql.codegen.aggregate.map.twolevel.enabled is set to true, but current version of codegened fast hashmap does not support this aggregate.
[2024-10-11T13:21:38.178+0000] {spark_submit.py:649} INFO - 24/10/11 13:21:38 INFO CodeGenerator: Code generated in 11.630542 ms
[2024-10-11T13:21:38.196+0000] {spark_submit.py:649} INFO - 24/10/11 13:21:38 INFO SparkContext: Starting job: toPandas at /spark-scripts/taxi_etl.py:117
[2024-10-11T13:21:38.197+0000] {spark_submit.py:649} INFO - 24/10/11 13:21:38 INFO DAGScheduler: Got job 7 (toPandas at /spark-scripts/taxi_etl.py:117) with 1 output partitions
[2024-10-11T13:21:38.197+0000] {spark_submit.py:649} INFO - 24/10/11 13:21:38 INFO DAGScheduler: Final stage: ResultStage 10 (toPandas at /spark-scripts/taxi_etl.py:117)
[2024-10-11T13:21:38.198+0000] {spark_submit.py:649} INFO - 24/10/11 13:21:38 INFO DAGScheduler: Parents of final stage: List(ShuffleMapStage 9)
[2024-10-11T13:21:38.198+0000] {spark_submit.py:649} INFO - 24/10/11 13:21:38 INFO DAGScheduler: Missing parents: List()
[2024-10-11T13:21:38.199+0000] {spark_submit.py:649} INFO - 24/10/11 13:21:38 INFO DAGScheduler: Submitting ResultStage 10 (MapPartitionsRDD[29] at toPandas at /spark-scripts/taxi_etl.py:117), which has no missing parents
[2024-10-11T13:21:38.202+0000] {spark_submit.py:649} INFO - 24/10/11 13:21:38 INFO MemoryStore: Block broadcast_11 stored as values in memory (estimated size 37.3 KiB, free 433.9 MiB)
[2024-10-11T13:21:38.206+0000] {spark_submit.py:649} INFO - 24/10/11 13:21:38 INFO MemoryStore: Block broadcast_11_piece0 stored as bytes in memory (estimated size 17.8 KiB, free 433.8 MiB)
[2024-10-11T13:21:38.207+0000] {spark_submit.py:649} INFO - 24/10/11 13:21:38 INFO BlockManagerInfo: Added broadcast_11_piece0 in memory on yellow-cab-airflow-scheduler:36261 (size: 17.8 KiB, free: 434.3 MiB)
[2024-10-11T13:21:38.207+0000] {spark_submit.py:649} INFO - 24/10/11 13:21:38 INFO SparkContext: Created broadcast 11 from broadcast at DAGScheduler.scala:1513
[2024-10-11T13:21:38.209+0000] {spark_submit.py:649} INFO - 24/10/11 13:21:38 INFO DAGScheduler: Submitting 1 missing tasks from ResultStage 10 (MapPartitionsRDD[29] at toPandas at /spark-scripts/taxi_etl.py:117) (first 15 tasks are for partitions Vector(0))
[2024-10-11T13:21:38.210+0000] {spark_submit.py:649} INFO - 24/10/11 13:21:38 INFO TaskSchedulerImpl: Adding task set 10.0 with 1 tasks resource profile 0
[2024-10-11T13:21:38.211+0000] {spark_submit.py:649} INFO - 24/10/11 13:21:38 INFO BlockManagerInfo: Removed broadcast_10_piece0 on yellow-cab-airflow-scheduler:36261 in memory (size: 12.7 KiB, free: 434.3 MiB)
[2024-10-11T13:21:38.212+0000] {spark_submit.py:649} INFO - 24/10/11 13:21:38 INFO TaskSetManager: Starting task 0.0 in stage 10.0 (TID 7) (172.24.0.3, executor 0, partition 0, NODE_LOCAL, 4457 bytes) taskResourceAssignments Map()
[2024-10-11T13:21:38.213+0000] {spark_submit.py:649} INFO - 24/10/11 13:21:38 INFO BlockManagerInfo: Removed broadcast_10_piece0 on 172.24.0.3:32881 in memory (size: 12.7 KiB, free: 434.3 MiB)
[2024-10-11T13:21:38.231+0000] {spark_submit.py:649} INFO - 24/10/11 13:21:38 INFO BlockManagerInfo: Added broadcast_11_piece0 in memory on 172.24.0.3:32881 (size: 17.8 KiB, free: 434.3 MiB)
[2024-10-11T13:21:38.242+0000] {spark_submit.py:649} INFO - 24/10/11 13:21:38 INFO MapOutputTrackerMasterEndpoint: Asked to send map output locations for shuffle 2 to 172.24.0.3:37304
[2024-10-11T13:21:38.295+0000] {spark_submit.py:649} INFO - 24/10/11 13:21:38 INFO TaskSetManager: Finished task 0.0 in stage 10.0 (TID 7) in 86 ms on 172.24.0.3 (executor 0) (1/1)
[2024-10-11T13:21:38.296+0000] {spark_submit.py:649} INFO - 24/10/11 13:21:38 INFO TaskSchedulerImpl: Removed TaskSet 10.0, whose tasks have all completed, from pool
[2024-10-11T13:21:38.299+0000] {spark_submit.py:649} INFO - 24/10/11 13:21:38 INFO DAGScheduler: ResultStage 10 (toPandas at /spark-scripts/taxi_etl.py:117) finished in 0.099 s
[2024-10-11T13:21:38.302+0000] {spark_submit.py:649} INFO - 24/10/11 13:21:38 INFO DAGScheduler: Job 7 is finished. Cancelling potential speculative or zombie tasks for this job
[2024-10-11T13:21:38.303+0000] {spark_submit.py:649} INFO - 24/10/11 13:21:38 INFO TaskSchedulerImpl: Killing all running tasks in stage 10: Stage finished
[2024-10-11T13:21:38.304+0000] {spark_submit.py:649} INFO - 24/10/11 13:21:38 INFO DAGScheduler: Job 7 finished: toPandas at /spark-scripts/taxi_etl.py:117, took 0.103111 s
[2024-10-11T13:21:42.926+0000] {spark_submit.py:649} INFO - 24/10/11 13:21:42 INFO FileSourceStrategy: Pushed Filters:
[2024-10-11T13:21:42.927+0000] {spark_submit.py:649} INFO - 24/10/11 13:21:42 INFO FileSourceStrategy: Post-Scan Filters: atleastnnonnulls(4, tpep_pickup_datetime#32, tpep_dropoff_datetime#33, pickup_longitude#36, pickup_latitude#37)
[2024-10-11T13:21:42.927+0000] {spark_submit.py:649} INFO - 24/10/11 13:21:42 INFO FileSourceStrategy: Output Data Schema: struct<tpep_pickup_datetime: timestamp, tpep_dropoff_datetime: timestamp, pickup_longitude: double, pickup_latitude: double, payment_type: int ... 3 more fields>
[2024-10-11T13:21:42.936+0000] {spark_submit.py:649} INFO - 24/10/11 13:21:42 INFO HashAggregateExec: spark.sql.codegen.aggregate.map.twolevel.enabled is set to true, but current version of codegened fast hashmap does not support this aggregate.
[2024-10-11T13:21:42.941+0000] {spark_submit.py:649} INFO - 24/10/11 13:21:42 INFO MemoryStore: Block broadcast_12 stored as values in memory (estimated size 204.2 KiB, free 433.7 MiB)
[2024-10-11T13:21:42.948+0000] {spark_submit.py:649} INFO - 24/10/11 13:21:42 INFO BlockManagerInfo: Removed broadcast_11_piece0 on yellow-cab-airflow-scheduler:36261 in memory (size: 17.8 KiB, free: 434.3 MiB)
[2024-10-11T13:21:42.951+0000] {spark_submit.py:649} INFO - 24/10/11 13:21:42 INFO MemoryStore: Block broadcast_12_piece0 stored as bytes in memory (estimated size 35.3 KiB, free 433.7 MiB)
[2024-10-11T13:21:42.954+0000] {spark_submit.py:649} INFO - 24/10/11 13:21:42 INFO BlockManagerInfo: Added broadcast_12_piece0 in memory on yellow-cab-airflow-scheduler:36261 (size: 35.3 KiB, free: 434.3 MiB)
[2024-10-11T13:21:42.954+0000] {spark_submit.py:649} INFO - 24/10/11 13:21:42 INFO SparkContext: Created broadcast 12 from toPandas at /spark-scripts/taxi_etl.py:120
[2024-10-11T13:21:42.954+0000] {spark_submit.py:649} INFO - 24/10/11 13:21:42 INFO FileSourceScanExec: Planning scan with bin packing, max size: 4194304 bytes, open cost is considered as scanning 4194304 bytes.
[2024-10-11T13:21:42.954+0000] {spark_submit.py:649} INFO - 24/10/11 13:21:42 INFO BlockManagerInfo: Removed broadcast_11_piece0 on 172.24.0.3:32881 in memory (size: 17.8 KiB, free: 434.3 MiB)
[2024-10-11T13:21:42.956+0000] {spark_submit.py:649} INFO - 24/10/11 13:21:42 INFO DAGScheduler: Registering RDD 33 (toPandas at /spark-scripts/taxi_etl.py:120) as input to shuffle 3
[2024-10-11T13:21:42.956+0000] {spark_submit.py:649} INFO - 24/10/11 13:21:42 INFO DAGScheduler: Got map stage job 8 (toPandas at /spark-scripts/taxi_etl.py:120) with 1 output partitions
[2024-10-11T13:21:42.956+0000] {spark_submit.py:649} INFO - 24/10/11 13:21:42 INFO DAGScheduler: Final stage: ShuffleMapStage 11 (toPandas at /spark-scripts/taxi_etl.py:120)
[2024-10-11T13:21:42.956+0000] {spark_submit.py:649} INFO - 24/10/11 13:21:42 INFO DAGScheduler: Parents of final stage: List()
[2024-10-11T13:21:42.957+0000] {spark_submit.py:649} INFO - 24/10/11 13:21:42 INFO DAGScheduler: Missing parents: List()
[2024-10-11T13:21:42.957+0000] {spark_submit.py:649} INFO - 24/10/11 13:21:42 INFO DAGScheduler: Submitting ShuffleMapStage 11 (MapPartitionsRDD[33] at toPandas at /spark-scripts/taxi_etl.py:120), which has no missing parents
[2024-10-11T13:21:42.958+0000] {spark_submit.py:649} INFO - 24/10/11 13:21:42 INFO MemoryStore: Block broadcast_13 stored as values in memory (estimated size 27.4 KiB, free 433.7 MiB)
[2024-10-11T13:21:42.959+0000] {spark_submit.py:649} INFO - 24/10/11 13:21:42 INFO MemoryStore: Block broadcast_13_piece0 stored as bytes in memory (estimated size 12.7 KiB, free 433.7 MiB)
[2024-10-11T13:21:42.959+0000] {spark_submit.py:649} INFO - 24/10/11 13:21:42 INFO BlockManagerInfo: Added broadcast_13_piece0 in memory on yellow-cab-airflow-scheduler:36261 (size: 12.7 KiB, free: 434.3 MiB)
[2024-10-11T13:21:42.960+0000] {spark_submit.py:649} INFO - 24/10/11 13:21:42 INFO SparkContext: Created broadcast 13 from broadcast at DAGScheduler.scala:1513
[2024-10-11T13:21:42.960+0000] {spark_submit.py:649} INFO - 24/10/11 13:21:42 INFO DAGScheduler: Submitting 1 missing tasks from ShuffleMapStage 11 (MapPartitionsRDD[33] at toPandas at /spark-scripts/taxi_etl.py:120) (first 15 tasks are for partitions Vector(0))
[2024-10-11T13:21:42.960+0000] {spark_submit.py:649} INFO - 24/10/11 13:21:42 INFO TaskSchedulerImpl: Adding task set 11.0 with 1 tasks resource profile 0
[2024-10-11T13:21:42.962+0000] {spark_submit.py:649} INFO - 24/10/11 13:21:42 INFO TaskSetManager: Starting task 0.0 in stage 11.0 (TID 8) (172.24.0.3, executor 0, partition 0, PROCESS_LOCAL, 4904 bytes) taskResourceAssignments Map()
[2024-10-11T13:21:42.974+0000] {spark_submit.py:649} INFO - 24/10/11 13:21:42 INFO BlockManagerInfo: Added broadcast_13_piece0 in memory on 172.24.0.3:32881 (size: 12.7 KiB, free: 434.3 MiB)
[2024-10-11T13:21:42.989+0000] {spark_submit.py:649} INFO - 24/10/11 13:21:42 INFO BlockManagerInfo: Added broadcast_12_piece0 in memory on 172.24.0.3:32881 (size: 35.3 KiB, free: 434.3 MiB)
[2024-10-11T13:21:43.062+0000] {spark_submit.py:649} INFO - 24/10/11 13:21:43 INFO TaskSetManager: Finished task 0.0 in stage 11.0 (TID 8) in 101 ms on 172.24.0.3 (executor 0) (1/1)
[2024-10-11T13:21:43.063+0000] {spark_submit.py:649} INFO - 24/10/11 13:21:43 INFO TaskSchedulerImpl: Removed TaskSet 11.0, whose tasks have all completed, from pool
[2024-10-11T13:21:43.063+0000] {spark_submit.py:649} INFO - 24/10/11 13:21:43 INFO DAGScheduler: ShuffleMapStage 11 (toPandas at /spark-scripts/taxi_etl.py:120) finished in 0.106 s
[2024-10-11T13:21:43.063+0000] {spark_submit.py:649} INFO - 24/10/11 13:21:43 INFO DAGScheduler: looking for newly runnable stages
[2024-10-11T13:21:43.063+0000] {spark_submit.py:649} INFO - 24/10/11 13:21:43 INFO DAGScheduler: running: Set()
[2024-10-11T13:21:43.063+0000] {spark_submit.py:649} INFO - 24/10/11 13:21:43 INFO DAGScheduler: waiting: Set()
[2024-10-11T13:21:43.064+0000] {spark_submit.py:649} INFO - 24/10/11 13:21:43 INFO DAGScheduler: failed: Set()
[2024-10-11T13:21:43.065+0000] {spark_submit.py:649} INFO - 24/10/11 13:21:43 INFO ShufflePartitionsUtil: For shuffle(3), advisory target size: 67108864, actual target size 1048576, minimum partition size: 1048576
[2024-10-11T13:21:43.069+0000] {spark_submit.py:649} INFO - 24/10/11 13:21:43 INFO HashAggregateExec: spark.sql.codegen.aggregate.map.twolevel.enabled is set to true, but current version of codegened fast hashmap does not support this aggregate.
[2024-10-11T13:21:43.077+0000] {spark_submit.py:649} INFO - 24/10/11 13:21:43 INFO SparkContext: Starting job: toPandas at /spark-scripts/taxi_etl.py:120
[2024-10-11T13:21:43.078+0000] {spark_submit.py:649} INFO - 24/10/11 13:21:43 INFO DAGScheduler: Got job 9 (toPandas at /spark-scripts/taxi_etl.py:120) with 1 output partitions
[2024-10-11T13:21:43.078+0000] {spark_submit.py:649} INFO - 24/10/11 13:21:43 INFO DAGScheduler: Final stage: ResultStage 13 (toPandas at /spark-scripts/taxi_etl.py:120)
[2024-10-11T13:21:43.079+0000] {spark_submit.py:649} INFO - 24/10/11 13:21:43 INFO DAGScheduler: Parents of final stage: List(ShuffleMapStage 12)
[2024-10-11T13:21:43.079+0000] {spark_submit.py:649} INFO - 24/10/11 13:21:43 INFO DAGScheduler: Missing parents: List()
[2024-10-11T13:21:43.079+0000] {spark_submit.py:649} INFO - 24/10/11 13:21:43 INFO DAGScheduler: Submitting ResultStage 13 (MapPartitionsRDD[36] at toPandas at /spark-scripts/taxi_etl.py:120), which has no missing parents
[2024-10-11T13:21:43.081+0000] {spark_submit.py:649} INFO - 24/10/11 13:21:43 INFO MemoryStore: Block broadcast_14 stored as values in memory (estimated size 37.3 KiB, free 433.6 MiB)
[2024-10-11T13:21:43.084+0000] {spark_submit.py:649} INFO - 24/10/11 13:21:43 INFO MemoryStore: Block broadcast_14_piece0 stored as bytes in memory (estimated size 17.7 KiB, free 433.6 MiB)
[2024-10-11T13:21:43.085+0000] {spark_submit.py:649} INFO - 24/10/11 13:21:43 INFO BlockManagerInfo: Added broadcast_14_piece0 in memory on yellow-cab-airflow-scheduler:36261 (size: 17.7 KiB, free: 434.3 MiB)
[2024-10-11T13:21:43.087+0000] {spark_submit.py:649} INFO - 24/10/11 13:21:43 INFO SparkContext: Created broadcast 14 from broadcast at DAGScheduler.scala:1513
[2024-10-11T13:21:43.087+0000] {spark_submit.py:649} INFO - 24/10/11 13:21:43 INFO DAGScheduler: Submitting 1 missing tasks from ResultStage 13 (MapPartitionsRDD[36] at toPandas at /spark-scripts/taxi_etl.py:120) (first 15 tasks are for partitions Vector(0))
[2024-10-11T13:21:43.087+0000] {spark_submit.py:649} INFO - 24/10/11 13:21:43 INFO TaskSchedulerImpl: Adding task set 13.0 with 1 tasks resource profile 0
[2024-10-11T13:21:43.088+0000] {spark_submit.py:649} INFO - 24/10/11 13:21:43 INFO BlockManagerInfo: Removed broadcast_13_piece0 on yellow-cab-airflow-scheduler:36261 in memory (size: 12.7 KiB, free: 434.3 MiB)
[2024-10-11T13:21:43.088+0000] {spark_submit.py:649} INFO - 24/10/11 13:21:43 INFO TaskSetManager: Starting task 0.0 in stage 13.0 (TID 9) (172.24.0.3, executor 0, partition 0, NODE_LOCAL, 4457 bytes) taskResourceAssignments Map()
[2024-10-11T13:21:43.089+0000] {spark_submit.py:649} INFO - 24/10/11 13:21:43 INFO BlockManagerInfo: Removed broadcast_13_piece0 on 172.24.0.3:32881 in memory (size: 12.7 KiB, free: 434.3 MiB)
[2024-10-11T13:21:43.097+0000] {spark_submit.py:649} INFO - 24/10/11 13:21:43 INFO BlockManagerInfo: Added broadcast_14_piece0 in memory on 172.24.0.3:32881 (size: 17.7 KiB, free: 434.3 MiB)
[2024-10-11T13:21:43.105+0000] {spark_submit.py:649} INFO - 24/10/11 13:21:43 INFO MapOutputTrackerMasterEndpoint: Asked to send map output locations for shuffle 3 to 172.24.0.3:37304
[2024-10-11T13:21:43.115+0000] {spark_submit.py:649} INFO - 24/10/11 13:21:43 INFO TaskSetManager: Finished task 0.0 in stage 13.0 (TID 9) in 28 ms on 172.24.0.3 (executor 0) (1/1)
[2024-10-11T13:21:43.115+0000] {spark_submit.py:649} INFO - 24/10/11 13:21:43 INFO TaskSchedulerImpl: Removed TaskSet 13.0, whose tasks have all completed, from pool
[2024-10-11T13:21:43.115+0000] {spark_submit.py:649} INFO - 24/10/11 13:21:43 INFO DAGScheduler: ResultStage 13 (toPandas at /spark-scripts/taxi_etl.py:120) finished in 0.035 s
[2024-10-11T13:21:43.116+0000] {spark_submit.py:649} INFO - 24/10/11 13:21:43 INFO DAGScheduler: Job 9 is finished. Cancelling potential speculative or zombie tasks for this job
[2024-10-11T13:21:43.116+0000] {spark_submit.py:649} INFO - 24/10/11 13:21:43 INFO TaskSchedulerImpl: Killing all running tasks in stage 13: Stage finished
[2024-10-11T13:21:43.116+0000] {spark_submit.py:649} INFO - 24/10/11 13:21:43 INFO DAGScheduler: Job 9 finished: toPandas at /spark-scripts/taxi_etl.py:120, took 0.038018 s
[2024-10-11T13:21:47.199+0000] {spark_submit.py:649} INFO - Traceback (most recent call last):
[2024-10-11T13:21:47.200+0000] {spark_submit.py:649} INFO - File "/spark-scripts/taxi_etl.py", line 132, in <module>
[2024-10-11T13:21:47.200+0000] {spark_submit.py:649} INFO - main()
[2024-10-11T13:21:47.200+0000] {spark_submit.py:649} INFO - File "/spark-scripts/taxi_etl.py", line 123, in main
[2024-10-11T13:21:47.200+0000] {spark_submit.py:649} INFO - dim_datetime_write = client.load_table_from_dataframe(dim_datetime.toPandas(dtype={'Datetime': 'datetime64[ns]'}), f"{PROJECT_ID}.{DATASET_ID}.dim_datetime", job_config=job_config)
[2024-10-11T13:21:47.201+0000] {spark_submit.py:649} INFO - TypeError: toPandas() got an unexpected keyword argument 'dtype'
[2024-10-11T13:21:47.371+0000] {spark_submit.py:649} INFO - 24/10/11 13:21:47 INFO SparkContext: Invoking stop() from shutdown hook
[2024-10-11T13:21:47.382+0000] {spark_submit.py:649} INFO - 24/10/11 13:21:47 INFO SparkUI: Stopped Spark web UI at http://yellow-cab-airflow-scheduler:4040
[2024-10-11T13:21:47.384+0000] {spark_submit.py:649} INFO - 24/10/11 13:21:47 INFO StandaloneSchedulerBackend: Shutting down all executors
[2024-10-11T13:21:47.384+0000] {spark_submit.py:649} INFO - 24/10/11 13:21:47 INFO CoarseGrainedSchedulerBackend$DriverEndpoint: Asking each executor to shut down
[2024-10-11T13:21:47.400+0000] {spark_submit.py:649} INFO - 24/10/11 13:21:47 INFO MapOutputTrackerMasterEndpoint: MapOutputTrackerMasterEndpoint stopped!
[2024-10-11T13:21:47.440+0000] {spark_submit.py:649} INFO - 24/10/11 13:21:47 INFO MemoryStore: MemoryStore cleared
[2024-10-11T13:21:47.441+0000] {spark_submit.py:649} INFO - 24/10/11 13:21:47 INFO BlockManager: BlockManager stopped
[2024-10-11T13:21:47.447+0000] {spark_submit.py:649} INFO - 24/10/11 13:21:47 INFO BlockManagerMaster: BlockManagerMaster stopped
[2024-10-11T13:21:47.451+0000] {spark_submit.py:649} INFO - 24/10/11 13:21:47 INFO OutputCommitCoordinator$OutputCommitCoordinatorEndpoint: OutputCommitCoordinator stopped!
[2024-10-11T13:21:47.483+0000] {spark_submit.py:649} INFO - 24/10/11 13:21:47 INFO SparkContext: Successfully stopped SparkContext
[2024-10-11T13:21:47.483+0000] {spark_submit.py:649} INFO - 24/10/11 13:21:47 INFO ShutdownHookManager: Shutdown hook called
[2024-10-11T13:21:47.484+0000] {spark_submit.py:649} INFO - 24/10/11 13:21:47 INFO ShutdownHookManager: Deleting directory /tmp/spark-f9205f59-c130-4c42-ada8-fc40c1baa741
[2024-10-11T13:21:47.495+0000] {spark_submit.py:649} INFO - 24/10/11 13:21:47 INFO ShutdownHookManager: Deleting directory /tmp/spark-f9205f59-c130-4c42-ada8-fc40c1baa741/pyspark-3d54adc2-cb61-44c9-8d27-13073975c298
[2024-10-11T13:21:47.505+0000] {spark_submit.py:649} INFO - 24/10/11 13:21:47 INFO ShutdownHookManager: Deleting directory /tmp/spark-bbbf7cfc-2017-411d-a341-e2e1125e2da0
[2024-10-11T13:21:47.555+0000] {taskinstance.py:441} INFO - ::group::Post task execution logs
[2024-10-11T13:21:47.587+0000] {taskinstance.py:2905} ERROR - Task failed with exception
Traceback (most recent call last):
  File "/home/airflow/.local/lib/python3.9/site-packages/airflow/models/taskinstance.py", line 465, in _execute_task
    result = _execute_callable(context=context, **execute_callable_kwargs)
  File "/home/airflow/.local/lib/python3.9/site-packages/airflow/models/taskinstance.py", line 432, in _execute_callable
    return execute_callable(context=context, **execute_callable_kwargs)
  File "/home/airflow/.local/lib/python3.9/site-packages/airflow/models/baseoperator.py", line 400, in wrapper
    return func(self, *args, **kwargs)
  File "/home/airflow/.local/lib/python3.9/site-packages/airflow/providers/apache/spark/operators/spark_submit.py", line 176, in execute
    self._hook.submit(self.application)
  File "/home/airflow/.local/lib/python3.9/site-packages/airflow/providers/apache/spark/hooks/spark_submit.py", line 575, in submit
    raise AirflowException(
airflow.exceptions.AirflowException: Cannot execute: spark-submit --master spark://spark-master:7077 --conf spark.jars.packages=org.apache.sedona:sedona-python-adapter-3.0_2.12:1.2.0-incubating,org.datasyslab:geotools-wrapper:geotools-24.0 --conf spark.jars.repositories=https://repo1.maven.org/maven2/ --name arrow-spark --deploy-mode client /spark-scripts/taxi_etl.py. Error code is: 1.
[2024-10-11T13:21:47.594+0000] {taskinstance.py:1206} INFO - Marking task as FAILED. dag_id=etl_yellow_cab, task_id=etl_task, run_id=manual__2024-10-11T07:14:16.194830+00:00, execution_date=20241011T071416, start_date=20241011T132121, end_date=20241011T132147
[2024-10-11T13:21:47.616+0000] {standard_task_runner.py:110} ERROR - Failed to execute job 46 for task etl_task (Cannot execute: spark-submit --master spark://spark-master:7077 --conf spark.jars.packages=org.apache.sedona:sedona-python-adapter-3.0_2.12:1.2.0-incubating,org.datasyslab:geotools-wrapper:geotools-24.0 --conf spark.jars.repositories=https://repo1.maven.org/maven2/ --name arrow-spark --deploy-mode client /spark-scripts/taxi_etl.py. Error code is: 1.; 522)
[2024-10-11T13:21:47.639+0000] {local_task_job_runner.py:240} INFO - Task exited with return code 1
[2024-10-11T13:21:47.660+0000] {taskinstance.py:3498} INFO - 0 downstream tasks scheduled from follow-on schedule check
[2024-10-11T13:21:47.661+0000] {local_task_job_runner.py:222} INFO - ::endgroup::
