[2024-10-11T12:56:21.287+0000] {local_task_job_runner.py:120} INFO - ::group::Pre task execution logs
[2024-10-11T12:56:21.315+0000] {taskinstance.py:2076} INFO - Dependencies all met for dep_context=non-requeueable deps ti=<TaskInstance: etl_yellow_cab.etl_task manual__2024-10-11T07:14:16.194830+00:00 [queued]>
[2024-10-11T12:56:21.323+0000] {taskinstance.py:2076} INFO - Dependencies all met for dep_context=requeueable deps ti=<TaskInstance: etl_yellow_cab.etl_task manual__2024-10-11T07:14:16.194830+00:00 [queued]>
[2024-10-11T12:56:21.323+0000] {taskinstance.py:2306} INFO - Starting attempt 22 of 22
[2024-10-11T12:56:21.333+0000] {taskinstance.py:2330} INFO - Executing <Task(SparkSubmitOperator): etl_task> on 2024-10-11 07:14:16.194830+00:00
[2024-10-11T12:56:21.340+0000] {standard_task_runner.py:63} INFO - Started process 171 to run task
[2024-10-11T12:56:21.345+0000] {standard_task_runner.py:90} INFO - Running: ['airflow', 'tasks', 'run', 'etl_yellow_cab', 'etl_task', 'manual__2024-10-11T07:14:16.194830+00:00', '--job-id', '41', '--raw', '--subdir', 'DAGS_FOLDER/yellow-cab-batch.py', '--cfg-path', '/tmp/tmpiedexlax']
[2024-10-11T12:56:21.349+0000] {standard_task_runner.py:91} INFO - Job 41: Subtask etl_task
[2024-10-11T12:56:21.374+0000] {logging_mixin.py:188} WARNING - /home/airflow/.local/lib/python3.9/site-packages/airflow/settings.py:195 DeprecationWarning: The sql_alchemy_conn option in [core] has been moved to the sql_alchemy_conn option in [database] - the old setting has been used, but please update your config.
[2024-10-11T12:56:21.438+0000] {task_command.py:426} INFO - Running <TaskInstance: etl_yellow_cab.etl_task manual__2024-10-11T07:14:16.194830+00:00 [running]> on host yellow-cab-airflow-scheduler
[2024-10-11T12:56:21.530+0000] {taskinstance.py:2648} INFO - Exporting env vars: AIRFLOW_CTX_DAG_OWNER='hafidz' AIRFLOW_CTX_DAG_ID='etl_yellow_cab' AIRFLOW_CTX_TASK_ID='etl_task' AIRFLOW_CTX_EXECUTION_DATE='2024-10-11T07:14:16.194830+00:00' AIRFLOW_CTX_TRY_NUMBER='22' AIRFLOW_CTX_DAG_RUN_ID='manual__2024-10-11T07:14:16.194830+00:00'
[2024-10-11T12:56:21.530+0000] {taskinstance.py:430} INFO - ::endgroup::
[2024-10-11T12:56:21.567+0000] {base.py:84} INFO - Using connection ID 'spark_main' for task execution.
[2024-10-11T12:56:21.569+0000] {spark_submit.py:473} INFO - Spark-Submit cmd: spark-submit --master spark://spark-master:7077 --conf spark.jars.packages=org.apache.sedona:sedona-python-adapter-3.0_2.12:1.2.0-incubating,org.datasyslab:geotools-wrapper:geotools-24.0 --conf spark.jars.repositories=https://repo1.maven.org/maven2/ --name arrow-spark --deploy-mode client /spark-scripts/taxi_etl.py
[2024-10-11T12:56:22.789+0000] {spark_submit.py:649} INFO - https://repo1.maven.org/maven2/ added as a remote repository with the name: repo-1
[2024-10-11T12:56:22.810+0000] {spark_submit.py:649} INFO - :: loading settings :: url = jar:file:/home/airflow/.local/lib/python3.9/site-packages/pyspark/jars/ivy-2.5.1.jar!/org/apache/ivy/core/settings/ivysettings.xml
[2024-10-11T12:56:22.852+0000] {spark_submit.py:649} INFO - Ivy Default Cache set to: /home/airflow/.ivy2/cache
[2024-10-11T12:56:22.852+0000] {spark_submit.py:649} INFO - The jars for the packages stored in: /home/airflow/.ivy2/jars
[2024-10-11T12:56:22.857+0000] {spark_submit.py:649} INFO - org.apache.sedona#sedona-python-adapter-3.0_2.12 added as a dependency
[2024-10-11T12:56:22.857+0000] {spark_submit.py:649} INFO - org.datasyslab#geotools-wrapper added as a dependency
[2024-10-11T12:56:22.858+0000] {spark_submit.py:649} INFO - :: resolving dependencies :: org.apache.spark#spark-submit-parent-015eab24-c11d-44aa-a7d6-c38bf24eac8c;1.0
[2024-10-11T12:56:22.858+0000] {spark_submit.py:649} INFO - confs: [default]
[2024-10-11T12:56:27.829+0000] {spark_submit.py:649} INFO - found org.apache.sedona#sedona-python-adapter-3.0_2.12;1.2.0-incubating in central
[2024-10-11T12:56:31.592+0000] {spark_submit.py:649} INFO - found org.locationtech.jts#jts-core;1.18.0 in central
[2024-10-11T12:56:31.876+0000] {spark_submit.py:649} INFO - found org.wololo#jts2geojson;0.16.1 in central
[2024-10-11T12:56:32.226+0000] {spark_submit.py:649} INFO - found org.apache.sedona#sedona-core-3.0_2.12;1.2.0-incubating in central
[2024-10-11T12:56:32.504+0000] {spark_submit.py:649} INFO - found org.scala-lang.modules#scala-collection-compat_2.12;2.5.0 in central
[2024-10-11T12:56:32.780+0000] {spark_submit.py:649} INFO - found org.apache.sedona#sedona-sql-3.0_2.12;1.2.0-incubating in central
[2024-10-11T12:56:33.097+0000] {spark_submit.py:649} INFO - found org.datasyslab#geotools-wrapper;geotools-24.0 in central
[2024-10-11T12:56:33.234+0000] {spark_submit.py:649} INFO - downloading https://repo1.maven.org/maven2/org/apache/sedona/sedona-python-adapter-3.0_2.12/1.2.0-incubating/sedona-python-adapter-3.0_2.12-1.2.0-incubating.jar ...
[2024-10-11T12:56:35.657+0000] {spark_submit.py:649} INFO - [SUCCESSFUL ] org.apache.sedona#sedona-python-adapter-3.0_2.12;1.2.0-incubating!sedona-python-adapter-3.0_2.12.jar (2552ms)
[2024-10-11T12:56:36.372+0000] {spark_submit.py:649} INFO - downloading https://repo1.maven.org/maven2/org/datasyslab/geotools-wrapper/geotools-24.0/geotools-wrapper-geotools-24.0.jar ...
[2024-10-11T12:56:53.947+0000] {spark_submit.py:649} INFO - [SUCCESSFUL ] org.datasyslab#geotools-wrapper;geotools-24.0!geotools-wrapper.jar (18285ms)
[2024-10-11T12:56:54.096+0000] {spark_submit.py:649} INFO - downloading https://repo1.maven.org/maven2/org/locationtech/jts/jts-core/1.18.0/jts-core-1.18.0.jar ...
[2024-10-11T12:56:55.096+0000] {spark_submit.py:649} INFO - [SUCCESSFUL ] org.locationtech.jts#jts-core;1.18.0!jts-core.jar(bundle) (1144ms)
[2024-10-11T12:56:55.251+0000] {spark_submit.py:649} INFO - downloading https://repo1.maven.org/maven2/org/wololo/jts2geojson/0.16.1/jts2geojson-0.16.1.jar ...
[2024-10-11T12:56:55.400+0000] {spark_submit.py:649} INFO - [SUCCESSFUL ] org.wololo#jts2geojson;0.16.1!jts2geojson.jar (299ms)
[2024-10-11T12:56:55.535+0000] {spark_submit.py:649} INFO - downloading https://repo1.maven.org/maven2/org/apache/sedona/sedona-core-3.0_2.12/1.2.0-incubating/sedona-core-3.0_2.12-1.2.0-incubating.jar ...
[2024-10-11T12:56:56.138+0000] {spark_submit.py:649} INFO - [SUCCESSFUL ] org.apache.sedona#sedona-core-3.0_2.12;1.2.0-incubating!sedona-core-3.0_2.12.jar (735ms)
[2024-10-11T12:56:56.277+0000] {spark_submit.py:649} INFO - downloading https://repo1.maven.org/maven2/org/apache/sedona/sedona-sql-3.0_2.12/1.2.0-incubating/sedona-sql-3.0_2.12-1.2.0-incubating.jar ...
[2024-10-11T12:56:57.329+0000] {spark_submit.py:649} INFO - [SUCCESSFUL ] org.apache.sedona#sedona-sql-3.0_2.12;1.2.0-incubating!sedona-sql-3.0_2.12.jar (1189ms)
[2024-10-11T12:56:57.462+0000] {spark_submit.py:649} INFO - downloading https://repo1.maven.org/maven2/org/scala-lang/modules/scala-collection-compat_2.12/2.5.0/scala-collection-compat_2.12-2.5.0.jar ...
[2024-10-11T12:56:57.795+0000] {spark_submit.py:649} INFO - [SUCCESSFUL ] org.scala-lang.modules#scala-collection-compat_2.12;2.5.0!scala-collection-compat_2.12.jar (463ms)
[2024-10-11T12:56:57.797+0000] {spark_submit.py:649} INFO - :: resolution report :: resolve 10246ms :: artifacts dl 24692ms
[2024-10-11T12:56:57.797+0000] {spark_submit.py:649} INFO - :: modules in use:
[2024-10-11T12:56:57.798+0000] {spark_submit.py:649} INFO - org.apache.sedona#sedona-core-3.0_2.12;1.2.0-incubating from central in [default]
[2024-10-11T12:56:57.799+0000] {spark_submit.py:649} INFO - org.apache.sedona#sedona-python-adapter-3.0_2.12;1.2.0-incubating from central in [default]
[2024-10-11T12:56:57.799+0000] {spark_submit.py:649} INFO - org.apache.sedona#sedona-sql-3.0_2.12;1.2.0-incubating from central in [default]
[2024-10-11T12:56:57.806+0000] {spark_submit.py:649} INFO - org.datasyslab#geotools-wrapper;geotools-24.0 from central in [default]
[2024-10-11T12:56:57.807+0000] {spark_submit.py:649} INFO - org.locationtech.jts#jts-core;1.18.0 from central in [default]
[2024-10-11T12:56:57.808+0000] {spark_submit.py:649} INFO - org.scala-lang.modules#scala-collection-compat_2.12;2.5.0 from central in [default]
[2024-10-11T12:56:57.808+0000] {spark_submit.py:649} INFO - org.wololo#jts2geojson;0.16.1 from central in [default]
[2024-10-11T12:56:57.808+0000] {spark_submit.py:649} INFO - ---------------------------------------------------------------------
[2024-10-11T12:56:57.809+0000] {spark_submit.py:649} INFO - |                  |            modules            ||   artifacts   |
[2024-10-11T12:56:57.809+0000] {spark_submit.py:649} INFO - |       conf       | number| search|dwnlded|evicted|| number|dwnlded|
[2024-10-11T12:56:57.809+0000] {spark_submit.py:649} INFO - ---------------------------------------------------------------------
[2024-10-11T12:56:57.810+0000] {spark_submit.py:649} INFO - |      default     |   7   |   7   |   7   |   0   ||   7   |   7   |
[2024-10-11T12:56:57.810+0000] {spark_submit.py:649} INFO - ---------------------------------------------------------------------
[2024-10-11T12:56:57.822+0000] {spark_submit.py:649} INFO - :: retrieving :: org.apache.spark#spark-submit-parent-015eab24-c11d-44aa-a7d6-c38bf24eac8c
[2024-10-11T12:56:57.822+0000] {spark_submit.py:649} INFO - confs: [default]
[2024-10-11T12:56:57.894+0000] {spark_submit.py:649} INFO - 7 artifacts copied, 0 already retrieved (24372kB/72ms)
[2024-10-11T12:56:58.120+0000] {spark_submit.py:649} INFO - 24/10/11 12:56:58 WARN NativeCodeLoader: Unable to load native-hadoop library for your platform... using builtin-java classes where applicable
[2024-10-11T12:57:00.047+0000] {spark_submit.py:649} INFO - 
[2024-10-11T12:57:00.048+0000] {spark_submit.py:649} INFO - A module that was compiled using NumPy 1.x cannot be run in
[2024-10-11T12:57:00.048+0000] {spark_submit.py:649} INFO - NumPy 2.0.0 as it may crash. To support both 1.x and 2.x
[2024-10-11T12:57:00.049+0000] {spark_submit.py:649} INFO - versions of NumPy, modules must be compiled with NumPy 2.0.
[2024-10-11T12:57:00.049+0000] {spark_submit.py:649} INFO - Some module may need to rebuild instead e.g. with 'pybind11>=2.12'.
[2024-10-11T12:57:00.049+0000] {spark_submit.py:649} INFO - 
[2024-10-11T12:57:00.049+0000] {spark_submit.py:649} INFO - If you are a user of the module, the easiest solution will be to
[2024-10-11T12:57:00.049+0000] {spark_submit.py:649} INFO - downgrade to 'numpy<2' or try to upgrade the affected module.
[2024-10-11T12:57:00.050+0000] {spark_submit.py:649} INFO - We expect that some modules will need time to support NumPy 2.
[2024-10-11T12:57:00.050+0000] {spark_submit.py:649} INFO - 
[2024-10-11T12:57:00.051+0000] {spark_submit.py:649} INFO - Traceback (most recent call last):  File "/spark-scripts/taxi_etl.py", line 7, in <module>
[2024-10-11T12:57:00.052+0000] {spark_submit.py:649} INFO - from google.cloud import bigquery
[2024-10-11T12:57:00.052+0000] {spark_submit.py:649} INFO - File "/home/airflow/.local/lib/python3.9/site-packages/google/cloud/bigquery/__init__.py", line 35, in <module>
[2024-10-11T12:57:00.053+0000] {spark_submit.py:649} INFO - from google.cloud.bigquery.client import Client
[2024-10-11T12:57:00.054+0000] {spark_submit.py:649} INFO - File "/home/airflow/.local/lib/python3.9/site-packages/google/cloud/bigquery/client.py", line 61, in <module>
[2024-10-11T12:57:00.054+0000] {spark_submit.py:649} INFO - from google.cloud.bigquery_storage_v1.services.big_query_read.client import (
[2024-10-11T12:57:00.054+0000] {spark_submit.py:649} INFO - File "/home/airflow/.local/lib/python3.9/site-packages/google/cloud/bigquery_storage_v1/__init__.py", line 23, in <module>
[2024-10-11T12:57:00.055+0000] {spark_submit.py:649} INFO - from google.cloud.bigquery_storage_v1 import client, types
[2024-10-11T12:57:00.055+0000] {spark_submit.py:649} INFO - File "/home/airflow/.local/lib/python3.9/site-packages/google/cloud/bigquery_storage_v1/client.py", line 26, in <module>
[2024-10-11T12:57:00.056+0000] {spark_submit.py:649} INFO - from google.cloud.bigquery_storage_v1 import reader
[2024-10-11T12:57:00.056+0000] {spark_submit.py:649} INFO - File "/home/airflow/.local/lib/python3.9/site-packages/google/cloud/bigquery_storage_v1/reader.py", line 30, in <module>
[2024-10-11T12:57:00.056+0000] {spark_submit.py:649} INFO - import pandas
[2024-10-11T12:57:00.056+0000] {spark_submit.py:649} INFO - File "/home/airflow/.local/lib/python3.9/site-packages/pandas/__init__.py", line 26, in <module>
[2024-10-11T12:57:00.057+0000] {spark_submit.py:649} INFO - from pandas.compat import (
[2024-10-11T12:57:00.057+0000] {spark_submit.py:649} INFO - File "/home/airflow/.local/lib/python3.9/site-packages/pandas/compat/__init__.py", line 27, in <module>
[2024-10-11T12:57:00.058+0000] {spark_submit.py:649} INFO - from pandas.compat.pyarrow import (
[2024-10-11T12:57:00.058+0000] {spark_submit.py:649} INFO - File "/home/airflow/.local/lib/python3.9/site-packages/pandas/compat/pyarrow.py", line 8, in <module>
[2024-10-11T12:57:00.058+0000] {spark_submit.py:649} INFO - import pyarrow as pa
[2024-10-11T12:57:00.059+0000] {spark_submit.py:649} INFO - File "/home/airflow/.local/lib/python3.9/site-packages/pyarrow/__init__.py", line 65, in <module>
[2024-10-11T12:57:00.059+0000] {spark_submit.py:649} INFO - import pyarrow.lib as _lib
[2024-10-11T12:57:00.059+0000] {spark_submit.py:649} INFO - AttributeError: _ARRAY_API not found
[2024-10-11T12:57:00.110+0000] {spark_submit.py:649} INFO - 
[2024-10-11T12:57:00.110+0000] {spark_submit.py:649} INFO - A module that was compiled using NumPy 1.x cannot be run in
[2024-10-11T12:57:00.111+0000] {spark_submit.py:649} INFO - NumPy 2.0.0 as it may crash. To support both 1.x and 2.x
[2024-10-11T12:57:00.111+0000] {spark_submit.py:649} INFO - versions of NumPy, modules must be compiled with NumPy 2.0.
[2024-10-11T12:57:00.111+0000] {spark_submit.py:649} INFO - Some module may need to rebuild instead e.g. with 'pybind11>=2.12'.
[2024-10-11T12:57:00.111+0000] {spark_submit.py:649} INFO - 
[2024-10-11T12:57:00.111+0000] {spark_submit.py:649} INFO - If you are a user of the module, the easiest solution will be to
[2024-10-11T12:57:00.112+0000] {spark_submit.py:649} INFO - downgrade to 'numpy<2' or try to upgrade the affected module.
[2024-10-11T12:57:00.112+0000] {spark_submit.py:649} INFO - We expect that some modules will need time to support NumPy 2.
[2024-10-11T12:57:00.112+0000] {spark_submit.py:649} INFO - 
[2024-10-11T12:57:00.112+0000] {spark_submit.py:649} INFO - Traceback (most recent call last):  File "/spark-scripts/taxi_etl.py", line 7, in <module>
[2024-10-11T12:57:00.112+0000] {spark_submit.py:649} INFO - from google.cloud import bigquery
[2024-10-11T12:57:00.112+0000] {spark_submit.py:649} INFO - File "/home/airflow/.local/lib/python3.9/site-packages/google/cloud/bigquery/__init__.py", line 35, in <module>
[2024-10-11T12:57:00.112+0000] {spark_submit.py:649} INFO - from google.cloud.bigquery.client import Client
[2024-10-11T12:57:00.112+0000] {spark_submit.py:649} INFO - File "/home/airflow/.local/lib/python3.9/site-packages/google/cloud/bigquery/client.py", line 61, in <module>
[2024-10-11T12:57:00.113+0000] {spark_submit.py:649} INFO - from google.cloud.bigquery_storage_v1.services.big_query_read.client import (
[2024-10-11T12:57:00.113+0000] {spark_submit.py:649} INFO - File "/home/airflow/.local/lib/python3.9/site-packages/google/cloud/bigquery_storage_v1/__init__.py", line 23, in <module>
[2024-10-11T12:57:00.113+0000] {spark_submit.py:649} INFO - from google.cloud.bigquery_storage_v1 import client, types
[2024-10-11T12:57:00.113+0000] {spark_submit.py:649} INFO - File "/home/airflow/.local/lib/python3.9/site-packages/google/cloud/bigquery_storage_v1/client.py", line 26, in <module>
[2024-10-11T12:57:00.113+0000] {spark_submit.py:649} INFO - from google.cloud.bigquery_storage_v1 import reader
[2024-10-11T12:57:00.113+0000] {spark_submit.py:649} INFO - File "/home/airflow/.local/lib/python3.9/site-packages/google/cloud/bigquery_storage_v1/reader.py", line 30, in <module>
[2024-10-11T12:57:00.113+0000] {spark_submit.py:649} INFO - import pandas
[2024-10-11T12:57:00.114+0000] {spark_submit.py:649} INFO - File "/home/airflow/.local/lib/python3.9/site-packages/pandas/__init__.py", line 49, in <module>
[2024-10-11T12:57:00.114+0000] {spark_submit.py:649} INFO - from pandas.core.api import (
[2024-10-11T12:57:00.114+0000] {spark_submit.py:649} INFO - File "/home/airflow/.local/lib/python3.9/site-packages/pandas/core/api.py", line 9, in <module>
[2024-10-11T12:57:00.114+0000] {spark_submit.py:649} INFO - from pandas.core.dtypes.dtypes import (
[2024-10-11T12:57:00.114+0000] {spark_submit.py:649} INFO - File "/home/airflow/.local/lib/python3.9/site-packages/pandas/core/dtypes/dtypes.py", line 24, in <module>
[2024-10-11T12:57:00.114+0000] {spark_submit.py:649} INFO - from pandas._libs import (
[2024-10-11T12:57:00.114+0000] {spark_submit.py:649} INFO - File "/home/airflow/.local/lib/python3.9/site-packages/pyarrow/__init__.py", line 65, in <module>
[2024-10-11T12:57:00.115+0000] {spark_submit.py:649} INFO - import pyarrow.lib as _lib
[2024-10-11T12:57:00.115+0000] {spark_submit.py:649} INFO - AttributeError: _ARRAY_API not found
[2024-10-11T12:57:00.322+0000] {spark_submit.py:649} INFO - 
[2024-10-11T12:57:00.323+0000] {spark_submit.py:649} INFO - A module that was compiled using NumPy 1.x cannot be run in
[2024-10-11T12:57:00.323+0000] {spark_submit.py:649} INFO - NumPy 2.0.0 as it may crash. To support both 1.x and 2.x
[2024-10-11T12:57:00.324+0000] {spark_submit.py:649} INFO - versions of NumPy, modules must be compiled with NumPy 2.0.
[2024-10-11T12:57:00.324+0000] {spark_submit.py:649} INFO - Some module may need to rebuild instead e.g. with 'pybind11>=2.12'.
[2024-10-11T12:57:00.324+0000] {spark_submit.py:649} INFO - 
[2024-10-11T12:57:00.324+0000] {spark_submit.py:649} INFO - If you are a user of the module, the easiest solution will be to
[2024-10-11T12:57:00.324+0000] {spark_submit.py:649} INFO - downgrade to 'numpy<2' or try to upgrade the affected module.
[2024-10-11T12:57:00.324+0000] {spark_submit.py:649} INFO - We expect that some modules will need time to support NumPy 2.
[2024-10-11T12:57:00.324+0000] {spark_submit.py:649} INFO - 
[2024-10-11T12:57:00.324+0000] {spark_submit.py:649} INFO - Traceback (most recent call last):  File "/spark-scripts/taxi_etl.py", line 7, in <module>
[2024-10-11T12:57:00.324+0000] {spark_submit.py:649} INFO - from google.cloud import bigquery
[2024-10-11T12:57:00.324+0000] {spark_submit.py:649} INFO - File "/home/airflow/.local/lib/python3.9/site-packages/google/cloud/bigquery/__init__.py", line 35, in <module>
[2024-10-11T12:57:00.325+0000] {spark_submit.py:649} INFO - from google.cloud.bigquery.client import Client
[2024-10-11T12:57:00.325+0000] {spark_submit.py:649} INFO - File "/home/airflow/.local/lib/python3.9/site-packages/google/cloud/bigquery/client.py", line 61, in <module>
[2024-10-11T12:57:00.325+0000] {spark_submit.py:649} INFO - from google.cloud.bigquery_storage_v1.services.big_query_read.client import (
[2024-10-11T12:57:00.325+0000] {spark_submit.py:649} INFO - File "/home/airflow/.local/lib/python3.9/site-packages/google/cloud/bigquery_storage_v1/__init__.py", line 23, in <module>
[2024-10-11T12:57:00.325+0000] {spark_submit.py:649} INFO - from google.cloud.bigquery_storage_v1 import client, types
[2024-10-11T12:57:00.325+0000] {spark_submit.py:649} INFO - File "/home/airflow/.local/lib/python3.9/site-packages/google/cloud/bigquery_storage_v1/client.py", line 26, in <module>
[2024-10-11T12:57:00.325+0000] {spark_submit.py:649} INFO - from google.cloud.bigquery_storage_v1 import reader
[2024-10-11T12:57:00.325+0000] {spark_submit.py:649} INFO - File "/home/airflow/.local/lib/python3.9/site-packages/google/cloud/bigquery_storage_v1/reader.py", line 34, in <module>
[2024-10-11T12:57:00.325+0000] {spark_submit.py:649} INFO - import pyarrow
[2024-10-11T12:57:00.326+0000] {spark_submit.py:649} INFO - File "/home/airflow/.local/lib/python3.9/site-packages/pyarrow/__init__.py", line 65, in <module>
[2024-10-11T12:57:00.326+0000] {spark_submit.py:649} INFO - import pyarrow.lib as _lib
[2024-10-11T12:57:00.326+0000] {spark_submit.py:649} INFO - AttributeError: _ARRAY_API not found
[2024-10-11T12:57:00.326+0000] {spark_submit.py:649} INFO - 
[2024-10-11T12:57:00.326+0000] {spark_submit.py:649} INFO - A module that was compiled using NumPy 1.x cannot be run in
[2024-10-11T12:57:00.326+0000] {spark_submit.py:649} INFO - NumPy 2.0.0 as it may crash. To support both 1.x and 2.x
[2024-10-11T12:57:00.326+0000] {spark_submit.py:649} INFO - versions of NumPy, modules must be compiled with NumPy 2.0.
[2024-10-11T12:57:00.327+0000] {spark_submit.py:649} INFO - Some module may need to rebuild instead e.g. with 'pybind11>=2.12'.
[2024-10-11T12:57:00.327+0000] {spark_submit.py:649} INFO - 
[2024-10-11T12:57:00.327+0000] {spark_submit.py:649} INFO - If you are a user of the module, the easiest solution will be to
[2024-10-11T12:57:00.327+0000] {spark_submit.py:649} INFO - downgrade to 'numpy<2' or try to upgrade the affected module.
[2024-10-11T12:57:00.327+0000] {spark_submit.py:649} INFO - We expect that some modules will need time to support NumPy 2.
[2024-10-11T12:57:00.327+0000] {spark_submit.py:649} INFO - 
[2024-10-11T12:57:00.327+0000] {spark_submit.py:649} INFO - Traceback (most recent call last):  File "/spark-scripts/taxi_etl.py", line 7, in <module>
[2024-10-11T12:57:00.327+0000] {spark_submit.py:649} INFO - from google.cloud import bigquery
[2024-10-11T12:57:00.327+0000] {spark_submit.py:649} INFO - File "/home/airflow/.local/lib/python3.9/site-packages/google/cloud/bigquery/__init__.py", line 35, in <module>
[2024-10-11T12:57:00.328+0000] {spark_submit.py:649} INFO - from google.cloud.bigquery.client import Client
[2024-10-11T12:57:00.328+0000] {spark_submit.py:649} INFO - File "/home/airflow/.local/lib/python3.9/site-packages/google/cloud/bigquery/client.py", line 61, in <module>
[2024-10-11T12:57:00.328+0000] {spark_submit.py:649} INFO - from google.cloud.bigquery_storage_v1.services.big_query_read.client import (
[2024-10-11T12:57:00.328+0000] {spark_submit.py:649} INFO - File "/home/airflow/.local/lib/python3.9/site-packages/google/cloud/bigquery_storage_v1/__init__.py", line 23, in <module>
[2024-10-11T12:57:00.328+0000] {spark_submit.py:649} INFO - from google.cloud.bigquery_storage_v1 import client, types
[2024-10-11T12:57:00.328+0000] {spark_submit.py:649} INFO - File "/home/airflow/.local/lib/python3.9/site-packages/google/cloud/bigquery_storage_v1/client.py", line 26, in <module>
[2024-10-11T12:57:00.328+0000] {spark_submit.py:649} INFO - from google.cloud.bigquery_storage_v1 import reader
[2024-10-11T12:57:00.328+0000] {spark_submit.py:649} INFO - File "/home/airflow/.local/lib/python3.9/site-packages/google/cloud/bigquery_storage_v1/reader.py", line 39, in <module>
[2024-10-11T12:57:00.328+0000] {spark_submit.py:649} INFO - import pyarrow
[2024-10-11T12:57:00.328+0000] {spark_submit.py:649} INFO - File "/home/airflow/.local/lib/python3.9/site-packages/pyarrow/__init__.py", line 65, in <module>
[2024-10-11T12:57:00.329+0000] {spark_submit.py:649} INFO - import pyarrow.lib as _lib
[2024-10-11T12:57:00.329+0000] {spark_submit.py:649} INFO - AttributeError: _ARRAY_API not found
[2024-10-11T12:57:00.427+0000] {spark_submit.py:649} INFO - 
[2024-10-11T12:57:00.428+0000] {spark_submit.py:649} INFO - A module that was compiled using NumPy 1.x cannot be run in
[2024-10-11T12:57:00.428+0000] {spark_submit.py:649} INFO - NumPy 2.0.0 as it may crash. To support both 1.x and 2.x
[2024-10-11T12:57:00.428+0000] {spark_submit.py:649} INFO - versions of NumPy, modules must be compiled with NumPy 2.0.
[2024-10-11T12:57:00.428+0000] {spark_submit.py:649} INFO - Some module may need to rebuild instead e.g. with 'pybind11>=2.12'.
[2024-10-11T12:57:00.428+0000] {spark_submit.py:649} INFO - 
[2024-10-11T12:57:00.428+0000] {spark_submit.py:649} INFO - If you are a user of the module, the easiest solution will be to
[2024-10-11T12:57:00.429+0000] {spark_submit.py:649} INFO - downgrade to 'numpy<2' or try to upgrade the affected module.
[2024-10-11T12:57:00.429+0000] {spark_submit.py:649} INFO - We expect that some modules will need time to support NumPy 2.
[2024-10-11T12:57:00.429+0000] {spark_submit.py:649} INFO - 
[2024-10-11T12:57:00.429+0000] {spark_submit.py:649} INFO - Traceback (most recent call last):  File "/spark-scripts/taxi_etl.py", line 7, in <module>
[2024-10-11T12:57:00.429+0000] {spark_submit.py:649} INFO - from google.cloud import bigquery
[2024-10-11T12:57:00.429+0000] {spark_submit.py:649} INFO - File "/home/airflow/.local/lib/python3.9/site-packages/google/cloud/bigquery/__init__.py", line 35, in <module>
[2024-10-11T12:57:00.430+0000] {spark_submit.py:649} INFO - from google.cloud.bigquery.client import Client
[2024-10-11T12:57:00.430+0000] {spark_submit.py:649} INFO - File "/home/airflow/.local/lib/python3.9/site-packages/google/cloud/bigquery/client.py", line 69, in <module>
[2024-10-11T12:57:00.430+0000] {spark_submit.py:649} INFO - from google.cloud.bigquery import _job_helpers
[2024-10-11T12:57:00.430+0000] {spark_submit.py:649} INFO - File "/home/airflow/.local/lib/python3.9/site-packages/google/cloud/bigquery/_job_helpers.py", line 47, in <module>
[2024-10-11T12:57:00.430+0000] {spark_submit.py:649} INFO - from google.cloud.bigquery import job
[2024-10-11T12:57:00.430+0000] {spark_submit.py:649} INFO - File "/home/airflow/.local/lib/python3.9/site-packages/google/cloud/bigquery/job/__init__.py", line 27, in <module>
[2024-10-11T12:57:00.430+0000] {spark_submit.py:649} INFO - from google.cloud.bigquery.job.copy_ import CopyJob
[2024-10-11T12:57:00.430+0000] {spark_submit.py:649} INFO - File "/home/airflow/.local/lib/python3.9/site-packages/google/cloud/bigquery/job/copy_.py", line 22, in <module>
[2024-10-11T12:57:00.431+0000] {spark_submit.py:649} INFO - from google.cloud.bigquery.table import TableReference
[2024-10-11T12:57:00.431+0000] {spark_submit.py:649} INFO - File "/home/airflow/.local/lib/python3.9/site-packages/google/cloud/bigquery/table.py", line 33, in <module>
[2024-10-11T12:57:00.431+0000] {spark_submit.py:649} INFO - import pyarrow  # type: ignore
[2024-10-11T12:57:00.431+0000] {spark_submit.py:649} INFO - File "/home/airflow/.local/lib/python3.9/site-packages/pyarrow/__init__.py", line 65, in <module>
[2024-10-11T12:57:00.431+0000] {spark_submit.py:649} INFO - import pyarrow.lib as _lib
[2024-10-11T12:57:00.431+0000] {spark_submit.py:649} INFO - AttributeError: _ARRAY_API not found
[2024-10-11T12:57:00.433+0000] {spark_submit.py:649} INFO - 
[2024-10-11T12:57:00.434+0000] {spark_submit.py:649} INFO - A module that was compiled using NumPy 1.x cannot be run in
[2024-10-11T12:57:00.434+0000] {spark_submit.py:649} INFO - NumPy 2.0.0 as it may crash. To support both 1.x and 2.x
[2024-10-11T12:57:00.434+0000] {spark_submit.py:649} INFO - versions of NumPy, modules must be compiled with NumPy 2.0.
[2024-10-11T12:57:00.434+0000] {spark_submit.py:649} INFO - Some module may need to rebuild instead e.g. with 'pybind11>=2.12'.
[2024-10-11T12:57:00.434+0000] {spark_submit.py:649} INFO - 
[2024-10-11T12:57:00.434+0000] {spark_submit.py:649} INFO - If you are a user of the module, the easiest solution will be to
[2024-10-11T12:57:00.434+0000] {spark_submit.py:649} INFO - downgrade to 'numpy<2' or try to upgrade the affected module.
[2024-10-11T12:57:00.435+0000] {spark_submit.py:649} INFO - We expect that some modules will need time to support NumPy 2.
[2024-10-11T12:57:00.435+0000] {spark_submit.py:649} INFO - 
[2024-10-11T12:57:00.435+0000] {spark_submit.py:649} INFO - Traceback (most recent call last):  File "/spark-scripts/taxi_etl.py", line 7, in <module>
[2024-10-11T12:57:00.435+0000] {spark_submit.py:649} INFO - from google.cloud import bigquery
[2024-10-11T12:57:00.435+0000] {spark_submit.py:649} INFO - File "/home/airflow/.local/lib/python3.9/site-packages/google/cloud/bigquery/__init__.py", line 35, in <module>
[2024-10-11T12:57:00.435+0000] {spark_submit.py:649} INFO - from google.cloud.bigquery.client import Client
[2024-10-11T12:57:00.435+0000] {spark_submit.py:649} INFO - File "/home/airflow/.local/lib/python3.9/site-packages/google/cloud/bigquery/client.py", line 69, in <module>
[2024-10-11T12:57:00.435+0000] {spark_submit.py:649} INFO - from google.cloud.bigquery import _job_helpers
[2024-10-11T12:57:00.436+0000] {spark_submit.py:649} INFO - File "/home/airflow/.local/lib/python3.9/site-packages/google/cloud/bigquery/_job_helpers.py", line 47, in <module>
[2024-10-11T12:57:00.436+0000] {spark_submit.py:649} INFO - from google.cloud.bigquery import job
[2024-10-11T12:57:00.436+0000] {spark_submit.py:649} INFO - File "/home/airflow/.local/lib/python3.9/site-packages/google/cloud/bigquery/job/__init__.py", line 27, in <module>
[2024-10-11T12:57:00.436+0000] {spark_submit.py:649} INFO - from google.cloud.bigquery.job.copy_ import CopyJob
[2024-10-11T12:57:00.436+0000] {spark_submit.py:649} INFO - File "/home/airflow/.local/lib/python3.9/site-packages/google/cloud/bigquery/job/copy_.py", line 22, in <module>
[2024-10-11T12:57:00.436+0000] {spark_submit.py:649} INFO - from google.cloud.bigquery.table import TableReference
[2024-10-11T12:57:00.437+0000] {spark_submit.py:649} INFO - File "/home/airflow/.local/lib/python3.9/site-packages/google/cloud/bigquery/table.py", line 38, in <module>
[2024-10-11T12:57:00.437+0000] {spark_submit.py:649} INFO - import db_dtypes  # type: ignore
[2024-10-11T12:57:00.437+0000] {spark_submit.py:649} INFO - File "/home/airflow/.local/lib/python3.9/site-packages/db_dtypes/__init__.py", line 27, in <module>
[2024-10-11T12:57:00.437+0000] {spark_submit.py:649} INFO - import pyarrow
[2024-10-11T12:57:00.437+0000] {spark_submit.py:649} INFO - File "/home/airflow/.local/lib/python3.9/site-packages/pyarrow/__init__.py", line 65, in <module>
[2024-10-11T12:57:00.437+0000] {spark_submit.py:649} INFO - import pyarrow.lib as _lib
[2024-10-11T12:57:00.437+0000] {spark_submit.py:649} INFO - AttributeError: _ARRAY_API not found
[2024-10-11T12:57:00.441+0000] {spark_submit.py:649} INFO - 
[2024-10-11T12:57:00.441+0000] {spark_submit.py:649} INFO - A module that was compiled using NumPy 1.x cannot be run in
[2024-10-11T12:57:00.441+0000] {spark_submit.py:649} INFO - NumPy 2.0.0 as it may crash. To support both 1.x and 2.x
[2024-10-11T12:57:00.441+0000] {spark_submit.py:649} INFO - versions of NumPy, modules must be compiled with NumPy 2.0.
[2024-10-11T12:57:00.441+0000] {spark_submit.py:649} INFO - Some module may need to rebuild instead e.g. with 'pybind11>=2.12'.
[2024-10-11T12:57:00.442+0000] {spark_submit.py:649} INFO - 
[2024-10-11T12:57:00.442+0000] {spark_submit.py:649} INFO - If you are a user of the module, the easiest solution will be to
[2024-10-11T12:57:00.442+0000] {spark_submit.py:649} INFO - downgrade to 'numpy<2' or try to upgrade the affected module.
[2024-10-11T12:57:00.442+0000] {spark_submit.py:649} INFO - We expect that some modules will need time to support NumPy 2.
[2024-10-11T12:57:00.442+0000] {spark_submit.py:649} INFO - 
[2024-10-11T12:57:00.442+0000] {spark_submit.py:649} INFO - Traceback (most recent call last):  File "/spark-scripts/taxi_etl.py", line 7, in <module>
[2024-10-11T12:57:00.442+0000] {spark_submit.py:649} INFO - from google.cloud import bigquery
[2024-10-11T12:57:00.443+0000] {spark_submit.py:649} INFO - File "/home/airflow/.local/lib/python3.9/site-packages/google/cloud/bigquery/__init__.py", line 35, in <module>
[2024-10-11T12:57:00.443+0000] {spark_submit.py:649} INFO - from google.cloud.bigquery.client import Client
[2024-10-11T12:57:00.443+0000] {spark_submit.py:649} INFO - File "/home/airflow/.local/lib/python3.9/site-packages/google/cloud/bigquery/client.py", line 69, in <module>
[2024-10-11T12:57:00.443+0000] {spark_submit.py:649} INFO - from google.cloud.bigquery import _job_helpers
[2024-10-11T12:57:00.443+0000] {spark_submit.py:649} INFO - File "/home/airflow/.local/lib/python3.9/site-packages/google/cloud/bigquery/_job_helpers.py", line 47, in <module>
[2024-10-11T12:57:00.443+0000] {spark_submit.py:649} INFO - from google.cloud.bigquery import job
[2024-10-11T12:57:00.443+0000] {spark_submit.py:649} INFO - File "/home/airflow/.local/lib/python3.9/site-packages/google/cloud/bigquery/job/__init__.py", line 27, in <module>
[2024-10-11T12:57:00.443+0000] {spark_submit.py:649} INFO - from google.cloud.bigquery.job.copy_ import CopyJob
[2024-10-11T12:57:00.444+0000] {spark_submit.py:649} INFO - File "/home/airflow/.local/lib/python3.9/site-packages/google/cloud/bigquery/job/copy_.py", line 22, in <module>
[2024-10-11T12:57:00.444+0000] {spark_submit.py:649} INFO - from google.cloud.bigquery.table import TableReference
[2024-10-11T12:57:00.444+0000] {spark_submit.py:649} INFO - File "/home/airflow/.local/lib/python3.9/site-packages/google/cloud/bigquery/table.py", line 62, in <module>
[2024-10-11T12:57:00.444+0000] {spark_submit.py:649} INFO - from google.cloud.bigquery import _pandas_helpers
[2024-10-11T12:57:00.444+0000] {spark_submit.py:649} INFO - File "/home/airflow/.local/lib/python3.9/site-packages/google/cloud/bigquery/_pandas_helpers.py", line 27, in <module>
[2024-10-11T12:57:00.444+0000] {spark_submit.py:649} INFO - from google.cloud.bigquery import _pyarrow_helpers
[2024-10-11T12:57:00.444+0000] {spark_submit.py:649} INFO - File "/home/airflow/.local/lib/python3.9/site-packages/google/cloud/bigquery/_pyarrow_helpers.py", line 22, in <module>
[2024-10-11T12:57:00.444+0000] {spark_submit.py:649} INFO - import pyarrow  # type: ignore
[2024-10-11T12:57:00.445+0000] {spark_submit.py:649} INFO - File "/home/airflow/.local/lib/python3.9/site-packages/pyarrow/__init__.py", line 65, in <module>
[2024-10-11T12:57:00.445+0000] {spark_submit.py:649} INFO - import pyarrow.lib as _lib
[2024-10-11T12:57:00.445+0000] {spark_submit.py:649} INFO - AttributeError: _ARRAY_API not found
[2024-10-11T12:57:00.452+0000] {spark_submit.py:649} INFO - 
[2024-10-11T12:57:00.452+0000] {spark_submit.py:649} INFO - A module that was compiled using NumPy 1.x cannot be run in
[2024-10-11T12:57:00.453+0000] {spark_submit.py:649} INFO - NumPy 2.0.0 as it may crash. To support both 1.x and 2.x
[2024-10-11T12:57:00.453+0000] {spark_submit.py:649} INFO - versions of NumPy, modules must be compiled with NumPy 2.0.
[2024-10-11T12:57:00.453+0000] {spark_submit.py:649} INFO - Some module may need to rebuild instead e.g. with 'pybind11>=2.12'.
[2024-10-11T12:57:00.453+0000] {spark_submit.py:649} INFO - 
[2024-10-11T12:57:00.453+0000] {spark_submit.py:649} INFO - If you are a user of the module, the easiest solution will be to
[2024-10-11T12:57:00.453+0000] {spark_submit.py:649} INFO - downgrade to 'numpy<2' or try to upgrade the affected module.
[2024-10-11T12:57:00.453+0000] {spark_submit.py:649} INFO - We expect that some modules will need time to support NumPy 2.
[2024-10-11T12:57:00.453+0000] {spark_submit.py:649} INFO - 
[2024-10-11T12:57:00.454+0000] {spark_submit.py:649} INFO - Traceback (most recent call last):  File "/spark-scripts/taxi_etl.py", line 7, in <module>
[2024-10-11T12:57:00.454+0000] {spark_submit.py:649} INFO - from google.cloud import bigquery
[2024-10-11T12:57:00.454+0000] {spark_submit.py:649} INFO - File "/home/airflow/.local/lib/python3.9/site-packages/google/cloud/bigquery/__init__.py", line 35, in <module>
[2024-10-11T12:57:00.454+0000] {spark_submit.py:649} INFO - from google.cloud.bigquery.client import Client
[2024-10-11T12:57:00.454+0000] {spark_submit.py:649} INFO - File "/home/airflow/.local/lib/python3.9/site-packages/google/cloud/bigquery/client.py", line 69, in <module>
[2024-10-11T12:57:00.454+0000] {spark_submit.py:649} INFO - from google.cloud.bigquery import _job_helpers
[2024-10-11T12:57:00.454+0000] {spark_submit.py:649} INFO - File "/home/airflow/.local/lib/python3.9/site-packages/google/cloud/bigquery/_job_helpers.py", line 47, in <module>
[2024-10-11T12:57:00.455+0000] {spark_submit.py:649} INFO - from google.cloud.bigquery import job
[2024-10-11T12:57:00.455+0000] {spark_submit.py:649} INFO - File "/home/airflow/.local/lib/python3.9/site-packages/google/cloud/bigquery/job/__init__.py", line 27, in <module>
[2024-10-11T12:57:00.455+0000] {spark_submit.py:649} INFO - from google.cloud.bigquery.job.copy_ import CopyJob
[2024-10-11T12:57:00.455+0000] {spark_submit.py:649} INFO - File "/home/airflow/.local/lib/python3.9/site-packages/google/cloud/bigquery/job/copy_.py", line 22, in <module>
[2024-10-11T12:57:00.455+0000] {spark_submit.py:649} INFO - from google.cloud.bigquery.table import TableReference
[2024-10-11T12:57:00.455+0000] {spark_submit.py:649} INFO - File "/home/airflow/.local/lib/python3.9/site-packages/google/cloud/bigquery/table.py", line 62, in <module>
[2024-10-11T12:57:00.456+0000] {spark_submit.py:649} INFO - from google.cloud.bigquery import _pandas_helpers
[2024-10-11T12:57:00.456+0000] {spark_submit.py:649} INFO - File "/home/airflow/.local/lib/python3.9/site-packages/google/cloud/bigquery/_pandas_helpers.py", line 42, in <module>
[2024-10-11T12:57:00.456+0000] {spark_submit.py:649} INFO - import db_dtypes  # type: ignore
[2024-10-11T12:57:00.456+0000] {spark_submit.py:649} INFO - File "/home/airflow/.local/lib/python3.9/site-packages/db_dtypes/__init__.py", line 27, in <module>
[2024-10-11T12:57:00.456+0000] {spark_submit.py:649} INFO - import pyarrow
[2024-10-11T12:57:00.456+0000] {spark_submit.py:649} INFO - File "/home/airflow/.local/lib/python3.9/site-packages/pyarrow/__init__.py", line 65, in <module>
[2024-10-11T12:57:00.456+0000] {spark_submit.py:649} INFO - import pyarrow.lib as _lib
[2024-10-11T12:57:00.456+0000] {spark_submit.py:649} INFO - AttributeError: _ARRAY_API not found
[2024-10-11T12:57:00.456+0000] {spark_submit.py:649} INFO - 
[2024-10-11T12:57:00.457+0000] {spark_submit.py:649} INFO - A module that was compiled using NumPy 1.x cannot be run in
[2024-10-11T12:57:00.457+0000] {spark_submit.py:649} INFO - NumPy 2.0.0 as it may crash. To support both 1.x and 2.x
[2024-10-11T12:57:00.457+0000] {spark_submit.py:649} INFO - versions of NumPy, modules must be compiled with NumPy 2.0.
[2024-10-11T12:57:00.457+0000] {spark_submit.py:649} INFO - Some module may need to rebuild instead e.g. with 'pybind11>=2.12'.
[2024-10-11T12:57:00.457+0000] {spark_submit.py:649} INFO - 
[2024-10-11T12:57:00.457+0000] {spark_submit.py:649} INFO - If you are a user of the module, the easiest solution will be to
[2024-10-11T12:57:00.457+0000] {spark_submit.py:649} INFO - downgrade to 'numpy<2' or try to upgrade the affected module.
[2024-10-11T12:57:00.457+0000] {spark_submit.py:649} INFO - We expect that some modules will need time to support NumPy 2.
[2024-10-11T12:57:00.457+0000] {spark_submit.py:649} INFO - 
[2024-10-11T12:57:00.457+0000] {spark_submit.py:649} INFO - Traceback (most recent call last):  File "/spark-scripts/taxi_etl.py", line 7, in <module>
[2024-10-11T12:57:00.457+0000] {spark_submit.py:649} INFO - from google.cloud import bigquery
[2024-10-11T12:57:00.458+0000] {spark_submit.py:649} INFO - File "/home/airflow/.local/lib/python3.9/site-packages/google/cloud/bigquery/__init__.py", line 35, in <module>
[2024-10-11T12:57:00.458+0000] {spark_submit.py:649} INFO - from google.cloud.bigquery.client import Client
[2024-10-11T12:57:00.458+0000] {spark_submit.py:649} INFO - File "/home/airflow/.local/lib/python3.9/site-packages/google/cloud/bigquery/client.py", line 69, in <module>
[2024-10-11T12:57:00.458+0000] {spark_submit.py:649} INFO - from google.cloud.bigquery import _job_helpers
[2024-10-11T12:57:00.458+0000] {spark_submit.py:649} INFO - File "/home/airflow/.local/lib/python3.9/site-packages/google/cloud/bigquery/_job_helpers.py", line 47, in <module>
[2024-10-11T12:57:00.458+0000] {spark_submit.py:649} INFO - from google.cloud.bigquery import job
[2024-10-11T12:57:00.458+0000] {spark_submit.py:649} INFO - File "/home/airflow/.local/lib/python3.9/site-packages/google/cloud/bigquery/job/__init__.py", line 27, in <module>
[2024-10-11T12:57:00.458+0000] {spark_submit.py:649} INFO - from google.cloud.bigquery.job.copy_ import CopyJob
[2024-10-11T12:57:00.458+0000] {spark_submit.py:649} INFO - File "/home/airflow/.local/lib/python3.9/site-packages/google/cloud/bigquery/job/copy_.py", line 22, in <module>
[2024-10-11T12:57:00.458+0000] {spark_submit.py:649} INFO - from google.cloud.bigquery.table import TableReference
[2024-10-11T12:57:00.458+0000] {spark_submit.py:649} INFO - File "/home/airflow/.local/lib/python3.9/site-packages/google/cloud/bigquery/table.py", line 62, in <module>
[2024-10-11T12:57:00.458+0000] {spark_submit.py:649} INFO - from google.cloud.bigquery import _pandas_helpers
[2024-10-11T12:57:00.459+0000] {spark_submit.py:649} INFO - File "/home/airflow/.local/lib/python3.9/site-packages/google/cloud/bigquery/_pandas_helpers.py", line 52, in <module>
[2024-10-11T12:57:00.459+0000] {spark_submit.py:649} INFO - pyarrow = _versions_helpers.PYARROW_VERSIONS.try_import()
[2024-10-11T12:57:00.459+0000] {spark_submit.py:649} INFO - File "/home/airflow/.local/lib/python3.9/site-packages/google/cloud/bigquery/_versions_helpers.py", line 75, in try_import
[2024-10-11T12:57:00.459+0000] {spark_submit.py:649} INFO - import pyarrow
[2024-10-11T12:57:00.459+0000] {spark_submit.py:649} INFO - File "/home/airflow/.local/lib/python3.9/site-packages/pyarrow/__init__.py", line 65, in <module>
[2024-10-11T12:57:00.459+0000] {spark_submit.py:649} INFO - import pyarrow.lib as _lib
[2024-10-11T12:57:00.459+0000] {spark_submit.py:649} INFO - AttributeError: _ARRAY_API not found
[2024-10-11T12:57:00.510+0000] {spark_submit.py:649} INFO - 
[2024-10-11T12:57:00.510+0000] {spark_submit.py:649} INFO - A module that was compiled using NumPy 1.x cannot be run in
[2024-10-11T12:57:00.510+0000] {spark_submit.py:649} INFO - NumPy 2.0.0 as it may crash. To support both 1.x and 2.x
[2024-10-11T12:57:00.510+0000] {spark_submit.py:649} INFO - versions of NumPy, modules must be compiled with NumPy 2.0.
[2024-10-11T12:57:00.510+0000] {spark_submit.py:649} INFO - Some module may need to rebuild instead e.g. with 'pybind11>=2.12'.
[2024-10-11T12:57:00.510+0000] {spark_submit.py:649} INFO - 
[2024-10-11T12:57:00.511+0000] {spark_submit.py:649} INFO - If you are a user of the module, the easiest solution will be to
[2024-10-11T12:57:00.511+0000] {spark_submit.py:649} INFO - downgrade to 'numpy<2' or try to upgrade the affected module.
[2024-10-11T12:57:00.511+0000] {spark_submit.py:649} INFO - We expect that some modules will need time to support NumPy 2.
[2024-10-11T12:57:00.511+0000] {spark_submit.py:649} INFO - 
[2024-10-11T12:57:00.511+0000] {spark_submit.py:649} INFO - Traceback (most recent call last):  File "/spark-scripts/taxi_etl.py", line 7, in <module>
[2024-10-11T12:57:00.511+0000] {spark_submit.py:649} INFO - from google.cloud import bigquery
[2024-10-11T12:57:00.511+0000] {spark_submit.py:649} INFO - File "/home/airflow/.local/lib/python3.9/site-packages/google/cloud/bigquery/__init__.py", line 35, in <module>
[2024-10-11T12:57:00.511+0000] {spark_submit.py:649} INFO - from google.cloud.bigquery.client import Client
[2024-10-11T12:57:00.511+0000] {spark_submit.py:649} INFO - File "/home/airflow/.local/lib/python3.9/site-packages/google/cloud/bigquery/client.py", line 121, in <module>
[2024-10-11T12:57:00.511+0000] {spark_submit.py:649} INFO - pyarrow = _versions_helpers.PYARROW_VERSIONS.try_import()
[2024-10-11T12:57:00.511+0000] {spark_submit.py:649} INFO - File "/home/airflow/.local/lib/python3.9/site-packages/google/cloud/bigquery/_versions_helpers.py", line 75, in try_import
[2024-10-11T12:57:00.512+0000] {spark_submit.py:649} INFO - import pyarrow
[2024-10-11T12:57:00.512+0000] {spark_submit.py:649} INFO - File "/home/airflow/.local/lib/python3.9/site-packages/pyarrow/__init__.py", line 65, in <module>
[2024-10-11T12:57:00.512+0000] {spark_submit.py:649} INFO - import pyarrow.lib as _lib
[2024-10-11T12:57:00.512+0000] {spark_submit.py:649} INFO - AttributeError: _ARRAY_API not found
[2024-10-11T12:57:00.583+0000] {spark_submit.py:649} INFO - 24/10/11 12:57:00 INFO SparkContext: Running Spark version 3.3.2
[2024-10-11T12:57:00.607+0000] {spark_submit.py:649} INFO - 24/10/11 12:57:00 INFO ResourceUtils: ==============================================================
[2024-10-11T12:57:00.608+0000] {spark_submit.py:649} INFO - 24/10/11 12:57:00 INFO ResourceUtils: No custom resources configured for spark.driver.
[2024-10-11T12:57:00.609+0000] {spark_submit.py:649} INFO - 24/10/11 12:57:00 INFO ResourceUtils: ==============================================================
[2024-10-11T12:57:00.609+0000] {spark_submit.py:649} INFO - 24/10/11 12:57:00 INFO SparkContext: Submitted application: BigQueryETL
[2024-10-11T12:57:00.642+0000] {spark_submit.py:649} INFO - 24/10/11 12:57:00 INFO ResourceProfile: Default ResourceProfile created, executor resources: Map(cores -> name: cores, amount: 1, script: , vendor: , memory -> name: memory, amount: 1024, script: , vendor: , offHeap -> name: offHeap, amount: 0, script: , vendor: ), task resources: Map(cpus -> name: cpus, amount: 1.0)
[2024-10-11T12:57:00.658+0000] {spark_submit.py:649} INFO - 24/10/11 12:57:00 INFO ResourceProfile: Limiting resource is cpu
[2024-10-11T12:57:00.660+0000] {spark_submit.py:649} INFO - 24/10/11 12:57:00 INFO ResourceProfileManager: Added ResourceProfile id: 0
[2024-10-11T12:57:00.702+0000] {spark_submit.py:649} INFO - 24/10/11 12:57:00 INFO SecurityManager: Changing view acls to: airflow
[2024-10-11T12:57:00.703+0000] {spark_submit.py:649} INFO - 24/10/11 12:57:00 INFO SecurityManager: Changing modify acls to: airflow
[2024-10-11T12:57:00.703+0000] {spark_submit.py:649} INFO - 24/10/11 12:57:00 INFO SecurityManager: Changing view acls groups to:
[2024-10-11T12:57:00.703+0000] {spark_submit.py:649} INFO - 24/10/11 12:57:00 INFO SecurityManager: Changing modify acls groups to:
[2024-10-11T12:57:00.703+0000] {spark_submit.py:649} INFO - 24/10/11 12:57:00 INFO SecurityManager: SecurityManager: authentication disabled; ui acls disabled; users  with view permissions: Set(airflow); groups with view permissions: Set(); users  with modify permissions: Set(airflow); groups with modify permissions: Set()
[2024-10-11T12:57:00.849+0000] {spark_submit.py:649} INFO - 24/10/11 12:57:00 INFO Utils: Successfully started service 'sparkDriver' on port 33523.
[2024-10-11T12:57:00.868+0000] {spark_submit.py:649} INFO - 24/10/11 12:57:00 INFO SparkEnv: Registering MapOutputTracker
[2024-10-11T12:57:00.893+0000] {spark_submit.py:649} INFO - 24/10/11 12:57:00 INFO SparkEnv: Registering BlockManagerMaster
[2024-10-11T12:57:00.905+0000] {spark_submit.py:649} INFO - 24/10/11 12:57:00 INFO BlockManagerMasterEndpoint: Using org.apache.spark.storage.DefaultTopologyMapper for getting topology information
[2024-10-11T12:57:00.906+0000] {spark_submit.py:649} INFO - 24/10/11 12:57:00 INFO BlockManagerMasterEndpoint: BlockManagerMasterEndpoint up
[2024-10-11T12:57:00.908+0000] {spark_submit.py:649} INFO - 24/10/11 12:57:00 INFO SparkEnv: Registering BlockManagerMasterHeartbeat
[2024-10-11T12:57:00.925+0000] {spark_submit.py:649} INFO - 24/10/11 12:57:00 INFO DiskBlockManager: Created local directory at /tmp/blockmgr-d4272e2e-b988-4f46-95f0-9c5f30ca5415
[2024-10-11T12:57:00.949+0000] {spark_submit.py:649} INFO - 24/10/11 12:57:00 INFO MemoryStore: MemoryStore started with capacity 434.4 MiB
[2024-10-11T12:57:00.970+0000] {spark_submit.py:649} INFO - 24/10/11 12:57:00 INFO SparkEnv: Registering OutputCommitCoordinator
[2024-10-11T12:57:01.120+0000] {spark_submit.py:649} INFO - 24/10/11 12:57:01 INFO Utils: Successfully started service 'SparkUI' on port 4040.
[2024-10-11T12:57:01.142+0000] {spark_submit.py:649} INFO - 24/10/11 12:57:01 INFO SparkContext: Added JAR file:///home/airflow/.ivy2/jars/org.apache.sedona_sedona-python-adapter-3.0_2.12-1.2.0-incubating.jar at spark://yellow-cab-airflow-scheduler:33523/jars/org.apache.sedona_sedona-python-adapter-3.0_2.12-1.2.0-incubating.jar with timestamp 1728651420576
[2024-10-11T12:57:01.143+0000] {spark_submit.py:649} INFO - 24/10/11 12:57:01 INFO SparkContext: Added JAR file:///home/airflow/.ivy2/jars/org.datasyslab_geotools-wrapper-geotools-24.0.jar at spark://yellow-cab-airflow-scheduler:33523/jars/org.datasyslab_geotools-wrapper-geotools-24.0.jar with timestamp 1728651420576
[2024-10-11T12:57:01.143+0000] {spark_submit.py:649} INFO - 24/10/11 12:57:01 INFO SparkContext: Added JAR file:///home/airflow/.ivy2/jars/org.locationtech.jts_jts-core-1.18.0.jar at spark://yellow-cab-airflow-scheduler:33523/jars/org.locationtech.jts_jts-core-1.18.0.jar with timestamp 1728651420576
[2024-10-11T12:57:01.143+0000] {spark_submit.py:649} INFO - 24/10/11 12:57:01 INFO SparkContext: Added JAR file:///home/airflow/.ivy2/jars/org.wololo_jts2geojson-0.16.1.jar at spark://yellow-cab-airflow-scheduler:33523/jars/org.wololo_jts2geojson-0.16.1.jar with timestamp 1728651420576
[2024-10-11T12:57:01.143+0000] {spark_submit.py:649} INFO - 24/10/11 12:57:01 INFO SparkContext: Added JAR file:///home/airflow/.ivy2/jars/org.apache.sedona_sedona-core-3.0_2.12-1.2.0-incubating.jar at spark://yellow-cab-airflow-scheduler:33523/jars/org.apache.sedona_sedona-core-3.0_2.12-1.2.0-incubating.jar with timestamp 1728651420576
[2024-10-11T12:57:01.144+0000] {spark_submit.py:649} INFO - 24/10/11 12:57:01 INFO SparkContext: Added JAR file:///home/airflow/.ivy2/jars/org.apache.sedona_sedona-sql-3.0_2.12-1.2.0-incubating.jar at spark://yellow-cab-airflow-scheduler:33523/jars/org.apache.sedona_sedona-sql-3.0_2.12-1.2.0-incubating.jar with timestamp 1728651420576
[2024-10-11T12:57:01.144+0000] {spark_submit.py:649} INFO - 24/10/11 12:57:01 INFO SparkContext: Added JAR file:///home/airflow/.ivy2/jars/org.scala-lang.modules_scala-collection-compat_2.12-2.5.0.jar at spark://yellow-cab-airflow-scheduler:33523/jars/org.scala-lang.modules_scala-collection-compat_2.12-2.5.0.jar with timestamp 1728651420576
[2024-10-11T12:57:01.145+0000] {spark_submit.py:649} INFO - 24/10/11 12:57:01 INFO SparkContext: Added file file:///home/airflow/.ivy2/jars/org.apache.sedona_sedona-python-adapter-3.0_2.12-1.2.0-incubating.jar at spark://yellow-cab-airflow-scheduler:33523/files/org.apache.sedona_sedona-python-adapter-3.0_2.12-1.2.0-incubating.jar with timestamp 1728651420576
[2024-10-11T12:57:01.146+0000] {spark_submit.py:649} INFO - 24/10/11 12:57:01 INFO Utils: Copying /home/airflow/.ivy2/jars/org.apache.sedona_sedona-python-adapter-3.0_2.12-1.2.0-incubating.jar to /tmp/spark-dc4a2bbd-d29d-4799-9625-5860b3d2a987/userFiles-7183de4b-0729-4a1d-9af7-cf0b69ec8334/org.apache.sedona_sedona-python-adapter-3.0_2.12-1.2.0-incubating.jar
[2024-10-11T12:57:01.161+0000] {spark_submit.py:649} INFO - 24/10/11 12:57:01 INFO SparkContext: Added file file:///home/airflow/.ivy2/jars/org.datasyslab_geotools-wrapper-geotools-24.0.jar at spark://yellow-cab-airflow-scheduler:33523/files/org.datasyslab_geotools-wrapper-geotools-24.0.jar with timestamp 1728651420576
[2024-10-11T12:57:01.162+0000] {spark_submit.py:649} INFO - 24/10/11 12:57:01 INFO Utils: Copying /home/airflow/.ivy2/jars/org.datasyslab_geotools-wrapper-geotools-24.0.jar to /tmp/spark-dc4a2bbd-d29d-4799-9625-5860b3d2a987/userFiles-7183de4b-0729-4a1d-9af7-cf0b69ec8334/org.datasyslab_geotools-wrapper-geotools-24.0.jar
[2024-10-11T12:57:01.195+0000] {spark_submit.py:649} INFO - 24/10/11 12:57:01 INFO SparkContext: Added file file:///home/airflow/.ivy2/jars/org.locationtech.jts_jts-core-1.18.0.jar at spark://yellow-cab-airflow-scheduler:33523/files/org.locationtech.jts_jts-core-1.18.0.jar with timestamp 1728651420576
[2024-10-11T12:57:01.196+0000] {spark_submit.py:649} INFO - 24/10/11 12:57:01 INFO Utils: Copying /home/airflow/.ivy2/jars/org.locationtech.jts_jts-core-1.18.0.jar to /tmp/spark-dc4a2bbd-d29d-4799-9625-5860b3d2a987/userFiles-7183de4b-0729-4a1d-9af7-cf0b69ec8334/org.locationtech.jts_jts-core-1.18.0.jar
[2024-10-11T12:57:01.229+0000] {spark_submit.py:649} INFO - 24/10/11 12:57:01 INFO SparkContext: Added file file:///home/airflow/.ivy2/jars/org.wololo_jts2geojson-0.16.1.jar at spark://yellow-cab-airflow-scheduler:33523/files/org.wololo_jts2geojson-0.16.1.jar with timestamp 1728651420576
[2024-10-11T12:57:01.230+0000] {spark_submit.py:649} INFO - 24/10/11 12:57:01 INFO Utils: Copying /home/airflow/.ivy2/jars/org.wololo_jts2geojson-0.16.1.jar to /tmp/spark-dc4a2bbd-d29d-4799-9625-5860b3d2a987/userFiles-7183de4b-0729-4a1d-9af7-cf0b69ec8334/org.wololo_jts2geojson-0.16.1.jar
[2024-10-11T12:57:01.243+0000] {spark_submit.py:649} INFO - 24/10/11 12:57:01 INFO SparkContext: Added file file:///home/airflow/.ivy2/jars/org.apache.sedona_sedona-core-3.0_2.12-1.2.0-incubating.jar at spark://yellow-cab-airflow-scheduler:33523/files/org.apache.sedona_sedona-core-3.0_2.12-1.2.0-incubating.jar with timestamp 1728651420576
[2024-10-11T12:57:01.244+0000] {spark_submit.py:649} INFO - 24/10/11 12:57:01 INFO Utils: Copying /home/airflow/.ivy2/jars/org.apache.sedona_sedona-core-3.0_2.12-1.2.0-incubating.jar to /tmp/spark-dc4a2bbd-d29d-4799-9625-5860b3d2a987/userFiles-7183de4b-0729-4a1d-9af7-cf0b69ec8334/org.apache.sedona_sedona-core-3.0_2.12-1.2.0-incubating.jar
[2024-10-11T12:57:01.250+0000] {spark_submit.py:649} INFO - 24/10/11 12:57:01 INFO SparkContext: Added file file:///home/airflow/.ivy2/jars/org.apache.sedona_sedona-sql-3.0_2.12-1.2.0-incubating.jar at spark://yellow-cab-airflow-scheduler:33523/files/org.apache.sedona_sedona-sql-3.0_2.12-1.2.0-incubating.jar with timestamp 1728651420576
[2024-10-11T12:57:01.250+0000] {spark_submit.py:649} INFO - 24/10/11 12:57:01 INFO Utils: Copying /home/airflow/.ivy2/jars/org.apache.sedona_sedona-sql-3.0_2.12-1.2.0-incubating.jar to /tmp/spark-dc4a2bbd-d29d-4799-9625-5860b3d2a987/userFiles-7183de4b-0729-4a1d-9af7-cf0b69ec8334/org.apache.sedona_sedona-sql-3.0_2.12-1.2.0-incubating.jar
[2024-10-11T12:57:01.257+0000] {spark_submit.py:649} INFO - 24/10/11 12:57:01 INFO SparkContext: Added file file:///home/airflow/.ivy2/jars/org.scala-lang.modules_scala-collection-compat_2.12-2.5.0.jar at spark://yellow-cab-airflow-scheduler:33523/files/org.scala-lang.modules_scala-collection-compat_2.12-2.5.0.jar with timestamp 1728651420576
[2024-10-11T12:57:01.257+0000] {spark_submit.py:649} INFO - 24/10/11 12:57:01 INFO Utils: Copying /home/airflow/.ivy2/jars/org.scala-lang.modules_scala-collection-compat_2.12-2.5.0.jar to /tmp/spark-dc4a2bbd-d29d-4799-9625-5860b3d2a987/userFiles-7183de4b-0729-4a1d-9af7-cf0b69ec8334/org.scala-lang.modules_scala-collection-compat_2.12-2.5.0.jar
[2024-10-11T12:57:01.322+0000] {spark_submit.py:649} INFO - 24/10/11 12:57:01 INFO StandaloneAppClient$ClientEndpoint: Connecting to master spark://spark-master:7077...
[2024-10-11T12:57:01.350+0000] {spark_submit.py:649} INFO - 24/10/11 12:57:01 INFO TransportClientFactory: Successfully created connection to spark-master/172.24.0.2:7077 after 16 ms (0 ms spent in bootstraps)
[2024-10-11T12:57:01.469+0000] {spark_submit.py:649} INFO - 24/10/11 12:57:01 INFO StandaloneSchedulerBackend: Connected to Spark cluster with app ID app-20241011125701-0014
[2024-10-11T12:57:01.474+0000] {spark_submit.py:649} INFO - 24/10/11 12:57:01 INFO StandaloneAppClient$ClientEndpoint: Executor added: app-20241011125701-0014/0 on worker-20241011080942-172.24.0.3-37269 (172.24.0.3:37269) with 4 core(s)
[2024-10-11T12:57:01.476+0000] {spark_submit.py:649} INFO - 24/10/11 12:57:01 INFO StandaloneSchedulerBackend: Granted executor ID app-20241011125701-0014/0 on hostPort 172.24.0.3:37269 with 4 core(s), 1024.0 MiB RAM
[2024-10-11T12:57:01.476+0000] {spark_submit.py:649} INFO - 24/10/11 12:57:01 INFO Utils: Successfully started service 'org.apache.spark.network.netty.NettyBlockTransferService' on port 32869.
[2024-10-11T12:57:01.477+0000] {spark_submit.py:649} INFO - 24/10/11 12:57:01 INFO NettyBlockTransferService: Server created on yellow-cab-airflow-scheduler:32869
[2024-10-11T12:57:01.478+0000] {spark_submit.py:649} INFO - 24/10/11 12:57:01 INFO BlockManager: Using org.apache.spark.storage.RandomBlockReplicationPolicy for block replication policy
[2024-10-11T12:57:01.484+0000] {spark_submit.py:649} INFO - 24/10/11 12:57:01 INFO BlockManagerMaster: Registering BlockManager BlockManagerId(driver, yellow-cab-airflow-scheduler, 32869, None)
[2024-10-11T12:57:01.488+0000] {spark_submit.py:649} INFO - 24/10/11 12:57:01 INFO BlockManagerMasterEndpoint: Registering block manager yellow-cab-airflow-scheduler:32869 with 434.4 MiB RAM, BlockManagerId(driver, yellow-cab-airflow-scheduler, 32869, None)
[2024-10-11T12:57:01.491+0000] {spark_submit.py:649} INFO - 24/10/11 12:57:01 INFO BlockManagerMaster: Registered BlockManager BlockManagerId(driver, yellow-cab-airflow-scheduler, 32869, None)
[2024-10-11T12:57:01.492+0000] {spark_submit.py:649} INFO - 24/10/11 12:57:01 INFO BlockManager: Initialized BlockManager: BlockManagerId(driver, yellow-cab-airflow-scheduler, 32869, None)
[2024-10-11T12:57:01.614+0000] {spark_submit.py:649} INFO - 24/10/11 12:57:01 INFO StandaloneAppClient$ClientEndpoint: Executor updated: app-20241011125701-0014/0 is now RUNNING
[2024-10-11T12:57:01.691+0000] {spark_submit.py:649} INFO - 24/10/11 12:57:01 INFO StandaloneSchedulerBackend: SchedulerBackend is ready for scheduling beginning after reached minRegisteredResourcesRatio: 0.0
[2024-10-11T12:57:01.871+0000] {spark_submit.py:649} INFO - /spark-scripts/taxi_etl.py:27: DeprecationWarning: Call to deprecated function registerAll (Deprecated since 1.4.1, use SedonaContext.create() instead.).
[2024-10-11T12:57:01.875+0000] {spark_submit.py:649} INFO - SedonaRegistrator.registerAll(spark)
[2024-10-11T12:57:01.877+0000] {spark_submit.py:649} INFO - 24/10/11 12:57:01 INFO SharedState: Setting hive.metastore.warehouse.dir ('null') to the value of spark.sql.warehouse.dir.
[2024-10-11T12:57:01.878+0000] {spark_submit.py:649} INFO - 24/10/11 12:57:01 INFO SharedState: Warehouse path is 'file:/opt/airflow/spark-warehouse'.
[2024-10-11T12:57:03.983+0000] {spark_submit.py:649} INFO - 24/10/11 12:57:03 INFO CoarseGrainedSchedulerBackend$DriverEndpoint: Registered executor NettyRpcEndpointRef(spark-client://Executor) (172.24.0.3:35108) with ID 0,  ResourceProfileId 0
[2024-10-11T12:57:04.036+0000] {spark_submit.py:649} INFO - 24/10/11 12:57:04 INFO BlockManagerMasterEndpoint: Registering block manager 172.24.0.3:41405 with 434.4 MiB RAM, BlockManagerId(0, 172.24.0.3, 41405, None)
[2024-10-11T12:57:04.213+0000] {spark_submit.py:649} INFO - 24/10/11 12:57:04 INFO CodeGenerator: Code generated in 120.137208 ms
[2024-10-11T12:57:04.287+0000] {spark_submit.py:649} INFO - 24/10/11 12:57:04 INFO DAGScheduler: Registering RDD 2 (count at NativeMethodAccessorImpl.java:0) as input to shuffle 0
[2024-10-11T12:57:04.293+0000] {spark_submit.py:649} INFO - 24/10/11 12:57:04 INFO DAGScheduler: Got map stage job 0 (count at NativeMethodAccessorImpl.java:0) with 1 output partitions
[2024-10-11T12:57:04.294+0000] {spark_submit.py:649} INFO - 24/10/11 12:57:04 INFO DAGScheduler: Final stage: ShuffleMapStage 0 (count at NativeMethodAccessorImpl.java:0)
[2024-10-11T12:57:04.294+0000] {spark_submit.py:649} INFO - 24/10/11 12:57:04 INFO DAGScheduler: Parents of final stage: List()
[2024-10-11T12:57:04.295+0000] {spark_submit.py:649} INFO - 24/10/11 12:57:04 INFO DAGScheduler: Missing parents: List()
[2024-10-11T12:57:04.297+0000] {spark_submit.py:649} INFO - 24/10/11 12:57:04 INFO DAGScheduler: Submitting ShuffleMapStage 0 (MapPartitionsRDD[2] at count at NativeMethodAccessorImpl.java:0), which has no missing parents
[2024-10-11T12:57:04.448+0000] {spark_submit.py:649} INFO - 24/10/11 12:57:04 INFO MemoryStore: Block broadcast_0 stored as values in memory (estimated size 10.7 KiB, free 434.4 MiB)
[2024-10-11T12:57:04.497+0000] {spark_submit.py:649} INFO - 24/10/11 12:57:04 INFO MemoryStore: Block broadcast_0_piece0 stored as bytes in memory (estimated size 5.5 KiB, free 434.4 MiB)
[2024-10-11T12:57:04.508+0000] {spark_submit.py:649} INFO - 24/10/11 12:57:04 INFO BlockManagerInfo: Added broadcast_0_piece0 in memory on yellow-cab-airflow-scheduler:32869 (size: 5.5 KiB, free: 434.4 MiB)
[2024-10-11T12:57:04.525+0000] {spark_submit.py:649} INFO - 24/10/11 12:57:04 INFO SparkContext: Created broadcast 0 from broadcast at DAGScheduler.scala:1513
[2024-10-11T12:57:04.547+0000] {spark_submit.py:649} INFO - 24/10/11 12:57:04 INFO DAGScheduler: Submitting 1 missing tasks from ShuffleMapStage 0 (MapPartitionsRDD[2] at count at NativeMethodAccessorImpl.java:0) (first 15 tasks are for partitions Vector(0))
[2024-10-11T12:57:04.548+0000] {spark_submit.py:649} INFO - 24/10/11 12:57:04 INFO TaskSchedulerImpl: Adding task set 0.0 with 1 tasks resource profile 0
[2024-10-11T12:57:05.401+0000] {spark_submit.py:649} INFO - 24/10/11 12:57:05 INFO TaskSetManager: Starting task 0.0 in stage 0.0 (TID 0) (172.24.0.3, executor 0, partition 0, PROCESS_LOCAL, 4654 bytes) taskResourceAssignments Map()
[2024-10-11T12:57:05.659+0000] {spark_submit.py:649} INFO - 24/10/11 12:57:05 INFO BlockManagerInfo: Added broadcast_0_piece0 in memory on 172.24.0.3:41405 (size: 5.5 KiB, free: 434.4 MiB)
[2024-10-11T12:57:06.162+0000] {spark_submit.py:649} INFO - 24/10/11 12:57:06 INFO TaskSetManager: Finished task 0.0 in stage 0.0 (TID 0) in 773 ms on 172.24.0.3 (executor 0) (1/1)
[2024-10-11T12:57:06.163+0000] {spark_submit.py:649} INFO - 24/10/11 12:57:06 INFO TaskSchedulerImpl: Removed TaskSet 0.0, whose tasks have all completed, from pool
[2024-10-11T12:57:06.169+0000] {spark_submit.py:649} INFO - 24/10/11 12:57:06 INFO DAGScheduler: ShuffleMapStage 0 (count at NativeMethodAccessorImpl.java:0) finished in 1.859 s
[2024-10-11T12:57:06.169+0000] {spark_submit.py:649} INFO - 24/10/11 12:57:06 INFO DAGScheduler: looking for newly runnable stages
[2024-10-11T12:57:06.169+0000] {spark_submit.py:649} INFO - 24/10/11 12:57:06 INFO DAGScheduler: running: Set()
[2024-10-11T12:57:06.169+0000] {spark_submit.py:649} INFO - 24/10/11 12:57:06 INFO DAGScheduler: waiting: Set()
[2024-10-11T12:57:06.170+0000] {spark_submit.py:649} INFO - 24/10/11 12:57:06 INFO DAGScheduler: failed: Set()
[2024-10-11T12:57:06.210+0000] {spark_submit.py:649} INFO - 24/10/11 12:57:06 INFO CodeGenerator: Code generated in 14.698834 ms
[2024-10-11T12:57:06.250+0000] {spark_submit.py:649} INFO - 24/10/11 12:57:06 INFO SparkContext: Starting job: count at NativeMethodAccessorImpl.java:0
[2024-10-11T12:57:06.253+0000] {spark_submit.py:649} INFO - 24/10/11 12:57:06 INFO DAGScheduler: Got job 1 (count at NativeMethodAccessorImpl.java:0) with 1 output partitions
[2024-10-11T12:57:06.253+0000] {spark_submit.py:649} INFO - 24/10/11 12:57:06 INFO DAGScheduler: Final stage: ResultStage 2 (count at NativeMethodAccessorImpl.java:0)
[2024-10-11T12:57:06.253+0000] {spark_submit.py:649} INFO - 24/10/11 12:57:06 INFO DAGScheduler: Parents of final stage: List(ShuffleMapStage 1)
[2024-10-11T12:57:06.254+0000] {spark_submit.py:649} INFO - 24/10/11 12:57:06 INFO DAGScheduler: Missing parents: List()
[2024-10-11T12:57:06.255+0000] {spark_submit.py:649} INFO - 24/10/11 12:57:06 INFO DAGScheduler: Submitting ResultStage 2 (MapPartitionsRDD[5] at count at NativeMethodAccessorImpl.java:0), which has no missing parents
[2024-10-11T12:57:06.263+0000] {spark_submit.py:649} INFO - 24/10/11 12:57:06 INFO MemoryStore: Block broadcast_1 stored as values in memory (estimated size 11.1 KiB, free 434.4 MiB)
[2024-10-11T12:57:06.270+0000] {spark_submit.py:649} INFO - 24/10/11 12:57:06 INFO MemoryStore: Block broadcast_1_piece0 stored as bytes in memory (estimated size 5.5 KiB, free 434.4 MiB)
[2024-10-11T12:57:06.271+0000] {spark_submit.py:649} INFO - 24/10/11 12:57:06 INFO BlockManagerInfo: Added broadcast_1_piece0 in memory on yellow-cab-airflow-scheduler:32869 (size: 5.5 KiB, free: 434.4 MiB)
[2024-10-11T12:57:06.272+0000] {spark_submit.py:649} INFO - 24/10/11 12:57:06 INFO SparkContext: Created broadcast 1 from broadcast at DAGScheduler.scala:1513
[2024-10-11T12:57:06.274+0000] {spark_submit.py:649} INFO - 24/10/11 12:57:06 INFO DAGScheduler: Submitting 1 missing tasks from ResultStage 2 (MapPartitionsRDD[5] at count at NativeMethodAccessorImpl.java:0) (first 15 tasks are for partitions Vector(0))
[2024-10-11T12:57:06.276+0000] {spark_submit.py:649} INFO - 24/10/11 12:57:06 INFO TaskSchedulerImpl: Adding task set 2.0 with 1 tasks resource profile 0
[2024-10-11T12:57:06.283+0000] {spark_submit.py:649} INFO - 24/10/11 12:57:06 INFO TaskSetManager: Starting task 0.0 in stage 2.0 (TID 1) (172.24.0.3, executor 0, partition 0, NODE_LOCAL, 4457 bytes) taskResourceAssignments Map()
[2024-10-11T12:57:06.305+0000] {spark_submit.py:649} INFO - 24/10/11 12:57:06 INFO BlockManagerInfo: Removed broadcast_0_piece0 on yellow-cab-airflow-scheduler:32869 in memory (size: 5.5 KiB, free: 434.4 MiB)
[2024-10-11T12:57:06.312+0000] {spark_submit.py:649} INFO - 24/10/11 12:57:06 INFO BlockManagerInfo: Removed broadcast_0_piece0 on 172.24.0.3:41405 in memory (size: 5.5 KiB, free: 434.4 MiB)
[2024-10-11T12:57:06.322+0000] {spark_submit.py:649} INFO - 24/10/11 12:57:06 INFO BlockManagerInfo: Added broadcast_1_piece0 in memory on 172.24.0.3:41405 (size: 5.5 KiB, free: 434.4 MiB)
[2024-10-11T12:57:06.419+0000] {spark_submit.py:649} INFO - 24/10/11 12:57:06 INFO MapOutputTrackerMasterEndpoint: Asked to send map output locations for shuffle 0 to 172.24.0.3:35108
[2024-10-11T12:57:06.611+0000] {spark_submit.py:649} INFO - 24/10/11 12:57:06 INFO TaskSetManager: Finished task 0.0 in stage 2.0 (TID 1) in 332 ms on 172.24.0.3 (executor 0) (1/1)
[2024-10-11T12:57:06.612+0000] {spark_submit.py:649} INFO - 24/10/11 12:57:06 INFO TaskSchedulerImpl: Removed TaskSet 2.0, whose tasks have all completed, from pool
[2024-10-11T12:57:06.613+0000] {spark_submit.py:649} INFO - 24/10/11 12:57:06 INFO DAGScheduler: ResultStage 2 (count at NativeMethodAccessorImpl.java:0) finished in 0.352 s
[2024-10-11T12:57:06.614+0000] {spark_submit.py:649} INFO - 24/10/11 12:57:06 INFO DAGScheduler: Job 1 is finished. Cancelling potential speculative or zombie tasks for this job
[2024-10-11T12:57:06.614+0000] {spark_submit.py:649} INFO - 24/10/11 12:57:06 INFO TaskSchedulerImpl: Killing all running tasks in stage 2: Stage finished
[2024-10-11T12:57:06.616+0000] {spark_submit.py:649} INFO - 24/10/11 12:57:06 INFO DAGScheduler: Job 1 finished: count at NativeMethodAccessorImpl.java:0, took 0.365603 s
[2024-10-11T12:57:06.997+0000] {spark_submit.py:649} INFO - 24/10/11 12:57:06 INFO InMemoryFileIndex: It took 10 ms to list leaf files for 1 paths.
[2024-10-11T12:57:07.047+0000] {spark_submit.py:649} INFO - 24/10/11 12:57:07 INFO InMemoryFileIndex: It took 1 ms to list leaf files for 1 paths.
[2024-10-11T12:57:07.210+0000] {spark_submit.py:649} INFO - 24/10/11 12:57:07 INFO BlockManagerInfo: Removed broadcast_1_piece0 on yellow-cab-airflow-scheduler:32869 in memory (size: 5.5 KiB, free: 434.4 MiB)
[2024-10-11T12:57:07.212+0000] {spark_submit.py:649} INFO - 24/10/11 12:57:07 INFO BlockManagerInfo: Removed broadcast_1_piece0 on 172.24.0.3:41405 in memory (size: 5.5 KiB, free: 434.4 MiB)
[2024-10-11T12:57:07.225+0000] {spark_submit.py:649} INFO - 24/10/11 12:57:07 INFO FileSourceStrategy: Pushed Filters:
[2024-10-11T12:57:07.225+0000] {spark_submit.py:649} INFO - 24/10/11 12:57:07 INFO FileSourceStrategy: Post-Scan Filters: (length(trim(value#14, None)) > 0)
[2024-10-11T12:57:07.226+0000] {spark_submit.py:649} INFO - 24/10/11 12:57:07 INFO FileSourceStrategy: Output Data Schema: struct<value: string>
[2024-10-11T12:57:07.251+0000] {spark_submit.py:649} INFO - 24/10/11 12:57:07 INFO CodeGenerator: Code generated in 9.650125 ms
[2024-10-11T12:57:07.260+0000] {spark_submit.py:649} INFO - 24/10/11 12:57:07 INFO MemoryStore: Block broadcast_2 stored as values in memory (estimated size 204.3 KiB, free 434.2 MiB)
[2024-10-11T12:57:07.281+0000] {spark_submit.py:649} INFO - 24/10/11 12:57:07 INFO MemoryStore: Block broadcast_2_piece0 stored as bytes in memory (estimated size 35.3 KiB, free 434.2 MiB)
[2024-10-11T12:57:07.288+0000] {spark_submit.py:649} INFO - 24/10/11 12:57:07 INFO BlockManagerInfo: Added broadcast_2_piece0 in memory on yellow-cab-airflow-scheduler:32869 (size: 35.3 KiB, free: 434.4 MiB)
[2024-10-11T12:57:07.288+0000] {spark_submit.py:649} INFO - 24/10/11 12:57:07 INFO SparkContext: Created broadcast 2 from csv at NativeMethodAccessorImpl.java:0
[2024-10-11T12:57:07.290+0000] {spark_submit.py:649} INFO - 24/10/11 12:57:07 INFO FileSourceScanExec: Planning scan with bin packing, max size: 4194304 bytes, open cost is considered as scanning 4194304 bytes.
[2024-10-11T12:57:07.343+0000] {spark_submit.py:649} INFO - 24/10/11 12:57:07 INFO SparkContext: Starting job: csv at NativeMethodAccessorImpl.java:0
[2024-10-11T12:57:07.345+0000] {spark_submit.py:649} INFO - 24/10/11 12:57:07 INFO DAGScheduler: Got job 2 (csv at NativeMethodAccessorImpl.java:0) with 1 output partitions
[2024-10-11T12:57:07.346+0000] {spark_submit.py:649} INFO - 24/10/11 12:57:07 INFO DAGScheduler: Final stage: ResultStage 3 (csv at NativeMethodAccessorImpl.java:0)
[2024-10-11T12:57:07.346+0000] {spark_submit.py:649} INFO - 24/10/11 12:57:07 INFO DAGScheduler: Parents of final stage: List()
[2024-10-11T12:57:07.347+0000] {spark_submit.py:649} INFO - 24/10/11 12:57:07 INFO DAGScheduler: Missing parents: List()
[2024-10-11T12:57:07.347+0000] {spark_submit.py:649} INFO - 24/10/11 12:57:07 INFO DAGScheduler: Submitting ResultStage 3 (MapPartitionsRDD[9] at csv at NativeMethodAccessorImpl.java:0), which has no missing parents
[2024-10-11T12:57:07.365+0000] {spark_submit.py:649} INFO - 24/10/11 12:57:07 INFO MemoryStore: Block broadcast_3 stored as values in memory (estimated size 11.8 KiB, free 434.2 MiB)
[2024-10-11T12:57:07.373+0000] {spark_submit.py:649} INFO - 24/10/11 12:57:07 INFO MemoryStore: Block broadcast_3_piece0 stored as bytes in memory (estimated size 5.9 KiB, free 434.1 MiB)
[2024-10-11T12:57:07.374+0000] {spark_submit.py:649} INFO - 24/10/11 12:57:07 INFO BlockManagerInfo: Added broadcast_3_piece0 in memory on yellow-cab-airflow-scheduler:32869 (size: 5.9 KiB, free: 434.4 MiB)
[2024-10-11T12:57:07.375+0000] {spark_submit.py:649} INFO - 24/10/11 12:57:07 INFO SparkContext: Created broadcast 3 from broadcast at DAGScheduler.scala:1513
[2024-10-11T12:57:07.375+0000] {spark_submit.py:649} INFO - 24/10/11 12:57:07 INFO DAGScheduler: Submitting 1 missing tasks from ResultStage 3 (MapPartitionsRDD[9] at csv at NativeMethodAccessorImpl.java:0) (first 15 tasks are for partitions Vector(0))
[2024-10-11T12:57:07.376+0000] {spark_submit.py:649} INFO - 24/10/11 12:57:07 INFO TaskSchedulerImpl: Adding task set 3.0 with 1 tasks resource profile 0
[2024-10-11T12:57:07.379+0000] {spark_submit.py:649} INFO - 24/10/11 12:57:07 INFO TaskSetManager: Starting task 0.0 in stage 3.0 (TID 2) (172.24.0.3, executor 0, partition 0, PROCESS_LOCAL, 4915 bytes) taskResourceAssignments Map()
[2024-10-11T12:57:07.401+0000] {spark_submit.py:649} INFO - 24/10/11 12:57:07 INFO BlockManagerInfo: Added broadcast_3_piece0 in memory on 172.24.0.3:41405 (size: 5.9 KiB, free: 434.4 MiB)
[2024-10-11T12:57:07.586+0000] {spark_submit.py:649} INFO - 24/10/11 12:57:07 INFO BlockManagerInfo: Added broadcast_2_piece0 in memory on 172.24.0.3:41405 (size: 35.3 KiB, free: 434.4 MiB)
[2024-10-11T12:57:07.729+0000] {spark_submit.py:649} INFO - 24/10/11 12:57:07 INFO TaskSetManager: Finished task 0.0 in stage 3.0 (TID 2) in 352 ms on 172.24.0.3 (executor 0) (1/1)
[2024-10-11T12:57:07.730+0000] {spark_submit.py:649} INFO - 24/10/11 12:57:07 INFO TaskSchedulerImpl: Removed TaskSet 3.0, whose tasks have all completed, from pool
[2024-10-11T12:57:07.731+0000] {spark_submit.py:649} INFO - 24/10/11 12:57:07 INFO DAGScheduler: ResultStage 3 (csv at NativeMethodAccessorImpl.java:0) finished in 0.377 s
[2024-10-11T12:57:07.731+0000] {spark_submit.py:649} INFO - 24/10/11 12:57:07 INFO DAGScheduler: Job 2 is finished. Cancelling potential speculative or zombie tasks for this job
[2024-10-11T12:57:07.731+0000] {spark_submit.py:649} INFO - 24/10/11 12:57:07 INFO TaskSchedulerImpl: Killing all running tasks in stage 3: Stage finished
[2024-10-11T12:57:07.731+0000] {spark_submit.py:649} INFO - 24/10/11 12:57:07 INFO DAGScheduler: Job 2 finished: csv at NativeMethodAccessorImpl.java:0, took 0.387155 s
[2024-10-11T12:57:07.748+0000] {spark_submit.py:649} INFO - 24/10/11 12:57:07 INFO CodeGenerator: Code generated in 8.264208 ms
[2024-10-11T12:57:07.782+0000] {spark_submit.py:649} INFO - 24/10/11 12:57:07 INFO FileSourceStrategy: Pushed Filters:
[2024-10-11T12:57:07.783+0000] {spark_submit.py:649} INFO - 24/10/11 12:57:07 INFO FileSourceStrategy: Post-Scan Filters:
[2024-10-11T12:57:07.783+0000] {spark_submit.py:649} INFO - 24/10/11 12:57:07 INFO FileSourceStrategy: Output Data Schema: struct<value: string>
[2024-10-11T12:57:07.789+0000] {spark_submit.py:649} INFO - 24/10/11 12:57:07 INFO MemoryStore: Block broadcast_4 stored as values in memory (estimated size 204.3 KiB, free 433.9 MiB)
[2024-10-11T12:57:07.795+0000] {spark_submit.py:649} INFO - 24/10/11 12:57:07 INFO MemoryStore: Block broadcast_4_piece0 stored as bytes in memory (estimated size 35.3 KiB, free 433.9 MiB)
[2024-10-11T12:57:07.796+0000] {spark_submit.py:649} INFO - 24/10/11 12:57:07 INFO BlockManagerInfo: Added broadcast_4_piece0 in memory on yellow-cab-airflow-scheduler:32869 (size: 35.3 KiB, free: 434.3 MiB)
[2024-10-11T12:57:07.797+0000] {spark_submit.py:649} INFO - 24/10/11 12:57:07 INFO SparkContext: Created broadcast 4 from csv at NativeMethodAccessorImpl.java:0
[2024-10-11T12:57:07.798+0000] {spark_submit.py:649} INFO - 24/10/11 12:57:07 INFO FileSourceScanExec: Planning scan with bin packing, max size: 4194304 bytes, open cost is considered as scanning 4194304 bytes.
[2024-10-11T12:57:07.839+0000] {spark_submit.py:649} INFO - 24/10/11 12:57:07 INFO SparkContext: Starting job: csv at NativeMethodAccessorImpl.java:0
[2024-10-11T12:57:07.840+0000] {spark_submit.py:649} INFO - 24/10/11 12:57:07 INFO DAGScheduler: Got job 3 (csv at NativeMethodAccessorImpl.java:0) with 1 output partitions
[2024-10-11T12:57:07.840+0000] {spark_submit.py:649} INFO - 24/10/11 12:57:07 INFO DAGScheduler: Final stage: ResultStage 4 (csv at NativeMethodAccessorImpl.java:0)
[2024-10-11T12:57:07.840+0000] {spark_submit.py:649} INFO - 24/10/11 12:57:07 INFO DAGScheduler: Parents of final stage: List()
[2024-10-11T12:57:07.841+0000] {spark_submit.py:649} INFO - 24/10/11 12:57:07 INFO DAGScheduler: Missing parents: List()
[2024-10-11T12:57:07.841+0000] {spark_submit.py:649} INFO - 24/10/11 12:57:07 INFO DAGScheduler: Submitting ResultStage 4 (MapPartitionsRDD[15] at csv at NativeMethodAccessorImpl.java:0), which has no missing parents
[2024-10-11T12:57:07.852+0000] {spark_submit.py:649} INFO - 24/10/11 12:57:07 INFO MemoryStore: Block broadcast_5 stored as values in memory (estimated size 28.5 KiB, free 433.9 MiB)
[2024-10-11T12:57:07.876+0000] {spark_submit.py:649} INFO - 24/10/11 12:57:07 INFO MemoryStore: Block broadcast_5_piece0 stored as bytes in memory (estimated size 12.6 KiB, free 433.9 MiB)
[2024-10-11T12:57:07.877+0000] {spark_submit.py:649} INFO - 24/10/11 12:57:07 INFO BlockManagerInfo: Added broadcast_5_piece0 in memory on yellow-cab-airflow-scheduler:32869 (size: 12.6 KiB, free: 434.3 MiB)
[2024-10-11T12:57:07.878+0000] {spark_submit.py:649} INFO - 24/10/11 12:57:07 INFO SparkContext: Created broadcast 5 from broadcast at DAGScheduler.scala:1513
[2024-10-11T12:57:07.878+0000] {spark_submit.py:649} INFO - 24/10/11 12:57:07 INFO DAGScheduler: Submitting 1 missing tasks from ResultStage 4 (MapPartitionsRDD[15] at csv at NativeMethodAccessorImpl.java:0) (first 15 tasks are for partitions Vector(0))
[2024-10-11T12:57:07.879+0000] {spark_submit.py:649} INFO - 24/10/11 12:57:07 INFO TaskSchedulerImpl: Adding task set 4.0 with 1 tasks resource profile 0
[2024-10-11T12:57:07.880+0000] {spark_submit.py:649} INFO - 24/10/11 12:57:07 INFO TaskSetManager: Starting task 0.0 in stage 4.0 (TID 3) (172.24.0.3, executor 0, partition 0, PROCESS_LOCAL, 4915 bytes) taskResourceAssignments Map()
[2024-10-11T12:57:07.904+0000] {spark_submit.py:649} INFO - 24/10/11 12:57:07 INFO BlockManagerInfo: Added broadcast_5_piece0 in memory on 172.24.0.3:41405 (size: 12.6 KiB, free: 434.3 MiB)
[2024-10-11T12:57:08.842+0000] {spark_submit.py:649} INFO - 24/10/11 12:57:08 INFO BlockManagerInfo: Added broadcast_4_piece0 in memory on 172.24.0.3:41405 (size: 35.3 KiB, free: 434.3 MiB)
[2024-10-11T12:57:09.016+0000] {spark_submit.py:649} INFO - 24/10/11 12:57:09 INFO TaskSetManager: Finished task 0.0 in stage 4.0 (TID 3) in 1136 ms on 172.24.0.3 (executor 0) (1/1)
[2024-10-11T12:57:09.017+0000] {spark_submit.py:649} INFO - 24/10/11 12:57:09 INFO TaskSchedulerImpl: Removed TaskSet 4.0, whose tasks have all completed, from pool
[2024-10-11T12:57:09.017+0000] {spark_submit.py:649} INFO - 24/10/11 12:57:09 INFO DAGScheduler: ResultStage 4 (csv at NativeMethodAccessorImpl.java:0) finished in 1.176 s
[2024-10-11T12:57:09.018+0000] {spark_submit.py:649} INFO - 24/10/11 12:57:09 INFO DAGScheduler: Job 3 is finished. Cancelling potential speculative or zombie tasks for this job
[2024-10-11T12:57:09.018+0000] {spark_submit.py:649} INFO - 24/10/11 12:57:09 INFO TaskSchedulerImpl: Killing all running tasks in stage 4: Stage finished
[2024-10-11T12:57:09.019+0000] {spark_submit.py:649} INFO - 24/10/11 12:57:09 INFO DAGScheduler: Job 3 finished: csv at NativeMethodAccessorImpl.java:0, took 1.179424 s
[2024-10-11T12:57:09.119+0000] {spark_submit.py:649} INFO - 24/10/11 12:57:09 INFO BlockManagerInfo: Removed broadcast_5_piece0 on yellow-cab-airflow-scheduler:32869 in memory (size: 12.6 KiB, free: 434.3 MiB)
[2024-10-11T12:57:09.123+0000] {spark_submit.py:649} INFO - 24/10/11 12:57:09 INFO BlockManagerInfo: Removed broadcast_5_piece0 on 172.24.0.3:41405 in memory (size: 12.6 KiB, free: 434.3 MiB)
[2024-10-11T12:57:09.131+0000] {spark_submit.py:649} INFO - 24/10/11 12:57:09 INFO BlockManagerInfo: Removed broadcast_3_piece0 on yellow-cab-airflow-scheduler:32869 in memory (size: 5.9 KiB, free: 434.3 MiB)
[2024-10-11T12:57:09.134+0000] {spark_submit.py:649} INFO - 24/10/11 12:57:09 INFO BlockManagerInfo: Removed broadcast_3_piece0 on 172.24.0.3:41405 in memory (size: 5.9 KiB, free: 434.3 MiB)
[2024-10-11T12:57:09.196+0000] {spark_submit.py:649} INFO - schema nya dim datetime:
[2024-10-11T12:57:09.199+0000] {spark_submit.py:649} INFO - root
[2024-10-11T12:57:09.199+0000] {spark_submit.py:649} INFO - |-- tpep_pickup_datetime: timestamp (nullable = true)
[2024-10-11T12:57:09.199+0000] {spark_submit.py:649} INFO - |-- Datetime: timestamp (nullable = true)
[2024-10-11T12:57:09.200+0000] {spark_submit.py:649} INFO - |-- Year: integer (nullable = true)
[2024-10-11T12:57:09.200+0000] {spark_submit.py:649} INFO - |-- Month: integer (nullable = true)
[2024-10-11T12:57:09.200+0000] {spark_submit.py:649} INFO - |-- Day: integer (nullable = true)
[2024-10-11T12:57:09.200+0000] {spark_submit.py:649} INFO - |-- Hour: integer (nullable = true)
[2024-10-11T12:57:09.200+0000] {spark_submit.py:649} INFO - |-- Day_of_Week: integer (nullable = true)
[2024-10-11T12:57:09.200+0000] {spark_submit.py:649} INFO - |-- Weekend_Indicator: boolean (nullable = false)
[2024-10-11T12:57:09.200+0000] {spark_submit.py:649} INFO - 
[2024-10-11T12:57:09.785+0000] {spark_submit.py:649} INFO - 24/10/11 12:57:09 INFO FileSourceStrategy: Pushed Filters:
[2024-10-11T12:57:09.786+0000] {spark_submit.py:649} INFO - 24/10/11 12:57:09 INFO FileSourceStrategy: Post-Scan Filters: atleastnnonnulls(4, tpep_pickup_datetime#32, tpep_dropoff_datetime#33, pickup_longitude#36, pickup_latitude#37)
[2024-10-11T12:57:09.786+0000] {spark_submit.py:649} INFO - 24/10/11 12:57:09 INFO FileSourceStrategy: Output Data Schema: struct<VendorID: int, tpep_pickup_datetime: timestamp, tpep_dropoff_datetime: timestamp, pickup_longitude: double, pickup_latitude: double ... 3 more fields>
[2024-10-11T12:57:09.808+0000] {spark_submit.py:649} INFO - 24/10/11 12:57:09 INFO HashAggregateExec: spark.sql.codegen.aggregate.map.twolevel.enabled is set to true, but current version of codegened fast hashmap does not support this aggregate.
[2024-10-11T12:57:09.859+0000] {spark_submit.py:649} INFO - 24/10/11 12:57:09 INFO CodeGenerator: Code generated in 42.137791 ms
[2024-10-11T12:57:09.863+0000] {spark_submit.py:649} INFO - 24/10/11 12:57:09 INFO MemoryStore: Block broadcast_6 stored as values in memory (estimated size 204.2 KiB, free 433.7 MiB)
[2024-10-11T12:57:09.880+0000] {spark_submit.py:649} INFO - 24/10/11 12:57:09 INFO MemoryStore: Block broadcast_6_piece0 stored as bytes in memory (estimated size 35.3 KiB, free 433.7 MiB)
[2024-10-11T12:57:09.882+0000] {spark_submit.py:649} INFO - 24/10/11 12:57:09 INFO BlockManagerInfo: Added broadcast_6_piece0 in memory on yellow-cab-airflow-scheduler:32869 (size: 35.3 KiB, free: 434.3 MiB)
[2024-10-11T12:57:09.884+0000] {spark_submit.py:649} INFO - 24/10/11 12:57:09 INFO SparkContext: Created broadcast 6 from toPandas at /spark-scripts/taxi_etl.py:120
[2024-10-11T12:57:09.892+0000] {spark_submit.py:649} INFO - 24/10/11 12:57:09 INFO FileSourceScanExec: Planning scan with bin packing, max size: 4194304 bytes, open cost is considered as scanning 4194304 bytes.
[2024-10-11T12:57:09.909+0000] {spark_submit.py:649} INFO - 24/10/11 12:57:09 INFO DAGScheduler: Registering RDD 19 (toPandas at /spark-scripts/taxi_etl.py:120) as input to shuffle 1
[2024-10-11T12:57:09.910+0000] {spark_submit.py:649} INFO - 24/10/11 12:57:09 INFO DAGScheduler: Got map stage job 4 (toPandas at /spark-scripts/taxi_etl.py:120) with 1 output partitions
[2024-10-11T12:57:09.911+0000] {spark_submit.py:649} INFO - 24/10/11 12:57:09 INFO DAGScheduler: Final stage: ShuffleMapStage 5 (toPandas at /spark-scripts/taxi_etl.py:120)
[2024-10-11T12:57:09.913+0000] {spark_submit.py:649} INFO - 24/10/11 12:57:09 INFO DAGScheduler: Parents of final stage: List()
[2024-10-11T12:57:09.914+0000] {spark_submit.py:649} INFO - 24/10/11 12:57:09 INFO DAGScheduler: Missing parents: List()
[2024-10-11T12:57:09.916+0000] {spark_submit.py:649} INFO - 24/10/11 12:57:09 INFO DAGScheduler: Submitting ShuffleMapStage 5 (MapPartitionsRDD[19] at toPandas at /spark-scripts/taxi_etl.py:120), which has no missing parents
[2024-10-11T12:57:09.919+0000] {spark_submit.py:649} INFO - 24/10/11 12:57:09 INFO MemoryStore: Block broadcast_7 stored as values in memory (estimated size 27.4 KiB, free 433.7 MiB)
[2024-10-11T12:57:09.919+0000] {spark_submit.py:649} INFO - 24/10/11 12:57:09 INFO MemoryStore: Block broadcast_7_piece0 stored as bytes in memory (estimated size 12.6 KiB, free 433.7 MiB)
[2024-10-11T12:57:09.920+0000] {spark_submit.py:649} INFO - 24/10/11 12:57:09 INFO BlockManagerInfo: Removed broadcast_2_piece0 on yellow-cab-airflow-scheduler:32869 in memory (size: 35.3 KiB, free: 434.3 MiB)
[2024-10-11T12:57:09.920+0000] {spark_submit.py:649} INFO - 24/10/11 12:57:09 INFO BlockManagerInfo: Removed broadcast_2_piece0 on 172.24.0.3:41405 in memory (size: 35.3 KiB, free: 434.4 MiB)
[2024-10-11T12:57:09.922+0000] {spark_submit.py:649} INFO - 24/10/11 12:57:09 INFO BlockManagerInfo: Added broadcast_7_piece0 in memory on yellow-cab-airflow-scheduler:32869 (size: 12.6 KiB, free: 434.3 MiB)
[2024-10-11T12:57:09.923+0000] {spark_submit.py:649} INFO - 24/10/11 12:57:09 INFO SparkContext: Created broadcast 7 from broadcast at DAGScheduler.scala:1513
[2024-10-11T12:57:09.925+0000] {spark_submit.py:649} INFO - 24/10/11 12:57:09 INFO DAGScheduler: Submitting 1 missing tasks from ShuffleMapStage 5 (MapPartitionsRDD[19] at toPandas at /spark-scripts/taxi_etl.py:120) (first 15 tasks are for partitions Vector(0))
[2024-10-11T12:57:09.925+0000] {spark_submit.py:649} INFO - 24/10/11 12:57:09 INFO TaskSchedulerImpl: Adding task set 5.0 with 1 tasks resource profile 0
[2024-10-11T12:57:09.926+0000] {spark_submit.py:649} INFO - 24/10/11 12:57:09 INFO TaskSetManager: Starting task 0.0 in stage 5.0 (TID 4) (172.24.0.3, executor 0, partition 0, PROCESS_LOCAL, 4904 bytes) taskResourceAssignments Map()
[2024-10-11T12:57:09.929+0000] {spark_submit.py:649} INFO - 24/10/11 12:57:09 INFO BlockManagerInfo: Removed broadcast_4_piece0 on yellow-cab-airflow-scheduler:32869 in memory (size: 35.3 KiB, free: 434.4 MiB)
[2024-10-11T12:57:09.933+0000] {spark_submit.py:649} INFO - 24/10/11 12:57:09 INFO BlockManagerInfo: Removed broadcast_4_piece0 on 172.24.0.3:41405 in memory (size: 35.3 KiB, free: 434.4 MiB)
[2024-10-11T12:57:09.941+0000] {spark_submit.py:649} INFO - 24/10/11 12:57:09 INFO BlockManagerInfo: Added broadcast_7_piece0 in memory on 172.24.0.3:41405 (size: 12.6 KiB, free: 434.4 MiB)
[2024-10-11T12:57:10.105+0000] {spark_submit.py:649} INFO - 24/10/11 12:57:10 INFO BlockManagerInfo: Added broadcast_6_piece0 in memory on 172.24.0.3:41405 (size: 35.3 KiB, free: 434.4 MiB)
[2024-10-11T12:57:10.297+0000] {spark_submit.py:649} INFO - 24/10/11 12:57:10 INFO TaskSetManager: Finished task 0.0 in stage 5.0 (TID 4) in 371 ms on 172.24.0.3 (executor 0) (1/1)
[2024-10-11T12:57:10.297+0000] {spark_submit.py:649} INFO - 24/10/11 12:57:10 INFO TaskSchedulerImpl: Removed TaskSet 5.0, whose tasks have all completed, from pool
[2024-10-11T12:57:10.298+0000] {spark_submit.py:649} INFO - 24/10/11 12:57:10 INFO DAGScheduler: ShuffleMapStage 5 (toPandas at /spark-scripts/taxi_etl.py:120) finished in 0.388 s
[2024-10-11T12:57:10.298+0000] {spark_submit.py:649} INFO - 24/10/11 12:57:10 INFO DAGScheduler: looking for newly runnable stages
[2024-10-11T12:57:10.299+0000] {spark_submit.py:649} INFO - 24/10/11 12:57:10 INFO DAGScheduler: running: Set()
[2024-10-11T12:57:10.299+0000] {spark_submit.py:649} INFO - 24/10/11 12:57:10 INFO DAGScheduler: waiting: Set()
[2024-10-11T12:57:10.299+0000] {spark_submit.py:649} INFO - 24/10/11 12:57:10 INFO DAGScheduler: failed: Set()
[2024-10-11T12:57:10.306+0000] {spark_submit.py:649} INFO - 24/10/11 12:57:10 INFO ShufflePartitionsUtil: For shuffle(1), advisory target size: 67108864, actual target size 1048576, minimum partition size: 1048576
[2024-10-11T12:57:10.316+0000] {spark_submit.py:649} INFO - 24/10/11 12:57:10 INFO HashAggregateExec: spark.sql.codegen.aggregate.map.twolevel.enabled is set to true, but current version of codegened fast hashmap does not support this aggregate.
[2024-10-11T12:57:10.333+0000] {spark_submit.py:649} INFO - 24/10/11 12:57:10 INFO CodeGenerator: Code generated in 14.865 ms
[2024-10-11T12:57:10.353+0000] {spark_submit.py:649} INFO - 24/10/11 12:57:10 INFO SparkContext: Starting job: toPandas at /spark-scripts/taxi_etl.py:120
[2024-10-11T12:57:10.354+0000] {spark_submit.py:649} INFO - 24/10/11 12:57:10 INFO DAGScheduler: Got job 5 (toPandas at /spark-scripts/taxi_etl.py:120) with 1 output partitions
[2024-10-11T12:57:10.354+0000] {spark_submit.py:649} INFO - 24/10/11 12:57:10 INFO DAGScheduler: Final stage: ResultStage 7 (toPandas at /spark-scripts/taxi_etl.py:120)
[2024-10-11T12:57:10.354+0000] {spark_submit.py:649} INFO - 24/10/11 12:57:10 INFO DAGScheduler: Parents of final stage: List(ShuffleMapStage 6)
[2024-10-11T12:57:10.354+0000] {spark_submit.py:649} INFO - 24/10/11 12:57:10 INFO DAGScheduler: Missing parents: List()
[2024-10-11T12:57:10.355+0000] {spark_submit.py:649} INFO - 24/10/11 12:57:10 INFO DAGScheduler: Submitting ResultStage 7 (MapPartitionsRDD[22] at toPandas at /spark-scripts/taxi_etl.py:120), which has no missing parents
[2024-10-11T12:57:10.360+0000] {spark_submit.py:649} INFO - 24/10/11 12:57:10 INFO MemoryStore: Block broadcast_8 stored as values in memory (estimated size 37.0 KiB, free 434.1 MiB)
[2024-10-11T12:57:10.361+0000] {spark_submit.py:649} INFO - 24/10/11 12:57:10 INFO MemoryStore: Block broadcast_8_piece0 stored as bytes in memory (estimated size 17.5 KiB, free 434.1 MiB)
[2024-10-11T12:57:10.361+0000] {spark_submit.py:649} INFO - 24/10/11 12:57:10 INFO BlockManagerInfo: Added broadcast_8_piece0 in memory on yellow-cab-airflow-scheduler:32869 (size: 17.5 KiB, free: 434.3 MiB)
[2024-10-11T12:57:10.362+0000] {spark_submit.py:649} INFO - 24/10/11 12:57:10 INFO SparkContext: Created broadcast 8 from broadcast at DAGScheduler.scala:1513
[2024-10-11T12:57:10.362+0000] {spark_submit.py:649} INFO - 24/10/11 12:57:10 INFO DAGScheduler: Submitting 1 missing tasks from ResultStage 7 (MapPartitionsRDD[22] at toPandas at /spark-scripts/taxi_etl.py:120) (first 15 tasks are for partitions Vector(0))
[2024-10-11T12:57:10.362+0000] {spark_submit.py:649} INFO - 24/10/11 12:57:10 INFO TaskSchedulerImpl: Adding task set 7.0 with 1 tasks resource profile 0
[2024-10-11T12:57:10.364+0000] {spark_submit.py:649} INFO - 24/10/11 12:57:10 INFO TaskSetManager: Starting task 0.0 in stage 7.0 (TID 5) (172.24.0.3, executor 0, partition 0, NODE_LOCAL, 4457 bytes) taskResourceAssignments Map()
[2024-10-11T12:57:10.374+0000] {spark_submit.py:649} INFO - 24/10/11 12:57:10 INFO BlockManagerInfo: Added broadcast_8_piece0 in memory on 172.24.0.3:41405 (size: 17.5 KiB, free: 434.3 MiB)
[2024-10-11T12:57:10.393+0000] {spark_submit.py:649} INFO - 24/10/11 12:57:10 INFO MapOutputTrackerMasterEndpoint: Asked to send map output locations for shuffle 1 to 172.24.0.3:35108
[2024-10-11T12:57:10.428+0000] {spark_submit.py:649} INFO - 24/10/11 12:57:10 INFO TaskSetManager: Finished task 0.0 in stage 7.0 (TID 5) in 65 ms on 172.24.0.3 (executor 0) (1/1)
[2024-10-11T12:57:10.429+0000] {spark_submit.py:649} INFO - 24/10/11 12:57:10 INFO TaskSchedulerImpl: Removed TaskSet 7.0, whose tasks have all completed, from pool
[2024-10-11T12:57:10.429+0000] {spark_submit.py:649} INFO - 24/10/11 12:57:10 INFO DAGScheduler: ResultStage 7 (toPandas at /spark-scripts/taxi_etl.py:120) finished in 0.070 s
[2024-10-11T12:57:10.430+0000] {spark_submit.py:649} INFO - 24/10/11 12:57:10 INFO DAGScheduler: Job 5 is finished. Cancelling potential speculative or zombie tasks for this job
[2024-10-11T12:57:10.430+0000] {spark_submit.py:649} INFO - 24/10/11 12:57:10 INFO TaskSchedulerImpl: Killing all running tasks in stage 7: Stage finished
[2024-10-11T12:57:10.431+0000] {spark_submit.py:649} INFO - 24/10/11 12:57:10 INFO DAGScheduler: Job 5 finished: toPandas at /spark-scripts/taxi_etl.py:120, took 0.076375 s
[2024-10-11T12:57:10.467+0000] {spark_submit.py:649} INFO - Traceback (most recent call last):
[2024-10-11T12:57:10.468+0000] {spark_submit.py:649} INFO - File "/spark-scripts/taxi_etl.py", line 141, in <module>
[2024-10-11T12:57:10.468+0000] {spark_submit.py:649} INFO - main()
[2024-10-11T12:57:10.468+0000] {spark_submit.py:649} INFO - File "/spark-scripts/taxi_etl.py", line 120, in main
[2024-10-11T12:57:10.468+0000] {spark_submit.py:649} INFO - dim_vendor_write = client.load_table_from_dataframe(dim_vendor.toPandas(), f"{PROJECT_ID}.{DATASET_ID}.dim_vendor", job_config=job_config)
[2024-10-11T12:57:10.469+0000] {spark_submit.py:649} INFO - File "/home/airflow/.local/lib/python3.9/site-packages/google/cloud/bigquery/client.py", line 2733, in load_table_from_dataframe
[2024-10-11T12:57:10.469+0000] {spark_submit.py:649} INFO - raise ValueError("This method requires pyarrow to be installed")
[2024-10-11T12:57:10.469+0000] {spark_submit.py:649} INFO - ValueError: This method requires pyarrow to be installed
[2024-10-11T12:57:10.764+0000] {spark_submit.py:649} INFO - 24/10/11 12:57:10 INFO SparkContext: Invoking stop() from shutdown hook
[2024-10-11T12:57:10.775+0000] {spark_submit.py:649} INFO - 24/10/11 12:57:10 INFO SparkUI: Stopped Spark web UI at http://yellow-cab-airflow-scheduler:4040
[2024-10-11T12:57:10.777+0000] {spark_submit.py:649} INFO - 24/10/11 12:57:10 INFO StandaloneSchedulerBackend: Shutting down all executors
[2024-10-11T12:57:10.777+0000] {spark_submit.py:649} INFO - 24/10/11 12:57:10 INFO CoarseGrainedSchedulerBackend$DriverEndpoint: Asking each executor to shut down
[2024-10-11T12:57:10.793+0000] {spark_submit.py:649} INFO - 24/10/11 12:57:10 INFO MapOutputTrackerMasterEndpoint: MapOutputTrackerMasterEndpoint stopped!
[2024-10-11T12:57:10.846+0000] {spark_submit.py:649} INFO - 24/10/11 12:57:10 INFO MemoryStore: MemoryStore cleared
[2024-10-11T12:57:10.849+0000] {spark_submit.py:649} INFO - 24/10/11 12:57:10 INFO BlockManager: BlockManager stopped
[2024-10-11T12:57:10.854+0000] {spark_submit.py:649} INFO - 24/10/11 12:57:10 INFO BlockManagerMaster: BlockManagerMaster stopped
[2024-10-11T12:57:10.857+0000] {spark_submit.py:649} INFO - 24/10/11 12:57:10 INFO OutputCommitCoordinator$OutputCommitCoordinatorEndpoint: OutputCommitCoordinator stopped!
[2024-10-11T12:57:10.888+0000] {spark_submit.py:649} INFO - 24/10/11 12:57:10 INFO SparkContext: Successfully stopped SparkContext
[2024-10-11T12:57:10.889+0000] {spark_submit.py:649} INFO - 24/10/11 12:57:10 INFO ShutdownHookManager: Shutdown hook called
[2024-10-11T12:57:10.890+0000] {spark_submit.py:649} INFO - 24/10/11 12:57:10 INFO ShutdownHookManager: Deleting directory /tmp/spark-dc4a2bbd-d29d-4799-9625-5860b3d2a987/pyspark-4535837d-0626-452f-9d86-e18c41598fee
[2024-10-11T12:57:10.899+0000] {spark_submit.py:649} INFO - 24/10/11 12:57:10 INFO ShutdownHookManager: Deleting directory /tmp/spark-4bc84705-bd4c-4acc-947d-a719e47ff000
[2024-10-11T12:57:10.909+0000] {spark_submit.py:649} INFO - 24/10/11 12:57:10 INFO ShutdownHookManager: Deleting directory /tmp/spark-dc4a2bbd-d29d-4799-9625-5860b3d2a987
[2024-10-11T12:57:10.963+0000] {taskinstance.py:441} INFO - ::group::Post task execution logs
[2024-10-11T12:57:10.988+0000] {taskinstance.py:2905} ERROR - Task failed with exception
Traceback (most recent call last):
  File "/home/airflow/.local/lib/python3.9/site-packages/airflow/models/taskinstance.py", line 465, in _execute_task
    result = _execute_callable(context=context, **execute_callable_kwargs)
  File "/home/airflow/.local/lib/python3.9/site-packages/airflow/models/taskinstance.py", line 432, in _execute_callable
    return execute_callable(context=context, **execute_callable_kwargs)
  File "/home/airflow/.local/lib/python3.9/site-packages/airflow/models/baseoperator.py", line 400, in wrapper
    return func(self, *args, **kwargs)
  File "/home/airflow/.local/lib/python3.9/site-packages/airflow/providers/apache/spark/operators/spark_submit.py", line 176, in execute
    self._hook.submit(self.application)
  File "/home/airflow/.local/lib/python3.9/site-packages/airflow/providers/apache/spark/hooks/spark_submit.py", line 575, in submit
    raise AirflowException(
airflow.exceptions.AirflowException: Cannot execute: spark-submit --master spark://spark-master:7077 --conf spark.jars.packages=org.apache.sedona:sedona-python-adapter-3.0_2.12:1.2.0-incubating,org.datasyslab:geotools-wrapper:geotools-24.0 --conf spark.jars.repositories=https://repo1.maven.org/maven2/ --name arrow-spark --deploy-mode client /spark-scripts/taxi_etl.py. Error code is: 1.
[2024-10-11T12:57:10.994+0000] {taskinstance.py:1206} INFO - Marking task as FAILED. dag_id=etl_yellow_cab, task_id=etl_task, run_id=manual__2024-10-11T07:14:16.194830+00:00, execution_date=20241011T071416, start_date=20241011T125621, end_date=20241011T125710
[2024-10-11T12:57:11.032+0000] {standard_task_runner.py:110} ERROR - Failed to execute job 41 for task etl_task (Cannot execute: spark-submit --master spark://spark-master:7077 --conf spark.jars.packages=org.apache.sedona:sedona-python-adapter-3.0_2.12:1.2.0-incubating,org.datasyslab:geotools-wrapper:geotools-24.0 --conf spark.jars.repositories=https://repo1.maven.org/maven2/ --name arrow-spark --deploy-mode client /spark-scripts/taxi_etl.py. Error code is: 1.; 171)
[2024-10-11T12:57:11.102+0000] {local_task_job_runner.py:240} INFO - Task exited with return code 1
[2024-10-11T12:57:11.212+0000] {taskinstance.py:3498} INFO - 0 downstream tasks scheduled from follow-on schedule check
[2024-10-11T12:57:11.213+0000] {local_task_job_runner.py:222} INFO - ::endgroup::
