[2024-10-11T13:29:55.252+0000] {local_task_job_runner.py:120} INFO - ::group::Pre task execution logs
[2024-10-11T13:29:55.283+0000] {taskinstance.py:2076} INFO - Dependencies all met for dep_context=non-requeueable deps ti=<TaskInstance: etl_yellow_cab.etl_task manual__2024-10-11T07:14:16.194830+00:00 [queued]>
[2024-10-11T13:29:55.290+0000] {taskinstance.py:2076} INFO - Dependencies all met for dep_context=requeueable deps ti=<TaskInstance: etl_yellow_cab.etl_task manual__2024-10-11T07:14:16.194830+00:00 [queued]>
[2024-10-11T13:29:55.290+0000] {taskinstance.py:2306} INFO - Starting attempt 27 of 27
[2024-10-11T13:29:55.300+0000] {taskinstance.py:2330} INFO - Executing <Task(SparkSubmitOperator): etl_task> on 2024-10-11 07:14:16.194830+00:00
[2024-10-11T13:29:55.304+0000] {standard_task_runner.py:63} INFO - Started process 1177 to run task
[2024-10-11T13:29:55.309+0000] {standard_task_runner.py:90} INFO - Running: ['airflow', 'tasks', 'run', 'etl_yellow_cab', 'etl_task', 'manual__2024-10-11T07:14:16.194830+00:00', '--job-id', '48', '--raw', '--subdir', 'DAGS_FOLDER/yellow-cab-batch.py', '--cfg-path', '/tmp/tmppfqdqer1']
[2024-10-11T13:29:55.313+0000] {standard_task_runner.py:91} INFO - Job 48: Subtask etl_task
[2024-10-11T13:29:55.336+0000] {logging_mixin.py:188} WARNING - /home/airflow/.local/lib/python3.9/site-packages/airflow/settings.py:195 DeprecationWarning: The sql_alchemy_conn option in [core] has been moved to the sql_alchemy_conn option in [database] - the old setting has been used, but please update your config.
[2024-10-11T13:29:55.398+0000] {task_command.py:426} INFO - Running <TaskInstance: etl_yellow_cab.etl_task manual__2024-10-11T07:14:16.194830+00:00 [running]> on host yellow-cab-airflow-scheduler
[2024-10-11T13:29:55.467+0000] {taskinstance.py:2648} INFO - Exporting env vars: AIRFLOW_CTX_DAG_OWNER='hafidz' AIRFLOW_CTX_DAG_ID='etl_yellow_cab' AIRFLOW_CTX_TASK_ID='etl_task' AIRFLOW_CTX_EXECUTION_DATE='2024-10-11T07:14:16.194830+00:00' AIRFLOW_CTX_TRY_NUMBER='27' AIRFLOW_CTX_DAG_RUN_ID='manual__2024-10-11T07:14:16.194830+00:00'
[2024-10-11T13:29:55.468+0000] {taskinstance.py:430} INFO - ::endgroup::
[2024-10-11T13:29:55.493+0000] {base.py:84} INFO - Using connection ID 'spark_main' for task execution.
[2024-10-11T13:29:55.494+0000] {spark_submit.py:473} INFO - Spark-Submit cmd: spark-submit --master spark://spark-master:7077 --conf spark.jars.packages=org.apache.sedona:sedona-python-adapter-3.0_2.12:1.2.0-incubating,org.datasyslab:geotools-wrapper:geotools-24.0 --conf spark.jars.repositories=https://repo1.maven.org/maven2/ --name arrow-spark --deploy-mode client /spark-scripts/taxi_etl.py
[2024-10-11T13:29:56.470+0000] {spark_submit.py:649} INFO - https://repo1.maven.org/maven2/ added as a remote repository with the name: repo-1
[2024-10-11T13:29:56.487+0000] {spark_submit.py:649} INFO - :: loading settings :: url = jar:file:/home/airflow/.local/lib/python3.9/site-packages/pyspark/jars/ivy-2.5.1.jar!/org/apache/ivy/core/settings/ivysettings.xml
[2024-10-11T13:29:56.524+0000] {spark_submit.py:649} INFO - Ivy Default Cache set to: /home/airflow/.ivy2/cache
[2024-10-11T13:29:56.524+0000] {spark_submit.py:649} INFO - The jars for the packages stored in: /home/airflow/.ivy2/jars
[2024-10-11T13:29:56.527+0000] {spark_submit.py:649} INFO - org.apache.sedona#sedona-python-adapter-3.0_2.12 added as a dependency
[2024-10-11T13:29:56.527+0000] {spark_submit.py:649} INFO - org.datasyslab#geotools-wrapper added as a dependency
[2024-10-11T13:29:56.527+0000] {spark_submit.py:649} INFO - :: resolving dependencies :: org.apache.spark#spark-submit-parent-2666b9c2-66fb-4223-b3cc-9612e5d926af;1.0
[2024-10-11T13:29:56.527+0000] {spark_submit.py:649} INFO - confs: [default]
[2024-10-11T13:29:56.604+0000] {spark_submit.py:649} INFO - found org.apache.sedona#sedona-python-adapter-3.0_2.12;1.2.0-incubating in central
[2024-10-11T13:29:56.625+0000] {spark_submit.py:649} INFO - found org.locationtech.jts#jts-core;1.18.0 in central
[2024-10-11T13:29:56.642+0000] {spark_submit.py:649} INFO - found org.wololo#jts2geojson;0.16.1 in central
[2024-10-11T13:29:56.658+0000] {spark_submit.py:649} INFO - found org.apache.sedona#sedona-core-3.0_2.12;1.2.0-incubating in central
[2024-10-11T13:29:56.672+0000] {spark_submit.py:649} INFO - found org.scala-lang.modules#scala-collection-compat_2.12;2.5.0 in central
[2024-10-11T13:29:56.690+0000] {spark_submit.py:649} INFO - found org.apache.sedona#sedona-sql-3.0_2.12;1.2.0-incubating in central
[2024-10-11T13:29:56.705+0000] {spark_submit.py:649} INFO - found org.datasyslab#geotools-wrapper;geotools-24.0 in central
[2024-10-11T13:29:56.722+0000] {spark_submit.py:649} INFO - :: resolution report :: resolve 188ms :: artifacts dl 7ms
[2024-10-11T13:29:56.722+0000] {spark_submit.py:649} INFO - :: modules in use:
[2024-10-11T13:29:56.722+0000] {spark_submit.py:649} INFO - org.apache.sedona#sedona-core-3.0_2.12;1.2.0-incubating from central in [default]
[2024-10-11T13:29:56.723+0000] {spark_submit.py:649} INFO - org.apache.sedona#sedona-python-adapter-3.0_2.12;1.2.0-incubating from central in [default]
[2024-10-11T13:29:56.723+0000] {spark_submit.py:649} INFO - org.apache.sedona#sedona-sql-3.0_2.12;1.2.0-incubating from central in [default]
[2024-10-11T13:29:56.723+0000] {spark_submit.py:649} INFO - org.datasyslab#geotools-wrapper;geotools-24.0 from central in [default]
[2024-10-11T13:29:56.723+0000] {spark_submit.py:649} INFO - org.locationtech.jts#jts-core;1.18.0 from central in [default]
[2024-10-11T13:29:56.723+0000] {spark_submit.py:649} INFO - org.scala-lang.modules#scala-collection-compat_2.12;2.5.0 from central in [default]
[2024-10-11T13:29:56.723+0000] {spark_submit.py:649} INFO - org.wololo#jts2geojson;0.16.1 from central in [default]
[2024-10-11T13:29:56.723+0000] {spark_submit.py:649} INFO - ---------------------------------------------------------------------
[2024-10-11T13:29:56.724+0000] {spark_submit.py:649} INFO - |                  |            modules            ||   artifacts   |
[2024-10-11T13:29:56.724+0000] {spark_submit.py:649} INFO - |       conf       | number| search|dwnlded|evicted|| number|dwnlded|
[2024-10-11T13:29:56.724+0000] {spark_submit.py:649} INFO - ---------------------------------------------------------------------
[2024-10-11T13:29:56.724+0000] {spark_submit.py:649} INFO - |      default     |   7   |   0   |   0   |   0   ||   7   |   0   |
[2024-10-11T13:29:56.724+0000] {spark_submit.py:649} INFO - ---------------------------------------------------------------------
[2024-10-11T13:29:56.726+0000] {spark_submit.py:649} INFO - :: retrieving :: org.apache.spark#spark-submit-parent-2666b9c2-66fb-4223-b3cc-9612e5d926af
[2024-10-11T13:29:56.726+0000] {spark_submit.py:649} INFO - confs: [default]
[2024-10-11T13:29:56.733+0000] {spark_submit.py:649} INFO - 0 artifacts copied, 7 already retrieved (0kB/7ms)
[2024-10-11T13:29:56.849+0000] {spark_submit.py:649} INFO - 24/10/11 13:29:56 WARN NativeCodeLoader: Unable to load native-hadoop library for your platform... using builtin-java classes where applicable
[2024-10-11T13:29:58.510+0000] {spark_submit.py:649} INFO - 24/10/11 13:29:58 INFO SparkContext: Running Spark version 3.3.2
[2024-10-11T13:29:58.523+0000] {spark_submit.py:649} INFO - 24/10/11 13:29:58 INFO ResourceUtils: ==============================================================
[2024-10-11T13:29:58.523+0000] {spark_submit.py:649} INFO - 24/10/11 13:29:58 INFO ResourceUtils: No custom resources configured for spark.driver.
[2024-10-11T13:29:58.523+0000] {spark_submit.py:649} INFO - 24/10/11 13:29:58 INFO ResourceUtils: ==============================================================
[2024-10-11T13:29:58.523+0000] {spark_submit.py:649} INFO - 24/10/11 13:29:58 INFO SparkContext: Submitted application: BigQueryETL
[2024-10-11T13:29:58.535+0000] {spark_submit.py:649} INFO - 24/10/11 13:29:58 INFO ResourceProfile: Default ResourceProfile created, executor resources: Map(cores -> name: cores, amount: 1, script: , vendor: , memory -> name: memory, amount: 1024, script: , vendor: , offHeap -> name: offHeap, amount: 0, script: , vendor: ), task resources: Map(cpus -> name: cpus, amount: 1.0)
[2024-10-11T13:29:58.540+0000] {spark_submit.py:649} INFO - 24/10/11 13:29:58 INFO ResourceProfile: Limiting resource is cpu
[2024-10-11T13:29:58.540+0000] {spark_submit.py:649} INFO - 24/10/11 13:29:58 INFO ResourceProfileManager: Added ResourceProfile id: 0
[2024-10-11T13:29:58.568+0000] {spark_submit.py:649} INFO - 24/10/11 13:29:58 INFO SecurityManager: Changing view acls to: airflow
[2024-10-11T13:29:58.569+0000] {spark_submit.py:649} INFO - 24/10/11 13:29:58 INFO SecurityManager: Changing modify acls to: airflow
[2024-10-11T13:29:58.569+0000] {spark_submit.py:649} INFO - 24/10/11 13:29:58 INFO SecurityManager: Changing view acls groups to:
[2024-10-11T13:29:58.569+0000] {spark_submit.py:649} INFO - 24/10/11 13:29:58 INFO SecurityManager: Changing modify acls groups to:
[2024-10-11T13:29:58.569+0000] {spark_submit.py:649} INFO - 24/10/11 13:29:58 INFO SecurityManager: SecurityManager: authentication disabled; ui acls disabled; users  with view permissions: Set(airflow); groups with view permissions: Set(); users  with modify permissions: Set(airflow); groups with modify permissions: Set()
[2024-10-11T13:29:58.715+0000] {spark_submit.py:649} INFO - 24/10/11 13:29:58 INFO Utils: Successfully started service 'sparkDriver' on port 43115.
[2024-10-11T13:29:58.731+0000] {spark_submit.py:649} INFO - 24/10/11 13:29:58 INFO SparkEnv: Registering MapOutputTracker
[2024-10-11T13:29:58.753+0000] {spark_submit.py:649} INFO - 24/10/11 13:29:58 INFO SparkEnv: Registering BlockManagerMaster
[2024-10-11T13:29:58.772+0000] {spark_submit.py:649} INFO - 24/10/11 13:29:58 INFO BlockManagerMasterEndpoint: Using org.apache.spark.storage.DefaultTopologyMapper for getting topology information
[2024-10-11T13:29:58.773+0000] {spark_submit.py:649} INFO - 24/10/11 13:29:58 INFO BlockManagerMasterEndpoint: BlockManagerMasterEndpoint up
[2024-10-11T13:29:58.775+0000] {spark_submit.py:649} INFO - 24/10/11 13:29:58 INFO SparkEnv: Registering BlockManagerMasterHeartbeat
[2024-10-11T13:29:58.790+0000] {spark_submit.py:649} INFO - 24/10/11 13:29:58 INFO DiskBlockManager: Created local directory at /tmp/blockmgr-99d17549-b769-4ab1-b522-98f982465d55
[2024-10-11T13:29:58.800+0000] {spark_submit.py:649} INFO - 24/10/11 13:29:58 INFO MemoryStore: MemoryStore started with capacity 434.4 MiB
[2024-10-11T13:29:58.809+0000] {spark_submit.py:649} INFO - 24/10/11 13:29:58 INFO SparkEnv: Registering OutputCommitCoordinator
[2024-10-11T13:29:58.914+0000] {spark_submit.py:649} INFO - 24/10/11 13:29:58 INFO Utils: Successfully started service 'SparkUI' on port 4040.
[2024-10-11T13:29:58.934+0000] {spark_submit.py:649} INFO - 24/10/11 13:29:58 INFO SparkContext: Added JAR file:///home/airflow/.ivy2/jars/org.apache.sedona_sedona-python-adapter-3.0_2.12-1.2.0-incubating.jar at spark://yellow-cab-airflow-scheduler:43115/jars/org.apache.sedona_sedona-python-adapter-3.0_2.12-1.2.0-incubating.jar with timestamp 1728653398504
[2024-10-11T13:29:58.934+0000] {spark_submit.py:649} INFO - 24/10/11 13:29:58 INFO SparkContext: Added JAR file:///home/airflow/.ivy2/jars/org.datasyslab_geotools-wrapper-geotools-24.0.jar at spark://yellow-cab-airflow-scheduler:43115/jars/org.datasyslab_geotools-wrapper-geotools-24.0.jar with timestamp 1728653398504
[2024-10-11T13:29:58.934+0000] {spark_submit.py:649} INFO - 24/10/11 13:29:58 INFO SparkContext: Added JAR file:///home/airflow/.ivy2/jars/org.locationtech.jts_jts-core-1.18.0.jar at spark://yellow-cab-airflow-scheduler:43115/jars/org.locationtech.jts_jts-core-1.18.0.jar with timestamp 1728653398504
[2024-10-11T13:29:58.935+0000] {spark_submit.py:649} INFO - 24/10/11 13:29:58 INFO SparkContext: Added JAR file:///home/airflow/.ivy2/jars/org.wololo_jts2geojson-0.16.1.jar at spark://yellow-cab-airflow-scheduler:43115/jars/org.wololo_jts2geojson-0.16.1.jar with timestamp 1728653398504
[2024-10-11T13:29:58.935+0000] {spark_submit.py:649} INFO - 24/10/11 13:29:58 INFO SparkContext: Added JAR file:///home/airflow/.ivy2/jars/org.apache.sedona_sedona-core-3.0_2.12-1.2.0-incubating.jar at spark://yellow-cab-airflow-scheduler:43115/jars/org.apache.sedona_sedona-core-3.0_2.12-1.2.0-incubating.jar with timestamp 1728653398504
[2024-10-11T13:29:58.935+0000] {spark_submit.py:649} INFO - 24/10/11 13:29:58 INFO SparkContext: Added JAR file:///home/airflow/.ivy2/jars/org.apache.sedona_sedona-sql-3.0_2.12-1.2.0-incubating.jar at spark://yellow-cab-airflow-scheduler:43115/jars/org.apache.sedona_sedona-sql-3.0_2.12-1.2.0-incubating.jar with timestamp 1728653398504
[2024-10-11T13:29:58.935+0000] {spark_submit.py:649} INFO - 24/10/11 13:29:58 INFO SparkContext: Added JAR file:///home/airflow/.ivy2/jars/org.scala-lang.modules_scala-collection-compat_2.12-2.5.0.jar at spark://yellow-cab-airflow-scheduler:43115/jars/org.scala-lang.modules_scala-collection-compat_2.12-2.5.0.jar with timestamp 1728653398504
[2024-10-11T13:29:58.937+0000] {spark_submit.py:649} INFO - 24/10/11 13:29:58 INFO SparkContext: Added file file:///home/airflow/.ivy2/jars/org.apache.sedona_sedona-python-adapter-3.0_2.12-1.2.0-incubating.jar at spark://yellow-cab-airflow-scheduler:43115/files/org.apache.sedona_sedona-python-adapter-3.0_2.12-1.2.0-incubating.jar with timestamp 1728653398504
[2024-10-11T13:29:58.937+0000] {spark_submit.py:649} INFO - 24/10/11 13:29:58 INFO Utils: Copying /home/airflow/.ivy2/jars/org.apache.sedona_sedona-python-adapter-3.0_2.12-1.2.0-incubating.jar to /tmp/spark-b36d6c65-306a-4e1b-9cd8-016b3d9610fd/userFiles-7afd67f7-e8e2-4e75-9c13-7a5c944b662e/org.apache.sedona_sedona-python-adapter-3.0_2.12-1.2.0-incubating.jar
[2024-10-11T13:29:58.961+0000] {spark_submit.py:649} INFO - 24/10/11 13:29:58 INFO SparkContext: Added file file:///home/airflow/.ivy2/jars/org.datasyslab_geotools-wrapper-geotools-24.0.jar at spark://yellow-cab-airflow-scheduler:43115/files/org.datasyslab_geotools-wrapper-geotools-24.0.jar with timestamp 1728653398504
[2024-10-11T13:29:58.961+0000] {spark_submit.py:649} INFO - 24/10/11 13:29:58 INFO Utils: Copying /home/airflow/.ivy2/jars/org.datasyslab_geotools-wrapper-geotools-24.0.jar to /tmp/spark-b36d6c65-306a-4e1b-9cd8-016b3d9610fd/userFiles-7afd67f7-e8e2-4e75-9c13-7a5c944b662e/org.datasyslab_geotools-wrapper-geotools-24.0.jar
[2024-10-11T13:29:59.013+0000] {spark_submit.py:649} INFO - 24/10/11 13:29:59 INFO SparkContext: Added file file:///home/airflow/.ivy2/jars/org.locationtech.jts_jts-core-1.18.0.jar at spark://yellow-cab-airflow-scheduler:43115/files/org.locationtech.jts_jts-core-1.18.0.jar with timestamp 1728653398504
[2024-10-11T13:29:59.014+0000] {spark_submit.py:649} INFO - 24/10/11 13:29:59 INFO Utils: Copying /home/airflow/.ivy2/jars/org.locationtech.jts_jts-core-1.18.0.jar to /tmp/spark-b36d6c65-306a-4e1b-9cd8-016b3d9610fd/userFiles-7afd67f7-e8e2-4e75-9c13-7a5c944b662e/org.locationtech.jts_jts-core-1.18.0.jar
[2024-10-11T13:29:59.028+0000] {spark_submit.py:649} INFO - 24/10/11 13:29:59 INFO SparkContext: Added file file:///home/airflow/.ivy2/jars/org.wololo_jts2geojson-0.16.1.jar at spark://yellow-cab-airflow-scheduler:43115/files/org.wololo_jts2geojson-0.16.1.jar with timestamp 1728653398504
[2024-10-11T13:29:59.028+0000] {spark_submit.py:649} INFO - 24/10/11 13:29:59 INFO Utils: Copying /home/airflow/.ivy2/jars/org.wololo_jts2geojson-0.16.1.jar to /tmp/spark-b36d6c65-306a-4e1b-9cd8-016b3d9610fd/userFiles-7afd67f7-e8e2-4e75-9c13-7a5c944b662e/org.wololo_jts2geojson-0.16.1.jar
[2024-10-11T13:29:59.043+0000] {spark_submit.py:649} INFO - 24/10/11 13:29:59 INFO SparkContext: Added file file:///home/airflow/.ivy2/jars/org.apache.sedona_sedona-core-3.0_2.12-1.2.0-incubating.jar at spark://yellow-cab-airflow-scheduler:43115/files/org.apache.sedona_sedona-core-3.0_2.12-1.2.0-incubating.jar with timestamp 1728653398504
[2024-10-11T13:29:59.043+0000] {spark_submit.py:649} INFO - 24/10/11 13:29:59 INFO Utils: Copying /home/airflow/.ivy2/jars/org.apache.sedona_sedona-core-3.0_2.12-1.2.0-incubating.jar to /tmp/spark-b36d6c65-306a-4e1b-9cd8-016b3d9610fd/userFiles-7afd67f7-e8e2-4e75-9c13-7a5c944b662e/org.apache.sedona_sedona-core-3.0_2.12-1.2.0-incubating.jar
[2024-10-11T13:29:59.056+0000] {spark_submit.py:649} INFO - 24/10/11 13:29:59 INFO SparkContext: Added file file:///home/airflow/.ivy2/jars/org.apache.sedona_sedona-sql-3.0_2.12-1.2.0-incubating.jar at spark://yellow-cab-airflow-scheduler:43115/files/org.apache.sedona_sedona-sql-3.0_2.12-1.2.0-incubating.jar with timestamp 1728653398504
[2024-10-11T13:29:59.056+0000] {spark_submit.py:649} INFO - 24/10/11 13:29:59 INFO Utils: Copying /home/airflow/.ivy2/jars/org.apache.sedona_sedona-sql-3.0_2.12-1.2.0-incubating.jar to /tmp/spark-b36d6c65-306a-4e1b-9cd8-016b3d9610fd/userFiles-7afd67f7-e8e2-4e75-9c13-7a5c944b662e/org.apache.sedona_sedona-sql-3.0_2.12-1.2.0-incubating.jar
[2024-10-11T13:29:59.072+0000] {spark_submit.py:649} INFO - 24/10/11 13:29:59 INFO SparkContext: Added file file:///home/airflow/.ivy2/jars/org.scala-lang.modules_scala-collection-compat_2.12-2.5.0.jar at spark://yellow-cab-airflow-scheduler:43115/files/org.scala-lang.modules_scala-collection-compat_2.12-2.5.0.jar with timestamp 1728653398504
[2024-10-11T13:29:59.072+0000] {spark_submit.py:649} INFO - 24/10/11 13:29:59 INFO Utils: Copying /home/airflow/.ivy2/jars/org.scala-lang.modules_scala-collection-compat_2.12-2.5.0.jar to /tmp/spark-b36d6c65-306a-4e1b-9cd8-016b3d9610fd/userFiles-7afd67f7-e8e2-4e75-9c13-7a5c944b662e/org.scala-lang.modules_scala-collection-compat_2.12-2.5.0.jar
[2024-10-11T13:29:59.140+0000] {spark_submit.py:649} INFO - 24/10/11 13:29:59 INFO StandaloneAppClient$ClientEndpoint: Connecting to master spark://spark-master:7077...
[2024-10-11T13:29:59.171+0000] {spark_submit.py:649} INFO - 24/10/11 13:29:59 INFO TransportClientFactory: Successfully created connection to spark-master/172.24.0.2:7077 after 16 ms (0 ms spent in bootstraps)
[2024-10-11T13:29:59.290+0000] {spark_submit.py:649} INFO - 24/10/11 13:29:59 INFO StandaloneSchedulerBackend: Connected to Spark cluster with app ID app-20241011132959-0019
[2024-10-11T13:29:59.291+0000] {spark_submit.py:649} INFO - 24/10/11 13:29:59 INFO StandaloneAppClient$ClientEndpoint: Executor added: app-20241011132959-0019/0 on worker-20241011080942-172.24.0.3-37269 (172.24.0.3:37269) with 4 core(s)
[2024-10-11T13:29:59.295+0000] {spark_submit.py:649} INFO - 24/10/11 13:29:59 INFO StandaloneSchedulerBackend: Granted executor ID app-20241011132959-0019/0 on hostPort 172.24.0.3:37269 with 4 core(s), 1024.0 MiB RAM
[2024-10-11T13:29:59.298+0000] {spark_submit.py:649} INFO - 24/10/11 13:29:59 INFO Utils: Successfully started service 'org.apache.spark.network.netty.NettyBlockTransferService' on port 44873.
[2024-10-11T13:29:59.299+0000] {spark_submit.py:649} INFO - 24/10/11 13:29:59 INFO NettyBlockTransferService: Server created on yellow-cab-airflow-scheduler:44873
[2024-10-11T13:29:59.300+0000] {spark_submit.py:649} INFO - 24/10/11 13:29:59 INFO BlockManager: Using org.apache.spark.storage.RandomBlockReplicationPolicy for block replication policy
[2024-10-11T13:29:59.305+0000] {spark_submit.py:649} INFO - 24/10/11 13:29:59 INFO BlockManagerMaster: Registering BlockManager BlockManagerId(driver, yellow-cab-airflow-scheduler, 44873, None)
[2024-10-11T13:29:59.308+0000] {spark_submit.py:649} INFO - 24/10/11 13:29:59 INFO BlockManagerMasterEndpoint: Registering block manager yellow-cab-airflow-scheduler:44873 with 434.4 MiB RAM, BlockManagerId(driver, yellow-cab-airflow-scheduler, 44873, None)
[2024-10-11T13:29:59.310+0000] {spark_submit.py:649} INFO - 24/10/11 13:29:59 INFO BlockManagerMaster: Registered BlockManager BlockManagerId(driver, yellow-cab-airflow-scheduler, 44873, None)
[2024-10-11T13:29:59.311+0000] {spark_submit.py:649} INFO - 24/10/11 13:29:59 INFO BlockManager: Initialized BlockManager: BlockManagerId(driver, yellow-cab-airflow-scheduler, 44873, None)
[2024-10-11T13:29:59.387+0000] {spark_submit.py:649} INFO - 24/10/11 13:29:59 INFO StandaloneAppClient$ClientEndpoint: Executor updated: app-20241011132959-0019/0 is now RUNNING
[2024-10-11T13:29:59.449+0000] {spark_submit.py:649} INFO - 24/10/11 13:29:59 INFO StandaloneSchedulerBackend: SchedulerBackend is ready for scheduling beginning after reached minRegisteredResourcesRatio: 0.0
[2024-10-11T13:29:59.563+0000] {spark_submit.py:649} INFO - /spark-scripts/taxi_etl.py:28: DeprecationWarning: Call to deprecated function registerAll (Deprecated since 1.4.1, use SedonaContext.create() instead.).
[2024-10-11T13:29:59.563+0000] {spark_submit.py:649} INFO - SedonaRegistrator.registerAll(spark)
[2024-10-11T13:29:59.567+0000] {spark_submit.py:649} INFO - 24/10/11 13:29:59 INFO SharedState: Setting hive.metastore.warehouse.dir ('null') to the value of spark.sql.warehouse.dir.
[2024-10-11T13:29:59.568+0000] {spark_submit.py:649} INFO - 24/10/11 13:29:59 INFO SharedState: Warehouse path is 'file:/opt/airflow/spark-warehouse'.
[2024-10-11T13:30:01.100+0000] {spark_submit.py:649} INFO - 24/10/11 13:30:01 INFO CoarseGrainedSchedulerBackend$DriverEndpoint: Registered executor NettyRpcEndpointRef(spark-client://Executor) (172.24.0.3:54508) with ID 0,  ResourceProfileId 0
[2024-10-11T13:30:01.140+0000] {spark_submit.py:649} INFO - 24/10/11 13:30:01 INFO BlockManagerMasterEndpoint: Registering block manager 172.24.0.3:37175 with 434.4 MiB RAM, BlockManagerId(0, 172.24.0.3, 37175, None)
[2024-10-11T13:30:01.562+0000] {spark_submit.py:649} INFO - 24/10/11 13:30:01 INFO CodeGenerator: Code generated in 88.805542 ms
[2024-10-11T13:30:01.609+0000] {spark_submit.py:649} INFO - 24/10/11 13:30:01 INFO DAGScheduler: Registering RDD 2 (count at NativeMethodAccessorImpl.java:0) as input to shuffle 0
[2024-10-11T13:30:01.612+0000] {spark_submit.py:649} INFO - 24/10/11 13:30:01 INFO DAGScheduler: Got map stage job 0 (count at NativeMethodAccessorImpl.java:0) with 1 output partitions
[2024-10-11T13:30:01.613+0000] {spark_submit.py:649} INFO - 24/10/11 13:30:01 INFO DAGScheduler: Final stage: ShuffleMapStage 0 (count at NativeMethodAccessorImpl.java:0)
[2024-10-11T13:30:01.613+0000] {spark_submit.py:649} INFO - 24/10/11 13:30:01 INFO DAGScheduler: Parents of final stage: List()
[2024-10-11T13:30:01.614+0000] {spark_submit.py:649} INFO - 24/10/11 13:30:01 INFO DAGScheduler: Missing parents: List()
[2024-10-11T13:30:01.616+0000] {spark_submit.py:649} INFO - 24/10/11 13:30:01 INFO DAGScheduler: Submitting ShuffleMapStage 0 (MapPartitionsRDD[2] at count at NativeMethodAccessorImpl.java:0), which has no missing parents
[2024-10-11T13:30:01.702+0000] {spark_submit.py:649} INFO - 24/10/11 13:30:01 INFO MemoryStore: Block broadcast_0 stored as values in memory (estimated size 10.7 KiB, free 434.4 MiB)
[2024-10-11T13:30:01.722+0000] {spark_submit.py:649} INFO - 24/10/11 13:30:01 INFO MemoryStore: Block broadcast_0_piece0 stored as bytes in memory (estimated size 5.5 KiB, free 434.4 MiB)
[2024-10-11T13:30:01.725+0000] {spark_submit.py:649} INFO - 24/10/11 13:30:01 INFO BlockManagerInfo: Added broadcast_0_piece0 in memory on yellow-cab-airflow-scheduler:44873 (size: 5.5 KiB, free: 434.4 MiB)
[2024-10-11T13:30:01.727+0000] {spark_submit.py:649} INFO - 24/10/11 13:30:01 INFO SparkContext: Created broadcast 0 from broadcast at DAGScheduler.scala:1513
[2024-10-11T13:30:01.741+0000] {spark_submit.py:649} INFO - 24/10/11 13:30:01 INFO DAGScheduler: Submitting 1 missing tasks from ShuffleMapStage 0 (MapPartitionsRDD[2] at count at NativeMethodAccessorImpl.java:0) (first 15 tasks are for partitions Vector(0))
[2024-10-11T13:30:01.742+0000] {spark_submit.py:649} INFO - 24/10/11 13:30:01 INFO TaskSchedulerImpl: Adding task set 0.0 with 1 tasks resource profile 0
[2024-10-11T13:30:02.051+0000] {spark_submit.py:649} INFO - 24/10/11 13:30:02 INFO TaskSetManager: Starting task 0.0 in stage 0.0 (TID 0) (172.24.0.3, executor 0, partition 0, PROCESS_LOCAL, 4654 bytes) taskResourceAssignments Map()
[2024-10-11T13:30:02.215+0000] {spark_submit.py:649} INFO - 24/10/11 13:30:02 INFO BlockManagerInfo: Added broadcast_0_piece0 in memory on 172.24.0.3:37175 (size: 5.5 KiB, free: 434.4 MiB)
[2024-10-11T13:30:02.684+0000] {spark_submit.py:649} INFO - 24/10/11 13:30:02 INFO TaskSetManager: Finished task 0.0 in stage 0.0 (TID 0) in 639 ms on 172.24.0.3 (executor 0) (1/1)
[2024-10-11T13:30:02.685+0000] {spark_submit.py:649} INFO - 24/10/11 13:30:02 INFO TaskSchedulerImpl: Removed TaskSet 0.0, whose tasks have all completed, from pool
[2024-10-11T13:30:02.692+0000] {spark_submit.py:649} INFO - 24/10/11 13:30:02 INFO DAGScheduler: ShuffleMapStage 0 (count at NativeMethodAccessorImpl.java:0) finished in 1.063 s
[2024-10-11T13:30:02.693+0000] {spark_submit.py:649} INFO - 24/10/11 13:30:02 INFO DAGScheduler: looking for newly runnable stages
[2024-10-11T13:30:02.693+0000] {spark_submit.py:649} INFO - 24/10/11 13:30:02 INFO DAGScheduler: running: Set()
[2024-10-11T13:30:02.693+0000] {spark_submit.py:649} INFO - 24/10/11 13:30:02 INFO DAGScheduler: waiting: Set()
[2024-10-11T13:30:02.693+0000] {spark_submit.py:649} INFO - 24/10/11 13:30:02 INFO DAGScheduler: failed: Set()
[2024-10-11T13:30:02.739+0000] {spark_submit.py:649} INFO - 24/10/11 13:30:02 INFO CodeGenerator: Code generated in 12.718375 ms
[2024-10-11T13:30:02.776+0000] {spark_submit.py:649} INFO - 24/10/11 13:30:02 INFO SparkContext: Starting job: count at NativeMethodAccessorImpl.java:0
[2024-10-11T13:30:02.778+0000] {spark_submit.py:649} INFO - 24/10/11 13:30:02 INFO DAGScheduler: Got job 1 (count at NativeMethodAccessorImpl.java:0) with 1 output partitions
[2024-10-11T13:30:02.779+0000] {spark_submit.py:649} INFO - 24/10/11 13:30:02 INFO DAGScheduler: Final stage: ResultStage 2 (count at NativeMethodAccessorImpl.java:0)
[2024-10-11T13:30:02.779+0000] {spark_submit.py:649} INFO - 24/10/11 13:30:02 INFO DAGScheduler: Parents of final stage: List(ShuffleMapStage 1)
[2024-10-11T13:30:02.779+0000] {spark_submit.py:649} INFO - 24/10/11 13:30:02 INFO DAGScheduler: Missing parents: List()
[2024-10-11T13:30:02.780+0000] {spark_submit.py:649} INFO - 24/10/11 13:30:02 INFO DAGScheduler: Submitting ResultStage 2 (MapPartitionsRDD[5] at count at NativeMethodAccessorImpl.java:0), which has no missing parents
[2024-10-11T13:30:02.787+0000] {spark_submit.py:649} INFO - 24/10/11 13:30:02 INFO MemoryStore: Block broadcast_1 stored as values in memory (estimated size 11.1 KiB, free 434.4 MiB)
[2024-10-11T13:30:02.795+0000] {spark_submit.py:649} INFO - 24/10/11 13:30:02 INFO MemoryStore: Block broadcast_1_piece0 stored as bytes in memory (estimated size 5.5 KiB, free 434.4 MiB)
[2024-10-11T13:30:02.799+0000] {spark_submit.py:649} INFO - 24/10/11 13:30:02 INFO BlockManagerInfo: Added broadcast_1_piece0 in memory on yellow-cab-airflow-scheduler:44873 (size: 5.5 KiB, free: 434.4 MiB)
[2024-10-11T13:30:02.801+0000] {spark_submit.py:649} INFO - 24/10/11 13:30:02 INFO SparkContext: Created broadcast 1 from broadcast at DAGScheduler.scala:1513
[2024-10-11T13:30:02.802+0000] {spark_submit.py:649} INFO - 24/10/11 13:30:02 INFO DAGScheduler: Submitting 1 missing tasks from ResultStage 2 (MapPartitionsRDD[5] at count at NativeMethodAccessorImpl.java:0) (first 15 tasks are for partitions Vector(0))
[2024-10-11T13:30:02.803+0000] {spark_submit.py:649} INFO - 24/10/11 13:30:02 INFO TaskSchedulerImpl: Adding task set 2.0 with 1 tasks resource profile 0
[2024-10-11T13:30:02.806+0000] {spark_submit.py:649} INFO - 24/10/11 13:30:02 INFO TaskSetManager: Starting task 0.0 in stage 2.0 (TID 1) (172.24.0.3, executor 0, partition 0, NODE_LOCAL, 4457 bytes) taskResourceAssignments Map()
[2024-10-11T13:30:02.821+0000] {spark_submit.py:649} INFO - 24/10/11 13:30:02 INFO BlockManagerInfo: Removed broadcast_0_piece0 on yellow-cab-airflow-scheduler:44873 in memory (size: 5.5 KiB, free: 434.4 MiB)
[2024-10-11T13:30:02.829+0000] {spark_submit.py:649} INFO - 24/10/11 13:30:02 INFO BlockManagerInfo: Removed broadcast_0_piece0 on 172.24.0.3:37175 in memory (size: 5.5 KiB, free: 434.4 MiB)
[2024-10-11T13:30:02.835+0000] {spark_submit.py:649} INFO - 24/10/11 13:30:02 INFO BlockManagerInfo: Added broadcast_1_piece0 in memory on 172.24.0.3:37175 (size: 5.5 KiB, free: 434.4 MiB)
[2024-10-11T13:30:02.881+0000] {spark_submit.py:649} INFO - 24/10/11 13:30:02 INFO MapOutputTrackerMasterEndpoint: Asked to send map output locations for shuffle 0 to 172.24.0.3:54508
[2024-10-11T13:30:02.971+0000] {spark_submit.py:649} INFO - 24/10/11 13:30:02 INFO TaskSetManager: Finished task 0.0 in stage 2.0 (TID 1) in 170 ms on 172.24.0.3 (executor 0) (1/1)
[2024-10-11T13:30:02.972+0000] {spark_submit.py:649} INFO - 24/10/11 13:30:02 INFO TaskSchedulerImpl: Removed TaskSet 2.0, whose tasks have all completed, from pool
[2024-10-11T13:30:02.972+0000] {spark_submit.py:649} INFO - 24/10/11 13:30:02 INFO DAGScheduler: ResultStage 2 (count at NativeMethodAccessorImpl.java:0) finished in 0.187 s
[2024-10-11T13:30:02.973+0000] {spark_submit.py:649} INFO - 24/10/11 13:30:02 INFO DAGScheduler: Job 1 is finished. Cancelling potential speculative or zombie tasks for this job
[2024-10-11T13:30:02.973+0000] {spark_submit.py:649} INFO - 24/10/11 13:30:02 INFO TaskSchedulerImpl: Killing all running tasks in stage 2: Stage finished
[2024-10-11T13:30:02.974+0000] {spark_submit.py:649} INFO - 24/10/11 13:30:02 INFO DAGScheduler: Job 1 finished: count at NativeMethodAccessorImpl.java:0, took 0.198132 s
[2024-10-11T13:30:03.192+0000] {spark_submit.py:649} INFO - 24/10/11 13:30:03 INFO InMemoryFileIndex: It took 8 ms to list leaf files for 1 paths.
[2024-10-11T13:30:03.219+0000] {spark_submit.py:649} INFO - 24/10/11 13:30:03 INFO InMemoryFileIndex: It took 1 ms to list leaf files for 1 paths.
[2024-10-11T13:30:03.332+0000] {spark_submit.py:649} INFO - 24/10/11 13:30:03 INFO BlockManagerInfo: Removed broadcast_1_piece0 on yellow-cab-airflow-scheduler:44873 in memory (size: 5.5 KiB, free: 434.4 MiB)
[2024-10-11T13:30:03.335+0000] {spark_submit.py:649} INFO - 24/10/11 13:30:03 INFO BlockManagerInfo: Removed broadcast_1_piece0 on 172.24.0.3:37175 in memory (size: 5.5 KiB, free: 434.4 MiB)
[2024-10-11T13:30:03.347+0000] {spark_submit.py:649} INFO - 24/10/11 13:30:03 INFO FileSourceStrategy: Pushed Filters:
[2024-10-11T13:30:03.348+0000] {spark_submit.py:649} INFO - 24/10/11 13:30:03 INFO FileSourceStrategy: Post-Scan Filters: (length(trim(value#14, None)) > 0)
[2024-10-11T13:30:03.348+0000] {spark_submit.py:649} INFO - 24/10/11 13:30:03 INFO FileSourceStrategy: Output Data Schema: struct<value: string>
[2024-10-11T13:30:03.372+0000] {spark_submit.py:649} INFO - 24/10/11 13:30:03 INFO CodeGenerator: Code generated in 9.29275 ms
[2024-10-11T13:30:03.385+0000] {spark_submit.py:649} INFO - 24/10/11 13:30:03 INFO MemoryStore: Block broadcast_2 stored as values in memory (estimated size 204.3 KiB, free 434.2 MiB)
[2024-10-11T13:30:03.403+0000] {spark_submit.py:649} INFO - 24/10/11 13:30:03 INFO MemoryStore: Block broadcast_2_piece0 stored as bytes in memory (estimated size 35.3 KiB, free 434.2 MiB)
[2024-10-11T13:30:03.404+0000] {spark_submit.py:649} INFO - 24/10/11 13:30:03 INFO BlockManagerInfo: Added broadcast_2_piece0 in memory on yellow-cab-airflow-scheduler:44873 (size: 35.3 KiB, free: 434.4 MiB)
[2024-10-11T13:30:03.405+0000] {spark_submit.py:649} INFO - 24/10/11 13:30:03 INFO SparkContext: Created broadcast 2 from csv at NativeMethodAccessorImpl.java:0
[2024-10-11T13:30:03.410+0000] {spark_submit.py:649} INFO - 24/10/11 13:30:03 INFO FileSourceScanExec: Planning scan with bin packing, max size: 4194304 bytes, open cost is considered as scanning 4194304 bytes.
[2024-10-11T13:30:03.443+0000] {spark_submit.py:649} INFO - 24/10/11 13:30:03 INFO SparkContext: Starting job: csv at NativeMethodAccessorImpl.java:0
[2024-10-11T13:30:03.444+0000] {spark_submit.py:649} INFO - 24/10/11 13:30:03 INFO DAGScheduler: Got job 2 (csv at NativeMethodAccessorImpl.java:0) with 1 output partitions
[2024-10-11T13:30:03.444+0000] {spark_submit.py:649} INFO - 24/10/11 13:30:03 INFO DAGScheduler: Final stage: ResultStage 3 (csv at NativeMethodAccessorImpl.java:0)
[2024-10-11T13:30:03.444+0000] {spark_submit.py:649} INFO - 24/10/11 13:30:03 INFO DAGScheduler: Parents of final stage: List()
[2024-10-11T13:30:03.445+0000] {spark_submit.py:649} INFO - 24/10/11 13:30:03 INFO DAGScheduler: Missing parents: List()
[2024-10-11T13:30:03.445+0000] {spark_submit.py:649} INFO - 24/10/11 13:30:03 INFO DAGScheduler: Submitting ResultStage 3 (MapPartitionsRDD[9] at csv at NativeMethodAccessorImpl.java:0), which has no missing parents
[2024-10-11T13:30:03.454+0000] {spark_submit.py:649} INFO - 24/10/11 13:30:03 INFO MemoryStore: Block broadcast_3 stored as values in memory (estimated size 11.8 KiB, free 434.2 MiB)
[2024-10-11T13:30:03.455+0000] {spark_submit.py:649} INFO - 24/10/11 13:30:03 INFO MemoryStore: Block broadcast_3_piece0 stored as bytes in memory (estimated size 5.9 KiB, free 434.1 MiB)
[2024-10-11T13:30:03.456+0000] {spark_submit.py:649} INFO - 24/10/11 13:30:03 INFO BlockManagerInfo: Added broadcast_3_piece0 in memory on yellow-cab-airflow-scheduler:44873 (size: 5.9 KiB, free: 434.4 MiB)
[2024-10-11T13:30:03.456+0000] {spark_submit.py:649} INFO - 24/10/11 13:30:03 INFO SparkContext: Created broadcast 3 from broadcast at DAGScheduler.scala:1513
[2024-10-11T13:30:03.457+0000] {spark_submit.py:649} INFO - 24/10/11 13:30:03 INFO DAGScheduler: Submitting 1 missing tasks from ResultStage 3 (MapPartitionsRDD[9] at csv at NativeMethodAccessorImpl.java:0) (first 15 tasks are for partitions Vector(0))
[2024-10-11T13:30:03.457+0000] {spark_submit.py:649} INFO - 24/10/11 13:30:03 INFO TaskSchedulerImpl: Adding task set 3.0 with 1 tasks resource profile 0
[2024-10-11T13:30:03.459+0000] {spark_submit.py:649} INFO - 24/10/11 13:30:03 INFO TaskSetManager: Starting task 0.0 in stage 3.0 (TID 2) (172.24.0.3, executor 0, partition 0, PROCESS_LOCAL, 4915 bytes) taskResourceAssignments Map()
[2024-10-11T13:30:03.472+0000] {spark_submit.py:649} INFO - 24/10/11 13:30:03 INFO BlockManagerInfo: Added broadcast_3_piece0 in memory on 172.24.0.3:37175 (size: 5.9 KiB, free: 434.4 MiB)
[2024-10-11T13:30:03.570+0000] {spark_submit.py:649} INFO - 24/10/11 13:30:03 INFO BlockManagerInfo: Added broadcast_2_piece0 in memory on 172.24.0.3:37175 (size: 35.3 KiB, free: 434.4 MiB)
[2024-10-11T13:30:03.715+0000] {spark_submit.py:649} INFO - 24/10/11 13:30:03 INFO TaskSetManager: Finished task 0.0 in stage 3.0 (TID 2) in 255 ms on 172.24.0.3 (executor 0) (1/1)
[2024-10-11T13:30:03.716+0000] {spark_submit.py:649} INFO - 24/10/11 13:30:03 INFO TaskSchedulerImpl: Removed TaskSet 3.0, whose tasks have all completed, from pool
[2024-10-11T13:30:03.716+0000] {spark_submit.py:649} INFO - 24/10/11 13:30:03 INFO DAGScheduler: ResultStage 3 (csv at NativeMethodAccessorImpl.java:0) finished in 0.267 s
[2024-10-11T13:30:03.717+0000] {spark_submit.py:649} INFO - 24/10/11 13:30:03 INFO DAGScheduler: Job 2 is finished. Cancelling potential speculative or zombie tasks for this job
[2024-10-11T13:30:03.717+0000] {spark_submit.py:649} INFO - 24/10/11 13:30:03 INFO TaskSchedulerImpl: Killing all running tasks in stage 3: Stage finished
[2024-10-11T13:30:03.718+0000] {spark_submit.py:649} INFO - 24/10/11 13:30:03 INFO DAGScheduler: Job 2 finished: csv at NativeMethodAccessorImpl.java:0, took 0.272294 s
[2024-10-11T13:30:03.732+0000] {spark_submit.py:649} INFO - 24/10/11 13:30:03 INFO CodeGenerator: Code generated in 6.934 ms
[2024-10-11T13:30:03.757+0000] {spark_submit.py:649} INFO - 24/10/11 13:30:03 INFO FileSourceStrategy: Pushed Filters:
[2024-10-11T13:30:03.758+0000] {spark_submit.py:649} INFO - 24/10/11 13:30:03 INFO FileSourceStrategy: Post-Scan Filters:
[2024-10-11T13:30:03.758+0000] {spark_submit.py:649} INFO - 24/10/11 13:30:03 INFO FileSourceStrategy: Output Data Schema: struct<value: string>
[2024-10-11T13:30:03.762+0000] {spark_submit.py:649} INFO - 24/10/11 13:30:03 INFO MemoryStore: Block broadcast_4 stored as values in memory (estimated size 204.3 KiB, free 433.9 MiB)
[2024-10-11T13:30:03.769+0000] {spark_submit.py:649} INFO - 24/10/11 13:30:03 INFO MemoryStore: Block broadcast_4_piece0 stored as bytes in memory (estimated size 35.3 KiB, free 433.9 MiB)
[2024-10-11T13:30:03.769+0000] {spark_submit.py:649} INFO - 24/10/11 13:30:03 INFO BlockManagerInfo: Added broadcast_4_piece0 in memory on yellow-cab-airflow-scheduler:44873 (size: 35.3 KiB, free: 434.3 MiB)
[2024-10-11T13:30:03.770+0000] {spark_submit.py:649} INFO - 24/10/11 13:30:03 INFO SparkContext: Created broadcast 4 from csv at NativeMethodAccessorImpl.java:0
[2024-10-11T13:30:03.771+0000] {spark_submit.py:649} INFO - 24/10/11 13:30:03 INFO FileSourceScanExec: Planning scan with bin packing, max size: 4194304 bytes, open cost is considered as scanning 4194304 bytes.
[2024-10-11T13:30:03.811+0000] {spark_submit.py:649} INFO - 24/10/11 13:30:03 INFO SparkContext: Starting job: csv at NativeMethodAccessorImpl.java:0
[2024-10-11T13:30:03.813+0000] {spark_submit.py:649} INFO - 24/10/11 13:30:03 INFO DAGScheduler: Got job 3 (csv at NativeMethodAccessorImpl.java:0) with 1 output partitions
[2024-10-11T13:30:03.813+0000] {spark_submit.py:649} INFO - 24/10/11 13:30:03 INFO DAGScheduler: Final stage: ResultStage 4 (csv at NativeMethodAccessorImpl.java:0)
[2024-10-11T13:30:03.813+0000] {spark_submit.py:649} INFO - 24/10/11 13:30:03 INFO DAGScheduler: Parents of final stage: List()
[2024-10-11T13:30:03.813+0000] {spark_submit.py:649} INFO - 24/10/11 13:30:03 INFO DAGScheduler: Missing parents: List()
[2024-10-11T13:30:03.814+0000] {spark_submit.py:649} INFO - 24/10/11 13:30:03 INFO DAGScheduler: Submitting ResultStage 4 (MapPartitionsRDD[15] at csv at NativeMethodAccessorImpl.java:0), which has no missing parents
[2024-10-11T13:30:03.829+0000] {spark_submit.py:649} INFO - 24/10/11 13:30:03 INFO MemoryStore: Block broadcast_5 stored as values in memory (estimated size 28.5 KiB, free 433.9 MiB)
[2024-10-11T13:30:03.834+0000] {spark_submit.py:649} INFO - 24/10/11 13:30:03 INFO MemoryStore: Block broadcast_5_piece0 stored as bytes in memory (estimated size 12.6 KiB, free 433.9 MiB)
[2024-10-11T13:30:03.834+0000] {spark_submit.py:649} INFO - 24/10/11 13:30:03 INFO BlockManagerInfo: Added broadcast_5_piece0 in memory on yellow-cab-airflow-scheduler:44873 (size: 12.6 KiB, free: 434.3 MiB)
[2024-10-11T13:30:03.835+0000] {spark_submit.py:649} INFO - 24/10/11 13:30:03 INFO SparkContext: Created broadcast 5 from broadcast at DAGScheduler.scala:1513
[2024-10-11T13:30:03.835+0000] {spark_submit.py:649} INFO - 24/10/11 13:30:03 INFO DAGScheduler: Submitting 1 missing tasks from ResultStage 4 (MapPartitionsRDD[15] at csv at NativeMethodAccessorImpl.java:0) (first 15 tasks are for partitions Vector(0))
[2024-10-11T13:30:03.836+0000] {spark_submit.py:649} INFO - 24/10/11 13:30:03 INFO TaskSchedulerImpl: Adding task set 4.0 with 1 tasks resource profile 0
[2024-10-11T13:30:03.837+0000] {spark_submit.py:649} INFO - 24/10/11 13:30:03 INFO TaskSetManager: Starting task 0.0 in stage 4.0 (TID 3) (172.24.0.3, executor 0, partition 0, PROCESS_LOCAL, 4915 bytes) taskResourceAssignments Map()
[2024-10-11T13:30:03.863+0000] {spark_submit.py:649} INFO - 24/10/11 13:30:03 INFO BlockManagerInfo: Added broadcast_5_piece0 in memory on 172.24.0.3:37175 (size: 12.6 KiB, free: 434.3 MiB)
[2024-10-11T13:30:04.509+0000] {spark_submit.py:649} INFO - 24/10/11 13:30:04 INFO BlockManagerInfo: Added broadcast_4_piece0 in memory on 172.24.0.3:37175 (size: 35.3 KiB, free: 434.3 MiB)
[2024-10-11T13:30:04.675+0000] {spark_submit.py:649} INFO - 24/10/11 13:30:04 INFO TaskSetManager: Finished task 0.0 in stage 4.0 (TID 3) in 838 ms on 172.24.0.3 (executor 0) (1/1)
[2024-10-11T13:30:04.675+0000] {spark_submit.py:649} INFO - 24/10/11 13:30:04 INFO TaskSchedulerImpl: Removed TaskSet 4.0, whose tasks have all completed, from pool
[2024-10-11T13:30:04.676+0000] {spark_submit.py:649} INFO - 24/10/11 13:30:04 INFO DAGScheduler: ResultStage 4 (csv at NativeMethodAccessorImpl.java:0) finished in 0.860 s
[2024-10-11T13:30:04.676+0000] {spark_submit.py:649} INFO - 24/10/11 13:30:04 INFO DAGScheduler: Job 3 is finished. Cancelling potential speculative or zombie tasks for this job
[2024-10-11T13:30:04.676+0000] {spark_submit.py:649} INFO - 24/10/11 13:30:04 INFO TaskSchedulerImpl: Killing all running tasks in stage 4: Stage finished
[2024-10-11T13:30:04.677+0000] {spark_submit.py:649} INFO - 24/10/11 13:30:04 INFO DAGScheduler: Job 3 finished: csv at NativeMethodAccessorImpl.java:0, took 0.865346 s
[2024-10-11T13:30:04.752+0000] {spark_submit.py:649} INFO - 24/10/11 13:30:04 INFO BlockManagerInfo: Removed broadcast_3_piece0 on yellow-cab-airflow-scheduler:44873 in memory (size: 5.9 KiB, free: 434.3 MiB)
[2024-10-11T13:30:04.754+0000] {spark_submit.py:649} INFO - 24/10/11 13:30:04 INFO BlockManagerInfo: Removed broadcast_3_piece0 on 172.24.0.3:37175 in memory (size: 5.9 KiB, free: 434.3 MiB)
[2024-10-11T13:30:04.759+0000] {spark_submit.py:649} INFO - 24/10/11 13:30:04 INFO BlockManagerInfo: Removed broadcast_5_piece0 on yellow-cab-airflow-scheduler:44873 in memory (size: 12.6 KiB, free: 434.3 MiB)
[2024-10-11T13:30:04.761+0000] {spark_submit.py:649} INFO - 24/10/11 13:30:04 INFO BlockManagerInfo: Removed broadcast_5_piece0 on 172.24.0.3:37175 in memory (size: 12.6 KiB, free: 434.3 MiB)
[2024-10-11T13:30:04.812+0000] {spark_submit.py:649} INFO - schema nya dim datetime:
[2024-10-11T13:30:04.815+0000] {spark_submit.py:649} INFO - root
[2024-10-11T13:30:04.815+0000] {spark_submit.py:649} INFO - |-- tpep_pickup_datetime: timestamp (nullable = true)
[2024-10-11T13:30:04.816+0000] {spark_submit.py:649} INFO - |-- Datetime: timestamp (nullable = true)
[2024-10-11T13:30:04.816+0000] {spark_submit.py:649} INFO - |-- Year: integer (nullable = true)
[2024-10-11T13:30:04.816+0000] {spark_submit.py:649} INFO - |-- Month: integer (nullable = true)
[2024-10-11T13:30:04.816+0000] {spark_submit.py:649} INFO - |-- Day: integer (nullable = true)
[2024-10-11T13:30:04.816+0000] {spark_submit.py:649} INFO - |-- Hour: integer (nullable = true)
[2024-10-11T13:30:04.816+0000] {spark_submit.py:649} INFO - |-- Day_of_Week: integer (nullable = true)
[2024-10-11T13:30:04.817+0000] {spark_submit.py:649} INFO - |-- Weekend_Indicator: boolean (nullable = false)
[2024-10-11T13:30:04.817+0000] {spark_submit.py:649} INFO - 
[2024-10-11T13:30:05.155+0000] {spark_submit.py:649} INFO - 24/10/11 13:30:05 INFO FileSourceStrategy: Pushed Filters:
[2024-10-11T13:30:05.155+0000] {spark_submit.py:649} INFO - 24/10/11 13:30:05 INFO FileSourceStrategy: Post-Scan Filters: atleastnnonnulls(4, tpep_pickup_datetime#32, tpep_dropoff_datetime#33, pickup_longitude#36, pickup_latitude#37)
[2024-10-11T13:30:05.155+0000] {spark_submit.py:649} INFO - 24/10/11 13:30:05 INFO FileSourceStrategy: Output Data Schema: struct<VendorID: int, tpep_pickup_datetime: timestamp, tpep_dropoff_datetime: timestamp, pickup_longitude: double, pickup_latitude: double ... 3 more fields>
[2024-10-11T13:30:05.172+0000] {spark_submit.py:649} INFO - 24/10/11 13:30:05 INFO HashAggregateExec: spark.sql.codegen.aggregate.map.twolevel.enabled is set to true, but current version of codegened fast hashmap does not support this aggregate.
[2024-10-11T13:30:05.214+0000] {spark_submit.py:649} INFO - 24/10/11 13:30:05 INFO CodeGenerator: Code generated in 33.768417 ms
[2024-10-11T13:30:05.216+0000] {spark_submit.py:649} INFO - 24/10/11 13:30:05 INFO MemoryStore: Block broadcast_6 stored as values in memory (estimated size 204.2 KiB, free 433.7 MiB)
[2024-10-11T13:30:05.225+0000] {spark_submit.py:649} INFO - 24/10/11 13:30:05 INFO MemoryStore: Block broadcast_6_piece0 stored as bytes in memory (estimated size 35.3 KiB, free 433.7 MiB)
[2024-10-11T13:30:05.226+0000] {spark_submit.py:649} INFO - 24/10/11 13:30:05 INFO BlockManagerInfo: Added broadcast_6_piece0 in memory on yellow-cab-airflow-scheduler:44873 (size: 35.3 KiB, free: 434.3 MiB)
[2024-10-11T13:30:05.226+0000] {spark_submit.py:649} INFO - 24/10/11 13:30:05 INFO SparkContext: Created broadcast 6 from toPandas at /spark-scripts/taxi_etl.py:115
[2024-10-11T13:30:05.231+0000] {spark_submit.py:649} INFO - 24/10/11 13:30:05 INFO FileSourceScanExec: Planning scan with bin packing, max size: 4194304 bytes, open cost is considered as scanning 4194304 bytes.
[2024-10-11T13:30:05.238+0000] {spark_submit.py:649} INFO - 24/10/11 13:30:05 INFO DAGScheduler: Registering RDD 19 (toPandas at /spark-scripts/taxi_etl.py:115) as input to shuffle 1
[2024-10-11T13:30:05.239+0000] {spark_submit.py:649} INFO - 24/10/11 13:30:05 INFO DAGScheduler: Got map stage job 4 (toPandas at /spark-scripts/taxi_etl.py:115) with 1 output partitions
[2024-10-11T13:30:05.239+0000] {spark_submit.py:649} INFO - 24/10/11 13:30:05 INFO DAGScheduler: Final stage: ShuffleMapStage 5 (toPandas at /spark-scripts/taxi_etl.py:115)
[2024-10-11T13:30:05.239+0000] {spark_submit.py:649} INFO - 24/10/11 13:30:05 INFO DAGScheduler: Parents of final stage: List()
[2024-10-11T13:30:05.242+0000] {spark_submit.py:649} INFO - 24/10/11 13:30:05 INFO DAGScheduler: Missing parents: List()
[2024-10-11T13:30:05.246+0000] {spark_submit.py:649} INFO - 24/10/11 13:30:05 INFO DAGScheduler: Submitting ShuffleMapStage 5 (MapPartitionsRDD[19] at toPandas at /spark-scripts/taxi_etl.py:115), which has no missing parents
[2024-10-11T13:30:05.247+0000] {spark_submit.py:649} INFO - 24/10/11 13:30:05 INFO BlockManagerInfo: Removed broadcast_4_piece0 on yellow-cab-airflow-scheduler:44873 in memory (size: 35.3 KiB, free: 434.3 MiB)
[2024-10-11T13:30:05.247+0000] {spark_submit.py:649} INFO - 24/10/11 13:30:05 INFO MemoryStore: Block broadcast_7 stored as values in memory (estimated size 27.4 KiB, free 433.7 MiB)
[2024-10-11T13:30:05.248+0000] {spark_submit.py:649} INFO - 24/10/11 13:30:05 INFO MemoryStore: Block broadcast_7_piece0 stored as bytes in memory (estimated size 12.7 KiB, free 433.9 MiB)
[2024-10-11T13:30:05.249+0000] {spark_submit.py:649} INFO - 24/10/11 13:30:05 INFO BlockManagerInfo: Added broadcast_7_piece0 in memory on yellow-cab-airflow-scheduler:44873 (size: 12.7 KiB, free: 434.3 MiB)
[2024-10-11T13:30:05.250+0000] {spark_submit.py:649} INFO - 24/10/11 13:30:05 INFO SparkContext: Created broadcast 7 from broadcast at DAGScheduler.scala:1513
[2024-10-11T13:30:05.250+0000] {spark_submit.py:649} INFO - 24/10/11 13:30:05 INFO BlockManagerInfo: Removed broadcast_4_piece0 on 172.24.0.3:37175 in memory (size: 35.3 KiB, free: 434.4 MiB)
[2024-10-11T13:30:05.250+0000] {spark_submit.py:649} INFO - 24/10/11 13:30:05 INFO DAGScheduler: Submitting 1 missing tasks from ShuffleMapStage 5 (MapPartitionsRDD[19] at toPandas at /spark-scripts/taxi_etl.py:115) (first 15 tasks are for partitions Vector(0))
[2024-10-11T13:30:05.250+0000] {spark_submit.py:649} INFO - 24/10/11 13:30:05 INFO TaskSchedulerImpl: Adding task set 5.0 with 1 tasks resource profile 0
[2024-10-11T13:30:05.250+0000] {spark_submit.py:649} INFO - 24/10/11 13:30:05 INFO TaskSetManager: Starting task 0.0 in stage 5.0 (TID 4) (172.24.0.3, executor 0, partition 0, PROCESS_LOCAL, 4904 bytes) taskResourceAssignments Map()
[2024-10-11T13:30:05.258+0000] {spark_submit.py:649} INFO - 24/10/11 13:30:05 INFO BlockManagerInfo: Removed broadcast_2_piece0 on yellow-cab-airflow-scheduler:44873 in memory (size: 35.3 KiB, free: 434.4 MiB)
[2024-10-11T13:30:05.260+0000] {spark_submit.py:649} INFO - 24/10/11 13:30:05 INFO BlockManagerInfo: Removed broadcast_2_piece0 on 172.24.0.3:37175 in memory (size: 35.3 KiB, free: 434.4 MiB)
[2024-10-11T13:30:05.264+0000] {spark_submit.py:649} INFO - 24/10/11 13:30:05 INFO BlockManagerInfo: Added broadcast_7_piece0 in memory on 172.24.0.3:37175 (size: 12.7 KiB, free: 434.4 MiB)
[2024-10-11T13:30:05.385+0000] {spark_submit.py:649} INFO - 24/10/11 13:30:05 INFO BlockManagerInfo: Added broadcast_6_piece0 in memory on 172.24.0.3:37175 (size: 35.3 KiB, free: 434.4 MiB)
[2024-10-11T13:30:05.574+0000] {spark_submit.py:649} INFO - 24/10/11 13:30:05 INFO TaskSetManager: Finished task 0.0 in stage 5.0 (TID 4) in 324 ms on 172.24.0.3 (executor 0) (1/1)
[2024-10-11T13:30:05.575+0000] {spark_submit.py:649} INFO - 24/10/11 13:30:05 INFO TaskSchedulerImpl: Removed TaskSet 5.0, whose tasks have all completed, from pool
[2024-10-11T13:30:05.576+0000] {spark_submit.py:649} INFO - 24/10/11 13:30:05 INFO DAGScheduler: ShuffleMapStage 5 (toPandas at /spark-scripts/taxi_etl.py:115) finished in 0.332 s
[2024-10-11T13:30:05.576+0000] {spark_submit.py:649} INFO - 24/10/11 13:30:05 INFO DAGScheduler: looking for newly runnable stages
[2024-10-11T13:30:05.577+0000] {spark_submit.py:649} INFO - 24/10/11 13:30:05 INFO DAGScheduler: running: Set()
[2024-10-11T13:30:05.577+0000] {spark_submit.py:649} INFO - 24/10/11 13:30:05 INFO DAGScheduler: waiting: Set()
[2024-10-11T13:30:05.577+0000] {spark_submit.py:649} INFO - 24/10/11 13:30:05 INFO DAGScheduler: failed: Set()
[2024-10-11T13:30:05.584+0000] {spark_submit.py:649} INFO - 24/10/11 13:30:05 INFO ShufflePartitionsUtil: For shuffle(1), advisory target size: 67108864, actual target size 1048576, minimum partition size: 1048576
[2024-10-11T13:30:05.595+0000] {spark_submit.py:649} INFO - 24/10/11 13:30:05 INFO HashAggregateExec: spark.sql.codegen.aggregate.map.twolevel.enabled is set to true, but current version of codegened fast hashmap does not support this aggregate.
[2024-10-11T13:30:05.618+0000] {spark_submit.py:649} INFO - 24/10/11 13:30:05 INFO CodeGenerator: Code generated in 18.647625 ms
[2024-10-11T13:30:05.633+0000] {spark_submit.py:649} INFO - 24/10/11 13:30:05 INFO SparkContext: Starting job: toPandas at /spark-scripts/taxi_etl.py:115
[2024-10-11T13:30:05.633+0000] {spark_submit.py:649} INFO - 24/10/11 13:30:05 INFO DAGScheduler: Got job 5 (toPandas at /spark-scripts/taxi_etl.py:115) with 1 output partitions
[2024-10-11T13:30:05.633+0000] {spark_submit.py:649} INFO - 24/10/11 13:30:05 INFO DAGScheduler: Final stage: ResultStage 7 (toPandas at /spark-scripts/taxi_etl.py:115)
[2024-10-11T13:30:05.633+0000] {spark_submit.py:649} INFO - 24/10/11 13:30:05 INFO DAGScheduler: Parents of final stage: List(ShuffleMapStage 6)
[2024-10-11T13:30:05.634+0000] {spark_submit.py:649} INFO - 24/10/11 13:30:05 INFO DAGScheduler: Missing parents: List()
[2024-10-11T13:30:05.634+0000] {spark_submit.py:649} INFO - 24/10/11 13:30:05 INFO DAGScheduler: Submitting ResultStage 7 (MapPartitionsRDD[22] at toPandas at /spark-scripts/taxi_etl.py:115), which has no missing parents
[2024-10-11T13:30:05.642+0000] {spark_submit.py:649} INFO - 24/10/11 13:30:05 INFO MemoryStore: Block broadcast_8 stored as values in memory (estimated size 37.0 KiB, free 434.1 MiB)
[2024-10-11T13:30:05.643+0000] {spark_submit.py:649} INFO - 24/10/11 13:30:05 INFO MemoryStore: Block broadcast_8_piece0 stored as bytes in memory (estimated size 17.5 KiB, free 434.1 MiB)
[2024-10-11T13:30:05.643+0000] {spark_submit.py:649} INFO - 24/10/11 13:30:05 INFO BlockManagerInfo: Added broadcast_8_piece0 in memory on yellow-cab-airflow-scheduler:44873 (size: 17.5 KiB, free: 434.3 MiB)
[2024-10-11T13:30:05.644+0000] {spark_submit.py:649} INFO - 24/10/11 13:30:05 INFO SparkContext: Created broadcast 8 from broadcast at DAGScheduler.scala:1513
[2024-10-11T13:30:05.644+0000] {spark_submit.py:649} INFO - 24/10/11 13:30:05 INFO DAGScheduler: Submitting 1 missing tasks from ResultStage 7 (MapPartitionsRDD[22] at toPandas at /spark-scripts/taxi_etl.py:115) (first 15 tasks are for partitions Vector(0))
[2024-10-11T13:30:05.644+0000] {spark_submit.py:649} INFO - 24/10/11 13:30:05 INFO TaskSchedulerImpl: Adding task set 7.0 with 1 tasks resource profile 0
[2024-10-11T13:30:05.645+0000] {spark_submit.py:649} INFO - 24/10/11 13:30:05 INFO TaskSetManager: Starting task 0.0 in stage 7.0 (TID 5) (172.24.0.3, executor 0, partition 0, NODE_LOCAL, 4457 bytes) taskResourceAssignments Map()
[2024-10-11T13:30:05.654+0000] {spark_submit.py:649} INFO - 24/10/11 13:30:05 INFO BlockManagerInfo: Added broadcast_8_piece0 in memory on 172.24.0.3:37175 (size: 17.5 KiB, free: 434.3 MiB)
[2024-10-11T13:30:05.667+0000] {spark_submit.py:649} INFO - 24/10/11 13:30:05 INFO MapOutputTrackerMasterEndpoint: Asked to send map output locations for shuffle 1 to 172.24.0.3:54508
[2024-10-11T13:30:05.692+0000] {spark_submit.py:649} INFO - 24/10/11 13:30:05 INFO TaskSetManager: Finished task 0.0 in stage 7.0 (TID 5) in 46 ms on 172.24.0.3 (executor 0) (1/1)
[2024-10-11T13:30:05.692+0000] {spark_submit.py:649} INFO - 24/10/11 13:30:05 INFO TaskSchedulerImpl: Removed TaskSet 7.0, whose tasks have all completed, from pool
[2024-10-11T13:30:05.692+0000] {spark_submit.py:649} INFO - 24/10/11 13:30:05 INFO DAGScheduler: ResultStage 7 (toPandas at /spark-scripts/taxi_etl.py:115) finished in 0.052 s
[2024-10-11T13:30:05.693+0000] {spark_submit.py:649} INFO - 24/10/11 13:30:05 INFO DAGScheduler: Job 5 is finished. Cancelling potential speculative or zombie tasks for this job
[2024-10-11T13:30:05.693+0000] {spark_submit.py:649} INFO - 24/10/11 13:30:05 INFO TaskSchedulerImpl: Killing all running tasks in stage 7: Stage finished
[2024-10-11T13:30:05.693+0000] {spark_submit.py:649} INFO - 24/10/11 13:30:05 INFO DAGScheduler: Job 5 finished: toPandas at /spark-scripts/taxi_etl.py:115, took 0.060197 s
[2024-10-11T13:30:11.619+0000] {spark_submit.py:649} INFO - 24/10/11 13:30:11 INFO FileSourceStrategy: Pushed Filters:
[2024-10-11T13:30:11.619+0000] {spark_submit.py:649} INFO - 24/10/11 13:30:11 INFO FileSourceStrategy: Post-Scan Filters: atleastnnonnulls(4, tpep_pickup_datetime#32, tpep_dropoff_datetime#33, pickup_longitude#36, pickup_latitude#37)
[2024-10-11T13:30:11.620+0000] {spark_submit.py:649} INFO - 24/10/11 13:30:11 INFO FileSourceStrategy: Output Data Schema: struct<tpep_pickup_datetime: timestamp, tpep_dropoff_datetime: timestamp, pickup_longitude: double, pickup_latitude: double, RatecodeID: int ... 3 more fields>
[2024-10-11T13:30:11.630+0000] {spark_submit.py:649} INFO - 24/10/11 13:30:11 INFO HashAggregateExec: spark.sql.codegen.aggregate.map.twolevel.enabled is set to true, but current version of codegened fast hashmap does not support this aggregate.
[2024-10-11T13:30:11.649+0000] {spark_submit.py:649} INFO - 24/10/11 13:30:11 INFO CodeGenerator: Code generated in 15.056375 ms
[2024-10-11T13:30:11.652+0000] {spark_submit.py:649} INFO - 24/10/11 13:30:11 INFO MemoryStore: Block broadcast_9 stored as values in memory (estimated size 204.2 KiB, free 433.9 MiB)
[2024-10-11T13:30:11.660+0000] {spark_submit.py:649} INFO - 24/10/11 13:30:11 INFO MemoryStore: Block broadcast_9_piece0 stored as bytes in memory (estimated size 35.3 KiB, free 433.8 MiB)
[2024-10-11T13:30:11.660+0000] {spark_submit.py:649} INFO - 24/10/11 13:30:11 INFO BlockManagerInfo: Added broadcast_9_piece0 in memory on yellow-cab-airflow-scheduler:44873 (size: 35.3 KiB, free: 434.3 MiB)
[2024-10-11T13:30:11.661+0000] {spark_submit.py:649} INFO - 24/10/11 13:30:11 INFO SparkContext: Created broadcast 9 from toPandas at /spark-scripts/taxi_etl.py:118
[2024-10-11T13:30:11.662+0000] {spark_submit.py:649} INFO - 24/10/11 13:30:11 INFO FileSourceScanExec: Planning scan with bin packing, max size: 4194304 bytes, open cost is considered as scanning 4194304 bytes.
[2024-10-11T13:30:11.665+0000] {spark_submit.py:649} INFO - 24/10/11 13:30:11 INFO DAGScheduler: Registering RDD 26 (toPandas at /spark-scripts/taxi_etl.py:118) as input to shuffle 2
[2024-10-11T13:30:11.665+0000] {spark_submit.py:649} INFO - 24/10/11 13:30:11 INFO DAGScheduler: Got map stage job 6 (toPandas at /spark-scripts/taxi_etl.py:118) with 1 output partitions
[2024-10-11T13:30:11.665+0000] {spark_submit.py:649} INFO - 24/10/11 13:30:11 INFO DAGScheduler: Final stage: ShuffleMapStage 8 (toPandas at /spark-scripts/taxi_etl.py:118)
[2024-10-11T13:30:11.666+0000] {spark_submit.py:649} INFO - 24/10/11 13:30:11 INFO DAGScheduler: Parents of final stage: List()
[2024-10-11T13:30:11.666+0000] {spark_submit.py:649} INFO - 24/10/11 13:30:11 INFO DAGScheduler: Missing parents: List()
[2024-10-11T13:30:11.666+0000] {spark_submit.py:649} INFO - 24/10/11 13:30:11 INFO DAGScheduler: Submitting ShuffleMapStage 8 (MapPartitionsRDD[26] at toPandas at /spark-scripts/taxi_etl.py:118), which has no missing parents
[2024-10-11T13:30:11.668+0000] {spark_submit.py:649} INFO - 24/10/11 13:30:11 INFO MemoryStore: Block broadcast_10 stored as values in memory (estimated size 27.4 KiB, free 433.8 MiB)
[2024-10-11T13:30:11.671+0000] {spark_submit.py:649} INFO - 24/10/11 13:30:11 INFO MemoryStore: Block broadcast_10_piece0 stored as bytes in memory (estimated size 12.7 KiB, free 433.8 MiB)
[2024-10-11T13:30:11.672+0000] {spark_submit.py:649} INFO - 24/10/11 13:30:11 INFO BlockManagerInfo: Added broadcast_10_piece0 in memory on yellow-cab-airflow-scheduler:44873 (size: 12.7 KiB, free: 434.3 MiB)
[2024-10-11T13:30:11.672+0000] {spark_submit.py:649} INFO - 24/10/11 13:30:11 INFO BlockManagerInfo: Removed broadcast_7_piece0 on yellow-cab-airflow-scheduler:44873 in memory (size: 12.7 KiB, free: 434.3 MiB)
[2024-10-11T13:30:11.673+0000] {spark_submit.py:649} INFO - 24/10/11 13:30:11 INFO SparkContext: Created broadcast 10 from broadcast at DAGScheduler.scala:1513
[2024-10-11T13:30:11.673+0000] {spark_submit.py:649} INFO - 24/10/11 13:30:11 INFO DAGScheduler: Submitting 1 missing tasks from ShuffleMapStage 8 (MapPartitionsRDD[26] at toPandas at /spark-scripts/taxi_etl.py:118) (first 15 tasks are for partitions Vector(0))
[2024-10-11T13:30:11.674+0000] {spark_submit.py:649} INFO - 24/10/11 13:30:11 INFO TaskSchedulerImpl: Adding task set 8.0 with 1 tasks resource profile 0
[2024-10-11T13:30:11.676+0000] {spark_submit.py:649} INFO - 24/10/11 13:30:11 INFO TaskSetManager: Starting task 0.0 in stage 8.0 (TID 6) (172.24.0.3, executor 0, partition 0, PROCESS_LOCAL, 4904 bytes) taskResourceAssignments Map()
[2024-10-11T13:30:11.679+0000] {spark_submit.py:649} INFO - 24/10/11 13:30:11 INFO BlockManagerInfo: Removed broadcast_7_piece0 on 172.24.0.3:37175 in memory (size: 12.7 KiB, free: 434.3 MiB)
[2024-10-11T13:30:11.684+0000] {spark_submit.py:649} INFO - 24/10/11 13:30:11 INFO BlockManagerInfo: Removed broadcast_8_piece0 on yellow-cab-airflow-scheduler:44873 in memory (size: 17.5 KiB, free: 434.3 MiB)
[2024-10-11T13:30:11.687+0000] {spark_submit.py:649} INFO - 24/10/11 13:30:11 INFO BlockManagerInfo: Removed broadcast_8_piece0 on 172.24.0.3:37175 in memory (size: 17.5 KiB, free: 434.4 MiB)
[2024-10-11T13:30:11.689+0000] {spark_submit.py:649} INFO - 24/10/11 13:30:11 INFO BlockManagerInfo: Added broadcast_10_piece0 in memory on 172.24.0.3:37175 (size: 12.7 KiB, free: 434.4 MiB)
[2024-10-11T13:30:11.733+0000] {spark_submit.py:649} INFO - 24/10/11 13:30:11 INFO BlockManagerInfo: Added broadcast_9_piece0 in memory on 172.24.0.3:37175 (size: 35.3 KiB, free: 434.3 MiB)
[2024-10-11T13:30:11.837+0000] {spark_submit.py:649} INFO - 24/10/11 13:30:11 INFO TaskSetManager: Finished task 0.0 in stage 8.0 (TID 6) in 162 ms on 172.24.0.3 (executor 0) (1/1)
[2024-10-11T13:30:11.839+0000] {spark_submit.py:649} INFO - 24/10/11 13:30:11 INFO TaskSchedulerImpl: Removed TaskSet 8.0, whose tasks have all completed, from pool
[2024-10-11T13:30:11.839+0000] {spark_submit.py:649} INFO - 24/10/11 13:30:11 INFO DAGScheduler: ShuffleMapStage 8 (toPandas at /spark-scripts/taxi_etl.py:118) finished in 0.172 s
[2024-10-11T13:30:11.840+0000] {spark_submit.py:649} INFO - 24/10/11 13:30:11 INFO DAGScheduler: looking for newly runnable stages
[2024-10-11T13:30:11.840+0000] {spark_submit.py:649} INFO - 24/10/11 13:30:11 INFO DAGScheduler: running: Set()
[2024-10-11T13:30:11.840+0000] {spark_submit.py:649} INFO - 24/10/11 13:30:11 INFO DAGScheduler: waiting: Set()
[2024-10-11T13:30:11.840+0000] {spark_submit.py:649} INFO - 24/10/11 13:30:11 INFO DAGScheduler: failed: Set()
[2024-10-11T13:30:11.841+0000] {spark_submit.py:649} INFO - 24/10/11 13:30:11 INFO ShufflePartitionsUtil: For shuffle(2), advisory target size: 67108864, actual target size 1048576, minimum partition size: 1048576
[2024-10-11T13:30:11.846+0000] {spark_submit.py:649} INFO - 24/10/11 13:30:11 INFO HashAggregateExec: spark.sql.codegen.aggregate.map.twolevel.enabled is set to true, but current version of codegened fast hashmap does not support this aggregate.
[2024-10-11T13:30:11.854+0000] {spark_submit.py:649} INFO - 24/10/11 13:30:11 INFO BlockManagerInfo: Removed broadcast_10_piece0 on yellow-cab-airflow-scheduler:44873 in memory (size: 12.7 KiB, free: 434.3 MiB)
[2024-10-11T13:30:11.856+0000] {spark_submit.py:649} INFO - 24/10/11 13:30:11 INFO BlockManagerInfo: Removed broadcast_10_piece0 on 172.24.0.3:37175 in memory (size: 12.7 KiB, free: 434.3 MiB)
[2024-10-11T13:30:11.871+0000] {spark_submit.py:649} INFO - 24/10/11 13:30:11 INFO CodeGenerator: Code generated in 21.003583 ms
[2024-10-11T13:30:11.888+0000] {spark_submit.py:649} INFO - 24/10/11 13:30:11 INFO SparkContext: Starting job: toPandas at /spark-scripts/taxi_etl.py:118
[2024-10-11T13:30:11.889+0000] {spark_submit.py:649} INFO - 24/10/11 13:30:11 INFO DAGScheduler: Got job 7 (toPandas at /spark-scripts/taxi_etl.py:118) with 1 output partitions
[2024-10-11T13:30:11.889+0000] {spark_submit.py:649} INFO - 24/10/11 13:30:11 INFO DAGScheduler: Final stage: ResultStage 10 (toPandas at /spark-scripts/taxi_etl.py:118)
[2024-10-11T13:30:11.889+0000] {spark_submit.py:649} INFO - 24/10/11 13:30:11 INFO DAGScheduler: Parents of final stage: List(ShuffleMapStage 9)
[2024-10-11T13:30:11.889+0000] {spark_submit.py:649} INFO - 24/10/11 13:30:11 INFO DAGScheduler: Missing parents: List()
[2024-10-11T13:30:11.890+0000] {spark_submit.py:649} INFO - 24/10/11 13:30:11 INFO DAGScheduler: Submitting ResultStage 10 (MapPartitionsRDD[29] at toPandas at /spark-scripts/taxi_etl.py:118), which has no missing parents
[2024-10-11T13:30:11.893+0000] {spark_submit.py:649} INFO - 24/10/11 13:30:11 INFO MemoryStore: Block broadcast_11 stored as values in memory (estimated size 37.3 KiB, free 433.9 MiB)
[2024-10-11T13:30:11.894+0000] {spark_submit.py:649} INFO - 24/10/11 13:30:11 INFO MemoryStore: Block broadcast_11_piece0 stored as bytes in memory (estimated size 17.8 KiB, free 433.9 MiB)
[2024-10-11T13:30:11.895+0000] {spark_submit.py:649} INFO - 24/10/11 13:30:11 INFO BlockManagerInfo: Added broadcast_11_piece0 in memory on yellow-cab-airflow-scheduler:44873 (size: 17.8 KiB, free: 434.3 MiB)
[2024-10-11T13:30:11.895+0000] {spark_submit.py:649} INFO - 24/10/11 13:30:11 INFO SparkContext: Created broadcast 11 from broadcast at DAGScheduler.scala:1513
[2024-10-11T13:30:11.896+0000] {spark_submit.py:649} INFO - 24/10/11 13:30:11 INFO DAGScheduler: Submitting 1 missing tasks from ResultStage 10 (MapPartitionsRDD[29] at toPandas at /spark-scripts/taxi_etl.py:118) (first 15 tasks are for partitions Vector(0))
[2024-10-11T13:30:11.896+0000] {spark_submit.py:649} INFO - 24/10/11 13:30:11 INFO TaskSchedulerImpl: Adding task set 10.0 with 1 tasks resource profile 0
[2024-10-11T13:30:11.897+0000] {spark_submit.py:649} INFO - 24/10/11 13:30:11 INFO TaskSetManager: Starting task 0.0 in stage 10.0 (TID 7) (172.24.0.3, executor 0, partition 0, NODE_LOCAL, 4457 bytes) taskResourceAssignments Map()
[2024-10-11T13:30:11.908+0000] {spark_submit.py:649} INFO - 24/10/11 13:30:11 INFO BlockManagerInfo: Added broadcast_11_piece0 in memory on 172.24.0.3:37175 (size: 17.8 KiB, free: 434.3 MiB)
[2024-10-11T13:30:11.916+0000] {spark_submit.py:649} INFO - 24/10/11 13:30:11 INFO MapOutputTrackerMasterEndpoint: Asked to send map output locations for shuffle 2 to 172.24.0.3:54508
[2024-10-11T13:30:11.938+0000] {spark_submit.py:649} INFO - 24/10/11 13:30:11 INFO TaskSetManager: Finished task 0.0 in stage 10.0 (TID 7) in 42 ms on 172.24.0.3 (executor 0) (1/1)
[2024-10-11T13:30:11.939+0000] {spark_submit.py:649} INFO - 24/10/11 13:30:11 INFO TaskSchedulerImpl: Removed TaskSet 10.0, whose tasks have all completed, from pool
[2024-10-11T13:30:11.939+0000] {spark_submit.py:649} INFO - 24/10/11 13:30:11 INFO DAGScheduler: ResultStage 10 (toPandas at /spark-scripts/taxi_etl.py:118) finished in 0.047 s
[2024-10-11T13:30:11.939+0000] {spark_submit.py:649} INFO - 24/10/11 13:30:11 INFO DAGScheduler: Job 7 is finished. Cancelling potential speculative or zombie tasks for this job
[2024-10-11T13:30:11.940+0000] {spark_submit.py:649} INFO - 24/10/11 13:30:11 INFO TaskSchedulerImpl: Killing all running tasks in stage 10: Stage finished
[2024-10-11T13:30:11.940+0000] {spark_submit.py:649} INFO - 24/10/11 13:30:11 INFO DAGScheduler: Job 7 finished: toPandas at /spark-scripts/taxi_etl.py:118, took 0.051540 s
[2024-10-11T13:30:23.998+0000] {spark_submit.py:649} INFO - 24/10/11 13:30:23 INFO FileSourceStrategy: Pushed Filters:
[2024-10-11T13:30:23.998+0000] {spark_submit.py:649} INFO - 24/10/11 13:30:23 INFO FileSourceStrategy: Post-Scan Filters: atleastnnonnulls(4, tpep_pickup_datetime#32, tpep_dropoff_datetime#33, pickup_longitude#36, pickup_latitude#37)
[2024-10-11T13:30:23.999+0000] {spark_submit.py:649} INFO - 24/10/11 13:30:23 INFO FileSourceStrategy: Output Data Schema: struct<tpep_pickup_datetime: timestamp, tpep_dropoff_datetime: timestamp, pickup_longitude: double, pickup_latitude: double, payment_type: int ... 3 more fields>
[2024-10-11T13:30:24.008+0000] {spark_submit.py:649} INFO - 24/10/11 13:30:24 INFO HashAggregateExec: spark.sql.codegen.aggregate.map.twolevel.enabled is set to true, but current version of codegened fast hashmap does not support this aggregate.
[2024-10-11T13:30:24.014+0000] {spark_submit.py:649} INFO - 24/10/11 13:30:24 INFO MemoryStore: Block broadcast_12 stored as values in memory (estimated size 204.2 KiB, free 433.7 MiB)
[2024-10-11T13:30:24.021+0000] {spark_submit.py:649} INFO - 24/10/11 13:30:24 INFO BlockManagerInfo: Removed broadcast_11_piece0 on yellow-cab-airflow-scheduler:44873 in memory (size: 17.8 KiB, free: 434.3 MiB)
[2024-10-11T13:30:24.024+0000] {spark_submit.py:649} INFO - 24/10/11 13:30:24 INFO BlockManagerInfo: Removed broadcast_11_piece0 on 172.24.0.3:37175 in memory (size: 17.8 KiB, free: 434.3 MiB)
[2024-10-11T13:30:24.025+0000] {spark_submit.py:649} INFO - 24/10/11 13:30:24 INFO MemoryStore: Block broadcast_12_piece0 stored as bytes in memory (estimated size 35.3 KiB, free 433.7 MiB)
[2024-10-11T13:30:24.025+0000] {spark_submit.py:649} INFO - 24/10/11 13:30:24 INFO BlockManagerInfo: Added broadcast_12_piece0 in memory on yellow-cab-airflow-scheduler:44873 (size: 35.3 KiB, free: 434.3 MiB)
[2024-10-11T13:30:24.026+0000] {spark_submit.py:649} INFO - 24/10/11 13:30:24 INFO SparkContext: Created broadcast 12 from toPandas at /spark-scripts/taxi_etl.py:121
[2024-10-11T13:30:24.027+0000] {spark_submit.py:649} INFO - 24/10/11 13:30:24 INFO FileSourceScanExec: Planning scan with bin packing, max size: 4194304 bytes, open cost is considered as scanning 4194304 bytes.
[2024-10-11T13:30:24.030+0000] {spark_submit.py:649} INFO - 24/10/11 13:30:24 INFO DAGScheduler: Registering RDD 33 (toPandas at /spark-scripts/taxi_etl.py:121) as input to shuffle 3
[2024-10-11T13:30:24.030+0000] {spark_submit.py:649} INFO - 24/10/11 13:30:24 INFO DAGScheduler: Got map stage job 8 (toPandas at /spark-scripts/taxi_etl.py:121) with 1 output partitions
[2024-10-11T13:30:24.031+0000] {spark_submit.py:649} INFO - 24/10/11 13:30:24 INFO DAGScheduler: Final stage: ShuffleMapStage 11 (toPandas at /spark-scripts/taxi_etl.py:121)
[2024-10-11T13:30:24.031+0000] {spark_submit.py:649} INFO - 24/10/11 13:30:24 INFO DAGScheduler: Parents of final stage: List()
[2024-10-11T13:30:24.031+0000] {spark_submit.py:649} INFO - 24/10/11 13:30:24 INFO DAGScheduler: Missing parents: List()
[2024-10-11T13:30:24.031+0000] {spark_submit.py:649} INFO - 24/10/11 13:30:24 INFO DAGScheduler: Submitting ShuffleMapStage 11 (MapPartitionsRDD[33] at toPandas at /spark-scripts/taxi_etl.py:121), which has no missing parents
[2024-10-11T13:30:24.032+0000] {spark_submit.py:649} INFO - 24/10/11 13:30:24 INFO MemoryStore: Block broadcast_13 stored as values in memory (estimated size 27.4 KiB, free 433.7 MiB)
[2024-10-11T13:30:24.035+0000] {spark_submit.py:649} INFO - 24/10/11 13:30:24 INFO MemoryStore: Block broadcast_13_piece0 stored as bytes in memory (estimated size 12.7 KiB, free 433.7 MiB)
[2024-10-11T13:30:24.035+0000] {spark_submit.py:649} INFO - 24/10/11 13:30:24 INFO BlockManagerInfo: Added broadcast_13_piece0 in memory on yellow-cab-airflow-scheduler:44873 (size: 12.7 KiB, free: 434.3 MiB)
[2024-10-11T13:30:24.037+0000] {spark_submit.py:649} INFO - 24/10/11 13:30:24 INFO SparkContext: Created broadcast 13 from broadcast at DAGScheduler.scala:1513
[2024-10-11T13:30:24.039+0000] {spark_submit.py:649} INFO - 24/10/11 13:30:24 INFO DAGScheduler: Submitting 1 missing tasks from ShuffleMapStage 11 (MapPartitionsRDD[33] at toPandas at /spark-scripts/taxi_etl.py:121) (first 15 tasks are for partitions Vector(0))
[2024-10-11T13:30:24.043+0000] {spark_submit.py:649} INFO - 24/10/11 13:30:24 INFO TaskSchedulerImpl: Adding task set 11.0 with 1 tasks resource profile 0
[2024-10-11T13:30:24.043+0000] {spark_submit.py:649} INFO - 24/10/11 13:30:24 INFO TaskSetManager: Starting task 0.0 in stage 11.0 (TID 8) (172.24.0.3, executor 0, partition 0, PROCESS_LOCAL, 4904 bytes) taskResourceAssignments Map()
[2024-10-11T13:30:24.048+0000] {spark_submit.py:649} INFO - 24/10/11 13:30:24 INFO BlockManagerInfo: Added broadcast_13_piece0 in memory on 172.24.0.3:37175 (size: 12.7 KiB, free: 434.3 MiB)
[2024-10-11T13:30:24.067+0000] {spark_submit.py:649} INFO - 24/10/11 13:30:24 INFO BlockManagerInfo: Added broadcast_12_piece0 in memory on 172.24.0.3:37175 (size: 35.3 KiB, free: 434.3 MiB)
[2024-10-11T13:30:24.153+0000] {spark_submit.py:649} INFO - 24/10/11 13:30:24 INFO TaskSetManager: Finished task 0.0 in stage 11.0 (TID 8) in 115 ms on 172.24.0.3 (executor 0) (1/1)
[2024-10-11T13:30:24.153+0000] {spark_submit.py:649} INFO - 24/10/11 13:30:24 INFO TaskSchedulerImpl: Removed TaskSet 11.0, whose tasks have all completed, from pool
[2024-10-11T13:30:24.153+0000] {spark_submit.py:649} INFO - 24/10/11 13:30:24 INFO DAGScheduler: ShuffleMapStage 11 (toPandas at /spark-scripts/taxi_etl.py:121) finished in 0.122 s
[2024-10-11T13:30:24.154+0000] {spark_submit.py:649} INFO - 24/10/11 13:30:24 INFO DAGScheduler: looking for newly runnable stages
[2024-10-11T13:30:24.154+0000] {spark_submit.py:649} INFO - 24/10/11 13:30:24 INFO DAGScheduler: running: Set()
[2024-10-11T13:30:24.154+0000] {spark_submit.py:649} INFO - 24/10/11 13:30:24 INFO DAGScheduler: waiting: Set()
[2024-10-11T13:30:24.154+0000] {spark_submit.py:649} INFO - 24/10/11 13:30:24 INFO DAGScheduler: failed: Set()
[2024-10-11T13:30:24.156+0000] {spark_submit.py:649} INFO - 24/10/11 13:30:24 INFO ShufflePartitionsUtil: For shuffle(3), advisory target size: 67108864, actual target size 1048576, minimum partition size: 1048576
[2024-10-11T13:30:24.160+0000] {spark_submit.py:649} INFO - 24/10/11 13:30:24 INFO HashAggregateExec: spark.sql.codegen.aggregate.map.twolevel.enabled is set to true, but current version of codegened fast hashmap does not support this aggregate.
[2024-10-11T13:30:24.168+0000] {spark_submit.py:649} INFO - 24/10/11 13:30:24 INFO SparkContext: Starting job: toPandas at /spark-scripts/taxi_etl.py:121
[2024-10-11T13:30:24.169+0000] {spark_submit.py:649} INFO - 24/10/11 13:30:24 INFO DAGScheduler: Got job 9 (toPandas at /spark-scripts/taxi_etl.py:121) with 1 output partitions
[2024-10-11T13:30:24.169+0000] {spark_submit.py:649} INFO - 24/10/11 13:30:24 INFO DAGScheduler: Final stage: ResultStage 13 (toPandas at /spark-scripts/taxi_etl.py:121)
[2024-10-11T13:30:24.169+0000] {spark_submit.py:649} INFO - 24/10/11 13:30:24 INFO DAGScheduler: Parents of final stage: List(ShuffleMapStage 12)
[2024-10-11T13:30:24.169+0000] {spark_submit.py:649} INFO - 24/10/11 13:30:24 INFO DAGScheduler: Missing parents: List()
[2024-10-11T13:30:24.170+0000] {spark_submit.py:649} INFO - 24/10/11 13:30:24 INFO DAGScheduler: Submitting ResultStage 13 (MapPartitionsRDD[36] at toPandas at /spark-scripts/taxi_etl.py:121), which has no missing parents
[2024-10-11T13:30:24.172+0000] {spark_submit.py:649} INFO - 24/10/11 13:30:24 INFO MemoryStore: Block broadcast_14 stored as values in memory (estimated size 37.3 KiB, free 433.6 MiB)
[2024-10-11T13:30:24.173+0000] {spark_submit.py:649} INFO - 24/10/11 13:30:24 INFO MemoryStore: Block broadcast_14_piece0 stored as bytes in memory (estimated size 17.7 KiB, free 433.6 MiB)
[2024-10-11T13:30:24.174+0000] {spark_submit.py:649} INFO - 24/10/11 13:30:24 INFO BlockManagerInfo: Added broadcast_14_piece0 in memory on yellow-cab-airflow-scheduler:44873 (size: 17.7 KiB, free: 434.3 MiB)
[2024-10-11T13:30:24.174+0000] {spark_submit.py:649} INFO - 24/10/11 13:30:24 INFO SparkContext: Created broadcast 14 from broadcast at DAGScheduler.scala:1513
[2024-10-11T13:30:24.174+0000] {spark_submit.py:649} INFO - 24/10/11 13:30:24 INFO DAGScheduler: Submitting 1 missing tasks from ResultStage 13 (MapPartitionsRDD[36] at toPandas at /spark-scripts/taxi_etl.py:121) (first 15 tasks are for partitions Vector(0))
[2024-10-11T13:30:24.174+0000] {spark_submit.py:649} INFO - 24/10/11 13:30:24 INFO TaskSchedulerImpl: Adding task set 13.0 with 1 tasks resource profile 0
[2024-10-11T13:30:24.175+0000] {spark_submit.py:649} INFO - 24/10/11 13:30:24 INFO TaskSetManager: Starting task 0.0 in stage 13.0 (TID 9) (172.24.0.3, executor 0, partition 0, NODE_LOCAL, 4457 bytes) taskResourceAssignments Map()
[2024-10-11T13:30:24.185+0000] {spark_submit.py:649} INFO - 24/10/11 13:30:24 INFO BlockManagerInfo: Added broadcast_14_piece0 in memory on 172.24.0.3:37175 (size: 17.7 KiB, free: 434.3 MiB)
[2024-10-11T13:30:24.191+0000] {spark_submit.py:649} INFO - 24/10/11 13:30:24 INFO MapOutputTrackerMasterEndpoint: Asked to send map output locations for shuffle 3 to 172.24.0.3:54508
[2024-10-11T13:30:24.201+0000] {spark_submit.py:649} INFO - 24/10/11 13:30:24 INFO TaskSetManager: Finished task 0.0 in stage 13.0 (TID 9) in 26 ms on 172.24.0.3 (executor 0) (1/1)
[2024-10-11T13:30:24.202+0000] {spark_submit.py:649} INFO - 24/10/11 13:30:24 INFO TaskSchedulerImpl: Removed TaskSet 13.0, whose tasks have all completed, from pool
[2024-10-11T13:30:24.202+0000] {spark_submit.py:649} INFO - 24/10/11 13:30:24 INFO DAGScheduler: ResultStage 13 (toPandas at /spark-scripts/taxi_etl.py:121) finished in 0.031 s
[2024-10-11T13:30:24.202+0000] {spark_submit.py:649} INFO - 24/10/11 13:30:24 INFO DAGScheduler: Job 9 is finished. Cancelling potential speculative or zombie tasks for this job
[2024-10-11T13:30:24.202+0000] {spark_submit.py:649} INFO - 24/10/11 13:30:24 INFO TaskSchedulerImpl: Killing all running tasks in stage 13: Stage finished
[2024-10-11T13:30:24.203+0000] {spark_submit.py:649} INFO - 24/10/11 13:30:24 INFO DAGScheduler: Job 9 finished: toPandas at /spark-scripts/taxi_etl.py:121, took 0.033927 s
[2024-10-11T13:30:36.978+0000] {spark_submit.py:649} INFO - 24/10/11 13:30:36 INFO FileSourceStrategy: Pushed Filters:
[2024-10-11T13:30:36.979+0000] {spark_submit.py:649} INFO - 24/10/11 13:30:36 INFO FileSourceStrategy: Post-Scan Filters: atleastnnonnulls(4, tpep_pickup_datetime#32, tpep_dropoff_datetime#33, pickup_longitude#36, pickup_latitude#37)
[2024-10-11T13:30:36.979+0000] {spark_submit.py:649} INFO - 24/10/11 13:30:36 INFO FileSourceStrategy: Output Data Schema: struct<tpep_pickup_datetime: timestamp, tpep_dropoff_datetime: timestamp, pickup_longitude: double, pickup_latitude: double ... 2 more fields>
[2024-10-11T13:30:36.988+0000] {spark_submit.py:649} INFO - 24/10/11 13:30:36 INFO HashAggregateExec: spark.sql.codegen.aggregate.map.twolevel.enabled is set to true, but current version of codegened fast hashmap does not support this aggregate.
[2024-10-11T13:30:37.004+0000] {spark_submit.py:649} INFO - 24/10/11 13:30:37 INFO CodeGenerator: Code generated in 12.244542 ms
[2024-10-11T13:30:37.006+0000] {spark_submit.py:649} INFO - 24/10/11 13:30:37 INFO MemoryStore: Block broadcast_15 stored as values in memory (estimated size 204.2 KiB, free 433.4 MiB)
[2024-10-11T13:30:37.014+0000] {spark_submit.py:649} INFO - 24/10/11 13:30:37 INFO MemoryStore: Block broadcast_15_piece0 stored as bytes in memory (estimated size 35.3 KiB, free 433.4 MiB)
[2024-10-11T13:30:37.014+0000] {spark_submit.py:649} INFO - 24/10/11 13:30:37 INFO BlockManagerInfo: Added broadcast_15_piece0 in memory on yellow-cab-airflow-scheduler:44873 (size: 35.3 KiB, free: 434.2 MiB)
[2024-10-11T13:30:37.015+0000] {spark_submit.py:649} INFO - 24/10/11 13:30:37 INFO SparkContext: Created broadcast 15 from toPandas at /spark-scripts/taxi_etl.py:128
[2024-10-11T13:30:37.016+0000] {spark_submit.py:649} INFO - 24/10/11 13:30:37 INFO FileSourceScanExec: Planning scan with bin packing, max size: 4194304 bytes, open cost is considered as scanning 4194304 bytes.
[2024-10-11T13:30:37.020+0000] {spark_submit.py:649} INFO - 24/10/11 13:30:37 INFO DAGScheduler: Registering RDD 40 (toPandas at /spark-scripts/taxi_etl.py:128) as input to shuffle 4
[2024-10-11T13:30:37.020+0000] {spark_submit.py:649} INFO - 24/10/11 13:30:37 INFO DAGScheduler: Got map stage job 10 (toPandas at /spark-scripts/taxi_etl.py:128) with 1 output partitions
[2024-10-11T13:30:37.020+0000] {spark_submit.py:649} INFO - 24/10/11 13:30:37 INFO DAGScheduler: Final stage: ShuffleMapStage 14 (toPandas at /spark-scripts/taxi_etl.py:128)
[2024-10-11T13:30:37.021+0000] {spark_submit.py:649} INFO - 24/10/11 13:30:37 INFO DAGScheduler: Parents of final stage: List()
[2024-10-11T13:30:37.021+0000] {spark_submit.py:649} INFO - 24/10/11 13:30:37 INFO DAGScheduler: Missing parents: List()
[2024-10-11T13:30:37.021+0000] {spark_submit.py:649} INFO - 24/10/11 13:30:37 INFO DAGScheduler: Submitting ShuffleMapStage 14 (MapPartitionsRDD[40] at toPandas at /spark-scripts/taxi_etl.py:128), which has no missing parents
[2024-10-11T13:30:37.022+0000] {spark_submit.py:649} INFO - 24/10/11 13:30:37 INFO MemoryStore: Block broadcast_16 stored as values in memory (estimated size 27.1 KiB, free 433.3 MiB)
[2024-10-11T13:30:37.024+0000] {spark_submit.py:649} INFO - 24/10/11 13:30:37 INFO MemoryStore: Block broadcast_16_piece0 stored as bytes in memory (estimated size 12.5 KiB, free 433.3 MiB)
[2024-10-11T13:30:37.024+0000] {spark_submit.py:649} INFO - 24/10/11 13:30:37 INFO BlockManagerInfo: Added broadcast_16_piece0 in memory on yellow-cab-airflow-scheduler:44873 (size: 12.5 KiB, free: 434.2 MiB)
[2024-10-11T13:30:37.025+0000] {spark_submit.py:649} INFO - 24/10/11 13:30:37 INFO SparkContext: Created broadcast 16 from broadcast at DAGScheduler.scala:1513
[2024-10-11T13:30:37.026+0000] {spark_submit.py:649} INFO - 24/10/11 13:30:37 INFO DAGScheduler: Submitting 1 missing tasks from ShuffleMapStage 14 (MapPartitionsRDD[40] at toPandas at /spark-scripts/taxi_etl.py:128) (first 15 tasks are for partitions Vector(0))
[2024-10-11T13:30:37.026+0000] {spark_submit.py:649} INFO - 24/10/11 13:30:37 INFO TaskSchedulerImpl: Adding task set 14.0 with 1 tasks resource profile 0
[2024-10-11T13:30:37.026+0000] {spark_submit.py:649} INFO - 24/10/11 13:30:37 INFO TaskSetManager: Starting task 0.0 in stage 14.0 (TID 10) (172.24.0.3, executor 0, partition 0, PROCESS_LOCAL, 4904 bytes) taskResourceAssignments Map()
[2024-10-11T13:30:37.052+0000] {spark_submit.py:649} INFO - 24/10/11 13:30:37 INFO BlockManagerInfo: Added broadcast_16_piece0 in memory on 172.24.0.3:37175 (size: 12.5 KiB, free: 434.3 MiB)
[2024-10-11T13:30:37.113+0000] {spark_submit.py:649} INFO - 24/10/11 13:30:37 INFO BlockManagerInfo: Added broadcast_15_piece0 in memory on 172.24.0.3:37175 (size: 35.3 KiB, free: 434.2 MiB)
[2024-10-11T13:30:37.409+0000] {spark_submit.py:649} INFO - 24/10/11 13:30:37 INFO TaskSetManager: Finished task 0.0 in stage 14.0 (TID 10) in 382 ms on 172.24.0.3 (executor 0) (1/1)
[2024-10-11T13:30:37.410+0000] {spark_submit.py:649} INFO - 24/10/11 13:30:37 INFO TaskSchedulerImpl: Removed TaskSet 14.0, whose tasks have all completed, from pool
[2024-10-11T13:30:37.411+0000] {spark_submit.py:649} INFO - 24/10/11 13:30:37 INFO DAGScheduler: ShuffleMapStage 14 (toPandas at /spark-scripts/taxi_etl.py:128) finished in 0.389 s
[2024-10-11T13:30:37.411+0000] {spark_submit.py:649} INFO - 24/10/11 13:30:37 INFO DAGScheduler: looking for newly runnable stages
[2024-10-11T13:30:37.411+0000] {spark_submit.py:649} INFO - 24/10/11 13:30:37 INFO DAGScheduler: running: Set()
[2024-10-11T13:30:37.412+0000] {spark_submit.py:649} INFO - 24/10/11 13:30:37 INFO DAGScheduler: waiting: Set()
[2024-10-11T13:30:37.412+0000] {spark_submit.py:649} INFO - 24/10/11 13:30:37 INFO DAGScheduler: failed: Set()
[2024-10-11T13:30:37.415+0000] {spark_submit.py:649} INFO - 24/10/11 13:30:37 INFO ShufflePartitionsUtil: For shuffle(4), advisory target size: 67108864, actual target size 1048576, minimum partition size: 1048576
[2024-10-11T13:30:37.421+0000] {spark_submit.py:649} INFO - 24/10/11 13:30:37 INFO HashAggregateExec: spark.sql.codegen.aggregate.map.twolevel.enabled is set to true, but current version of codegened fast hashmap does not support this aggregate.
[2024-10-11T13:30:37.455+0000] {spark_submit.py:649} INFO - 24/10/11 13:30:37 INFO CodeGenerator: Code generated in 22.782917 ms
[2024-10-11T13:30:37.476+0000] {spark_submit.py:649} INFO - 24/10/11 13:30:37 INFO SparkContext: Starting job: toPandas at /spark-scripts/taxi_etl.py:128
[2024-10-11T13:30:37.477+0000] {spark_submit.py:649} INFO - 24/10/11 13:30:37 INFO BlockManagerInfo: Removed broadcast_13_piece0 on yellow-cab-airflow-scheduler:44873 in memory (size: 12.7 KiB, free: 434.2 MiB)
[2024-10-11T13:30:37.477+0000] {spark_submit.py:649} INFO - 24/10/11 13:30:37 INFO DAGScheduler: Got job 11 (toPandas at /spark-scripts/taxi_etl.py:128) with 1 output partitions
[2024-10-11T13:30:37.478+0000] {spark_submit.py:649} INFO - 24/10/11 13:30:37 INFO DAGScheduler: Final stage: ResultStage 16 (toPandas at /spark-scripts/taxi_etl.py:128)
[2024-10-11T13:30:37.478+0000] {spark_submit.py:649} INFO - 24/10/11 13:30:37 INFO DAGScheduler: Parents of final stage: List(ShuffleMapStage 15)
[2024-10-11T13:30:37.478+0000] {spark_submit.py:649} INFO - 24/10/11 13:30:37 INFO DAGScheduler: Missing parents: List()
[2024-10-11T13:30:37.479+0000] {spark_submit.py:649} INFO - 24/10/11 13:30:37 INFO DAGScheduler: Submitting ResultStage 16 (MapPartitionsRDD[43] at toPandas at /spark-scripts/taxi_etl.py:128), which has no missing parents
[2024-10-11T13:30:37.479+0000] {spark_submit.py:649} INFO - 24/10/11 13:30:37 INFO BlockManagerInfo: Removed broadcast_13_piece0 on 172.24.0.3:37175 in memory (size: 12.7 KiB, free: 434.2 MiB)
[2024-10-11T13:30:37.485+0000] {spark_submit.py:649} INFO - 24/10/11 13:30:37 INFO BlockManagerInfo: Removed broadcast_14_piece0 on yellow-cab-airflow-scheduler:44873 in memory (size: 17.7 KiB, free: 434.2 MiB)
[2024-10-11T13:30:37.486+0000] {spark_submit.py:649} INFO - 24/10/11 13:30:37 INFO MemoryStore: Block broadcast_17 stored as values in memory (estimated size 47.6 KiB, free 433.4 MiB)
[2024-10-11T13:30:37.487+0000] {spark_submit.py:649} INFO - 24/10/11 13:30:37 INFO MemoryStore: Block broadcast_17_piece0 stored as bytes in memory (estimated size 20.9 KiB, free 433.4 MiB)
[2024-10-11T13:30:37.487+0000] {spark_submit.py:649} INFO - 24/10/11 13:30:37 INFO BlockManagerInfo: Removed broadcast_14_piece0 on 172.24.0.3:37175 in memory (size: 17.7 KiB, free: 434.2 MiB)
[2024-10-11T13:30:37.487+0000] {spark_submit.py:649} INFO - 24/10/11 13:30:37 INFO BlockManagerInfo: Added broadcast_17_piece0 in memory on yellow-cab-airflow-scheduler:44873 (size: 20.9 KiB, free: 434.2 MiB)
[2024-10-11T13:30:37.488+0000] {spark_submit.py:649} INFO - 24/10/11 13:30:37 INFO SparkContext: Created broadcast 17 from broadcast at DAGScheduler.scala:1513
[2024-10-11T13:30:37.488+0000] {spark_submit.py:649} INFO - 24/10/11 13:30:37 INFO DAGScheduler: Submitting 1 missing tasks from ResultStage 16 (MapPartitionsRDD[43] at toPandas at /spark-scripts/taxi_etl.py:128) (first 15 tasks are for partitions Vector(0))
[2024-10-11T13:30:37.488+0000] {spark_submit.py:649} INFO - 24/10/11 13:30:37 INFO TaskSchedulerImpl: Adding task set 16.0 with 1 tasks resource profile 0
[2024-10-11T13:30:37.489+0000] {spark_submit.py:649} INFO - 24/10/11 13:30:37 INFO TaskSetManager: Starting task 0.0 in stage 16.0 (TID 11) (172.24.0.3, executor 0, partition 0, NODE_LOCAL, 4457 bytes) taskResourceAssignments Map()
[2024-10-11T13:30:37.491+0000] {spark_submit.py:649} INFO - 24/10/11 13:30:37 INFO BlockManagerInfo: Removed broadcast_16_piece0 on yellow-cab-airflow-scheduler:44873 in memory (size: 12.5 KiB, free: 434.2 MiB)
[2024-10-11T13:30:37.494+0000] {spark_submit.py:649} INFO - 24/10/11 13:30:37 INFO BlockManagerInfo: Removed broadcast_16_piece0 on 172.24.0.3:37175 in memory (size: 12.5 KiB, free: 434.3 MiB)
[2024-10-11T13:30:37.500+0000] {spark_submit.py:649} INFO - 24/10/11 13:30:37 INFO BlockManagerInfo: Added broadcast_17_piece0 in memory on 172.24.0.3:37175 (size: 20.9 KiB, free: 434.2 MiB)
[2024-10-11T13:30:37.522+0000] {spark_submit.py:649} INFO - 24/10/11 13:30:37 INFO MapOutputTrackerMasterEndpoint: Asked to send map output locations for shuffle 4 to 172.24.0.3:54508
[2024-10-11T13:30:37.572+0000] {spark_submit.py:649} INFO - 24/10/11 13:30:37 INFO TaskSetManager: Finished task 0.0 in stage 16.0 (TID 11) in 83 ms on 172.24.0.3 (executor 0) (1/1)
[2024-10-11T13:30:37.573+0000] {spark_submit.py:649} INFO - 24/10/11 13:30:37 INFO TaskSchedulerImpl: Removed TaskSet 16.0, whose tasks have all completed, from pool
[2024-10-11T13:30:37.573+0000] {spark_submit.py:649} INFO - 24/10/11 13:30:37 INFO DAGScheduler: ResultStage 16 (toPandas at /spark-scripts/taxi_etl.py:128) finished in 0.089 s
[2024-10-11T13:30:37.573+0000] {spark_submit.py:649} INFO - 24/10/11 13:30:37 INFO DAGScheduler: Job 11 is finished. Cancelling potential speculative or zombie tasks for this job
[2024-10-11T13:30:37.574+0000] {spark_submit.py:649} INFO - 24/10/11 13:30:37 INFO TaskSchedulerImpl: Killing all running tasks in stage 16: Stage finished
[2024-10-11T13:30:37.574+0000] {spark_submit.py:649} INFO - 24/10/11 13:30:37 INFO DAGScheduler: Job 11 finished: toPandas at /spark-scripts/taxi_etl.py:128, took 0.097355 s
[2024-10-11T13:30:37.585+0000] {spark_submit.py:649} INFO - 24/10/11 13:30:37 INFO BlockManagerInfo: Removed broadcast_17_piece0 on yellow-cab-airflow-scheduler:44873 in memory (size: 20.9 KiB, free: 434.3 MiB)
[2024-10-11T13:30:37.588+0000] {spark_submit.py:649} INFO - 24/10/11 13:30:37 INFO BlockManagerInfo: Removed broadcast_17_piece0 on 172.24.0.3:37175 in memory (size: 20.9 KiB, free: 434.3 MiB)
[2024-10-11T13:30:37.612+0000] {spark_submit.py:649} INFO - Traceback (most recent call last):
[2024-10-11T13:30:37.612+0000] {spark_submit.py:649} INFO - File "/spark-scripts/taxi_etl.py", line 137, in <module>
[2024-10-11T13:30:37.613+0000] {spark_submit.py:649} INFO - main()
[2024-10-11T13:30:37.613+0000] {spark_submit.py:649} INFO - File "/spark-scripts/taxi_etl.py", line 128, in main
[2024-10-11T13:30:37.613+0000] {spark_submit.py:649} INFO - dim_datetime_write = client.load_table_from_dataframe(dim_datetime.toPandas(), f"{PROJECT_ID}.{DATASET_ID}.dim_datetime", job_config=job_config)
[2024-10-11T13:30:37.613+0000] {spark_submit.py:649} INFO - File "/home/airflow/.local/lib/python3.9/site-packages/pyspark/python/lib/pyspark.zip/pyspark/sql/pandas/conversion.py", line 248, in toPandas
[2024-10-11T13:30:37.614+0000] {spark_submit.py:649} INFO - File "/home/airflow/.local/lib/python3.9/site-packages/pandas/core/generic.py", line 6643, in astype
[2024-10-11T13:30:37.615+0000] {spark_submit.py:649} INFO - new_data = self._mgr.astype(dtype=dtype, copy=copy, errors=errors)
[2024-10-11T13:30:37.615+0000] {spark_submit.py:649} INFO - File "/home/airflow/.local/lib/python3.9/site-packages/pandas/core/internals/managers.py", line 430, in astype
[2024-10-11T13:30:37.615+0000] {spark_submit.py:649} INFO - return self.apply(
[2024-10-11T13:30:37.615+0000] {spark_submit.py:649} INFO - File "/home/airflow/.local/lib/python3.9/site-packages/pandas/core/internals/managers.py", line 363, in apply
[2024-10-11T13:30:37.615+0000] {spark_submit.py:649} INFO - applied = getattr(b, f)(**kwargs)
[2024-10-11T13:30:37.615+0000] {spark_submit.py:649} INFO - File "/home/airflow/.local/lib/python3.9/site-packages/pandas/core/internals/blocks.py", line 758, in astype
[2024-10-11T13:30:37.615+0000] {spark_submit.py:649} INFO - new_values = astype_array_safe(values, dtype, copy=copy, errors=errors)
[2024-10-11T13:30:37.616+0000] {spark_submit.py:649} INFO - File "/home/airflow/.local/lib/python3.9/site-packages/pandas/core/dtypes/astype.py", line 237, in astype_array_safe
[2024-10-11T13:30:37.616+0000] {spark_submit.py:649} INFO - new_values = astype_array(values, dtype, copy=copy)
[2024-10-11T13:30:37.616+0000] {spark_submit.py:649} INFO - File "/home/airflow/.local/lib/python3.9/site-packages/pandas/core/dtypes/astype.py", line 179, in astype_array
[2024-10-11T13:30:37.616+0000] {spark_submit.py:649} INFO - values = values.astype(dtype, copy=copy)
[2024-10-11T13:30:37.617+0000] {spark_submit.py:649} INFO - File "/home/airflow/.local/lib/python3.9/site-packages/pandas/core/arrays/datetimes.py", line 732, in astype
[2024-10-11T13:30:37.617+0000] {spark_submit.py:649} INFO - raise TypeError(
[2024-10-11T13:30:37.617+0000] {spark_submit.py:649} INFO - TypeError: Casting to unit-less dtype 'datetime64' is not supported. Pass e.g. 'datetime64[ns]' instead.
[2024-10-11T13:30:37.797+0000] {spark_submit.py:649} INFO - 24/10/11 13:30:37 INFO SparkContext: Invoking stop() from shutdown hook
[2024-10-11T13:30:37.805+0000] {spark_submit.py:649} INFO - 24/10/11 13:30:37 INFO SparkUI: Stopped Spark web UI at http://yellow-cab-airflow-scheduler:4040
[2024-10-11T13:30:37.807+0000] {spark_submit.py:649} INFO - 24/10/11 13:30:37 INFO StandaloneSchedulerBackend: Shutting down all executors
[2024-10-11T13:30:37.808+0000] {spark_submit.py:649} INFO - 24/10/11 13:30:37 INFO CoarseGrainedSchedulerBackend$DriverEndpoint: Asking each executor to shut down
[2024-10-11T13:30:37.822+0000] {spark_submit.py:649} INFO - 24/10/11 13:30:37 INFO MapOutputTrackerMasterEndpoint: MapOutputTrackerMasterEndpoint stopped!
[2024-10-11T13:30:37.851+0000] {spark_submit.py:649} INFO - 24/10/11 13:30:37 INFO MemoryStore: MemoryStore cleared
[2024-10-11T13:30:37.852+0000] {spark_submit.py:649} INFO - 24/10/11 13:30:37 INFO BlockManager: BlockManager stopped
[2024-10-11T13:30:37.855+0000] {spark_submit.py:649} INFO - 24/10/11 13:30:37 INFO BlockManagerMaster: BlockManagerMaster stopped
[2024-10-11T13:30:37.858+0000] {spark_submit.py:649} INFO - 24/10/11 13:30:37 INFO OutputCommitCoordinator$OutputCommitCoordinatorEndpoint: OutputCommitCoordinator stopped!
[2024-10-11T13:30:37.903+0000] {spark_submit.py:649} INFO - 24/10/11 13:30:37 INFO SparkContext: Successfully stopped SparkContext
[2024-10-11T13:30:37.907+0000] {spark_submit.py:649} INFO - 24/10/11 13:30:37 INFO ShutdownHookManager: Shutdown hook called
[2024-10-11T13:30:37.907+0000] {spark_submit.py:649} INFO - 24/10/11 13:30:37 INFO ShutdownHookManager: Deleting directory /tmp/spark-b36d6c65-306a-4e1b-9cd8-016b3d9610fd/pyspark-df9fa715-a718-4e9a-8b0a-e120d8019520
[2024-10-11T13:30:37.916+0000] {spark_submit.py:649} INFO - 24/10/11 13:30:37 INFO ShutdownHookManager: Deleting directory /tmp/spark-0caa544a-952b-4f1b-a8e2-653a7b1ac8ab
[2024-10-11T13:30:37.925+0000] {spark_submit.py:649} INFO - 24/10/11 13:30:37 INFO ShutdownHookManager: Deleting directory /tmp/spark-b36d6c65-306a-4e1b-9cd8-016b3d9610fd
[2024-10-11T13:30:37.973+0000] {taskinstance.py:441} INFO - ::group::Post task execution logs
[2024-10-11T13:30:37.999+0000] {taskinstance.py:2905} ERROR - Task failed with exception
Traceback (most recent call last):
  File "/home/airflow/.local/lib/python3.9/site-packages/airflow/models/taskinstance.py", line 465, in _execute_task
    result = _execute_callable(context=context, **execute_callable_kwargs)
  File "/home/airflow/.local/lib/python3.9/site-packages/airflow/models/taskinstance.py", line 432, in _execute_callable
    return execute_callable(context=context, **execute_callable_kwargs)
  File "/home/airflow/.local/lib/python3.9/site-packages/airflow/models/baseoperator.py", line 400, in wrapper
    return func(self, *args, **kwargs)
  File "/home/airflow/.local/lib/python3.9/site-packages/airflow/providers/apache/spark/operators/spark_submit.py", line 176, in execute
    self._hook.submit(self.application)
  File "/home/airflow/.local/lib/python3.9/site-packages/airflow/providers/apache/spark/hooks/spark_submit.py", line 575, in submit
    raise AirflowException(
airflow.exceptions.AirflowException: Cannot execute: spark-submit --master spark://spark-master:7077 --conf spark.jars.packages=org.apache.sedona:sedona-python-adapter-3.0_2.12:1.2.0-incubating,org.datasyslab:geotools-wrapper:geotools-24.0 --conf spark.jars.repositories=https://repo1.maven.org/maven2/ --name arrow-spark --deploy-mode client /spark-scripts/taxi_etl.py. Error code is: 1.
[2024-10-11T13:30:38.004+0000] {taskinstance.py:1206} INFO - Marking task as FAILED. dag_id=etl_yellow_cab, task_id=etl_task, run_id=manual__2024-10-11T07:14:16.194830+00:00, execution_date=20241011T071416, start_date=20241011T132955, end_date=20241011T133038
[2024-10-11T13:30:38.040+0000] {standard_task_runner.py:110} ERROR - Failed to execute job 48 for task etl_task (Cannot execute: spark-submit --master spark://spark-master:7077 --conf spark.jars.packages=org.apache.sedona:sedona-python-adapter-3.0_2.12:1.2.0-incubating,org.datasyslab:geotools-wrapper:geotools-24.0 --conf spark.jars.repositories=https://repo1.maven.org/maven2/ --name arrow-spark --deploy-mode client /spark-scripts/taxi_etl.py. Error code is: 1.; 1177)
[2024-10-11T13:30:38.072+0000] {local_task_job_runner.py:240} INFO - Task exited with return code 1
[2024-10-11T13:30:38.093+0000] {taskinstance.py:3498} INFO - 0 downstream tasks scheduled from follow-on schedule check
[2024-10-11T13:30:38.094+0000] {local_task_job_runner.py:222} INFO - ::endgroup::
