[2024-10-11T22:58:49.532+0000] {local_task_job_runner.py:120} INFO - ::group::Pre task execution logs
[2024-10-11T22:58:49.578+0000] {taskinstance.py:2076} INFO - Dependencies all met for dep_context=non-requeueable deps ti=<TaskInstance: etl_yellow_cab.etl_task manual__2024-10-11T22:58:48.235764+00:00 [queued]>
[2024-10-11T22:58:49.582+0000] {taskinstance.py:2076} INFO - Dependencies all met for dep_context=requeueable deps ti=<TaskInstance: etl_yellow_cab.etl_task manual__2024-10-11T22:58:48.235764+00:00 [queued]>
[2024-10-11T22:58:49.583+0000] {taskinstance.py:2306} INFO - Starting attempt 1 of 1
[2024-10-11T22:58:49.591+0000] {taskinstance.py:2330} INFO - Executing <Task(SparkSubmitOperator): etl_task> on 2024-10-11 22:58:48.235764+00:00
[2024-10-11T22:58:49.594+0000] {standard_task_runner.py:63} INFO - Started process 1564 to run task
[2024-10-11T22:58:49.597+0000] {standard_task_runner.py:90} INFO - Running: ['airflow', 'tasks', 'run', 'etl_yellow_cab', 'etl_task', 'manual__2024-10-11T22:58:48.235764+00:00', '--job-id', '56', '--raw', '--subdir', 'DAGS_FOLDER/yellow-cab-batch.py', '--cfg-path', '/tmp/tmp7qnjumuj']
[2024-10-11T22:58:49.600+0000] {standard_task_runner.py:91} INFO - Job 56: Subtask etl_task
[2024-10-11T22:58:49.638+0000] {logging_mixin.py:188} WARNING - /home/airflow/.local/lib/python3.9/site-packages/airflow/settings.py:195 DeprecationWarning: The sql_alchemy_conn option in [core] has been moved to the sql_alchemy_conn option in [database] - the old setting has been used, but please update your config.
[2024-10-11T22:58:49.675+0000] {task_command.py:426} INFO - Running <TaskInstance: etl_yellow_cab.etl_task manual__2024-10-11T22:58:48.235764+00:00 [running]> on host yellow-cab-airflow-scheduler
[2024-10-11T22:58:49.731+0000] {taskinstance.py:2648} INFO - Exporting env vars: AIRFLOW_CTX_DAG_OWNER='hafidz' AIRFLOW_CTX_DAG_ID='etl_yellow_cab' AIRFLOW_CTX_TASK_ID='etl_task' AIRFLOW_CTX_EXECUTION_DATE='2024-10-11T22:58:48.235764+00:00' AIRFLOW_CTX_TRY_NUMBER='1' AIRFLOW_CTX_DAG_RUN_ID='manual__2024-10-11T22:58:48.235764+00:00'
[2024-10-11T22:58:49.731+0000] {taskinstance.py:430} INFO - ::endgroup::
[2024-10-11T22:58:49.763+0000] {base.py:84} INFO - Using connection ID 'spark_main' for task execution.
[2024-10-11T22:58:49.765+0000] {spark_submit.py:473} INFO - Spark-Submit cmd: spark-submit --master spark://spark-master:7077 --conf spark.jars.packages=org.apache.sedona:sedona-python-adapter-3.0_2.12:1.2.0-incubating,org.datasyslab:geotools-wrapper:geotools-24.0 --conf spark.jars.repositories=https://repo1.maven.org/maven2/ --name arrow-spark --deploy-mode client /spark-scripts/taxi_etl.py
[2024-10-11T22:58:50.888+0000] {spark_submit.py:649} INFO - https://repo1.maven.org/maven2/ added as a remote repository with the name: repo-1
[2024-10-11T22:58:50.904+0000] {spark_submit.py:649} INFO - :: loading settings :: url = jar:file:/home/airflow/.local/lib/python3.9/site-packages/pyspark/jars/ivy-2.5.1.jar!/org/apache/ivy/core/settings/ivysettings.xml
[2024-10-11T22:58:50.945+0000] {spark_submit.py:649} INFO - Ivy Default Cache set to: /home/airflow/.ivy2/cache
[2024-10-11T22:58:50.946+0000] {spark_submit.py:649} INFO - The jars for the packages stored in: /home/airflow/.ivy2/jars
[2024-10-11T22:58:50.948+0000] {spark_submit.py:649} INFO - org.apache.sedona#sedona-python-adapter-3.0_2.12 added as a dependency
[2024-10-11T22:58:50.948+0000] {spark_submit.py:649} INFO - org.datasyslab#geotools-wrapper added as a dependency
[2024-10-11T22:58:50.948+0000] {spark_submit.py:649} INFO - :: resolving dependencies :: org.apache.spark#spark-submit-parent-63a12f85-a3b5-47e6-b65c-33d92ae3d3c9;1.0
[2024-10-11T22:58:50.948+0000] {spark_submit.py:649} INFO - confs: [default]
[2024-10-11T22:58:51.041+0000] {spark_submit.py:649} INFO - found org.apache.sedona#sedona-python-adapter-3.0_2.12;1.2.0-incubating in central
[2024-10-11T22:58:51.062+0000] {spark_submit.py:649} INFO - found org.locationtech.jts#jts-core;1.18.0 in central
[2024-10-11T22:58:51.078+0000] {spark_submit.py:649} INFO - found org.wololo#jts2geojson;0.16.1 in central
[2024-10-11T22:58:51.092+0000] {spark_submit.py:649} INFO - found org.apache.sedona#sedona-core-3.0_2.12;1.2.0-incubating in central
[2024-10-11T22:58:51.103+0000] {spark_submit.py:649} INFO - found org.scala-lang.modules#scala-collection-compat_2.12;2.5.0 in central
[2024-10-11T22:58:51.115+0000] {spark_submit.py:649} INFO - found org.apache.sedona#sedona-sql-3.0_2.12;1.2.0-incubating in central
[2024-10-11T22:58:51.126+0000] {spark_submit.py:649} INFO - found org.datasyslab#geotools-wrapper;geotools-24.0 in central
[2024-10-11T22:58:51.139+0000] {spark_submit.py:649} INFO - :: resolution report :: resolve 184ms :: artifacts dl 7ms
[2024-10-11T22:58:51.139+0000] {spark_submit.py:649} INFO - :: modules in use:
[2024-10-11T22:58:51.139+0000] {spark_submit.py:649} INFO - org.apache.sedona#sedona-core-3.0_2.12;1.2.0-incubating from central in [default]
[2024-10-11T22:58:51.140+0000] {spark_submit.py:649} INFO - org.apache.sedona#sedona-python-adapter-3.0_2.12;1.2.0-incubating from central in [default]
[2024-10-11T22:58:51.140+0000] {spark_submit.py:649} INFO - org.apache.sedona#sedona-sql-3.0_2.12;1.2.0-incubating from central in [default]
[2024-10-11T22:58:51.140+0000] {spark_submit.py:649} INFO - org.datasyslab#geotools-wrapper;geotools-24.0 from central in [default]
[2024-10-11T22:58:51.140+0000] {spark_submit.py:649} INFO - org.locationtech.jts#jts-core;1.18.0 from central in [default]
[2024-10-11T22:58:51.140+0000] {spark_submit.py:649} INFO - org.scala-lang.modules#scala-collection-compat_2.12;2.5.0 from central in [default]
[2024-10-11T22:58:51.140+0000] {spark_submit.py:649} INFO - org.wololo#jts2geojson;0.16.1 from central in [default]
[2024-10-11T22:58:51.140+0000] {spark_submit.py:649} INFO - ---------------------------------------------------------------------
[2024-10-11T22:58:51.140+0000] {spark_submit.py:649} INFO - |                  |            modules            ||   artifacts   |
[2024-10-11T22:58:51.140+0000] {spark_submit.py:649} INFO - |       conf       | number| search|dwnlded|evicted|| number|dwnlded|
[2024-10-11T22:58:51.140+0000] {spark_submit.py:649} INFO - ---------------------------------------------------------------------
[2024-10-11T22:58:51.141+0000] {spark_submit.py:649} INFO - |      default     |   7   |   0   |   0   |   0   ||   7   |   0   |
[2024-10-11T22:58:51.141+0000] {spark_submit.py:649} INFO - ---------------------------------------------------------------------
[2024-10-11T22:58:51.143+0000] {spark_submit.py:649} INFO - :: retrieving :: org.apache.spark#spark-submit-parent-63a12f85-a3b5-47e6-b65c-33d92ae3d3c9
[2024-10-11T22:58:51.143+0000] {spark_submit.py:649} INFO - confs: [default]
[2024-10-11T22:58:51.146+0000] {spark_submit.py:649} INFO - 0 artifacts copied, 7 already retrieved (0kB/3ms)
[2024-10-11T22:58:51.322+0000] {spark_submit.py:649} INFO - 24/10/11 22:58:51 WARN NativeCodeLoader: Unable to load native-hadoop library for your platform... using builtin-java classes where applicable
[2024-10-11T22:58:52.985+0000] {spark_submit.py:649} INFO - 24/10/11 22:58:52 INFO SparkContext: Running Spark version 3.5.1
[2024-10-11T22:58:52.987+0000] {spark_submit.py:649} INFO - 24/10/11 22:58:52 INFO SparkContext: OS info Linux, 6.10.4-linuxkit, aarch64
[2024-10-11T22:58:52.987+0000] {spark_submit.py:649} INFO - 24/10/11 22:58:52 INFO SparkContext: Java version 17.0.12
[2024-10-11T22:58:53.012+0000] {spark_submit.py:649} INFO - 24/10/11 22:58:53 INFO ResourceUtils: ==============================================================
[2024-10-11T22:58:53.013+0000] {spark_submit.py:649} INFO - 24/10/11 22:58:53 INFO ResourceUtils: No custom resources configured for spark.driver.
[2024-10-11T22:58:53.014+0000] {spark_submit.py:649} INFO - 24/10/11 22:58:53 INFO ResourceUtils: ==============================================================
[2024-10-11T22:58:53.015+0000] {spark_submit.py:649} INFO - 24/10/11 22:58:53 INFO SparkContext: Submitted application: BigQueryETL
[2024-10-11T22:58:53.029+0000] {spark_submit.py:649} INFO - 24/10/11 22:58:53 INFO ResourceProfile: Default ResourceProfile created, executor resources: Map(memory -> name: memory, amount: 1024, script: , vendor: , offHeap -> name: offHeap, amount: 0, script: , vendor: ), task resources: Map(cpus -> name: cpus, amount: 1.0)
[2024-10-11T22:58:53.035+0000] {spark_submit.py:649} INFO - 24/10/11 22:58:53 INFO ResourceProfile: Limiting resource is cpu
[2024-10-11T22:58:53.035+0000] {spark_submit.py:649} INFO - 24/10/11 22:58:53 INFO ResourceProfileManager: Added ResourceProfile id: 0
[2024-10-11T22:58:53.097+0000] {spark_submit.py:649} INFO - 24/10/11 22:58:53 INFO SecurityManager: Changing view acls to: airflow
[2024-10-11T22:58:53.105+0000] {spark_submit.py:649} INFO - 24/10/11 22:58:53 INFO SecurityManager: Changing modify acls to: airflow
[2024-10-11T22:58:53.106+0000] {spark_submit.py:649} INFO - 24/10/11 22:58:53 INFO SecurityManager: Changing view acls groups to:
[2024-10-11T22:58:53.107+0000] {spark_submit.py:649} INFO - 24/10/11 22:58:53 INFO SecurityManager: Changing modify acls groups to:
[2024-10-11T22:58:53.108+0000] {spark_submit.py:649} INFO - 24/10/11 22:58:53 INFO SecurityManager: SecurityManager: authentication disabled; ui acls disabled; users with view permissions: airflow; groups with view permissions: EMPTY; users with modify permissions: airflow; groups with modify permissions: EMPTY
[2024-10-11T22:58:53.274+0000] {spark_submit.py:649} INFO - 24/10/11 22:58:53 INFO Utils: Successfully started service 'sparkDriver' on port 42087.
[2024-10-11T22:58:53.296+0000] {spark_submit.py:649} INFO - 24/10/11 22:58:53 INFO SparkEnv: Registering MapOutputTracker
[2024-10-11T22:58:53.332+0000] {spark_submit.py:649} INFO - 24/10/11 22:58:53 INFO SparkEnv: Registering BlockManagerMaster
[2024-10-11T22:58:53.341+0000] {spark_submit.py:649} INFO - 24/10/11 22:58:53 INFO BlockManagerMasterEndpoint: Using org.apache.spark.storage.DefaultTopologyMapper for getting topology information
[2024-10-11T22:58:53.342+0000] {spark_submit.py:649} INFO - 24/10/11 22:58:53 INFO BlockManagerMasterEndpoint: BlockManagerMasterEndpoint up
[2024-10-11T22:58:53.343+0000] {spark_submit.py:649} INFO - 24/10/11 22:58:53 INFO SparkEnv: Registering BlockManagerMasterHeartbeat
[2024-10-11T22:58:53.354+0000] {spark_submit.py:649} INFO - 24/10/11 22:58:53 INFO DiskBlockManager: Created local directory at /tmp/blockmgr-7aa062a2-9580-40d4-b233-9e807bff3a5d
[2024-10-11T22:58:53.361+0000] {spark_submit.py:649} INFO - 24/10/11 22:58:53 INFO MemoryStore: MemoryStore started with capacity 434.4 MiB
[2024-10-11T22:58:53.367+0000] {spark_submit.py:649} INFO - 24/10/11 22:58:53 INFO SparkEnv: Registering OutputCommitCoordinator
[2024-10-11T22:58:53.424+0000] {spark_submit.py:649} INFO - 24/10/11 22:58:53 INFO JettyUtils: Start Jetty 0.0.0.0:4040 for SparkUI
[2024-10-11T22:58:53.457+0000] {spark_submit.py:649} INFO - 24/10/11 22:58:53 INFO Utils: Successfully started service 'SparkUI' on port 4040.
[2024-10-11T22:58:53.475+0000] {spark_submit.py:649} INFO - 24/10/11 22:58:53 INFO SparkContext: Added JAR file:///home/airflow/.ivy2/jars/org.apache.sedona_sedona-python-adapter-3.0_2.12-1.2.0-incubating.jar at spark://yellow-cab-airflow-scheduler:42087/jars/org.apache.sedona_sedona-python-adapter-3.0_2.12-1.2.0-incubating.jar with timestamp 1728687532978
[2024-10-11T22:58:53.475+0000] {spark_submit.py:649} INFO - 24/10/11 22:58:53 INFO SparkContext: Added JAR file:///home/airflow/.ivy2/jars/org.datasyslab_geotools-wrapper-geotools-24.0.jar at spark://yellow-cab-airflow-scheduler:42087/jars/org.datasyslab_geotools-wrapper-geotools-24.0.jar with timestamp 1728687532978
[2024-10-11T22:58:53.475+0000] {spark_submit.py:649} INFO - 24/10/11 22:58:53 INFO SparkContext: Added JAR file:///home/airflow/.ivy2/jars/org.locationtech.jts_jts-core-1.18.0.jar at spark://yellow-cab-airflow-scheduler:42087/jars/org.locationtech.jts_jts-core-1.18.0.jar with timestamp 1728687532978
[2024-10-11T22:58:53.475+0000] {spark_submit.py:649} INFO - 24/10/11 22:58:53 INFO SparkContext: Added JAR file:///home/airflow/.ivy2/jars/org.wololo_jts2geojson-0.16.1.jar at spark://yellow-cab-airflow-scheduler:42087/jars/org.wololo_jts2geojson-0.16.1.jar with timestamp 1728687532978
[2024-10-11T22:58:53.475+0000] {spark_submit.py:649} INFO - 24/10/11 22:58:53 INFO SparkContext: Added JAR file:///home/airflow/.ivy2/jars/org.apache.sedona_sedona-core-3.0_2.12-1.2.0-incubating.jar at spark://yellow-cab-airflow-scheduler:42087/jars/org.apache.sedona_sedona-core-3.0_2.12-1.2.0-incubating.jar with timestamp 1728687532978
[2024-10-11T22:58:53.476+0000] {spark_submit.py:649} INFO - 24/10/11 22:58:53 INFO SparkContext: Added JAR file:///home/airflow/.ivy2/jars/org.apache.sedona_sedona-sql-3.0_2.12-1.2.0-incubating.jar at spark://yellow-cab-airflow-scheduler:42087/jars/org.apache.sedona_sedona-sql-3.0_2.12-1.2.0-incubating.jar with timestamp 1728687532978
[2024-10-11T22:58:53.476+0000] {spark_submit.py:649} INFO - 24/10/11 22:58:53 INFO SparkContext: Added JAR file:///home/airflow/.ivy2/jars/org.scala-lang.modules_scala-collection-compat_2.12-2.5.0.jar at spark://yellow-cab-airflow-scheduler:42087/jars/org.scala-lang.modules_scala-collection-compat_2.12-2.5.0.jar with timestamp 1728687532978
[2024-10-11T22:58:53.477+0000] {spark_submit.py:649} INFO - 24/10/11 22:58:53 INFO SparkContext: Added file file:///home/airflow/.ivy2/jars/org.apache.sedona_sedona-python-adapter-3.0_2.12-1.2.0-incubating.jar at spark://yellow-cab-airflow-scheduler:42087/files/org.apache.sedona_sedona-python-adapter-3.0_2.12-1.2.0-incubating.jar with timestamp 1728687532978
[2024-10-11T22:58:53.477+0000] {spark_submit.py:649} INFO - 24/10/11 22:58:53 INFO Utils: Copying /home/airflow/.ivy2/jars/org.apache.sedona_sedona-python-adapter-3.0_2.12-1.2.0-incubating.jar to /tmp/spark-46dfc5ec-3471-4d28-93b0-c2a1580418b1/userFiles-7e72ce27-e149-4aa0-b606-4b7d8c1c69b6/org.apache.sedona_sedona-python-adapter-3.0_2.12-1.2.0-incubating.jar
[2024-10-11T22:58:53.508+0000] {spark_submit.py:649} INFO - 24/10/11 22:58:53 INFO SparkContext: Added file file:///home/airflow/.ivy2/jars/org.datasyslab_geotools-wrapper-geotools-24.0.jar at spark://yellow-cab-airflow-scheduler:42087/files/org.datasyslab_geotools-wrapper-geotools-24.0.jar with timestamp 1728687532978
[2024-10-11T22:58:53.508+0000] {spark_submit.py:649} INFO - 24/10/11 22:58:53 INFO Utils: Copying /home/airflow/.ivy2/jars/org.datasyslab_geotools-wrapper-geotools-24.0.jar to /tmp/spark-46dfc5ec-3471-4d28-93b0-c2a1580418b1/userFiles-7e72ce27-e149-4aa0-b606-4b7d8c1c69b6/org.datasyslab_geotools-wrapper-geotools-24.0.jar
[2024-10-11T22:58:53.599+0000] {spark_submit.py:649} INFO - 24/10/11 22:58:53 INFO SparkContext: Added file file:///home/airflow/.ivy2/jars/org.locationtech.jts_jts-core-1.18.0.jar at spark://yellow-cab-airflow-scheduler:42087/files/org.locationtech.jts_jts-core-1.18.0.jar with timestamp 1728687532978
[2024-10-11T22:58:53.599+0000] {spark_submit.py:649} INFO - 24/10/11 22:58:53 INFO Utils: Copying /home/airflow/.ivy2/jars/org.locationtech.jts_jts-core-1.18.0.jar to /tmp/spark-46dfc5ec-3471-4d28-93b0-c2a1580418b1/userFiles-7e72ce27-e149-4aa0-b606-4b7d8c1c69b6/org.locationtech.jts_jts-core-1.18.0.jar
[2024-10-11T22:58:53.631+0000] {spark_submit.py:649} INFO - 24/10/11 22:58:53 INFO SparkContext: Added file file:///home/airflow/.ivy2/jars/org.wololo_jts2geojson-0.16.1.jar at spark://yellow-cab-airflow-scheduler:42087/files/org.wololo_jts2geojson-0.16.1.jar with timestamp 1728687532978
[2024-10-11T22:58:53.631+0000] {spark_submit.py:649} INFO - 24/10/11 22:58:53 INFO Utils: Copying /home/airflow/.ivy2/jars/org.wololo_jts2geojson-0.16.1.jar to /tmp/spark-46dfc5ec-3471-4d28-93b0-c2a1580418b1/userFiles-7e72ce27-e149-4aa0-b606-4b7d8c1c69b6/org.wololo_jts2geojson-0.16.1.jar
[2024-10-11T22:58:53.665+0000] {spark_submit.py:649} INFO - 24/10/11 22:58:53 INFO SparkContext: Added file file:///home/airflow/.ivy2/jars/org.apache.sedona_sedona-core-3.0_2.12-1.2.0-incubating.jar at spark://yellow-cab-airflow-scheduler:42087/files/org.apache.sedona_sedona-core-3.0_2.12-1.2.0-incubating.jar with timestamp 1728687532978
[2024-10-11T22:58:53.665+0000] {spark_submit.py:649} INFO - 24/10/11 22:58:53 INFO Utils: Copying /home/airflow/.ivy2/jars/org.apache.sedona_sedona-core-3.0_2.12-1.2.0-incubating.jar to /tmp/spark-46dfc5ec-3471-4d28-93b0-c2a1580418b1/userFiles-7e72ce27-e149-4aa0-b606-4b7d8c1c69b6/org.apache.sedona_sedona-core-3.0_2.12-1.2.0-incubating.jar
[2024-10-11T22:58:53.696+0000] {spark_submit.py:649} INFO - 24/10/11 22:58:53 INFO SparkContext: Added file file:///home/airflow/.ivy2/jars/org.apache.sedona_sedona-sql-3.0_2.12-1.2.0-incubating.jar at spark://yellow-cab-airflow-scheduler:42087/files/org.apache.sedona_sedona-sql-3.0_2.12-1.2.0-incubating.jar with timestamp 1728687532978
[2024-10-11T22:58:53.696+0000] {spark_submit.py:649} INFO - 24/10/11 22:58:53 INFO Utils: Copying /home/airflow/.ivy2/jars/org.apache.sedona_sedona-sql-3.0_2.12-1.2.0-incubating.jar to /tmp/spark-46dfc5ec-3471-4d28-93b0-c2a1580418b1/userFiles-7e72ce27-e149-4aa0-b606-4b7d8c1c69b6/org.apache.sedona_sedona-sql-3.0_2.12-1.2.0-incubating.jar
[2024-10-11T22:58:53.726+0000] {spark_submit.py:649} INFO - 24/10/11 22:58:53 INFO SparkContext: Added file file:///home/airflow/.ivy2/jars/org.scala-lang.modules_scala-collection-compat_2.12-2.5.0.jar at spark://yellow-cab-airflow-scheduler:42087/files/org.scala-lang.modules_scala-collection-compat_2.12-2.5.0.jar with timestamp 1728687532978
[2024-10-11T22:58:53.727+0000] {spark_submit.py:649} INFO - 24/10/11 22:58:53 INFO Utils: Copying /home/airflow/.ivy2/jars/org.scala-lang.modules_scala-collection-compat_2.12-2.5.0.jar to /tmp/spark-46dfc5ec-3471-4d28-93b0-c2a1580418b1/userFiles-7e72ce27-e149-4aa0-b606-4b7d8c1c69b6/org.scala-lang.modules_scala-collection-compat_2.12-2.5.0.jar
[2024-10-11T22:58:53.784+0000] {spark_submit.py:649} INFO - 24/10/11 22:58:53 INFO StandaloneAppClient$ClientEndpoint: Connecting to master spark://spark-master:7077...
[2024-10-11T22:58:53.808+0000] {spark_submit.py:649} INFO - 24/10/11 22:58:53 INFO TransportClientFactory: Successfully created connection to spark-master/172.24.0.2:7077 after 14 ms (0 ms spent in bootstraps)
[2024-10-11T22:58:53.861+0000] {spark_submit.py:649} INFO - 24/10/11 22:58:53 INFO StandaloneSchedulerBackend: Connected to Spark cluster with app ID app-20241011225853-0002
[2024-10-11T22:58:53.862+0000] {spark_submit.py:649} INFO - 24/10/11 22:58:53 INFO StandaloneAppClient$ClientEndpoint: Executor added: app-20241011225853-0002/0 on worker-20241011213037-172.24.0.3-36185 (172.24.0.3:36185) with 4 core(s)
[2024-10-11T22:58:53.863+0000] {spark_submit.py:649} INFO - 24/10/11 22:58:53 INFO StandaloneSchedulerBackend: Granted executor ID app-20241011225853-0002/0 on hostPort 172.24.0.3:36185 with 4 core(s), 1024.0 MiB RAM
[2024-10-11T22:58:53.867+0000] {spark_submit.py:649} INFO - 24/10/11 22:58:53 INFO Utils: Successfully started service 'org.apache.spark.network.netty.NettyBlockTransferService' on port 45905.
[2024-10-11T22:58:53.867+0000] {spark_submit.py:649} INFO - 24/10/11 22:58:53 INFO NettyBlockTransferService: Server created on yellow-cab-airflow-scheduler:45905
[2024-10-11T22:58:53.868+0000] {spark_submit.py:649} INFO - 24/10/11 22:58:53 INFO BlockManager: Using org.apache.spark.storage.RandomBlockReplicationPolicy for block replication policy
[2024-10-11T22:58:53.871+0000] {spark_submit.py:649} INFO - 24/10/11 22:58:53 INFO BlockManagerMaster: Registering BlockManager BlockManagerId(driver, yellow-cab-airflow-scheduler, 45905, None)
[2024-10-11T22:58:53.873+0000] {spark_submit.py:649} INFO - 24/10/11 22:58:53 INFO BlockManagerMasterEndpoint: Registering block manager yellow-cab-airflow-scheduler:45905 with 434.4 MiB RAM, BlockManagerId(driver, yellow-cab-airflow-scheduler, 45905, None)
[2024-10-11T22:58:53.875+0000] {spark_submit.py:649} INFO - 24/10/11 22:58:53 INFO BlockManagerMaster: Registered BlockManager BlockManagerId(driver, yellow-cab-airflow-scheduler, 45905, None)
[2024-10-11T22:58:53.876+0000] {spark_submit.py:649} INFO - 24/10/11 22:58:53 INFO BlockManager: Initialized BlockManager: BlockManagerId(driver, yellow-cab-airflow-scheduler, 45905, None)
[2024-10-11T22:58:53.971+0000] {spark_submit.py:649} INFO - 24/10/11 22:58:53 INFO StandaloneAppClient$ClientEndpoint: Executor updated: app-20241011225853-0002/0 is now RUNNING
[2024-10-11T22:58:54.055+0000] {spark_submit.py:649} INFO - 24/10/11 22:58:54 INFO StandaloneSchedulerBackend: SchedulerBackend is ready for scheduling beginning after reached minRegisteredResourcesRatio: 0.0
[2024-10-11T22:58:54.216+0000] {spark_submit.py:649} INFO - /spark-scripts/taxi_etl.py:28: DeprecationWarning: Call to deprecated function registerAll (Deprecated since 1.4.1, use SedonaContext.create() instead.).
[2024-10-11T22:58:54.216+0000] {spark_submit.py:649} INFO - SedonaRegistrator.registerAll(spark)
[2024-10-11T22:58:54.221+0000] {spark_submit.py:649} INFO - 24/10/11 22:58:54 INFO SharedState: Setting hive.metastore.warehouse.dir ('null') to the value of spark.sql.warehouse.dir.
[2024-10-11T22:58:54.222+0000] {spark_submit.py:649} INFO - 24/10/11 22:58:54 INFO SharedState: Warehouse path is 'file:/opt/airflow/spark-warehouse'.
[2024-10-11T22:58:55.592+0000] {spark_submit.py:649} INFO - 24/10/11 22:58:55 INFO StandaloneSchedulerBackend$StandaloneDriverEndpoint: Registered executor NettyRpcEndpointRef(spark-client://Executor) (172.24.0.3:33768) with ID 0,  ResourceProfileId 0
[2024-10-11T22:58:55.605+0000] {spark_submit.py:649} INFO - 24/10/11 22:58:55 INFO CodeGenerator: Code generated in 109.60925 ms
[2024-10-11T22:58:55.674+0000] {spark_submit.py:649} INFO - 24/10/11 22:58:55 INFO BlockManagerMasterEndpoint: Registering block manager 172.24.0.3:38937 with 434.4 MiB RAM, BlockManagerId(0, 172.24.0.3, 38937, None)
[2024-10-11T22:58:55.690+0000] {spark_submit.py:649} INFO - 24/10/11 22:58:55 INFO DAGScheduler: Registering RDD 2 (count at NativeMethodAccessorImpl.java:0) as input to shuffle 0
[2024-10-11T22:58:55.695+0000] {spark_submit.py:649} INFO - 24/10/11 22:58:55 INFO DAGScheduler: Got map stage job 0 (count at NativeMethodAccessorImpl.java:0) with 1 output partitions
[2024-10-11T22:58:55.695+0000] {spark_submit.py:649} INFO - 24/10/11 22:58:55 INFO DAGScheduler: Final stage: ShuffleMapStage 0 (count at NativeMethodAccessorImpl.java:0)
[2024-10-11T22:58:55.696+0000] {spark_submit.py:649} INFO - 24/10/11 22:58:55 INFO DAGScheduler: Parents of final stage: List()
[2024-10-11T22:58:55.696+0000] {spark_submit.py:649} INFO - 24/10/11 22:58:55 INFO DAGScheduler: Missing parents: List()
[2024-10-11T22:58:55.697+0000] {spark_submit.py:649} INFO - 24/10/11 22:58:55 INFO DAGScheduler: Submitting ShuffleMapStage 0 (MapPartitionsRDD[2] at count at NativeMethodAccessorImpl.java:0), which has no missing parents
[2024-10-11T22:58:55.747+0000] {spark_submit.py:649} INFO - 24/10/11 22:58:55 INFO MemoryStore: Block broadcast_0 stored as values in memory (estimated size 11.0 KiB, free 434.4 MiB)
[2024-10-11T22:58:55.769+0000] {spark_submit.py:649} INFO - 24/10/11 22:58:55 INFO MemoryStore: Block broadcast_0_piece0 stored as bytes in memory (estimated size 5.7 KiB, free 434.4 MiB)
[2024-10-11T22:58:55.771+0000] {spark_submit.py:649} INFO - 24/10/11 22:58:55 INFO BlockManagerInfo: Added broadcast_0_piece0 in memory on yellow-cab-airflow-scheduler:45905 (size: 5.7 KiB, free: 434.4 MiB)
[2024-10-11T22:58:55.773+0000] {spark_submit.py:649} INFO - 24/10/11 22:58:55 INFO SparkContext: Created broadcast 0 from broadcast at DAGScheduler.scala:1585
[2024-10-11T22:58:55.784+0000] {spark_submit.py:649} INFO - 24/10/11 22:58:55 INFO DAGScheduler: Submitting 1 missing tasks from ShuffleMapStage 0 (MapPartitionsRDD[2] at count at NativeMethodAccessorImpl.java:0) (first 15 tasks are for partitions Vector(0))
[2024-10-11T22:58:55.785+0000] {spark_submit.py:649} INFO - 24/10/11 22:58:55 INFO TaskSchedulerImpl: Adding task set 0.0 with 1 tasks resource profile 0
[2024-10-11T22:58:56.510+0000] {spark_submit.py:649} INFO - 24/10/11 22:58:56 INFO TaskSetManager: Starting task 0.0 in stage 0.0 (TID 0) (172.24.0.3, executor 0, partition 0, PROCESS_LOCAL, 9588 bytes)
[2024-10-11T22:58:56.620+0000] {spark_submit.py:649} INFO - 24/10/11 22:58:56 INFO BlockManagerInfo: Added broadcast_0_piece0 in memory on 172.24.0.3:38937 (size: 5.7 KiB, free: 434.4 MiB)
[2024-10-11T22:58:56.882+0000] {spark_submit.py:649} INFO - 24/10/11 22:58:56 INFO TaskSetManager: Finished task 0.0 in stage 0.0 (TID 0) in 380 ms on 172.24.0.3 (executor 0) (1/1)
[2024-10-11T22:58:56.882+0000] {spark_submit.py:649} INFO - 24/10/11 22:58:56 INFO TaskSchedulerImpl: Removed TaskSet 0.0, whose tasks have all completed, from pool
[2024-10-11T22:58:56.885+0000] {spark_submit.py:649} INFO - 24/10/11 22:58:56 INFO DAGScheduler: ShuffleMapStage 0 (count at NativeMethodAccessorImpl.java:0) finished in 1.181 s
[2024-10-11T22:58:56.889+0000] {spark_submit.py:649} INFO - 24/10/11 22:58:56 INFO DAGScheduler: looking for newly runnable stages
[2024-10-11T22:58:56.889+0000] {spark_submit.py:649} INFO - 24/10/11 22:58:56 INFO DAGScheduler: running: Set()
[2024-10-11T22:58:56.889+0000] {spark_submit.py:649} INFO - 24/10/11 22:58:56 INFO DAGScheduler: waiting: Set()
[2024-10-11T22:58:56.889+0000] {spark_submit.py:649} INFO - 24/10/11 22:58:56 INFO DAGScheduler: failed: Set()
[2024-10-11T22:58:56.907+0000] {spark_submit.py:649} INFO - 24/10/11 22:58:56 INFO CodeGenerator: Code generated in 7.520709 ms
[2024-10-11T22:58:56.927+0000] {spark_submit.py:649} INFO - 24/10/11 22:58:56 INFO SparkContext: Starting job: count at NativeMethodAccessorImpl.java:0
[2024-10-11T22:58:56.929+0000] {spark_submit.py:649} INFO - 24/10/11 22:58:56 INFO DAGScheduler: Got job 1 (count at NativeMethodAccessorImpl.java:0) with 1 output partitions
[2024-10-11T22:58:56.929+0000] {spark_submit.py:649} INFO - 24/10/11 22:58:56 INFO DAGScheduler: Final stage: ResultStage 2 (count at NativeMethodAccessorImpl.java:0)
[2024-10-11T22:58:56.929+0000] {spark_submit.py:649} INFO - 24/10/11 22:58:56 INFO DAGScheduler: Parents of final stage: List(ShuffleMapStage 1)
[2024-10-11T22:58:56.930+0000] {spark_submit.py:649} INFO - 24/10/11 22:58:56 INFO DAGScheduler: Missing parents: List()
[2024-10-11T22:58:56.931+0000] {spark_submit.py:649} INFO - 24/10/11 22:58:56 INFO DAGScheduler: Submitting ResultStage 2 (MapPartitionsRDD[5] at count at NativeMethodAccessorImpl.java:0), which has no missing parents
[2024-10-11T22:58:56.935+0000] {spark_submit.py:649} INFO - 24/10/11 22:58:56 INFO MemoryStore: Block broadcast_1 stored as values in memory (estimated size 12.5 KiB, free 434.4 MiB)
[2024-10-11T22:58:56.939+0000] {spark_submit.py:649} INFO - 24/10/11 22:58:56 INFO MemoryStore: Block broadcast_1_piece0 stored as bytes in memory (estimated size 5.9 KiB, free 434.4 MiB)
[2024-10-11T22:58:56.940+0000] {spark_submit.py:649} INFO - 24/10/11 22:58:56 INFO BlockManagerInfo: Added broadcast_1_piece0 in memory on yellow-cab-airflow-scheduler:45905 (size: 5.9 KiB, free: 434.4 MiB)
[2024-10-11T22:58:56.940+0000] {spark_submit.py:649} INFO - 24/10/11 22:58:56 INFO SparkContext: Created broadcast 1 from broadcast at DAGScheduler.scala:1585
[2024-10-11T22:58:56.942+0000] {spark_submit.py:649} INFO - 24/10/11 22:58:56 INFO DAGScheduler: Submitting 1 missing tasks from ResultStage 2 (MapPartitionsRDD[5] at count at NativeMethodAccessorImpl.java:0) (first 15 tasks are for partitions Vector(0))
[2024-10-11T22:58:56.943+0000] {spark_submit.py:649} INFO - 24/10/11 22:58:56 INFO TaskSchedulerImpl: Adding task set 2.0 with 1 tasks resource profile 0
[2024-10-11T22:58:56.946+0000] {spark_submit.py:649} INFO - 24/10/11 22:58:56 INFO TaskSetManager: Starting task 0.0 in stage 2.0 (TID 1) (172.24.0.3, executor 0, partition 0, NODE_LOCAL, 9391 bytes)
[2024-10-11T22:58:56.955+0000] {spark_submit.py:649} INFO - 24/10/11 22:58:56 INFO BlockManagerInfo: Removed broadcast_0_piece0 on yellow-cab-airflow-scheduler:45905 in memory (size: 5.7 KiB, free: 434.4 MiB)
[2024-10-11T22:58:56.961+0000] {spark_submit.py:649} INFO - 24/10/11 22:58:56 INFO BlockManagerInfo: Removed broadcast_0_piece0 on 172.24.0.3:38937 in memory (size: 5.7 KiB, free: 434.4 MiB)
[2024-10-11T22:58:56.970+0000] {spark_submit.py:649} INFO - 24/10/11 22:58:56 INFO BlockManagerInfo: Added broadcast_1_piece0 in memory on 172.24.0.3:38937 (size: 5.9 KiB, free: 434.4 MiB)
[2024-10-11T22:58:57.013+0000] {spark_submit.py:649} INFO - 24/10/11 22:58:57 INFO MapOutputTrackerMasterEndpoint: Asked to send map output locations for shuffle 0 to 172.24.0.3:33768
[2024-10-11T22:58:57.084+0000] {spark_submit.py:649} INFO - 24/10/11 22:58:57 INFO TaskSetManager: Finished task 0.0 in stage 2.0 (TID 1) in 140 ms on 172.24.0.3 (executor 0) (1/1)
[2024-10-11T22:58:57.084+0000] {spark_submit.py:649} INFO - 24/10/11 22:58:57 INFO TaskSchedulerImpl: Removed TaskSet 2.0, whose tasks have all completed, from pool
[2024-10-11T22:58:57.085+0000] {spark_submit.py:649} INFO - 24/10/11 22:58:57 INFO DAGScheduler: ResultStage 2 (count at NativeMethodAccessorImpl.java:0) finished in 0.152 s
[2024-10-11T22:58:57.086+0000] {spark_submit.py:649} INFO - 24/10/11 22:58:57 INFO DAGScheduler: Job 1 is finished. Cancelling potential speculative or zombie tasks for this job
[2024-10-11T22:58:57.086+0000] {spark_submit.py:649} INFO - 24/10/11 22:58:57 INFO TaskSchedulerImpl: Killing all running tasks in stage 2: Stage finished
[2024-10-11T22:58:57.086+0000] {spark_submit.py:649} INFO - 24/10/11 22:58:57 INFO DAGScheduler: Job 1 finished: count at NativeMethodAccessorImpl.java:0, took 0.159153 s
[2024-10-11T22:58:57.557+0000] {spark_submit.py:649} INFO - 24/10/11 22:58:57 INFO BlockManagerInfo: Removed broadcast_1_piece0 on yellow-cab-airflow-scheduler:45905 in memory (size: 5.9 KiB, free: 434.4 MiB)
[2024-10-11T22:58:57.561+0000] {spark_submit.py:649} INFO - 24/10/11 22:58:57 INFO BlockManagerInfo: Removed broadcast_1_piece0 on 172.24.0.3:38937 in memory (size: 5.9 KiB, free: 434.4 MiB)
[2024-10-11T22:58:57.848+0000] {spark_submit.py:649} INFO - 24/10/11 22:58:57 INFO InMemoryFileIndex: It took 9 ms to list leaf files for 1 paths.
[2024-10-11T22:58:57.870+0000] {spark_submit.py:649} INFO - 24/10/11 22:58:57 INFO InMemoryFileIndex: It took 0 ms to list leaf files for 1 paths.
[2024-10-11T22:58:57.972+0000] {spark_submit.py:649} INFO - 24/10/11 22:58:57 INFO FileSourceStrategy: Pushed Filters:
[2024-10-11T22:58:57.973+0000] {spark_submit.py:649} INFO - 24/10/11 22:58:57 INFO FileSourceStrategy: Post-Scan Filters: (length(trim(value#14, None)) > 0)
[2024-10-11T22:58:57.995+0000] {spark_submit.py:649} INFO - 24/10/11 22:58:57 INFO CodeGenerator: Code generated in 10.126209 ms
[2024-10-11T22:58:58.009+0000] {spark_submit.py:649} INFO - 24/10/11 22:58:58 INFO MemoryStore: Block broadcast_2 stored as values in memory (estimated size 204.4 KiB, free 434.2 MiB)
[2024-10-11T22:58:58.025+0000] {spark_submit.py:649} INFO - 24/10/11 22:58:58 INFO MemoryStore: Block broadcast_2_piece0 stored as bytes in memory (estimated size 35.5 KiB, free 434.2 MiB)
[2024-10-11T22:58:58.026+0000] {spark_submit.py:649} INFO - 24/10/11 22:58:58 INFO BlockManagerInfo: Added broadcast_2_piece0 in memory on yellow-cab-airflow-scheduler:45905 (size: 35.5 KiB, free: 434.4 MiB)
[2024-10-11T22:58:58.027+0000] {spark_submit.py:649} INFO - 24/10/11 22:58:58 INFO SparkContext: Created broadcast 2 from csv at NativeMethodAccessorImpl.java:0
[2024-10-11T22:58:58.034+0000] {spark_submit.py:649} INFO - 24/10/11 22:58:58 INFO FileSourceScanExec: Planning scan with bin packing, max size: 4194304 bytes, open cost is considered as scanning 4194304 bytes.
[2024-10-11T22:58:58.055+0000] {spark_submit.py:649} INFO - 24/10/11 22:58:58 INFO SparkContext: Starting job: csv at NativeMethodAccessorImpl.java:0
[2024-10-11T22:58:58.057+0000] {spark_submit.py:649} INFO - 24/10/11 22:58:58 INFO DAGScheduler: Got job 2 (csv at NativeMethodAccessorImpl.java:0) with 1 output partitions
[2024-10-11T22:58:58.057+0000] {spark_submit.py:649} INFO - 24/10/11 22:58:58 INFO DAGScheduler: Final stage: ResultStage 3 (csv at NativeMethodAccessorImpl.java:0)
[2024-10-11T22:58:58.057+0000] {spark_submit.py:649} INFO - 24/10/11 22:58:58 INFO DAGScheduler: Parents of final stage: List()
[2024-10-11T22:58:58.058+0000] {spark_submit.py:649} INFO - 24/10/11 22:58:58 INFO DAGScheduler: Missing parents: List()
[2024-10-11T22:58:58.058+0000] {spark_submit.py:649} INFO - 24/10/11 22:58:58 INFO DAGScheduler: Submitting ResultStage 3 (MapPartitionsRDD[9] at csv at NativeMethodAccessorImpl.java:0), which has no missing parents
[2024-10-11T22:58:58.066+0000] {spark_submit.py:649} INFO - 24/10/11 22:58:58 INFO MemoryStore: Block broadcast_3 stored as values in memory (estimated size 13.5 KiB, free 434.2 MiB)
[2024-10-11T22:58:58.069+0000] {spark_submit.py:649} INFO - 24/10/11 22:58:58 INFO MemoryStore: Block broadcast_3_piece0 stored as bytes in memory (estimated size 6.4 KiB, free 434.1 MiB)
[2024-10-11T22:58:58.070+0000] {spark_submit.py:649} INFO - 24/10/11 22:58:58 INFO BlockManagerInfo: Added broadcast_3_piece0 in memory on yellow-cab-airflow-scheduler:45905 (size: 6.4 KiB, free: 434.4 MiB)
[2024-10-11T22:58:58.070+0000] {spark_submit.py:649} INFO - 24/10/11 22:58:58 INFO SparkContext: Created broadcast 3 from broadcast at DAGScheduler.scala:1585
[2024-10-11T22:58:58.071+0000] {spark_submit.py:649} INFO - 24/10/11 22:58:58 INFO DAGScheduler: Submitting 1 missing tasks from ResultStage 3 (MapPartitionsRDD[9] at csv at NativeMethodAccessorImpl.java:0) (first 15 tasks are for partitions Vector(0))
[2024-10-11T22:58:58.071+0000] {spark_submit.py:649} INFO - 24/10/11 22:58:58 INFO TaskSchedulerImpl: Adding task set 3.0 with 1 tasks resource profile 0
[2024-10-11T22:58:58.073+0000] {spark_submit.py:649} INFO - 24/10/11 22:58:58 INFO TaskSetManager: Starting task 0.0 in stage 3.0 (TID 2) (172.24.0.3, executor 0, partition 0, PROCESS_LOCAL, 9994 bytes)
[2024-10-11T22:58:58.091+0000] {spark_submit.py:649} INFO - 24/10/11 22:58:58 INFO BlockManagerInfo: Added broadcast_3_piece0 in memory on 172.24.0.3:38937 (size: 6.4 KiB, free: 434.4 MiB)
[2024-10-11T22:58:58.212+0000] {spark_submit.py:649} INFO - 24/10/11 22:58:58 INFO BlockManagerInfo: Added broadcast_2_piece0 in memory on 172.24.0.3:38937 (size: 35.5 KiB, free: 434.4 MiB)
[2024-10-11T22:58:58.279+0000] {spark_submit.py:649} INFO - 24/10/11 22:58:58 INFO TaskSetManager: Finished task 0.0 in stage 3.0 (TID 2) in 207 ms on 172.24.0.3 (executor 0) (1/1)
[2024-10-11T22:58:58.279+0000] {spark_submit.py:649} INFO - 24/10/11 22:58:58 INFO TaskSchedulerImpl: Removed TaskSet 3.0, whose tasks have all completed, from pool
[2024-10-11T22:58:58.280+0000] {spark_submit.py:649} INFO - 24/10/11 22:58:58 INFO DAGScheduler: ResultStage 3 (csv at NativeMethodAccessorImpl.java:0) finished in 0.220 s
[2024-10-11T22:58:58.280+0000] {spark_submit.py:649} INFO - 24/10/11 22:58:58 INFO DAGScheduler: Job 2 is finished. Cancelling potential speculative or zombie tasks for this job
[2024-10-11T22:58:58.281+0000] {spark_submit.py:649} INFO - 24/10/11 22:58:58 INFO TaskSchedulerImpl: Killing all running tasks in stage 3: Stage finished
[2024-10-11T22:58:58.281+0000] {spark_submit.py:649} INFO - 24/10/11 22:58:58 INFO DAGScheduler: Job 2 finished: csv at NativeMethodAccessorImpl.java:0, took 0.224982 s
[2024-10-11T22:58:58.293+0000] {spark_submit.py:649} INFO - 24/10/11 22:58:58 INFO CodeGenerator: Code generated in 6.614792 ms
[2024-10-11T22:58:58.305+0000] {spark_submit.py:649} INFO - 24/10/11 22:58:58 INFO BlockManagerInfo: Removed broadcast_3_piece0 on yellow-cab-airflow-scheduler:45905 in memory (size: 6.4 KiB, free: 434.4 MiB)
[2024-10-11T22:58:58.308+0000] {spark_submit.py:649} INFO - 24/10/11 22:58:58 INFO BlockManagerInfo: Removed broadcast_3_piece0 on 172.24.0.3:38937 in memory (size: 6.4 KiB, free: 434.4 MiB)
[2024-10-11T22:58:58.316+0000] {spark_submit.py:649} INFO - 24/10/11 22:58:58 INFO FileSourceStrategy: Pushed Filters:
[2024-10-11T22:58:58.316+0000] {spark_submit.py:649} INFO - 24/10/11 22:58:58 INFO FileSourceStrategy: Post-Scan Filters:
[2024-10-11T22:58:58.322+0000] {spark_submit.py:649} INFO - 24/10/11 22:58:58 INFO MemoryStore: Block broadcast_4 stored as values in memory (estimated size 204.4 KiB, free 434.0 MiB)
[2024-10-11T22:58:58.330+0000] {spark_submit.py:649} INFO - 24/10/11 22:58:58 INFO MemoryStore: Block broadcast_4_piece0 stored as bytes in memory (estimated size 35.5 KiB, free 433.9 MiB)
[2024-10-11T22:58:58.331+0000] {spark_submit.py:649} INFO - 24/10/11 22:58:58 INFO BlockManagerInfo: Added broadcast_4_piece0 in memory on yellow-cab-airflow-scheduler:45905 (size: 35.5 KiB, free: 434.3 MiB)
[2024-10-11T22:58:58.334+0000] {spark_submit.py:649} INFO - 24/10/11 22:58:58 INFO SparkContext: Created broadcast 4 from csv at NativeMethodAccessorImpl.java:0
[2024-10-11T22:58:58.337+0000] {spark_submit.py:649} INFO - 24/10/11 22:58:58 INFO FileSourceScanExec: Planning scan with bin packing, max size: 4194304 bytes, open cost is considered as scanning 4194304 bytes.
[2024-10-11T22:58:58.363+0000] {spark_submit.py:649} INFO - 24/10/11 22:58:58 INFO SparkContext: Starting job: csv at NativeMethodAccessorImpl.java:0
[2024-10-11T22:58:58.364+0000] {spark_submit.py:649} INFO - 24/10/11 22:58:58 INFO DAGScheduler: Got job 3 (csv at NativeMethodAccessorImpl.java:0) with 1 output partitions
[2024-10-11T22:58:58.364+0000] {spark_submit.py:649} INFO - 24/10/11 22:58:58 INFO DAGScheduler: Final stage: ResultStage 4 (csv at NativeMethodAccessorImpl.java:0)
[2024-10-11T22:58:58.365+0000] {spark_submit.py:649} INFO - 24/10/11 22:58:58 INFO DAGScheduler: Parents of final stage: List()
[2024-10-11T22:58:58.365+0000] {spark_submit.py:649} INFO - 24/10/11 22:58:58 INFO DAGScheduler: Missing parents: List()
[2024-10-11T22:58:58.365+0000] {spark_submit.py:649} INFO - 24/10/11 22:58:58 INFO DAGScheduler: Submitting ResultStage 4 (MapPartitionsRDD[15] at csv at NativeMethodAccessorImpl.java:0), which has no missing parents
[2024-10-11T22:58:58.372+0000] {spark_submit.py:649} INFO - 24/10/11 22:58:58 INFO MemoryStore: Block broadcast_5 stored as values in memory (estimated size 31.3 KiB, free 433.9 MiB)
[2024-10-11T22:58:58.376+0000] {spark_submit.py:649} INFO - 24/10/11 22:58:58 INFO MemoryStore: Block broadcast_5_piece0 stored as bytes in memory (estimated size 13.6 KiB, free 433.9 MiB)
[2024-10-11T22:58:58.377+0000] {spark_submit.py:649} INFO - 24/10/11 22:58:58 INFO BlockManagerInfo: Added broadcast_5_piece0 in memory on yellow-cab-airflow-scheduler:45905 (size: 13.6 KiB, free: 434.3 MiB)
[2024-10-11T22:58:58.378+0000] {spark_submit.py:649} INFO - 24/10/11 22:58:58 INFO BlockManagerInfo: Removed broadcast_2_piece0 on yellow-cab-airflow-scheduler:45905 in memory (size: 35.5 KiB, free: 434.4 MiB)
[2024-10-11T22:58:58.379+0000] {spark_submit.py:649} INFO - 24/10/11 22:58:58 INFO SparkContext: Created broadcast 5 from broadcast at DAGScheduler.scala:1585
[2024-10-11T22:58:58.379+0000] {spark_submit.py:649} INFO - 24/10/11 22:58:58 INFO DAGScheduler: Submitting 1 missing tasks from ResultStage 4 (MapPartitionsRDD[15] at csv at NativeMethodAccessorImpl.java:0) (first 15 tasks are for partitions Vector(0))
[2024-10-11T22:58:58.380+0000] {spark_submit.py:649} INFO - 24/10/11 22:58:58 INFO TaskSchedulerImpl: Adding task set 4.0 with 1 tasks resource profile 0
[2024-10-11T22:58:58.381+0000] {spark_submit.py:649} INFO - 24/10/11 22:58:58 INFO TaskSetManager: Starting task 0.0 in stage 4.0 (TID 3) (172.24.0.3, executor 0, partition 0, PROCESS_LOCAL, 9994 bytes)
[2024-10-11T22:58:58.384+0000] {spark_submit.py:649} INFO - 24/10/11 22:58:58 INFO BlockManagerInfo: Removed broadcast_2_piece0 on 172.24.0.3:38937 in memory (size: 35.5 KiB, free: 434.4 MiB)
[2024-10-11T22:58:58.402+0000] {spark_submit.py:649} INFO - 24/10/11 22:58:58 INFO BlockManagerInfo: Added broadcast_5_piece0 in memory on 172.24.0.3:38937 (size: 13.6 KiB, free: 434.4 MiB)
[2024-10-11T22:58:58.944+0000] {spark_submit.py:649} INFO - 24/10/11 22:58:58 INFO BlockManagerInfo: Added broadcast_4_piece0 in memory on 172.24.0.3:38937 (size: 35.5 KiB, free: 434.4 MiB)
[2024-10-11T22:58:59.217+0000] {spark_submit.py:649} INFO - 24/10/11 22:58:59 INFO TaskSetManager: Finished task 0.0 in stage 4.0 (TID 3) in 837 ms on 172.24.0.3 (executor 0) (1/1)
[2024-10-11T22:58:59.217+0000] {spark_submit.py:649} INFO - 24/10/11 22:58:59 INFO TaskSchedulerImpl: Removed TaskSet 4.0, whose tasks have all completed, from pool
[2024-10-11T22:58:59.218+0000] {spark_submit.py:649} INFO - 24/10/11 22:58:59 INFO DAGScheduler: ResultStage 4 (csv at NativeMethodAccessorImpl.java:0) finished in 0.852 s
[2024-10-11T22:58:59.218+0000] {spark_submit.py:649} INFO - 24/10/11 22:58:59 INFO DAGScheduler: Job 3 is finished. Cancelling potential speculative or zombie tasks for this job
[2024-10-11T22:58:59.219+0000] {spark_submit.py:649} INFO - 24/10/11 22:58:59 INFO TaskSchedulerImpl: Killing all running tasks in stage 4: Stage finished
[2024-10-11T22:58:59.220+0000] {spark_submit.py:649} INFO - 24/10/11 22:58:59 INFO DAGScheduler: Job 3 finished: csv at NativeMethodAccessorImpl.java:0, took 0.855634 s
[2024-10-11T22:58:59.551+0000] {spark_submit.py:649} INFO - 24/10/11 22:58:59 INFO BlockManagerInfo: Removed broadcast_5_piece0 on yellow-cab-airflow-scheduler:45905 in memory (size: 13.6 KiB, free: 434.4 MiB)
[2024-10-11T22:58:59.554+0000] {spark_submit.py:649} INFO - 24/10/11 22:58:59 INFO BlockManagerInfo: Removed broadcast_5_piece0 on 172.24.0.3:38937 in memory (size: 13.6 KiB, free: 434.4 MiB)
[2024-10-11T22:58:59.561+0000] {spark_submit.py:649} INFO - 24/10/11 22:58:59 INFO BlockManagerInfo: Removed broadcast_4_piece0 on yellow-cab-airflow-scheduler:45905 in memory (size: 35.5 KiB, free: 434.4 MiB)
[2024-10-11T22:58:59.562+0000] {spark_submit.py:649} INFO - 24/10/11 22:58:59 INFO BlockManagerInfo: Removed broadcast_4_piece0 on 172.24.0.3:38937 in memory (size: 35.5 KiB, free: 434.4 MiB)
[2024-10-11T22:58:59.584+0000] {spark_submit.py:649} INFO - 24/10/11 22:58:59 INFO FileSourceStrategy: Pushed Filters:
[2024-10-11T22:58:59.584+0000] {spark_submit.py:649} INFO - 24/10/11 22:58:59 INFO FileSourceStrategy: Post-Scan Filters: atleastnnonnulls(4, tpep_pickup_datetime#32, tpep_dropoff_datetime#33, pickup_longitude#36, pickup_latitude#37)
[2024-10-11T22:58:59.633+0000] {spark_submit.py:649} INFO - 24/10/11 22:58:59 INFO CodeGenerator: Code generated in 29.92775 ms
[2024-10-11T22:58:59.635+0000] {spark_submit.py:649} INFO - 24/10/11 22:58:59 INFO MemoryStore: Block broadcast_6 stored as values in memory (estimated size 204.3 KiB, free 434.2 MiB)
[2024-10-11T22:58:59.642+0000] {spark_submit.py:649} INFO - 24/10/11 22:58:59 INFO MemoryStore: Block broadcast_6_piece0 stored as bytes in memory (estimated size 35.5 KiB, free 434.2 MiB)
[2024-10-11T22:58:59.644+0000] {spark_submit.py:649} INFO - 24/10/11 22:58:59 INFO BlockManagerInfo: Added broadcast_6_piece0 in memory on yellow-cab-airflow-scheduler:45905 (size: 35.5 KiB, free: 434.4 MiB)
[2024-10-11T22:58:59.644+0000] {spark_submit.py:649} INFO - 24/10/11 22:58:59 INFO SparkContext: Created broadcast 6 from showString at NativeMethodAccessorImpl.java:0
[2024-10-11T22:58:59.647+0000] {spark_submit.py:649} INFO - 24/10/11 22:58:59 INFO FileSourceScanExec: Planning scan with bin packing, max size: 4194304 bytes, open cost is considered as scanning 4194304 bytes.
[2024-10-11T22:58:59.653+0000] {spark_submit.py:649} INFO - 24/10/11 22:58:59 INFO SparkContext: Starting job: showString at NativeMethodAccessorImpl.java:0
[2024-10-11T22:58:59.655+0000] {spark_submit.py:649} INFO - 24/10/11 22:58:59 INFO DAGScheduler: Got job 4 (showString at NativeMethodAccessorImpl.java:0) with 1 output partitions
[2024-10-11T22:58:59.655+0000] {spark_submit.py:649} INFO - 24/10/11 22:58:59 INFO DAGScheduler: Final stage: ResultStage 5 (showString at NativeMethodAccessorImpl.java:0)
[2024-10-11T22:58:59.655+0000] {spark_submit.py:649} INFO - 24/10/11 22:58:59 INFO DAGScheduler: Parents of final stage: List()
[2024-10-11T22:58:59.659+0000] {spark_submit.py:649} INFO - 24/10/11 22:58:59 INFO DAGScheduler: Missing parents: List()
[2024-10-11T22:58:59.660+0000] {spark_submit.py:649} INFO - 24/10/11 22:58:59 INFO DAGScheduler: Submitting ResultStage 5 (MapPartitionsRDD[21] at showString at NativeMethodAccessorImpl.java:0), which has no missing parents
[2024-10-11T22:58:59.675+0000] {spark_submit.py:649} INFO - 24/10/11 22:58:59 INFO MemoryStore: Block broadcast_7 stored as values in memory (estimated size 40.0 KiB, free 434.1 MiB)
[2024-10-11T22:58:59.685+0000] {spark_submit.py:649} INFO - 24/10/11 22:58:59 INFO MemoryStore: Block broadcast_7_piece0 stored as bytes in memory (estimated size 16.6 KiB, free 434.1 MiB)
[2024-10-11T22:58:59.686+0000] {spark_submit.py:649} INFO - 24/10/11 22:58:59 INFO BlockManagerInfo: Added broadcast_7_piece0 in memory on yellow-cab-airflow-scheduler:45905 (size: 16.6 KiB, free: 434.3 MiB)
[2024-10-11T22:58:59.687+0000] {spark_submit.py:649} INFO - 24/10/11 22:58:59 INFO SparkContext: Created broadcast 7 from broadcast at DAGScheduler.scala:1585
[2024-10-11T22:58:59.688+0000] {spark_submit.py:649} INFO - 24/10/11 22:58:59 INFO DAGScheduler: Submitting 1 missing tasks from ResultStage 5 (MapPartitionsRDD[21] at showString at NativeMethodAccessorImpl.java:0) (first 15 tasks are for partitions Vector(0))
[2024-10-11T22:58:59.689+0000] {spark_submit.py:649} INFO - 24/10/11 22:58:59 INFO TaskSchedulerImpl: Adding task set 5.0 with 1 tasks resource profile 0
[2024-10-11T22:58:59.689+0000] {spark_submit.py:649} INFO - 24/10/11 22:58:59 INFO TaskSetManager: Starting task 0.0 in stage 5.0 (TID 4) (172.24.0.3, executor 0, partition 0, PROCESS_LOCAL, 9994 bytes)
[2024-10-11T22:58:59.704+0000] {spark_submit.py:649} INFO - 24/10/11 22:58:59 INFO BlockManagerInfo: Added broadcast_7_piece0 in memory on 172.24.0.3:38937 (size: 16.6 KiB, free: 434.4 MiB)
[2024-10-11T22:58:59.901+0000] {spark_submit.py:649} INFO - 24/10/11 22:58:59 INFO BlockManagerInfo: Added broadcast_6_piece0 in memory on 172.24.0.3:38937 (size: 35.5 KiB, free: 434.3 MiB)
[2024-10-11T22:58:59.964+0000] {spark_submit.py:649} INFO - 24/10/11 22:58:59 INFO TaskSetManager: Finished task 0.0 in stage 5.0 (TID 4) in 276 ms on 172.24.0.3 (executor 0) (1/1)
[2024-10-11T22:58:59.965+0000] {spark_submit.py:649} INFO - 24/10/11 22:58:59 INFO TaskSchedulerImpl: Removed TaskSet 5.0, whose tasks have all completed, from pool
[2024-10-11T22:58:59.965+0000] {spark_submit.py:649} INFO - 24/10/11 22:58:59 INFO DAGScheduler: ResultStage 5 (showString at NativeMethodAccessorImpl.java:0) finished in 0.305 s
[2024-10-11T22:58:59.965+0000] {spark_submit.py:649} INFO - 24/10/11 22:58:59 INFO DAGScheduler: Job 4 is finished. Cancelling potential speculative or zombie tasks for this job
[2024-10-11T22:58:59.966+0000] {spark_submit.py:649} INFO - 24/10/11 22:58:59 INFO TaskSchedulerImpl: Killing all running tasks in stage 5: Stage finished
[2024-10-11T22:58:59.966+0000] {spark_submit.py:649} INFO - 24/10/11 22:58:59 INFO DAGScheduler: Job 4 finished: showString at NativeMethodAccessorImpl.java:0, took 0.312471 s
[2024-10-11T22:59:00.002+0000] {spark_submit.py:649} INFO - 24/10/11 22:59:00 INFO CodeGenerator: Code generated in 24.93825 ms
[2024-10-11T22:59:00.013+0000] {spark_submit.py:649} INFO - +--------+------------+------------------+------------------+------------------+------------------+--------------------+---------------------+---------------+-------------+-----------+-----+-------+----------+------------+---------------------+------------+-------------+------------------+--------------------+--------------------+------------------------+
[2024-10-11T22:59:00.016+0000] {spark_submit.py:649} INFO - |VendorID|payment_type|  pickup_longitude|   pickup_latitude| dropoff_longitude|  dropoff_latitude|tpep_pickup_datetime|tpep_dropoff_datetime|passenger_count|trip_distance|fare_amount|extra|mta_tax|tip_amount|tolls_amount|improvement_surcharge|total_amount|Trip_Duration|store_and_fwd_flag|    Pickup_Point_WKB|   Dropoff_Point_WKB|Trip_Distance_Calculated|
[2024-10-11T22:59:00.020+0000] {spark_submit.py:649} INFO - +--------+------------+------------------+------------------+------------------+------------------+--------------------+---------------------+---------------+-------------+-----------+-----+-------+----------+------------+---------------------+------------+-------------+------------------+--------------------+--------------------+------------------------+
[2024-10-11T22:59:00.020+0000] {spark_submit.py:649} INFO - |       2|           2|-73.99037170410156| 40.73469543457031|-73.98184204101562| 40.73240661621094| 2016-01-01 00:00:00|  2016-01-01 00:00:00|              2|          1.1|        7.5|  0.5|    0.5|       0.0|         0.0|                  0.3|         8.8|          0.0|                 N|POINT (-73.990371...|POINT (-73.981842...|    0.008831412222392119|
[2024-10-11T22:59:00.021+0000] {spark_submit.py:649} INFO - |       2|           1|-73.98078155517578| 40.72991180419922|-73.94447326660156|40.716678619384766| 2016-01-01 00:00:00|  2016-01-01 00:00:00|              5|          4.9|       18.0|  0.5|    0.5|       0.0|         0.0|                  0.3|        19.3|          0.0|                 N|POINT (-73.980781...|POINT (-73.944473...|    0.038644650335100936|
[2024-10-11T22:59:00.023+0000] {spark_submit.py:649} INFO - |       2|           1|-73.98455047607422|  40.6795654296875|-73.95027160644531| 40.78892517089844| 2016-01-01 00:00:00|  2016-01-01 00:00:00|              1|        10.54|       33.0|  0.5|    0.5|       0.0|         0.0|                  0.3|        34.3|          0.0|                 N|POINT (-73.984550...|POINT (-73.950271...|     0.11460625594075907|
[2024-10-11T22:59:00.024+0000] {spark_submit.py:649} INFO - |       2|           2|-73.99346923828125|40.718990325927734|-73.96224212646484| 40.65733337402344| 2016-01-01 00:00:00|  2016-01-01 00:00:00|              1|         4.75|       16.5|  0.0|    0.5|       0.0|         0.0|                  0.3|        17.3|          0.0|                 N|POINT (-73.993469...|POINT (-73.962242...|     0.06911376296023186|
[2024-10-11T22:59:00.024+0000] {spark_submit.py:649} INFO - |       2|           2|-73.96062469482422| 40.78133010864258|-73.97726440429688|40.758514404296875| 2016-01-01 00:00:00|  2016-01-01 00:00:00|              3|         1.76|        8.0|  0.0|    0.5|       0.0|         0.0|                  0.3|         8.8|          0.0|                 N|POINT (-73.960624...|POINT (-73.977264...|    0.028238914570587564|
[2024-10-11T22:59:00.025+0000] {spark_submit.py:649} INFO - |       2|           2|-73.98011779785156| 40.74304962158203|-73.91349029541016| 40.76314163208008| 2016-01-01 00:00:00|  2016-01-01 00:18:30|              2|         5.52|       19.0|  0.5|    0.5|       0.0|         0.0|                  0.3|        20.3|         18.5|                 N|POINT (-73.980117...|POINT (-73.913490...|      0.0695910408560845|
[2024-10-11T22:59:00.025+0000] {spark_submit.py:649} INFO - |       2|           2|-73.99405670166016| 40.71998977661133|-73.96636199951172| 40.78987121582031| 2016-01-01 00:00:00|  2016-01-01 00:26:45|              2|         7.45|       26.0|  0.5|    0.5|       0.0|         0.0|                  0.3|        27.3|        26.75|                 N|POINT (-73.994056...|POINT (-73.966361...|     0.07516922291077412|
[2024-10-11T22:59:00.025+0000] {spark_submit.py:649} INFO - |       1|           2|-73.97942352294922| 40.74461364746094|-73.99203491210938|40.753944396972656| 2016-01-01 00:00:01|  2016-01-01 00:11:55|              1|          1.2|        9.0|  0.5|    0.5|       0.0|         0.0|                  0.3|        10.3|         11.9|                 N|POINT (-73.979423...|POINT (-73.992034...|    0.015687894154390074|
[2024-10-11T22:59:00.025+0000] {spark_submit.py:649} INFO - |       1|           2|-73.94715118408203|40.791046142578125|-73.92076873779297|40.865577697753906| 2016-01-01 00:00:02|  2016-01-01 00:11:14|              1|          6.0|       18.0|  0.5|    0.5|       0.0|         0.0|                  0.3|        19.3|         11.2|                 N|POINT (-73.947151...|POINT (-73.920768...|     0.07906317846580539|
[2024-10-11T22:59:00.025+0000] {spark_submit.py:649} INFO - |       2|           2|-73.99834442138672| 40.72389602661133|  -73.995849609375| 40.68840026855469| 2016-01-01 00:00:02|  2016-01-01 00:11:08|              1|         3.21|       11.5|  0.5|    0.5|       0.0|         0.0|                  0.3|        12.8|         11.1|                 N|POINT (-73.998344...|POINT (-73.995849...|    0.035583323720380367|
[2024-10-11T22:59:00.025+0000] {spark_submit.py:649} INFO - +--------+------------+------------------+------------------+------------------+------------------+--------------------+---------------------+---------------+-------------+-----------+-----+-------+----------+------------+---------------------+------------+-------------+------------------+--------------------+--------------------+------------------------+
[2024-10-11T22:59:00.025+0000] {spark_submit.py:649} INFO - only showing top 10 rows
[2024-10-11T22:59:00.025+0000] {spark_submit.py:649} INFO - 
[2024-10-11T22:59:00.267+0000] {spark_submit.py:649} INFO - 24/10/11 22:59:00 INFO FileSourceStrategy: Pushed Filters:
[2024-10-11T22:59:00.267+0000] {spark_submit.py:649} INFO - 24/10/11 22:59:00 INFO FileSourceStrategy: Post-Scan Filters: atleastnnonnulls(4, tpep_pickup_datetime#32, tpep_dropoff_datetime#33, pickup_longitude#36, pickup_latitude#37)
[2024-10-11T22:59:00.335+0000] {spark_submit.py:649} INFO - 24/10/11 22:59:00 INFO CodeGenerator: Code generated in 45.545709 ms
[2024-10-11T22:59:00.337+0000] {spark_submit.py:649} INFO - 24/10/11 22:59:00 INFO MemoryStore: Block broadcast_8 stored as values in memory (estimated size 204.3 KiB, free 433.9 MiB)
[2024-10-11T22:59:00.346+0000] {spark_submit.py:649} INFO - 24/10/11 22:59:00 INFO BlockManagerInfo: Removed broadcast_7_piece0 on yellow-cab-airflow-scheduler:45905 in memory (size: 16.6 KiB, free: 434.4 MiB)
[2024-10-11T22:59:00.348+0000] {spark_submit.py:649} INFO - 24/10/11 22:59:00 INFO MemoryStore: Block broadcast_8_piece0 stored as bytes in memory (estimated size 35.5 KiB, free 433.9 MiB)
[2024-10-11T22:59:00.350+0000] {spark_submit.py:649} INFO - 24/10/11 22:59:00 INFO BlockManagerInfo: Added broadcast_8_piece0 in memory on yellow-cab-airflow-scheduler:45905 (size: 35.5 KiB, free: 434.3 MiB)
[2024-10-11T22:59:00.350+0000] {spark_submit.py:649} INFO - 24/10/11 22:59:00 INFO BlockManagerInfo: Removed broadcast_7_piece0 on 172.24.0.3:38937 in memory (size: 16.6 KiB, free: 434.4 MiB)
[2024-10-11T22:59:00.351+0000] {spark_submit.py:649} INFO - 24/10/11 22:59:00 INFO SparkContext: Created broadcast 8 from toPandas at /spark-scripts/taxi_etl.py:119
[2024-10-11T22:59:00.353+0000] {spark_submit.py:649} INFO - 24/10/11 22:59:00 INFO FileSourceScanExec: Planning scan with bin packing, max size: 4194304 bytes, open cost is considered as scanning 4194304 bytes.
[2024-10-11T22:59:00.367+0000] {spark_submit.py:649} INFO - 24/10/11 22:59:00 INFO DAGScheduler: Registering RDD 25 (toPandas at /spark-scripts/taxi_etl.py:119) as input to shuffle 1
[2024-10-11T22:59:00.369+0000] {spark_submit.py:649} INFO - 24/10/11 22:59:00 INFO DAGScheduler: Got map stage job 5 (toPandas at /spark-scripts/taxi_etl.py:119) with 1 output partitions
[2024-10-11T22:59:00.369+0000] {spark_submit.py:649} INFO - 24/10/11 22:59:00 INFO DAGScheduler: Final stage: ShuffleMapStage 6 (toPandas at /spark-scripts/taxi_etl.py:119)
[2024-10-11T22:59:00.369+0000] {spark_submit.py:649} INFO - 24/10/11 22:59:00 INFO DAGScheduler: Parents of final stage: List()
[2024-10-11T22:59:00.370+0000] {spark_submit.py:649} INFO - 24/10/11 22:59:00 INFO DAGScheduler: Missing parents: List()
[2024-10-11T22:59:00.370+0000] {spark_submit.py:649} INFO - 24/10/11 22:59:00 INFO DAGScheduler: Submitting ShuffleMapStage 6 (MapPartitionsRDD[25] at toPandas at /spark-scripts/taxi_etl.py:119), which has no missing parents
[2024-10-11T22:59:00.371+0000] {spark_submit.py:649} INFO - 24/10/11 22:59:00 INFO MemoryStore: Block broadcast_9 stored as values in memory (estimated size 33.0 KiB, free 433.9 MiB)
[2024-10-11T22:59:00.372+0000] {spark_submit.py:649} INFO - 24/10/11 22:59:00 INFO MemoryStore: Block broadcast_9_piece0 stored as bytes in memory (estimated size 15.0 KiB, free 433.9 MiB)
[2024-10-11T22:59:00.373+0000] {spark_submit.py:649} INFO - 24/10/11 22:59:00 INFO BlockManagerInfo: Added broadcast_9_piece0 in memory on yellow-cab-airflow-scheduler:45905 (size: 15.0 KiB, free: 434.3 MiB)
[2024-10-11T22:59:00.373+0000] {spark_submit.py:649} INFO - 24/10/11 22:59:00 INFO SparkContext: Created broadcast 9 from broadcast at DAGScheduler.scala:1585
[2024-10-11T22:59:00.374+0000] {spark_submit.py:649} INFO - 24/10/11 22:59:00 INFO DAGScheduler: Submitting 1 missing tasks from ShuffleMapStage 6 (MapPartitionsRDD[25] at toPandas at /spark-scripts/taxi_etl.py:119) (first 15 tasks are for partitions Vector(0))
[2024-10-11T22:59:00.374+0000] {spark_submit.py:649} INFO - 24/10/11 22:59:00 INFO TaskSchedulerImpl: Adding task set 6.0 with 1 tasks resource profile 0
[2024-10-11T22:59:00.374+0000] {spark_submit.py:649} INFO - 24/10/11 22:59:00 INFO TaskSetManager: Starting task 0.0 in stage 6.0 (TID 5) (172.24.0.3, executor 0, partition 0, PROCESS_LOCAL, 9983 bytes)
[2024-10-11T22:59:00.383+0000] {spark_submit.py:649} INFO - 24/10/11 22:59:00 INFO BlockManagerInfo: Added broadcast_9_piece0 in memory on 172.24.0.3:38937 (size: 15.0 KiB, free: 434.4 MiB)
[2024-10-11T22:59:00.507+0000] {spark_submit.py:649} INFO - 24/10/11 22:59:00 INFO BlockManagerInfo: Added broadcast_8_piece0 in memory on 172.24.0.3:38937 (size: 35.5 KiB, free: 434.3 MiB)
[2024-10-11T22:59:00.663+0000] {spark_submit.py:649} INFO - 24/10/11 22:59:00 INFO TaskSetManager: Finished task 0.0 in stage 6.0 (TID 5) in 289 ms on 172.24.0.3 (executor 0) (1/1)
[2024-10-11T22:59:00.664+0000] {spark_submit.py:649} INFO - 24/10/11 22:59:00 INFO TaskSchedulerImpl: Removed TaskSet 6.0, whose tasks have all completed, from pool
[2024-10-11T22:59:00.664+0000] {spark_submit.py:649} INFO - 24/10/11 22:59:00 INFO DAGScheduler: ShuffleMapStage 6 (toPandas at /spark-scripts/taxi_etl.py:119) finished in 0.296 s
[2024-10-11T22:59:00.664+0000] {spark_submit.py:649} INFO - 24/10/11 22:59:00 INFO DAGScheduler: looking for newly runnable stages
[2024-10-11T22:59:00.664+0000] {spark_submit.py:649} INFO - 24/10/11 22:59:00 INFO DAGScheduler: running: Set()
[2024-10-11T22:59:00.665+0000] {spark_submit.py:649} INFO - 24/10/11 22:59:00 INFO DAGScheduler: waiting: Set()
[2024-10-11T22:59:00.665+0000] {spark_submit.py:649} INFO - 24/10/11 22:59:00 INFO DAGScheduler: failed: Set()
[2024-10-11T22:59:00.671+0000] {spark_submit.py:649} INFO - 24/10/11 22:59:00 INFO ShufflePartitionsUtil: For shuffle(1), advisory target size: 67108864, actual target size 1048576, minimum partition size: 1048576
[2024-10-11T22:59:00.709+0000] {spark_submit.py:649} INFO - 24/10/11 22:59:00 INFO CodeGenerator: Code generated in 27.787708 ms
[2024-10-11T22:59:00.724+0000] {spark_submit.py:649} INFO - 24/10/11 22:59:00 INFO SparkContext: Starting job: toPandas at /spark-scripts/taxi_etl.py:119
[2024-10-11T22:59:00.726+0000] {spark_submit.py:649} INFO - 24/10/11 22:59:00 INFO DAGScheduler: Got job 6 (toPandas at /spark-scripts/taxi_etl.py:119) with 1 output partitions
[2024-10-11T22:59:00.727+0000] {spark_submit.py:649} INFO - 24/10/11 22:59:00 INFO DAGScheduler: Final stage: ResultStage 8 (toPandas at /spark-scripts/taxi_etl.py:119)
[2024-10-11T22:59:00.727+0000] {spark_submit.py:649} INFO - 24/10/11 22:59:00 INFO DAGScheduler: Parents of final stage: List(ShuffleMapStage 7)
[2024-10-11T22:59:00.727+0000] {spark_submit.py:649} INFO - 24/10/11 22:59:00 INFO DAGScheduler: Missing parents: List()
[2024-10-11T22:59:00.728+0000] {spark_submit.py:649} INFO - 24/10/11 22:59:00 INFO DAGScheduler: Submitting ResultStage 8 (MapPartitionsRDD[28] at toPandas at /spark-scripts/taxi_etl.py:119), which has no missing parents
[2024-10-11T22:59:00.736+0000] {spark_submit.py:649} INFO - 24/10/11 22:59:00 INFO MemoryStore: Block broadcast_10 stored as values in memory (estimated size 45.4 KiB, free 433.8 MiB)
[2024-10-11T22:59:00.740+0000] {spark_submit.py:649} INFO - 24/10/11 22:59:00 INFO MemoryStore: Block broadcast_10_piece0 stored as bytes in memory (estimated size 21.0 KiB, free 433.8 MiB)
[2024-10-11T22:59:00.741+0000] {spark_submit.py:649} INFO - 24/10/11 22:59:00 INFO BlockManagerInfo: Added broadcast_10_piece0 in memory on yellow-cab-airflow-scheduler:45905 (size: 21.0 KiB, free: 434.3 MiB)
[2024-10-11T22:59:00.742+0000] {spark_submit.py:649} INFO - 24/10/11 22:59:00 INFO SparkContext: Created broadcast 10 from broadcast at DAGScheduler.scala:1585
[2024-10-11T22:59:00.743+0000] {spark_submit.py:649} INFO - 24/10/11 22:59:00 INFO DAGScheduler: Submitting 1 missing tasks from ResultStage 8 (MapPartitionsRDD[28] at toPandas at /spark-scripts/taxi_etl.py:119) (first 15 tasks are for partitions Vector(0))
[2024-10-11T22:59:00.743+0000] {spark_submit.py:649} INFO - 24/10/11 22:59:00 INFO TaskSchedulerImpl: Adding task set 8.0 with 1 tasks resource profile 0
[2024-10-11T22:59:00.743+0000] {spark_submit.py:649} INFO - 24/10/11 22:59:00 INFO TaskSetManager: Starting task 0.0 in stage 8.0 (TID 6) (172.24.0.3, executor 0, partition 0, NODE_LOCAL, 9391 bytes)
[2024-10-11T22:59:00.753+0000] {spark_submit.py:649} INFO - 24/10/11 22:59:00 INFO BlockManagerInfo: Added broadcast_10_piece0 in memory on 172.24.0.3:38937 (size: 21.0 KiB, free: 434.3 MiB)
[2024-10-11T22:59:00.766+0000] {spark_submit.py:649} INFO - 24/10/11 22:59:00 INFO MapOutputTrackerMasterEndpoint: Asked to send map output locations for shuffle 1 to 172.24.0.3:33768
[2024-10-11T22:59:00.806+0000] {spark_submit.py:649} INFO - 24/10/11 22:59:00 INFO TaskSetManager: Finished task 0.0 in stage 8.0 (TID 6) in 63 ms on 172.24.0.3 (executor 0) (1/1)
[2024-10-11T22:59:00.807+0000] {spark_submit.py:649} INFO - 24/10/11 22:59:00 INFO TaskSchedulerImpl: Removed TaskSet 8.0, whose tasks have all completed, from pool
[2024-10-11T22:59:00.809+0000] {spark_submit.py:649} INFO - 24/10/11 22:59:00 INFO DAGScheduler: ResultStage 8 (toPandas at /spark-scripts/taxi_etl.py:119) finished in 0.074 s
[2024-10-11T22:59:00.813+0000] {spark_submit.py:649} INFO - 24/10/11 22:59:00 INFO DAGScheduler: Job 6 is finished. Cancelling potential speculative or zombie tasks for this job
[2024-10-11T22:59:00.813+0000] {spark_submit.py:649} INFO - 24/10/11 22:59:00 INFO TaskSchedulerImpl: Killing all running tasks in stage 8: Stage finished
[2024-10-11T22:59:00.814+0000] {spark_submit.py:649} INFO - 24/10/11 22:59:00 INFO DAGScheduler: Job 6 finished: toPandas at /spark-scripts/taxi_etl.py:119, took 0.083981 s
[2024-10-11T22:59:15.054+0000] {spark_submit.py:649} INFO - 24/10/11 22:59:15 INFO FileSourceStrategy: Pushed Filters:
[2024-10-11T22:59:15.058+0000] {spark_submit.py:649} INFO - 24/10/11 22:59:15 INFO FileSourceStrategy: Post-Scan Filters: atleastnnonnulls(4, tpep_pickup_datetime#32, tpep_dropoff_datetime#33, pickup_longitude#36, pickup_latitude#37)
[2024-10-11T22:59:15.144+0000] {spark_submit.py:649} INFO - 24/10/11 22:59:15 INFO CodeGenerator: Code generated in 42.716958 ms
[2024-10-11T22:59:15.149+0000] {spark_submit.py:649} INFO - 24/10/11 22:59:15 INFO MemoryStore: Block broadcast_11 stored as values in memory (estimated size 204.3 KiB, free 433.6 MiB)
[2024-10-11T22:59:15.160+0000] {spark_submit.py:649} INFO - 24/10/11 22:59:15 INFO MemoryStore: Block broadcast_11_piece0 stored as bytes in memory (estimated size 35.5 KiB, free 433.6 MiB)
[2024-10-11T22:59:15.163+0000] {spark_submit.py:649} INFO - 24/10/11 22:59:15 INFO BlockManagerInfo: Added broadcast_11_piece0 in memory on yellow-cab-airflow-scheduler:45905 (size: 35.5 KiB, free: 434.3 MiB)
[2024-10-11T22:59:15.165+0000] {spark_submit.py:649} INFO - 24/10/11 22:59:15 INFO SparkContext: Created broadcast 11 from toPandas at /spark-scripts/taxi_etl.py:122
[2024-10-11T22:59:15.168+0000] {spark_submit.py:649} INFO - 24/10/11 22:59:15 INFO FileSourceScanExec: Planning scan with bin packing, max size: 4194304 bytes, open cost is considered as scanning 4194304 bytes.
[2024-10-11T22:59:15.177+0000] {spark_submit.py:649} INFO - 24/10/11 22:59:15 INFO DAGScheduler: Registering RDD 32 (toPandas at /spark-scripts/taxi_etl.py:122) as input to shuffle 2
[2024-10-11T22:59:15.178+0000] {spark_submit.py:649} INFO - 24/10/11 22:59:15 INFO DAGScheduler: Got map stage job 7 (toPandas at /spark-scripts/taxi_etl.py:122) with 1 output partitions
[2024-10-11T22:59:15.182+0000] {spark_submit.py:649} INFO - 24/10/11 22:59:15 INFO DAGScheduler: Final stage: ShuffleMapStage 9 (toPandas at /spark-scripts/taxi_etl.py:122)
[2024-10-11T22:59:15.183+0000] {spark_submit.py:649} INFO - 24/10/11 22:59:15 INFO DAGScheduler: Parents of final stage: List()
[2024-10-11T22:59:15.183+0000] {spark_submit.py:649} INFO - 24/10/11 22:59:15 INFO DAGScheduler: Missing parents: List()
[2024-10-11T22:59:15.183+0000] {spark_submit.py:649} INFO - 24/10/11 22:59:15 INFO DAGScheduler: Submitting ShuffleMapStage 9 (MapPartitionsRDD[32] at toPandas at /spark-scripts/taxi_etl.py:122), which has no missing parents
[2024-10-11T22:59:15.184+0000] {spark_submit.py:649} INFO - 24/10/11 22:59:15 INFO MemoryStore: Block broadcast_12 stored as values in memory (estimated size 32.7 KiB, free 433.6 MiB)
[2024-10-11T22:59:15.207+0000] {spark_submit.py:649} INFO - 24/10/11 22:59:15 INFO MemoryStore: Block broadcast_12_piece0 stored as bytes in memory (estimated size 14.8 KiB, free 433.5 MiB)
[2024-10-11T22:59:15.212+0000] {spark_submit.py:649} INFO - 24/10/11 22:59:15 INFO BlockManagerInfo: Added broadcast_12_piece0 in memory on yellow-cab-airflow-scheduler:45905 (size: 14.8 KiB, free: 434.2 MiB)
[2024-10-11T22:59:15.213+0000] {spark_submit.py:649} INFO - 24/10/11 22:59:15 INFO BlockManagerInfo: Removed broadcast_10_piece0 on yellow-cab-airflow-scheduler:45905 in memory (size: 21.0 KiB, free: 434.3 MiB)
[2024-10-11T22:59:15.215+0000] {spark_submit.py:649} INFO - 24/10/11 22:59:15 INFO SparkContext: Created broadcast 12 from broadcast at DAGScheduler.scala:1585
[2024-10-11T22:59:15.216+0000] {spark_submit.py:649} INFO - 24/10/11 22:59:15 INFO DAGScheduler: Submitting 1 missing tasks from ShuffleMapStage 9 (MapPartitionsRDD[32] at toPandas at /spark-scripts/taxi_etl.py:122) (first 15 tasks are for partitions Vector(0))
[2024-10-11T22:59:15.219+0000] {spark_submit.py:649} INFO - 24/10/11 22:59:15 INFO TaskSchedulerImpl: Adding task set 9.0 with 1 tasks resource profile 0
[2024-10-11T22:59:15.220+0000] {spark_submit.py:649} INFO - 24/10/11 22:59:15 INFO TaskSetManager: Starting task 0.0 in stage 9.0 (TID 7) (172.24.0.3, executor 0, partition 0, PROCESS_LOCAL, 9983 bytes)
[2024-10-11T22:59:15.241+0000] {spark_submit.py:649} INFO - 24/10/11 22:59:15 INFO BlockManagerInfo: Removed broadcast_10_piece0 on 172.24.0.3:38937 in memory (size: 21.0 KiB, free: 434.3 MiB)
[2024-10-11T22:59:15.251+0000] {spark_submit.py:649} INFO - 24/10/11 22:59:15 INFO BlockManagerInfo: Removed broadcast_9_piece0 on yellow-cab-airflow-scheduler:45905 in memory (size: 15.0 KiB, free: 434.3 MiB)
[2024-10-11T22:59:15.256+0000] {spark_submit.py:649} INFO - 24/10/11 22:59:15 INFO BlockManagerInfo: Removed broadcast_9_piece0 on 172.24.0.3:38937 in memory (size: 15.0 KiB, free: 434.3 MiB)
[2024-10-11T22:59:15.269+0000] {spark_submit.py:649} INFO - 24/10/11 22:59:15 INFO BlockManagerInfo: Removed broadcast_6_piece0 on yellow-cab-airflow-scheduler:45905 in memory (size: 35.5 KiB, free: 434.3 MiB)
[2024-10-11T22:59:15.273+0000] {spark_submit.py:649} INFO - 24/10/11 22:59:15 INFO BlockManagerInfo: Removed broadcast_6_piece0 on 172.24.0.3:38937 in memory (size: 35.5 KiB, free: 434.4 MiB)
[2024-10-11T22:59:15.274+0000] {spark_submit.py:649} INFO - 24/10/11 22:59:15 INFO BlockManagerInfo: Added broadcast_12_piece0 in memory on 172.24.0.3:38937 (size: 14.8 KiB, free: 434.4 MiB)
[2024-10-11T22:59:15.384+0000] {spark_submit.py:649} INFO - 24/10/11 22:59:15 INFO BlockManagerInfo: Added broadcast_11_piece0 in memory on 172.24.0.3:38937 (size: 35.5 KiB, free: 434.3 MiB)
[2024-10-11T22:59:15.985+0000] {spark_submit.py:649} INFO - 24/10/11 22:59:15 INFO TaskSetManager: Finished task 0.0 in stage 9.0 (TID 7) in 767 ms on 172.24.0.3 (executor 0) (1/1)
[2024-10-11T22:59:15.985+0000] {spark_submit.py:649} INFO - 24/10/11 22:59:15 INFO TaskSchedulerImpl: Removed TaskSet 9.0, whose tasks have all completed, from pool
[2024-10-11T22:59:15.987+0000] {spark_submit.py:649} INFO - 24/10/11 22:59:15 INFO DAGScheduler: ShuffleMapStage 9 (toPandas at /spark-scripts/taxi_etl.py:122) finished in 0.805 s
[2024-10-11T22:59:15.987+0000] {spark_submit.py:649} INFO - 24/10/11 22:59:15 INFO DAGScheduler: looking for newly runnable stages
[2024-10-11T22:59:15.988+0000] {spark_submit.py:649} INFO - 24/10/11 22:59:15 INFO DAGScheduler: running: Set()
[2024-10-11T22:59:15.988+0000] {spark_submit.py:649} INFO - 24/10/11 22:59:15 INFO DAGScheduler: waiting: Set()
[2024-10-11T22:59:15.988+0000] {spark_submit.py:649} INFO - 24/10/11 22:59:15 INFO DAGScheduler: failed: Set()
[2024-10-11T22:59:15.989+0000] {spark_submit.py:649} INFO - 24/10/11 22:59:15 INFO ShufflePartitionsUtil: For shuffle(2), advisory target size: 67108864, actual target size 1048576, minimum partition size: 1048576
[2024-10-11T22:59:16.008+0000] {spark_submit.py:649} INFO - 24/10/11 22:59:16 INFO BlockManagerInfo: Removed broadcast_12_piece0 on yellow-cab-airflow-scheduler:45905 in memory (size: 14.8 KiB, free: 434.3 MiB)
[2024-10-11T22:59:16.011+0000] {spark_submit.py:649} INFO - 24/10/11 22:59:16 INFO BlockManagerInfo: Removed broadcast_12_piece0 on 172.24.0.3:38937 in memory (size: 14.8 KiB, free: 434.3 MiB)
[2024-10-11T22:59:16.036+0000] {spark_submit.py:649} INFO - 24/10/11 22:59:16 INFO CodeGenerator: Code generated in 28.547417 ms
[2024-10-11T22:59:16.049+0000] {spark_submit.py:649} INFO - 24/10/11 22:59:16 INFO SparkContext: Starting job: toPandas at /spark-scripts/taxi_etl.py:122
[2024-10-11T22:59:16.050+0000] {spark_submit.py:649} INFO - 24/10/11 22:59:16 INFO DAGScheduler: Got job 8 (toPandas at /spark-scripts/taxi_etl.py:122) with 1 output partitions
[2024-10-11T22:59:16.051+0000] {spark_submit.py:649} INFO - 24/10/11 22:59:16 INFO DAGScheduler: Final stage: ResultStage 11 (toPandas at /spark-scripts/taxi_etl.py:122)
[2024-10-11T22:59:16.051+0000] {spark_submit.py:649} INFO - 24/10/11 22:59:16 INFO DAGScheduler: Parents of final stage: List(ShuffleMapStage 10)
[2024-10-11T22:59:16.052+0000] {spark_submit.py:649} INFO - 24/10/11 22:59:16 INFO DAGScheduler: Missing parents: List()
[2024-10-11T22:59:16.052+0000] {spark_submit.py:649} INFO - 24/10/11 22:59:16 INFO DAGScheduler: Submitting ResultStage 11 (MapPartitionsRDD[35] at toPandas at /spark-scripts/taxi_etl.py:122), which has no missing parents
[2024-10-11T22:59:16.057+0000] {spark_submit.py:649} INFO - 24/10/11 22:59:16 INFO MemoryStore: Block broadcast_13 stored as values in memory (estimated size 55.1 KiB, free 433.9 MiB)
[2024-10-11T22:59:16.061+0000] {spark_submit.py:649} INFO - 24/10/11 22:59:16 INFO MemoryStore: Block broadcast_13_piece0 stored as bytes in memory (estimated size 23.8 KiB, free 433.9 MiB)
[2024-10-11T22:59:16.062+0000] {spark_submit.py:649} INFO - 24/10/11 22:59:16 INFO BlockManagerInfo: Added broadcast_13_piece0 in memory on yellow-cab-airflow-scheduler:45905 (size: 23.8 KiB, free: 434.3 MiB)
[2024-10-11T22:59:16.062+0000] {spark_submit.py:649} INFO - 24/10/11 22:59:16 INFO SparkContext: Created broadcast 13 from broadcast at DAGScheduler.scala:1585
[2024-10-11T22:59:16.066+0000] {spark_submit.py:649} INFO - 24/10/11 22:59:16 INFO DAGScheduler: Submitting 1 missing tasks from ResultStage 11 (MapPartitionsRDD[35] at toPandas at /spark-scripts/taxi_etl.py:122) (first 15 tasks are for partitions Vector(0))
[2024-10-11T22:59:16.067+0000] {spark_submit.py:649} INFO - 24/10/11 22:59:16 INFO TaskSchedulerImpl: Adding task set 11.0 with 1 tasks resource profile 0
[2024-10-11T22:59:16.067+0000] {spark_submit.py:649} INFO - 24/10/11 22:59:16 INFO TaskSetManager: Starting task 0.0 in stage 11.0 (TID 8) (172.24.0.3, executor 0, partition 0, NODE_LOCAL, 9391 bytes)
[2024-10-11T22:59:16.076+0000] {spark_submit.py:649} INFO - 24/10/11 22:59:16 INFO BlockManagerInfo: Added broadcast_13_piece0 in memory on 172.24.0.3:38937 (size: 23.8 KiB, free: 434.3 MiB)
[2024-10-11T22:59:16.105+0000] {spark_submit.py:649} INFO - 24/10/11 22:59:16 INFO MapOutputTrackerMasterEndpoint: Asked to send map output locations for shuffle 2 to 172.24.0.3:33768
[2024-10-11T22:59:16.156+0000] {spark_submit.py:649} INFO - 24/10/11 22:59:16 INFO TaskSetManager: Finished task 0.0 in stage 11.0 (TID 8) in 91 ms on 172.24.0.3 (executor 0) (1/1)
[2024-10-11T22:59:16.156+0000] {spark_submit.py:649} INFO - 24/10/11 22:59:16 INFO TaskSchedulerImpl: Removed TaskSet 11.0, whose tasks have all completed, from pool
[2024-10-11T22:59:16.157+0000] {spark_submit.py:649} INFO - 24/10/11 22:59:16 INFO DAGScheduler: ResultStage 11 (toPandas at /spark-scripts/taxi_etl.py:122) finished in 0.101 s
[2024-10-11T22:59:16.157+0000] {spark_submit.py:649} INFO - 24/10/11 22:59:16 INFO DAGScheduler: Job 8 is finished. Cancelling potential speculative or zombie tasks for this job
[2024-10-11T22:59:16.158+0000] {spark_submit.py:649} INFO - 24/10/11 22:59:16 INFO TaskSchedulerImpl: Killing all running tasks in stage 11: Stage finished
[2024-10-11T22:59:16.158+0000] {spark_submit.py:649} INFO - 24/10/11 22:59:16 INFO DAGScheduler: Job 8 finished: toPandas at /spark-scripts/taxi_etl.py:122, took 0.108512 s
[2024-10-11T22:59:22.930+0000] {spark_submit.py:649} INFO - 24/10/11 22:59:22 INFO FileSourceStrategy: Pushed Filters:
[2024-10-11T22:59:22.931+0000] {spark_submit.py:649} INFO - 24/10/11 22:59:22 INFO FileSourceStrategy: Post-Scan Filters: atleastnnonnulls(4, tpep_pickup_datetime#32, tpep_dropoff_datetime#33, pickup_longitude#36, pickup_latitude#37)
[2024-10-11T22:59:22.942+0000] {spark_submit.py:649} INFO - 24/10/11 22:59:22 INFO MemoryStore: Block broadcast_14 stored as values in memory (estimated size 204.3 KiB, free 433.7 MiB)
[2024-10-11T22:59:22.950+0000] {spark_submit.py:649} INFO - 24/10/11 22:59:22 INFO MemoryStore: Block broadcast_14_piece0 stored as bytes in memory (estimated size 35.5 KiB, free 433.6 MiB)
[2024-10-11T22:59:22.951+0000] {spark_submit.py:649} INFO - 24/10/11 22:59:22 INFO BlockManagerInfo: Added broadcast_14_piece0 in memory on yellow-cab-airflow-scheduler:45905 (size: 35.5 KiB, free: 434.3 MiB)
[2024-10-11T22:59:22.951+0000] {spark_submit.py:649} INFO - 24/10/11 22:59:22 INFO SparkContext: Created broadcast 14 from toPandas at /spark-scripts/taxi_etl.py:125
[2024-10-11T22:59:22.952+0000] {spark_submit.py:649} INFO - 24/10/11 22:59:22 INFO FileSourceScanExec: Planning scan with bin packing, max size: 4194304 bytes, open cost is considered as scanning 4194304 bytes.
[2024-10-11T22:59:22.961+0000] {spark_submit.py:649} INFO - 24/10/11 22:59:22 INFO SparkContext: Starting job: toPandas at /spark-scripts/taxi_etl.py:125
[2024-10-11T22:59:22.962+0000] {spark_submit.py:649} INFO - 24/10/11 22:59:22 INFO DAGScheduler: Got job 9 (toPandas at /spark-scripts/taxi_etl.py:125) with 1 output partitions
[2024-10-11T22:59:22.962+0000] {spark_submit.py:649} INFO - 24/10/11 22:59:22 INFO DAGScheduler: Final stage: ResultStage 12 (toPandas at /spark-scripts/taxi_etl.py:125)
[2024-10-11T22:59:22.964+0000] {spark_submit.py:649} INFO - 24/10/11 22:59:22 INFO DAGScheduler: Parents of final stage: List()
[2024-10-11T22:59:22.964+0000] {spark_submit.py:649} INFO - 24/10/11 22:59:22 INFO DAGScheduler: Missing parents: List()
[2024-10-11T22:59:22.964+0000] {spark_submit.py:649} INFO - 24/10/11 22:59:22 INFO DAGScheduler: Submitting ResultStage 12 (MapPartitionsRDD[41] at toPandas at /spark-scripts/taxi_etl.py:125), which has no missing parents
[2024-10-11T22:59:22.965+0000] {spark_submit.py:649} INFO - 24/10/11 22:59:22 INFO MemoryStore: Block broadcast_15 stored as values in memory (estimated size 37.2 KiB, free 433.6 MiB)
[2024-10-11T22:59:22.968+0000] {spark_submit.py:649} INFO - 24/10/11 22:59:22 INFO MemoryStore: Block broadcast_15_piece0 stored as bytes in memory (estimated size 16.0 KiB, free 433.6 MiB)
[2024-10-11T22:59:22.969+0000] {spark_submit.py:649} INFO - 24/10/11 22:59:22 INFO BlockManagerInfo: Added broadcast_15_piece0 in memory on yellow-cab-airflow-scheduler:45905 (size: 16.0 KiB, free: 434.3 MiB)
[2024-10-11T22:59:22.969+0000] {spark_submit.py:649} INFO - 24/10/11 22:59:22 INFO SparkContext: Created broadcast 15 from broadcast at DAGScheduler.scala:1585
[2024-10-11T22:59:22.970+0000] {spark_submit.py:649} INFO - 24/10/11 22:59:22 INFO DAGScheduler: Submitting 1 missing tasks from ResultStage 12 (MapPartitionsRDD[41] at toPandas at /spark-scripts/taxi_etl.py:125) (first 15 tasks are for partitions Vector(0))
[2024-10-11T22:59:22.971+0000] {spark_submit.py:649} INFO - 24/10/11 22:59:22 INFO TaskSchedulerImpl: Adding task set 12.0 with 1 tasks resource profile 0
[2024-10-11T22:59:22.971+0000] {spark_submit.py:649} INFO - 24/10/11 22:59:22 INFO TaskSetManager: Starting task 0.0 in stage 12.0 (TID 9) (172.24.0.3, executor 0, partition 0, PROCESS_LOCAL, 9994 bytes)
[2024-10-11T22:59:22.991+0000] {spark_submit.py:649} INFO - 24/10/11 22:59:22 INFO BlockManagerInfo: Added broadcast_15_piece0 in memory on 172.24.0.3:38937 (size: 16.0 KiB, free: 434.3 MiB)
[2024-10-11T22:59:23.028+0000] {spark_submit.py:649} INFO - 24/10/11 22:59:23 INFO BlockManagerInfo: Added broadcast_14_piece0 in memory on 172.24.0.3:38937 (size: 35.5 KiB, free: 434.3 MiB)
[2024-10-11T22:59:23.213+0000] {spark_submit.py:649} INFO - 24/10/11 22:59:23 INFO TaskSetManager: Finished task 0.0 in stage 12.0 (TID 9) in 243 ms on 172.24.0.3 (executor 0) (1/1)
[2024-10-11T22:59:23.214+0000] {spark_submit.py:649} INFO - 24/10/11 22:59:23 INFO TaskSchedulerImpl: Removed TaskSet 12.0, whose tasks have all completed, from pool
[2024-10-11T22:59:23.215+0000] {spark_submit.py:649} INFO - 24/10/11 22:59:23 INFO DAGScheduler: ResultStage 12 (toPandas at /spark-scripts/taxi_etl.py:125) finished in 0.250 s
[2024-10-11T22:59:23.215+0000] {spark_submit.py:649} INFO - 24/10/11 22:59:23 INFO DAGScheduler: Job 9 is finished. Cancelling potential speculative or zombie tasks for this job
[2024-10-11T22:59:23.216+0000] {spark_submit.py:649} INFO - 24/10/11 22:59:23 INFO TaskSchedulerImpl: Killing all running tasks in stage 12: Stage finished
[2024-10-11T22:59:23.217+0000] {spark_submit.py:649} INFO - 24/10/11 22:59:23 INFO DAGScheduler: Job 9 finished: toPandas at /spark-scripts/taxi_etl.py:125, took 0.253003 s
[2024-10-11T22:59:23.262+0000] {spark_submit.py:649} INFO - 24/10/11 22:59:23 INFO BlockManagerInfo: Removed broadcast_15_piece0 on yellow-cab-airflow-scheduler:45905 in memory (size: 16.0 KiB, free: 434.3 MiB)
[2024-10-11T22:59:23.263+0000] {spark_submit.py:649} INFO - 24/10/11 22:59:23 INFO BlockManagerInfo: Removed broadcast_15_piece0 on 172.24.0.3:38937 in memory (size: 16.0 KiB, free: 434.3 MiB)
[2024-10-11T22:59:23.277+0000] {spark_submit.py:649} INFO - 24/10/11 22:59:23 INFO BlockManagerInfo: Removed broadcast_13_piece0 on yellow-cab-airflow-scheduler:45905 in memory (size: 23.8 KiB, free: 434.3 MiB)
[2024-10-11T22:59:23.279+0000] {spark_submit.py:649} INFO - 24/10/11 22:59:23 INFO BlockManagerInfo: Removed broadcast_13_piece0 on 172.24.0.3:38937 in memory (size: 23.8 KiB, free: 434.3 MiB)
[2024-10-11T22:59:36.473+0000] {spark_submit.py:649} INFO - 24/10/11 22:59:36 INFO SparkContext: SparkContext is stopping with exitCode 0.
[2024-10-11T22:59:36.505+0000] {spark_submit.py:649} INFO - 24/10/11 22:59:36 INFO SparkUI: Stopped Spark web UI at http://yellow-cab-airflow-scheduler:4040
[2024-10-11T22:59:36.509+0000] {spark_submit.py:649} INFO - 24/10/11 22:59:36 INFO StandaloneSchedulerBackend: Shutting down all executors
[2024-10-11T22:59:36.510+0000] {spark_submit.py:649} INFO - 24/10/11 22:59:36 INFO StandaloneSchedulerBackend$StandaloneDriverEndpoint: Asking each executor to shut down
[2024-10-11T22:59:36.545+0000] {spark_submit.py:649} INFO - 24/10/11 22:59:36 INFO MapOutputTrackerMasterEndpoint: MapOutputTrackerMasterEndpoint stopped!
[2024-10-11T22:59:36.607+0000] {spark_submit.py:649} INFO - 24/10/11 22:59:36 INFO MemoryStore: MemoryStore cleared
[2024-10-11T22:59:36.608+0000] {spark_submit.py:649} INFO - 24/10/11 22:59:36 INFO BlockManager: BlockManager stopped
[2024-10-11T22:59:36.610+0000] {spark_submit.py:649} INFO - 24/10/11 22:59:36 INFO BlockManagerMaster: BlockManagerMaster stopped
[2024-10-11T22:59:36.612+0000] {spark_submit.py:649} INFO - 24/10/11 22:59:36 INFO OutputCommitCoordinator$OutputCommitCoordinatorEndpoint: OutputCommitCoordinator stopped!
[2024-10-11T22:59:36.652+0000] {spark_submit.py:649} INFO - 24/10/11 22:59:36 INFO SparkContext: Successfully stopped SparkContext
[2024-10-11T22:59:37.010+0000] {spark_submit.py:649} INFO - 24/10/11 22:59:37 INFO ShutdownHookManager: Shutdown hook called
[2024-10-11T22:59:37.011+0000] {spark_submit.py:649} INFO - 24/10/11 22:59:37 INFO ShutdownHookManager: Deleting directory /tmp/spark-46dfc5ec-3471-4d28-93b0-c2a1580418b1/pyspark-52e4fa30-00fb-4716-b890-83397e25e891
[2024-10-11T22:59:37.043+0000] {spark_submit.py:649} INFO - 24/10/11 22:59:37 INFO ShutdownHookManager: Deleting directory /tmp/spark-46dfc5ec-3471-4d28-93b0-c2a1580418b1
[2024-10-11T22:59:37.083+0000] {spark_submit.py:649} INFO - 24/10/11 22:59:37 INFO ShutdownHookManager: Deleting directory /tmp/spark-67b92048-d7cd-4332-a538-ddcc37c99040
[2024-10-11T22:59:37.138+0000] {taskinstance.py:441} INFO - ::group::Post task execution logs
[2024-10-11T22:59:37.160+0000] {taskinstance.py:1206} INFO - Marking task as SUCCESS. dag_id=etl_yellow_cab, task_id=etl_task, run_id=manual__2024-10-11T22:58:48.235764+00:00, execution_date=20241011T225848, start_date=20241011T225849, end_date=20241011T225937
[2024-10-11T22:59:37.224+0000] {local_task_job_runner.py:240} INFO - Task exited with return code 0
[2024-10-11T22:59:37.239+0000] {taskinstance.py:3498} INFO - 0 downstream tasks scheduled from follow-on schedule check
[2024-10-11T22:59:37.240+0000] {local_task_job_runner.py:222} INFO - ::endgroup::
