[2024-10-11T23:20:49.874+0000] {local_task_job_runner.py:120} INFO - ::group::Pre task execution logs
[2024-10-11T23:20:49.896+0000] {taskinstance.py:2076} INFO - Dependencies all met for dep_context=non-requeueable deps ti=<TaskInstance: etl_yellow_cab.etl_task manual__2024-10-11T22:58:48.235764+00:00 [queued]>
[2024-10-11T23:20:49.900+0000] {taskinstance.py:2076} INFO - Dependencies all met for dep_context=requeueable deps ti=<TaskInstance: etl_yellow_cab.etl_task manual__2024-10-11T22:58:48.235764+00:00 [queued]>
[2024-10-11T23:20:49.900+0000] {taskinstance.py:2306} INFO - Starting attempt 5 of 5
[2024-10-11T23:20:49.906+0000] {taskinstance.py:2330} INFO - Executing <Task(SparkSubmitOperator): etl_task> on 2024-10-11 22:58:48.235764+00:00
[2024-10-11T23:20:49.910+0000] {standard_task_runner.py:63} INFO - Started process 2804 to run task
[2024-10-11T23:20:49.913+0000] {standard_task_runner.py:90} INFO - Running: ['airflow', 'tasks', 'run', 'etl_yellow_cab', 'etl_task', 'manual__2024-10-11T22:58:48.235764+00:00', '--job-id', '60', '--raw', '--subdir', 'DAGS_FOLDER/yellow-cab-batch.py', '--cfg-path', '/tmp/tmpq82oudmi']
[2024-10-11T23:20:49.916+0000] {standard_task_runner.py:91} INFO - Job 60: Subtask etl_task
[2024-10-11T23:20:49.942+0000] {logging_mixin.py:188} WARNING - /home/airflow/.local/lib/python3.9/site-packages/airflow/settings.py:195 DeprecationWarning: The sql_alchemy_conn option in [core] has been moved to the sql_alchemy_conn option in [database] - the old setting has been used, but please update your config.
[2024-10-11T23:20:49.967+0000] {task_command.py:426} INFO - Running <TaskInstance: etl_yellow_cab.etl_task manual__2024-10-11T22:58:48.235764+00:00 [running]> on host yellow-cab-airflow-scheduler
[2024-10-11T23:20:50.028+0000] {taskinstance.py:2648} INFO - Exporting env vars: AIRFLOW_CTX_DAG_OWNER='hafidz' AIRFLOW_CTX_DAG_ID='etl_yellow_cab' AIRFLOW_CTX_TASK_ID='etl_task' AIRFLOW_CTX_EXECUTION_DATE='2024-10-11T22:58:48.235764+00:00' AIRFLOW_CTX_TRY_NUMBER='5' AIRFLOW_CTX_DAG_RUN_ID='manual__2024-10-11T22:58:48.235764+00:00'
[2024-10-11T23:20:50.028+0000] {taskinstance.py:430} INFO - ::endgroup::
[2024-10-11T23:20:50.043+0000] {base.py:84} INFO - Using connection ID 'spark_main' for task execution.
[2024-10-11T23:20:50.044+0000] {spark_submit.py:473} INFO - Spark-Submit cmd: spark-submit --master spark://spark-master:7077 --conf spark.jars.packages=org.apache.sedona:sedona-python-adapter-3.0_2.12:1.2.0-incubating,org.datasyslab:geotools-wrapper:geotools-24.0 --conf spark.jars.repositories=https://repo1.maven.org/maven2/ --name arrow-spark --deploy-mode client /spark-scripts/taxi_etl.py
[2024-10-11T23:20:50.881+0000] {spark_submit.py:649} INFO - https://repo1.maven.org/maven2/ added as a remote repository with the name: repo-1
[2024-10-11T23:20:50.894+0000] {spark_submit.py:649} INFO - :: loading settings :: url = jar:file:/home/airflow/.local/lib/python3.9/site-packages/pyspark/jars/ivy-2.5.1.jar!/org/apache/ivy/core/settings/ivysettings.xml
[2024-10-11T23:20:50.935+0000] {spark_submit.py:649} INFO - Ivy Default Cache set to: /home/airflow/.ivy2/cache
[2024-10-11T23:20:50.935+0000] {spark_submit.py:649} INFO - The jars for the packages stored in: /home/airflow/.ivy2/jars
[2024-10-11T23:20:50.937+0000] {spark_submit.py:649} INFO - org.apache.sedona#sedona-python-adapter-3.0_2.12 added as a dependency
[2024-10-11T23:20:50.937+0000] {spark_submit.py:649} INFO - org.datasyslab#geotools-wrapper added as a dependency
[2024-10-11T23:20:50.937+0000] {spark_submit.py:649} INFO - :: resolving dependencies :: org.apache.spark#spark-submit-parent-dff8f0a4-9df2-454c-ae85-cd82ba23bae2;1.0
[2024-10-11T23:20:50.938+0000] {spark_submit.py:649} INFO - confs: [default]
[2024-10-11T23:20:51.004+0000] {spark_submit.py:649} INFO - found org.apache.sedona#sedona-python-adapter-3.0_2.12;1.2.0-incubating in central
[2024-10-11T23:20:51.022+0000] {spark_submit.py:649} INFO - found org.locationtech.jts#jts-core;1.18.0 in central
[2024-10-11T23:20:51.034+0000] {spark_submit.py:649} INFO - found org.wololo#jts2geojson;0.16.1 in central
[2024-10-11T23:20:51.048+0000] {spark_submit.py:649} INFO - found org.apache.sedona#sedona-core-3.0_2.12;1.2.0-incubating in central
[2024-10-11T23:20:51.060+0000] {spark_submit.py:649} INFO - found org.scala-lang.modules#scala-collection-compat_2.12;2.5.0 in central
[2024-10-11T23:20:51.070+0000] {spark_submit.py:649} INFO - found org.apache.sedona#sedona-sql-3.0_2.12;1.2.0-incubating in central
[2024-10-11T23:20:51.081+0000] {spark_submit.py:649} INFO - found org.datasyslab#geotools-wrapper;geotools-24.0 in central
[2024-10-11T23:20:51.094+0000] {spark_submit.py:649} INFO - :: resolution report :: resolve 152ms :: artifacts dl 5ms
[2024-10-11T23:20:51.094+0000] {spark_submit.py:649} INFO - :: modules in use:
[2024-10-11T23:20:51.095+0000] {spark_submit.py:649} INFO - org.apache.sedona#sedona-core-3.0_2.12;1.2.0-incubating from central in [default]
[2024-10-11T23:20:51.095+0000] {spark_submit.py:649} INFO - org.apache.sedona#sedona-python-adapter-3.0_2.12;1.2.0-incubating from central in [default]
[2024-10-11T23:20:51.095+0000] {spark_submit.py:649} INFO - org.apache.sedona#sedona-sql-3.0_2.12;1.2.0-incubating from central in [default]
[2024-10-11T23:20:51.095+0000] {spark_submit.py:649} INFO - org.datasyslab#geotools-wrapper;geotools-24.0 from central in [default]
[2024-10-11T23:20:51.095+0000] {spark_submit.py:649} INFO - org.locationtech.jts#jts-core;1.18.0 from central in [default]
[2024-10-11T23:20:51.095+0000] {spark_submit.py:649} INFO - org.scala-lang.modules#scala-collection-compat_2.12;2.5.0 from central in [default]
[2024-10-11T23:20:51.095+0000] {spark_submit.py:649} INFO - org.wololo#jts2geojson;0.16.1 from central in [default]
[2024-10-11T23:20:51.096+0000] {spark_submit.py:649} INFO - ---------------------------------------------------------------------
[2024-10-11T23:20:51.096+0000] {spark_submit.py:649} INFO - |                  |            modules            ||   artifacts   |
[2024-10-11T23:20:51.096+0000] {spark_submit.py:649} INFO - |       conf       | number| search|dwnlded|evicted|| number|dwnlded|
[2024-10-11T23:20:51.096+0000] {spark_submit.py:649} INFO - ---------------------------------------------------------------------
[2024-10-11T23:20:51.096+0000] {spark_submit.py:649} INFO - |      default     |   7   |   0   |   0   |   0   ||   7   |   0   |
[2024-10-11T23:20:51.096+0000] {spark_submit.py:649} INFO - ---------------------------------------------------------------------
[2024-10-11T23:20:51.097+0000] {spark_submit.py:649} INFO - :: retrieving :: org.apache.spark#spark-submit-parent-dff8f0a4-9df2-454c-ae85-cd82ba23bae2
[2024-10-11T23:20:51.098+0000] {spark_submit.py:649} INFO - confs: [default]
[2024-10-11T23:20:51.101+0000] {spark_submit.py:649} INFO - 0 artifacts copied, 7 already retrieved (0kB/4ms)
[2024-10-11T23:20:51.200+0000] {spark_submit.py:649} INFO - 24/10/11 23:20:51 WARN NativeCodeLoader: Unable to load native-hadoop library for your platform... using builtin-java classes where applicable
[2024-10-11T23:20:52.478+0000] {spark_submit.py:649} INFO - 24/10/11 23:20:52 INFO SparkContext: Running Spark version 3.5.1
[2024-10-11T23:20:52.479+0000] {spark_submit.py:649} INFO - 24/10/11 23:20:52 INFO SparkContext: OS info Linux, 6.10.4-linuxkit, aarch64
[2024-10-11T23:20:52.479+0000] {spark_submit.py:649} INFO - 24/10/11 23:20:52 INFO SparkContext: Java version 17.0.12
[2024-10-11T23:20:52.488+0000] {spark_submit.py:649} INFO - 24/10/11 23:20:52 INFO ResourceUtils: ==============================================================
[2024-10-11T23:20:52.488+0000] {spark_submit.py:649} INFO - 24/10/11 23:20:52 INFO ResourceUtils: No custom resources configured for spark.driver.
[2024-10-11T23:20:52.488+0000] {spark_submit.py:649} INFO - 24/10/11 23:20:52 INFO ResourceUtils: ==============================================================
[2024-10-11T23:20:52.488+0000] {spark_submit.py:649} INFO - 24/10/11 23:20:52 INFO SparkContext: Submitted application: BigQueryETL
[2024-10-11T23:20:52.496+0000] {spark_submit.py:649} INFO - 24/10/11 23:20:52 INFO ResourceProfile: Default ResourceProfile created, executor resources: Map(memory -> name: memory, amount: 1024, script: , vendor: , offHeap -> name: offHeap, amount: 0, script: , vendor: ), task resources: Map(cpus -> name: cpus, amount: 1.0)
[2024-10-11T23:20:52.500+0000] {spark_submit.py:649} INFO - 24/10/11 23:20:52 INFO ResourceProfile: Limiting resource is cpu
[2024-10-11T23:20:52.500+0000] {spark_submit.py:649} INFO - 24/10/11 23:20:52 INFO ResourceProfileManager: Added ResourceProfile id: 0
[2024-10-11T23:20:52.523+0000] {spark_submit.py:649} INFO - 24/10/11 23:20:52 INFO SecurityManager: Changing view acls to: airflow
[2024-10-11T23:20:52.523+0000] {spark_submit.py:649} INFO - 24/10/11 23:20:52 INFO SecurityManager: Changing modify acls to: airflow
[2024-10-11T23:20:52.523+0000] {spark_submit.py:649} INFO - 24/10/11 23:20:52 INFO SecurityManager: Changing view acls groups to:
[2024-10-11T23:20:52.524+0000] {spark_submit.py:649} INFO - 24/10/11 23:20:52 INFO SecurityManager: Changing modify acls groups to:
[2024-10-11T23:20:52.524+0000] {spark_submit.py:649} INFO - 24/10/11 23:20:52 INFO SecurityManager: SecurityManager: authentication disabled; ui acls disabled; users with view permissions: airflow; groups with view permissions: EMPTY; users with modify permissions: airflow; groups with modify permissions: EMPTY
[2024-10-11T23:20:52.612+0000] {spark_submit.py:649} INFO - 24/10/11 23:20:52 INFO Utils: Successfully started service 'sparkDriver' on port 43321.
[2024-10-11T23:20:52.624+0000] {spark_submit.py:649} INFO - 24/10/11 23:20:52 INFO SparkEnv: Registering MapOutputTracker
[2024-10-11T23:20:52.649+0000] {spark_submit.py:649} INFO - 24/10/11 23:20:52 INFO SparkEnv: Registering BlockManagerMaster
[2024-10-11T23:20:52.655+0000] {spark_submit.py:649} INFO - 24/10/11 23:20:52 INFO BlockManagerMasterEndpoint: Using org.apache.spark.storage.DefaultTopologyMapper for getting topology information
[2024-10-11T23:20:52.656+0000] {spark_submit.py:649} INFO - 24/10/11 23:20:52 INFO BlockManagerMasterEndpoint: BlockManagerMasterEndpoint up
[2024-10-11T23:20:52.657+0000] {spark_submit.py:649} INFO - 24/10/11 23:20:52 INFO SparkEnv: Registering BlockManagerMasterHeartbeat
[2024-10-11T23:20:52.667+0000] {spark_submit.py:649} INFO - 24/10/11 23:20:52 INFO DiskBlockManager: Created local directory at /tmp/blockmgr-0145d4ef-07b3-4f12-b7b7-16ed7e7bf620
[2024-10-11T23:20:52.673+0000] {spark_submit.py:649} INFO - 24/10/11 23:20:52 INFO MemoryStore: MemoryStore started with capacity 434.4 MiB
[2024-10-11T23:20:52.679+0000] {spark_submit.py:649} INFO - 24/10/11 23:20:52 INFO SparkEnv: Registering OutputCommitCoordinator
[2024-10-11T23:20:52.733+0000] {spark_submit.py:649} INFO - 24/10/11 23:20:52 INFO JettyUtils: Start Jetty 0.0.0.0:4040 for SparkUI
[2024-10-11T23:20:52.758+0000] {spark_submit.py:649} INFO - 24/10/11 23:20:52 INFO Utils: Successfully started service 'SparkUI' on port 4040.
[2024-10-11T23:20:52.773+0000] {spark_submit.py:649} INFO - 24/10/11 23:20:52 INFO SparkContext: Added JAR file:///home/airflow/.ivy2/jars/org.apache.sedona_sedona-python-adapter-3.0_2.12-1.2.0-incubating.jar at spark://yellow-cab-airflow-scheduler:43321/jars/org.apache.sedona_sedona-python-adapter-3.0_2.12-1.2.0-incubating.jar with timestamp 1728688852475
[2024-10-11T23:20:52.773+0000] {spark_submit.py:649} INFO - 24/10/11 23:20:52 INFO SparkContext: Added JAR file:///home/airflow/.ivy2/jars/org.datasyslab_geotools-wrapper-geotools-24.0.jar at spark://yellow-cab-airflow-scheduler:43321/jars/org.datasyslab_geotools-wrapper-geotools-24.0.jar with timestamp 1728688852475
[2024-10-11T23:20:52.773+0000] {spark_submit.py:649} INFO - 24/10/11 23:20:52 INFO SparkContext: Added JAR file:///home/airflow/.ivy2/jars/org.locationtech.jts_jts-core-1.18.0.jar at spark://yellow-cab-airflow-scheduler:43321/jars/org.locationtech.jts_jts-core-1.18.0.jar with timestamp 1728688852475
[2024-10-11T23:20:52.773+0000] {spark_submit.py:649} INFO - 24/10/11 23:20:52 INFO SparkContext: Added JAR file:///home/airflow/.ivy2/jars/org.wololo_jts2geojson-0.16.1.jar at spark://yellow-cab-airflow-scheduler:43321/jars/org.wololo_jts2geojson-0.16.1.jar with timestamp 1728688852475
[2024-10-11T23:20:52.773+0000] {spark_submit.py:649} INFO - 24/10/11 23:20:52 INFO SparkContext: Added JAR file:///home/airflow/.ivy2/jars/org.apache.sedona_sedona-core-3.0_2.12-1.2.0-incubating.jar at spark://yellow-cab-airflow-scheduler:43321/jars/org.apache.sedona_sedona-core-3.0_2.12-1.2.0-incubating.jar with timestamp 1728688852475
[2024-10-11T23:20:52.773+0000] {spark_submit.py:649} INFO - 24/10/11 23:20:52 INFO SparkContext: Added JAR file:///home/airflow/.ivy2/jars/org.apache.sedona_sedona-sql-3.0_2.12-1.2.0-incubating.jar at spark://yellow-cab-airflow-scheduler:43321/jars/org.apache.sedona_sedona-sql-3.0_2.12-1.2.0-incubating.jar with timestamp 1728688852475
[2024-10-11T23:20:52.773+0000] {spark_submit.py:649} INFO - 24/10/11 23:20:52 INFO SparkContext: Added JAR file:///home/airflow/.ivy2/jars/org.scala-lang.modules_scala-collection-compat_2.12-2.5.0.jar at spark://yellow-cab-airflow-scheduler:43321/jars/org.scala-lang.modules_scala-collection-compat_2.12-2.5.0.jar with timestamp 1728688852475
[2024-10-11T23:20:52.775+0000] {spark_submit.py:649} INFO - 24/10/11 23:20:52 INFO SparkContext: Added file file:///home/airflow/.ivy2/jars/org.apache.sedona_sedona-python-adapter-3.0_2.12-1.2.0-incubating.jar at spark://yellow-cab-airflow-scheduler:43321/files/org.apache.sedona_sedona-python-adapter-3.0_2.12-1.2.0-incubating.jar with timestamp 1728688852475
[2024-10-11T23:20:52.775+0000] {spark_submit.py:649} INFO - 24/10/11 23:20:52 INFO Utils: Copying /home/airflow/.ivy2/jars/org.apache.sedona_sedona-python-adapter-3.0_2.12-1.2.0-incubating.jar to /tmp/spark-d4e5b833-3b16-46c8-9233-ad955805d18e/userFiles-7812e295-371f-4bdd-96b3-e825a6a49381/org.apache.sedona_sedona-python-adapter-3.0_2.12-1.2.0-incubating.jar
[2024-10-11T23:20:52.800+0000] {spark_submit.py:649} INFO - 24/10/11 23:20:52 INFO SparkContext: Added file file:///home/airflow/.ivy2/jars/org.datasyslab_geotools-wrapper-geotools-24.0.jar at spark://yellow-cab-airflow-scheduler:43321/files/org.datasyslab_geotools-wrapper-geotools-24.0.jar with timestamp 1728688852475
[2024-10-11T23:20:52.800+0000] {spark_submit.py:649} INFO - 24/10/11 23:20:52 INFO Utils: Copying /home/airflow/.ivy2/jars/org.datasyslab_geotools-wrapper-geotools-24.0.jar to /tmp/spark-d4e5b833-3b16-46c8-9233-ad955805d18e/userFiles-7812e295-371f-4bdd-96b3-e825a6a49381/org.datasyslab_geotools-wrapper-geotools-24.0.jar
[2024-10-11T23:20:52.866+0000] {spark_submit.py:649} INFO - 24/10/11 23:20:52 INFO SparkContext: Added file file:///home/airflow/.ivy2/jars/org.locationtech.jts_jts-core-1.18.0.jar at spark://yellow-cab-airflow-scheduler:43321/files/org.locationtech.jts_jts-core-1.18.0.jar with timestamp 1728688852475
[2024-10-11T23:20:52.866+0000] {spark_submit.py:649} INFO - 24/10/11 23:20:52 INFO Utils: Copying /home/airflow/.ivy2/jars/org.locationtech.jts_jts-core-1.18.0.jar to /tmp/spark-d4e5b833-3b16-46c8-9233-ad955805d18e/userFiles-7812e295-371f-4bdd-96b3-e825a6a49381/org.locationtech.jts_jts-core-1.18.0.jar
[2024-10-11T23:20:52.887+0000] {spark_submit.py:649} INFO - 24/10/11 23:20:52 INFO SparkContext: Added file file:///home/airflow/.ivy2/jars/org.wololo_jts2geojson-0.16.1.jar at spark://yellow-cab-airflow-scheduler:43321/files/org.wololo_jts2geojson-0.16.1.jar with timestamp 1728688852475
[2024-10-11T23:20:52.887+0000] {spark_submit.py:649} INFO - 24/10/11 23:20:52 INFO Utils: Copying /home/airflow/.ivy2/jars/org.wololo_jts2geojson-0.16.1.jar to /tmp/spark-d4e5b833-3b16-46c8-9233-ad955805d18e/userFiles-7812e295-371f-4bdd-96b3-e825a6a49381/org.wololo_jts2geojson-0.16.1.jar
[2024-10-11T23:20:52.901+0000] {spark_submit.py:649} INFO - 24/10/11 23:20:52 INFO SparkContext: Added file file:///home/airflow/.ivy2/jars/org.apache.sedona_sedona-core-3.0_2.12-1.2.0-incubating.jar at spark://yellow-cab-airflow-scheduler:43321/files/org.apache.sedona_sedona-core-3.0_2.12-1.2.0-incubating.jar with timestamp 1728688852475
[2024-10-11T23:20:52.902+0000] {spark_submit.py:649} INFO - 24/10/11 23:20:52 INFO Utils: Copying /home/airflow/.ivy2/jars/org.apache.sedona_sedona-core-3.0_2.12-1.2.0-incubating.jar to /tmp/spark-d4e5b833-3b16-46c8-9233-ad955805d18e/userFiles-7812e295-371f-4bdd-96b3-e825a6a49381/org.apache.sedona_sedona-core-3.0_2.12-1.2.0-incubating.jar
[2024-10-11T23:20:52.917+0000] {spark_submit.py:649} INFO - 24/10/11 23:20:52 INFO SparkContext: Added file file:///home/airflow/.ivy2/jars/org.apache.sedona_sedona-sql-3.0_2.12-1.2.0-incubating.jar at spark://yellow-cab-airflow-scheduler:43321/files/org.apache.sedona_sedona-sql-3.0_2.12-1.2.0-incubating.jar with timestamp 1728688852475
[2024-10-11T23:20:52.917+0000] {spark_submit.py:649} INFO - 24/10/11 23:20:52 INFO Utils: Copying /home/airflow/.ivy2/jars/org.apache.sedona_sedona-sql-3.0_2.12-1.2.0-incubating.jar to /tmp/spark-d4e5b833-3b16-46c8-9233-ad955805d18e/userFiles-7812e295-371f-4bdd-96b3-e825a6a49381/org.apache.sedona_sedona-sql-3.0_2.12-1.2.0-incubating.jar
[2024-10-11T23:20:52.932+0000] {spark_submit.py:649} INFO - 24/10/11 23:20:52 INFO SparkContext: Added file file:///home/airflow/.ivy2/jars/org.scala-lang.modules_scala-collection-compat_2.12-2.5.0.jar at spark://yellow-cab-airflow-scheduler:43321/files/org.scala-lang.modules_scala-collection-compat_2.12-2.5.0.jar with timestamp 1728688852475
[2024-10-11T23:20:52.932+0000] {spark_submit.py:649} INFO - 24/10/11 23:20:52 INFO Utils: Copying /home/airflow/.ivy2/jars/org.scala-lang.modules_scala-collection-compat_2.12-2.5.0.jar to /tmp/spark-d4e5b833-3b16-46c8-9233-ad955805d18e/userFiles-7812e295-371f-4bdd-96b3-e825a6a49381/org.scala-lang.modules_scala-collection-compat_2.12-2.5.0.jar
[2024-10-11T23:20:52.974+0000] {spark_submit.py:649} INFO - 24/10/11 23:20:52 INFO StandaloneAppClient$ClientEndpoint: Connecting to master spark://spark-master:7077...
[2024-10-11T23:20:52.991+0000] {spark_submit.py:649} INFO - 24/10/11 23:20:52 INFO TransportClientFactory: Successfully created connection to spark-master/172.24.0.2:7077 after 8 ms (0 ms spent in bootstraps)
[2024-10-11T23:20:53.045+0000] {spark_submit.py:649} INFO - 24/10/11 23:20:53 INFO StandaloneSchedulerBackend: Connected to Spark cluster with app ID app-20241011232053-0006
[2024-10-11T23:20:53.046+0000] {spark_submit.py:649} INFO - 24/10/11 23:20:53 INFO StandaloneAppClient$ClientEndpoint: Executor added: app-20241011232053-0006/0 on worker-20241011213037-172.24.0.3-36185 (172.24.0.3:36185) with 4 core(s)
[2024-10-11T23:20:53.047+0000] {spark_submit.py:649} INFO - 24/10/11 23:20:53 INFO StandaloneSchedulerBackend: Granted executor ID app-20241011232053-0006/0 on hostPort 172.24.0.3:36185 with 4 core(s), 1024.0 MiB RAM
[2024-10-11T23:20:53.051+0000] {spark_submit.py:649} INFO - 24/10/11 23:20:53 INFO Utils: Successfully started service 'org.apache.spark.network.netty.NettyBlockTransferService' on port 42483.
[2024-10-11T23:20:53.051+0000] {spark_submit.py:649} INFO - 24/10/11 23:20:53 INFO NettyBlockTransferService: Server created on yellow-cab-airflow-scheduler:42483
[2024-10-11T23:20:53.052+0000] {spark_submit.py:649} INFO - 24/10/11 23:20:53 INFO BlockManager: Using org.apache.spark.storage.RandomBlockReplicationPolicy for block replication policy
[2024-10-11T23:20:53.056+0000] {spark_submit.py:649} INFO - 24/10/11 23:20:53 INFO BlockManagerMaster: Registering BlockManager BlockManagerId(driver, yellow-cab-airflow-scheduler, 42483, None)
[2024-10-11T23:20:53.059+0000] {spark_submit.py:649} INFO - 24/10/11 23:20:53 INFO BlockManagerMasterEndpoint: Registering block manager yellow-cab-airflow-scheduler:42483 with 434.4 MiB RAM, BlockManagerId(driver, yellow-cab-airflow-scheduler, 42483, None)
[2024-10-11T23:20:53.060+0000] {spark_submit.py:649} INFO - 24/10/11 23:20:53 INFO BlockManagerMaster: Registered BlockManager BlockManagerId(driver, yellow-cab-airflow-scheduler, 42483, None)
[2024-10-11T23:20:53.061+0000] {spark_submit.py:649} INFO - 24/10/11 23:20:53 INFO BlockManager: Initialized BlockManager: BlockManagerId(driver, yellow-cab-airflow-scheduler, 42483, None)
[2024-10-11T23:20:53.109+0000] {spark_submit.py:649} INFO - 24/10/11 23:20:53 INFO StandaloneAppClient$ClientEndpoint: Executor updated: app-20241011232053-0006/0 is now RUNNING
[2024-10-11T23:20:53.168+0000] {spark_submit.py:649} INFO - 24/10/11 23:20:53 INFO StandaloneSchedulerBackend: SchedulerBackend is ready for scheduling beginning after reached minRegisteredResourcesRatio: 0.0
[2024-10-11T23:20:53.273+0000] {spark_submit.py:649} INFO - /spark-scripts/taxi_etl.py:28: DeprecationWarning: Call to deprecated function registerAll (Deprecated since 1.4.1, use SedonaContext.create() instead.).
[2024-10-11T23:20:53.273+0000] {spark_submit.py:649} INFO - SedonaRegistrator.registerAll(spark)
[2024-10-11T23:20:53.278+0000] {spark_submit.py:649} INFO - 24/10/11 23:20:53 INFO SharedState: Setting hive.metastore.warehouse.dir ('null') to the value of spark.sql.warehouse.dir.
[2024-10-11T23:20:53.280+0000] {spark_submit.py:649} INFO - 24/10/11 23:20:53 INFO SharedState: Warehouse path is 'file:/opt/airflow/spark-warehouse'.
[2024-10-11T23:20:54.395+0000] {spark_submit.py:649} INFO - 24/10/11 23:20:54 INFO StandaloneSchedulerBackend$StandaloneDriverEndpoint: Registered executor NettyRpcEndpointRef(spark-client://Executor) (172.24.0.3:55422) with ID 0,  ResourceProfileId 0
[2024-10-11T23:20:54.434+0000] {spark_submit.py:649} INFO - 24/10/11 23:20:54 INFO BlockManagerMasterEndpoint: Registering block manager 172.24.0.3:46629 with 434.4 MiB RAM, BlockManagerId(0, 172.24.0.3, 46629, None)
[2024-10-11T23:20:54.493+0000] {spark_submit.py:649} INFO - 24/10/11 23:20:54 INFO CodeGenerator: Code generated in 91.226626 ms
[2024-10-11T23:20:54.534+0000] {spark_submit.py:649} INFO - 24/10/11 23:20:54 INFO DAGScheduler: Registering RDD 2 (count at NativeMethodAccessorImpl.java:0) as input to shuffle 0
[2024-10-11T23:20:54.539+0000] {spark_submit.py:649} INFO - 24/10/11 23:20:54 INFO DAGScheduler: Got map stage job 0 (count at NativeMethodAccessorImpl.java:0) with 1 output partitions
[2024-10-11T23:20:54.540+0000] {spark_submit.py:649} INFO - 24/10/11 23:20:54 INFO DAGScheduler: Final stage: ShuffleMapStage 0 (count at NativeMethodAccessorImpl.java:0)
[2024-10-11T23:20:54.540+0000] {spark_submit.py:649} INFO - 24/10/11 23:20:54 INFO DAGScheduler: Parents of final stage: List()
[2024-10-11T23:20:54.541+0000] {spark_submit.py:649} INFO - 24/10/11 23:20:54 INFO DAGScheduler: Missing parents: List()
[2024-10-11T23:20:54.542+0000] {spark_submit.py:649} INFO - 24/10/11 23:20:54 INFO DAGScheduler: Submitting ShuffleMapStage 0 (MapPartitionsRDD[2] at count at NativeMethodAccessorImpl.java:0), which has no missing parents
[2024-10-11T23:20:54.594+0000] {spark_submit.py:649} INFO - 24/10/11 23:20:54 INFO MemoryStore: Block broadcast_0 stored as values in memory (estimated size 11.0 KiB, free 434.4 MiB)
[2024-10-11T23:20:54.613+0000] {spark_submit.py:649} INFO - 24/10/11 23:20:54 INFO MemoryStore: Block broadcast_0_piece0 stored as bytes in memory (estimated size 5.7 KiB, free 434.4 MiB)
[2024-10-11T23:20:54.614+0000] {spark_submit.py:649} INFO - 24/10/11 23:20:54 INFO BlockManagerInfo: Added broadcast_0_piece0 in memory on yellow-cab-airflow-scheduler:42483 (size: 5.7 KiB, free: 434.4 MiB)
[2024-10-11T23:20:54.619+0000] {spark_submit.py:649} INFO - 24/10/11 23:20:54 INFO SparkContext: Created broadcast 0 from broadcast at DAGScheduler.scala:1585
[2024-10-11T23:20:54.629+0000] {spark_submit.py:649} INFO - 24/10/11 23:20:54 INFO DAGScheduler: Submitting 1 missing tasks from ShuffleMapStage 0 (MapPartitionsRDD[2] at count at NativeMethodAccessorImpl.java:0) (first 15 tasks are for partitions Vector(0))
[2024-10-11T23:20:54.629+0000] {spark_submit.py:649} INFO - 24/10/11 23:20:54 INFO TaskSchedulerImpl: Adding task set 0.0 with 1 tasks resource profile 0
[2024-10-11T23:20:55.150+0000] {spark_submit.py:649} INFO - 24/10/11 23:20:55 INFO TaskSetManager: Starting task 0.0 in stage 0.0 (TID 0) (172.24.0.3, executor 0, partition 0, PROCESS_LOCAL, 9588 bytes)
[2024-10-11T23:20:55.254+0000] {spark_submit.py:649} INFO - 24/10/11 23:20:55 INFO BlockManagerInfo: Added broadcast_0_piece0 in memory on 172.24.0.3:46629 (size: 5.7 KiB, free: 434.4 MiB)
[2024-10-11T23:20:55.557+0000] {spark_submit.py:649} INFO - 24/10/11 23:20:55 INFO TaskSetManager: Finished task 0.0 in stage 0.0 (TID 0) in 418 ms on 172.24.0.3 (executor 0) (1/1)
[2024-10-11T23:20:55.558+0000] {spark_submit.py:649} INFO - 24/10/11 23:20:55 INFO TaskSchedulerImpl: Removed TaskSet 0.0, whose tasks have all completed, from pool
[2024-10-11T23:20:55.561+0000] {spark_submit.py:649} INFO - 24/10/11 23:20:55 INFO DAGScheduler: ShuffleMapStage 0 (count at NativeMethodAccessorImpl.java:0) finished in 1.013 s
[2024-10-11T23:20:55.562+0000] {spark_submit.py:649} INFO - 24/10/11 23:20:55 INFO DAGScheduler: looking for newly runnable stages
[2024-10-11T23:20:55.562+0000] {spark_submit.py:649} INFO - 24/10/11 23:20:55 INFO DAGScheduler: running: Set()
[2024-10-11T23:20:55.563+0000] {spark_submit.py:649} INFO - 24/10/11 23:20:55 INFO DAGScheduler: waiting: Set()
[2024-10-11T23:20:55.563+0000] {spark_submit.py:649} INFO - 24/10/11 23:20:55 INFO DAGScheduler: failed: Set()
[2024-10-11T23:20:55.589+0000] {spark_submit.py:649} INFO - 24/10/11 23:20:55 INFO CodeGenerator: Code generated in 8.767917 ms
[2024-10-11T23:20:55.630+0000] {spark_submit.py:649} INFO - 24/10/11 23:20:55 INFO SparkContext: Starting job: count at NativeMethodAccessorImpl.java:0
[2024-10-11T23:20:55.634+0000] {spark_submit.py:649} INFO - 24/10/11 23:20:55 INFO DAGScheduler: Got job 1 (count at NativeMethodAccessorImpl.java:0) with 1 output partitions
[2024-10-11T23:20:55.635+0000] {spark_submit.py:649} INFO - 24/10/11 23:20:55 INFO DAGScheduler: Final stage: ResultStage 2 (count at NativeMethodAccessorImpl.java:0)
[2024-10-11T23:20:55.636+0000] {spark_submit.py:649} INFO - 24/10/11 23:20:55 INFO DAGScheduler: Parents of final stage: List(ShuffleMapStage 1)
[2024-10-11T23:20:55.637+0000] {spark_submit.py:649} INFO - 24/10/11 23:20:55 INFO DAGScheduler: Missing parents: List()
[2024-10-11T23:20:55.638+0000] {spark_submit.py:649} INFO - 24/10/11 23:20:55 INFO DAGScheduler: Submitting ResultStage 2 (MapPartitionsRDD[5] at count at NativeMethodAccessorImpl.java:0), which has no missing parents
[2024-10-11T23:20:55.653+0000] {spark_submit.py:649} INFO - 24/10/11 23:20:55 INFO MemoryStore: Block broadcast_1 stored as values in memory (estimated size 12.5 KiB, free 434.4 MiB)
[2024-10-11T23:20:55.667+0000] {spark_submit.py:649} INFO - 24/10/11 23:20:55 INFO MemoryStore: Block broadcast_1_piece0 stored as bytes in memory (estimated size 5.9 KiB, free 434.4 MiB)
[2024-10-11T23:20:55.670+0000] {spark_submit.py:649} INFO - 24/10/11 23:20:55 INFO BlockManagerInfo: Added broadcast_1_piece0 in memory on yellow-cab-airflow-scheduler:42483 (size: 5.9 KiB, free: 434.4 MiB)
[2024-10-11T23:20:55.673+0000] {spark_submit.py:649} INFO - 24/10/11 23:20:55 INFO SparkContext: Created broadcast 1 from broadcast at DAGScheduler.scala:1585
[2024-10-11T23:20:55.679+0000] {spark_submit.py:649} INFO - 24/10/11 23:20:55 INFO DAGScheduler: Submitting 1 missing tasks from ResultStage 2 (MapPartitionsRDD[5] at count at NativeMethodAccessorImpl.java:0) (first 15 tasks are for partitions Vector(0))
[2024-10-11T23:20:55.685+0000] {spark_submit.py:649} INFO - 24/10/11 23:20:55 INFO TaskSchedulerImpl: Adding task set 2.0 with 1 tasks resource profile 0
[2024-10-11T23:20:55.700+0000] {spark_submit.py:649} INFO - 24/10/11 23:20:55 INFO TaskSetManager: Starting task 0.0 in stage 2.0 (TID 1) (172.24.0.3, executor 0, partition 0, NODE_LOCAL, 9391 bytes)
[2024-10-11T23:20:55.731+0000] {spark_submit.py:649} INFO - 24/10/11 23:20:55 INFO BlockManagerInfo: Removed broadcast_0_piece0 on yellow-cab-airflow-scheduler:42483 in memory (size: 5.7 KiB, free: 434.4 MiB)
[2024-10-11T23:20:55.732+0000] {spark_submit.py:649} INFO - 24/10/11 23:20:55 INFO BlockManagerInfo: Removed broadcast_0_piece0 on 172.24.0.3:46629 in memory (size: 5.7 KiB, free: 434.4 MiB)
[2024-10-11T23:20:55.755+0000] {spark_submit.py:649} INFO - 24/10/11 23:20:55 INFO BlockManagerInfo: Added broadcast_1_piece0 in memory on 172.24.0.3:46629 (size: 5.9 KiB, free: 434.4 MiB)
[2024-10-11T23:20:55.807+0000] {spark_submit.py:649} INFO - 24/10/11 23:20:55 INFO MapOutputTrackerMasterEndpoint: Asked to send map output locations for shuffle 0 to 172.24.0.3:55422
[2024-10-11T23:20:55.902+0000] {spark_submit.py:649} INFO - 24/10/11 23:20:55 INFO TaskSetManager: Finished task 0.0 in stage 2.0 (TID 1) in 210 ms on 172.24.0.3 (executor 0) (1/1)
[2024-10-11T23:20:55.902+0000] {spark_submit.py:649} INFO - 24/10/11 23:20:55 INFO TaskSchedulerImpl: Removed TaskSet 2.0, whose tasks have all completed, from pool
[2024-10-11T23:20:55.903+0000] {spark_submit.py:649} INFO - 24/10/11 23:20:55 INFO DAGScheduler: ResultStage 2 (count at NativeMethodAccessorImpl.java:0) finished in 0.258 s
[2024-10-11T23:20:55.904+0000] {spark_submit.py:649} INFO - 24/10/11 23:20:55 INFO DAGScheduler: Job 1 is finished. Cancelling potential speculative or zombie tasks for this job
[2024-10-11T23:20:55.904+0000] {spark_submit.py:649} INFO - 24/10/11 23:20:55 INFO TaskSchedulerImpl: Killing all running tasks in stage 2: Stage finished
[2024-10-11T23:20:55.905+0000] {spark_submit.py:649} INFO - 24/10/11 23:20:55 INFO DAGScheduler: Job 1 finished: count at NativeMethodAccessorImpl.java:0, took 0.275098 s
[2024-10-11T23:20:56.220+0000] {spark_submit.py:649} INFO - 24/10/11 23:20:56 INFO BlockManagerInfo: Removed broadcast_1_piece0 on yellow-cab-airflow-scheduler:42483 in memory (size: 5.9 KiB, free: 434.4 MiB)
[2024-10-11T23:20:56.221+0000] {spark_submit.py:649} INFO - 24/10/11 23:20:56 INFO BlockManagerInfo: Removed broadcast_1_piece0 on 172.24.0.3:46629 in memory (size: 5.9 KiB, free: 434.4 MiB)
[2024-10-11T23:20:56.487+0000] {spark_submit.py:649} INFO - 24/10/11 23:20:56 INFO InMemoryFileIndex: It took 7 ms to list leaf files for 1 paths.
[2024-10-11T23:20:56.509+0000] {spark_submit.py:649} INFO - 24/10/11 23:20:56 INFO InMemoryFileIndex: It took 1 ms to list leaf files for 1 paths.
[2024-10-11T23:20:56.600+0000] {spark_submit.py:649} INFO - 24/10/11 23:20:56 INFO FileSourceStrategy: Pushed Filters:
[2024-10-11T23:20:56.600+0000] {spark_submit.py:649} INFO - 24/10/11 23:20:56 INFO FileSourceStrategy: Post-Scan Filters: (length(trim(value#14, None)) > 0)
[2024-10-11T23:20:56.620+0000] {spark_submit.py:649} INFO - 24/10/11 23:20:56 INFO CodeGenerator: Code generated in 7.768375 ms
[2024-10-11T23:20:56.628+0000] {spark_submit.py:649} INFO - 24/10/11 23:20:56 INFO MemoryStore: Block broadcast_2 stored as values in memory (estimated size 204.4 KiB, free 434.2 MiB)
[2024-10-11T23:20:56.637+0000] {spark_submit.py:649} INFO - 24/10/11 23:20:56 INFO MemoryStore: Block broadcast_2_piece0 stored as bytes in memory (estimated size 35.5 KiB, free 434.2 MiB)
[2024-10-11T23:20:56.638+0000] {spark_submit.py:649} INFO - 24/10/11 23:20:56 INFO BlockManagerInfo: Added broadcast_2_piece0 in memory on yellow-cab-airflow-scheduler:42483 (size: 35.5 KiB, free: 434.4 MiB)
[2024-10-11T23:20:56.638+0000] {spark_submit.py:649} INFO - 24/10/11 23:20:56 INFO SparkContext: Created broadcast 2 from csv at NativeMethodAccessorImpl.java:0
[2024-10-11T23:20:56.642+0000] {spark_submit.py:649} INFO - 24/10/11 23:20:56 INFO FileSourceScanExec: Planning scan with bin packing, max size: 4194304 bytes, open cost is considered as scanning 4194304 bytes.
[2024-10-11T23:20:56.658+0000] {spark_submit.py:649} INFO - 24/10/11 23:20:56 INFO SparkContext: Starting job: csv at NativeMethodAccessorImpl.java:0
[2024-10-11T23:20:56.659+0000] {spark_submit.py:649} INFO - 24/10/11 23:20:56 INFO DAGScheduler: Got job 2 (csv at NativeMethodAccessorImpl.java:0) with 1 output partitions
[2024-10-11T23:20:56.659+0000] {spark_submit.py:649} INFO - 24/10/11 23:20:56 INFO DAGScheduler: Final stage: ResultStage 3 (csv at NativeMethodAccessorImpl.java:0)
[2024-10-11T23:20:56.660+0000] {spark_submit.py:649} INFO - 24/10/11 23:20:56 INFO DAGScheduler: Parents of final stage: List()
[2024-10-11T23:20:56.660+0000] {spark_submit.py:649} INFO - 24/10/11 23:20:56 INFO DAGScheduler: Missing parents: List()
[2024-10-11T23:20:56.660+0000] {spark_submit.py:649} INFO - 24/10/11 23:20:56 INFO DAGScheduler: Submitting ResultStage 3 (MapPartitionsRDD[9] at csv at NativeMethodAccessorImpl.java:0), which has no missing parents
[2024-10-11T23:20:56.668+0000] {spark_submit.py:649} INFO - 24/10/11 23:20:56 INFO MemoryStore: Block broadcast_3 stored as values in memory (estimated size 13.5 KiB, free 434.2 MiB)
[2024-10-11T23:20:56.670+0000] {spark_submit.py:649} INFO - 24/10/11 23:20:56 INFO MemoryStore: Block broadcast_3_piece0 stored as bytes in memory (estimated size 6.4 KiB, free 434.1 MiB)
[2024-10-11T23:20:56.670+0000] {spark_submit.py:649} INFO - 24/10/11 23:20:56 INFO BlockManagerInfo: Added broadcast_3_piece0 in memory on yellow-cab-airflow-scheduler:42483 (size: 6.4 KiB, free: 434.4 MiB)
[2024-10-11T23:20:56.671+0000] {spark_submit.py:649} INFO - 24/10/11 23:20:56 INFO SparkContext: Created broadcast 3 from broadcast at DAGScheduler.scala:1585
[2024-10-11T23:20:56.671+0000] {spark_submit.py:649} INFO - 24/10/11 23:20:56 INFO DAGScheduler: Submitting 1 missing tasks from ResultStage 3 (MapPartitionsRDD[9] at csv at NativeMethodAccessorImpl.java:0) (first 15 tasks are for partitions Vector(0))
[2024-10-11T23:20:56.671+0000] {spark_submit.py:649} INFO - 24/10/11 23:20:56 INFO TaskSchedulerImpl: Adding task set 3.0 with 1 tasks resource profile 0
[2024-10-11T23:20:56.673+0000] {spark_submit.py:649} INFO - 24/10/11 23:20:56 INFO TaskSetManager: Starting task 0.0 in stage 3.0 (TID 2) (172.24.0.3, executor 0, partition 0, PROCESS_LOCAL, 9994 bytes)
[2024-10-11T23:20:56.685+0000] {spark_submit.py:649} INFO - 24/10/11 23:20:56 INFO BlockManagerInfo: Added broadcast_3_piece0 in memory on 172.24.0.3:46629 (size: 6.4 KiB, free: 434.4 MiB)
[2024-10-11T23:20:56.794+0000] {spark_submit.py:649} INFO - 24/10/11 23:20:56 INFO BlockManagerInfo: Added broadcast_2_piece0 in memory on 172.24.0.3:46629 (size: 35.5 KiB, free: 434.4 MiB)
[2024-10-11T23:20:56.850+0000] {spark_submit.py:649} INFO - 24/10/11 23:20:56 INFO TaskSetManager: Finished task 0.0 in stage 3.0 (TID 2) in 177 ms on 172.24.0.3 (executor 0) (1/1)
[2024-10-11T23:20:56.853+0000] {spark_submit.py:649} INFO - 24/10/11 23:20:56 INFO TaskSchedulerImpl: Removed TaskSet 3.0, whose tasks have all completed, from pool
[2024-10-11T23:20:56.853+0000] {spark_submit.py:649} INFO - 24/10/11 23:20:56 INFO DAGScheduler: ResultStage 3 (csv at NativeMethodAccessorImpl.java:0) finished in 0.189 s
[2024-10-11T23:20:56.853+0000] {spark_submit.py:649} INFO - 24/10/11 23:20:56 INFO DAGScheduler: Job 2 is finished. Cancelling potential speculative or zombie tasks for this job
[2024-10-11T23:20:56.854+0000] {spark_submit.py:649} INFO - 24/10/11 23:20:56 INFO TaskSchedulerImpl: Killing all running tasks in stage 3: Stage finished
[2024-10-11T23:20:56.854+0000] {spark_submit.py:649} INFO - 24/10/11 23:20:56 INFO DAGScheduler: Job 2 finished: csv at NativeMethodAccessorImpl.java:0, took 0.192116 s
[2024-10-11T23:20:56.859+0000] {spark_submit.py:649} INFO - 24/10/11 23:20:56 INFO CodeGenerator: Code generated in 4.928 ms
[2024-10-11T23:20:56.884+0000] {spark_submit.py:649} INFO - 24/10/11 23:20:56 INFO FileSourceStrategy: Pushed Filters:
[2024-10-11T23:20:56.885+0000] {spark_submit.py:649} INFO - 24/10/11 23:20:56 INFO FileSourceStrategy: Post-Scan Filters:
[2024-10-11T23:20:56.888+0000] {spark_submit.py:649} INFO - 24/10/11 23:20:56 INFO MemoryStore: Block broadcast_4 stored as values in memory (estimated size 204.4 KiB, free 433.9 MiB)
[2024-10-11T23:20:56.892+0000] {spark_submit.py:649} INFO - 24/10/11 23:20:56 INFO MemoryStore: Block broadcast_4_piece0 stored as bytes in memory (estimated size 35.5 KiB, free 433.9 MiB)
[2024-10-11T23:20:56.894+0000] {spark_submit.py:649} INFO - 24/10/11 23:20:56 INFO BlockManagerInfo: Added broadcast_4_piece0 in memory on yellow-cab-airflow-scheduler:42483 (size: 35.5 KiB, free: 434.3 MiB)
[2024-10-11T23:20:56.894+0000] {spark_submit.py:649} INFO - 24/10/11 23:20:56 INFO SparkContext: Created broadcast 4 from csv at NativeMethodAccessorImpl.java:0
[2024-10-11T23:20:56.894+0000] {spark_submit.py:649} INFO - 24/10/11 23:20:56 INFO FileSourceScanExec: Planning scan with bin packing, max size: 4194304 bytes, open cost is considered as scanning 4194304 bytes.
[2024-10-11T23:20:56.901+0000] {spark_submit.py:649} INFO - 24/10/11 23:20:56 INFO BlockManagerInfo: Removed broadcast_3_piece0 on yellow-cab-airflow-scheduler:42483 in memory (size: 6.4 KiB, free: 434.3 MiB)
[2024-10-11T23:20:56.903+0000] {spark_submit.py:649} INFO - 24/10/11 23:20:56 INFO BlockManagerInfo: Removed broadcast_3_piece0 on 172.24.0.3:46629 in memory (size: 6.4 KiB, free: 434.4 MiB)
[2024-10-11T23:20:56.912+0000] {spark_submit.py:649} INFO - 24/10/11 23:20:56 INFO BlockManagerInfo: Removed broadcast_2_piece0 on yellow-cab-airflow-scheduler:42483 in memory (size: 35.5 KiB, free: 434.4 MiB)
[2024-10-11T23:20:56.913+0000] {spark_submit.py:649} INFO - 24/10/11 23:20:56 INFO BlockManagerInfo: Removed broadcast_2_piece0 on 172.24.0.3:46629 in memory (size: 35.5 KiB, free: 434.4 MiB)
[2024-10-11T23:20:56.928+0000] {spark_submit.py:649} INFO - 24/10/11 23:20:56 INFO SparkContext: Starting job: csv at NativeMethodAccessorImpl.java:0
[2024-10-11T23:20:56.929+0000] {spark_submit.py:649} INFO - 24/10/11 23:20:56 INFO DAGScheduler: Got job 3 (csv at NativeMethodAccessorImpl.java:0) with 1 output partitions
[2024-10-11T23:20:56.929+0000] {spark_submit.py:649} INFO - 24/10/11 23:20:56 INFO DAGScheduler: Final stage: ResultStage 4 (csv at NativeMethodAccessorImpl.java:0)
[2024-10-11T23:20:56.930+0000] {spark_submit.py:649} INFO - 24/10/11 23:20:56 INFO DAGScheduler: Parents of final stage: List()
[2024-10-11T23:20:56.930+0000] {spark_submit.py:649} INFO - 24/10/11 23:20:56 INFO DAGScheduler: Missing parents: List()
[2024-10-11T23:20:56.931+0000] {spark_submit.py:649} INFO - 24/10/11 23:20:56 INFO DAGScheduler: Submitting ResultStage 4 (MapPartitionsRDD[15] at csv at NativeMethodAccessorImpl.java:0), which has no missing parents
[2024-10-11T23:20:56.937+0000] {spark_submit.py:649} INFO - 24/10/11 23:20:56 INFO MemoryStore: Block broadcast_5 stored as values in memory (estimated size 31.3 KiB, free 434.1 MiB)
[2024-10-11T23:20:56.940+0000] {spark_submit.py:649} INFO - 24/10/11 23:20:56 INFO MemoryStore: Block broadcast_5_piece0 stored as bytes in memory (estimated size 13.6 KiB, free 434.1 MiB)
[2024-10-11T23:20:56.940+0000] {spark_submit.py:649} INFO - 24/10/11 23:20:56 INFO BlockManagerInfo: Added broadcast_5_piece0 in memory on yellow-cab-airflow-scheduler:42483 (size: 13.6 KiB, free: 434.4 MiB)
[2024-10-11T23:20:56.941+0000] {spark_submit.py:649} INFO - 24/10/11 23:20:56 INFO SparkContext: Created broadcast 5 from broadcast at DAGScheduler.scala:1585
[2024-10-11T23:20:56.941+0000] {spark_submit.py:649} INFO - 24/10/11 23:20:56 INFO DAGScheduler: Submitting 1 missing tasks from ResultStage 4 (MapPartitionsRDD[15] at csv at NativeMethodAccessorImpl.java:0) (first 15 tasks are for partitions Vector(0))
[2024-10-11T23:20:56.941+0000] {spark_submit.py:649} INFO - 24/10/11 23:20:56 INFO TaskSchedulerImpl: Adding task set 4.0 with 1 tasks resource profile 0
[2024-10-11T23:20:56.942+0000] {spark_submit.py:649} INFO - 24/10/11 23:20:56 INFO TaskSetManager: Starting task 0.0 in stage 4.0 (TID 3) (172.24.0.3, executor 0, partition 0, PROCESS_LOCAL, 9994 bytes)
[2024-10-11T23:20:56.965+0000] {spark_submit.py:649} INFO - 24/10/11 23:20:56 INFO BlockManagerInfo: Added broadcast_5_piece0 in memory on 172.24.0.3:46629 (size: 13.6 KiB, free: 434.4 MiB)
[2024-10-11T23:20:57.461+0000] {spark_submit.py:649} INFO - 24/10/11 23:20:57 INFO BlockManagerInfo: Added broadcast_4_piece0 in memory on 172.24.0.3:46629 (size: 35.5 KiB, free: 434.4 MiB)
[2024-10-11T23:20:57.725+0000] {spark_submit.py:649} INFO - 24/10/11 23:20:57 INFO TaskSetManager: Finished task 0.0 in stage 4.0 (TID 3) in 782 ms on 172.24.0.3 (executor 0) (1/1)
[2024-10-11T23:20:57.726+0000] {spark_submit.py:649} INFO - 24/10/11 23:20:57 INFO TaskSchedulerImpl: Removed TaskSet 4.0, whose tasks have all completed, from pool
[2024-10-11T23:20:57.727+0000] {spark_submit.py:649} INFO - 24/10/11 23:20:57 INFO DAGScheduler: ResultStage 4 (csv at NativeMethodAccessorImpl.java:0) finished in 0.795 s
[2024-10-11T23:20:57.727+0000] {spark_submit.py:649} INFO - 24/10/11 23:20:57 INFO DAGScheduler: Job 3 is finished. Cancelling potential speculative or zombie tasks for this job
[2024-10-11T23:20:57.728+0000] {spark_submit.py:649} INFO - 24/10/11 23:20:57 INFO TaskSchedulerImpl: Killing all running tasks in stage 4: Stage finished
[2024-10-11T23:20:57.728+0000] {spark_submit.py:649} INFO - 24/10/11 23:20:57 INFO DAGScheduler: Job 3 finished: csv at NativeMethodAccessorImpl.java:0, took 0.799145 s
[2024-10-11T23:20:57.931+0000] {spark_submit.py:649} INFO - 24/10/11 23:20:57 INFO BlockManagerInfo: Removed broadcast_5_piece0 on yellow-cab-airflow-scheduler:42483 in memory (size: 13.6 KiB, free: 434.4 MiB)
[2024-10-11T23:20:57.935+0000] {spark_submit.py:649} INFO - 24/10/11 23:20:57 INFO BlockManagerInfo: Removed broadcast_5_piece0 on 172.24.0.3:46629 in memory (size: 13.6 KiB, free: 434.4 MiB)
[2024-10-11T23:20:58.012+0000] {spark_submit.py:649} INFO - 24/10/11 23:20:58 INFO FileSourceStrategy: Pushed Filters:
[2024-10-11T23:20:58.012+0000] {spark_submit.py:649} INFO - 24/10/11 23:20:58 INFO FileSourceStrategy: Post-Scan Filters: atleastnnonnulls(4, tpep_pickup_datetime#32, tpep_dropoff_datetime#33, pickup_longitude#36, pickup_latitude#37)
[2024-10-11T23:20:58.070+0000] {spark_submit.py:649} INFO - 24/10/11 23:20:58 INFO CodeGenerator: Code generated in 24.800166 ms
[2024-10-11T23:20:58.073+0000] {spark_submit.py:649} INFO - 24/10/11 23:20:58 INFO MemoryStore: Block broadcast_6 stored as values in memory (estimated size 204.3 KiB, free 434.0 MiB)
[2024-10-11T23:20:58.079+0000] {spark_submit.py:649} INFO - 24/10/11 23:20:58 INFO MemoryStore: Block broadcast_6_piece0 stored as bytes in memory (estimated size 35.5 KiB, free 433.9 MiB)
[2024-10-11T23:20:58.080+0000] {spark_submit.py:649} INFO - 24/10/11 23:20:58 INFO BlockManagerInfo: Added broadcast_6_piece0 in memory on yellow-cab-airflow-scheduler:42483 (size: 35.5 KiB, free: 434.3 MiB)
[2024-10-11T23:20:58.081+0000] {spark_submit.py:649} INFO - 24/10/11 23:20:58 INFO SparkContext: Created broadcast 6 from showString at NativeMethodAccessorImpl.java:0
[2024-10-11T23:20:58.085+0000] {spark_submit.py:649} INFO - 24/10/11 23:20:58 INFO FileSourceScanExec: Planning scan with bin packing, max size: 4194304 bytes, open cost is considered as scanning 4194304 bytes.
[2024-10-11T23:20:58.092+0000] {spark_submit.py:649} INFO - 24/10/11 23:20:58 INFO SparkContext: Starting job: showString at NativeMethodAccessorImpl.java:0
[2024-10-11T23:20:58.094+0000] {spark_submit.py:649} INFO - 24/10/11 23:20:58 INFO DAGScheduler: Got job 4 (showString at NativeMethodAccessorImpl.java:0) with 1 output partitions
[2024-10-11T23:20:58.097+0000] {spark_submit.py:649} INFO - 24/10/11 23:20:58 INFO DAGScheduler: Final stage: ResultStage 5 (showString at NativeMethodAccessorImpl.java:0)
[2024-10-11T23:20:58.098+0000] {spark_submit.py:649} INFO - 24/10/11 23:20:58 INFO DAGScheduler: Parents of final stage: List()
[2024-10-11T23:20:58.099+0000] {spark_submit.py:649} INFO - 24/10/11 23:20:58 INFO DAGScheduler: Missing parents: List()
[2024-10-11T23:20:58.099+0000] {spark_submit.py:649} INFO - 24/10/11 23:20:58 INFO DAGScheduler: Submitting ResultStage 5 (MapPartitionsRDD[21] at showString at NativeMethodAccessorImpl.java:0), which has no missing parents
[2024-10-11T23:20:58.104+0000] {spark_submit.py:649} INFO - 24/10/11 23:20:58 INFO BlockManagerInfo: Removed broadcast_4_piece0 on yellow-cab-airflow-scheduler:42483 in memory (size: 35.5 KiB, free: 434.4 MiB)
[2024-10-11T23:20:58.113+0000] {spark_submit.py:649} INFO - 24/10/11 23:20:58 INFO BlockManagerInfo: Removed broadcast_4_piece0 on 172.24.0.3:46629 in memory (size: 35.5 KiB, free: 434.4 MiB)
[2024-10-11T23:20:58.159+0000] {spark_submit.py:649} INFO - 24/10/11 23:20:58 INFO MemoryStore: Block broadcast_7 stored as values in memory (estimated size 40.0 KiB, free 434.1 MiB)
[2024-10-11T23:20:58.163+0000] {spark_submit.py:649} INFO - 24/10/11 23:20:58 INFO MemoryStore: Block broadcast_7_piece0 stored as bytes in memory (estimated size 16.6 KiB, free 434.1 MiB)
[2024-10-11T23:20:58.163+0000] {spark_submit.py:649} INFO - 24/10/11 23:20:58 INFO BlockManagerInfo: Added broadcast_7_piece0 in memory on yellow-cab-airflow-scheduler:42483 (size: 16.6 KiB, free: 434.3 MiB)
[2024-10-11T23:20:58.165+0000] {spark_submit.py:649} INFO - 24/10/11 23:20:58 INFO SparkContext: Created broadcast 7 from broadcast at DAGScheduler.scala:1585
[2024-10-11T23:20:58.165+0000] {spark_submit.py:649} INFO - 24/10/11 23:20:58 INFO DAGScheduler: Submitting 1 missing tasks from ResultStage 5 (MapPartitionsRDD[21] at showString at NativeMethodAccessorImpl.java:0) (first 15 tasks are for partitions Vector(0))
[2024-10-11T23:20:58.165+0000] {spark_submit.py:649} INFO - 24/10/11 23:20:58 INFO TaskSchedulerImpl: Adding task set 5.0 with 1 tasks resource profile 0
[2024-10-11T23:20:58.166+0000] {spark_submit.py:649} INFO - 24/10/11 23:20:58 INFO TaskSetManager: Starting task 0.0 in stage 5.0 (TID 4) (172.24.0.3, executor 0, partition 0, PROCESS_LOCAL, 9994 bytes)
[2024-10-11T23:20:58.178+0000] {spark_submit.py:649} INFO - 24/10/11 23:20:58 INFO BlockManagerInfo: Added broadcast_7_piece0 in memory on 172.24.0.3:46629 (size: 16.6 KiB, free: 434.4 MiB)
[2024-10-11T23:20:58.395+0000] {spark_submit.py:649} INFO - 24/10/11 23:20:58 INFO BlockManagerInfo: Added broadcast_6_piece0 in memory on 172.24.0.3:46629 (size: 35.5 KiB, free: 434.3 MiB)
[2024-10-11T23:20:58.446+0000] {spark_submit.py:649} INFO - 24/10/11 23:20:58 INFO TaskSetManager: Finished task 0.0 in stage 5.0 (TID 4) in 281 ms on 172.24.0.3 (executor 0) (1/1)
[2024-10-11T23:20:58.447+0000] {spark_submit.py:649} INFO - 24/10/11 23:20:58 INFO TaskSchedulerImpl: Removed TaskSet 5.0, whose tasks have all completed, from pool
[2024-10-11T23:20:58.447+0000] {spark_submit.py:649} INFO - 24/10/11 23:20:58 INFO DAGScheduler: ResultStage 5 (showString at NativeMethodAccessorImpl.java:0) finished in 0.346 s
[2024-10-11T23:20:58.447+0000] {spark_submit.py:649} INFO - 24/10/11 23:20:58 INFO DAGScheduler: Job 4 is finished. Cancelling potential speculative or zombie tasks for this job
[2024-10-11T23:20:58.448+0000] {spark_submit.py:649} INFO - 24/10/11 23:20:58 INFO TaskSchedulerImpl: Killing all running tasks in stage 5: Stage finished
[2024-10-11T23:20:58.448+0000] {spark_submit.py:649} INFO - 24/10/11 23:20:58 INFO DAGScheduler: Job 4 finished: showString at NativeMethodAccessorImpl.java:0, took 0.355309 s
[2024-10-11T23:20:58.567+0000] {spark_submit.py:649} INFO - 24/10/11 23:20:58 INFO CodeGenerator: Code generated in 60.313792 ms
[2024-10-11T23:20:58.592+0000] {spark_submit.py:649} INFO - +--------+------------+------------------+------------------+------------------+------------------+--------------------+---------------------+---------------+-------------+-----------+-----+-------+----------+------------+---------------------+------------+-------------+------------------+--------------------+--------------------+------------------------+
[2024-10-11T23:20:58.592+0000] {spark_submit.py:649} INFO - |VendorID|payment_type|  pickup_longitude|   pickup_latitude| dropoff_longitude|  dropoff_latitude|tpep_pickup_datetime|tpep_dropoff_datetime|passenger_count|trip_distance|fare_amount|extra|mta_tax|tip_amount|tolls_amount|improvement_surcharge|total_amount|Trip_Duration|store_and_fwd_flag|   Pickup_Point_EWKT|  Dropoff_Point_EWKT|Trip_Distance_Calculated|
[2024-10-11T23:20:58.592+0000] {spark_submit.py:649} INFO - +--------+------------+------------------+------------------+------------------+------------------+--------------------+---------------------+---------------+-------------+-----------+-----+-------+----------+------------+---------------------+------------+-------------+------------------+--------------------+--------------------+------------------------+
[2024-10-11T23:20:58.592+0000] {spark_submit.py:649} INFO - |       2|           2|-73.99037170410156| 40.73469543457031|-73.98184204101562| 40.73240661621094| 2016-01-01 00:00:00|  2016-01-01 00:00:00|              2|          1.1|        7.5|  0.5|    0.5|       0.0|         0.0|                  0.3|         8.8|          0.0|                 N|POINT (-73.990371...|POINT (-73.981842...|    0.008831412222392119|
[2024-10-11T23:20:58.592+0000] {spark_submit.py:649} INFO - |       2|           1|-73.98078155517578| 40.72991180419922|-73.94447326660156|40.716678619384766| 2016-01-01 00:00:00|  2016-01-01 00:00:00|              5|          4.9|       18.0|  0.5|    0.5|       0.0|         0.0|                  0.3|        19.3|          0.0|                 N|POINT (-73.980781...|POINT (-73.944473...|    0.038644650335100936|
[2024-10-11T23:20:58.593+0000] {spark_submit.py:649} INFO - |       2|           1|-73.98455047607422|  40.6795654296875|-73.95027160644531| 40.78892517089844| 2016-01-01 00:00:00|  2016-01-01 00:00:00|              1|        10.54|       33.0|  0.5|    0.5|       0.0|         0.0|                  0.3|        34.3|          0.0|                 N|POINT (-73.984550...|POINT (-73.950271...|     0.11460625594075907|
[2024-10-11T23:20:58.593+0000] {spark_submit.py:649} INFO - |       2|           2|-73.99346923828125|40.718990325927734|-73.96224212646484| 40.65733337402344| 2016-01-01 00:00:00|  2016-01-01 00:00:00|              1|         4.75|       16.5|  0.0|    0.5|       0.0|         0.0|                  0.3|        17.3|          0.0|                 N|POINT (-73.993469...|POINT (-73.962242...|     0.06911376296023186|
[2024-10-11T23:20:58.593+0000] {spark_submit.py:649} INFO - |       2|           2|-73.96062469482422| 40.78133010864258|-73.97726440429688|40.758514404296875| 2016-01-01 00:00:00|  2016-01-01 00:00:00|              3|         1.76|        8.0|  0.0|    0.5|       0.0|         0.0|                  0.3|         8.8|          0.0|                 N|POINT (-73.960624...|POINT (-73.977264...|    0.028238914570587564|
[2024-10-11T23:20:58.593+0000] {spark_submit.py:649} INFO - |       2|           2|-73.98011779785156| 40.74304962158203|-73.91349029541016| 40.76314163208008| 2016-01-01 00:00:00|  2016-01-01 00:18:30|              2|         5.52|       19.0|  0.5|    0.5|       0.0|         0.0|                  0.3|        20.3|         18.5|                 N|POINT (-73.980117...|POINT (-73.913490...|      0.0695910408560845|
[2024-10-11T23:20:58.593+0000] {spark_submit.py:649} INFO - |       2|           2|-73.99405670166016| 40.71998977661133|-73.96636199951172| 40.78987121582031| 2016-01-01 00:00:00|  2016-01-01 00:26:45|              2|         7.45|       26.0|  0.5|    0.5|       0.0|         0.0|                  0.3|        27.3|        26.75|                 N|POINT (-73.994056...|POINT (-73.966361...|     0.07516922291077412|
[2024-10-11T23:20:58.594+0000] {spark_submit.py:649} INFO - |       1|           2|-73.97942352294922| 40.74461364746094|-73.99203491210938|40.753944396972656| 2016-01-01 00:00:01|  2016-01-01 00:11:55|              1|          1.2|        9.0|  0.5|    0.5|       0.0|         0.0|                  0.3|        10.3|         11.9|                 N|POINT (-73.979423...|POINT (-73.992034...|    0.015687894154390074|
[2024-10-11T23:20:58.594+0000] {spark_submit.py:649} INFO - |       1|           2|-73.94715118408203|40.791046142578125|-73.92076873779297|40.865577697753906| 2016-01-01 00:00:02|  2016-01-01 00:11:14|              1|          6.0|       18.0|  0.5|    0.5|       0.0|         0.0|                  0.3|        19.3|         11.2|                 N|POINT (-73.947151...|POINT (-73.920768...|     0.07906317846580539|
[2024-10-11T23:20:58.594+0000] {spark_submit.py:649} INFO - |       2|           2|-73.99834442138672| 40.72389602661133|  -73.995849609375| 40.68840026855469| 2016-01-01 00:00:02|  2016-01-01 00:11:08|              1|         3.21|       11.5|  0.5|    0.5|       0.0|         0.0|                  0.3|        12.8|         11.1|                 N|POINT (-73.998344...|POINT (-73.995849...|    0.035583323720380367|
[2024-10-11T23:20:58.594+0000] {spark_submit.py:649} INFO - +--------+------------+------------------+------------------+------------------+------------------+--------------------+---------------------+---------------+-------------+-----------+-----+-------+----------+------------+---------------------+------------+-------------+------------------+--------------------+--------------------+------------------------+
[2024-10-11T23:20:58.595+0000] {spark_submit.py:649} INFO - only showing top 10 rows
[2024-10-11T23:20:58.595+0000] {spark_submit.py:649} INFO - 
[2024-10-11T23:20:59.152+0000] {spark_submit.py:649} INFO - 24/10/11 23:20:59 INFO FileSourceStrategy: Pushed Filters:
[2024-10-11T23:20:59.153+0000] {spark_submit.py:649} INFO - 24/10/11 23:20:59 INFO FileSourceStrategy: Post-Scan Filters: atleastnnonnulls(4, tpep_pickup_datetime#32, tpep_dropoff_datetime#33, pickup_longitude#36, pickup_latitude#37)
[2024-10-11T23:20:59.226+0000] {spark_submit.py:649} INFO - 24/10/11 23:20:59 INFO CodeGenerator: Code generated in 47.508792 ms
[2024-10-11T23:20:59.229+0000] {spark_submit.py:649} INFO - 24/10/11 23:20:59 INFO MemoryStore: Block broadcast_8 stored as values in memory (estimated size 204.3 KiB, free 433.9 MiB)
[2024-10-11T23:20:59.233+0000] {spark_submit.py:649} INFO - 24/10/11 23:20:59 INFO MemoryStore: Block broadcast_8_piece0 stored as bytes in memory (estimated size 35.5 KiB, free 433.9 MiB)
[2024-10-11T23:20:59.234+0000] {spark_submit.py:649} INFO - 24/10/11 23:20:59 INFO BlockManagerInfo: Added broadcast_8_piece0 in memory on yellow-cab-airflow-scheduler:42483 (size: 35.5 KiB, free: 434.3 MiB)
[2024-10-11T23:20:59.234+0000] {spark_submit.py:649} INFO - 24/10/11 23:20:59 INFO SparkContext: Created broadcast 8 from toPandas at /spark-scripts/taxi_etl.py:119
[2024-10-11T23:20:59.235+0000] {spark_submit.py:649} INFO - 24/10/11 23:20:59 INFO FileSourceScanExec: Planning scan with bin packing, max size: 4194304 bytes, open cost is considered as scanning 4194304 bytes.
[2024-10-11T23:20:59.242+0000] {spark_submit.py:649} INFO - 24/10/11 23:20:59 INFO BlockManagerInfo: Removed broadcast_6_piece0 on yellow-cab-airflow-scheduler:42483 in memory (size: 35.5 KiB, free: 434.3 MiB)
[2024-10-11T23:20:59.247+0000] {spark_submit.py:649} INFO - 24/10/11 23:20:59 INFO DAGScheduler: Registering RDD 25 (toPandas at /spark-scripts/taxi_etl.py:119) as input to shuffle 1
[2024-10-11T23:20:59.250+0000] {spark_submit.py:649} INFO - 24/10/11 23:20:59 INFO DAGScheduler: Got map stage job 5 (toPandas at /spark-scripts/taxi_etl.py:119) with 1 output partitions
[2024-10-11T23:20:59.251+0000] {spark_submit.py:649} INFO - 24/10/11 23:20:59 INFO DAGScheduler: Final stage: ShuffleMapStage 6 (toPandas at /spark-scripts/taxi_etl.py:119)
[2024-10-11T23:20:59.251+0000] {spark_submit.py:649} INFO - 24/10/11 23:20:59 INFO DAGScheduler: Parents of final stage: List()
[2024-10-11T23:20:59.252+0000] {spark_submit.py:649} INFO - 24/10/11 23:20:59 INFO DAGScheduler: Missing parents: List()
[2024-10-11T23:20:59.252+0000] {spark_submit.py:649} INFO - 24/10/11 23:20:59 INFO DAGScheduler: Submitting ShuffleMapStage 6 (MapPartitionsRDD[25] at toPandas at /spark-scripts/taxi_etl.py:119), which has no missing parents
[2024-10-11T23:20:59.252+0000] {spark_submit.py:649} INFO - 24/10/11 23:20:59 INFO BlockManagerInfo: Removed broadcast_6_piece0 on 172.24.0.3:46629 in memory (size: 35.5 KiB, free: 434.4 MiB)
[2024-10-11T23:20:59.253+0000] {spark_submit.py:649} INFO - 24/10/11 23:20:59 INFO MemoryStore: Block broadcast_9 stored as values in memory (estimated size 33.0 KiB, free 434.1 MiB)
[2024-10-11T23:20:59.253+0000] {spark_submit.py:649} INFO - 24/10/11 23:20:59 INFO MemoryStore: Block broadcast_9_piece0 stored as bytes in memory (estimated size 15.0 KiB, free 434.1 MiB)
[2024-10-11T23:20:59.253+0000] {spark_submit.py:649} INFO - 24/10/11 23:20:59 INFO BlockManagerInfo: Added broadcast_9_piece0 in memory on yellow-cab-airflow-scheduler:42483 (size: 15.0 KiB, free: 434.3 MiB)
[2024-10-11T23:20:59.254+0000] {spark_submit.py:649} INFO - 24/10/11 23:20:59 INFO SparkContext: Created broadcast 9 from broadcast at DAGScheduler.scala:1585
[2024-10-11T23:20:59.255+0000] {spark_submit.py:649} INFO - 24/10/11 23:20:59 INFO DAGScheduler: Submitting 1 missing tasks from ShuffleMapStage 6 (MapPartitionsRDD[25] at toPandas at /spark-scripts/taxi_etl.py:119) (first 15 tasks are for partitions Vector(0))
[2024-10-11T23:20:59.255+0000] {spark_submit.py:649} INFO - 24/10/11 23:20:59 INFO TaskSchedulerImpl: Adding task set 6.0 with 1 tasks resource profile 0
[2024-10-11T23:20:59.255+0000] {spark_submit.py:649} INFO - 24/10/11 23:20:59 INFO TaskSetManager: Starting task 0.0 in stage 6.0 (TID 5) (172.24.0.3, executor 0, partition 0, PROCESS_LOCAL, 9983 bytes)
[2024-10-11T23:20:59.263+0000] {spark_submit.py:649} INFO - 24/10/11 23:20:59 INFO BlockManagerInfo: Removed broadcast_7_piece0 on yellow-cab-airflow-scheduler:42483 in memory (size: 16.6 KiB, free: 434.4 MiB)
[2024-10-11T23:20:59.266+0000] {spark_submit.py:649} INFO - 24/10/11 23:20:59 INFO BlockManagerInfo: Removed broadcast_7_piece0 on 172.24.0.3:46629 in memory (size: 16.6 KiB, free: 434.4 MiB)
[2024-10-11T23:20:59.269+0000] {spark_submit.py:649} INFO - 24/10/11 23:20:59 INFO BlockManagerInfo: Added broadcast_9_piece0 in memory on 172.24.0.3:46629 (size: 15.0 KiB, free: 434.4 MiB)
[2024-10-11T23:20:59.455+0000] {spark_submit.py:649} INFO - 24/10/11 23:20:59 INFO BlockManagerInfo: Added broadcast_8_piece0 in memory on 172.24.0.3:46629 (size: 35.5 KiB, free: 434.4 MiB)
[2024-10-11T23:20:59.614+0000] {spark_submit.py:649} INFO - 24/10/11 23:20:59 INFO TaskSetManager: Finished task 0.0 in stage 6.0 (TID 5) in 358 ms on 172.24.0.3 (executor 0) (1/1)
[2024-10-11T23:20:59.615+0000] {spark_submit.py:649} INFO - 24/10/11 23:20:59 INFO TaskSchedulerImpl: Removed TaskSet 6.0, whose tasks have all completed, from pool
[2024-10-11T23:20:59.616+0000] {spark_submit.py:649} INFO - 24/10/11 23:20:59 INFO DAGScheduler: ShuffleMapStage 6 (toPandas at /spark-scripts/taxi_etl.py:119) finished in 0.365 s
[2024-10-11T23:20:59.616+0000] {spark_submit.py:649} INFO - 24/10/11 23:20:59 INFO DAGScheduler: looking for newly runnable stages
[2024-10-11T23:20:59.616+0000] {spark_submit.py:649} INFO - 24/10/11 23:20:59 INFO DAGScheduler: running: Set()
[2024-10-11T23:20:59.616+0000] {spark_submit.py:649} INFO - 24/10/11 23:20:59 INFO DAGScheduler: waiting: Set()
[2024-10-11T23:20:59.617+0000] {spark_submit.py:649} INFO - 24/10/11 23:20:59 INFO DAGScheduler: failed: Set()
[2024-10-11T23:20:59.622+0000] {spark_submit.py:649} INFO - 24/10/11 23:20:59 INFO ShufflePartitionsUtil: For shuffle(1), advisory target size: 67108864, actual target size 1048576, minimum partition size: 1048576
[2024-10-11T23:20:59.631+0000] {spark_submit.py:649} INFO - 24/10/11 23:20:59 INFO BlockManagerInfo: Removed broadcast_9_piece0 on yellow-cab-airflow-scheduler:42483 in memory (size: 15.0 KiB, free: 434.4 MiB)
[2024-10-11T23:20:59.633+0000] {spark_submit.py:649} INFO - 24/10/11 23:20:59 INFO BlockManagerInfo: Removed broadcast_9_piece0 on 172.24.0.3:46629 in memory (size: 15.0 KiB, free: 434.4 MiB)
[2024-10-11T23:20:59.649+0000] {spark_submit.py:649} INFO - 24/10/11 23:20:59 INFO CodeGenerator: Code generated in 13.757625 ms
[2024-10-11T23:20:59.661+0000] {spark_submit.py:649} INFO - 24/10/11 23:20:59 INFO SparkContext: Starting job: toPandas at /spark-scripts/taxi_etl.py:119
[2024-10-11T23:20:59.662+0000] {spark_submit.py:649} INFO - 24/10/11 23:20:59 INFO DAGScheduler: Got job 6 (toPandas at /spark-scripts/taxi_etl.py:119) with 1 output partitions
[2024-10-11T23:20:59.662+0000] {spark_submit.py:649} INFO - 24/10/11 23:20:59 INFO DAGScheduler: Final stage: ResultStage 8 (toPandas at /spark-scripts/taxi_etl.py:119)
[2024-10-11T23:20:59.662+0000] {spark_submit.py:649} INFO - 24/10/11 23:20:59 INFO DAGScheduler: Parents of final stage: List(ShuffleMapStage 7)
[2024-10-11T23:20:59.662+0000] {spark_submit.py:649} INFO - 24/10/11 23:20:59 INFO DAGScheduler: Missing parents: List()
[2024-10-11T23:20:59.662+0000] {spark_submit.py:649} INFO - 24/10/11 23:20:59 INFO DAGScheduler: Submitting ResultStage 8 (MapPartitionsRDD[28] at toPandas at /spark-scripts/taxi_etl.py:119), which has no missing parents
[2024-10-11T23:20:59.665+0000] {spark_submit.py:649} INFO - 24/10/11 23:20:59 INFO MemoryStore: Block broadcast_10 stored as values in memory (estimated size 45.4 KiB, free 434.1 MiB)
[2024-10-11T23:20:59.666+0000] {spark_submit.py:649} INFO - 24/10/11 23:20:59 INFO MemoryStore: Block broadcast_10_piece0 stored as bytes in memory (estimated size 21.0 KiB, free 434.1 MiB)
[2024-10-11T23:20:59.667+0000] {spark_submit.py:649} INFO - 24/10/11 23:20:59 INFO BlockManagerInfo: Added broadcast_10_piece0 in memory on yellow-cab-airflow-scheduler:42483 (size: 21.0 KiB, free: 434.3 MiB)
[2024-10-11T23:20:59.667+0000] {spark_submit.py:649} INFO - 24/10/11 23:20:59 INFO SparkContext: Created broadcast 10 from broadcast at DAGScheduler.scala:1585
[2024-10-11T23:20:59.667+0000] {spark_submit.py:649} INFO - 24/10/11 23:20:59 INFO DAGScheduler: Submitting 1 missing tasks from ResultStage 8 (MapPartitionsRDD[28] at toPandas at /spark-scripts/taxi_etl.py:119) (first 15 tasks are for partitions Vector(0))
[2024-10-11T23:20:59.667+0000] {spark_submit.py:649} INFO - 24/10/11 23:20:59 INFO TaskSchedulerImpl: Adding task set 8.0 with 1 tasks resource profile 0
[2024-10-11T23:20:59.668+0000] {spark_submit.py:649} INFO - 24/10/11 23:20:59 INFO TaskSetManager: Starting task 0.0 in stage 8.0 (TID 6) (172.24.0.3, executor 0, partition 0, NODE_LOCAL, 9391 bytes)
[2024-10-11T23:20:59.677+0000] {spark_submit.py:649} INFO - 24/10/11 23:20:59 INFO BlockManagerInfo: Added broadcast_10_piece0 in memory on 172.24.0.3:46629 (size: 21.0 KiB, free: 434.3 MiB)
[2024-10-11T23:20:59.704+0000] {spark_submit.py:649} INFO - 24/10/11 23:20:59 INFO MapOutputTrackerMasterEndpoint: Asked to send map output locations for shuffle 1 to 172.24.0.3:55422
[2024-10-11T23:20:59.738+0000] {spark_submit.py:649} INFO - 24/10/11 23:20:59 INFO TaskSetManager: Finished task 0.0 in stage 8.0 (TID 6) in 70 ms on 172.24.0.3 (executor 0) (1/1)
[2024-10-11T23:20:59.738+0000] {spark_submit.py:649} INFO - 24/10/11 23:20:59 INFO TaskSchedulerImpl: Removed TaskSet 8.0, whose tasks have all completed, from pool
[2024-10-11T23:20:59.739+0000] {spark_submit.py:649} INFO - 24/10/11 23:20:59 INFO DAGScheduler: ResultStage 8 (toPandas at /spark-scripts/taxi_etl.py:119) finished in 0.074 s
[2024-10-11T23:20:59.739+0000] {spark_submit.py:649} INFO - 24/10/11 23:20:59 INFO DAGScheduler: Job 6 is finished. Cancelling potential speculative or zombie tasks for this job
[2024-10-11T23:20:59.739+0000] {spark_submit.py:649} INFO - 24/10/11 23:20:59 INFO TaskSchedulerImpl: Killing all running tasks in stage 8: Stage finished
[2024-10-11T23:20:59.740+0000] {spark_submit.py:649} INFO - 24/10/11 23:20:59 INFO DAGScheduler: Job 6 finished: toPandas at /spark-scripts/taxi_etl.py:119, took 0.078199 s
[2024-10-11T23:21:13.048+0000] {spark_submit.py:649} INFO - 24/10/11 23:21:13 INFO FileSourceStrategy: Pushed Filters:
[2024-10-11T23:21:13.050+0000] {spark_submit.py:649} INFO - 24/10/11 23:21:13 INFO FileSourceStrategy: Post-Scan Filters: atleastnnonnulls(4, tpep_pickup_datetime#32, tpep_dropoff_datetime#33, pickup_longitude#36, pickup_latitude#37)
[2024-10-11T23:21:13.083+0000] {spark_submit.py:649} INFO - 24/10/11 23:21:13 INFO CodeGenerator: Code generated in 19.316334 ms
[2024-10-11T23:21:13.085+0000] {spark_submit.py:649} INFO - 24/10/11 23:21:13 INFO MemoryStore: Block broadcast_11 stored as values in memory (estimated size 204.3 KiB, free 433.9 MiB)
[2024-10-11T23:21:13.090+0000] {spark_submit.py:649} INFO - 24/10/11 23:21:13 INFO MemoryStore: Block broadcast_11_piece0 stored as bytes in memory (estimated size 35.5 KiB, free 433.9 MiB)
[2024-10-11T23:21:13.091+0000] {spark_submit.py:649} INFO - 24/10/11 23:21:13 INFO BlockManagerInfo: Added broadcast_11_piece0 in memory on yellow-cab-airflow-scheduler:42483 (size: 35.5 KiB, free: 434.3 MiB)
[2024-10-11T23:21:13.092+0000] {spark_submit.py:649} INFO - 24/10/11 23:21:13 INFO SparkContext: Created broadcast 11 from toPandas at /spark-scripts/taxi_etl.py:122
[2024-10-11T23:21:13.093+0000] {spark_submit.py:649} INFO - 24/10/11 23:21:13 INFO FileSourceScanExec: Planning scan with bin packing, max size: 4194304 bytes, open cost is considered as scanning 4194304 bytes.
[2024-10-11T23:21:13.096+0000] {spark_submit.py:649} INFO - 24/10/11 23:21:13 INFO DAGScheduler: Registering RDD 32 (toPandas at /spark-scripts/taxi_etl.py:122) as input to shuffle 2
[2024-10-11T23:21:13.097+0000] {spark_submit.py:649} INFO - 24/10/11 23:21:13 INFO DAGScheduler: Got map stage job 7 (toPandas at /spark-scripts/taxi_etl.py:122) with 1 output partitions
[2024-10-11T23:21:13.097+0000] {spark_submit.py:649} INFO - 24/10/11 23:21:13 INFO DAGScheduler: Final stage: ShuffleMapStage 9 (toPandas at /spark-scripts/taxi_etl.py:122)
[2024-10-11T23:21:13.098+0000] {spark_submit.py:649} INFO - 24/10/11 23:21:13 INFO DAGScheduler: Parents of final stage: List()
[2024-10-11T23:21:13.099+0000] {spark_submit.py:649} INFO - 24/10/11 23:21:13 INFO DAGScheduler: Missing parents: List()
[2024-10-11T23:21:13.099+0000] {spark_submit.py:649} INFO - 24/10/11 23:21:13 INFO DAGScheduler: Submitting ShuffleMapStage 9 (MapPartitionsRDD[32] at toPandas at /spark-scripts/taxi_etl.py:122), which has no missing parents
[2024-10-11T23:21:13.099+0000] {spark_submit.py:649} INFO - 24/10/11 23:21:13 INFO MemoryStore: Block broadcast_12 stored as values in memory (estimated size 32.7 KiB, free 433.8 MiB)
[2024-10-11T23:21:13.100+0000] {spark_submit.py:649} INFO - 24/10/11 23:21:13 INFO MemoryStore: Block broadcast_12_piece0 stored as bytes in memory (estimated size 14.8 KiB, free 433.8 MiB)
[2024-10-11T23:21:13.100+0000] {spark_submit.py:649} INFO - 24/10/11 23:21:13 INFO BlockManagerInfo: Added broadcast_12_piece0 in memory on yellow-cab-airflow-scheduler:42483 (size: 14.8 KiB, free: 434.3 MiB)
[2024-10-11T23:21:13.100+0000] {spark_submit.py:649} INFO - 24/10/11 23:21:13 INFO SparkContext: Created broadcast 12 from broadcast at DAGScheduler.scala:1585
[2024-10-11T23:21:13.100+0000] {spark_submit.py:649} INFO - 24/10/11 23:21:13 INFO DAGScheduler: Submitting 1 missing tasks from ShuffleMapStage 9 (MapPartitionsRDD[32] at toPandas at /spark-scripts/taxi_etl.py:122) (first 15 tasks are for partitions Vector(0))
[2024-10-11T23:21:13.100+0000] {spark_submit.py:649} INFO - 24/10/11 23:21:13 INFO TaskSchedulerImpl: Adding task set 9.0 with 1 tasks resource profile 0
[2024-10-11T23:21:13.101+0000] {spark_submit.py:649} INFO - 24/10/11 23:21:13 INFO TaskSetManager: Starting task 0.0 in stage 9.0 (TID 7) (172.24.0.3, executor 0, partition 0, PROCESS_LOCAL, 9983 bytes)
[2024-10-11T23:21:13.114+0000] {spark_submit.py:649} INFO - 24/10/11 23:21:13 INFO BlockManagerInfo: Added broadcast_12_piece0 in memory on 172.24.0.3:46629 (size: 14.8 KiB, free: 434.3 MiB)
[2024-10-11T23:21:13.167+0000] {spark_submit.py:649} INFO - 24/10/11 23:21:13 INFO BlockManagerInfo: Added broadcast_11_piece0 in memory on 172.24.0.3:46629 (size: 35.5 KiB, free: 434.3 MiB)
[2024-10-11T23:21:13.450+0000] {spark_submit.py:649} INFO - 24/10/11 23:21:13 INFO TaskSetManager: Finished task 0.0 in stage 9.0 (TID 7) in 348 ms on 172.24.0.3 (executor 0) (1/1)
[2024-10-11T23:21:13.450+0000] {spark_submit.py:649} INFO - 24/10/11 23:21:13 INFO TaskSchedulerImpl: Removed TaskSet 9.0, whose tasks have all completed, from pool
[2024-10-11T23:21:13.451+0000] {spark_submit.py:649} INFO - 24/10/11 23:21:13 INFO DAGScheduler: ShuffleMapStage 9 (toPandas at /spark-scripts/taxi_etl.py:122) finished in 0.354 s
[2024-10-11T23:21:13.452+0000] {spark_submit.py:649} INFO - 24/10/11 23:21:13 INFO DAGScheduler: looking for newly runnable stages
[2024-10-11T23:21:13.452+0000] {spark_submit.py:649} INFO - 24/10/11 23:21:13 INFO DAGScheduler: running: Set()
[2024-10-11T23:21:13.452+0000] {spark_submit.py:649} INFO - 24/10/11 23:21:13 INFO DAGScheduler: waiting: Set()
[2024-10-11T23:21:13.452+0000] {spark_submit.py:649} INFO - 24/10/11 23:21:13 INFO DAGScheduler: failed: Set()
[2024-10-11T23:21:13.456+0000] {spark_submit.py:649} INFO - 24/10/11 23:21:13 INFO ShufflePartitionsUtil: For shuffle(2), advisory target size: 67108864, actual target size 1048576, minimum partition size: 1048576
[2024-10-11T23:21:13.493+0000] {spark_submit.py:649} INFO - 24/10/11 23:21:13 INFO CodeGenerator: Code generated in 22.516125 ms
[2024-10-11T23:21:13.511+0000] {spark_submit.py:649} INFO - 24/10/11 23:21:13 INFO SparkContext: Starting job: toPandas at /spark-scripts/taxi_etl.py:122
[2024-10-11T23:21:13.515+0000] {spark_submit.py:649} INFO - 24/10/11 23:21:13 INFO BlockManagerInfo: Removed broadcast_10_piece0 on yellow-cab-airflow-scheduler:42483 in memory (size: 21.0 KiB, free: 434.3 MiB)
[2024-10-11T23:21:13.515+0000] {spark_submit.py:649} INFO - 24/10/11 23:21:13 INFO DAGScheduler: Got job 8 (toPandas at /spark-scripts/taxi_etl.py:122) with 1 output partitions
[2024-10-11T23:21:13.516+0000] {spark_submit.py:649} INFO - 24/10/11 23:21:13 INFO DAGScheduler: Final stage: ResultStage 11 (toPandas at /spark-scripts/taxi_etl.py:122)
[2024-10-11T23:21:13.516+0000] {spark_submit.py:649} INFO - 24/10/11 23:21:13 INFO DAGScheduler: Parents of final stage: List(ShuffleMapStage 10)
[2024-10-11T23:21:13.517+0000] {spark_submit.py:649} INFO - 24/10/11 23:21:13 INFO DAGScheduler: Missing parents: List()
[2024-10-11T23:21:13.517+0000] {spark_submit.py:649} INFO - 24/10/11 23:21:13 INFO DAGScheduler: Submitting ResultStage 11 (MapPartitionsRDD[35] at toPandas at /spark-scripts/taxi_etl.py:122), which has no missing parents
[2024-10-11T23:21:13.517+0000] {spark_submit.py:649} INFO - 24/10/11 23:21:13 INFO BlockManagerInfo: Removed broadcast_10_piece0 on 172.24.0.3:46629 in memory (size: 21.0 KiB, free: 434.3 MiB)
[2024-10-11T23:21:13.523+0000] {spark_submit.py:649} INFO - 24/10/11 23:21:13 INFO BlockManagerInfo: Removed broadcast_12_piece0 on yellow-cab-airflow-scheduler:42483 in memory (size: 14.8 KiB, free: 434.3 MiB)
[2024-10-11T23:21:13.524+0000] {spark_submit.py:649} INFO - 24/10/11 23:21:13 INFO MemoryStore: Block broadcast_13 stored as values in memory (estimated size 55.1 KiB, free 433.9 MiB)
[2024-10-11T23:21:13.526+0000] {spark_submit.py:649} INFO - 24/10/11 23:21:13 INFO MemoryStore: Block broadcast_13_piece0 stored as bytes in memory (estimated size 23.7 KiB, free 433.9 MiB)
[2024-10-11T23:21:13.527+0000] {spark_submit.py:649} INFO - 24/10/11 23:21:13 INFO BlockManagerInfo: Added broadcast_13_piece0 in memory on yellow-cab-airflow-scheduler:42483 (size: 23.7 KiB, free: 434.3 MiB)
[2024-10-11T23:21:13.527+0000] {spark_submit.py:649} INFO - 24/10/11 23:21:13 INFO BlockManagerInfo: Removed broadcast_12_piece0 on 172.24.0.3:46629 in memory (size: 14.8 KiB, free: 434.3 MiB)
[2024-10-11T23:21:13.527+0000] {spark_submit.py:649} INFO - 24/10/11 23:21:13 INFO SparkContext: Created broadcast 13 from broadcast at DAGScheduler.scala:1585
[2024-10-11T23:21:13.527+0000] {spark_submit.py:649} INFO - 24/10/11 23:21:13 INFO DAGScheduler: Submitting 1 missing tasks from ResultStage 11 (MapPartitionsRDD[35] at toPandas at /spark-scripts/taxi_etl.py:122) (first 15 tasks are for partitions Vector(0))
[2024-10-11T23:21:13.527+0000] {spark_submit.py:649} INFO - 24/10/11 23:21:13 INFO TaskSchedulerImpl: Adding task set 11.0 with 1 tasks resource profile 0
[2024-10-11T23:21:13.528+0000] {spark_submit.py:649} INFO - 24/10/11 23:21:13 INFO TaskSetManager: Starting task 0.0 in stage 11.0 (TID 8) (172.24.0.3, executor 0, partition 0, NODE_LOCAL, 9391 bytes)
[2024-10-11T23:21:13.540+0000] {spark_submit.py:649} INFO - 24/10/11 23:21:13 INFO BlockManagerInfo: Added broadcast_13_piece0 in memory on 172.24.0.3:46629 (size: 23.7 KiB, free: 434.3 MiB)
[2024-10-11T23:21:13.556+0000] {spark_submit.py:649} INFO - 24/10/11 23:21:13 INFO MapOutputTrackerMasterEndpoint: Asked to send map output locations for shuffle 2 to 172.24.0.3:55422
[2024-10-11T23:21:13.614+0000] {spark_submit.py:649} INFO - 24/10/11 23:21:13 INFO TaskSetManager: Finished task 0.0 in stage 11.0 (TID 8) in 87 ms on 172.24.0.3 (executor 0) (1/1)
[2024-10-11T23:21:13.615+0000] {spark_submit.py:649} INFO - 24/10/11 23:21:13 INFO TaskSchedulerImpl: Removed TaskSet 11.0, whose tasks have all completed, from pool
[2024-10-11T23:21:13.615+0000] {spark_submit.py:649} INFO - 24/10/11 23:21:13 INFO DAGScheduler: ResultStage 11 (toPandas at /spark-scripts/taxi_etl.py:122) finished in 0.094 s
[2024-10-11T23:21:13.616+0000] {spark_submit.py:649} INFO - 24/10/11 23:21:13 INFO DAGScheduler: Job 8 is finished. Cancelling potential speculative or zombie tasks for this job
[2024-10-11T23:21:13.616+0000] {spark_submit.py:649} INFO - 24/10/11 23:21:13 INFO TaskSchedulerImpl: Killing all running tasks in stage 11: Stage finished
[2024-10-11T23:21:13.617+0000] {spark_submit.py:649} INFO - 24/10/11 23:21:13 INFO DAGScheduler: Job 8 finished: toPandas at /spark-scripts/taxi_etl.py:122, took 0.105107 s
[2024-10-11T23:21:24.809+0000] {spark_submit.py:649} INFO - 24/10/11 23:21:24 INFO FileSourceStrategy: Pushed Filters:
[2024-10-11T23:21:24.811+0000] {spark_submit.py:649} INFO - 24/10/11 23:21:24 INFO FileSourceStrategy: Post-Scan Filters: atleastnnonnulls(4, tpep_pickup_datetime#32, tpep_dropoff_datetime#33, pickup_longitude#36, pickup_latitude#37)
[2024-10-11T23:21:24.824+0000] {spark_submit.py:649} INFO - 24/10/11 23:21:24 INFO MemoryStore: Block broadcast_14 stored as values in memory (estimated size 204.3 KiB, free 433.7 MiB)
[2024-10-11T23:21:24.832+0000] {spark_submit.py:649} INFO - 24/10/11 23:21:24 INFO MemoryStore: Block broadcast_14_piece0 stored as bytes in memory (estimated size 35.5 KiB, free 433.6 MiB)
[2024-10-11T23:21:24.833+0000] {spark_submit.py:649} INFO - 24/10/11 23:21:24 INFO BlockManagerInfo: Added broadcast_14_piece0 in memory on yellow-cab-airflow-scheduler:42483 (size: 35.5 KiB, free: 434.3 MiB)
[2024-10-11T23:21:24.835+0000] {spark_submit.py:649} INFO - 24/10/11 23:21:24 INFO SparkContext: Created broadcast 14 from toPandas at /spark-scripts/taxi_etl.py:125
[2024-10-11T23:21:24.836+0000] {spark_submit.py:649} INFO - 24/10/11 23:21:24 INFO FileSourceScanExec: Planning scan with bin packing, max size: 4194304 bytes, open cost is considered as scanning 4194304 bytes.
[2024-10-11T23:21:24.845+0000] {spark_submit.py:649} INFO - 24/10/11 23:21:24 INFO SparkContext: Starting job: toPandas at /spark-scripts/taxi_etl.py:125
[2024-10-11T23:21:24.847+0000] {spark_submit.py:649} INFO - 24/10/11 23:21:24 INFO DAGScheduler: Got job 9 (toPandas at /spark-scripts/taxi_etl.py:125) with 1 output partitions
[2024-10-11T23:21:24.847+0000] {spark_submit.py:649} INFO - 24/10/11 23:21:24 INFO DAGScheduler: Final stage: ResultStage 12 (toPandas at /spark-scripts/taxi_etl.py:125)
[2024-10-11T23:21:24.847+0000] {spark_submit.py:649} INFO - 24/10/11 23:21:24 INFO DAGScheduler: Parents of final stage: List()
[2024-10-11T23:21:24.847+0000] {spark_submit.py:649} INFO - 24/10/11 23:21:24 INFO DAGScheduler: Missing parents: List()
[2024-10-11T23:21:24.847+0000] {spark_submit.py:649} INFO - 24/10/11 23:21:24 INFO DAGScheduler: Submitting ResultStage 12 (MapPartitionsRDD[41] at toPandas at /spark-scripts/taxi_etl.py:125), which has no missing parents
[2024-10-11T23:21:24.849+0000] {spark_submit.py:649} INFO - 24/10/11 23:21:24 INFO MemoryStore: Block broadcast_15 stored as values in memory (estimated size 37.2 KiB, free 433.6 MiB)
[2024-10-11T23:21:24.851+0000] {spark_submit.py:649} INFO - 24/10/11 23:21:24 INFO MemoryStore: Block broadcast_15_piece0 stored as bytes in memory (estimated size 16.0 KiB, free 433.6 MiB)
[2024-10-11T23:21:24.851+0000] {spark_submit.py:649} INFO - 24/10/11 23:21:24 INFO BlockManagerInfo: Added broadcast_15_piece0 in memory on yellow-cab-airflow-scheduler:42483 (size: 16.0 KiB, free: 434.3 MiB)
[2024-10-11T23:21:24.853+0000] {spark_submit.py:649} INFO - 24/10/11 23:21:24 INFO SparkContext: Created broadcast 15 from broadcast at DAGScheduler.scala:1585
[2024-10-11T23:21:24.853+0000] {spark_submit.py:649} INFO - 24/10/11 23:21:24 INFO DAGScheduler: Submitting 1 missing tasks from ResultStage 12 (MapPartitionsRDD[41] at toPandas at /spark-scripts/taxi_etl.py:125) (first 15 tasks are for partitions Vector(0))
[2024-10-11T23:21:24.853+0000] {spark_submit.py:649} INFO - 24/10/11 23:21:24 INFO TaskSchedulerImpl: Adding task set 12.0 with 1 tasks resource profile 0
[2024-10-11T23:21:24.853+0000] {spark_submit.py:649} INFO - 24/10/11 23:21:24 INFO TaskSetManager: Starting task 0.0 in stage 12.0 (TID 9) (172.24.0.3, executor 0, partition 0, PROCESS_LOCAL, 9994 bytes)
[2024-10-11T23:21:24.874+0000] {spark_submit.py:649} INFO - 24/10/11 23:21:24 INFO BlockManagerInfo: Added broadcast_15_piece0 in memory on 172.24.0.3:46629 (size: 16.0 KiB, free: 434.3 MiB)
[2024-10-11T23:21:24.934+0000] {spark_submit.py:649} INFO - 24/10/11 23:21:24 INFO BlockManagerInfo: Added broadcast_14_piece0 in memory on 172.24.0.3:46629 (size: 35.5 KiB, free: 434.3 MiB)
[2024-10-11T23:21:25.160+0000] {spark_submit.py:649} INFO - 24/10/11 23:21:25 INFO TaskSetManager: Finished task 0.0 in stage 12.0 (TID 9) in 306 ms on 172.24.0.3 (executor 0) (1/1)
[2024-10-11T23:21:25.160+0000] {spark_submit.py:649} INFO - 24/10/11 23:21:25 INFO TaskSchedulerImpl: Removed TaskSet 12.0, whose tasks have all completed, from pool
[2024-10-11T23:21:25.163+0000] {spark_submit.py:649} INFO - 24/10/11 23:21:25 INFO DAGScheduler: ResultStage 12 (toPandas at /spark-scripts/taxi_etl.py:125) finished in 0.312 s
[2024-10-11T23:21:25.165+0000] {spark_submit.py:649} INFO - 24/10/11 23:21:25 INFO DAGScheduler: Job 9 is finished. Cancelling potential speculative or zombie tasks for this job
[2024-10-11T23:21:25.166+0000] {spark_submit.py:649} INFO - 24/10/11 23:21:25 INFO TaskSchedulerImpl: Killing all running tasks in stage 12: Stage finished
[2024-10-11T23:21:25.168+0000] {spark_submit.py:649} INFO - 24/10/11 23:21:25 INFO DAGScheduler: Job 9 finished: toPandas at /spark-scripts/taxi_etl.py:125, took 0.316174 s
[2024-10-11T23:21:25.219+0000] {spark_submit.py:649} INFO - 24/10/11 23:21:25 INFO BlockManagerInfo: Removed broadcast_13_piece0 on yellow-cab-airflow-scheduler:42483 in memory (size: 23.7 KiB, free: 434.3 MiB)
[2024-10-11T23:21:25.224+0000] {spark_submit.py:649} INFO - 24/10/11 23:21:25 INFO BlockManagerInfo: Removed broadcast_13_piece0 on 172.24.0.3:46629 in memory (size: 23.7 KiB, free: 434.3 MiB)
[2024-10-11T23:21:25.238+0000] {spark_submit.py:649} INFO - 24/10/11 23:21:25 INFO BlockManagerInfo: Removed broadcast_15_piece0 on yellow-cab-airflow-scheduler:42483 in memory (size: 16.0 KiB, free: 434.3 MiB)
[2024-10-11T23:21:25.243+0000] {spark_submit.py:649} INFO - 24/10/11 23:21:25 INFO BlockManagerInfo: Removed broadcast_15_piece0 on 172.24.0.3:46629 in memory (size: 16.0 KiB, free: 434.3 MiB)
[2024-10-11T23:21:37.771+0000] {spark_submit.py:649} INFO - 24/10/11 23:21:37 INFO SparkContext: SparkContext is stopping with exitCode 0.
[2024-10-11T23:21:37.800+0000] {spark_submit.py:649} INFO - 24/10/11 23:21:37 INFO SparkUI: Stopped Spark web UI at http://yellow-cab-airflow-scheduler:4040
[2024-10-11T23:21:37.804+0000] {spark_submit.py:649} INFO - 24/10/11 23:21:37 INFO StandaloneSchedulerBackend: Shutting down all executors
[2024-10-11T23:21:37.804+0000] {spark_submit.py:649} INFO - 24/10/11 23:21:37 INFO StandaloneSchedulerBackend$StandaloneDriverEndpoint: Asking each executor to shut down
[2024-10-11T23:21:37.828+0000] {spark_submit.py:649} INFO - 24/10/11 23:21:37 INFO MapOutputTrackerMasterEndpoint: MapOutputTrackerMasterEndpoint stopped!
[2024-10-11T23:21:37.873+0000] {spark_submit.py:649} INFO - 24/10/11 23:21:37 INFO MemoryStore: MemoryStore cleared
[2024-10-11T23:21:37.873+0000] {spark_submit.py:649} INFO - 24/10/11 23:21:37 INFO BlockManager: BlockManager stopped
[2024-10-11T23:21:37.875+0000] {spark_submit.py:649} INFO - 24/10/11 23:21:37 INFO BlockManagerMaster: BlockManagerMaster stopped
[2024-10-11T23:21:37.878+0000] {spark_submit.py:649} INFO - 24/10/11 23:21:37 INFO OutputCommitCoordinator$OutputCommitCoordinatorEndpoint: OutputCommitCoordinator stopped!
[2024-10-11T23:21:37.919+0000] {spark_submit.py:649} INFO - 24/10/11 23:21:37 INFO SparkContext: Successfully stopped SparkContext
[2024-10-11T23:21:38.179+0000] {spark_submit.py:649} INFO - 24/10/11 23:21:38 INFO ShutdownHookManager: Shutdown hook called
[2024-10-11T23:21:38.179+0000] {spark_submit.py:649} INFO - 24/10/11 23:21:38 INFO ShutdownHookManager: Deleting directory /tmp/spark-756f1e77-44d9-449a-9d49-fc0f13bfe96c
[2024-10-11T23:21:38.189+0000] {spark_submit.py:649} INFO - 24/10/11 23:21:38 INFO ShutdownHookManager: Deleting directory /tmp/spark-d4e5b833-3b16-46c8-9233-ad955805d18e
[2024-10-11T23:21:38.198+0000] {spark_submit.py:649} INFO - 24/10/11 23:21:38 INFO ShutdownHookManager: Deleting directory /tmp/spark-d4e5b833-3b16-46c8-9233-ad955805d18e/pyspark-d63f97a4-7034-4e2c-bfab-5d791b8bc314
[2024-10-11T23:21:38.248+0000] {taskinstance.py:441} INFO - ::group::Post task execution logs
[2024-10-11T23:21:38.270+0000] {taskinstance.py:1206} INFO - Marking task as SUCCESS. dag_id=etl_yellow_cab, task_id=etl_task, run_id=manual__2024-10-11T22:58:48.235764+00:00, execution_date=20241011T225848, start_date=20241011T232049, end_date=20241011T232138
[2024-10-11T23:21:38.342+0000] {local_task_job_runner.py:240} INFO - Task exited with return code 0
[2024-10-11T23:21:38.358+0000] {taskinstance.py:3498} INFO - 0 downstream tasks scheduled from follow-on schedule check
[2024-10-11T23:21:38.359+0000] {local_task_job_runner.py:222} INFO - ::endgroup::
