[2024-10-13T23:03:20.775+0000] {local_task_job_runner.py:120} INFO - ::group::Pre task execution logs
[2024-10-13T23:03:20.793+0000] {taskinstance.py:2076} INFO - Dependencies all met for dep_context=non-requeueable deps ti=<TaskInstance: etl_yellow_cab.geo_create_task scheduled__2024-10-12T23:00:00+00:00 [queued]>
[2024-10-13T23:03:20.797+0000] {taskinstance.py:2076} INFO - Dependencies all met for dep_context=requeueable deps ti=<TaskInstance: etl_yellow_cab.geo_create_task scheduled__2024-10-12T23:00:00+00:00 [queued]>
[2024-10-13T23:03:20.797+0000] {taskinstance.py:2306} INFO - Starting attempt 1 of 1
[2024-10-13T23:03:20.813+0000] {taskinstance.py:2330} INFO - Executing <Task(SparkSubmitOperator): geo_create_task> on 2024-10-12 23:00:00+00:00
[2024-10-13T23:03:20.819+0000] {standard_task_runner.py:63} INFO - Started process 37250 to run task
[2024-10-13T23:03:20.822+0000] {standard_task_runner.py:90} INFO - Running: ['airflow', 'tasks', 'run', 'etl_yellow_cab', 'geo_create_task', 'scheduled__2024-10-12T23:00:00+00:00', '--job-id', '88', '--raw', '--subdir', 'DAGS_FOLDER/yellow-cab-batch.py', '--cfg-path', '/tmp/tmpcqapk_fe']
[2024-10-13T23:03:20.825+0000] {standard_task_runner.py:91} INFO - Job 88: Subtask geo_create_task
[2024-10-13T23:03:20.842+0000] {logging_mixin.py:188} WARNING - /home/airflow/.local/lib/python3.9/site-packages/airflow/settings.py:195 DeprecationWarning: The sql_alchemy_conn option in [core] has been moved to the sql_alchemy_conn option in [database] - the old setting has been used, but please update your config.
[2024-10-13T23:03:20.867+0000] {task_command.py:426} INFO - Running <TaskInstance: etl_yellow_cab.geo_create_task scheduled__2024-10-12T23:00:00+00:00 [running]> on host yellow-cab-airflow-scheduler
[2024-10-13T23:03:20.904+0000] {taskinstance.py:2648} INFO - Exporting env vars: AIRFLOW_CTX_DAG_OWNER='hafidz' AIRFLOW_CTX_DAG_ID='etl_yellow_cab' AIRFLOW_CTX_TASK_ID='geo_create_task' AIRFLOW_CTX_EXECUTION_DATE='2024-10-12T23:00:00+00:00' AIRFLOW_CTX_TRY_NUMBER='1' AIRFLOW_CTX_DAG_RUN_ID='scheduled__2024-10-12T23:00:00+00:00'
[2024-10-13T23:03:20.905+0000] {taskinstance.py:430} INFO - ::endgroup::
[2024-10-13T23:03:20.916+0000] {base.py:84} INFO - Using connection ID 'spark_main' for task execution.
[2024-10-13T23:03:20.916+0000] {spark_submit.py:473} INFO - Spark-Submit cmd: spark-submit --master spark://spark-master:7077 --conf spark.executor.memory=8g --conf spark.driver.maxResultSize=8g --conf spark.driver.memory=2g --name arrow-spark --deploy-mode client /spark-scripts/taxi_geo_create.py
[2024-10-13T23:03:47.689+0000] {spark_submit.py:649} INFO - 24/10/13 23:03:47 INFO ShutdownHookManager: Shutdown hook called
[2024-10-13T23:03:47.692+0000] {spark_submit.py:649} INFO - 24/10/13 23:03:47 INFO ShutdownHookManager: Deleting directory /tmp/spark-a9b84198-4a86-4079-a258-692023cf7461
[2024-10-13T23:03:47.731+0000] {taskinstance.py:441} INFO - ::group::Post task execution logs
[2024-10-13T23:03:47.760+0000] {taskinstance.py:1206} INFO - Marking task as SUCCESS. dag_id=etl_yellow_cab, task_id=geo_create_task, run_id=scheduled__2024-10-12T23:00:00+00:00, execution_date=20241012T230000, start_date=20241013T230320, end_date=20241013T230347
[2024-10-13T23:03:47.798+0000] {local_task_job_runner.py:240} INFO - Task exited with return code 0
[2024-10-13T23:03:47.810+0000] {taskinstance.py:3498} INFO - 0 downstream tasks scheduled from follow-on schedule check
[2024-10-13T23:03:47.810+0000] {local_task_job_runner.py:222} INFO - ::endgroup::
