[2024-10-12T00:34:36.901+0000] {local_task_job_runner.py:120} INFO - ::group::Pre task execution logs
[2024-10-12T00:34:36.987+0000] {taskinstance.py:2076} INFO - Dependencies all met for dep_context=non-requeueable deps ti=<TaskInstance: etl_yellow_cab.etl_task manual__2024-10-12T00:13:45.785414+00:00 [queued]>
[2024-10-12T00:34:36.997+0000] {taskinstance.py:2076} INFO - Dependencies all met for dep_context=requeueable deps ti=<TaskInstance: etl_yellow_cab.etl_task manual__2024-10-12T00:13:45.785414+00:00 [queued]>
[2024-10-12T00:34:36.997+0000] {taskinstance.py:2306} INFO - Starting attempt 3 of 3
[2024-10-12T00:34:37.011+0000] {taskinstance.py:2330} INFO - Executing <Task(SparkSubmitOperator): etl_task> on 2024-10-12 00:13:45.785414+00:00
[2024-10-12T00:34:37.016+0000] {standard_task_runner.py:63} INFO - Started process 4558 to run task
[2024-10-12T00:34:37.031+0000] {standard_task_runner.py:90} INFO - Running: ['airflow', 'tasks', 'run', 'etl_yellow_cab', 'etl_task', 'manual__2024-10-12T00:13:45.785414+00:00', '--job-id', '64', '--raw', '--subdir', 'DAGS_FOLDER/yellow-cab-batch.py', '--cfg-path', '/tmp/tmpq2qe_5pt']
[2024-10-12T00:34:37.041+0000] {standard_task_runner.py:91} INFO - Job 64: Subtask etl_task
[2024-10-12T00:34:37.099+0000] {logging_mixin.py:188} WARNING - /home/airflow/.local/lib/python3.9/site-packages/airflow/settings.py:195 DeprecationWarning: The sql_alchemy_conn option in [core] has been moved to the sql_alchemy_conn option in [database] - the old setting has been used, but please update your config.
[2024-10-12T00:34:37.205+0000] {task_command.py:426} INFO - Running <TaskInstance: etl_yellow_cab.etl_task manual__2024-10-12T00:13:45.785414+00:00 [running]> on host yellow-cab-airflow-scheduler
[2024-10-12T00:34:37.348+0000] {taskinstance.py:2648} INFO - Exporting env vars: AIRFLOW_CTX_DAG_OWNER='hafidz' AIRFLOW_CTX_DAG_ID='etl_yellow_cab' AIRFLOW_CTX_TASK_ID='etl_task' AIRFLOW_CTX_EXECUTION_DATE='2024-10-12T00:13:45.785414+00:00' AIRFLOW_CTX_TRY_NUMBER='3' AIRFLOW_CTX_DAG_RUN_ID='manual__2024-10-12T00:13:45.785414+00:00'
[2024-10-12T00:34:37.352+0000] {taskinstance.py:430} INFO - ::endgroup::
[2024-10-12T00:34:37.395+0000] {base.py:84} INFO - Using connection ID 'spark_main' for task execution.
[2024-10-12T00:34:37.396+0000] {spark_submit.py:473} INFO - Spark-Submit cmd: spark-submit --master spark://spark-master:7077 --conf spark.jars.packages=org.apache.sedona:sedona-python-adapter-3.0_2.12:1.2.0-incubating,org.datasyslab:geotools-wrapper:geotools-24.0 --conf spark.jars.repositories=https://repo1.maven.org/maven2/ --conf spark.executor.memory=4g --conf spark.driver.maxResultSize=4g --conf spark.driver.memory=2g --name arrow-spark --deploy-mode client /spark-scripts/taxi_etl.py
[2024-10-12T00:34:39.243+0000] {spark_submit.py:649} INFO - https://repo1.maven.org/maven2/ added as a remote repository with the name: repo-1
[2024-10-12T00:34:39.268+0000] {spark_submit.py:649} INFO - :: loading settings :: url = jar:file:/home/airflow/.local/lib/python3.9/site-packages/pyspark/jars/ivy-2.5.1.jar!/org/apache/ivy/core/settings/ivysettings.xml
[2024-10-12T00:34:39.356+0000] {spark_submit.py:649} INFO - Ivy Default Cache set to: /home/airflow/.ivy2/cache
[2024-10-12T00:34:39.356+0000] {spark_submit.py:649} INFO - The jars for the packages stored in: /home/airflow/.ivy2/jars
[2024-10-12T00:34:39.359+0000] {spark_submit.py:649} INFO - org.apache.sedona#sedona-python-adapter-3.0_2.12 added as a dependency
[2024-10-12T00:34:39.359+0000] {spark_submit.py:649} INFO - org.datasyslab#geotools-wrapper added as a dependency
[2024-10-12T00:34:39.360+0000] {spark_submit.py:649} INFO - :: resolving dependencies :: org.apache.spark#spark-submit-parent-50230cfe-d5ba-436b-8c9e-145b4619ff86;1.0
[2024-10-12T00:34:39.360+0000] {spark_submit.py:649} INFO - confs: [default]
[2024-10-12T00:34:39.487+0000] {spark_submit.py:649} INFO - found org.apache.sedona#sedona-python-adapter-3.0_2.12;1.2.0-incubating in central
[2024-10-12T00:34:39.503+0000] {spark_submit.py:649} INFO - found org.locationtech.jts#jts-core;1.18.0 in central
[2024-10-12T00:34:39.515+0000] {spark_submit.py:649} INFO - found org.wololo#jts2geojson;0.16.1 in central
[2024-10-12T00:34:39.528+0000] {spark_submit.py:649} INFO - found org.apache.sedona#sedona-core-3.0_2.12;1.2.0-incubating in central
[2024-10-12T00:34:39.539+0000] {spark_submit.py:649} INFO - found org.scala-lang.modules#scala-collection-compat_2.12;2.5.0 in central
[2024-10-12T00:34:39.551+0000] {spark_submit.py:649} INFO - found org.apache.sedona#sedona-sql-3.0_2.12;1.2.0-incubating in central
[2024-10-12T00:34:39.565+0000] {spark_submit.py:649} INFO - found org.datasyslab#geotools-wrapper;geotools-24.0 in central
[2024-10-12T00:34:39.579+0000] {spark_submit.py:649} INFO - :: resolution report :: resolve 214ms :: artifacts dl 6ms
[2024-10-12T00:34:39.580+0000] {spark_submit.py:649} INFO - :: modules in use:
[2024-10-12T00:34:39.580+0000] {spark_submit.py:649} INFO - org.apache.sedona#sedona-core-3.0_2.12;1.2.0-incubating from central in [default]
[2024-10-12T00:34:39.580+0000] {spark_submit.py:649} INFO - org.apache.sedona#sedona-python-adapter-3.0_2.12;1.2.0-incubating from central in [default]
[2024-10-12T00:34:39.580+0000] {spark_submit.py:649} INFO - org.apache.sedona#sedona-sql-3.0_2.12;1.2.0-incubating from central in [default]
[2024-10-12T00:34:39.580+0000] {spark_submit.py:649} INFO - org.datasyslab#geotools-wrapper;geotools-24.0 from central in [default]
[2024-10-12T00:34:39.580+0000] {spark_submit.py:649} INFO - org.locationtech.jts#jts-core;1.18.0 from central in [default]
[2024-10-12T00:34:39.580+0000] {spark_submit.py:649} INFO - org.scala-lang.modules#scala-collection-compat_2.12;2.5.0 from central in [default]
[2024-10-12T00:34:39.580+0000] {spark_submit.py:649} INFO - org.wololo#jts2geojson;0.16.1 from central in [default]
[2024-10-12T00:34:39.580+0000] {spark_submit.py:649} INFO - ---------------------------------------------------------------------
[2024-10-12T00:34:39.580+0000] {spark_submit.py:649} INFO - |                  |            modules            ||   artifacts   |
[2024-10-12T00:34:39.581+0000] {spark_submit.py:649} INFO - |       conf       | number| search|dwnlded|evicted|| number|dwnlded|
[2024-10-12T00:34:39.581+0000] {spark_submit.py:649} INFO - ---------------------------------------------------------------------
[2024-10-12T00:34:39.581+0000] {spark_submit.py:649} INFO - |      default     |   7   |   0   |   0   |   0   ||   7   |   0   |
[2024-10-12T00:34:39.581+0000] {spark_submit.py:649} INFO - ---------------------------------------------------------------------
[2024-10-12T00:34:39.584+0000] {spark_submit.py:649} INFO - :: retrieving :: org.apache.spark#spark-submit-parent-50230cfe-d5ba-436b-8c9e-145b4619ff86
[2024-10-12T00:34:39.584+0000] {spark_submit.py:649} INFO - confs: [default]
[2024-10-12T00:34:39.588+0000] {spark_submit.py:649} INFO - 0 artifacts copied, 7 already retrieved (0kB/4ms)
[2024-10-12T00:34:39.789+0000] {spark_submit.py:649} INFO - 24/10/12 00:34:39 WARN NativeCodeLoader: Unable to load native-hadoop library for your platform... using builtin-java classes where applicable
[2024-10-12T00:34:42.571+0000] {spark_submit.py:649} INFO - 24/10/12 00:34:42 INFO SparkContext: Running Spark version 3.5.1
[2024-10-12T00:34:42.573+0000] {spark_submit.py:649} INFO - 24/10/12 00:34:42 INFO SparkContext: OS info Linux, 6.10.4-linuxkit, aarch64
[2024-10-12T00:34:42.573+0000] {spark_submit.py:649} INFO - 24/10/12 00:34:42 INFO SparkContext: Java version 17.0.12
[2024-10-12T00:34:42.589+0000] {spark_submit.py:649} INFO - 24/10/12 00:34:42 INFO ResourceUtils: ==============================================================
[2024-10-12T00:34:42.589+0000] {spark_submit.py:649} INFO - 24/10/12 00:34:42 INFO ResourceUtils: No custom resources configured for spark.driver.
[2024-10-12T00:34:42.589+0000] {spark_submit.py:649} INFO - 24/10/12 00:34:42 INFO ResourceUtils: ==============================================================
[2024-10-12T00:34:42.589+0000] {spark_submit.py:649} INFO - 24/10/12 00:34:42 INFO SparkContext: Submitted application: BigQueryETL
[2024-10-12T00:34:42.617+0000] {spark_submit.py:649} INFO - 24/10/12 00:34:42 INFO ResourceProfile: Default ResourceProfile created, executor resources: Map(memory -> name: memory, amount: 4096, script: , vendor: , offHeap -> name: offHeap, amount: 0, script: , vendor: ), task resources: Map(cpus -> name: cpus, amount: 1.0)
[2024-10-12T00:34:42.623+0000] {spark_submit.py:649} INFO - 24/10/12 00:34:42 INFO ResourceProfile: Limiting resource is cpu
[2024-10-12T00:34:42.624+0000] {spark_submit.py:649} INFO - 24/10/12 00:34:42 INFO ResourceProfileManager: Added ResourceProfile id: 0
[2024-10-12T00:34:42.682+0000] {spark_submit.py:649} INFO - 24/10/12 00:34:42 INFO SecurityManager: Changing view acls to: airflow
[2024-10-12T00:34:42.682+0000] {spark_submit.py:649} INFO - 24/10/12 00:34:42 INFO SecurityManager: Changing modify acls to: airflow
[2024-10-12T00:34:42.683+0000] {spark_submit.py:649} INFO - 24/10/12 00:34:42 INFO SecurityManager: Changing view acls groups to:
[2024-10-12T00:34:42.683+0000] {spark_submit.py:649} INFO - 24/10/12 00:34:42 INFO SecurityManager: Changing modify acls groups to:
[2024-10-12T00:34:42.683+0000] {spark_submit.py:649} INFO - 24/10/12 00:34:42 INFO SecurityManager: SecurityManager: authentication disabled; ui acls disabled; users with view permissions: airflow; groups with view permissions: EMPTY; users with modify permissions: airflow; groups with modify permissions: EMPTY
[2024-10-12T00:34:42.889+0000] {spark_submit.py:649} INFO - 24/10/12 00:34:42 INFO Utils: Successfully started service 'sparkDriver' on port 38475.
[2024-10-12T00:34:42.916+0000] {spark_submit.py:649} INFO - 24/10/12 00:34:42 INFO SparkEnv: Registering MapOutputTracker
[2024-10-12T00:34:42.948+0000] {spark_submit.py:649} INFO - 24/10/12 00:34:42 INFO SparkEnv: Registering BlockManagerMaster
[2024-10-12T00:34:42.958+0000] {spark_submit.py:649} INFO - 24/10/12 00:34:42 INFO BlockManagerMasterEndpoint: Using org.apache.spark.storage.DefaultTopologyMapper for getting topology information
[2024-10-12T00:34:42.958+0000] {spark_submit.py:649} INFO - 24/10/12 00:34:42 INFO BlockManagerMasterEndpoint: BlockManagerMasterEndpoint up
[2024-10-12T00:34:42.960+0000] {spark_submit.py:649} INFO - 24/10/12 00:34:42 INFO SparkEnv: Registering BlockManagerMasterHeartbeat
[2024-10-12T00:34:42.972+0000] {spark_submit.py:649} INFO - 24/10/12 00:34:42 INFO DiskBlockManager: Created local directory at /tmp/blockmgr-14bdca29-16a5-4ce2-adf0-76cbc40d5b4f
[2024-10-12T00:34:42.978+0000] {spark_submit.py:649} INFO - 24/10/12 00:34:42 INFO MemoryStore: MemoryStore started with capacity 1048.8 MiB
[2024-10-12T00:34:42.985+0000] {spark_submit.py:649} INFO - 24/10/12 00:34:42 INFO SparkEnv: Registering OutputCommitCoordinator
[2024-10-12T00:34:43.083+0000] {spark_submit.py:649} INFO - 24/10/12 00:34:43 INFO JettyUtils: Start Jetty 0.0.0.0:4040 for SparkUI
[2024-10-12T00:34:43.130+0000] {spark_submit.py:649} INFO - 24/10/12 00:34:43 INFO Utils: Successfully started service 'SparkUI' on port 4040.
[2024-10-12T00:34:43.155+0000] {spark_submit.py:649} INFO - 24/10/12 00:34:43 INFO SparkContext: Added JAR file:///home/airflow/.ivy2/jars/org.apache.sedona_sedona-python-adapter-3.0_2.12-1.2.0-incubating.jar at spark://yellow-cab-airflow-scheduler:38475/jars/org.apache.sedona_sedona-python-adapter-3.0_2.12-1.2.0-incubating.jar with timestamp 1728693282564
[2024-10-12T00:34:43.156+0000] {spark_submit.py:649} INFO - 24/10/12 00:34:43 INFO SparkContext: Added JAR file:///home/airflow/.ivy2/jars/org.datasyslab_geotools-wrapper-geotools-24.0.jar at spark://yellow-cab-airflow-scheduler:38475/jars/org.datasyslab_geotools-wrapper-geotools-24.0.jar with timestamp 1728693282564
[2024-10-12T00:34:43.156+0000] {spark_submit.py:649} INFO - 24/10/12 00:34:43 INFO SparkContext: Added JAR file:///home/airflow/.ivy2/jars/org.locationtech.jts_jts-core-1.18.0.jar at spark://yellow-cab-airflow-scheduler:38475/jars/org.locationtech.jts_jts-core-1.18.0.jar with timestamp 1728693282564
[2024-10-12T00:34:43.156+0000] {spark_submit.py:649} INFO - 24/10/12 00:34:43 INFO SparkContext: Added JAR file:///home/airflow/.ivy2/jars/org.wololo_jts2geojson-0.16.1.jar at spark://yellow-cab-airflow-scheduler:38475/jars/org.wololo_jts2geojson-0.16.1.jar with timestamp 1728693282564
[2024-10-12T00:34:43.157+0000] {spark_submit.py:649} INFO - 24/10/12 00:34:43 INFO SparkContext: Added JAR file:///home/airflow/.ivy2/jars/org.apache.sedona_sedona-core-3.0_2.12-1.2.0-incubating.jar at spark://yellow-cab-airflow-scheduler:38475/jars/org.apache.sedona_sedona-core-3.0_2.12-1.2.0-incubating.jar with timestamp 1728693282564
[2024-10-12T00:34:43.157+0000] {spark_submit.py:649} INFO - 24/10/12 00:34:43 INFO SparkContext: Added JAR file:///home/airflow/.ivy2/jars/org.apache.sedona_sedona-sql-3.0_2.12-1.2.0-incubating.jar at spark://yellow-cab-airflow-scheduler:38475/jars/org.apache.sedona_sedona-sql-3.0_2.12-1.2.0-incubating.jar with timestamp 1728693282564
[2024-10-12T00:34:43.157+0000] {spark_submit.py:649} INFO - 24/10/12 00:34:43 INFO SparkContext: Added JAR file:///home/airflow/.ivy2/jars/org.scala-lang.modules_scala-collection-compat_2.12-2.5.0.jar at spark://yellow-cab-airflow-scheduler:38475/jars/org.scala-lang.modules_scala-collection-compat_2.12-2.5.0.jar with timestamp 1728693282564
[2024-10-12T00:34:43.159+0000] {spark_submit.py:649} INFO - 24/10/12 00:34:43 INFO SparkContext: Added file file:///home/airflow/.ivy2/jars/org.apache.sedona_sedona-python-adapter-3.0_2.12-1.2.0-incubating.jar at spark://yellow-cab-airflow-scheduler:38475/files/org.apache.sedona_sedona-python-adapter-3.0_2.12-1.2.0-incubating.jar with timestamp 1728693282564
[2024-10-12T00:34:43.160+0000] {spark_submit.py:649} INFO - 24/10/12 00:34:43 INFO Utils: Copying /home/airflow/.ivy2/jars/org.apache.sedona_sedona-python-adapter-3.0_2.12-1.2.0-incubating.jar to /tmp/spark-04ad9b06-4cf5-4b94-83b0-11199794f6e4/userFiles-14a798a3-6a93-4d3c-84bd-0f3e21d3aae8/org.apache.sedona_sedona-python-adapter-3.0_2.12-1.2.0-incubating.jar
[2024-10-12T00:34:43.228+0000] {spark_submit.py:649} INFO - 24/10/12 00:34:43 INFO SparkContext: Added file file:///home/airflow/.ivy2/jars/org.datasyslab_geotools-wrapper-geotools-24.0.jar at spark://yellow-cab-airflow-scheduler:38475/files/org.datasyslab_geotools-wrapper-geotools-24.0.jar with timestamp 1728693282564
[2024-10-12T00:34:43.228+0000] {spark_submit.py:649} INFO - 24/10/12 00:34:43 INFO Utils: Copying /home/airflow/.ivy2/jars/org.datasyslab_geotools-wrapper-geotools-24.0.jar to /tmp/spark-04ad9b06-4cf5-4b94-83b0-11199794f6e4/userFiles-14a798a3-6a93-4d3c-84bd-0f3e21d3aae8/org.datasyslab_geotools-wrapper-geotools-24.0.jar
[2024-10-12T00:34:43.589+0000] {spark_submit.py:649} INFO - 24/10/12 00:34:43 INFO SparkContext: Added file file:///home/airflow/.ivy2/jars/org.locationtech.jts_jts-core-1.18.0.jar at spark://yellow-cab-airflow-scheduler:38475/files/org.locationtech.jts_jts-core-1.18.0.jar with timestamp 1728693282564
[2024-10-12T00:34:43.589+0000] {spark_submit.py:649} INFO - 24/10/12 00:34:43 INFO Utils: Copying /home/airflow/.ivy2/jars/org.locationtech.jts_jts-core-1.18.0.jar to /tmp/spark-04ad9b06-4cf5-4b94-83b0-11199794f6e4/userFiles-14a798a3-6a93-4d3c-84bd-0f3e21d3aae8/org.locationtech.jts_jts-core-1.18.0.jar
[2024-10-12T00:34:43.632+0000] {spark_submit.py:649} INFO - 24/10/12 00:34:43 INFO SparkContext: Added file file:///home/airflow/.ivy2/jars/org.wololo_jts2geojson-0.16.1.jar at spark://yellow-cab-airflow-scheduler:38475/files/org.wololo_jts2geojson-0.16.1.jar with timestamp 1728693282564
[2024-10-12T00:34:43.633+0000] {spark_submit.py:649} INFO - 24/10/12 00:34:43 INFO Utils: Copying /home/airflow/.ivy2/jars/org.wololo_jts2geojson-0.16.1.jar to /tmp/spark-04ad9b06-4cf5-4b94-83b0-11199794f6e4/userFiles-14a798a3-6a93-4d3c-84bd-0f3e21d3aae8/org.wololo_jts2geojson-0.16.1.jar
[2024-10-12T00:34:43.682+0000] {spark_submit.py:649} INFO - 24/10/12 00:34:43 INFO SparkContext: Added file file:///home/airflow/.ivy2/jars/org.apache.sedona_sedona-core-3.0_2.12-1.2.0-incubating.jar at spark://yellow-cab-airflow-scheduler:38475/files/org.apache.sedona_sedona-core-3.0_2.12-1.2.0-incubating.jar with timestamp 1728693282564
[2024-10-12T00:34:43.682+0000] {spark_submit.py:649} INFO - 24/10/12 00:34:43 INFO Utils: Copying /home/airflow/.ivy2/jars/org.apache.sedona_sedona-core-3.0_2.12-1.2.0-incubating.jar to /tmp/spark-04ad9b06-4cf5-4b94-83b0-11199794f6e4/userFiles-14a798a3-6a93-4d3c-84bd-0f3e21d3aae8/org.apache.sedona_sedona-core-3.0_2.12-1.2.0-incubating.jar
[2024-10-12T00:34:43.714+0000] {spark_submit.py:649} INFO - 24/10/12 00:34:43 INFO SparkContext: Added file file:///home/airflow/.ivy2/jars/org.apache.sedona_sedona-sql-3.0_2.12-1.2.0-incubating.jar at spark://yellow-cab-airflow-scheduler:38475/files/org.apache.sedona_sedona-sql-3.0_2.12-1.2.0-incubating.jar with timestamp 1728693282564
[2024-10-12T00:34:43.714+0000] {spark_submit.py:649} INFO - 24/10/12 00:34:43 INFO Utils: Copying /home/airflow/.ivy2/jars/org.apache.sedona_sedona-sql-3.0_2.12-1.2.0-incubating.jar to /tmp/spark-04ad9b06-4cf5-4b94-83b0-11199794f6e4/userFiles-14a798a3-6a93-4d3c-84bd-0f3e21d3aae8/org.apache.sedona_sedona-sql-3.0_2.12-1.2.0-incubating.jar
[2024-10-12T00:34:43.769+0000] {spark_submit.py:649} INFO - 24/10/12 00:34:43 INFO SparkContext: Added file file:///home/airflow/.ivy2/jars/org.scala-lang.modules_scala-collection-compat_2.12-2.5.0.jar at spark://yellow-cab-airflow-scheduler:38475/files/org.scala-lang.modules_scala-collection-compat_2.12-2.5.0.jar with timestamp 1728693282564
[2024-10-12T00:34:43.769+0000] {spark_submit.py:649} INFO - 24/10/12 00:34:43 INFO Utils: Copying /home/airflow/.ivy2/jars/org.scala-lang.modules_scala-collection-compat_2.12-2.5.0.jar to /tmp/spark-04ad9b06-4cf5-4b94-83b0-11199794f6e4/userFiles-14a798a3-6a93-4d3c-84bd-0f3e21d3aae8/org.scala-lang.modules_scala-collection-compat_2.12-2.5.0.jar
[2024-10-12T00:34:43.849+0000] {spark_submit.py:649} INFO - 24/10/12 00:34:43 INFO StandaloneAppClient$ClientEndpoint: Connecting to master spark://spark-master:7077...
[2024-10-12T00:34:43.875+0000] {spark_submit.py:649} INFO - 24/10/12 00:34:43 INFO TransportClientFactory: Successfully created connection to spark-master/172.24.0.2:7077 after 13 ms (0 ms spent in bootstraps)
[2024-10-12T00:34:43.954+0000] {spark_submit.py:649} INFO - 24/10/12 00:34:43 INFO StandaloneSchedulerBackend: Connected to Spark cluster with app ID app-20241012003443-0009
[2024-10-12T00:34:43.960+0000] {spark_submit.py:649} INFO - 24/10/12 00:34:43 INFO StandaloneAppClient$ClientEndpoint: Executor added: app-20241012003443-0009/0 on worker-20241011213037-172.24.0.3-36185 (172.24.0.3:36185) with 4 core(s)
[2024-10-12T00:34:43.961+0000] {spark_submit.py:649} INFO - 24/10/12 00:34:43 INFO StandaloneSchedulerBackend: Granted executor ID app-20241012003443-0009/0 on hostPort 172.24.0.3:36185 with 4 core(s), 4.0 GiB RAM
[2024-10-12T00:34:43.961+0000] {spark_submit.py:649} INFO - 24/10/12 00:34:43 INFO Utils: Successfully started service 'org.apache.spark.network.netty.NettyBlockTransferService' on port 42981.
[2024-10-12T00:34:43.962+0000] {spark_submit.py:649} INFO - 24/10/12 00:34:43 INFO NettyBlockTransferService: Server created on yellow-cab-airflow-scheduler:42981
[2024-10-12T00:34:43.963+0000] {spark_submit.py:649} INFO - 24/10/12 00:34:43 INFO BlockManager: Using org.apache.spark.storage.RandomBlockReplicationPolicy for block replication policy
[2024-10-12T00:34:43.967+0000] {spark_submit.py:649} INFO - 24/10/12 00:34:43 INFO BlockManagerMaster: Registering BlockManager BlockManagerId(driver, yellow-cab-airflow-scheduler, 42981, None)
[2024-10-12T00:34:43.970+0000] {spark_submit.py:649} INFO - 24/10/12 00:34:43 INFO BlockManagerMasterEndpoint: Registering block manager yellow-cab-airflow-scheduler:42981 with 1048.8 MiB RAM, BlockManagerId(driver, yellow-cab-airflow-scheduler, 42981, None)
[2024-10-12T00:34:43.971+0000] {spark_submit.py:649} INFO - 24/10/12 00:34:43 INFO BlockManagerMaster: Registered BlockManager BlockManagerId(driver, yellow-cab-airflow-scheduler, 42981, None)
[2024-10-12T00:34:43.972+0000] {spark_submit.py:649} INFO - 24/10/12 00:34:43 INFO BlockManager: Initialized BlockManager: BlockManagerId(driver, yellow-cab-airflow-scheduler, 42981, None)
[2024-10-12T00:34:44.103+0000] {spark_submit.py:649} INFO - 24/10/12 00:34:44 INFO StandaloneSchedulerBackend: SchedulerBackend is ready for scheduling beginning after reached minRegisteredResourcesRatio: 0.0
[2024-10-12T00:34:44.165+0000] {spark_submit.py:649} INFO - 24/10/12 00:34:44 INFO StandaloneAppClient$ClientEndpoint: Executor updated: app-20241012003443-0009/0 is now RUNNING
[2024-10-12T00:34:44.270+0000] {spark_submit.py:649} INFO - /spark-scripts/taxi_etl.py:28: DeprecationWarning: Call to deprecated function registerAll (Deprecated since 1.4.1, use SedonaContext.create() instead.).
[2024-10-12T00:34:44.271+0000] {spark_submit.py:649} INFO - SedonaRegistrator.registerAll(spark)
[2024-10-12T00:34:44.276+0000] {spark_submit.py:649} INFO - 24/10/12 00:34:44 INFO SharedState: Setting hive.metastore.warehouse.dir ('null') to the value of spark.sql.warehouse.dir.
[2024-10-12T00:34:44.278+0000] {spark_submit.py:649} INFO - 24/10/12 00:34:44 INFO SharedState: Warehouse path is 'file:/opt/airflow/spark-warehouse'.
[2024-10-12T00:34:46.728+0000] {spark_submit.py:649} INFO - 24/10/12 00:34:46 INFO CodeGenerator: Code generated in 161.195083 ms
[2024-10-12T00:34:46.793+0000] {spark_submit.py:649} INFO - 24/10/12 00:34:46 INFO DAGScheduler: Registering RDD 2 (count at NativeMethodAccessorImpl.java:0) as input to shuffle 0
[2024-10-12T00:34:46.797+0000] {spark_submit.py:649} INFO - 24/10/12 00:34:46 INFO DAGScheduler: Got map stage job 0 (count at NativeMethodAccessorImpl.java:0) with 1 output partitions
[2024-10-12T00:34:46.798+0000] {spark_submit.py:649} INFO - 24/10/12 00:34:46 INFO DAGScheduler: Final stage: ShuffleMapStage 0 (count at NativeMethodAccessorImpl.java:0)
[2024-10-12T00:34:46.798+0000] {spark_submit.py:649} INFO - 24/10/12 00:34:46 INFO DAGScheduler: Parents of final stage: List()
[2024-10-12T00:34:46.798+0000] {spark_submit.py:649} INFO - 24/10/12 00:34:46 INFO DAGScheduler: Missing parents: List()
[2024-10-12T00:34:46.800+0000] {spark_submit.py:649} INFO - 24/10/12 00:34:46 INFO DAGScheduler: Submitting ShuffleMapStage 0 (MapPartitionsRDD[2] at count at NativeMethodAccessorImpl.java:0), which has no missing parents
[2024-10-12T00:34:46.852+0000] {spark_submit.py:649} INFO - 24/10/12 00:34:46 INFO MemoryStore: Block broadcast_0 stored as values in memory (estimated size 11.0 KiB, free 1048.8 MiB)
[2024-10-12T00:34:46.876+0000] {spark_submit.py:649} INFO - 24/10/12 00:34:46 INFO MemoryStore: Block broadcast_0_piece0 stored as bytes in memory (estimated size 5.7 KiB, free 1048.8 MiB)
[2024-10-12T00:34:46.878+0000] {spark_submit.py:649} INFO - 24/10/12 00:34:46 INFO BlockManagerInfo: Added broadcast_0_piece0 in memory on yellow-cab-airflow-scheduler:42981 (size: 5.7 KiB, free: 1048.8 MiB)
[2024-10-12T00:34:46.880+0000] {spark_submit.py:649} INFO - 24/10/12 00:34:46 INFO SparkContext: Created broadcast 0 from broadcast at DAGScheduler.scala:1585
[2024-10-12T00:34:46.889+0000] {spark_submit.py:649} INFO - 24/10/12 00:34:46 INFO DAGScheduler: Submitting 1 missing tasks from ShuffleMapStage 0 (MapPartitionsRDD[2] at count at NativeMethodAccessorImpl.java:0) (first 15 tasks are for partitions Vector(0))
[2024-10-12T00:34:46.889+0000] {spark_submit.py:649} INFO - 24/10/12 00:34:46 INFO TaskSchedulerImpl: Adding task set 0.0 with 1 tasks resource profile 0
[2024-10-12T00:34:47.024+0000] {spark_submit.py:649} INFO - 24/10/12 00:34:47 INFO StandaloneSchedulerBackend$StandaloneDriverEndpoint: Registered executor NettyRpcEndpointRef(spark-client://Executor) (172.24.0.3:48652) with ID 0,  ResourceProfileId 0
[2024-10-12T00:34:47.063+0000] {spark_submit.py:649} INFO - 24/10/12 00:34:47 INFO BlockManagerMasterEndpoint: Registering block manager 172.24.0.3:36065 with 2.2 GiB RAM, BlockManagerId(0, 172.24.0.3, 36065, None)
[2024-10-12T00:34:48.549+0000] {spark_submit.py:649} INFO - 24/10/12 00:34:48 INFO TaskSetManager: Starting task 0.0 in stage 0.0 (TID 0) (172.24.0.3, executor 0, partition 0, PROCESS_LOCAL, 9588 bytes)
[2024-10-12T00:34:48.763+0000] {spark_submit.py:649} INFO - 24/10/12 00:34:48 INFO BlockManagerInfo: Added broadcast_0_piece0 in memory on 172.24.0.3:36065 (size: 5.7 KiB, free: 2.2 GiB)
[2024-10-12T00:34:49.144+0000] {spark_submit.py:649} INFO - 24/10/12 00:34:49 INFO TaskSetManager: Finished task 0.0 in stage 0.0 (TID 0) in 620 ms on 172.24.0.3 (executor 0) (1/1)
[2024-10-12T00:34:49.145+0000] {spark_submit.py:649} INFO - 24/10/12 00:34:49 INFO TaskSchedulerImpl: Removed TaskSet 0.0, whose tasks have all completed, from pool
[2024-10-12T00:34:49.151+0000] {spark_submit.py:649} INFO - 24/10/12 00:34:49 INFO DAGScheduler: ShuffleMapStage 0 (count at NativeMethodAccessorImpl.java:0) finished in 2.344 s
[2024-10-12T00:34:49.151+0000] {spark_submit.py:649} INFO - 24/10/12 00:34:49 INFO DAGScheduler: looking for newly runnable stages
[2024-10-12T00:34:49.152+0000] {spark_submit.py:649} INFO - 24/10/12 00:34:49 INFO DAGScheduler: running: Set()
[2024-10-12T00:34:49.152+0000] {spark_submit.py:649} INFO - 24/10/12 00:34:49 INFO DAGScheduler: waiting: Set()
[2024-10-12T00:34:49.152+0000] {spark_submit.py:649} INFO - 24/10/12 00:34:49 INFO DAGScheduler: failed: Set()
[2024-10-12T00:34:49.214+0000] {spark_submit.py:649} INFO - 24/10/12 00:34:49 INFO CodeGenerator: Code generated in 25.163125 ms
[2024-10-12T00:34:49.217+0000] {spark_submit.py:649} INFO - 24/10/12 00:34:49 INFO BlockManagerInfo: Removed broadcast_0_piece0 on yellow-cab-airflow-scheduler:42981 in memory (size: 5.7 KiB, free: 1048.8 MiB)
[2024-10-12T00:34:49.226+0000] {spark_submit.py:649} INFO - 24/10/12 00:34:49 INFO BlockManagerInfo: Removed broadcast_0_piece0 on 172.24.0.3:36065 in memory (size: 5.7 KiB, free: 2.2 GiB)
[2024-10-12T00:34:49.251+0000] {spark_submit.py:649} INFO - 24/10/12 00:34:49 INFO SparkContext: Starting job: count at NativeMethodAccessorImpl.java:0
[2024-10-12T00:34:49.262+0000] {spark_submit.py:649} INFO - 24/10/12 00:34:49 INFO DAGScheduler: Got job 1 (count at NativeMethodAccessorImpl.java:0) with 1 output partitions
[2024-10-12T00:34:49.263+0000] {spark_submit.py:649} INFO - 24/10/12 00:34:49 INFO DAGScheduler: Final stage: ResultStage 2 (count at NativeMethodAccessorImpl.java:0)
[2024-10-12T00:34:49.264+0000] {spark_submit.py:649} INFO - 24/10/12 00:34:49 INFO DAGScheduler: Parents of final stage: List(ShuffleMapStage 1)
[2024-10-12T00:34:49.264+0000] {spark_submit.py:649} INFO - 24/10/12 00:34:49 INFO DAGScheduler: Missing parents: List()
[2024-10-12T00:34:49.266+0000] {spark_submit.py:649} INFO - 24/10/12 00:34:49 INFO DAGScheduler: Submitting ResultStage 2 (MapPartitionsRDD[5] at count at NativeMethodAccessorImpl.java:0), which has no missing parents
[2024-10-12T00:34:49.276+0000] {spark_submit.py:649} INFO - 24/10/12 00:34:49 INFO MemoryStore: Block broadcast_1 stored as values in memory (estimated size 12.5 KiB, free 1048.8 MiB)
[2024-10-12T00:34:49.279+0000] {spark_submit.py:649} INFO - 24/10/12 00:34:49 INFO MemoryStore: Block broadcast_1_piece0 stored as bytes in memory (estimated size 5.9 KiB, free 1048.8 MiB)
[2024-10-12T00:34:49.279+0000] {spark_submit.py:649} INFO - 24/10/12 00:34:49 INFO BlockManagerInfo: Added broadcast_1_piece0 in memory on yellow-cab-airflow-scheduler:42981 (size: 5.9 KiB, free: 1048.8 MiB)
[2024-10-12T00:34:49.280+0000] {spark_submit.py:649} INFO - 24/10/12 00:34:49 INFO SparkContext: Created broadcast 1 from broadcast at DAGScheduler.scala:1585
[2024-10-12T00:34:49.281+0000] {spark_submit.py:649} INFO - 24/10/12 00:34:49 INFO DAGScheduler: Submitting 1 missing tasks from ResultStage 2 (MapPartitionsRDD[5] at count at NativeMethodAccessorImpl.java:0) (first 15 tasks are for partitions Vector(0))
[2024-10-12T00:34:49.282+0000] {spark_submit.py:649} INFO - 24/10/12 00:34:49 INFO TaskSchedulerImpl: Adding task set 2.0 with 1 tasks resource profile 0
[2024-10-12T00:34:49.286+0000] {spark_submit.py:649} INFO - 24/10/12 00:34:49 INFO TaskSetManager: Starting task 0.0 in stage 2.0 (TID 1) (172.24.0.3, executor 0, partition 0, NODE_LOCAL, 9391 bytes)
[2024-10-12T00:34:49.304+0000] {spark_submit.py:649} INFO - 24/10/12 00:34:49 INFO BlockManagerInfo: Added broadcast_1_piece0 in memory on 172.24.0.3:36065 (size: 5.9 KiB, free: 2.2 GiB)
[2024-10-12T00:34:49.355+0000] {spark_submit.py:649} INFO - 24/10/12 00:34:49 INFO MapOutputTrackerMasterEndpoint: Asked to send map output locations for shuffle 0 to 172.24.0.3:48652
[2024-10-12T00:34:49.494+0000] {spark_submit.py:649} INFO - 24/10/12 00:34:49 INFO TaskSetManager: Finished task 0.0 in stage 2.0 (TID 1) in 208 ms on 172.24.0.3 (executor 0) (1/1)
[2024-10-12T00:34:49.495+0000] {spark_submit.py:649} INFO - 24/10/12 00:34:49 INFO TaskSchedulerImpl: Removed TaskSet 2.0, whose tasks have all completed, from pool
[2024-10-12T00:34:49.496+0000] {spark_submit.py:649} INFO - 24/10/12 00:34:49 INFO DAGScheduler: ResultStage 2 (count at NativeMethodAccessorImpl.java:0) finished in 0.223 s
[2024-10-12T00:34:49.498+0000] {spark_submit.py:649} INFO - 24/10/12 00:34:49 INFO DAGScheduler: Job 1 is finished. Cancelling potential speculative or zombie tasks for this job
[2024-10-12T00:34:49.498+0000] {spark_submit.py:649} INFO - 24/10/12 00:34:49 INFO TaskSchedulerImpl: Killing all running tasks in stage 2: Stage finished
[2024-10-12T00:34:49.500+0000] {spark_submit.py:649} INFO - 24/10/12 00:34:49 INFO DAGScheduler: Job 1 finished: count at NativeMethodAccessorImpl.java:0, took 0.248971 s
[2024-10-12T00:34:49.644+0000] {spark_submit.py:649} INFO - 24/10/12 00:34:49 INFO BlockManagerInfo: Removed broadcast_1_piece0 on yellow-cab-airflow-scheduler:42981 in memory (size: 5.9 KiB, free: 1048.8 MiB)
[2024-10-12T00:34:49.645+0000] {spark_submit.py:649} INFO - 24/10/12 00:34:49 INFO BlockManagerInfo: Removed broadcast_1_piece0 on 172.24.0.3:36065 in memory (size: 5.9 KiB, free: 2.2 GiB)
[2024-10-12T00:34:50.215+0000] {spark_submit.py:649} INFO - Traceback (most recent call last):
[2024-10-12T00:34:50.216+0000] {spark_submit.py:649} INFO - File "/spark-scripts/taxi_etl.py", line 132, in <module>
[2024-10-12T00:34:50.216+0000] {spark_submit.py:649} INFO - main()
[2024-10-12T00:34:50.216+0000] {spark_submit.py:649} INFO - File "/spark-scripts/taxi_etl.py", line 32, in main
[2024-10-12T00:34:50.216+0000] {spark_submit.py:649} INFO - job_config = bigquery.LoadJobConfig(
[2024-10-12T00:34:50.216+0000] {spark_submit.py:649} INFO - File "/home/airflow/.local/lib/python3.9/site-packages/google/cloud/bigquery/job/load.py", line 56, in __init__
[2024-10-12T00:34:50.217+0000] {spark_submit.py:649} INFO - super(LoadJobConfig, self).__init__("load", **kwargs)
[2024-10-12T00:34:50.217+0000] {spark_submit.py:649} INFO - File "/home/airflow/.local/lib/python3.9/site-packages/google/cloud/bigquery/job/base.py", line 180, in __init__
[2024-10-12T00:34:50.217+0000] {spark_submit.py:649} INFO - setattr(self, prop, val)
[2024-10-12T00:34:50.217+0000] {spark_submit.py:649} INFO - File "/home/airflow/.local/lib/python3.9/site-packages/google/cloud/bigquery/job/base.py", line 185, in __setattr__
[2024-10-12T00:34:50.217+0000] {spark_submit.py:649} INFO - raise AttributeError(
[2024-10-12T00:34:50.217+0000] {spark_submit.py:649} INFO - AttributeError: Property batch_size is unknown for <class 'google.cloud.bigquery.job.load.LoadJobConfig'>.
[2024-10-12T00:34:50.468+0000] {spark_submit.py:649} INFO - 24/10/12 00:34:50 INFO SparkContext: Invoking stop() from shutdown hook
[2024-10-12T00:34:50.468+0000] {spark_submit.py:649} INFO - 24/10/12 00:34:50 INFO SparkContext: SparkContext is stopping with exitCode 0.
[2024-10-12T00:34:50.478+0000] {spark_submit.py:649} INFO - 24/10/12 00:34:50 INFO SparkUI: Stopped Spark web UI at http://yellow-cab-airflow-scheduler:4040
[2024-10-12T00:34:50.479+0000] {spark_submit.py:649} INFO - 24/10/12 00:34:50 INFO StandaloneSchedulerBackend: Shutting down all executors
[2024-10-12T00:34:50.481+0000] {spark_submit.py:649} INFO - 24/10/12 00:34:50 INFO StandaloneSchedulerBackend$StandaloneDriverEndpoint: Asking each executor to shut down
[2024-10-12T00:34:50.493+0000] {spark_submit.py:649} INFO - 24/10/12 00:34:50 INFO MapOutputTrackerMasterEndpoint: MapOutputTrackerMasterEndpoint stopped!
[2024-10-12T00:34:50.564+0000] {spark_submit.py:649} INFO - 24/10/12 00:34:50 INFO MemoryStore: MemoryStore cleared
[2024-10-12T00:34:50.567+0000] {spark_submit.py:649} INFO - 24/10/12 00:34:50 INFO BlockManager: BlockManager stopped
[2024-10-12T00:34:50.595+0000] {spark_submit.py:649} INFO - 24/10/12 00:34:50 INFO BlockManagerMaster: BlockManagerMaster stopped
[2024-10-12T00:34:50.595+0000] {spark_submit.py:649} INFO - 24/10/12 00:34:50 INFO OutputCommitCoordinator$OutputCommitCoordinatorEndpoint: OutputCommitCoordinator stopped!
[2024-10-12T00:34:50.604+0000] {spark_submit.py:649} INFO - 24/10/12 00:34:50 INFO SparkContext: Successfully stopped SparkContext
[2024-10-12T00:34:50.604+0000] {spark_submit.py:649} INFO - 24/10/12 00:34:50 INFO ShutdownHookManager: Shutdown hook called
[2024-10-12T00:34:50.605+0000] {spark_submit.py:649} INFO - 24/10/12 00:34:50 INFO ShutdownHookManager: Deleting directory /tmp/spark-04ad9b06-4cf5-4b94-83b0-11199794f6e4/pyspark-075c4df5-0178-4615-948c-bbdd8c5e6184
[2024-10-12T00:34:50.630+0000] {spark_submit.py:649} INFO - 24/10/12 00:34:50 INFO ShutdownHookManager: Deleting directory /tmp/spark-04ad9b06-4cf5-4b94-83b0-11199794f6e4
[2024-10-12T00:34:50.653+0000] {spark_submit.py:649} INFO - 24/10/12 00:34:50 INFO ShutdownHookManager: Deleting directory /tmp/spark-6c1d7011-0e6c-4da0-874d-12c37a2b459f
[2024-10-12T00:34:50.713+0000] {taskinstance.py:441} INFO - ::group::Post task execution logs
[2024-10-12T00:34:50.767+0000] {taskinstance.py:2905} ERROR - Task failed with exception
Traceback (most recent call last):
  File "/home/airflow/.local/lib/python3.9/site-packages/airflow/models/taskinstance.py", line 465, in _execute_task
    result = _execute_callable(context=context, **execute_callable_kwargs)
  File "/home/airflow/.local/lib/python3.9/site-packages/airflow/models/taskinstance.py", line 432, in _execute_callable
    return execute_callable(context=context, **execute_callable_kwargs)
  File "/home/airflow/.local/lib/python3.9/site-packages/airflow/models/baseoperator.py", line 400, in wrapper
    return func(self, *args, **kwargs)
  File "/home/airflow/.local/lib/python3.9/site-packages/airflow/providers/apache/spark/operators/spark_submit.py", line 176, in execute
    self._hook.submit(self.application)
  File "/home/airflow/.local/lib/python3.9/site-packages/airflow/providers/apache/spark/hooks/spark_submit.py", line 575, in submit
    raise AirflowException(
airflow.exceptions.AirflowException: Cannot execute: spark-submit --master spark://spark-master:7077 --conf spark.jars.packages=org.apache.sedona:sedona-python-adapter-3.0_2.12:1.2.0-incubating,org.datasyslab:geotools-wrapper:geotools-24.0 --conf spark.jars.repositories=https://repo1.maven.org/maven2/ --conf spark.executor.memory=4g --conf spark.driver.maxResultSize=4g --conf spark.driver.memory=2g --name arrow-spark --deploy-mode client /spark-scripts/taxi_etl.py. Error code is: 1.
[2024-10-12T00:34:50.772+0000] {taskinstance.py:1206} INFO - Marking task as FAILED. dag_id=etl_yellow_cab, task_id=etl_task, run_id=manual__2024-10-12T00:13:45.785414+00:00, execution_date=20241012T001345, start_date=20241012T003436, end_date=20241012T003450
[2024-10-12T00:34:50.814+0000] {standard_task_runner.py:110} ERROR - Failed to execute job 64 for task etl_task (Cannot execute: spark-submit --master spark://spark-master:7077 --conf spark.jars.packages=org.apache.sedona:sedona-python-adapter-3.0_2.12:1.2.0-incubating,org.datasyslab:geotools-wrapper:geotools-24.0 --conf spark.jars.repositories=https://repo1.maven.org/maven2/ --conf spark.executor.memory=4g --conf spark.driver.maxResultSize=4g --conf spark.driver.memory=2g --name arrow-spark --deploy-mode client /spark-scripts/taxi_etl.py. Error code is: 1.; 4558)
[2024-10-12T00:34:50.836+0000] {local_task_job_runner.py:240} INFO - Task exited with return code 1
[2024-10-12T00:34:50.858+0000] {taskinstance.py:3498} INFO - 0 downstream tasks scheduled from follow-on schedule check
[2024-10-12T00:34:50.859+0000] {local_task_job_runner.py:222} INFO - ::endgroup::
