[2024-10-12T00:57:34.198+0000] {local_task_job_runner.py:120} INFO - ::group::Pre task execution logs
[2024-10-12T00:57:34.251+0000] {taskinstance.py:2076} INFO - Dependencies all met for dep_context=non-requeueable deps ti=<TaskInstance: etl_yellow_cab.etl_task manual__2024-10-12T00:13:45.785414+00:00 [queued]>
[2024-10-12T00:57:34.255+0000] {taskinstance.py:2076} INFO - Dependencies all met for dep_context=requeueable deps ti=<TaskInstance: etl_yellow_cab.etl_task manual__2024-10-12T00:13:45.785414+00:00 [queued]>
[2024-10-12T00:57:34.255+0000] {taskinstance.py:2306} INFO - Starting attempt 8 of 8
[2024-10-12T00:57:34.262+0000] {taskinstance.py:2330} INFO - Executing <Task(SparkSubmitOperator): etl_task> on 2024-10-12 00:13:45.785414+00:00
[2024-10-12T00:57:34.266+0000] {standard_task_runner.py:63} INFO - Started process 6347 to run task
[2024-10-12T00:57:34.269+0000] {standard_task_runner.py:90} INFO - Running: ['airflow', 'tasks', 'run', 'etl_yellow_cab', 'etl_task', 'manual__2024-10-12T00:13:45.785414+00:00', '--job-id', '69', '--raw', '--subdir', 'DAGS_FOLDER/yellow-cab-batch.py', '--cfg-path', '/tmp/tmpbx16cdgd']
[2024-10-12T00:57:34.272+0000] {standard_task_runner.py:91} INFO - Job 69: Subtask etl_task
[2024-10-12T00:57:34.340+0000] {logging_mixin.py:188} WARNING - /home/airflow/.local/lib/python3.9/site-packages/airflow/settings.py:195 DeprecationWarning: The sql_alchemy_conn option in [core] has been moved to the sql_alchemy_conn option in [database] - the old setting has been used, but please update your config.
[2024-10-12T00:57:34.372+0000] {task_command.py:426} INFO - Running <TaskInstance: etl_yellow_cab.etl_task manual__2024-10-12T00:13:45.785414+00:00 [running]> on host yellow-cab-airflow-scheduler
[2024-10-12T00:57:34.483+0000] {taskinstance.py:2648} INFO - Exporting env vars: AIRFLOW_CTX_DAG_OWNER='hafidz' AIRFLOW_CTX_DAG_ID='etl_yellow_cab' AIRFLOW_CTX_TASK_ID='etl_task' AIRFLOW_CTX_EXECUTION_DATE='2024-10-12T00:13:45.785414+00:00' AIRFLOW_CTX_TRY_NUMBER='8' AIRFLOW_CTX_DAG_RUN_ID='manual__2024-10-12T00:13:45.785414+00:00'
[2024-10-12T00:57:34.485+0000] {taskinstance.py:430} INFO - ::endgroup::
[2024-10-12T00:57:34.528+0000] {base.py:84} INFO - Using connection ID 'spark_main' for task execution.
[2024-10-12T00:57:34.529+0000] {spark_submit.py:473} INFO - Spark-Submit cmd: spark-submit --master spark://spark-master:7077 --conf spark.jars.packages=org.apache.sedona:sedona-python-adapter-3.0_2.12:1.2.0-incubating,org.datasyslab:geotools-wrapper:geotools-24.0 --conf spark.jars.repositories=https://repo1.maven.org/maven2/ --conf spark.executor.memory=8g --conf spark.driver.maxResultSize=8g --conf spark.driver.memory=2g --name arrow-spark --deploy-mode client /spark-scripts/taxi_etl.py
[2024-10-12T00:57:36.325+0000] {spark_submit.py:649} INFO - https://repo1.maven.org/maven2/ added as a remote repository with the name: repo-1
[2024-10-12T00:57:36.343+0000] {spark_submit.py:649} INFO - :: loading settings :: url = jar:file:/home/airflow/.local/lib/python3.9/site-packages/pyspark/jars/ivy-2.5.1.jar!/org/apache/ivy/core/settings/ivysettings.xml
[2024-10-12T00:57:36.391+0000] {spark_submit.py:649} INFO - Ivy Default Cache set to: /home/airflow/.ivy2/cache
[2024-10-12T00:57:36.392+0000] {spark_submit.py:649} INFO - The jars for the packages stored in: /home/airflow/.ivy2/jars
[2024-10-12T00:57:36.393+0000] {spark_submit.py:649} INFO - org.apache.sedona#sedona-python-adapter-3.0_2.12 added as a dependency
[2024-10-12T00:57:36.394+0000] {spark_submit.py:649} INFO - org.datasyslab#geotools-wrapper added as a dependency
[2024-10-12T00:57:36.394+0000] {spark_submit.py:649} INFO - :: resolving dependencies :: org.apache.spark#spark-submit-parent-64300eea-4372-409f-bcac-5fe3d34092da;1.0
[2024-10-12T00:57:36.394+0000] {spark_submit.py:649} INFO - confs: [default]
[2024-10-12T00:57:36.505+0000] {spark_submit.py:649} INFO - found org.apache.sedona#sedona-python-adapter-3.0_2.12;1.2.0-incubating in central
[2024-10-12T00:57:36.522+0000] {spark_submit.py:649} INFO - found org.locationtech.jts#jts-core;1.18.0 in central
[2024-10-12T00:57:36.536+0000] {spark_submit.py:649} INFO - found org.wololo#jts2geojson;0.16.1 in central
[2024-10-12T00:57:36.555+0000] {spark_submit.py:649} INFO - found org.apache.sedona#sedona-core-3.0_2.12;1.2.0-incubating in central
[2024-10-12T00:57:36.567+0000] {spark_submit.py:649} INFO - found org.scala-lang.modules#scala-collection-compat_2.12;2.5.0 in central
[2024-10-12T00:57:36.578+0000] {spark_submit.py:649} INFO - found org.apache.sedona#sedona-sql-3.0_2.12;1.2.0-incubating in central
[2024-10-12T00:57:36.592+0000] {spark_submit.py:649} INFO - found org.datasyslab#geotools-wrapper;geotools-24.0 in central
[2024-10-12T00:57:36.606+0000] {spark_submit.py:649} INFO - :: resolution report :: resolve 206ms :: artifacts dl 6ms
[2024-10-12T00:57:36.607+0000] {spark_submit.py:649} INFO - :: modules in use:
[2024-10-12T00:57:36.607+0000] {spark_submit.py:649} INFO - org.apache.sedona#sedona-core-3.0_2.12;1.2.0-incubating from central in [default]
[2024-10-12T00:57:36.607+0000] {spark_submit.py:649} INFO - org.apache.sedona#sedona-python-adapter-3.0_2.12;1.2.0-incubating from central in [default]
[2024-10-12T00:57:36.607+0000] {spark_submit.py:649} INFO - org.apache.sedona#sedona-sql-3.0_2.12;1.2.0-incubating from central in [default]
[2024-10-12T00:57:36.607+0000] {spark_submit.py:649} INFO - org.datasyslab#geotools-wrapper;geotools-24.0 from central in [default]
[2024-10-12T00:57:36.608+0000] {spark_submit.py:649} INFO - org.locationtech.jts#jts-core;1.18.0 from central in [default]
[2024-10-12T00:57:36.608+0000] {spark_submit.py:649} INFO - org.scala-lang.modules#scala-collection-compat_2.12;2.5.0 from central in [default]
[2024-10-12T00:57:36.608+0000] {spark_submit.py:649} INFO - org.wololo#jts2geojson;0.16.1 from central in [default]
[2024-10-12T00:57:36.608+0000] {spark_submit.py:649} INFO - ---------------------------------------------------------------------
[2024-10-12T00:57:36.608+0000] {spark_submit.py:649} INFO - |                  |            modules            ||   artifacts   |
[2024-10-12T00:57:36.608+0000] {spark_submit.py:649} INFO - |       conf       | number| search|dwnlded|evicted|| number|dwnlded|
[2024-10-12T00:57:36.608+0000] {spark_submit.py:649} INFO - ---------------------------------------------------------------------
[2024-10-12T00:57:36.609+0000] {spark_submit.py:649} INFO - |      default     |   7   |   0   |   0   |   0   ||   7   |   0   |
[2024-10-12T00:57:36.609+0000] {spark_submit.py:649} INFO - ---------------------------------------------------------------------
[2024-10-12T00:57:36.611+0000] {spark_submit.py:649} INFO - :: retrieving :: org.apache.spark#spark-submit-parent-64300eea-4372-409f-bcac-5fe3d34092da
[2024-10-12T00:57:36.611+0000] {spark_submit.py:649} INFO - confs: [default]
[2024-10-12T00:57:36.614+0000] {spark_submit.py:649} INFO - 0 artifacts copied, 7 already retrieved (0kB/3ms)
[2024-10-12T00:57:36.770+0000] {spark_submit.py:649} INFO - 24/10/12 00:57:36 WARN NativeCodeLoader: Unable to load native-hadoop library for your platform... using builtin-java classes where applicable
[2024-10-12T00:57:39.660+0000] {spark_submit.py:649} INFO - 24/10/12 00:57:39 INFO SparkContext: Running Spark version 3.5.1
[2024-10-12T00:57:39.664+0000] {spark_submit.py:649} INFO - 24/10/12 00:57:39 INFO SparkContext: OS info Linux, 6.10.4-linuxkit, aarch64
[2024-10-12T00:57:39.664+0000] {spark_submit.py:649} INFO - 24/10/12 00:57:39 INFO SparkContext: Java version 17.0.12
[2024-10-12T00:57:39.700+0000] {spark_submit.py:649} INFO - 24/10/12 00:57:39 INFO ResourceUtils: ==============================================================
[2024-10-12T00:57:39.700+0000] {spark_submit.py:649} INFO - 24/10/12 00:57:39 INFO ResourceUtils: No custom resources configured for spark.driver.
[2024-10-12T00:57:39.701+0000] {spark_submit.py:649} INFO - 24/10/12 00:57:39 INFO ResourceUtils: ==============================================================
[2024-10-12T00:57:39.701+0000] {spark_submit.py:649} INFO - 24/10/12 00:57:39 INFO SparkContext: Submitted application: BigQueryETL
[2024-10-12T00:57:39.732+0000] {spark_submit.py:649} INFO - 24/10/12 00:57:39 INFO ResourceProfile: Default ResourceProfile created, executor resources: Map(memory -> name: memory, amount: 8192, script: , vendor: , offHeap -> name: offHeap, amount: 0, script: , vendor: ), task resources: Map(cpus -> name: cpus, amount: 1.0)
[2024-10-12T00:57:39.739+0000] {spark_submit.py:649} INFO - 24/10/12 00:57:39 INFO ResourceProfile: Limiting resource is cpu
[2024-10-12T00:57:39.740+0000] {spark_submit.py:649} INFO - 24/10/12 00:57:39 INFO ResourceProfileManager: Added ResourceProfile id: 0
[2024-10-12T00:57:39.814+0000] {spark_submit.py:649} INFO - 24/10/12 00:57:39 INFO SecurityManager: Changing view acls to: airflow
[2024-10-12T00:57:39.816+0000] {spark_submit.py:649} INFO - 24/10/12 00:57:39 INFO SecurityManager: Changing modify acls to: airflow
[2024-10-12T00:57:39.817+0000] {spark_submit.py:649} INFO - 24/10/12 00:57:39 INFO SecurityManager: Changing view acls groups to:
[2024-10-12T00:57:39.818+0000] {spark_submit.py:649} INFO - 24/10/12 00:57:39 INFO SecurityManager: Changing modify acls groups to:
[2024-10-12T00:57:39.818+0000] {spark_submit.py:649} INFO - 24/10/12 00:57:39 INFO SecurityManager: SecurityManager: authentication disabled; ui acls disabled; users with view permissions: airflow; groups with view permissions: EMPTY; users with modify permissions: airflow; groups with modify permissions: EMPTY
[2024-10-12T00:57:39.982+0000] {spark_submit.py:649} INFO - 24/10/12 00:57:39 INFO Utils: Successfully started service 'sparkDriver' on port 36263.
[2024-10-12T00:57:40.007+0000] {spark_submit.py:649} INFO - 24/10/12 00:57:40 INFO SparkEnv: Registering MapOutputTracker
[2024-10-12T00:57:40.042+0000] {spark_submit.py:649} INFO - 24/10/12 00:57:40 INFO SparkEnv: Registering BlockManagerMaster
[2024-10-12T00:57:40.051+0000] {spark_submit.py:649} INFO - 24/10/12 00:57:40 INFO BlockManagerMasterEndpoint: Using org.apache.spark.storage.DefaultTopologyMapper for getting topology information
[2024-10-12T00:57:40.052+0000] {spark_submit.py:649} INFO - 24/10/12 00:57:40 INFO BlockManagerMasterEndpoint: BlockManagerMasterEndpoint up
[2024-10-12T00:57:40.054+0000] {spark_submit.py:649} INFO - 24/10/12 00:57:40 INFO SparkEnv: Registering BlockManagerMasterHeartbeat
[2024-10-12T00:57:40.067+0000] {spark_submit.py:649} INFO - 24/10/12 00:57:40 INFO DiskBlockManager: Created local directory at /tmp/blockmgr-15fe9b22-2397-45f6-926f-93e260d39817
[2024-10-12T00:57:40.074+0000] {spark_submit.py:649} INFO - 24/10/12 00:57:40 INFO MemoryStore: MemoryStore started with capacity 1048.8 MiB
[2024-10-12T00:57:40.083+0000] {spark_submit.py:649} INFO - 24/10/12 00:57:40 INFO SparkEnv: Registering OutputCommitCoordinator
[2024-10-12T00:57:40.161+0000] {spark_submit.py:649} INFO - 24/10/12 00:57:40 INFO JettyUtils: Start Jetty 0.0.0.0:4040 for SparkUI
[2024-10-12T00:57:40.192+0000] {spark_submit.py:649} INFO - 24/10/12 00:57:40 INFO Utils: Successfully started service 'SparkUI' on port 4040.
[2024-10-12T00:57:40.208+0000] {spark_submit.py:649} INFO - 24/10/12 00:57:40 INFO SparkContext: Added JAR file:///home/airflow/.ivy2/jars/org.apache.sedona_sedona-python-adapter-3.0_2.12-1.2.0-incubating.jar at spark://yellow-cab-airflow-scheduler:36263/jars/org.apache.sedona_sedona-python-adapter-3.0_2.12-1.2.0-incubating.jar with timestamp 1728694659642
[2024-10-12T00:57:40.210+0000] {spark_submit.py:649} INFO - 24/10/12 00:57:40 INFO SparkContext: Added JAR file:///home/airflow/.ivy2/jars/org.datasyslab_geotools-wrapper-geotools-24.0.jar at spark://yellow-cab-airflow-scheduler:36263/jars/org.datasyslab_geotools-wrapper-geotools-24.0.jar with timestamp 1728694659642
[2024-10-12T00:57:40.210+0000] {spark_submit.py:649} INFO - 24/10/12 00:57:40 INFO SparkContext: Added JAR file:///home/airflow/.ivy2/jars/org.locationtech.jts_jts-core-1.18.0.jar at spark://yellow-cab-airflow-scheduler:36263/jars/org.locationtech.jts_jts-core-1.18.0.jar with timestamp 1728694659642
[2024-10-12T00:57:40.210+0000] {spark_submit.py:649} INFO - 24/10/12 00:57:40 INFO SparkContext: Added JAR file:///home/airflow/.ivy2/jars/org.wololo_jts2geojson-0.16.1.jar at spark://yellow-cab-airflow-scheduler:36263/jars/org.wololo_jts2geojson-0.16.1.jar with timestamp 1728694659642
[2024-10-12T00:57:40.210+0000] {spark_submit.py:649} INFO - 24/10/12 00:57:40 INFO SparkContext: Added JAR file:///home/airflow/.ivy2/jars/org.apache.sedona_sedona-core-3.0_2.12-1.2.0-incubating.jar at spark://yellow-cab-airflow-scheduler:36263/jars/org.apache.sedona_sedona-core-3.0_2.12-1.2.0-incubating.jar with timestamp 1728694659642
[2024-10-12T00:57:40.210+0000] {spark_submit.py:649} INFO - 24/10/12 00:57:40 INFO SparkContext: Added JAR file:///home/airflow/.ivy2/jars/org.apache.sedona_sedona-sql-3.0_2.12-1.2.0-incubating.jar at spark://yellow-cab-airflow-scheduler:36263/jars/org.apache.sedona_sedona-sql-3.0_2.12-1.2.0-incubating.jar with timestamp 1728694659642
[2024-10-12T00:57:40.210+0000] {spark_submit.py:649} INFO - 24/10/12 00:57:40 INFO SparkContext: Added JAR file:///home/airflow/.ivy2/jars/org.scala-lang.modules_scala-collection-compat_2.12-2.5.0.jar at spark://yellow-cab-airflow-scheduler:36263/jars/org.scala-lang.modules_scala-collection-compat_2.12-2.5.0.jar with timestamp 1728694659642
[2024-10-12T00:57:40.211+0000] {spark_submit.py:649} INFO - 24/10/12 00:57:40 INFO SparkContext: Added file file:///home/airflow/.ivy2/jars/org.apache.sedona_sedona-python-adapter-3.0_2.12-1.2.0-incubating.jar at spark://yellow-cab-airflow-scheduler:36263/files/org.apache.sedona_sedona-python-adapter-3.0_2.12-1.2.0-incubating.jar with timestamp 1728694659642
[2024-10-12T00:57:40.212+0000] {spark_submit.py:649} INFO - 24/10/12 00:57:40 INFO Utils: Copying /home/airflow/.ivy2/jars/org.apache.sedona_sedona-python-adapter-3.0_2.12-1.2.0-incubating.jar to /tmp/spark-37d6de3f-d0c7-4353-80e8-f2b71f9a2fd0/userFiles-8df07a11-943b-4b65-9e1a-a25f68cb18ea/org.apache.sedona_sedona-python-adapter-3.0_2.12-1.2.0-incubating.jar
[2024-10-12T00:57:40.264+0000] {spark_submit.py:649} INFO - 24/10/12 00:57:40 INFO SparkContext: Added file file:///home/airflow/.ivy2/jars/org.datasyslab_geotools-wrapper-geotools-24.0.jar at spark://yellow-cab-airflow-scheduler:36263/files/org.datasyslab_geotools-wrapper-geotools-24.0.jar with timestamp 1728694659642
[2024-10-12T00:57:40.264+0000] {spark_submit.py:649} INFO - 24/10/12 00:57:40 INFO Utils: Copying /home/airflow/.ivy2/jars/org.datasyslab_geotools-wrapper-geotools-24.0.jar to /tmp/spark-37d6de3f-d0c7-4353-80e8-f2b71f9a2fd0/userFiles-8df07a11-943b-4b65-9e1a-a25f68cb18ea/org.datasyslab_geotools-wrapper-geotools-24.0.jar
[2024-10-12T00:57:40.430+0000] {spark_submit.py:649} INFO - 24/10/12 00:57:40 INFO SparkContext: Added file file:///home/airflow/.ivy2/jars/org.locationtech.jts_jts-core-1.18.0.jar at spark://yellow-cab-airflow-scheduler:36263/files/org.locationtech.jts_jts-core-1.18.0.jar with timestamp 1728694659642
[2024-10-12T00:57:40.431+0000] {spark_submit.py:649} INFO - 24/10/12 00:57:40 INFO Utils: Copying /home/airflow/.ivy2/jars/org.locationtech.jts_jts-core-1.18.0.jar to /tmp/spark-37d6de3f-d0c7-4353-80e8-f2b71f9a2fd0/userFiles-8df07a11-943b-4b65-9e1a-a25f68cb18ea/org.locationtech.jts_jts-core-1.18.0.jar
[2024-10-12T00:57:40.469+0000] {spark_submit.py:649} INFO - 24/10/12 00:57:40 INFO SparkContext: Added file file:///home/airflow/.ivy2/jars/org.wololo_jts2geojson-0.16.1.jar at spark://yellow-cab-airflow-scheduler:36263/files/org.wololo_jts2geojson-0.16.1.jar with timestamp 1728694659642
[2024-10-12T00:57:40.470+0000] {spark_submit.py:649} INFO - 24/10/12 00:57:40 INFO Utils: Copying /home/airflow/.ivy2/jars/org.wololo_jts2geojson-0.16.1.jar to /tmp/spark-37d6de3f-d0c7-4353-80e8-f2b71f9a2fd0/userFiles-8df07a11-943b-4b65-9e1a-a25f68cb18ea/org.wololo_jts2geojson-0.16.1.jar
[2024-10-12T00:57:40.496+0000] {spark_submit.py:649} INFO - 24/10/12 00:57:40 INFO SparkContext: Added file file:///home/airflow/.ivy2/jars/org.apache.sedona_sedona-core-3.0_2.12-1.2.0-incubating.jar at spark://yellow-cab-airflow-scheduler:36263/files/org.apache.sedona_sedona-core-3.0_2.12-1.2.0-incubating.jar with timestamp 1728694659642
[2024-10-12T00:57:40.496+0000] {spark_submit.py:649} INFO - 24/10/12 00:57:40 INFO Utils: Copying /home/airflow/.ivy2/jars/org.apache.sedona_sedona-core-3.0_2.12-1.2.0-incubating.jar to /tmp/spark-37d6de3f-d0c7-4353-80e8-f2b71f9a2fd0/userFiles-8df07a11-943b-4b65-9e1a-a25f68cb18ea/org.apache.sedona_sedona-core-3.0_2.12-1.2.0-incubating.jar
[2024-10-12T00:57:40.522+0000] {spark_submit.py:649} INFO - 24/10/12 00:57:40 INFO SparkContext: Added file file:///home/airflow/.ivy2/jars/org.apache.sedona_sedona-sql-3.0_2.12-1.2.0-incubating.jar at spark://yellow-cab-airflow-scheduler:36263/files/org.apache.sedona_sedona-sql-3.0_2.12-1.2.0-incubating.jar with timestamp 1728694659642
[2024-10-12T00:57:40.522+0000] {spark_submit.py:649} INFO - 24/10/12 00:57:40 INFO Utils: Copying /home/airflow/.ivy2/jars/org.apache.sedona_sedona-sql-3.0_2.12-1.2.0-incubating.jar to /tmp/spark-37d6de3f-d0c7-4353-80e8-f2b71f9a2fd0/userFiles-8df07a11-943b-4b65-9e1a-a25f68cb18ea/org.apache.sedona_sedona-sql-3.0_2.12-1.2.0-incubating.jar
[2024-10-12T00:57:40.562+0000] {spark_submit.py:649} INFO - 24/10/12 00:57:40 INFO SparkContext: Added file file:///home/airflow/.ivy2/jars/org.scala-lang.modules_scala-collection-compat_2.12-2.5.0.jar at spark://yellow-cab-airflow-scheduler:36263/files/org.scala-lang.modules_scala-collection-compat_2.12-2.5.0.jar with timestamp 1728694659642
[2024-10-12T00:57:40.563+0000] {spark_submit.py:649} INFO - 24/10/12 00:57:40 INFO Utils: Copying /home/airflow/.ivy2/jars/org.scala-lang.modules_scala-collection-compat_2.12-2.5.0.jar to /tmp/spark-37d6de3f-d0c7-4353-80e8-f2b71f9a2fd0/userFiles-8df07a11-943b-4b65-9e1a-a25f68cb18ea/org.scala-lang.modules_scala-collection-compat_2.12-2.5.0.jar
[2024-10-12T00:57:40.678+0000] {spark_submit.py:649} INFO - 24/10/12 00:57:40 INFO StandaloneAppClient$ClientEndpoint: Connecting to master spark://spark-master:7077...
[2024-10-12T00:57:40.735+0000] {spark_submit.py:649} INFO - 24/10/12 00:57:40 INFO TransportClientFactory: Successfully created connection to spark-master/172.24.0.2:7077 after 21 ms (0 ms spent in bootstraps)
[2024-10-12T00:57:40.838+0000] {spark_submit.py:649} INFO - 24/10/12 00:57:40 INFO StandaloneSchedulerBackend: Connected to Spark cluster with app ID app-20241012005740-0014
[2024-10-12T00:57:40.849+0000] {spark_submit.py:649} INFO - 24/10/12 00:57:40 INFO Utils: Successfully started service 'org.apache.spark.network.netty.NettyBlockTransferService' on port 44273.
[2024-10-12T00:57:40.852+0000] {spark_submit.py:649} INFO - 24/10/12 00:57:40 INFO NettyBlockTransferService: Server created on yellow-cab-airflow-scheduler:44273
[2024-10-12T00:57:40.852+0000] {spark_submit.py:649} INFO - 24/10/12 00:57:40 INFO BlockManager: Using org.apache.spark.storage.RandomBlockReplicationPolicy for block replication policy
[2024-10-12T00:57:40.856+0000] {spark_submit.py:649} INFO - 24/10/12 00:57:40 INFO StandaloneAppClient$ClientEndpoint: Executor added: app-20241012005740-0014/0 on worker-20241011213037-172.24.0.3-36185 (172.24.0.3:36185) with 4 core(s)
[2024-10-12T00:57:40.858+0000] {spark_submit.py:649} INFO - 24/10/12 00:57:40 INFO StandaloneSchedulerBackend: Granted executor ID app-20241012005740-0014/0 on hostPort 172.24.0.3:36185 with 4 core(s), 8.0 GiB RAM
[2024-10-12T00:57:40.858+0000] {spark_submit.py:649} INFO - 24/10/12 00:57:40 INFO BlockManagerMaster: Registering BlockManager BlockManagerId(driver, yellow-cab-airflow-scheduler, 44273, None)
[2024-10-12T00:57:40.860+0000] {spark_submit.py:649} INFO - 24/10/12 00:57:40 INFO BlockManagerMasterEndpoint: Registering block manager yellow-cab-airflow-scheduler:44273 with 1048.8 MiB RAM, BlockManagerId(driver, yellow-cab-airflow-scheduler, 44273, None)
[2024-10-12T00:57:40.863+0000] {spark_submit.py:649} INFO - 24/10/12 00:57:40 INFO BlockManagerMaster: Registered BlockManager BlockManagerId(driver, yellow-cab-airflow-scheduler, 44273, None)
[2024-10-12T00:57:40.863+0000] {spark_submit.py:649} INFO - 24/10/12 00:57:40 INFO BlockManager: Initialized BlockManager: BlockManagerId(driver, yellow-cab-airflow-scheduler, 44273, None)
[2024-10-12T00:57:41.016+0000] {spark_submit.py:649} INFO - 24/10/12 00:57:41 INFO StandaloneSchedulerBackend: SchedulerBackend is ready for scheduling beginning after reached minRegisteredResourcesRatio: 0.0
[2024-10-12T00:57:41.140+0000] {spark_submit.py:649} INFO - 24/10/12 00:57:41 INFO StandaloneAppClient$ClientEndpoint: Executor updated: app-20241012005740-0014/0 is now RUNNING
[2024-10-12T00:57:41.228+0000] {spark_submit.py:649} INFO - /spark-scripts/taxi_etl.py:28: DeprecationWarning: Call to deprecated function registerAll (Deprecated since 1.4.1, use SedonaContext.create() instead.).
[2024-10-12T00:57:41.229+0000] {spark_submit.py:649} INFO - SedonaRegistrator.registerAll(spark)
[2024-10-12T00:57:41.234+0000] {spark_submit.py:649} INFO - 24/10/12 00:57:41 INFO SharedState: Setting hive.metastore.warehouse.dir ('null') to the value of spark.sql.warehouse.dir.
[2024-10-12T00:57:41.235+0000] {spark_submit.py:649} INFO - 24/10/12 00:57:41 INFO SharedState: Warehouse path is 'file:/opt/airflow/spark-warehouse'.
[2024-10-12T00:57:43.609+0000] {spark_submit.py:649} INFO - 24/10/12 00:57:43 INFO CodeGenerator: Code generated in 111.815416 ms
[2024-10-12T00:57:43.665+0000] {spark_submit.py:649} INFO - 24/10/12 00:57:43 INFO DAGScheduler: Registering RDD 2 (count at NativeMethodAccessorImpl.java:0) as input to shuffle 0
[2024-10-12T00:57:43.672+0000] {spark_submit.py:649} INFO - 24/10/12 00:57:43 INFO DAGScheduler: Got map stage job 0 (count at NativeMethodAccessorImpl.java:0) with 1 output partitions
[2024-10-12T00:57:43.672+0000] {spark_submit.py:649} INFO - 24/10/12 00:57:43 INFO DAGScheduler: Final stage: ShuffleMapStage 0 (count at NativeMethodAccessorImpl.java:0)
[2024-10-12T00:57:43.672+0000] {spark_submit.py:649} INFO - 24/10/12 00:57:43 INFO DAGScheduler: Parents of final stage: List()
[2024-10-12T00:57:43.673+0000] {spark_submit.py:649} INFO - 24/10/12 00:57:43 INFO DAGScheduler: Missing parents: List()
[2024-10-12T00:57:43.674+0000] {spark_submit.py:649} INFO - 24/10/12 00:57:43 INFO DAGScheduler: Submitting ShuffleMapStage 0 (MapPartitionsRDD[2] at count at NativeMethodAccessorImpl.java:0), which has no missing parents
[2024-10-12T00:57:43.736+0000] {spark_submit.py:649} INFO - 24/10/12 00:57:43 INFO StandaloneSchedulerBackend$StandaloneDriverEndpoint: Registered executor NettyRpcEndpointRef(spark-client://Executor) (172.24.0.3:33252) with ID 0,  ResourceProfileId 0
[2024-10-12T00:57:43.789+0000] {spark_submit.py:649} INFO - 24/10/12 00:57:43 INFO MemoryStore: Block broadcast_0 stored as values in memory (estimated size 11.0 KiB, free 1048.8 MiB)
[2024-10-12T00:57:43.814+0000] {spark_submit.py:649} INFO - 24/10/12 00:57:43 INFO BlockManagerMasterEndpoint: Registering block manager 172.24.0.3:44847 with 4.6 GiB RAM, BlockManagerId(0, 172.24.0.3, 44847, None)
[2024-10-12T00:57:43.821+0000] {spark_submit.py:649} INFO - 24/10/12 00:57:43 INFO MemoryStore: Block broadcast_0_piece0 stored as bytes in memory (estimated size 5.7 KiB, free 1048.8 MiB)
[2024-10-12T00:57:43.823+0000] {spark_submit.py:649} INFO - 24/10/12 00:57:43 INFO BlockManagerInfo: Added broadcast_0_piece0 in memory on yellow-cab-airflow-scheduler:44273 (size: 5.7 KiB, free: 1048.8 MiB)
[2024-10-12T00:57:43.826+0000] {spark_submit.py:649} INFO - 24/10/12 00:57:43 INFO SparkContext: Created broadcast 0 from broadcast at DAGScheduler.scala:1585
[2024-10-12T00:57:43.838+0000] {spark_submit.py:649} INFO - 24/10/12 00:57:43 INFO DAGScheduler: Submitting 1 missing tasks from ShuffleMapStage 0 (MapPartitionsRDD[2] at count at NativeMethodAccessorImpl.java:0) (first 15 tasks are for partitions Vector(0))
[2024-10-12T00:57:43.839+0000] {spark_submit.py:649} INFO - 24/10/12 00:57:43 INFO TaskSchedulerImpl: Adding task set 0.0 with 1 tasks resource profile 0
[2024-10-12T00:57:45.695+0000] {spark_submit.py:649} INFO - 24/10/12 00:57:45 INFO TaskSetManager: Starting task 0.0 in stage 0.0 (TID 0) (172.24.0.3, executor 0, partition 0, PROCESS_LOCAL, 9588 bytes)
[2024-10-12T00:57:45.910+0000] {spark_submit.py:649} INFO - 24/10/12 00:57:45 INFO BlockManagerInfo: Added broadcast_0_piece0 in memory on 172.24.0.3:44847 (size: 5.7 KiB, free: 4.6 GiB)
[2024-10-12T00:57:46.366+0000] {spark_submit.py:649} INFO - 24/10/12 00:57:46 INFO TaskSetManager: Finished task 0.0 in stage 0.0 (TID 0) in 706 ms on 172.24.0.3 (executor 0) (1/1)
[2024-10-12T00:57:46.368+0000] {spark_submit.py:649} INFO - 24/10/12 00:57:46 INFO TaskSchedulerImpl: Removed TaskSet 0.0, whose tasks have all completed, from pool
[2024-10-12T00:57:46.372+0000] {spark_submit.py:649} INFO - 24/10/12 00:57:46 INFO DAGScheduler: ShuffleMapStage 0 (count at NativeMethodAccessorImpl.java:0) finished in 2.690 s
[2024-10-12T00:57:46.373+0000] {spark_submit.py:649} INFO - 24/10/12 00:57:46 INFO DAGScheduler: looking for newly runnable stages
[2024-10-12T00:57:46.373+0000] {spark_submit.py:649} INFO - 24/10/12 00:57:46 INFO DAGScheduler: running: Set()
[2024-10-12T00:57:46.373+0000] {spark_submit.py:649} INFO - 24/10/12 00:57:46 INFO DAGScheduler: waiting: Set()
[2024-10-12T00:57:46.373+0000] {spark_submit.py:649} INFO - 24/10/12 00:57:46 INFO DAGScheduler: failed: Set()
[2024-10-12T00:57:46.424+0000] {spark_submit.py:649} INFO - 24/10/12 00:57:46 INFO CodeGenerator: Code generated in 14.475 ms
[2024-10-12T00:57:46.453+0000] {spark_submit.py:649} INFO - 24/10/12 00:57:46 INFO SparkContext: Starting job: count at NativeMethodAccessorImpl.java:0
[2024-10-12T00:57:46.455+0000] {spark_submit.py:649} INFO - 24/10/12 00:57:46 INFO DAGScheduler: Got job 1 (count at NativeMethodAccessorImpl.java:0) with 1 output partitions
[2024-10-12T00:57:46.456+0000] {spark_submit.py:649} INFO - 24/10/12 00:57:46 INFO DAGScheduler: Final stage: ResultStage 2 (count at NativeMethodAccessorImpl.java:0)
[2024-10-12T00:57:46.456+0000] {spark_submit.py:649} INFO - 24/10/12 00:57:46 INFO DAGScheduler: Parents of final stage: List(ShuffleMapStage 1)
[2024-10-12T00:57:46.456+0000] {spark_submit.py:649} INFO - 24/10/12 00:57:46 INFO DAGScheduler: Missing parents: List()
[2024-10-12T00:57:46.457+0000] {spark_submit.py:649} INFO - 24/10/12 00:57:46 INFO DAGScheduler: Submitting ResultStage 2 (MapPartitionsRDD[5] at count at NativeMethodAccessorImpl.java:0), which has no missing parents
[2024-10-12T00:57:46.463+0000] {spark_submit.py:649} INFO - 24/10/12 00:57:46 INFO MemoryStore: Block broadcast_1 stored as values in memory (estimated size 12.5 KiB, free 1048.8 MiB)
[2024-10-12T00:57:46.466+0000] {spark_submit.py:649} INFO - 24/10/12 00:57:46 INFO MemoryStore: Block broadcast_1_piece0 stored as bytes in memory (estimated size 5.9 KiB, free 1048.8 MiB)
[2024-10-12T00:57:46.467+0000] {spark_submit.py:649} INFO - 24/10/12 00:57:46 INFO BlockManagerInfo: Added broadcast_1_piece0 in memory on yellow-cab-airflow-scheduler:44273 (size: 5.9 KiB, free: 1048.8 MiB)
[2024-10-12T00:57:46.467+0000] {spark_submit.py:649} INFO - 24/10/12 00:57:46 INFO SparkContext: Created broadcast 1 from broadcast at DAGScheduler.scala:1585
[2024-10-12T00:57:46.468+0000] {spark_submit.py:649} INFO - 24/10/12 00:57:46 INFO DAGScheduler: Submitting 1 missing tasks from ResultStage 2 (MapPartitionsRDD[5] at count at NativeMethodAccessorImpl.java:0) (first 15 tasks are for partitions Vector(0))
[2024-10-12T00:57:46.469+0000] {spark_submit.py:649} INFO - 24/10/12 00:57:46 INFO TaskSchedulerImpl: Adding task set 2.0 with 1 tasks resource profile 0
[2024-10-12T00:57:46.472+0000] {spark_submit.py:649} INFO - 24/10/12 00:57:46 INFO TaskSetManager: Starting task 0.0 in stage 2.0 (TID 1) (172.24.0.3, executor 0, partition 0, NODE_LOCAL, 9391 bytes)
[2024-10-12T00:57:46.489+0000] {spark_submit.py:649} INFO - 24/10/12 00:57:46 INFO BlockManagerInfo: Added broadcast_1_piece0 in memory on 172.24.0.3:44847 (size: 5.9 KiB, free: 4.6 GiB)
[2024-10-12T00:57:46.560+0000] {spark_submit.py:649} INFO - 24/10/12 00:57:46 INFO MapOutputTrackerMasterEndpoint: Asked to send map output locations for shuffle 0 to 172.24.0.3:33252
[2024-10-12T00:57:46.680+0000] {spark_submit.py:649} INFO - 24/10/12 00:57:46 INFO TaskSetManager: Finished task 0.0 in stage 2.0 (TID 1) in 210 ms on 172.24.0.3 (executor 0) (1/1)
[2024-10-12T00:57:46.681+0000] {spark_submit.py:649} INFO - 24/10/12 00:57:46 INFO TaskSchedulerImpl: Removed TaskSet 2.0, whose tasks have all completed, from pool
[2024-10-12T00:57:46.681+0000] {spark_submit.py:649} INFO - 24/10/12 00:57:46 INFO DAGScheduler: ResultStage 2 (count at NativeMethodAccessorImpl.java:0) finished in 0.220 s
[2024-10-12T00:57:46.682+0000] {spark_submit.py:649} INFO - 24/10/12 00:57:46 INFO DAGScheduler: Job 1 is finished. Cancelling potential speculative or zombie tasks for this job
[2024-10-12T00:57:46.682+0000] {spark_submit.py:649} INFO - 24/10/12 00:57:46 INFO TaskSchedulerImpl: Killing all running tasks in stage 2: Stage finished
[2024-10-12T00:57:46.683+0000] {spark_submit.py:649} INFO - 24/10/12 00:57:46 INFO DAGScheduler: Job 1 finished: count at NativeMethodAccessorImpl.java:0, took 0.229925 s
[2024-10-12T00:57:46.744+0000] {spark_submit.py:649} INFO - 24/10/12 00:57:46 INFO BlockManagerInfo: Removed broadcast_1_piece0 on yellow-cab-airflow-scheduler:44273 in memory (size: 5.9 KiB, free: 1048.8 MiB)
[2024-10-12T00:57:46.749+0000] {spark_submit.py:649} INFO - 24/10/12 00:57:46 INFO BlockManagerInfo: Removed broadcast_1_piece0 on 172.24.0.3:44847 in memory (size: 5.9 KiB, free: 4.6 GiB)
[2024-10-12T00:57:46.757+0000] {spark_submit.py:649} INFO - 24/10/12 00:57:46 INFO BlockManagerInfo: Removed broadcast_0_piece0 on yellow-cab-airflow-scheduler:44273 in memory (size: 5.7 KiB, free: 1048.8 MiB)
[2024-10-12T00:57:46.760+0000] {spark_submit.py:649} INFO - 24/10/12 00:57:46 INFO BlockManagerInfo: Removed broadcast_0_piece0 on 172.24.0.3:44847 in memory (size: 5.7 KiB, free: 4.6 GiB)
[2024-10-12T00:57:47.559+0000] {spark_submit.py:649} INFO - 24/10/12 00:57:47 INFO InMemoryFileIndex: It took 9 ms to list leaf files for 1 paths.
[2024-10-12T00:57:48.030+0000] {spark_submit.py:649} INFO - 24/10/12 00:57:48 INFO FileSourceStrategy: Pushed Filters:
[2024-10-12T00:57:48.031+0000] {spark_submit.py:649} INFO - 24/10/12 00:57:48 INFO FileSourceStrategy: Post-Scan Filters: atleastnnonnulls(4, tpep_pickup_datetime#15, tpep_dropoff_datetime#16, pickup_longitude#19, pickup_latitude#20)
[2024-10-12T00:57:48.095+0000] {spark_submit.py:649} INFO - 24/10/12 00:57:48 INFO CodeGenerator: Code generated in 33.369708 ms
[2024-10-12T00:57:48.108+0000] {spark_submit.py:649} INFO - 24/10/12 00:57:48 INFO MemoryStore: Block broadcast_2 stored as values in memory (estimated size 204.6 KiB, free 1048.6 MiB)
[2024-10-12T00:57:48.120+0000] {spark_submit.py:649} INFO - 24/10/12 00:57:48 INFO MemoryStore: Block broadcast_2_piece0 stored as bytes in memory (estimated size 35.6 KiB, free 1048.6 MiB)
[2024-10-12T00:57:48.121+0000] {spark_submit.py:649} INFO - 24/10/12 00:57:48 INFO BlockManagerInfo: Added broadcast_2_piece0 in memory on yellow-cab-airflow-scheduler:44273 (size: 35.6 KiB, free: 1048.8 MiB)
[2024-10-12T00:57:48.121+0000] {spark_submit.py:649} INFO - 24/10/12 00:57:48 INFO SparkContext: Created broadcast 2 from showString at NativeMethodAccessorImpl.java:0
[2024-10-12T00:57:48.131+0000] {spark_submit.py:649} INFO - 24/10/12 00:57:48 INFO FileSourceScanExec: Planning scan with bin packing, max size: 40994968 bytes, open cost is considered as scanning 4194304 bytes.
[2024-10-12T00:57:48.154+0000] {spark_submit.py:649} INFO - 24/10/12 00:57:48 INFO SparkContext: Starting job: showString at NativeMethodAccessorImpl.java:0
[2024-10-12T00:57:48.154+0000] {spark_submit.py:649} INFO - 24/10/12 00:57:48 INFO DAGScheduler: Got job 2 (showString at NativeMethodAccessorImpl.java:0) with 1 output partitions
[2024-10-12T00:57:48.155+0000] {spark_submit.py:649} INFO - 24/10/12 00:57:48 INFO DAGScheduler: Final stage: ResultStage 3 (showString at NativeMethodAccessorImpl.java:0)
[2024-10-12T00:57:48.155+0000] {spark_submit.py:649} INFO - 24/10/12 00:57:48 INFO DAGScheduler: Parents of final stage: List()
[2024-10-12T00:57:48.155+0000] {spark_submit.py:649} INFO - 24/10/12 00:57:48 INFO DAGScheduler: Missing parents: List()
[2024-10-12T00:57:48.155+0000] {spark_submit.py:649} INFO - 24/10/12 00:57:48 INFO DAGScheduler: Submitting ResultStage 3 (MapPartitionsRDD[11] at showString at NativeMethodAccessorImpl.java:0), which has no missing parents
[2024-10-12T00:57:48.180+0000] {spark_submit.py:649} INFO - 24/10/12 00:57:48 INFO MemoryStore: Block broadcast_3 stored as values in memory (estimated size 40.2 KiB, free 1048.5 MiB)
[2024-10-12T00:57:48.182+0000] {spark_submit.py:649} INFO - 24/10/12 00:57:48 INFO MemoryStore: Block broadcast_3_piece0 stored as bytes in memory (estimated size 16.7 KiB, free 1048.5 MiB)
[2024-10-12T00:57:48.182+0000] {spark_submit.py:649} INFO - 24/10/12 00:57:48 INFO BlockManagerInfo: Added broadcast_3_piece0 in memory on yellow-cab-airflow-scheduler:44273 (size: 16.7 KiB, free: 1048.7 MiB)
[2024-10-12T00:57:48.182+0000] {spark_submit.py:649} INFO - 24/10/12 00:57:48 INFO SparkContext: Created broadcast 3 from broadcast at DAGScheduler.scala:1585
[2024-10-12T00:57:48.183+0000] {spark_submit.py:649} INFO - 24/10/12 00:57:48 INFO DAGScheduler: Submitting 1 missing tasks from ResultStage 3 (MapPartitionsRDD[11] at showString at NativeMethodAccessorImpl.java:0) (first 15 tasks are for partitions Vector(0))
[2024-10-12T00:57:48.183+0000] {spark_submit.py:649} INFO - 24/10/12 00:57:48 INFO TaskSchedulerImpl: Adding task set 3.0 with 1 tasks resource profile 0
[2024-10-12T00:57:48.185+0000] {spark_submit.py:649} INFO - 24/10/12 00:57:48 INFO TaskSetManager: Starting task 0.0 in stage 3.0 (TID 2) (172.24.0.3, executor 0, partition 0, PROCESS_LOCAL, 9994 bytes)
[2024-10-12T00:57:48.202+0000] {spark_submit.py:649} INFO - 24/10/12 00:57:48 INFO BlockManagerInfo: Added broadcast_3_piece0 in memory on 172.24.0.3:44847 (size: 16.7 KiB, free: 4.6 GiB)
[2024-10-12T00:57:48.572+0000] {spark_submit.py:649} INFO - 24/10/12 00:57:48 INFO BlockManagerInfo: Added broadcast_2_piece0 in memory on 172.24.0.3:44847 (size: 35.6 KiB, free: 4.6 GiB)
[2024-10-12T00:57:48.836+0000] {spark_submit.py:649} INFO - 24/10/12 00:57:48 INFO TaskSetManager: Finished task 0.0 in stage 3.0 (TID 2) in 652 ms on 172.24.0.3 (executor 0) (1/1)
[2024-10-12T00:57:48.837+0000] {spark_submit.py:649} INFO - 24/10/12 00:57:48 INFO TaskSchedulerImpl: Removed TaskSet 3.0, whose tasks have all completed, from pool
[2024-10-12T00:57:48.837+0000] {spark_submit.py:649} INFO - 24/10/12 00:57:48 INFO DAGScheduler: ResultStage 3 (showString at NativeMethodAccessorImpl.java:0) finished in 0.681 s
[2024-10-12T00:57:48.837+0000] {spark_submit.py:649} INFO - 24/10/12 00:57:48 INFO DAGScheduler: Job 2 is finished. Cancelling potential speculative or zombie tasks for this job
[2024-10-12T00:57:48.838+0000] {spark_submit.py:649} INFO - 24/10/12 00:57:48 INFO TaskSchedulerImpl: Killing all running tasks in stage 3: Stage finished
[2024-10-12T00:57:48.838+0000] {spark_submit.py:649} INFO - 24/10/12 00:57:48 INFO DAGScheduler: Job 2 finished: showString at NativeMethodAccessorImpl.java:0, took 0.684149 s
[2024-10-12T00:57:48.879+0000] {spark_submit.py:649} INFO - 24/10/12 00:57:48 INFO BlockManagerInfo: Removed broadcast_3_piece0 on yellow-cab-airflow-scheduler:44273 in memory (size: 16.7 KiB, free: 1048.8 MiB)
[2024-10-12T00:57:48.882+0000] {spark_submit.py:649} INFO - 24/10/12 00:57:48 INFO BlockManagerInfo: Removed broadcast_3_piece0 on 172.24.0.3:44847 in memory (size: 16.7 KiB, free: 4.6 GiB)
[2024-10-12T00:57:48.890+0000] {spark_submit.py:649} INFO - 24/10/12 00:57:48 INFO CodeGenerator: Code generated in 35.452625 ms
[2024-10-12T00:57:48.898+0000] {spark_submit.py:649} INFO - +--------+------------+------------------+------------------+------------------+------------------+--------------------+---------------------+---------------+-------------+-----------+-----+-------+----------+------------+---------------------+------------+-------------+------------------+--------------------+--------------------+------------------------+
[2024-10-12T00:57:48.898+0000] {spark_submit.py:649} INFO - |VendorID|payment_type|  pickup_longitude|   pickup_latitude| dropoff_longitude|  dropoff_latitude|tpep_pickup_datetime|tpep_dropoff_datetime|passenger_count|trip_distance|fare_amount|extra|mta_tax|tip_amount|tolls_amount|improvement_surcharge|total_amount|Trip_Duration|store_and_fwd_flag|   Pickup_Point_EWKT|  Dropoff_Point_EWKT|Trip_Distance_Calculated|
[2024-10-12T00:57:48.898+0000] {spark_submit.py:649} INFO - +--------+------------+------------------+------------------+------------------+------------------+--------------------+---------------------+---------------+-------------+-----------+-----+-------+----------+------------+---------------------+------------+-------------+------------------+--------------------+--------------------+------------------------+
[2024-10-12T00:57:48.899+0000] {spark_submit.py:649} INFO - |       2|           2|-73.99037170410156| 40.73469543457031|-73.98184204101562| 40.73240661621094| 2016-01-01 00:00:00|  2016-01-01 00:00:00|              2|          1.1|        7.5|  0.5|    0.5|       0.0|         0.0|                  0.3|         8.8|          0.0|                 N|POINT (-73.990371...|POINT (-73.981842...|    0.008831412222392119|
[2024-10-12T00:57:48.899+0000] {spark_submit.py:649} INFO - |       2|           1|-73.98078155517578| 40.72991180419922|-73.94447326660156|40.716678619384766| 2016-01-01 00:00:00|  2016-01-01 00:00:00|              5|          4.9|       18.0|  0.5|    0.5|       0.0|         0.0|                  0.3|        19.3|          0.0|                 N|POINT (-73.980781...|POINT (-73.944473...|    0.038644650335100936|
[2024-10-12T00:57:48.899+0000] {spark_submit.py:649} INFO - |       2|           1|-73.98455047607422|  40.6795654296875|-73.95027160644531| 40.78892517089844| 2016-01-01 00:00:00|  2016-01-01 00:00:00|              1|        10.54|       33.0|  0.5|    0.5|       0.0|         0.0|                  0.3|        34.3|          0.0|                 N|POINT (-73.984550...|POINT (-73.950271...|     0.11460625594075907|
[2024-10-12T00:57:48.899+0000] {spark_submit.py:649} INFO - |       2|           2|-73.99346923828125|40.718990325927734|-73.96224212646484| 40.65733337402344| 2016-01-01 00:00:00|  2016-01-01 00:00:00|              1|         4.75|       16.5|  0.0|    0.5|       0.0|         0.0|                  0.3|        17.3|          0.0|                 N|POINT (-73.993469...|POINT (-73.962242...|     0.06911376296023186|
[2024-10-12T00:57:48.899+0000] {spark_submit.py:649} INFO - |       2|           2|-73.96062469482422| 40.78133010864258|-73.97726440429688|40.758514404296875| 2016-01-01 00:00:00|  2016-01-01 00:00:00|              3|         1.76|        8.0|  0.0|    0.5|       0.0|         0.0|                  0.3|         8.8|          0.0|                 N|POINT (-73.960624...|POINT (-73.977264...|    0.028238914570587564|
[2024-10-12T00:57:48.899+0000] {spark_submit.py:649} INFO - |       2|           2|-73.98011779785156| 40.74304962158203|-73.91349029541016| 40.76314163208008| 2016-01-01 00:00:00|  2016-01-01 00:18:30|              2|         5.52|       19.0|  0.5|    0.5|       0.0|         0.0|                  0.3|        20.3|         18.5|                 N|POINT (-73.980117...|POINT (-73.913490...|      0.0695910408560845|
[2024-10-12T00:57:48.899+0000] {spark_submit.py:649} INFO - |       2|           2|-73.99405670166016| 40.71998977661133|-73.96636199951172| 40.78987121582031| 2016-01-01 00:00:00|  2016-01-01 00:26:45|              2|         7.45|       26.0|  0.5|    0.5|       0.0|         0.0|                  0.3|        27.3|        26.75|                 N|POINT (-73.994056...|POINT (-73.966361...|     0.07516922291077412|
[2024-10-12T00:57:48.899+0000] {spark_submit.py:649} INFO - |       1|           2|-73.97942352294922| 40.74461364746094|-73.99203491210938|40.753944396972656| 2016-01-01 00:00:01|  2016-01-01 00:11:55|              1|          1.2|        9.0|  0.5|    0.5|       0.0|         0.0|                  0.3|        10.3|         11.9|                 N|POINT (-73.979423...|POINT (-73.992034...|    0.015687894154390074|
[2024-10-12T00:57:48.899+0000] {spark_submit.py:649} INFO - |       1|           2|-73.94715118408203|40.791046142578125|-73.92076873779297|40.865577697753906| 2016-01-01 00:00:02|  2016-01-01 00:11:14|              1|          6.0|       18.0|  0.5|    0.5|       0.0|         0.0|                  0.3|        19.3|         11.2|                 N|POINT (-73.947151...|POINT (-73.920768...|     0.07906317846580539|
[2024-10-12T00:57:48.900+0000] {spark_submit.py:649} INFO - |       2|           2|-73.99834442138672| 40.72389602661133|  -73.995849609375| 40.68840026855469| 2016-01-01 00:00:02|  2016-01-01 00:11:08|              1|         3.21|       11.5|  0.5|    0.5|       0.0|         0.0|                  0.3|        12.8|         11.1|                 N|POINT (-73.998344...|POINT (-73.995849...|    0.035583323720380367|
[2024-10-12T00:57:48.900+0000] {spark_submit.py:649} INFO - +--------+------------+------------------+------------------+------------------+------------------+--------------------+---------------------+---------------+-------------+-----------+-----+-------+----------+------------+---------------------+------------+-------------+------------------+--------------------+--------------------+------------------------+
[2024-10-12T00:57:48.900+0000] {spark_submit.py:649} INFO - only showing top 10 rows
[2024-10-12T00:57:48.900+0000] {spark_submit.py:649} INFO - 
[2024-10-12T00:57:49.280+0000] {spark_submit.py:649} INFO - 24/10/12 00:57:49 INFO FileSourceStrategy: Pushed Filters:
[2024-10-12T00:57:49.281+0000] {spark_submit.py:649} INFO - 24/10/12 00:57:49 INFO FileSourceStrategy: Post-Scan Filters: atleastnnonnulls(4, tpep_pickup_datetime#15, tpep_dropoff_datetime#16, pickup_longitude#19, pickup_latitude#20)
[2024-10-12T00:57:49.338+0000] {spark_submit.py:649} INFO - 24/10/12 00:57:49 INFO CodeGenerator: Code generated in 29.688875 ms
[2024-10-12T00:57:49.341+0000] {spark_submit.py:649} INFO - 24/10/12 00:57:49 INFO MemoryStore: Block broadcast_4 stored as values in memory (estimated size 204.6 KiB, free 1048.4 MiB)
[2024-10-12T00:57:49.363+0000] {spark_submit.py:649} INFO - 24/10/12 00:57:49 INFO MemoryStore: Block broadcast_4_piece0 stored as bytes in memory (estimated size 35.6 KiB, free 1048.3 MiB)
[2024-10-12T00:57:49.366+0000] {spark_submit.py:649} INFO - 24/10/12 00:57:49 INFO BlockManagerInfo: Added broadcast_4_piece0 in memory on yellow-cab-airflow-scheduler:44273 (size: 35.6 KiB, free: 1048.7 MiB)
[2024-10-12T00:57:49.367+0000] {spark_submit.py:649} INFO - 24/10/12 00:57:49 INFO SparkContext: Created broadcast 4 from toPandas at /spark-scripts/taxi_etl.py:143
[2024-10-12T00:57:49.370+0000] {spark_submit.py:649} INFO - 24/10/12 00:57:49 INFO FileSourceScanExec: Planning scan with bin packing, max size: 40994968 bytes, open cost is considered as scanning 4194304 bytes.
[2024-10-12T00:57:49.398+0000] {spark_submit.py:649} INFO - 24/10/12 00:57:49 INFO DAGScheduler: Registering RDD 15 (toPandas at /spark-scripts/taxi_etl.py:143) as input to shuffle 1
[2024-10-12T00:57:49.399+0000] {spark_submit.py:649} INFO - 24/10/12 00:57:49 INFO DAGScheduler: Got map stage job 3 (toPandas at /spark-scripts/taxi_etl.py:143) with 4 output partitions
[2024-10-12T00:57:49.400+0000] {spark_submit.py:649} INFO - 24/10/12 00:57:49 INFO DAGScheduler: Final stage: ShuffleMapStage 4 (toPandas at /spark-scripts/taxi_etl.py:143)
[2024-10-12T00:57:49.400+0000] {spark_submit.py:649} INFO - 24/10/12 00:57:49 INFO DAGScheduler: Parents of final stage: List()
[2024-10-12T00:57:49.401+0000] {spark_submit.py:649} INFO - 24/10/12 00:57:49 INFO DAGScheduler: Missing parents: List()
[2024-10-12T00:57:49.401+0000] {spark_submit.py:649} INFO - 24/10/12 00:57:49 INFO DAGScheduler: Submitting ShuffleMapStage 4 (MapPartitionsRDD[15] at toPandas at /spark-scripts/taxi_etl.py:143), which has no missing parents
[2024-10-12T00:57:49.404+0000] {spark_submit.py:649} INFO - 24/10/12 00:57:49 INFO MemoryStore: Block broadcast_5 stored as values in memory (estimated size 33.2 KiB, free 1048.3 MiB)
[2024-10-12T00:57:49.409+0000] {spark_submit.py:649} INFO - 24/10/12 00:57:49 INFO MemoryStore: Block broadcast_5_piece0 stored as bytes in memory (estimated size 15.0 KiB, free 1048.3 MiB)
[2024-10-12T00:57:49.412+0000] {spark_submit.py:649} INFO - 24/10/12 00:57:49 INFO BlockManagerInfo: Added broadcast_5_piece0 in memory on yellow-cab-airflow-scheduler:44273 (size: 15.0 KiB, free: 1048.7 MiB)
[2024-10-12T00:57:49.412+0000] {spark_submit.py:649} INFO - 24/10/12 00:57:49 INFO SparkContext: Created broadcast 5 from broadcast at DAGScheduler.scala:1585
[2024-10-12T00:57:49.413+0000] {spark_submit.py:649} INFO - 24/10/12 00:57:49 INFO DAGScheduler: Submitting 4 missing tasks from ShuffleMapStage 4 (MapPartitionsRDD[15] at toPandas at /spark-scripts/taxi_etl.py:143) (first 15 tasks are for partitions Vector(0, 1, 2, 3))
[2024-10-12T00:57:49.413+0000] {spark_submit.py:649} INFO - 24/10/12 00:57:49 INFO TaskSchedulerImpl: Adding task set 4.0 with 4 tasks resource profile 0
[2024-10-12T00:57:49.420+0000] {spark_submit.py:649} INFO - 24/10/12 00:57:49 INFO TaskSetManager: Starting task 0.0 in stage 4.0 (TID 3) (172.24.0.3, executor 0, partition 0, PROCESS_LOCAL, 9983 bytes)
[2024-10-12T00:57:49.421+0000] {spark_submit.py:649} INFO - 24/10/12 00:57:49 INFO TaskSetManager: Starting task 1.0 in stage 4.0 (TID 4) (172.24.0.3, executor 0, partition 1, PROCESS_LOCAL, 9983 bytes)
[2024-10-12T00:57:49.422+0000] {spark_submit.py:649} INFO - 24/10/12 00:57:49 INFO TaskSetManager: Starting task 2.0 in stage 4.0 (TID 5) (172.24.0.3, executor 0, partition 2, PROCESS_LOCAL, 9983 bytes)
[2024-10-12T00:57:49.423+0000] {spark_submit.py:649} INFO - 24/10/12 00:57:49 INFO TaskSetManager: Starting task 3.0 in stage 4.0 (TID 6) (172.24.0.3, executor 0, partition 3, PROCESS_LOCAL, 9983 bytes)
[2024-10-12T00:57:49.504+0000] {spark_submit.py:649} INFO - 24/10/12 00:57:49 INFO BlockManagerInfo: Added broadcast_5_piece0 in memory on 172.24.0.3:44847 (size: 15.0 KiB, free: 4.6 GiB)
[2024-10-12T00:57:49.916+0000] {spark_submit.py:649} INFO - 24/10/12 00:57:49 INFO BlockManagerInfo: Added broadcast_4_piece0 in memory on 172.24.0.3:44847 (size: 35.6 KiB, free: 4.6 GiB)
[2024-10-12T00:57:51.503+0000] {spark_submit.py:649} INFO - 24/10/12 00:57:51 INFO TaskSetManager: Finished task 0.0 in stage 4.0 (TID 3) in 2086 ms on 172.24.0.3 (executor 0) (1/4)
[2024-10-12T00:57:51.505+0000] {spark_submit.py:649} INFO - 24/10/12 00:57:51 INFO TaskSetManager: Finished task 3.0 in stage 4.0 (TID 6) in 2081 ms on 172.24.0.3 (executor 0) (2/4)
[2024-10-12T00:57:51.506+0000] {spark_submit.py:649} INFO - 24/10/12 00:57:51 INFO TaskSetManager: Finished task 2.0 in stage 4.0 (TID 5) in 2081 ms on 172.24.0.3 (executor 0) (3/4)
[2024-10-12T00:57:51.512+0000] {spark_submit.py:649} INFO - 24/10/12 00:57:51 INFO TaskSetManager: Finished task 1.0 in stage 4.0 (TID 4) in 2091 ms on 172.24.0.3 (executor 0) (4/4)
[2024-10-12T00:57:51.513+0000] {spark_submit.py:649} INFO - 24/10/12 00:57:51 INFO TaskSchedulerImpl: Removed TaskSet 4.0, whose tasks have all completed, from pool
[2024-10-12T00:57:51.514+0000] {spark_submit.py:649} INFO - 24/10/12 00:57:51 INFO DAGScheduler: ShuffleMapStage 4 (toPandas at /spark-scripts/taxi_etl.py:143) finished in 2.111 s
[2024-10-12T00:57:51.515+0000] {spark_submit.py:649} INFO - 24/10/12 00:57:51 INFO DAGScheduler: looking for newly runnable stages
[2024-10-12T00:57:51.515+0000] {spark_submit.py:649} INFO - 24/10/12 00:57:51 INFO DAGScheduler: running: Set()
[2024-10-12T00:57:51.516+0000] {spark_submit.py:649} INFO - 24/10/12 00:57:51 INFO DAGScheduler: waiting: Set()
[2024-10-12T00:57:51.517+0000] {spark_submit.py:649} INFO - 24/10/12 00:57:51 INFO DAGScheduler: failed: Set()
[2024-10-12T00:57:51.558+0000] {spark_submit.py:649} INFO - 24/10/12 00:57:51 INFO ShufflePartitionsUtil: For shuffle(1), advisory target size: 67108864, actual target size 1048576, minimum partition size: 1048576
[2024-10-12T00:57:51.640+0000] {spark_submit.py:649} INFO - 24/10/12 00:57:51 INFO CodeGenerator: Code generated in 50.859584 ms
[2024-10-12T00:57:51.670+0000] {spark_submit.py:649} INFO - 24/10/12 00:57:51 INFO SparkContext: Starting job: toPandas at /spark-scripts/taxi_etl.py:143
[2024-10-12T00:57:51.672+0000] {spark_submit.py:649} INFO - 24/10/12 00:57:51 INFO DAGScheduler: Got job 4 (toPandas at /spark-scripts/taxi_etl.py:143) with 1 output partitions
[2024-10-12T00:57:51.675+0000] {spark_submit.py:649} INFO - 24/10/12 00:57:51 INFO DAGScheduler: Final stage: ResultStage 6 (toPandas at /spark-scripts/taxi_etl.py:143)
[2024-10-12T00:57:51.676+0000] {spark_submit.py:649} INFO - 24/10/12 00:57:51 INFO DAGScheduler: Parents of final stage: List(ShuffleMapStage 5)
[2024-10-12T00:57:51.676+0000] {spark_submit.py:649} INFO - 24/10/12 00:57:51 INFO DAGScheduler: Missing parents: List()
[2024-10-12T00:57:51.676+0000] {spark_submit.py:649} INFO - 24/10/12 00:57:51 INFO DAGScheduler: Submitting ResultStage 6 (MapPartitionsRDD[18] at toPandas at /spark-scripts/taxi_etl.py:143), which has no missing parents
[2024-10-12T00:57:51.684+0000] {spark_submit.py:649} INFO - 24/10/12 00:57:51 INFO MemoryStore: Block broadcast_6 stored as values in memory (estimated size 45.6 KiB, free 1048.2 MiB)
[2024-10-12T00:57:51.696+0000] {spark_submit.py:649} INFO - 24/10/12 00:57:51 INFO MemoryStore: Block broadcast_6_piece0 stored as bytes in memory (estimated size 21.0 KiB, free 1048.2 MiB)
[2024-10-12T00:57:51.697+0000] {spark_submit.py:649} INFO - 24/10/12 00:57:51 INFO BlockManagerInfo: Added broadcast_6_piece0 in memory on yellow-cab-airflow-scheduler:44273 (size: 21.0 KiB, free: 1048.7 MiB)
[2024-10-12T00:57:51.698+0000] {spark_submit.py:649} INFO - 24/10/12 00:57:51 INFO SparkContext: Created broadcast 6 from broadcast at DAGScheduler.scala:1585
[2024-10-12T00:57:51.698+0000] {spark_submit.py:649} INFO - 24/10/12 00:57:51 INFO BlockManagerInfo: Removed broadcast_5_piece0 on yellow-cab-airflow-scheduler:44273 in memory (size: 15.0 KiB, free: 1048.7 MiB)
[2024-10-12T00:57:51.699+0000] {spark_submit.py:649} INFO - 24/10/12 00:57:51 INFO DAGScheduler: Submitting 1 missing tasks from ResultStage 6 (MapPartitionsRDD[18] at toPandas at /spark-scripts/taxi_etl.py:143) (first 15 tasks are for partitions Vector(0))
[2024-10-12T00:57:51.699+0000] {spark_submit.py:649} INFO - 24/10/12 00:57:51 INFO TaskSchedulerImpl: Adding task set 6.0 with 1 tasks resource profile 0
[2024-10-12T00:57:51.701+0000] {spark_submit.py:649} INFO - 24/10/12 00:57:51 INFO TaskSetManager: Starting task 0.0 in stage 6.0 (TID 7) (172.24.0.3, executor 0, partition 0, NODE_LOCAL, 9391 bytes)
[2024-10-12T00:57:51.703+0000] {spark_submit.py:649} INFO - 24/10/12 00:57:51 INFO BlockManagerInfo: Removed broadcast_5_piece0 on 172.24.0.3:44847 in memory (size: 15.0 KiB, free: 4.6 GiB)
[2024-10-12T00:57:51.718+0000] {spark_submit.py:649} INFO - 24/10/12 00:57:51 INFO BlockManagerInfo: Added broadcast_6_piece0 in memory on 172.24.0.3:44847 (size: 21.0 KiB, free: 4.6 GiB)
[2024-10-12T00:57:51.752+0000] {spark_submit.py:649} INFO - 24/10/12 00:57:51 INFO MapOutputTrackerMasterEndpoint: Asked to send map output locations for shuffle 1 to 172.24.0.3:33252
[2024-10-12T00:57:51.806+0000] {spark_submit.py:649} INFO - 24/10/12 00:57:51 INFO TaskSetManager: Finished task 0.0 in stage 6.0 (TID 7) in 106 ms on 172.24.0.3 (executor 0) (1/1)
[2024-10-12T00:57:51.807+0000] {spark_submit.py:649} INFO - 24/10/12 00:57:51 INFO TaskSchedulerImpl: Removed TaskSet 6.0, whose tasks have all completed, from pool
[2024-10-12T00:57:51.808+0000] {spark_submit.py:649} INFO - 24/10/12 00:57:51 INFO DAGScheduler: ResultStage 6 (toPandas at /spark-scripts/taxi_etl.py:143) finished in 0.128 s
[2024-10-12T00:57:51.810+0000] {spark_submit.py:649} INFO - 24/10/12 00:57:51 INFO DAGScheduler: Job 4 is finished. Cancelling potential speculative or zombie tasks for this job
[2024-10-12T00:57:51.812+0000] {spark_submit.py:649} INFO - 24/10/12 00:57:51 INFO TaskSchedulerImpl: Killing all running tasks in stage 6: Stage finished
[2024-10-12T00:57:51.814+0000] {spark_submit.py:649} INFO - 24/10/12 00:57:51 INFO DAGScheduler: Job 4 finished: toPandas at /spark-scripts/taxi_etl.py:143, took 0.140962 s
[2024-10-12T00:57:55.853+0000] {spark_submit.py:649} INFO - 24/10/12 00:57:55 INFO FileSourceStrategy: Pushed Filters:
[2024-10-12T00:57:55.860+0000] {spark_submit.py:649} INFO - 24/10/12 00:57:55 INFO FileSourceStrategy: Post-Scan Filters: atleastnnonnulls(4, tpep_pickup_datetime#15, tpep_dropoff_datetime#16, pickup_longitude#19, pickup_latitude#20)
[2024-10-12T00:57:55.941+0000] {spark_submit.py:649} INFO - 24/10/12 00:57:55 INFO CodeGenerator: Code generated in 38.875125 ms
[2024-10-12T00:57:55.947+0000] {spark_submit.py:649} INFO - 24/10/12 00:57:55 INFO MemoryStore: Block broadcast_7 stored as values in memory (estimated size 204.6 KiB, free 1048.1 MiB)
[2024-10-12T00:57:55.965+0000] {spark_submit.py:649} INFO - 24/10/12 00:57:55 INFO BlockManagerInfo: Removed broadcast_6_piece0 on yellow-cab-airflow-scheduler:44273 in memory (size: 21.0 KiB, free: 1048.7 MiB)
[2024-10-12T00:57:55.967+0000] {spark_submit.py:649} INFO - 24/10/12 00:57:55 INFO MemoryStore: Block broadcast_7_piece0 stored as bytes in memory (estimated size 35.6 KiB, free 1048.1 MiB)
[2024-10-12T00:57:55.970+0000] {spark_submit.py:649} INFO - 24/10/12 00:57:55 INFO BlockManagerInfo: Added broadcast_7_piece0 in memory on yellow-cab-airflow-scheduler:44273 (size: 35.6 KiB, free: 1048.7 MiB)
[2024-10-12T00:57:55.972+0000] {spark_submit.py:649} INFO - 24/10/12 00:57:55 INFO SparkContext: Created broadcast 7 from toPandas at /spark-scripts/taxi_etl.py:146
[2024-10-12T00:57:55.975+0000] {spark_submit.py:649} INFO - 24/10/12 00:57:55 INFO FileSourceScanExec: Planning scan with bin packing, max size: 40994968 bytes, open cost is considered as scanning 4194304 bytes.
[2024-10-12T00:57:55.976+0000] {spark_submit.py:649} INFO - 24/10/12 00:57:55 INFO BlockManagerInfo: Removed broadcast_6_piece0 on 172.24.0.3:44847 in memory (size: 21.0 KiB, free: 4.6 GiB)
[2024-10-12T00:57:55.988+0000] {spark_submit.py:649} INFO - 24/10/12 00:57:55 INFO DAGScheduler: Registering RDD 22 (toPandas at /spark-scripts/taxi_etl.py:146) as input to shuffle 2
[2024-10-12T00:57:55.989+0000] {spark_submit.py:649} INFO - 24/10/12 00:57:55 INFO DAGScheduler: Got map stage job 5 (toPandas at /spark-scripts/taxi_etl.py:146) with 4 output partitions
[2024-10-12T00:57:55.990+0000] {spark_submit.py:649} INFO - 24/10/12 00:57:55 INFO DAGScheduler: Final stage: ShuffleMapStage 7 (toPandas at /spark-scripts/taxi_etl.py:146)
[2024-10-12T00:57:55.991+0000] {spark_submit.py:649} INFO - 24/10/12 00:57:55 INFO DAGScheduler: Parents of final stage: List()
[2024-10-12T00:57:55.991+0000] {spark_submit.py:649} INFO - 24/10/12 00:57:55 INFO DAGScheduler: Missing parents: List()
[2024-10-12T00:57:55.992+0000] {spark_submit.py:649} INFO - 24/10/12 00:57:55 INFO DAGScheduler: Submitting ShuffleMapStage 7 (MapPartitionsRDD[22] at toPandas at /spark-scripts/taxi_etl.py:146), which has no missing parents
[2024-10-12T00:57:55.996+0000] {spark_submit.py:649} INFO - 24/10/12 00:57:55 INFO MemoryStore: Block broadcast_8 stored as values in memory (estimated size 32.9 KiB, free 1048.1 MiB)
[2024-10-12T00:57:56.002+0000] {spark_submit.py:649} INFO - 24/10/12 00:57:56 INFO MemoryStore: Block broadcast_8_piece0 stored as bytes in memory (estimated size 14.9 KiB, free 1048.0 MiB)
[2024-10-12T00:57:56.004+0000] {spark_submit.py:649} INFO - 24/10/12 00:57:56 INFO BlockManagerInfo: Added broadcast_8_piece0 in memory on yellow-cab-airflow-scheduler:44273 (size: 14.9 KiB, free: 1048.7 MiB)
[2024-10-12T00:57:56.004+0000] {spark_submit.py:649} INFO - 24/10/12 00:57:56 INFO SparkContext: Created broadcast 8 from broadcast at DAGScheduler.scala:1585
[2024-10-12T00:57:56.005+0000] {spark_submit.py:649} INFO - 24/10/12 00:57:56 INFO DAGScheduler: Submitting 4 missing tasks from ShuffleMapStage 7 (MapPartitionsRDD[22] at toPandas at /spark-scripts/taxi_etl.py:146) (first 15 tasks are for partitions Vector(0, 1, 2, 3))
[2024-10-12T00:57:56.006+0000] {spark_submit.py:649} INFO - 24/10/12 00:57:56 INFO TaskSchedulerImpl: Adding task set 7.0 with 4 tasks resource profile 0
[2024-10-12T00:57:56.007+0000] {spark_submit.py:649} INFO - 24/10/12 00:57:56 INFO TaskSetManager: Starting task 0.0 in stage 7.0 (TID 8) (172.24.0.3, executor 0, partition 0, PROCESS_LOCAL, 9983 bytes)
[2024-10-12T00:57:56.008+0000] {spark_submit.py:649} INFO - 24/10/12 00:57:56 INFO TaskSetManager: Starting task 1.0 in stage 7.0 (TID 9) (172.24.0.3, executor 0, partition 1, PROCESS_LOCAL, 9983 bytes)
[2024-10-12T00:57:56.008+0000] {spark_submit.py:649} INFO - 24/10/12 00:57:56 INFO TaskSetManager: Starting task 2.0 in stage 7.0 (TID 10) (172.24.0.3, executor 0, partition 2, PROCESS_LOCAL, 9983 bytes)
[2024-10-12T00:57:56.009+0000] {spark_submit.py:649} INFO - 24/10/12 00:57:56 INFO TaskSetManager: Starting task 3.0 in stage 7.0 (TID 11) (172.24.0.3, executor 0, partition 3, PROCESS_LOCAL, 9983 bytes)
[2024-10-12T00:57:56.053+0000] {spark_submit.py:649} INFO - 24/10/12 00:57:56 INFO BlockManagerInfo: Added broadcast_8_piece0 in memory on 172.24.0.3:44847 (size: 14.9 KiB, free: 4.6 GiB)
[2024-10-12T00:57:56.221+0000] {spark_submit.py:649} INFO - 24/10/12 00:57:56 INFO BlockManagerInfo: Added broadcast_7_piece0 in memory on 172.24.0.3:44847 (size: 35.6 KiB, free: 4.6 GiB)
[2024-10-12T00:57:57.883+0000] {spark_submit.py:649} INFO - 24/10/12 00:57:57 INFO TaskSetManager: Finished task 3.0 in stage 7.0 (TID 11) in 1862 ms on 172.24.0.3 (executor 0) (1/4)
[2024-10-12T00:57:57.891+0000] {spark_submit.py:649} INFO - 24/10/12 00:57:57 INFO TaskSetManager: Finished task 1.0 in stage 7.0 (TID 9) in 1876 ms on 172.24.0.3 (executor 0) (2/4)
[2024-10-12T00:57:57.898+0000] {spark_submit.py:649} INFO - 24/10/12 00:57:57 INFO TaskSetManager: Finished task 0.0 in stage 7.0 (TID 8) in 1891 ms on 172.24.0.3 (executor 0) (3/4)
[2024-10-12T00:57:57.961+0000] {spark_submit.py:649} INFO - 24/10/12 00:57:57 INFO TaskSetManager: Finished task 2.0 in stage 7.0 (TID 10) in 1953 ms on 172.24.0.3 (executor 0) (4/4)
[2024-10-12T00:57:57.962+0000] {spark_submit.py:649} INFO - 24/10/12 00:57:57 INFO TaskSchedulerImpl: Removed TaskSet 7.0, whose tasks have all completed, from pool
[2024-10-12T00:57:57.963+0000] {spark_submit.py:649} INFO - 24/10/12 00:57:57 INFO DAGScheduler: ShuffleMapStage 7 (toPandas at /spark-scripts/taxi_etl.py:146) finished in 1.968 s
[2024-10-12T00:57:57.963+0000] {spark_submit.py:649} INFO - 24/10/12 00:57:57 INFO DAGScheduler: looking for newly runnable stages
[2024-10-12T00:57:57.964+0000] {spark_submit.py:649} INFO - 24/10/12 00:57:57 INFO DAGScheduler: running: Set()
[2024-10-12T00:57:57.964+0000] {spark_submit.py:649} INFO - 24/10/12 00:57:57 INFO DAGScheduler: waiting: Set()
[2024-10-12T00:57:57.964+0000] {spark_submit.py:649} INFO - 24/10/12 00:57:57 INFO DAGScheduler: failed: Set()
[2024-10-12T00:57:57.975+0000] {spark_submit.py:649} INFO - 24/10/12 00:57:57 INFO ShufflePartitionsUtil: For shuffle(2), advisory target size: 67108864, actual target size 1048576, minimum partition size: 1048576
[2024-10-12T00:57:58.076+0000] {spark_submit.py:649} INFO - 24/10/12 00:57:58 INFO CodeGenerator: Code generated in 48.7705 ms
[2024-10-12T00:57:58.120+0000] {spark_submit.py:649} INFO - 24/10/12 00:57:58 INFO SparkContext: Starting job: toPandas at /spark-scripts/taxi_etl.py:146
[2024-10-12T00:57:58.123+0000] {spark_submit.py:649} INFO - 24/10/12 00:57:58 INFO DAGScheduler: Got job 6 (toPandas at /spark-scripts/taxi_etl.py:146) with 1 output partitions
[2024-10-12T00:57:58.123+0000] {spark_submit.py:649} INFO - 24/10/12 00:57:58 INFO DAGScheduler: Final stage: ResultStage 9 (toPandas at /spark-scripts/taxi_etl.py:146)
[2024-10-12T00:57:58.124+0000] {spark_submit.py:649} INFO - 24/10/12 00:57:58 INFO DAGScheduler: Parents of final stage: List(ShuffleMapStage 8)
[2024-10-12T00:57:58.124+0000] {spark_submit.py:649} INFO - 24/10/12 00:57:58 INFO DAGScheduler: Missing parents: List()
[2024-10-12T00:57:58.124+0000] {spark_submit.py:649} INFO - 24/10/12 00:57:58 INFO DAGScheduler: Submitting ResultStage 9 (MapPartitionsRDD[25] at toPandas at /spark-scripts/taxi_etl.py:146), which has no missing parents
[2024-10-12T00:57:58.139+0000] {spark_submit.py:649} INFO - 24/10/12 00:57:58 INFO MemoryStore: Block broadcast_9 stored as values in memory (estimated size 55.3 KiB, free 1048.0 MiB)
[2024-10-12T00:57:58.144+0000] {spark_submit.py:649} INFO - 24/10/12 00:57:58 INFO MemoryStore: Block broadcast_9_piece0 stored as bytes in memory (estimated size 23.8 KiB, free 1048.0 MiB)
[2024-10-12T00:57:58.146+0000] {spark_submit.py:649} INFO - 24/10/12 00:57:58 INFO BlockManagerInfo: Added broadcast_9_piece0 in memory on yellow-cab-airflow-scheduler:44273 (size: 23.8 KiB, free: 1048.7 MiB)
[2024-10-12T00:57:58.147+0000] {spark_submit.py:649} INFO - 24/10/12 00:57:58 INFO SparkContext: Created broadcast 9 from broadcast at DAGScheduler.scala:1585
[2024-10-12T00:57:58.147+0000] {spark_submit.py:649} INFO - 24/10/12 00:57:58 INFO DAGScheduler: Submitting 1 missing tasks from ResultStage 9 (MapPartitionsRDD[25] at toPandas at /spark-scripts/taxi_etl.py:146) (first 15 tasks are for partitions Vector(0))
[2024-10-12T00:57:58.148+0000] {spark_submit.py:649} INFO - 24/10/12 00:57:58 INFO TaskSchedulerImpl: Adding task set 9.0 with 1 tasks resource profile 0
[2024-10-12T00:57:58.149+0000] {spark_submit.py:649} INFO - 24/10/12 00:57:58 INFO TaskSetManager: Starting task 0.0 in stage 9.0 (TID 12) (172.24.0.3, executor 0, partition 0, NODE_LOCAL, 9391 bytes)
[2024-10-12T00:57:58.195+0000] {spark_submit.py:649} INFO - 24/10/12 00:57:58 INFO BlockManagerInfo: Added broadcast_9_piece0 in memory on 172.24.0.3:44847 (size: 23.8 KiB, free: 4.6 GiB)
[2024-10-12T00:57:58.248+0000] {spark_submit.py:649} INFO - 24/10/12 00:57:58 INFO MapOutputTrackerMasterEndpoint: Asked to send map output locations for shuffle 2 to 172.24.0.3:33252
[2024-10-12T00:57:58.594+0000] {spark_submit.py:649} INFO - 24/10/12 00:57:58 INFO BlockManagerInfo: Added taskresult_12 in memory on 172.24.0.3:44847 (size: 3.8 MiB, free: 4.6 GiB)
[2024-10-12T00:57:58.625+0000] {spark_submit.py:649} INFO - 24/10/12 00:57:58 INFO TransportClientFactory: Successfully created connection to /172.24.0.3:44847 after 2 ms (0 ms spent in bootstraps)
[2024-10-12T00:57:58.665+0000] {spark_submit.py:649} INFO - 24/10/12 00:57:58 INFO BlockManagerInfo: Removed broadcast_8_piece0 on yellow-cab-airflow-scheduler:44273 in memory (size: 14.9 KiB, free: 1048.7 MiB)
[2024-10-12T00:57:58.669+0000] {spark_submit.py:649} INFO - 24/10/12 00:57:58 INFO BlockManagerInfo: Removed broadcast_8_piece0 on 172.24.0.3:44847 in memory (size: 14.9 KiB, free: 4.6 GiB)
[2024-10-12T00:57:58.685+0000] {spark_submit.py:649} INFO - 24/10/12 00:57:58 INFO TaskSetManager: Finished task 0.0 in stage 9.0 (TID 12) in 537 ms on 172.24.0.3 (executor 0) (1/1)
[2024-10-12T00:57:58.686+0000] {spark_submit.py:649} INFO - 24/10/12 00:57:58 INFO TaskSchedulerImpl: Removed TaskSet 9.0, whose tasks have all completed, from pool
[2024-10-12T00:57:58.690+0000] {spark_submit.py:649} INFO - 24/10/12 00:57:58 INFO DAGScheduler: ResultStage 9 (toPandas at /spark-scripts/taxi_etl.py:146) finished in 0.555 s
[2024-10-12T00:57:58.690+0000] {spark_submit.py:649} INFO - 24/10/12 00:57:58 INFO DAGScheduler: Job 6 is finished. Cancelling potential speculative or zombie tasks for this job
[2024-10-12T00:57:58.691+0000] {spark_submit.py:649} INFO - 24/10/12 00:57:58 INFO TaskSchedulerImpl: Killing all running tasks in stage 9: Stage finished
[2024-10-12T00:57:58.691+0000] {spark_submit.py:649} INFO - 24/10/12 00:57:58 INFO DAGScheduler: Job 6 finished: toPandas at /spark-scripts/taxi_etl.py:146, took 0.569495 s
[2024-10-12T00:57:58.692+0000] {spark_submit.py:649} INFO - 24/10/12 00:57:58 INFO BlockManagerInfo: Removed taskresult_12 on 172.24.0.3:44847 in memory (size: 3.8 MiB, free: 4.6 GiB)
[2024-10-12T00:57:58.732+0000] {spark_submit.py:649} INFO - 24/10/12 00:57:58 INFO BlockManagerInfo: Removed broadcast_2_piece0 on 172.24.0.3:44847 in memory (size: 35.6 KiB, free: 4.6 GiB)
[2024-10-12T00:57:58.736+0000] {spark_submit.py:649} INFO - 24/10/12 00:57:58 INFO BlockManagerInfo: Removed broadcast_2_piece0 on yellow-cab-airflow-scheduler:44273 in memory (size: 35.6 KiB, free: 1048.7 MiB)
[2024-10-12T00:57:58.796+0000] {spark_submit.py:649} INFO - 24/10/12 00:57:58 INFO BlockManagerInfo: Removed broadcast_9_piece0 on yellow-cab-airflow-scheduler:44273 in memory (size: 23.8 KiB, free: 1048.7 MiB)
[2024-10-12T00:57:58.805+0000] {spark_submit.py:649} INFO - 24/10/12 00:57:58 INFO BlockManagerInfo: Removed broadcast_9_piece0 on 172.24.0.3:44847 in memory (size: 23.8 KiB, free: 4.6 GiB)
[2024-10-12T00:58:11.079+0000] {spark_submit.py:649} INFO - 24/10/12 00:58:11 INFO FileSourceStrategy: Pushed Filters:
[2024-10-12T00:58:11.083+0000] {spark_submit.py:649} INFO - 24/10/12 00:58:11 INFO FileSourceStrategy: Post-Scan Filters: atleastnnonnulls(4, tpep_pickup_datetime#15, tpep_dropoff_datetime#16, pickup_longitude#19, pickup_latitude#20)
[2024-10-12T00:58:11.119+0000] {spark_submit.py:649} INFO - 24/10/12 00:58:11 INFO MemoryStore: Block broadcast_10 stored as values in memory (estimated size 204.6 KiB, free 1048.1 MiB)
[2024-10-12T00:58:11.147+0000] {spark_submit.py:649} INFO - 24/10/12 00:58:11 INFO MemoryStore: Block broadcast_10_piece0 stored as bytes in memory (estimated size 35.6 KiB, free 1048.1 MiB)
[2024-10-12T00:58:11.149+0000] {spark_submit.py:649} INFO - 24/10/12 00:58:11 INFO BlockManagerInfo: Added broadcast_10_piece0 in memory on yellow-cab-airflow-scheduler:44273 (size: 35.6 KiB, free: 1048.7 MiB)
[2024-10-12T00:58:11.150+0000] {spark_submit.py:649} INFO - 24/10/12 00:58:11 INFO SparkContext: Created broadcast 10 from toPandas at /spark-scripts/taxi_etl.py:149
[2024-10-12T00:58:11.154+0000] {spark_submit.py:649} INFO - 24/10/12 00:58:11 INFO FileSourceScanExec: Planning scan with bin packing, max size: 40994968 bytes, open cost is considered as scanning 4194304 bytes.
[2024-10-12T00:58:11.173+0000] {spark_submit.py:649} INFO - 24/10/12 00:58:11 INFO SparkContext: Starting job: toPandas at /spark-scripts/taxi_etl.py:149
[2024-10-12T00:58:11.178+0000] {spark_submit.py:649} INFO - 24/10/12 00:58:11 INFO DAGScheduler: Got job 7 (toPandas at /spark-scripts/taxi_etl.py:149) with 4 output partitions
[2024-10-12T00:58:11.178+0000] {spark_submit.py:649} INFO - 24/10/12 00:58:11 INFO DAGScheduler: Final stage: ResultStage 10 (toPandas at /spark-scripts/taxi_etl.py:149)
[2024-10-12T00:58:11.179+0000] {spark_submit.py:649} INFO - 24/10/12 00:58:11 INFO DAGScheduler: Parents of final stage: List()
[2024-10-12T00:58:11.179+0000] {spark_submit.py:649} INFO - 24/10/12 00:58:11 INFO DAGScheduler: Missing parents: List()
[2024-10-12T00:58:11.179+0000] {spark_submit.py:649} INFO - 24/10/12 00:58:11 INFO DAGScheduler: Submitting ResultStage 10 (MapPartitionsRDD[31] at toPandas at /spark-scripts/taxi_etl.py:149), which has no missing parents
[2024-10-12T00:58:11.184+0000] {spark_submit.py:649} INFO - 24/10/12 00:58:11 INFO MemoryStore: Block broadcast_11 stored as values in memory (estimated size 37.4 KiB, free 1048.1 MiB)
[2024-10-12T00:58:11.188+0000] {spark_submit.py:649} INFO - 24/10/12 00:58:11 INFO MemoryStore: Block broadcast_11_piece0 stored as bytes in memory (estimated size 16.1 KiB, free 1048.0 MiB)
[2024-10-12T00:58:11.190+0000] {spark_submit.py:649} INFO - 24/10/12 00:58:11 INFO BlockManagerInfo: Added broadcast_11_piece0 in memory on yellow-cab-airflow-scheduler:44273 (size: 16.1 KiB, free: 1048.7 MiB)
[2024-10-12T00:58:11.192+0000] {spark_submit.py:649} INFO - 24/10/12 00:58:11 INFO SparkContext: Created broadcast 11 from broadcast at DAGScheduler.scala:1585
[2024-10-12T00:58:11.194+0000] {spark_submit.py:649} INFO - 24/10/12 00:58:11 INFO DAGScheduler: Submitting 4 missing tasks from ResultStage 10 (MapPartitionsRDD[31] at toPandas at /spark-scripts/taxi_etl.py:149) (first 15 tasks are for partitions Vector(0, 1, 2, 3))
[2024-10-12T00:58:11.194+0000] {spark_submit.py:649} INFO - 24/10/12 00:58:11 INFO TaskSchedulerImpl: Adding task set 10.0 with 4 tasks resource profile 0
[2024-10-12T00:58:11.199+0000] {spark_submit.py:649} INFO - 24/10/12 00:58:11 INFO TaskSetManager: Starting task 0.0 in stage 10.0 (TID 13) (172.24.0.3, executor 0, partition 0, PROCESS_LOCAL, 9994 bytes)
[2024-10-12T00:58:11.200+0000] {spark_submit.py:649} INFO - 24/10/12 00:58:11 INFO TaskSetManager: Starting task 1.0 in stage 10.0 (TID 14) (172.24.0.3, executor 0, partition 1, PROCESS_LOCAL, 9994 bytes)
[2024-10-12T00:58:11.200+0000] {spark_submit.py:649} INFO - 24/10/12 00:58:11 INFO TaskSetManager: Starting task 2.0 in stage 10.0 (TID 15) (172.24.0.3, executor 0, partition 2, PROCESS_LOCAL, 9994 bytes)
[2024-10-12T00:58:11.201+0000] {spark_submit.py:649} INFO - 24/10/12 00:58:11 INFO TaskSetManager: Starting task 3.0 in stage 10.0 (TID 16) (172.24.0.3, executor 0, partition 3, PROCESS_LOCAL, 9994 bytes)
[2024-10-12T00:58:11.233+0000] {spark_submit.py:649} INFO - 24/10/12 00:58:11 INFO BlockManagerInfo: Added broadcast_11_piece0 in memory on 172.24.0.3:44847 (size: 16.1 KiB, free: 4.6 GiB)
[2024-10-12T00:58:11.312+0000] {spark_submit.py:649} INFO - 24/10/12 00:58:11 INFO BlockManagerInfo: Added broadcast_10_piece0 in memory on 172.24.0.3:44847 (size: 35.6 KiB, free: 4.6 GiB)
[2024-10-12T00:58:14.179+0000] {spark_submit.py:649} INFO - 24/10/12 00:58:14 INFO BlockManagerInfo: Added taskresult_16 in memory on 172.24.0.3:44847 (size: 30.6 MiB, free: 4.6 GiB)
[2024-10-12T00:58:14.405+0000] {spark_submit.py:649} INFO - 24/10/12 00:58:14 INFO BlockManagerInfo: Added taskresult_15 in memory on 172.24.0.3:44847 (size: 34.2 MiB, free: 4.6 GiB)
[2024-10-12T00:58:14.482+0000] {spark_submit.py:649} INFO - 24/10/12 00:58:14 INFO BlockManagerInfo: Added taskresult_13 in memory on 172.24.0.3:44847 (size: 34.2 MiB, free: 4.5 GiB)
[2024-10-12T00:58:14.485+0000] {spark_submit.py:649} INFO - 24/10/12 00:58:14 INFO BlockManagerInfo: Added taskresult_14 in memory on 172.24.0.3:44847 (size: 34.2 MiB, free: 4.5 GiB)
[2024-10-12T00:58:14.605+0000] {spark_submit.py:649} INFO - 24/10/12 00:58:14 INFO TaskSetManager: Finished task 3.0 in stage 10.0 (TID 16) in 3404 ms on 172.24.0.3 (executor 0) (1/4)
[2024-10-12T00:58:14.612+0000] {spark_submit.py:649} INFO - 24/10/12 00:58:14 INFO BlockManagerInfo: Removed taskresult_16 on 172.24.0.3:44847 in memory (size: 30.6 MiB, free: 4.5 GiB)
[2024-10-12T00:58:14.701+0000] {spark_submit.py:649} INFO - 24/10/12 00:58:14 INFO TaskSetManager: Finished task 2.0 in stage 10.0 (TID 15) in 3500 ms on 172.24.0.3 (executor 0) (2/4)
[2024-10-12T00:58:14.705+0000] {spark_submit.py:649} INFO - 24/10/12 00:58:14 INFO BlockManagerInfo: Removed taskresult_15 on 172.24.0.3:44847 in memory (size: 34.2 MiB, free: 4.6 GiB)
[2024-10-12T00:58:14.760+0000] {spark_submit.py:649} INFO - 24/10/12 00:58:14 INFO TaskSetManager: Finished task 0.0 in stage 10.0 (TID 13) in 3562 ms on 172.24.0.3 (executor 0) (3/4)
[2024-10-12T00:58:14.764+0000] {spark_submit.py:649} INFO - 24/10/12 00:58:14 INFO BlockManagerInfo: Removed taskresult_13 on 172.24.0.3:44847 in memory (size: 34.2 MiB, free: 4.6 GiB)
[2024-10-12T00:58:14.845+0000] {spark_submit.py:649} INFO - 24/10/12 00:58:14 INFO TaskSetManager: Finished task 1.0 in stage 10.0 (TID 14) in 3646 ms on 172.24.0.3 (executor 0) (4/4)
[2024-10-12T00:58:14.845+0000] {spark_submit.py:649} INFO - 24/10/12 00:58:14 INFO TaskSchedulerImpl: Removed TaskSet 10.0, whose tasks have all completed, from pool
[2024-10-12T00:58:14.846+0000] {spark_submit.py:649} INFO - 24/10/12 00:58:14 INFO DAGScheduler: ResultStage 10 (toPandas at /spark-scripts/taxi_etl.py:149) finished in 3.665 s
[2024-10-12T00:58:14.847+0000] {spark_submit.py:649} INFO - 24/10/12 00:58:14 INFO DAGScheduler: Job 7 is finished. Cancelling potential speculative or zombie tasks for this job
[2024-10-12T00:58:14.847+0000] {spark_submit.py:649} INFO - 24/10/12 00:58:14 INFO TaskSchedulerImpl: Killing all running tasks in stage 10: Stage finished
[2024-10-12T00:58:14.848+0000] {spark_submit.py:649} INFO - 24/10/12 00:58:14 INFO DAGScheduler: Job 7 finished: toPandas at /spark-scripts/taxi_etl.py:149, took 3.672122 s
[2024-10-12T00:58:14.850+0000] {spark_submit.py:649} INFO - 24/10/12 00:58:14 INFO BlockManagerInfo: Removed taskresult_14 on 172.24.0.3:44847 in memory (size: 34.2 MiB, free: 4.6 GiB)
[2024-10-12T00:58:17.750+0000] {spark_submit.py:649} INFO - 24/10/12 00:58:17 INFO BlockManagerInfo: Removed broadcast_11_piece0 on yellow-cab-airflow-scheduler:44273 in memory (size: 16.1 KiB, free: 1048.7 MiB)
[2024-10-12T00:58:17.760+0000] {spark_submit.py:649} INFO - 24/10/12 00:58:17 INFO BlockManagerInfo: Removed broadcast_11_piece0 on 172.24.0.3:44847 in memory (size: 16.1 KiB, free: 4.6 GiB)
[2024-10-12T00:59:35.884+0000] {spark_submit.py:649} INFO - 24/10/12 00:59:35 INFO SparkContext: SparkContext is stopping with exitCode 0.
[2024-10-12T00:59:36.004+0000] {spark_submit.py:649} INFO - 24/10/12 00:59:36 INFO SparkUI: Stopped Spark web UI at http://yellow-cab-airflow-scheduler:4040
[2024-10-12T00:59:36.017+0000] {spark_submit.py:649} INFO - 24/10/12 00:59:36 INFO StandaloneSchedulerBackend: Shutting down all executors
[2024-10-12T00:59:36.021+0000] {spark_submit.py:649} INFO - 24/10/12 00:59:36 INFO StandaloneSchedulerBackend$StandaloneDriverEndpoint: Asking each executor to shut down
[2024-10-12T00:59:36.163+0000] {spark_submit.py:649} INFO - 24/10/12 00:59:36 INFO MapOutputTrackerMasterEndpoint: MapOutputTrackerMasterEndpoint stopped!
[2024-10-12T00:59:36.358+0000] {spark_submit.py:649} INFO - 24/10/12 00:59:36 INFO MemoryStore: MemoryStore cleared
[2024-10-12T00:59:36.358+0000] {spark_submit.py:649} INFO - 24/10/12 00:59:36 INFO BlockManager: BlockManager stopped
[2024-10-12T00:59:36.362+0000] {spark_submit.py:649} INFO - 24/10/12 00:59:36 INFO BlockManagerMaster: BlockManagerMaster stopped
[2024-10-12T00:59:36.366+0000] {spark_submit.py:649} INFO - 24/10/12 00:59:36 INFO OutputCommitCoordinator$OutputCommitCoordinatorEndpoint: OutputCommitCoordinator stopped!
[2024-10-12T00:59:36.487+0000] {spark_submit.py:649} INFO - 24/10/12 00:59:36 INFO SparkContext: Successfully stopped SparkContext
[2024-10-12T00:59:37.005+0000] {spark_submit.py:649} INFO - 24/10/12 00:59:37 INFO ShutdownHookManager: Shutdown hook called
[2024-10-12T00:59:37.006+0000] {spark_submit.py:649} INFO - 24/10/12 00:59:37 INFO ShutdownHookManager: Deleting directory /tmp/spark-37d6de3f-d0c7-4353-80e8-f2b71f9a2fd0
[2024-10-12T00:59:37.093+0000] {spark_submit.py:649} INFO - 24/10/12 00:59:37 INFO ShutdownHookManager: Deleting directory /tmp/spark-bdaf906d-caa5-4156-8008-3ee0c38eab4d
[2024-10-12T00:59:37.170+0000] {spark_submit.py:649} INFO - 24/10/12 00:59:37 INFO ShutdownHookManager: Deleting directory /tmp/spark-37d6de3f-d0c7-4353-80e8-f2b71f9a2fd0/pyspark-830f091d-61f4-4be2-b716-18b144b3d177
[2024-10-12T00:59:37.338+0000] {taskinstance.py:441} INFO - ::group::Post task execution logs
[2024-10-12T00:59:37.439+0000] {taskinstance.py:1206} INFO - Marking task as SUCCESS. dag_id=etl_yellow_cab, task_id=etl_task, run_id=manual__2024-10-12T00:13:45.785414+00:00, execution_date=20241012T001345, start_date=20241012T005734, end_date=20241012T005937
[2024-10-12T00:59:37.490+0000] {local_task_job_runner.py:240} INFO - Task exited with return code 0
[2024-10-12T00:59:37.543+0000] {taskinstance.py:3498} INFO - 0 downstream tasks scheduled from follow-on schedule check
[2024-10-12T00:59:37.543+0000] {local_task_job_runner.py:222} INFO - ::endgroup::
