[2024-10-12T01:06:52.365+0000] {local_task_job_runner.py:120} INFO - ::group::Pre task execution logs
[2024-10-12T01:06:52.500+0000] {taskinstance.py:2076} INFO - Dependencies all met for dep_context=non-requeueable deps ti=<TaskInstance: etl_yellow_cab.etl_task manual__2024-10-12T00:13:45.785414+00:00 [queued]>
[2024-10-12T01:06:52.511+0000] {taskinstance.py:2076} INFO - Dependencies all met for dep_context=requeueable deps ti=<TaskInstance: etl_yellow_cab.etl_task manual__2024-10-12T00:13:45.785414+00:00 [queued]>
[2024-10-12T01:06:52.511+0000] {taskinstance.py:2306} INFO - Starting attempt 9 of 9
[2024-10-12T01:06:52.536+0000] {taskinstance.py:2330} INFO - Executing <Task(SparkSubmitOperator): etl_task> on 2024-10-12 00:13:45.785414+00:00
[2024-10-12T01:06:52.546+0000] {standard_task_runner.py:63} INFO - Started process 7031 to run task
[2024-10-12T01:06:52.550+0000] {standard_task_runner.py:90} INFO - Running: ['airflow', 'tasks', 'run', 'etl_yellow_cab', 'etl_task', 'manual__2024-10-12T00:13:45.785414+00:00', '--job-id', '72', '--raw', '--subdir', 'DAGS_FOLDER/yellow-cab-batch.py', '--cfg-path', '/tmp/tmpbdzc98ha']
[2024-10-12T01:06:52.552+0000] {standard_task_runner.py:91} INFO - Job 72: Subtask etl_task
[2024-10-12T01:06:52.652+0000] {logging_mixin.py:188} WARNING - /home/airflow/.local/lib/python3.9/site-packages/airflow/settings.py:195 DeprecationWarning: The sql_alchemy_conn option in [core] has been moved to the sql_alchemy_conn option in [database] - the old setting has been used, but please update your config.
[2024-10-12T01:06:52.842+0000] {task_command.py:426} INFO - Running <TaskInstance: etl_yellow_cab.etl_task manual__2024-10-12T00:13:45.785414+00:00 [running]> on host yellow-cab-airflow-scheduler
[2024-10-12T01:06:53.240+0000] {taskinstance.py:2648} INFO - Exporting env vars: AIRFLOW_CTX_DAG_OWNER='hafidz' AIRFLOW_CTX_DAG_ID='etl_yellow_cab' AIRFLOW_CTX_TASK_ID='etl_task' AIRFLOW_CTX_EXECUTION_DATE='2024-10-12T00:13:45.785414+00:00' AIRFLOW_CTX_TRY_NUMBER='9' AIRFLOW_CTX_DAG_RUN_ID='manual__2024-10-12T00:13:45.785414+00:00'
[2024-10-12T01:06:53.246+0000] {taskinstance.py:430} INFO - ::endgroup::
[2024-10-12T01:06:53.346+0000] {base.py:84} INFO - Using connection ID 'spark_main' for task execution.
[2024-10-12T01:06:53.348+0000] {spark_submit.py:473} INFO - Spark-Submit cmd: spark-submit --master spark://spark-master:7077 --conf spark.jars.packages=org.apache.sedona:sedona-python-adapter-3.0_2.12:1.2.0-incubating,org.datasyslab:geotools-wrapper:geotools-24.0 --conf spark.jars.repositories=https://repo1.maven.org/maven2/ --conf spark.executor.memory=8g --conf spark.driver.maxResultSize=8g --conf spark.driver.memory=2g --name arrow-spark --deploy-mode client /spark-scripts/taxi_etl.py
[2024-10-12T01:06:56.599+0000] {spark_submit.py:649} INFO - https://repo1.maven.org/maven2/ added as a remote repository with the name: repo-1
[2024-10-12T01:06:56.630+0000] {spark_submit.py:649} INFO - :: loading settings :: url = jar:file:/home/airflow/.local/lib/python3.9/site-packages/pyspark/jars/ivy-2.5.1.jar!/org/apache/ivy/core/settings/ivysettings.xml
[2024-10-12T01:06:56.739+0000] {spark_submit.py:649} INFO - Ivy Default Cache set to: /home/airflow/.ivy2/cache
[2024-10-12T01:06:56.740+0000] {spark_submit.py:649} INFO - The jars for the packages stored in: /home/airflow/.ivy2/jars
[2024-10-12T01:06:56.743+0000] {spark_submit.py:649} INFO - org.apache.sedona#sedona-python-adapter-3.0_2.12 added as a dependency
[2024-10-12T01:06:56.744+0000] {spark_submit.py:649} INFO - org.datasyslab#geotools-wrapper added as a dependency
[2024-10-12T01:06:56.744+0000] {spark_submit.py:649} INFO - :: resolving dependencies :: org.apache.spark#spark-submit-parent-82b17303-1b94-46de-b8ed-26a134a414af;1.0
[2024-10-12T01:06:56.744+0000] {spark_submit.py:649} INFO - confs: [default]
[2024-10-12T01:06:56.880+0000] {spark_submit.py:649} INFO - found org.apache.sedona#sedona-python-adapter-3.0_2.12;1.2.0-incubating in central
[2024-10-12T01:06:56.913+0000] {spark_submit.py:649} INFO - found org.locationtech.jts#jts-core;1.18.0 in central
[2024-10-12T01:06:56.930+0000] {spark_submit.py:649} INFO - found org.wololo#jts2geojson;0.16.1 in central
[2024-10-12T01:06:56.949+0000] {spark_submit.py:649} INFO - found org.apache.sedona#sedona-core-3.0_2.12;1.2.0-incubating in central
[2024-10-12T01:06:56.963+0000] {spark_submit.py:649} INFO - found org.scala-lang.modules#scala-collection-compat_2.12;2.5.0 in central
[2024-10-12T01:06:56.976+0000] {spark_submit.py:649} INFO - found org.apache.sedona#sedona-sql-3.0_2.12;1.2.0-incubating in central
[2024-10-12T01:06:56.988+0000] {spark_submit.py:649} INFO - found org.datasyslab#geotools-wrapper;geotools-24.0 in central
[2024-10-12T01:06:57.003+0000] {spark_submit.py:649} INFO - :: resolution report :: resolve 252ms :: artifacts dl 7ms
[2024-10-12T01:06:57.003+0000] {spark_submit.py:649} INFO - :: modules in use:
[2024-10-12T01:06:57.003+0000] {spark_submit.py:649} INFO - org.apache.sedona#sedona-core-3.0_2.12;1.2.0-incubating from central in [default]
[2024-10-12T01:06:57.003+0000] {spark_submit.py:649} INFO - org.apache.sedona#sedona-python-adapter-3.0_2.12;1.2.0-incubating from central in [default]
[2024-10-12T01:06:57.004+0000] {spark_submit.py:649} INFO - org.apache.sedona#sedona-sql-3.0_2.12;1.2.0-incubating from central in [default]
[2024-10-12T01:06:57.004+0000] {spark_submit.py:649} INFO - org.datasyslab#geotools-wrapper;geotools-24.0 from central in [default]
[2024-10-12T01:06:57.004+0000] {spark_submit.py:649} INFO - org.locationtech.jts#jts-core;1.18.0 from central in [default]
[2024-10-12T01:06:57.004+0000] {spark_submit.py:649} INFO - org.scala-lang.modules#scala-collection-compat_2.12;2.5.0 from central in [default]
[2024-10-12T01:06:57.004+0000] {spark_submit.py:649} INFO - org.wololo#jts2geojson;0.16.1 from central in [default]
[2024-10-12T01:06:57.004+0000] {spark_submit.py:649} INFO - ---------------------------------------------------------------------
[2024-10-12T01:06:57.004+0000] {spark_submit.py:649} INFO - |                  |            modules            ||   artifacts   |
[2024-10-12T01:06:57.004+0000] {spark_submit.py:649} INFO - |       conf       | number| search|dwnlded|evicted|| number|dwnlded|
[2024-10-12T01:06:57.004+0000] {spark_submit.py:649} INFO - ---------------------------------------------------------------------
[2024-10-12T01:06:57.005+0000] {spark_submit.py:649} INFO - |      default     |   7   |   0   |   0   |   0   ||   7   |   0   |
[2024-10-12T01:06:57.005+0000] {spark_submit.py:649} INFO - ---------------------------------------------------------------------
[2024-10-12T01:06:57.007+0000] {spark_submit.py:649} INFO - :: retrieving :: org.apache.spark#spark-submit-parent-82b17303-1b94-46de-b8ed-26a134a414af
[2024-10-12T01:06:57.007+0000] {spark_submit.py:649} INFO - confs: [default]
[2024-10-12T01:06:57.011+0000] {spark_submit.py:649} INFO - 0 artifacts copied, 7 already retrieved (0kB/3ms)
[2024-10-12T01:06:57.215+0000] {spark_submit.py:649} INFO - 24/10/12 01:06:57 WARN NativeCodeLoader: Unable to load native-hadoop library for your platform... using builtin-java classes where applicable
[2024-10-12T01:07:01.764+0000] {spark_submit.py:649} INFO - 24/10/12 01:07:01 INFO SparkContext: Running Spark version 3.5.1
[2024-10-12T01:07:01.766+0000] {spark_submit.py:649} INFO - 24/10/12 01:07:01 INFO SparkContext: OS info Linux, 6.10.4-linuxkit, aarch64
[2024-10-12T01:07:01.766+0000] {spark_submit.py:649} INFO - 24/10/12 01:07:01 INFO SparkContext: Java version 17.0.12
[2024-10-12T01:07:01.794+0000] {spark_submit.py:649} INFO - 24/10/12 01:07:01 INFO ResourceUtils: ==============================================================
[2024-10-12T01:07:01.795+0000] {spark_submit.py:649} INFO - 24/10/12 01:07:01 INFO ResourceUtils: No custom resources configured for spark.driver.
[2024-10-12T01:07:01.795+0000] {spark_submit.py:649} INFO - 24/10/12 01:07:01 INFO ResourceUtils: ==============================================================
[2024-10-12T01:07:01.795+0000] {spark_submit.py:649} INFO - 24/10/12 01:07:01 INFO SparkContext: Submitted application: BigQueryETL
[2024-10-12T01:07:01.825+0000] {spark_submit.py:649} INFO - 24/10/12 01:07:01 INFO ResourceProfile: Default ResourceProfile created, executor resources: Map(memory -> name: memory, amount: 8192, script: , vendor: , offHeap -> name: offHeap, amount: 0, script: , vendor: ), task resources: Map(cpus -> name: cpus, amount: 1.0)
[2024-10-12T01:07:01.834+0000] {spark_submit.py:649} INFO - 24/10/12 01:07:01 INFO ResourceProfile: Limiting resource is cpu
[2024-10-12T01:07:01.835+0000] {spark_submit.py:649} INFO - 24/10/12 01:07:01 INFO ResourceProfileManager: Added ResourceProfile id: 0
[2024-10-12T01:07:01.931+0000] {spark_submit.py:649} INFO - 24/10/12 01:07:01 INFO SecurityManager: Changing view acls to: airflow
[2024-10-12T01:07:01.931+0000] {spark_submit.py:649} INFO - 24/10/12 01:07:01 INFO SecurityManager: Changing modify acls to: airflow
[2024-10-12T01:07:01.932+0000] {spark_submit.py:649} INFO - 24/10/12 01:07:01 INFO SecurityManager: Changing view acls groups to:
[2024-10-12T01:07:01.932+0000] {spark_submit.py:649} INFO - 24/10/12 01:07:01 INFO SecurityManager: Changing modify acls groups to:
[2024-10-12T01:07:01.933+0000] {spark_submit.py:649} INFO - 24/10/12 01:07:01 INFO SecurityManager: SecurityManager: authentication disabled; ui acls disabled; users with view permissions: airflow; groups with view permissions: EMPTY; users with modify permissions: airflow; groups with modify permissions: EMPTY
[2024-10-12T01:07:02.447+0000] {spark_submit.py:649} INFO - 24/10/12 01:07:02 INFO Utils: Successfully started service 'sparkDriver' on port 34917.
[2024-10-12T01:07:02.482+0000] {spark_submit.py:649} INFO - 24/10/12 01:07:02 INFO SparkEnv: Registering MapOutputTracker
[2024-10-12T01:07:02.571+0000] {spark_submit.py:649} INFO - 24/10/12 01:07:02 INFO SparkEnv: Registering BlockManagerMaster
[2024-10-12T01:07:02.588+0000] {spark_submit.py:649} INFO - 24/10/12 01:07:02 INFO BlockManagerMasterEndpoint: Using org.apache.spark.storage.DefaultTopologyMapper for getting topology information
[2024-10-12T01:07:02.589+0000] {spark_submit.py:649} INFO - 24/10/12 01:07:02 INFO BlockManagerMasterEndpoint: BlockManagerMasterEndpoint up
[2024-10-12T01:07:02.593+0000] {spark_submit.py:649} INFO - 24/10/12 01:07:02 INFO SparkEnv: Registering BlockManagerMasterHeartbeat
[2024-10-12T01:07:02.619+0000] {spark_submit.py:649} INFO - 24/10/12 01:07:02 INFO DiskBlockManager: Created local directory at /tmp/blockmgr-749b78a3-beef-4fe3-86dd-3bc7e6fc6702
[2024-10-12T01:07:02.633+0000] {spark_submit.py:649} INFO - 24/10/12 01:07:02 INFO MemoryStore: MemoryStore started with capacity 1048.8 MiB
[2024-10-12T01:07:02.651+0000] {spark_submit.py:649} INFO - 24/10/12 01:07:02 INFO SparkEnv: Registering OutputCommitCoordinator
[2024-10-12T01:07:02.783+0000] {spark_submit.py:649} INFO - 24/10/12 01:07:02 INFO JettyUtils: Start Jetty 0.0.0.0:4040 for SparkUI
[2024-10-12T01:07:02.845+0000] {spark_submit.py:649} INFO - 24/10/12 01:07:02 INFO Utils: Successfully started service 'SparkUI' on port 4040.
[2024-10-12T01:07:02.874+0000] {spark_submit.py:649} INFO - 24/10/12 01:07:02 INFO SparkContext: Added JAR file:///home/airflow/.ivy2/jars/org.apache.sedona_sedona-python-adapter-3.0_2.12-1.2.0-incubating.jar at spark://yellow-cab-airflow-scheduler:34917/jars/org.apache.sedona_sedona-python-adapter-3.0_2.12-1.2.0-incubating.jar with timestamp 1728695221754
[2024-10-12T01:07:02.874+0000] {spark_submit.py:649} INFO - 24/10/12 01:07:02 INFO SparkContext: Added JAR file:///home/airflow/.ivy2/jars/org.datasyslab_geotools-wrapper-geotools-24.0.jar at spark://yellow-cab-airflow-scheduler:34917/jars/org.datasyslab_geotools-wrapper-geotools-24.0.jar with timestamp 1728695221754
[2024-10-12T01:07:02.874+0000] {spark_submit.py:649} INFO - 24/10/12 01:07:02 INFO SparkContext: Added JAR file:///home/airflow/.ivy2/jars/org.locationtech.jts_jts-core-1.18.0.jar at spark://yellow-cab-airflow-scheduler:34917/jars/org.locationtech.jts_jts-core-1.18.0.jar with timestamp 1728695221754
[2024-10-12T01:07:02.874+0000] {spark_submit.py:649} INFO - 24/10/12 01:07:02 INFO SparkContext: Added JAR file:///home/airflow/.ivy2/jars/org.wololo_jts2geojson-0.16.1.jar at spark://yellow-cab-airflow-scheduler:34917/jars/org.wololo_jts2geojson-0.16.1.jar with timestamp 1728695221754
[2024-10-12T01:07:02.875+0000] {spark_submit.py:649} INFO - 24/10/12 01:07:02 INFO SparkContext: Added JAR file:///home/airflow/.ivy2/jars/org.apache.sedona_sedona-core-3.0_2.12-1.2.0-incubating.jar at spark://yellow-cab-airflow-scheduler:34917/jars/org.apache.sedona_sedona-core-3.0_2.12-1.2.0-incubating.jar with timestamp 1728695221754
[2024-10-12T01:07:02.875+0000] {spark_submit.py:649} INFO - 24/10/12 01:07:02 INFO SparkContext: Added JAR file:///home/airflow/.ivy2/jars/org.apache.sedona_sedona-sql-3.0_2.12-1.2.0-incubating.jar at spark://yellow-cab-airflow-scheduler:34917/jars/org.apache.sedona_sedona-sql-3.0_2.12-1.2.0-incubating.jar with timestamp 1728695221754
[2024-10-12T01:07:02.875+0000] {spark_submit.py:649} INFO - 24/10/12 01:07:02 INFO SparkContext: Added JAR file:///home/airflow/.ivy2/jars/org.scala-lang.modules_scala-collection-compat_2.12-2.5.0.jar at spark://yellow-cab-airflow-scheduler:34917/jars/org.scala-lang.modules_scala-collection-compat_2.12-2.5.0.jar with timestamp 1728695221754
[2024-10-12T01:07:02.878+0000] {spark_submit.py:649} INFO - 24/10/12 01:07:02 INFO SparkContext: Added file file:///home/airflow/.ivy2/jars/org.apache.sedona_sedona-python-adapter-3.0_2.12-1.2.0-incubating.jar at spark://yellow-cab-airflow-scheduler:34917/files/org.apache.sedona_sedona-python-adapter-3.0_2.12-1.2.0-incubating.jar with timestamp 1728695221754
[2024-10-12T01:07:02.879+0000] {spark_submit.py:649} INFO - 24/10/12 01:07:02 INFO Utils: Copying /home/airflow/.ivy2/jars/org.apache.sedona_sedona-python-adapter-3.0_2.12-1.2.0-incubating.jar to /tmp/spark-a50915f0-1b4f-4eff-b509-d9c465683c18/userFiles-ddf375cd-8c0e-4b86-9d0c-d2439a579dd0/org.apache.sedona_sedona-python-adapter-3.0_2.12-1.2.0-incubating.jar
[2024-10-12T01:07:02.991+0000] {spark_submit.py:649} INFO - 24/10/12 01:07:02 INFO SparkContext: Added file file:///home/airflow/.ivy2/jars/org.datasyslab_geotools-wrapper-geotools-24.0.jar at spark://yellow-cab-airflow-scheduler:34917/files/org.datasyslab_geotools-wrapper-geotools-24.0.jar with timestamp 1728695221754
[2024-10-12T01:07:02.991+0000] {spark_submit.py:649} INFO - 24/10/12 01:07:02 INFO Utils: Copying /home/airflow/.ivy2/jars/org.datasyslab_geotools-wrapper-geotools-24.0.jar to /tmp/spark-a50915f0-1b4f-4eff-b509-d9c465683c18/userFiles-ddf375cd-8c0e-4b86-9d0c-d2439a579dd0/org.datasyslab_geotools-wrapper-geotools-24.0.jar
[2024-10-12T01:07:03.569+0000] {spark_submit.py:649} INFO - 24/10/12 01:07:03 INFO SparkContext: Added file file:///home/airflow/.ivy2/jars/org.locationtech.jts_jts-core-1.18.0.jar at spark://yellow-cab-airflow-scheduler:34917/files/org.locationtech.jts_jts-core-1.18.0.jar with timestamp 1728695221754
[2024-10-12T01:07:03.570+0000] {spark_submit.py:649} INFO - 24/10/12 01:07:03 INFO Utils: Copying /home/airflow/.ivy2/jars/org.locationtech.jts_jts-core-1.18.0.jar to /tmp/spark-a50915f0-1b4f-4eff-b509-d9c465683c18/userFiles-ddf375cd-8c0e-4b86-9d0c-d2439a579dd0/org.locationtech.jts_jts-core-1.18.0.jar
[2024-10-12T01:07:03.640+0000] {spark_submit.py:649} INFO - 24/10/12 01:07:03 INFO SparkContext: Added file file:///home/airflow/.ivy2/jars/org.wololo_jts2geojson-0.16.1.jar at spark://yellow-cab-airflow-scheduler:34917/files/org.wololo_jts2geojson-0.16.1.jar with timestamp 1728695221754
[2024-10-12T01:07:03.641+0000] {spark_submit.py:649} INFO - 24/10/12 01:07:03 INFO Utils: Copying /home/airflow/.ivy2/jars/org.wololo_jts2geojson-0.16.1.jar to /tmp/spark-a50915f0-1b4f-4eff-b509-d9c465683c18/userFiles-ddf375cd-8c0e-4b86-9d0c-d2439a579dd0/org.wololo_jts2geojson-0.16.1.jar
[2024-10-12T01:07:03.692+0000] {spark_submit.py:649} INFO - 24/10/12 01:07:03 INFO SparkContext: Added file file:///home/airflow/.ivy2/jars/org.apache.sedona_sedona-core-3.0_2.12-1.2.0-incubating.jar at spark://yellow-cab-airflow-scheduler:34917/files/org.apache.sedona_sedona-core-3.0_2.12-1.2.0-incubating.jar with timestamp 1728695221754
[2024-10-12T01:07:03.693+0000] {spark_submit.py:649} INFO - 24/10/12 01:07:03 INFO Utils: Copying /home/airflow/.ivy2/jars/org.apache.sedona_sedona-core-3.0_2.12-1.2.0-incubating.jar to /tmp/spark-a50915f0-1b4f-4eff-b509-d9c465683c18/userFiles-ddf375cd-8c0e-4b86-9d0c-d2439a579dd0/org.apache.sedona_sedona-core-3.0_2.12-1.2.0-incubating.jar
[2024-10-12T01:07:03.753+0000] {spark_submit.py:649} INFO - 24/10/12 01:07:03 INFO SparkContext: Added file file:///home/airflow/.ivy2/jars/org.apache.sedona_sedona-sql-3.0_2.12-1.2.0-incubating.jar at spark://yellow-cab-airflow-scheduler:34917/files/org.apache.sedona_sedona-sql-3.0_2.12-1.2.0-incubating.jar with timestamp 1728695221754
[2024-10-12T01:07:03.756+0000] {spark_submit.py:649} INFO - 24/10/12 01:07:03 INFO Utils: Copying /home/airflow/.ivy2/jars/org.apache.sedona_sedona-sql-3.0_2.12-1.2.0-incubating.jar to /tmp/spark-a50915f0-1b4f-4eff-b509-d9c465683c18/userFiles-ddf375cd-8c0e-4b86-9d0c-d2439a579dd0/org.apache.sedona_sedona-sql-3.0_2.12-1.2.0-incubating.jar
[2024-10-12T01:07:03.810+0000] {spark_submit.py:649} INFO - 24/10/12 01:07:03 INFO SparkContext: Added file file:///home/airflow/.ivy2/jars/org.scala-lang.modules_scala-collection-compat_2.12-2.5.0.jar at spark://yellow-cab-airflow-scheduler:34917/files/org.scala-lang.modules_scala-collection-compat_2.12-2.5.0.jar with timestamp 1728695221754
[2024-10-12T01:07:03.810+0000] {spark_submit.py:649} INFO - 24/10/12 01:07:03 INFO Utils: Copying /home/airflow/.ivy2/jars/org.scala-lang.modules_scala-collection-compat_2.12-2.5.0.jar to /tmp/spark-a50915f0-1b4f-4eff-b509-d9c465683c18/userFiles-ddf375cd-8c0e-4b86-9d0c-d2439a579dd0/org.scala-lang.modules_scala-collection-compat_2.12-2.5.0.jar
[2024-10-12T01:07:03.953+0000] {spark_submit.py:649} INFO - 24/10/12 01:07:03 INFO StandaloneAppClient$ClientEndpoint: Connecting to master spark://spark-master:7077...
[2024-10-12T01:07:03.994+0000] {spark_submit.py:649} INFO - 24/10/12 01:07:03 INFO TransportClientFactory: Successfully created connection to spark-master/172.24.0.2:7077 after 23 ms (0 ms spent in bootstraps)
[2024-10-12T01:07:04.193+0000] {spark_submit.py:649} INFO - 24/10/12 01:07:04 INFO StandaloneSchedulerBackend: Connected to Spark cluster with app ID app-20241012010704-0016
[2024-10-12T01:07:04.202+0000] {spark_submit.py:649} INFO - 24/10/12 01:07:04 INFO Utils: Successfully started service 'org.apache.spark.network.netty.NettyBlockTransferService' on port 33413.
[2024-10-12T01:07:04.203+0000] {spark_submit.py:649} INFO - 24/10/12 01:07:04 INFO NettyBlockTransferService: Server created on yellow-cab-airflow-scheduler:33413
[2024-10-12T01:07:04.205+0000] {spark_submit.py:649} INFO - 24/10/12 01:07:04 INFO BlockManager: Using org.apache.spark.storage.RandomBlockReplicationPolicy for block replication policy
[2024-10-12T01:07:04.212+0000] {spark_submit.py:649} INFO - 24/10/12 01:07:04 INFO BlockManagerMaster: Registering BlockManager BlockManagerId(driver, yellow-cab-airflow-scheduler, 33413, None)
[2024-10-12T01:07:04.217+0000] {spark_submit.py:649} INFO - 24/10/12 01:07:04 INFO BlockManagerMasterEndpoint: Registering block manager yellow-cab-airflow-scheduler:33413 with 1048.8 MiB RAM, BlockManagerId(driver, yellow-cab-airflow-scheduler, 33413, None)
[2024-10-12T01:07:04.217+0000] {spark_submit.py:649} INFO - 24/10/12 01:07:04 INFO StandaloneAppClient$ClientEndpoint: Executor added: app-20241012010704-0016/0 on worker-20241011213037-172.24.0.3-36185 (172.24.0.3:36185) with 4 core(s)
[2024-10-12T01:07:04.219+0000] {spark_submit.py:649} INFO - 24/10/12 01:07:04 INFO StandaloneSchedulerBackend: Granted executor ID app-20241012010704-0016/0 on hostPort 172.24.0.3:36185 with 4 core(s), 8.0 GiB RAM
[2024-10-12T01:07:04.219+0000] {spark_submit.py:649} INFO - 24/10/12 01:07:04 INFO BlockManagerMaster: Registered BlockManager BlockManagerId(driver, yellow-cab-airflow-scheduler, 33413, None)
[2024-10-12T01:07:04.220+0000] {spark_submit.py:649} INFO - 24/10/12 01:07:04 INFO BlockManager: Initialized BlockManager: BlockManagerId(driver, yellow-cab-airflow-scheduler, 33413, None)
[2024-10-12T01:07:04.454+0000] {spark_submit.py:649} INFO - 24/10/12 01:07:04 INFO StandaloneSchedulerBackend: SchedulerBackend is ready for scheduling beginning after reached minRegisteredResourcesRatio: 0.0
[2024-10-12T01:07:04.558+0000] {spark_submit.py:649} INFO - 24/10/12 01:07:04 INFO StandaloneAppClient$ClientEndpoint: Executor updated: app-20241012010704-0016/0 is now RUNNING
[2024-10-12T01:07:04.775+0000] {spark_submit.py:649} INFO - /spark-scripts/taxi_etl.py:28: DeprecationWarning: Call to deprecated function registerAll (Deprecated since 1.4.1, use SedonaContext.create() instead.).
[2024-10-12T01:07:04.776+0000] {spark_submit.py:649} INFO - SedonaRegistrator.registerAll(spark)
[2024-10-12T01:07:04.781+0000] {spark_submit.py:649} INFO - 24/10/12 01:07:04 INFO SharedState: Setting hive.metastore.warehouse.dir ('null') to the value of spark.sql.warehouse.dir.
[2024-10-12T01:07:04.784+0000] {spark_submit.py:649} INFO - 24/10/12 01:07:04 INFO SharedState: Warehouse path is 'file:/opt/airflow/spark-warehouse'.
[2024-10-12T01:07:08.279+0000] {spark_submit.py:649} INFO - 24/10/12 01:07:08 INFO CodeGenerator: Code generated in 156.757458 ms
[2024-10-12T01:07:08.386+0000] {spark_submit.py:649} INFO - 24/10/12 01:07:08 INFO DAGScheduler: Registering RDD 2 (count at NativeMethodAccessorImpl.java:0) as input to shuffle 0
[2024-10-12T01:07:08.399+0000] {spark_submit.py:649} INFO - 24/10/12 01:07:08 INFO DAGScheduler: Got map stage job 0 (count at NativeMethodAccessorImpl.java:0) with 1 output partitions
[2024-10-12T01:07:08.399+0000] {spark_submit.py:649} INFO - 24/10/12 01:07:08 INFO DAGScheduler: Final stage: ShuffleMapStage 0 (count at NativeMethodAccessorImpl.java:0)
[2024-10-12T01:07:08.400+0000] {spark_submit.py:649} INFO - 24/10/12 01:07:08 INFO DAGScheduler: Parents of final stage: List()
[2024-10-12T01:07:08.400+0000] {spark_submit.py:649} INFO - 24/10/12 01:07:08 INFO DAGScheduler: Missing parents: List()
[2024-10-12T01:07:08.402+0000] {spark_submit.py:649} INFO - 24/10/12 01:07:08 INFO DAGScheduler: Submitting ShuffleMapStage 0 (MapPartitionsRDD[2] at count at NativeMethodAccessorImpl.java:0), which has no missing parents
[2024-10-12T01:07:08.575+0000] {spark_submit.py:649} INFO - 24/10/12 01:07:08 INFO MemoryStore: Block broadcast_0 stored as values in memory (estimated size 11.0 KiB, free 1048.8 MiB)
[2024-10-12T01:07:08.622+0000] {spark_submit.py:649} INFO - 24/10/12 01:07:08 INFO MemoryStore: Block broadcast_0_piece0 stored as bytes in memory (estimated size 5.7 KiB, free 1048.8 MiB)
[2024-10-12T01:07:08.626+0000] {spark_submit.py:649} INFO - 24/10/12 01:07:08 INFO BlockManagerInfo: Added broadcast_0_piece0 in memory on yellow-cab-airflow-scheduler:33413 (size: 5.7 KiB, free: 1048.8 MiB)
[2024-10-12T01:07:08.630+0000] {spark_submit.py:649} INFO - 24/10/12 01:07:08 INFO SparkContext: Created broadcast 0 from broadcast at DAGScheduler.scala:1585
[2024-10-12T01:07:08.655+0000] {spark_submit.py:649} INFO - 24/10/12 01:07:08 INFO DAGScheduler: Submitting 1 missing tasks from ShuffleMapStage 0 (MapPartitionsRDD[2] at count at NativeMethodAccessorImpl.java:0) (first 15 tasks are for partitions Vector(0))
[2024-10-12T01:07:08.658+0000] {spark_submit.py:649} INFO - 24/10/12 01:07:08 INFO TaskSchedulerImpl: Adding task set 0.0 with 1 tasks resource profile 0
[2024-10-12T01:07:09.220+0000] {spark_submit.py:649} INFO - 24/10/12 01:07:09 INFO StandaloneSchedulerBackend$StandaloneDriverEndpoint: Registered executor NettyRpcEndpointRef(spark-client://Executor) (172.24.0.3:46302) with ID 0,  ResourceProfileId 0
[2024-10-12T01:07:09.273+0000] {spark_submit.py:649} INFO - 24/10/12 01:07:09 INFO BlockManagerMasterEndpoint: Registering block manager 172.24.0.3:35375 with 4.6 GiB RAM, BlockManagerId(0, 172.24.0.3, 35375, None)
[2024-10-12T01:07:11.826+0000] {spark_submit.py:649} INFO - 24/10/12 01:07:11 INFO TaskSetManager: Starting task 0.0 in stage 0.0 (TID 0) (172.24.0.3, executor 0, partition 0, PROCESS_LOCAL, 9588 bytes)
[2024-10-12T01:07:12.051+0000] {spark_submit.py:649} INFO - 24/10/12 01:07:12 INFO BlockManagerInfo: Added broadcast_0_piece0 in memory on 172.24.0.3:35375 (size: 5.7 KiB, free: 4.6 GiB)
[2024-10-12T01:07:12.764+0000] {spark_submit.py:649} INFO - 24/10/12 01:07:12 INFO TaskSetManager: Finished task 0.0 in stage 0.0 (TID 0) in 961 ms on 172.24.0.3 (executor 0) (1/1)
[2024-10-12T01:07:12.775+0000] {spark_submit.py:649} INFO - 24/10/12 01:07:12 INFO TaskSchedulerImpl: Removed TaskSet 0.0, whose tasks have all completed, from pool
[2024-10-12T01:07:12.801+0000] {spark_submit.py:649} INFO - 24/10/12 01:07:12 INFO DAGScheduler: ShuffleMapStage 0 (count at NativeMethodAccessorImpl.java:0) finished in 4.383 s
[2024-10-12T01:07:12.803+0000] {spark_submit.py:649} INFO - 24/10/12 01:07:12 INFO DAGScheduler: looking for newly runnable stages
[2024-10-12T01:07:12.803+0000] {spark_submit.py:649} INFO - 24/10/12 01:07:12 INFO DAGScheduler: running: Set()
[2024-10-12T01:07:12.804+0000] {spark_submit.py:649} INFO - 24/10/12 01:07:12 INFO DAGScheduler: waiting: Set()
[2024-10-12T01:07:12.813+0000] {spark_submit.py:649} INFO - 24/10/12 01:07:12 INFO DAGScheduler: failed: Set()
[2024-10-12T01:07:12.951+0000] {spark_submit.py:649} INFO - 24/10/12 01:07:12 INFO BlockManagerInfo: Removed broadcast_0_piece0 on 172.24.0.3:35375 in memory (size: 5.7 KiB, free: 4.6 GiB)
[2024-10-12T01:07:12.953+0000] {spark_submit.py:649} INFO - 24/10/12 01:07:12 INFO BlockManagerInfo: Removed broadcast_0_piece0 on yellow-cab-airflow-scheduler:33413 in memory (size: 5.7 KiB, free: 1048.8 MiB)
[2024-10-12T01:07:12.972+0000] {spark_submit.py:649} INFO - 24/10/12 01:07:12 INFO CodeGenerator: Code generated in 42.084792 ms
[2024-10-12T01:07:13.018+0000] {spark_submit.py:649} INFO - 24/10/12 01:07:13 INFO SparkContext: Starting job: count at NativeMethodAccessorImpl.java:0
[2024-10-12T01:07:13.026+0000] {spark_submit.py:649} INFO - 24/10/12 01:07:13 INFO DAGScheduler: Got job 1 (count at NativeMethodAccessorImpl.java:0) with 1 output partitions
[2024-10-12T01:07:13.026+0000] {spark_submit.py:649} INFO - 24/10/12 01:07:13 INFO DAGScheduler: Final stage: ResultStage 2 (count at NativeMethodAccessorImpl.java:0)
[2024-10-12T01:07:13.026+0000] {spark_submit.py:649} INFO - 24/10/12 01:07:13 INFO DAGScheduler: Parents of final stage: List(ShuffleMapStage 1)
[2024-10-12T01:07:13.026+0000] {spark_submit.py:649} INFO - 24/10/12 01:07:13 INFO DAGScheduler: Missing parents: List()
[2024-10-12T01:07:13.028+0000] {spark_submit.py:649} INFO - 24/10/12 01:07:13 INFO DAGScheduler: Submitting ResultStage 2 (MapPartitionsRDD[5] at count at NativeMethodAccessorImpl.java:0), which has no missing parents
[2024-10-12T01:07:13.054+0000] {spark_submit.py:649} INFO - 24/10/12 01:07:13 INFO MemoryStore: Block broadcast_1 stored as values in memory (estimated size 12.5 KiB, free 1048.8 MiB)
[2024-10-12T01:07:13.066+0000] {spark_submit.py:649} INFO - 24/10/12 01:07:13 INFO MemoryStore: Block broadcast_1_piece0 stored as bytes in memory (estimated size 5.9 KiB, free 1048.8 MiB)
[2024-10-12T01:07:13.067+0000] {spark_submit.py:649} INFO - 24/10/12 01:07:13 INFO BlockManagerInfo: Added broadcast_1_piece0 in memory on yellow-cab-airflow-scheduler:33413 (size: 5.9 KiB, free: 1048.8 MiB)
[2024-10-12T01:07:13.068+0000] {spark_submit.py:649} INFO - 24/10/12 01:07:13 INFO SparkContext: Created broadcast 1 from broadcast at DAGScheduler.scala:1585
[2024-10-12T01:07:13.070+0000] {spark_submit.py:649} INFO - 24/10/12 01:07:13 INFO DAGScheduler: Submitting 1 missing tasks from ResultStage 2 (MapPartitionsRDD[5] at count at NativeMethodAccessorImpl.java:0) (first 15 tasks are for partitions Vector(0))
[2024-10-12T01:07:13.070+0000] {spark_submit.py:649} INFO - 24/10/12 01:07:13 INFO TaskSchedulerImpl: Adding task set 2.0 with 1 tasks resource profile 0
[2024-10-12T01:07:13.076+0000] {spark_submit.py:649} INFO - 24/10/12 01:07:13 INFO TaskSetManager: Starting task 0.0 in stage 2.0 (TID 1) (172.24.0.3, executor 0, partition 0, NODE_LOCAL, 9391 bytes)
[2024-10-12T01:07:13.103+0000] {spark_submit.py:649} INFO - 24/10/12 01:07:13 INFO BlockManagerInfo: Added broadcast_1_piece0 in memory on 172.24.0.3:35375 (size: 5.9 KiB, free: 4.6 GiB)
[2024-10-12T01:07:13.179+0000] {spark_submit.py:649} INFO - 24/10/12 01:07:13 INFO MapOutputTrackerMasterEndpoint: Asked to send map output locations for shuffle 0 to 172.24.0.3:46302
[2024-10-12T01:07:13.288+0000] {spark_submit.py:649} INFO - 24/10/12 01:07:13 INFO TaskSetManager: Finished task 0.0 in stage 2.0 (TID 1) in 214 ms on 172.24.0.3 (executor 0) (1/1)
[2024-10-12T01:07:13.289+0000] {spark_submit.py:649} INFO - 24/10/12 01:07:13 INFO TaskSchedulerImpl: Removed TaskSet 2.0, whose tasks have all completed, from pool
[2024-10-12T01:07:13.291+0000] {spark_submit.py:649} INFO - 24/10/12 01:07:13 INFO DAGScheduler: ResultStage 2 (count at NativeMethodAccessorImpl.java:0) finished in 0.244 s
[2024-10-12T01:07:13.293+0000] {spark_submit.py:649} INFO - 24/10/12 01:07:13 INFO DAGScheduler: Job 1 is finished. Cancelling potential speculative or zombie tasks for this job
[2024-10-12T01:07:13.293+0000] {spark_submit.py:649} INFO - 24/10/12 01:07:13 INFO TaskSchedulerImpl: Killing all running tasks in stage 2: Stage finished
[2024-10-12T01:07:13.295+0000] {spark_submit.py:649} INFO - 24/10/12 01:07:13 INFO DAGScheduler: Job 1 finished: count at NativeMethodAccessorImpl.java:0, took 0.276608 s
[2024-10-12T01:07:13.584+0000] {spark_submit.py:649} INFO - 24/10/12 01:07:13 INFO BlockManagerInfo: Removed broadcast_1_piece0 on yellow-cab-airflow-scheduler:33413 in memory (size: 5.9 KiB, free: 1048.8 MiB)
[2024-10-12T01:07:13.585+0000] {spark_submit.py:649} INFO - 24/10/12 01:07:13 INFO BlockManagerInfo: Removed broadcast_1_piece0 on 172.24.0.3:35375 in memory (size: 5.9 KiB, free: 4.6 GiB)
[2024-10-12T01:07:14.405+0000] {spark_submit.py:649} INFO - 24/10/12 01:07:14 INFO InMemoryFileIndex: It took 13 ms to list leaf files for 1 paths.
[2024-10-12T01:07:14.889+0000] {spark_submit.py:649} INFO - 24/10/12 01:07:14 INFO FileSourceStrategy: Pushed Filters:
[2024-10-12T01:07:14.890+0000] {spark_submit.py:649} INFO - 24/10/12 01:07:14 INFO FileSourceStrategy: Post-Scan Filters: atleastnnonnulls(4, tpep_pickup_datetime#15, tpep_dropoff_datetime#16, pickup_longitude#19, pickup_latitude#20)
[2024-10-12T01:07:14.990+0000] {spark_submit.py:649} INFO - 24/10/12 01:07:14 INFO CodeGenerator: Code generated in 52.137708 ms
[2024-10-12T01:07:15.001+0000] {spark_submit.py:649} INFO - 24/10/12 01:07:15 INFO MemoryStore: Block broadcast_2 stored as values in memory (estimated size 204.6 KiB, free 1048.6 MiB)
[2024-10-12T01:07:15.020+0000] {spark_submit.py:649} INFO - 24/10/12 01:07:15 INFO MemoryStore: Block broadcast_2_piece0 stored as bytes in memory (estimated size 35.6 KiB, free 1048.6 MiB)
[2024-10-12T01:07:15.022+0000] {spark_submit.py:649} INFO - 24/10/12 01:07:15 INFO BlockManagerInfo: Added broadcast_2_piece0 in memory on yellow-cab-airflow-scheduler:33413 (size: 35.6 KiB, free: 1048.8 MiB)
[2024-10-12T01:07:15.022+0000] {spark_submit.py:649} INFO - 24/10/12 01:07:15 INFO SparkContext: Created broadcast 2 from showString at NativeMethodAccessorImpl.java:0
[2024-10-12T01:07:15.038+0000] {spark_submit.py:649} INFO - 24/10/12 01:07:15 INFO FileSourceScanExec: Planning scan with bin packing, max size: 119497018 bytes, open cost is considered as scanning 4194304 bytes.
[2024-10-12T01:07:15.069+0000] {spark_submit.py:649} INFO - 24/10/12 01:07:15 INFO SparkContext: Starting job: showString at NativeMethodAccessorImpl.java:0
[2024-10-12T01:07:15.070+0000] {spark_submit.py:649} INFO - 24/10/12 01:07:15 INFO DAGScheduler: Got job 2 (showString at NativeMethodAccessorImpl.java:0) with 1 output partitions
[2024-10-12T01:07:15.072+0000] {spark_submit.py:649} INFO - 24/10/12 01:07:15 INFO DAGScheduler: Final stage: ResultStage 3 (showString at NativeMethodAccessorImpl.java:0)
[2024-10-12T01:07:15.073+0000] {spark_submit.py:649} INFO - 24/10/12 01:07:15 INFO DAGScheduler: Parents of final stage: List()
[2024-10-12T01:07:15.073+0000] {spark_submit.py:649} INFO - 24/10/12 01:07:15 INFO DAGScheduler: Missing parents: List()
[2024-10-12T01:07:15.073+0000] {spark_submit.py:649} INFO - 24/10/12 01:07:15 INFO DAGScheduler: Submitting ResultStage 3 (MapPartitionsRDD[11] at showString at NativeMethodAccessorImpl.java:0), which has no missing parents
[2024-10-12T01:07:15.108+0000] {spark_submit.py:649} INFO - 24/10/12 01:07:15 INFO MemoryStore: Block broadcast_3 stored as values in memory (estimated size 40.2 KiB, free 1048.5 MiB)
[2024-10-12T01:07:15.110+0000] {spark_submit.py:649} INFO - 24/10/12 01:07:15 INFO MemoryStore: Block broadcast_3_piece0 stored as bytes in memory (estimated size 16.7 KiB, free 1048.5 MiB)
[2024-10-12T01:07:15.110+0000] {spark_submit.py:649} INFO - 24/10/12 01:07:15 INFO BlockManagerInfo: Added broadcast_3_piece0 in memory on yellow-cab-airflow-scheduler:33413 (size: 16.7 KiB, free: 1048.7 MiB)
[2024-10-12T01:07:15.110+0000] {spark_submit.py:649} INFO - 24/10/12 01:07:15 INFO SparkContext: Created broadcast 3 from broadcast at DAGScheduler.scala:1585
[2024-10-12T01:07:15.111+0000] {spark_submit.py:649} INFO - 24/10/12 01:07:15 INFO DAGScheduler: Submitting 1 missing tasks from ResultStage 3 (MapPartitionsRDD[11] at showString at NativeMethodAccessorImpl.java:0) (first 15 tasks are for partitions Vector(0))
[2024-10-12T01:07:15.111+0000] {spark_submit.py:649} INFO - 24/10/12 01:07:15 INFO TaskSchedulerImpl: Adding task set 3.0 with 1 tasks resource profile 0
[2024-10-12T01:07:15.112+0000] {spark_submit.py:649} INFO - 24/10/12 01:07:15 INFO TaskSetManager: Starting task 0.0 in stage 3.0 (TID 2) (172.24.0.3, executor 0, partition 0, PROCESS_LOCAL, 9994 bytes)
[2024-10-12T01:07:15.130+0000] {spark_submit.py:649} INFO - 24/10/12 01:07:15 INFO BlockManagerInfo: Added broadcast_3_piece0 in memory on 172.24.0.3:35375 (size: 16.7 KiB, free: 4.6 GiB)
[2024-10-12T01:07:15.598+0000] {spark_submit.py:649} INFO - 24/10/12 01:07:15 INFO BlockManagerInfo: Added broadcast_2_piece0 in memory on 172.24.0.3:35375 (size: 35.6 KiB, free: 4.6 GiB)
[2024-10-12T01:07:15.859+0000] {spark_submit.py:649} INFO - 24/10/12 01:07:15 INFO TaskSetManager: Finished task 0.0 in stage 3.0 (TID 2) in 747 ms on 172.24.0.3 (executor 0) (1/1)
[2024-10-12T01:07:15.860+0000] {spark_submit.py:649} INFO - 24/10/12 01:07:15 INFO TaskSchedulerImpl: Removed TaskSet 3.0, whose tasks have all completed, from pool
[2024-10-12T01:07:15.862+0000] {spark_submit.py:649} INFO - 24/10/12 01:07:15 INFO DAGScheduler: ResultStage 3 (showString at NativeMethodAccessorImpl.java:0) finished in 0.787 s
[2024-10-12T01:07:15.862+0000] {spark_submit.py:649} INFO - 24/10/12 01:07:15 INFO DAGScheduler: Job 2 is finished. Cancelling potential speculative or zombie tasks for this job
[2024-10-12T01:07:15.863+0000] {spark_submit.py:649} INFO - 24/10/12 01:07:15 INFO TaskSchedulerImpl: Killing all running tasks in stage 3: Stage finished
[2024-10-12T01:07:15.863+0000] {spark_submit.py:649} INFO - 24/10/12 01:07:15 INFO DAGScheduler: Job 2 finished: showString at NativeMethodAccessorImpl.java:0, took 0.791733 s
[2024-10-12T01:07:15.961+0000] {spark_submit.py:649} INFO - 24/10/12 01:07:15 INFO CodeGenerator: Code generated in 61.703458 ms
[2024-10-12T01:07:15.976+0000] {spark_submit.py:649} INFO - +--------+------------+------------------+------------------+------------------+------------------+--------------------+---------------------+---------------+-------------+-----------+-----+-------+----------+------------+---------------------+------------+------------------+------------------+--------------------+--------------------+------------------------+
[2024-10-12T01:07:15.976+0000] {spark_submit.py:649} INFO - |VendorID|payment_type|  pickup_longitude|   pickup_latitude| dropoff_longitude|  dropoff_latitude|tpep_pickup_datetime|tpep_dropoff_datetime|passenger_count|trip_distance|fare_amount|extra|mta_tax|tip_amount|tolls_amount|improvement_surcharge|total_amount|     Trip_Duration|store_and_fwd_flag|   Pickup_Point_EWKT|  Dropoff_Point_EWKT|Trip_Distance_Calculated|
[2024-10-12T01:07:15.977+0000] {spark_submit.py:649} INFO - +--------+------------+------------------+------------------+------------------+------------------+--------------------+---------------------+---------------+-------------+-----------+-----+-------+----------+------------+---------------------+------------+------------------+------------------+--------------------+--------------------+------------------------+
[2024-10-12T01:07:15.978+0000] {spark_submit.py:649} INFO - |       1|           2|-73.98753356933594| 40.76546096801758| -73.9720687866211| 40.79414367675781| 2016-01-04 23:26:06|  2016-01-04 23:33:32|              1|          2.3|        9.0|  0.5|    0.5|       0.0|         0.0|                  0.3|        10.3| 7.433333333333334|                 N|POINT (-73.987533...|POINT (-73.972068...|     0.03258615173803816|
[2024-10-12T01:07:15.978+0000] {spark_submit.py:649} INFO - |       1|           1|-73.99295806884766|40.720218658447266|-73.93670654296875|  40.6922607421875| 2016-01-04 23:26:07|  2016-01-04 23:43:11|              1|          4.2|       16.0|  0.5|    0.5|      3.45|         0.0|                  0.3|       20.75|17.066666666666666|                 N|POINT (-73.992958...|POINT (-73.936706...|     0.06281623393115292|
[2024-10-12T01:07:15.978+0000] {spark_submit.py:649} INFO - |       1|           1|-73.97315216064453| 40.76095199584961|-73.96617889404297|40.758182525634766| 2016-01-04 23:26:08|  2016-01-04 23:29:25|              1|          0.5|        4.0|  0.5|    0.5|       1.3|         0.0|                  0.3|         6.6| 3.283333333333333|                 N|POINT (-73.973152...|POINT (-73.966178...|    0.007503093519833916|
[2024-10-12T01:07:15.979+0000] {spark_submit.py:649} INFO - |       1|           1|-73.98294067382812|40.761932373046875|-74.00089263916016| 40.74728012084961| 2016-01-04 23:26:10|  2016-01-04 23:33:31|              1|          1.6|        7.5|  0.5|    0.5|      1.75|         0.0|                  0.3|       10.55|              7.35|                 N|POINT (-73.982940...|POINT (-74.000892...|    0.023172430898261993|
[2024-10-12T01:07:15.979+0000] {spark_submit.py:649} INFO - |       1|           2| -73.9706802368164|40.755550384521484|-73.98530578613281| 40.76264953613281| 2016-01-04 23:26:10|  2016-01-04 23:33:18|              4|          0.9|        6.0|  0.5|    0.5|       0.0|         0.0|                  0.3|         7.3| 7.133333333333334|                 N|POINT (-73.970680...|POINT (-73.985305...|     0.01625744895139622|
[2024-10-12T01:07:15.979+0000] {spark_submit.py:649} INFO - |       1|           2| -73.9874496459961|40.719947814941406|-74.01031494140625| 40.71965408325195| 2016-01-04 23:26:10|  2016-01-04 23:35:25|              2|          2.0|        9.0|  0.5|    0.5|       0.0|         0.0|                  0.3|        10.3|              9.25|                 N|POINT (-73.987449...|POINT (-74.010314...|     0.02286718199733193|
[2024-10-12T01:07:15.979+0000] {spark_submit.py:649} INFO - |       1|           2| -74.0067138671875|40.744205474853516|-73.97865295410156|40.752315521240234| 2016-01-04 23:26:11|  2016-01-04 23:33:35|              3|          2.2|        9.0|  0.5|    0.5|       0.0|         0.0|                  0.3|        10.3|               7.4|                 N|POINT (-74.006713...|POINT (-73.978652...|    0.029209376843939486|
[2024-10-12T01:07:15.979+0000] {spark_submit.py:649} INFO - |       1|           2|-73.98344421386719| 40.74381637573242|-73.96910095214844|40.758609771728516| 2016-01-04 23:26:14|  2016-01-04 23:34:48|              2|          1.4|        7.5|  0.5|    0.5|       0.0|         0.0|                  0.3|         8.8| 8.566666666666666|                 N|POINT (-73.983444...|POINT (-73.969100...|    0.020605186770078106|
[2024-10-12T01:07:15.979+0000] {spark_submit.py:649} INFO - |       1|           1|-73.99887084960938|40.724857330322266|-73.96487426757812| 40.80415725708008| 2016-01-04 23:26:14|  2016-01-04 23:53:29|              4|          7.2|       25.0|  0.5|    0.5|      5.25|         0.0|                  0.3|       31.55|             27.25|                 N|POINT (-73.998870...|POINT (-73.964874...|     0.08628004388966164|
[2024-10-12T01:07:15.980+0000] {spark_submit.py:649} INFO - |       1|           1|-73.96686553955078|40.753238677978516|-73.96842193603516| 40.76064682006836| 2016-01-04 23:26:14|  2016-01-04 23:29:10|              1|          0.7|        4.5|  0.5|    0.5|       1.0|         0.0|                  0.3|         6.8| 2.933333333333333|                 N|POINT (-73.966865...|POINT (-73.968421...|    0.007569870490298324|
[2024-10-12T01:07:15.980+0000] {spark_submit.py:649} INFO - +--------+------------+------------------+------------------+------------------+------------------+--------------------+---------------------+---------------+-------------+-----------+-----+-------+----------+------------+---------------------+------------+------------------+------------------+--------------------+--------------------+------------------------+
[2024-10-12T01:07:15.980+0000] {spark_submit.py:649} INFO - only showing top 10 rows
[2024-10-12T01:07:15.980+0000] {spark_submit.py:649} INFO - 
[2024-10-12T01:07:17.145+0000] {spark_submit.py:649} INFO - 24/10/12 01:07:17 INFO FileSourceStrategy: Pushed Filters:
[2024-10-12T01:07:17.146+0000] {spark_submit.py:649} INFO - 24/10/12 01:07:17 INFO FileSourceStrategy: Post-Scan Filters: atleastnnonnulls(4, tpep_pickup_datetime#15, tpep_dropoff_datetime#16, pickup_longitude#19, pickup_latitude#20)
[2024-10-12T01:07:17.290+0000] {spark_submit.py:649} INFO - 24/10/12 01:07:17 INFO CodeGenerator: Code generated in 105.862458 ms
[2024-10-12T01:07:17.330+0000] {spark_submit.py:649} INFO - 24/10/12 01:07:17 INFO MemoryStore: Block broadcast_4 stored as values in memory (estimated size 204.6 KiB, free 1048.3 MiB)
[2024-10-12T01:07:17.355+0000] {spark_submit.py:649} INFO - 24/10/12 01:07:17 INFO MemoryStore: Block broadcast_4_piece0 stored as bytes in memory (estimated size 35.6 KiB, free 1048.3 MiB)
[2024-10-12T01:07:17.360+0000] {spark_submit.py:649} INFO - 24/10/12 01:07:17 INFO BlockManagerInfo: Added broadcast_4_piece0 in memory on yellow-cab-airflow-scheduler:33413 (size: 35.6 KiB, free: 1048.7 MiB)
[2024-10-12T01:07:17.374+0000] {spark_submit.py:649} INFO - 24/10/12 01:07:17 INFO SparkContext: Created broadcast 4 from toPandas at /spark-scripts/taxi_etl.py:142
[2024-10-12T01:07:17.377+0000] {spark_submit.py:649} INFO - 24/10/12 01:07:17 INFO FileSourceScanExec: Planning scan with bin packing, max size: 119497018 bytes, open cost is considered as scanning 4194304 bytes.
[2024-10-12T01:07:17.381+0000] {spark_submit.py:649} INFO - 24/10/12 01:07:17 INFO BlockManagerInfo: Removed broadcast_3_piece0 on yellow-cab-airflow-scheduler:33413 in memory (size: 16.7 KiB, free: 1048.7 MiB)
[2024-10-12T01:07:17.403+0000] {spark_submit.py:649} INFO - 24/10/12 01:07:17 INFO DAGScheduler: Registering RDD 15 (toPandas at /spark-scripts/taxi_etl.py:142) as input to shuffle 1
[2024-10-12T01:07:17.408+0000] {spark_submit.py:649} INFO - 24/10/12 01:07:17 INFO DAGScheduler: Got map stage job 3 (toPandas at /spark-scripts/taxi_etl.py:142) with 4 output partitions
[2024-10-12T01:07:17.410+0000] {spark_submit.py:649} INFO - 24/10/12 01:07:17 INFO DAGScheduler: Final stage: ShuffleMapStage 4 (toPandas at /spark-scripts/taxi_etl.py:142)
[2024-10-12T01:07:17.410+0000] {spark_submit.py:649} INFO - 24/10/12 01:07:17 INFO DAGScheduler: Parents of final stage: List()
[2024-10-12T01:07:17.410+0000] {spark_submit.py:649} INFO - 24/10/12 01:07:17 INFO DAGScheduler: Missing parents: List()
[2024-10-12T01:07:17.410+0000] {spark_submit.py:649} INFO - 24/10/12 01:07:17 INFO DAGScheduler: Submitting ShuffleMapStage 4 (MapPartitionsRDD[15] at toPandas at /spark-scripts/taxi_etl.py:142), which has no missing parents
[2024-10-12T01:07:17.411+0000] {spark_submit.py:649} INFO - 24/10/12 01:07:17 INFO BlockManagerInfo: Removed broadcast_3_piece0 on 172.24.0.3:35375 in memory (size: 16.7 KiB, free: 4.6 GiB)
[2024-10-12T01:07:17.417+0000] {spark_submit.py:649} INFO - 24/10/12 01:07:17 INFO MemoryStore: Block broadcast_5 stored as values in memory (estimated size 33.2 KiB, free 1048.3 MiB)
[2024-10-12T01:07:17.420+0000] {spark_submit.py:649} INFO - 24/10/12 01:07:17 INFO MemoryStore: Block broadcast_5_piece0 stored as bytes in memory (estimated size 15.0 KiB, free 1048.3 MiB)
[2024-10-12T01:07:17.423+0000] {spark_submit.py:649} INFO - 24/10/12 01:07:17 INFO BlockManagerInfo: Added broadcast_5_piece0 in memory on yellow-cab-airflow-scheduler:33413 (size: 15.0 KiB, free: 1048.7 MiB)
[2024-10-12T01:07:17.427+0000] {spark_submit.py:649} INFO - 24/10/12 01:07:17 INFO SparkContext: Created broadcast 5 from broadcast at DAGScheduler.scala:1585
[2024-10-12T01:07:17.428+0000] {spark_submit.py:649} INFO - 24/10/12 01:07:17 INFO DAGScheduler: Submitting 4 missing tasks from ShuffleMapStage 4 (MapPartitionsRDD[15] at toPandas at /spark-scripts/taxi_etl.py:142) (first 15 tasks are for partitions Vector(0, 1, 2, 3))
[2024-10-12T01:07:17.428+0000] {spark_submit.py:649} INFO - 24/10/12 01:07:17 INFO TaskSchedulerImpl: Adding task set 4.0 with 4 tasks resource profile 0
[2024-10-12T01:07:17.428+0000] {spark_submit.py:649} INFO - 24/10/12 01:07:17 INFO TaskSetManager: Starting task 0.0 in stage 4.0 (TID 3) (172.24.0.3, executor 0, partition 0, PROCESS_LOCAL, 9983 bytes)
[2024-10-12T01:07:17.431+0000] {spark_submit.py:649} INFO - 24/10/12 01:07:17 INFO TaskSetManager: Starting task 1.0 in stage 4.0 (TID 4) (172.24.0.3, executor 0, partition 1, PROCESS_LOCAL, 9983 bytes)
[2024-10-12T01:07:17.433+0000] {spark_submit.py:649} INFO - 24/10/12 01:07:17 INFO TaskSetManager: Starting task 2.0 in stage 4.0 (TID 5) (172.24.0.3, executor 0, partition 2, PROCESS_LOCAL, 9983 bytes)
[2024-10-12T01:07:17.433+0000] {spark_submit.py:649} INFO - 24/10/12 01:07:17 INFO TaskSetManager: Starting task 3.0 in stage 4.0 (TID 6) (172.24.0.3, executor 0, partition 3, PROCESS_LOCAL, 9983 bytes)
[2024-10-12T01:07:17.439+0000] {spark_submit.py:649} INFO - 24/10/12 01:07:17 INFO BlockManagerInfo: Removed broadcast_2_piece0 on yellow-cab-airflow-scheduler:33413 in memory (size: 35.6 KiB, free: 1048.8 MiB)
[2024-10-12T01:07:17.446+0000] {spark_submit.py:649} INFO - 24/10/12 01:07:17 INFO BlockManagerInfo: Removed broadcast_2_piece0 on 172.24.0.3:35375 in memory (size: 35.6 KiB, free: 4.6 GiB)
[2024-10-12T01:07:17.475+0000] {spark_submit.py:649} INFO - 24/10/12 01:07:17 INFO BlockManagerInfo: Added broadcast_5_piece0 in memory on 172.24.0.3:35375 (size: 15.0 KiB, free: 4.6 GiB)
[2024-10-12T01:07:19.279+0000] {spark_submit.py:649} INFO - 24/10/12 01:07:19 INFO BlockManagerInfo: Added broadcast_4_piece0 in memory on 172.24.0.3:35375 (size: 35.6 KiB, free: 4.6 GiB)
[2024-10-12T01:07:27.606+0000] {spark_submit.py:649} INFO - 24/10/12 01:07:27 INFO TaskSetManager: Finished task 3.0 in stage 4.0 (TID 6) in 10163 ms on 172.24.0.3 (executor 0) (1/4)
[2024-10-12T01:07:27.612+0000] {spark_submit.py:649} INFO - 24/10/12 01:07:27 INFO TaskSetManager: Finished task 1.0 in stage 4.0 (TID 4) in 10182 ms on 172.24.0.3 (executor 0) (2/4)
[2024-10-12T01:07:27.612+0000] {spark_submit.py:649} INFO - 24/10/12 01:07:27 INFO TaskSetManager: Finished task 0.0 in stage 4.0 (TID 3) in 10183 ms on 172.24.0.3 (executor 0) (3/4)
[2024-10-12T01:07:27.715+0000] {spark_submit.py:649} INFO - 24/10/12 01:07:27 INFO TaskSetManager: Finished task 2.0 in stage 4.0 (TID 5) in 10289 ms on 172.24.0.3 (executor 0) (4/4)
[2024-10-12T01:07:27.716+0000] {spark_submit.py:649} INFO - 24/10/12 01:07:27 INFO TaskSchedulerImpl: Removed TaskSet 4.0, whose tasks have all completed, from pool
[2024-10-12T01:07:27.716+0000] {spark_submit.py:649} INFO - 24/10/12 01:07:27 INFO DAGScheduler: ShuffleMapStage 4 (toPandas at /spark-scripts/taxi_etl.py:142) finished in 10.308 s
[2024-10-12T01:07:27.717+0000] {spark_submit.py:649} INFO - 24/10/12 01:07:27 INFO DAGScheduler: looking for newly runnable stages
[2024-10-12T01:07:27.717+0000] {spark_submit.py:649} INFO - 24/10/12 01:07:27 INFO DAGScheduler: running: Set()
[2024-10-12T01:07:27.718+0000] {spark_submit.py:649} INFO - 24/10/12 01:07:27 INFO DAGScheduler: waiting: Set()
[2024-10-12T01:07:27.718+0000] {spark_submit.py:649} INFO - 24/10/12 01:07:27 INFO DAGScheduler: failed: Set()
[2024-10-12T01:07:27.757+0000] {spark_submit.py:649} INFO - 24/10/12 01:07:27 INFO ShufflePartitionsUtil: For shuffle(1), advisory target size: 67108864, actual target size 1048576, minimum partition size: 1048576
[2024-10-12T01:07:27.868+0000] {spark_submit.py:649} INFO - 24/10/12 01:07:27 INFO CodeGenerator: Code generated in 66.560125 ms
[2024-10-12T01:07:27.891+0000] {spark_submit.py:649} INFO - 24/10/12 01:07:27 INFO SparkContext: Starting job: toPandas at /spark-scripts/taxi_etl.py:142
[2024-10-12T01:07:27.893+0000] {spark_submit.py:649} INFO - 24/10/12 01:07:27 INFO DAGScheduler: Got job 4 (toPandas at /spark-scripts/taxi_etl.py:142) with 1 output partitions
[2024-10-12T01:07:27.894+0000] {spark_submit.py:649} INFO - 24/10/12 01:07:27 INFO DAGScheduler: Final stage: ResultStage 6 (toPandas at /spark-scripts/taxi_etl.py:142)
[2024-10-12T01:07:27.894+0000] {spark_submit.py:649} INFO - 24/10/12 01:07:27 INFO DAGScheduler: Parents of final stage: List(ShuffleMapStage 5)
[2024-10-12T01:07:27.894+0000] {spark_submit.py:649} INFO - 24/10/12 01:07:27 INFO DAGScheduler: Missing parents: List()
[2024-10-12T01:07:27.894+0000] {spark_submit.py:649} INFO - 24/10/12 01:07:27 INFO DAGScheduler: Submitting ResultStage 6 (MapPartitionsRDD[18] at toPandas at /spark-scripts/taxi_etl.py:142), which has no missing parents
[2024-10-12T01:07:27.901+0000] {spark_submit.py:649} INFO - 24/10/12 01:07:27 INFO MemoryStore: Block broadcast_6 stored as values in memory (estimated size 45.6 KiB, free 1048.5 MiB)
[2024-10-12T01:07:27.925+0000] {spark_submit.py:649} INFO - 24/10/12 01:07:27 INFO MemoryStore: Block broadcast_6_piece0 stored as bytes in memory (estimated size 21.0 KiB, free 1048.5 MiB)
[2024-10-12T01:07:27.936+0000] {spark_submit.py:649} INFO - 24/10/12 01:07:27 INFO BlockManagerInfo: Removed broadcast_5_piece0 on yellow-cab-airflow-scheduler:33413 in memory (size: 15.0 KiB, free: 1048.8 MiB)
[2024-10-12T01:07:27.937+0000] {spark_submit.py:649} INFO - 24/10/12 01:07:27 INFO BlockManagerInfo: Added broadcast_6_piece0 in memory on yellow-cab-airflow-scheduler:33413 (size: 21.0 KiB, free: 1048.7 MiB)
[2024-10-12T01:07:27.937+0000] {spark_submit.py:649} INFO - 24/10/12 01:07:27 INFO SparkContext: Created broadcast 6 from broadcast at DAGScheduler.scala:1585
[2024-10-12T01:07:27.938+0000] {spark_submit.py:649} INFO - 24/10/12 01:07:27 INFO DAGScheduler: Submitting 1 missing tasks from ResultStage 6 (MapPartitionsRDD[18] at toPandas at /spark-scripts/taxi_etl.py:142) (first 15 tasks are for partitions Vector(0))
[2024-10-12T01:07:27.938+0000] {spark_submit.py:649} INFO - 24/10/12 01:07:27 INFO TaskSchedulerImpl: Adding task set 6.0 with 1 tasks resource profile 0
[2024-10-12T01:07:27.939+0000] {spark_submit.py:649} INFO - 24/10/12 01:07:27 INFO BlockManagerInfo: Removed broadcast_5_piece0 on 172.24.0.3:35375 in memory (size: 15.0 KiB, free: 4.6 GiB)
[2024-10-12T01:07:27.941+0000] {spark_submit.py:649} INFO - 24/10/12 01:07:27 INFO TaskSetManager: Starting task 0.0 in stage 6.0 (TID 7) (172.24.0.3, executor 0, partition 0, NODE_LOCAL, 9391 bytes)
[2024-10-12T01:07:27.961+0000] {spark_submit.py:649} INFO - 24/10/12 01:07:27 INFO BlockManagerInfo: Added broadcast_6_piece0 in memory on 172.24.0.3:35375 (size: 21.0 KiB, free: 4.6 GiB)
[2024-10-12T01:07:27.986+0000] {spark_submit.py:649} INFO - 24/10/12 01:07:27 INFO MapOutputTrackerMasterEndpoint: Asked to send map output locations for shuffle 1 to 172.24.0.3:46302
[2024-10-12T01:07:28.045+0000] {spark_submit.py:649} INFO - 24/10/12 01:07:28 INFO TaskSetManager: Finished task 0.0 in stage 6.0 (TID 7) in 105 ms on 172.24.0.3 (executor 0) (1/1)
[2024-10-12T01:07:28.046+0000] {spark_submit.py:649} INFO - 24/10/12 01:07:28 INFO TaskSchedulerImpl: Removed TaskSet 6.0, whose tasks have all completed, from pool
[2024-10-12T01:07:28.049+0000] {spark_submit.py:649} INFO - 24/10/12 01:07:28 INFO DAGScheduler: ResultStage 6 (toPandas at /spark-scripts/taxi_etl.py:142) finished in 0.152 s
[2024-10-12T01:07:28.055+0000] {spark_submit.py:649} INFO - 24/10/12 01:07:28 INFO DAGScheduler: Job 4 is finished. Cancelling potential speculative or zombie tasks for this job
[2024-10-12T01:07:28.055+0000] {spark_submit.py:649} INFO - 24/10/12 01:07:28 INFO TaskSchedulerImpl: Killing all running tasks in stage 6: Stage finished
[2024-10-12T01:07:28.057+0000] {spark_submit.py:649} INFO - 24/10/12 01:07:28 INFO DAGScheduler: Job 4 finished: toPandas at /spark-scripts/taxi_etl.py:142, took 0.159395 s
[2024-10-12T01:07:32.378+0000] {spark_submit.py:649} INFO - 24/10/12 01:07:32 INFO FileSourceStrategy: Pushed Filters:
[2024-10-12T01:07:32.379+0000] {spark_submit.py:649} INFO - 24/10/12 01:07:32 INFO FileSourceStrategy: Post-Scan Filters: atleastnnonnulls(4, tpep_pickup_datetime#15, tpep_dropoff_datetime#16, pickup_longitude#19, pickup_latitude#20)
[2024-10-12T01:07:32.430+0000] {spark_submit.py:649} INFO - 24/10/12 01:07:32 INFO CodeGenerator: Code generated in 25.804542 ms
[2024-10-12T01:07:32.434+0000] {spark_submit.py:649} INFO - 24/10/12 01:07:32 INFO MemoryStore: Block broadcast_7 stored as values in memory (estimated size 204.6 KiB, free 1048.3 MiB)
[2024-10-12T01:07:32.444+0000] {spark_submit.py:649} INFO - 24/10/12 01:07:32 INFO BlockManagerInfo: Removed broadcast_6_piece0 on yellow-cab-airflow-scheduler:33413 in memory (size: 21.0 KiB, free: 1048.8 MiB)
[2024-10-12T01:07:32.448+0000] {spark_submit.py:649} INFO - 24/10/12 01:07:32 INFO MemoryStore: Block broadcast_7_piece0 stored as bytes in memory (estimated size 35.6 KiB, free 1048.3 MiB)
[2024-10-12T01:07:32.450+0000] {spark_submit.py:649} INFO - 24/10/12 01:07:32 INFO BlockManagerInfo: Added broadcast_7_piece0 in memory on yellow-cab-airflow-scheduler:33413 (size: 35.6 KiB, free: 1048.7 MiB)
[2024-10-12T01:07:32.451+0000] {spark_submit.py:649} INFO - 24/10/12 01:07:32 INFO SparkContext: Created broadcast 7 from toPandas at /spark-scripts/taxi_etl.py:145
[2024-10-12T01:07:32.453+0000] {spark_submit.py:649} INFO - 24/10/12 01:07:32 INFO BlockManagerInfo: Removed broadcast_6_piece0 on 172.24.0.3:35375 in memory (size: 21.0 KiB, free: 4.6 GiB)
[2024-10-12T01:07:32.454+0000] {spark_submit.py:649} INFO - 24/10/12 01:07:32 INFO FileSourceScanExec: Planning scan with bin packing, max size: 119497018 bytes, open cost is considered as scanning 4194304 bytes.
[2024-10-12T01:07:32.460+0000] {spark_submit.py:649} INFO - 24/10/12 01:07:32 INFO DAGScheduler: Registering RDD 22 (toPandas at /spark-scripts/taxi_etl.py:145) as input to shuffle 2
[2024-10-12T01:07:32.460+0000] {spark_submit.py:649} INFO - 24/10/12 01:07:32 INFO DAGScheduler: Got map stage job 5 (toPandas at /spark-scripts/taxi_etl.py:145) with 4 output partitions
[2024-10-12T01:07:32.461+0000] {spark_submit.py:649} INFO - 24/10/12 01:07:32 INFO DAGScheduler: Final stage: ShuffleMapStage 7 (toPandas at /spark-scripts/taxi_etl.py:145)
[2024-10-12T01:07:32.461+0000] {spark_submit.py:649} INFO - 24/10/12 01:07:32 INFO DAGScheduler: Parents of final stage: List()
[2024-10-12T01:07:32.461+0000] {spark_submit.py:649} INFO - 24/10/12 01:07:32 INFO DAGScheduler: Missing parents: List()
[2024-10-12T01:07:32.461+0000] {spark_submit.py:649} INFO - 24/10/12 01:07:32 INFO DAGScheduler: Submitting ShuffleMapStage 7 (MapPartitionsRDD[22] at toPandas at /spark-scripts/taxi_etl.py:145), which has no missing parents
[2024-10-12T01:07:32.462+0000] {spark_submit.py:649} INFO - 24/10/12 01:07:32 INFO MemoryStore: Block broadcast_8 stored as values in memory (estimated size 32.9 KiB, free 1048.3 MiB)
[2024-10-12T01:07:32.468+0000] {spark_submit.py:649} INFO - 24/10/12 01:07:32 INFO MemoryStore: Block broadcast_8_piece0 stored as bytes in memory (estimated size 14.9 KiB, free 1048.3 MiB)
[2024-10-12T01:07:32.469+0000] {spark_submit.py:649} INFO - 24/10/12 01:07:32 INFO BlockManagerInfo: Added broadcast_8_piece0 in memory on yellow-cab-airflow-scheduler:33413 (size: 14.9 KiB, free: 1048.7 MiB)
[2024-10-12T01:07:32.471+0000] {spark_submit.py:649} INFO - 24/10/12 01:07:32 INFO SparkContext: Created broadcast 8 from broadcast at DAGScheduler.scala:1585
[2024-10-12T01:07:32.471+0000] {spark_submit.py:649} INFO - 24/10/12 01:07:32 INFO DAGScheduler: Submitting 4 missing tasks from ShuffleMapStage 7 (MapPartitionsRDD[22] at toPandas at /spark-scripts/taxi_etl.py:145) (first 15 tasks are for partitions Vector(0, 1, 2, 3))
[2024-10-12T01:07:32.471+0000] {spark_submit.py:649} INFO - 24/10/12 01:07:32 INFO TaskSchedulerImpl: Adding task set 7.0 with 4 tasks resource profile 0
[2024-10-12T01:07:32.472+0000] {spark_submit.py:649} INFO - 24/10/12 01:07:32 INFO TaskSetManager: Starting task 0.0 in stage 7.0 (TID 8) (172.24.0.3, executor 0, partition 0, PROCESS_LOCAL, 9983 bytes)
[2024-10-12T01:07:32.472+0000] {spark_submit.py:649} INFO - 24/10/12 01:07:32 INFO TaskSetManager: Starting task 1.0 in stage 7.0 (TID 9) (172.24.0.3, executor 0, partition 1, PROCESS_LOCAL, 9983 bytes)
[2024-10-12T01:07:32.472+0000] {spark_submit.py:649} INFO - 24/10/12 01:07:32 INFO TaskSetManager: Starting task 2.0 in stage 7.0 (TID 10) (172.24.0.3, executor 0, partition 2, PROCESS_LOCAL, 9983 bytes)
[2024-10-12T01:07:32.473+0000] {spark_submit.py:649} INFO - 24/10/12 01:07:32 INFO TaskSetManager: Starting task 3.0 in stage 7.0 (TID 11) (172.24.0.3, executor 0, partition 3, PROCESS_LOCAL, 9983 bytes)
[2024-10-12T01:07:32.498+0000] {spark_submit.py:649} INFO - 24/10/12 01:07:32 INFO BlockManagerInfo: Added broadcast_8_piece0 in memory on 172.24.0.3:35375 (size: 14.9 KiB, free: 4.6 GiB)
[2024-10-12T01:07:32.590+0000] {spark_submit.py:649} INFO - 24/10/12 01:07:32 INFO BlockManagerInfo: Added broadcast_7_piece0 in memory on 172.24.0.3:35375 (size: 35.6 KiB, free: 4.6 GiB)
[2024-10-12T01:07:36.890+0000] {spark_submit.py:649} INFO - 24/10/12 01:07:36 INFO TaskSetManager: Finished task 3.0 in stage 7.0 (TID 11) in 4414 ms on 172.24.0.3 (executor 0) (1/4)
[2024-10-12T01:07:36.897+0000] {spark_submit.py:649} INFO - 24/10/12 01:07:36 INFO TaskSetManager: Finished task 1.0 in stage 7.0 (TID 9) in 4418 ms on 172.24.0.3 (executor 0) (2/4)
[2024-10-12T01:07:36.897+0000] {spark_submit.py:649} INFO - 24/10/12 01:07:36 INFO TaskSetManager: Finished task 2.0 in stage 7.0 (TID 10) in 4417 ms on 172.24.0.3 (executor 0) (3/4)
[2024-10-12T01:07:36.897+0000] {spark_submit.py:649} INFO - 24/10/12 01:07:36 INFO TaskSetManager: Finished task 0.0 in stage 7.0 (TID 8) in 4418 ms on 172.24.0.3 (executor 0) (4/4)
[2024-10-12T01:07:36.900+0000] {spark_submit.py:649} INFO - 24/10/12 01:07:36 INFO TaskSchedulerImpl: Removed TaskSet 7.0, whose tasks have all completed, from pool
[2024-10-12T01:07:36.901+0000] {spark_submit.py:649} INFO - 24/10/12 01:07:36 INFO DAGScheduler: ShuffleMapStage 7 (toPandas at /spark-scripts/taxi_etl.py:145) finished in 4.434 s
[2024-10-12T01:07:36.902+0000] {spark_submit.py:649} INFO - 24/10/12 01:07:36 INFO DAGScheduler: looking for newly runnable stages
[2024-10-12T01:07:36.903+0000] {spark_submit.py:649} INFO - 24/10/12 01:07:36 INFO DAGScheduler: running: Set()
[2024-10-12T01:07:36.903+0000] {spark_submit.py:649} INFO - 24/10/12 01:07:36 INFO DAGScheduler: waiting: Set()
[2024-10-12T01:07:36.904+0000] {spark_submit.py:649} INFO - 24/10/12 01:07:36 INFO DAGScheduler: failed: Set()
[2024-10-12T01:07:36.938+0000] {spark_submit.py:649} INFO - 24/10/12 01:07:36 INFO ShufflePartitionsUtil: For shuffle(2), advisory target size: 67108864, actual target size 1511739, minimum partition size: 1048576
[2024-10-12T01:07:37.118+0000] {spark_submit.py:649} INFO - 24/10/12 01:07:37 INFO CodeGenerator: Code generated in 121.808375 ms
[2024-10-12T01:07:37.178+0000] {spark_submit.py:649} INFO - 24/10/12 01:07:37 INFO SparkContext: Starting job: toPandas at /spark-scripts/taxi_etl.py:145
[2024-10-12T01:07:37.197+0000] {spark_submit.py:649} INFO - 24/10/12 01:07:37 INFO DAGScheduler: Got job 6 (toPandas at /spark-scripts/taxi_etl.py:145) with 4 output partitions
[2024-10-12T01:07:37.198+0000] {spark_submit.py:649} INFO - 24/10/12 01:07:37 INFO DAGScheduler: Final stage: ResultStage 9 (toPandas at /spark-scripts/taxi_etl.py:145)
[2024-10-12T01:07:37.198+0000] {spark_submit.py:649} INFO - 24/10/12 01:07:37 INFO DAGScheduler: Parents of final stage: List(ShuffleMapStage 8)
[2024-10-12T01:07:37.198+0000] {spark_submit.py:649} INFO - 24/10/12 01:07:37 INFO DAGScheduler: Missing parents: List()
[2024-10-12T01:07:37.199+0000] {spark_submit.py:649} INFO - 24/10/12 01:07:37 INFO DAGScheduler: Submitting ResultStage 9 (MapPartitionsRDD[25] at toPandas at /spark-scripts/taxi_etl.py:145), which has no missing parents
[2024-10-12T01:07:37.211+0000] {spark_submit.py:649} INFO - 24/10/12 01:07:37 INFO MemoryStore: Block broadcast_9 stored as values in memory (estimated size 55.4 KiB, free 1048.2 MiB)
[2024-10-12T01:07:37.276+0000] {spark_submit.py:649} INFO - 24/10/12 01:07:37 INFO MemoryStore: Block broadcast_9_piece0 stored as bytes in memory (estimated size 23.9 KiB, free 1048.2 MiB)
[2024-10-12T01:07:37.278+0000] {spark_submit.py:649} INFO - 24/10/12 01:07:37 INFO BlockManagerInfo: Added broadcast_9_piece0 in memory on yellow-cab-airflow-scheduler:33413 (size: 23.9 KiB, free: 1048.7 MiB)
[2024-10-12T01:07:37.279+0000] {spark_submit.py:649} INFO - 24/10/12 01:07:37 INFO BlockManagerInfo: Removed broadcast_8_piece0 on yellow-cab-airflow-scheduler:33413 in memory (size: 14.9 KiB, free: 1048.7 MiB)
[2024-10-12T01:07:37.280+0000] {spark_submit.py:649} INFO - 24/10/12 01:07:37 INFO SparkContext: Created broadcast 9 from broadcast at DAGScheduler.scala:1585
[2024-10-12T01:07:37.281+0000] {spark_submit.py:649} INFO - 24/10/12 01:07:37 INFO DAGScheduler: Submitting 4 missing tasks from ResultStage 9 (MapPartitionsRDD[25] at toPandas at /spark-scripts/taxi_etl.py:145) (first 15 tasks are for partitions Vector(0, 1, 2, 3))
[2024-10-12T01:07:37.281+0000] {spark_submit.py:649} INFO - 24/10/12 01:07:37 INFO TaskSchedulerImpl: Adding task set 9.0 with 4 tasks resource profile 0
[2024-10-12T01:07:37.284+0000] {spark_submit.py:649} INFO - 24/10/12 01:07:37 INFO TaskSetManager: Starting task 0.0 in stage 9.0 (TID 12) (172.24.0.3, executor 0, partition 0, NODE_LOCAL, 9391 bytes)
[2024-10-12T01:07:37.285+0000] {spark_submit.py:649} INFO - 24/10/12 01:07:37 INFO TaskSetManager: Starting task 1.0 in stage 9.0 (TID 13) (172.24.0.3, executor 0, partition 1, NODE_LOCAL, 9391 bytes)
[2024-10-12T01:07:37.287+0000] {spark_submit.py:649} INFO - 24/10/12 01:07:37 INFO TaskSetManager: Starting task 2.0 in stage 9.0 (TID 14) (172.24.0.3, executor 0, partition 2, NODE_LOCAL, 9391 bytes)
[2024-10-12T01:07:37.288+0000] {spark_submit.py:649} INFO - 24/10/12 01:07:37 INFO BlockManagerInfo: Removed broadcast_8_piece0 on 172.24.0.3:35375 in memory (size: 14.9 KiB, free: 4.6 GiB)
[2024-10-12T01:07:37.292+0000] {spark_submit.py:649} INFO - 24/10/12 01:07:37 INFO TaskSetManager: Starting task 3.0 in stage 9.0 (TID 15) (172.24.0.3, executor 0, partition 3, NODE_LOCAL, 9391 bytes)
[2024-10-12T01:07:37.349+0000] {spark_submit.py:649} INFO - 24/10/12 01:07:37 INFO BlockManagerInfo: Added broadcast_9_piece0 in memory on 172.24.0.3:35375 (size: 23.9 KiB, free: 4.6 GiB)
[2024-10-12T01:07:37.429+0000] {spark_submit.py:649} INFO - 24/10/12 01:07:37 INFO MapOutputTrackerMasterEndpoint: Asked to send map output locations for shuffle 2 to 172.24.0.3:46302
[2024-10-12T01:07:37.971+0000] {spark_submit.py:649} INFO - 24/10/12 01:07:37 INFO BlockManagerInfo: Added taskresult_14 in memory on 172.24.0.3:35375 (size: 3.0 MiB, free: 4.6 GiB)
[2024-10-12T01:07:37.976+0000] {spark_submit.py:649} INFO - 24/10/12 01:07:37 INFO BlockManagerInfo: Added taskresult_13 in memory on 172.24.0.3:35375 (size: 3.1 MiB, free: 4.6 GiB)
[2024-10-12T01:07:37.978+0000] {spark_submit.py:649} INFO - 24/10/12 01:07:37 INFO BlockManagerInfo: Added taskresult_15 in memory on 172.24.0.3:35375 (size: 3.1 MiB, free: 4.6 GiB)
[2024-10-12T01:07:37.978+0000] {spark_submit.py:649} INFO - 24/10/12 01:07:37 INFO BlockManagerInfo: Added taskresult_12 in memory on 172.24.0.3:35375 (size: 3.1 MiB, free: 4.6 GiB)
[2024-10-12T01:07:38.008+0000] {spark_submit.py:649} INFO - 24/10/12 01:07:38 INFO TransportClientFactory: Successfully created connection to /172.24.0.3:35375 after 3 ms (0 ms spent in bootstraps)
[2024-10-12T01:07:38.111+0000] {spark_submit.py:649} INFO - 24/10/12 01:07:38 INFO TaskSetManager: Finished task 3.0 in stage 9.0 (TID 15) in 823 ms on 172.24.0.3 (executor 0) (1/4)
[2024-10-12T01:07:38.125+0000] {spark_submit.py:649} INFO - 24/10/12 01:07:38 INFO BlockManagerInfo: Removed taskresult_15 on 172.24.0.3:35375 in memory (size: 3.1 MiB, free: 4.6 GiB)
[2024-10-12T01:07:38.135+0000] {spark_submit.py:649} INFO - 24/10/12 01:07:38 INFO TaskSetManager: Finished task 2.0 in stage 9.0 (TID 14) in 849 ms on 172.24.0.3 (executor 0) (2/4)
[2024-10-12T01:07:38.138+0000] {spark_submit.py:649} INFO - 24/10/12 01:07:38 INFO BlockManagerInfo: Removed taskresult_14 on 172.24.0.3:35375 in memory (size: 3.0 MiB, free: 4.6 GiB)
[2024-10-12T01:07:38.148+0000] {spark_submit.py:649} INFO - 24/10/12 01:07:38 INFO TaskSetManager: Finished task 0.0 in stage 9.0 (TID 12) in 865 ms on 172.24.0.3 (executor 0) (3/4)
[2024-10-12T01:07:38.152+0000] {spark_submit.py:649} INFO - 24/10/12 01:07:38 INFO BlockManagerInfo: Removed taskresult_12 on 172.24.0.3:35375 in memory (size: 3.1 MiB, free: 4.6 GiB)
[2024-10-12T01:07:38.153+0000] {spark_submit.py:649} INFO - 24/10/12 01:07:38 INFO TaskSetManager: Finished task 1.0 in stage 9.0 (TID 13) in 869 ms on 172.24.0.3 (executor 0) (4/4)
[2024-10-12T01:07:38.153+0000] {spark_submit.py:649} INFO - 24/10/12 01:07:38 INFO TaskSchedulerImpl: Removed TaskSet 9.0, whose tasks have all completed, from pool
[2024-10-12T01:07:38.154+0000] {spark_submit.py:649} INFO - 24/10/12 01:07:38 INFO DAGScheduler: ResultStage 9 (toPandas at /spark-scripts/taxi_etl.py:145) finished in 0.945 s
[2024-10-12T01:07:38.154+0000] {spark_submit.py:649} INFO - 24/10/12 01:07:38 INFO DAGScheduler: Job 6 is finished. Cancelling potential speculative or zombie tasks for this job
[2024-10-12T01:07:38.154+0000] {spark_submit.py:649} INFO - 24/10/12 01:07:38 INFO TaskSchedulerImpl: Killing all running tasks in stage 9: Stage finished
[2024-10-12T01:07:38.156+0000] {spark_submit.py:649} INFO - 24/10/12 01:07:38 INFO DAGScheduler: Job 6 finished: toPandas at /spark-scripts/taxi_etl.py:145, took 0.976891 s
[2024-10-12T01:07:38.194+0000] {spark_submit.py:649} INFO - 24/10/12 01:07:38 INFO BlockManagerInfo: Removed taskresult_13 on 172.24.0.3:35375 in memory (size: 3.1 MiB, free: 4.6 GiB)
[2024-10-12T01:07:38.492+0000] {spark_submit.py:649} INFO - 24/10/12 01:07:38 INFO BlockManagerInfo: Removed broadcast_9_piece0 on yellow-cab-airflow-scheduler:33413 in memory (size: 23.9 KiB, free: 1048.7 MiB)
[2024-10-12T01:07:38.494+0000] {spark_submit.py:649} INFO - 24/10/12 01:07:38 INFO BlockManagerInfo: Removed broadcast_9_piece0 on 172.24.0.3:35375 in memory (size: 23.9 KiB, free: 4.6 GiB)
[2024-10-12T01:08:09.431+0000] {spark_submit.py:649} INFO - 24/10/12 01:08:09 INFO FileSourceStrategy: Pushed Filters:
[2024-10-12T01:08:09.446+0000] {spark_submit.py:649} INFO - 24/10/12 01:08:09 INFO FileSourceStrategy: Post-Scan Filters: atleastnnonnulls(4, tpep_pickup_datetime#15, tpep_dropoff_datetime#16, pickup_longitude#19, pickup_latitude#20)
[2024-10-12T01:08:09.470+0000] {spark_submit.py:649} INFO - 24/10/12 01:08:09 INFO MemoryStore: Block broadcast_10 stored as values in memory (estimated size 204.6 KiB, free 1048.1 MiB)
[2024-10-12T01:08:09.483+0000] {spark_submit.py:649} INFO - 24/10/12 01:08:09 INFO MemoryStore: Block broadcast_10_piece0 stored as bytes in memory (estimated size 35.6 KiB, free 1048.1 MiB)
[2024-10-12T01:08:09.485+0000] {spark_submit.py:649} INFO - 24/10/12 01:08:09 INFO BlockManagerInfo: Added broadcast_10_piece0 in memory on yellow-cab-airflow-scheduler:33413 (size: 35.6 KiB, free: 1048.7 MiB)
[2024-10-12T01:08:09.487+0000] {spark_submit.py:649} INFO - 24/10/12 01:08:09 INFO SparkContext: Created broadcast 10 from toPandas at /spark-scripts/taxi_etl.py:148
[2024-10-12T01:08:09.491+0000] {spark_submit.py:649} INFO - 24/10/12 01:08:09 INFO FileSourceScanExec: Planning scan with bin packing, max size: 119497018 bytes, open cost is considered as scanning 4194304 bytes.
[2024-10-12T01:08:09.511+0000] {spark_submit.py:649} INFO - 24/10/12 01:08:09 INFO SparkContext: Starting job: toPandas at /spark-scripts/taxi_etl.py:148
[2024-10-12T01:08:09.515+0000] {spark_submit.py:649} INFO - 24/10/12 01:08:09 INFO DAGScheduler: Got job 7 (toPandas at /spark-scripts/taxi_etl.py:148) with 4 output partitions
[2024-10-12T01:08:09.515+0000] {spark_submit.py:649} INFO - 24/10/12 01:08:09 INFO DAGScheduler: Final stage: ResultStage 10 (toPandas at /spark-scripts/taxi_etl.py:148)
[2024-10-12T01:08:09.516+0000] {spark_submit.py:649} INFO - 24/10/12 01:08:09 INFO DAGScheduler: Parents of final stage: List()
[2024-10-12T01:08:09.516+0000] {spark_submit.py:649} INFO - 24/10/12 01:08:09 INFO DAGScheduler: Missing parents: List()
[2024-10-12T01:08:09.516+0000] {spark_submit.py:649} INFO - 24/10/12 01:08:09 INFO DAGScheduler: Submitting ResultStage 10 (MapPartitionsRDD[31] at toPandas at /spark-scripts/taxi_etl.py:148), which has no missing parents
[2024-10-12T01:08:09.521+0000] {spark_submit.py:649} INFO - 24/10/12 01:08:09 INFO MemoryStore: Block broadcast_11 stored as values in memory (estimated size 37.4 KiB, free 1048.1 MiB)
[2024-10-12T01:08:09.524+0000] {spark_submit.py:649} INFO - 24/10/12 01:08:09 INFO MemoryStore: Block broadcast_11_piece0 stored as bytes in memory (estimated size 16.1 KiB, free 1048.0 MiB)
[2024-10-12T01:08:09.526+0000] {spark_submit.py:649} INFO - 24/10/12 01:08:09 INFO BlockManagerInfo: Added broadcast_11_piece0 in memory on yellow-cab-airflow-scheduler:33413 (size: 16.1 KiB, free: 1048.7 MiB)
[2024-10-12T01:08:09.528+0000] {spark_submit.py:649} INFO - 24/10/12 01:08:09 INFO SparkContext: Created broadcast 11 from broadcast at DAGScheduler.scala:1585
[2024-10-12T01:08:09.530+0000] {spark_submit.py:649} INFO - 24/10/12 01:08:09 INFO DAGScheduler: Submitting 4 missing tasks from ResultStage 10 (MapPartitionsRDD[31] at toPandas at /spark-scripts/taxi_etl.py:148) (first 15 tasks are for partitions Vector(0, 1, 2, 3))
[2024-10-12T01:08:09.531+0000] {spark_submit.py:649} INFO - 24/10/12 01:08:09 INFO TaskSchedulerImpl: Adding task set 10.0 with 4 tasks resource profile 0
[2024-10-12T01:08:09.545+0000] {spark_submit.py:649} INFO - 24/10/12 01:08:09 INFO TaskSetManager: Starting task 0.0 in stage 10.0 (TID 16) (172.24.0.3, executor 0, partition 0, PROCESS_LOCAL, 9994 bytes)
[2024-10-12T01:08:09.547+0000] {spark_submit.py:649} INFO - 24/10/12 01:08:09 INFO TaskSetManager: Starting task 1.0 in stage 10.0 (TID 17) (172.24.0.3, executor 0, partition 1, PROCESS_LOCAL, 9994 bytes)
[2024-10-12T01:08:09.547+0000] {spark_submit.py:649} INFO - 24/10/12 01:08:09 INFO TaskSetManager: Starting task 2.0 in stage 10.0 (TID 18) (172.24.0.3, executor 0, partition 2, PROCESS_LOCAL, 9994 bytes)
[2024-10-12T01:08:09.548+0000] {spark_submit.py:649} INFO - 24/10/12 01:08:09 INFO TaskSetManager: Starting task 3.0 in stage 10.0 (TID 19) (172.24.0.3, executor 0, partition 3, PROCESS_LOCAL, 9994 bytes)
[2024-10-12T01:08:09.592+0000] {spark_submit.py:649} INFO - 24/10/12 01:08:09 INFO BlockManagerInfo: Added broadcast_11_piece0 in memory on 172.24.0.3:35375 (size: 16.1 KiB, free: 4.6 GiB)
[2024-10-12T01:08:09.733+0000] {spark_submit.py:649} INFO - 24/10/12 01:08:09 INFO BlockManagerInfo: Added broadcast_10_piece0 in memory on 172.24.0.3:35375 (size: 35.6 KiB, free: 4.6 GiB)
[2024-10-12T01:08:17.536+0000] {spark_submit.py:649} INFO - 24/10/12 01:08:17 INFO BlockManagerInfo: Added taskresult_19 in memory on 172.24.0.3:35375 (size: 96.2 MiB, free: 4.5 GiB)
[2024-10-12T01:08:17.717+0000] {spark_submit.py:649} INFO - 24/10/12 01:08:17 INFO BlockManagerInfo: Added taskresult_16 in memory on 172.24.0.3:35375 (size: 97.4 MiB, free: 4.4 GiB)
[2024-10-12T01:08:17.748+0000] {spark_submit.py:649} INFO - 24/10/12 01:08:17 INFO BlockManagerInfo: Added taskresult_17 in memory on 172.24.0.3:35375 (size: 98.8 MiB, free: 4.3 GiB)
[2024-10-12T01:08:18.045+0000] {spark_submit.py:649} INFO - 24/10/12 01:08:18 INFO BlockManagerInfo: Added taskresult_18 in memory on 172.24.0.3:35375 (size: 99.6 MiB, free: 4.2 GiB)
[2024-10-12T01:08:19.465+0000] {spark_submit.py:649} INFO - 24/10/12 01:08:19 INFO TaskSetManager: Finished task 3.0 in stage 10.0 (TID 19) in 9914 ms on 172.24.0.3 (executor 0) (1/4)
[2024-10-12T01:08:19.489+0000] {spark_submit.py:649} INFO - 24/10/12 01:08:19 INFO BlockManagerInfo: Removed taskresult_19 on 172.24.0.3:35375 in memory (size: 96.2 MiB, free: 4.3 GiB)
[2024-10-12T01:08:20.100+0000] {spark_submit.py:649} INFO - 24/10/12 01:08:20 INFO TaskSetManager: Finished task 0.0 in stage 10.0 (TID 16) in 10557 ms on 172.24.0.3 (executor 0) (2/4)
[2024-10-12T01:08:20.112+0000] {spark_submit.py:649} INFO - 24/10/12 01:08:20 INFO BlockManagerInfo: Removed taskresult_16 on 172.24.0.3:35375 in memory (size: 97.4 MiB, free: 4.4 GiB)
[2024-10-12T01:08:21.329+0000] {spark_submit.py:649} INFO - 24/10/12 01:08:21 INFO TaskSetManager: Finished task 1.0 in stage 10.0 (TID 17) in 11782 ms on 172.24.0.3 (executor 0) (3/4)
[2024-10-12T01:08:21.337+0000] {spark_submit.py:649} INFO - 24/10/12 01:08:21 INFO BlockManagerInfo: Removed taskresult_17 on 172.24.0.3:35375 in memory (size: 98.8 MiB, free: 4.5 GiB)
[2024-10-12T01:08:22.696+0000] {spark_submit.py:649} INFO - 24/10/12 01:08:22 INFO TaskSetManager: Finished task 2.0 in stage 10.0 (TID 18) in 13148 ms on 172.24.0.3 (executor 0) (4/4)
[2024-10-12T01:08:22.697+0000] {spark_submit.py:649} INFO - 24/10/12 01:08:22 INFO TaskSchedulerImpl: Removed TaskSet 10.0, whose tasks have all completed, from pool
[2024-10-12T01:08:22.698+0000] {spark_submit.py:649} INFO - 24/10/12 01:08:22 INFO DAGScheduler: ResultStage 10 (toPandas at /spark-scripts/taxi_etl.py:148) finished in 13.180 s
[2024-10-12T01:08:22.700+0000] {spark_submit.py:649} INFO - 24/10/12 01:08:22 INFO DAGScheduler: Job 7 is finished. Cancelling potential speculative or zombie tasks for this job
[2024-10-12T01:08:22.701+0000] {spark_submit.py:649} INFO - 24/10/12 01:08:22 INFO TaskSchedulerImpl: Killing all running tasks in stage 10: Stage finished
[2024-10-12T01:08:22.704+0000] {spark_submit.py:649} INFO - 24/10/12 01:08:22 INFO DAGScheduler: Job 7 finished: toPandas at /spark-scripts/taxi_etl.py:148, took 13.191950 s
[2024-10-12T01:08:22.710+0000] {spark_submit.py:649} INFO - 24/10/12 01:08:22 INFO BlockManagerInfo: Removed taskresult_18 on 172.24.0.3:35375 in memory (size: 99.6 MiB, free: 4.6 GiB)
[2024-10-12T01:08:23.434+0000] {spark_submit.py:649} INFO - 24/10/12 01:08:23 INFO BlockManagerInfo: Removed broadcast_11_piece0 on yellow-cab-airflow-scheduler:33413 in memory (size: 16.1 KiB, free: 1048.7 MiB)
[2024-10-12T01:08:23.482+0000] {spark_submit.py:649} INFO - 24/10/12 01:08:23 INFO BlockManagerInfo: Removed broadcast_11_piece0 on 172.24.0.3:35375 in memory (size: 16.1 KiB, free: 4.6 GiB)
[2024-10-12T01:13:59.309+0000] {spark_submit.py:649} INFO - 24/10/12 01:13:59 INFO SparkContext: SparkContext is stopping with exitCode 0.
[2024-10-12T01:13:59.510+0000] {spark_submit.py:649} INFO - 24/10/12 01:13:59 INFO SparkUI: Stopped Spark web UI at http://yellow-cab-airflow-scheduler:4040
[2024-10-12T01:13:59.531+0000] {spark_submit.py:649} INFO - 24/10/12 01:13:59 INFO StandaloneSchedulerBackend: Shutting down all executors
[2024-10-12T01:13:59.534+0000] {spark_submit.py:649} INFO - 24/10/12 01:13:59 INFO StandaloneSchedulerBackend$StandaloneDriverEndpoint: Asking each executor to shut down
[2024-10-12T01:13:59.752+0000] {spark_submit.py:649} INFO - 24/10/12 01:13:59 INFO MapOutputTrackerMasterEndpoint: MapOutputTrackerMasterEndpoint stopped!
[2024-10-12T01:14:00.100+0000] {spark_submit.py:649} INFO - 24/10/12 01:14:00 INFO MemoryStore: MemoryStore cleared
[2024-10-12T01:14:00.102+0000] {spark_submit.py:649} INFO - 24/10/12 01:14:00 INFO BlockManager: BlockManager stopped
[2024-10-12T01:14:00.115+0000] {spark_submit.py:649} INFO - 24/10/12 01:14:00 INFO BlockManagerMaster: BlockManagerMaster stopped
[2024-10-12T01:14:00.122+0000] {spark_submit.py:649} INFO - 24/10/12 01:14:00 INFO OutputCommitCoordinator$OutputCommitCoordinatorEndpoint: OutputCommitCoordinator stopped!
[2024-10-12T01:14:00.264+0000] {spark_submit.py:649} INFO - 24/10/12 01:14:00 INFO SparkContext: Successfully stopped SparkContext
[2024-10-12T01:14:01.509+0000] {spark_submit.py:649} INFO - 24/10/12 01:14:01 INFO ShutdownHookManager: Shutdown hook called
[2024-10-12T01:14:01.510+0000] {spark_submit.py:649} INFO - 24/10/12 01:14:01 INFO ShutdownHookManager: Deleting directory /tmp/spark-a50915f0-1b4f-4eff-b509-d9c465683c18/pyspark-c59c0859-b072-45c3-bbe1-6847237e705f
[2024-10-12T01:14:01.549+0000] {spark_submit.py:649} INFO - 24/10/12 01:14:01 INFO ShutdownHookManager: Deleting directory /tmp/spark-bc337444-ca40-4b4f-aee7-0b23276ec55f
[2024-10-12T01:14:01.568+0000] {spark_submit.py:649} INFO - 24/10/12 01:14:01 INFO ShutdownHookManager: Deleting directory /tmp/spark-a50915f0-1b4f-4eff-b509-d9c465683c18
[2024-10-12T01:14:01.779+0000] {taskinstance.py:441} INFO - ::group::Post task execution logs
[2024-10-12T01:14:01.914+0000] {taskinstance.py:1206} INFO - Marking task as SUCCESS. dag_id=etl_yellow_cab, task_id=etl_task, run_id=manual__2024-10-12T00:13:45.785414+00:00, execution_date=20241012T001345, start_date=20241012T010652, end_date=20241012T011401
[2024-10-12T01:14:02.034+0000] {local_task_job_runner.py:240} INFO - Task exited with return code 0
[2024-10-12T01:14:02.106+0000] {taskinstance.py:3498} INFO - 0 downstream tasks scheduled from follow-on schedule check
[2024-10-12T01:14:02.108+0000] {local_task_job_runner.py:222} INFO - ::endgroup::
