[2024-10-13T23:00:01.431+0000] {local_task_job_runner.py:120} INFO - ::group::Pre task execution logs
[2024-10-13T23:00:01.443+0000] {taskinstance.py:2076} INFO - Dependencies all met for dep_context=non-requeueable deps ti=<TaskInstance: etl_yellow_cab.etl_task scheduled__2024-10-12T23:00:00+00:00 [queued]>
[2024-10-13T23:00:01.446+0000] {taskinstance.py:2076} INFO - Dependencies all met for dep_context=requeueable deps ti=<TaskInstance: etl_yellow_cab.etl_task scheduled__2024-10-12T23:00:00+00:00 [queued]>
[2024-10-13T23:00:01.446+0000] {taskinstance.py:2306} INFO - Starting attempt 1 of 1
[2024-10-13T23:00:01.451+0000] {taskinstance.py:2330} INFO - Executing <Task(SparkSubmitOperator): etl_task> on 2024-10-12 23:00:00+00:00
[2024-10-13T23:00:01.453+0000] {standard_task_runner.py:63} INFO - Started process 36925 to run task
[2024-10-13T23:00:01.454+0000] {standard_task_runner.py:90} INFO - Running: ['airflow', 'tasks', 'run', 'etl_yellow_cab', 'etl_task', 'scheduled__2024-10-12T23:00:00+00:00', '--job-id', '87', '--raw', '--subdir', 'DAGS_FOLDER/yellow-cab-batch.py', '--cfg-path', '/tmp/tmpogo6wlx3']
[2024-10-13T23:00:01.455+0000] {standard_task_runner.py:91} INFO - Job 87: Subtask etl_task
[2024-10-13T23:00:01.461+0000] {logging_mixin.py:188} WARNING - /home/airflow/.local/lib/python3.9/site-packages/airflow/settings.py:195 DeprecationWarning: The sql_alchemy_conn option in [core] has been moved to the sql_alchemy_conn option in [database] - the old setting has been used, but please update your config.
[2024-10-13T23:00:01.472+0000] {task_command.py:426} INFO - Running <TaskInstance: etl_yellow_cab.etl_task scheduled__2024-10-12T23:00:00+00:00 [running]> on host yellow-cab-airflow-scheduler
[2024-10-13T23:00:01.511+0000] {taskinstance.py:2648} INFO - Exporting env vars: AIRFLOW_CTX_DAG_OWNER='hafidz' AIRFLOW_CTX_DAG_ID='etl_yellow_cab' AIRFLOW_CTX_TASK_ID='etl_task' AIRFLOW_CTX_EXECUTION_DATE='2024-10-12T23:00:00+00:00' AIRFLOW_CTX_TRY_NUMBER='1' AIRFLOW_CTX_DAG_RUN_ID='scheduled__2024-10-12T23:00:00+00:00'
[2024-10-13T23:00:01.512+0000] {taskinstance.py:430} INFO - ::endgroup::
[2024-10-13T23:00:01.523+0000] {base.py:84} INFO - Using connection ID 'spark_main' for task execution.
[2024-10-13T23:00:01.524+0000] {spark_submit.py:473} INFO - Spark-Submit cmd: spark-submit --master spark://spark-master:7077 --conf spark.jars.packages=org.apache.sedona:sedona-python-adapter-3.0_2.12:1.2.0-incubating,org.datasyslab:geotools-wrapper:geotools-24.0 --conf spark.jars.repositories=https://repo1.maven.org/maven2/ --conf spark.executor.memory=8g --conf spark.driver.maxResultSize=8g --conf spark.driver.memory=2g --name arrow-spark --deploy-mode client /spark-scripts/taxi_etl.py
[2024-10-13T23:00:02.716+0000] {spark_submit.py:649} INFO - https://repo1.maven.org/maven2/ added as a remote repository with the name: repo-1
[2024-10-13T23:00:02.734+0000] {spark_submit.py:649} INFO - :: loading settings :: url = jar:file:/home/airflow/.local/lib/python3.9/site-packages/pyspark/jars/ivy-2.5.1.jar!/org/apache/ivy/core/settings/ivysettings.xml
[2024-10-13T23:00:02.785+0000] {spark_submit.py:649} INFO - Ivy Default Cache set to: /home/airflow/.ivy2/cache
[2024-10-13T23:00:02.785+0000] {spark_submit.py:649} INFO - The jars for the packages stored in: /home/airflow/.ivy2/jars
[2024-10-13T23:00:02.787+0000] {spark_submit.py:649} INFO - org.apache.sedona#sedona-python-adapter-3.0_2.12 added as a dependency
[2024-10-13T23:00:02.787+0000] {spark_submit.py:649} INFO - org.datasyslab#geotools-wrapper added as a dependency
[2024-10-13T23:00:02.787+0000] {spark_submit.py:649} INFO - :: resolving dependencies :: org.apache.spark#spark-submit-parent-0636eb74-b874-44e7-b408-063e72426d98;1.0
[2024-10-13T23:00:02.788+0000] {spark_submit.py:649} INFO - confs: [default]
[2024-10-13T23:00:02.910+0000] {spark_submit.py:649} INFO - found org.apache.sedona#sedona-python-adapter-3.0_2.12;1.2.0-incubating in central
[2024-10-13T23:00:02.926+0000] {spark_submit.py:649} INFO - found org.locationtech.jts#jts-core;1.18.0 in central
[2024-10-13T23:00:02.936+0000] {spark_submit.py:649} INFO - found org.wololo#jts2geojson;0.16.1 in central
[2024-10-13T23:00:02.949+0000] {spark_submit.py:649} INFO - found org.apache.sedona#sedona-core-3.0_2.12;1.2.0-incubating in central
[2024-10-13T23:00:02.958+0000] {spark_submit.py:649} INFO - found org.scala-lang.modules#scala-collection-compat_2.12;2.5.0 in central
[2024-10-13T23:00:02.970+0000] {spark_submit.py:649} INFO - found org.apache.sedona#sedona-sql-3.0_2.12;1.2.0-incubating in central
[2024-10-13T23:00:02.979+0000] {spark_submit.py:649} INFO - found org.datasyslab#geotools-wrapper;geotools-24.0 in central
[2024-10-13T23:00:02.995+0000] {spark_submit.py:649} INFO - :: resolution report :: resolve 202ms :: artifacts dl 6ms
[2024-10-13T23:00:02.996+0000] {spark_submit.py:649} INFO - :: modules in use:
[2024-10-13T23:00:02.996+0000] {spark_submit.py:649} INFO - org.apache.sedona#sedona-core-3.0_2.12;1.2.0-incubating from central in [default]
[2024-10-13T23:00:02.996+0000] {spark_submit.py:649} INFO - org.apache.sedona#sedona-python-adapter-3.0_2.12;1.2.0-incubating from central in [default]
[2024-10-13T23:00:02.996+0000] {spark_submit.py:649} INFO - org.apache.sedona#sedona-sql-3.0_2.12;1.2.0-incubating from central in [default]
[2024-10-13T23:00:02.996+0000] {spark_submit.py:649} INFO - org.datasyslab#geotools-wrapper;geotools-24.0 from central in [default]
[2024-10-13T23:00:02.996+0000] {spark_submit.py:649} INFO - org.locationtech.jts#jts-core;1.18.0 from central in [default]
[2024-10-13T23:00:02.996+0000] {spark_submit.py:649} INFO - org.scala-lang.modules#scala-collection-compat_2.12;2.5.0 from central in [default]
[2024-10-13T23:00:02.996+0000] {spark_submit.py:649} INFO - org.wololo#jts2geojson;0.16.1 from central in [default]
[2024-10-13T23:00:02.997+0000] {spark_submit.py:649} INFO - ---------------------------------------------------------------------
[2024-10-13T23:00:02.997+0000] {spark_submit.py:649} INFO - |                  |            modules            ||   artifacts   |
[2024-10-13T23:00:02.997+0000] {spark_submit.py:649} INFO - |       conf       | number| search|dwnlded|evicted|| number|dwnlded|
[2024-10-13T23:00:02.997+0000] {spark_submit.py:649} INFO - ---------------------------------------------------------------------
[2024-10-13T23:00:02.997+0000] {spark_submit.py:649} INFO - |      default     |   7   |   0   |   0   |   0   ||   7   |   0   |
[2024-10-13T23:00:02.997+0000] {spark_submit.py:649} INFO - ---------------------------------------------------------------------
[2024-10-13T23:00:02.999+0000] {spark_submit.py:649} INFO - :: retrieving :: org.apache.spark#spark-submit-parent-0636eb74-b874-44e7-b408-063e72426d98
[2024-10-13T23:00:02.999+0000] {spark_submit.py:649} INFO - confs: [default]
[2024-10-13T23:00:03.003+0000] {spark_submit.py:649} INFO - 0 artifacts copied, 7 already retrieved (0kB/4ms)
[2024-10-13T23:00:03.141+0000] {spark_submit.py:649} INFO - 24/10/13 23:00:03 WARN NativeCodeLoader: Unable to load native-hadoop library for your platform... using builtin-java classes where applicable
[2024-10-13T23:00:05.227+0000] {spark_submit.py:649} INFO - 24/10/13 23:00:05 INFO SparkContext: Running Spark version 3.5.1
[2024-10-13T23:00:05.227+0000] {spark_submit.py:649} INFO - 24/10/13 23:00:05 INFO SparkContext: OS info Linux, 6.10.4-linuxkit, aarch64
[2024-10-13T23:00:05.227+0000] {spark_submit.py:649} INFO - 24/10/13 23:00:05 INFO SparkContext: Java version 17.0.12
[2024-10-13T23:00:05.238+0000] {spark_submit.py:649} INFO - 24/10/13 23:00:05 INFO ResourceUtils: ==============================================================
[2024-10-13T23:00:05.238+0000] {spark_submit.py:649} INFO - 24/10/13 23:00:05 INFO ResourceUtils: No custom resources configured for spark.driver.
[2024-10-13T23:00:05.238+0000] {spark_submit.py:649} INFO - 24/10/13 23:00:05 INFO ResourceUtils: ==============================================================
[2024-10-13T23:00:05.238+0000] {spark_submit.py:649} INFO - 24/10/13 23:00:05 INFO SparkContext: Submitted application: BigQueryETL
[2024-10-13T23:00:05.251+0000] {spark_submit.py:649} INFO - 24/10/13 23:00:05 INFO ResourceProfile: Default ResourceProfile created, executor resources: Map(memory -> name: memory, amount: 8192, script: , vendor: , offHeap -> name: offHeap, amount: 0, script: , vendor: ), task resources: Map(cpus -> name: cpus, amount: 1.0)
[2024-10-13T23:00:05.254+0000] {spark_submit.py:649} INFO - 24/10/13 23:00:05 INFO ResourceProfile: Limiting resource is cpu
[2024-10-13T23:00:05.254+0000] {spark_submit.py:649} INFO - 24/10/13 23:00:05 INFO ResourceProfileManager: Added ResourceProfile id: 0
[2024-10-13T23:00:05.296+0000] {spark_submit.py:649} INFO - 24/10/13 23:00:05 INFO SecurityManager: Changing view acls to: airflow
[2024-10-13T23:00:05.297+0000] {spark_submit.py:649} INFO - 24/10/13 23:00:05 INFO SecurityManager: Changing modify acls to: airflow
[2024-10-13T23:00:05.297+0000] {spark_submit.py:649} INFO - 24/10/13 23:00:05 INFO SecurityManager: Changing view acls groups to:
[2024-10-13T23:00:05.297+0000] {spark_submit.py:649} INFO - 24/10/13 23:00:05 INFO SecurityManager: Changing modify acls groups to:
[2024-10-13T23:00:05.297+0000] {spark_submit.py:649} INFO - 24/10/13 23:00:05 INFO SecurityManager: SecurityManager: authentication disabled; ui acls disabled; users with view permissions: airflow; groups with view permissions: EMPTY; users with modify permissions: airflow; groups with modify permissions: EMPTY
[2024-10-13T23:00:05.505+0000] {spark_submit.py:649} INFO - 24/10/13 23:00:05 INFO Utils: Successfully started service 'sparkDriver' on port 45479.
[2024-10-13T23:00:05.523+0000] {spark_submit.py:649} INFO - 24/10/13 23:00:05 INFO SparkEnv: Registering MapOutputTracker
[2024-10-13T23:00:05.551+0000] {spark_submit.py:649} INFO - 24/10/13 23:00:05 INFO SparkEnv: Registering BlockManagerMaster
[2024-10-13T23:00:05.561+0000] {spark_submit.py:649} INFO - 24/10/13 23:00:05 INFO BlockManagerMasterEndpoint: Using org.apache.spark.storage.DefaultTopologyMapper for getting topology information
[2024-10-13T23:00:05.562+0000] {spark_submit.py:649} INFO - 24/10/13 23:00:05 INFO BlockManagerMasterEndpoint: BlockManagerMasterEndpoint up
[2024-10-13T23:00:05.564+0000] {spark_submit.py:649} INFO - 24/10/13 23:00:05 INFO SparkEnv: Registering BlockManagerMasterHeartbeat
[2024-10-13T23:00:05.582+0000] {spark_submit.py:649} INFO - 24/10/13 23:00:05 INFO DiskBlockManager: Created local directory at /tmp/blockmgr-a1bbefd8-d8a3-4a8c-9195-1ccab06193a6
[2024-10-13T23:00:05.596+0000] {spark_submit.py:649} INFO - 24/10/13 23:00:05 INFO MemoryStore: MemoryStore started with capacity 1048.8 MiB
[2024-10-13T23:00:05.608+0000] {spark_submit.py:649} INFO - 24/10/13 23:00:05 INFO SparkEnv: Registering OutputCommitCoordinator
[2024-10-13T23:00:05.696+0000] {spark_submit.py:649} INFO - 24/10/13 23:00:05 INFO JettyUtils: Start Jetty 0.0.0.0:4040 for SparkUI
[2024-10-13T23:00:05.725+0000] {spark_submit.py:649} INFO - 24/10/13 23:00:05 INFO Utils: Successfully started service 'SparkUI' on port 4040.
[2024-10-13T23:00:05.745+0000] {spark_submit.py:649} INFO - 24/10/13 23:00:05 INFO SparkContext: Added JAR file:///home/airflow/.ivy2/jars/org.apache.sedona_sedona-python-adapter-3.0_2.12-1.2.0-incubating.jar at spark://yellow-cab-airflow-scheduler:45479/jars/org.apache.sedona_sedona-python-adapter-3.0_2.12-1.2.0-incubating.jar with timestamp 1728860405222
[2024-10-13T23:00:05.746+0000] {spark_submit.py:649} INFO - 24/10/13 23:00:05 INFO SparkContext: Added JAR file:///home/airflow/.ivy2/jars/org.datasyslab_geotools-wrapper-geotools-24.0.jar at spark://yellow-cab-airflow-scheduler:45479/jars/org.datasyslab_geotools-wrapper-geotools-24.0.jar with timestamp 1728860405222
[2024-10-13T23:00:05.746+0000] {spark_submit.py:649} INFO - 24/10/13 23:00:05 INFO SparkContext: Added JAR file:///home/airflow/.ivy2/jars/org.locationtech.jts_jts-core-1.18.0.jar at spark://yellow-cab-airflow-scheduler:45479/jars/org.locationtech.jts_jts-core-1.18.0.jar with timestamp 1728860405222
[2024-10-13T23:00:05.746+0000] {spark_submit.py:649} INFO - 24/10/13 23:00:05 INFO SparkContext: Added JAR file:///home/airflow/.ivy2/jars/org.wololo_jts2geojson-0.16.1.jar at spark://yellow-cab-airflow-scheduler:45479/jars/org.wololo_jts2geojson-0.16.1.jar with timestamp 1728860405222
[2024-10-13T23:00:05.746+0000] {spark_submit.py:649} INFO - 24/10/13 23:00:05 INFO SparkContext: Added JAR file:///home/airflow/.ivy2/jars/org.apache.sedona_sedona-core-3.0_2.12-1.2.0-incubating.jar at spark://yellow-cab-airflow-scheduler:45479/jars/org.apache.sedona_sedona-core-3.0_2.12-1.2.0-incubating.jar with timestamp 1728860405222
[2024-10-13T23:00:05.746+0000] {spark_submit.py:649} INFO - 24/10/13 23:00:05 INFO SparkContext: Added JAR file:///home/airflow/.ivy2/jars/org.apache.sedona_sedona-sql-3.0_2.12-1.2.0-incubating.jar at spark://yellow-cab-airflow-scheduler:45479/jars/org.apache.sedona_sedona-sql-3.0_2.12-1.2.0-incubating.jar with timestamp 1728860405222
[2024-10-13T23:00:05.747+0000] {spark_submit.py:649} INFO - 24/10/13 23:00:05 INFO SparkContext: Added JAR file:///home/airflow/.ivy2/jars/org.scala-lang.modules_scala-collection-compat_2.12-2.5.0.jar at spark://yellow-cab-airflow-scheduler:45479/jars/org.scala-lang.modules_scala-collection-compat_2.12-2.5.0.jar with timestamp 1728860405222
[2024-10-13T23:00:05.748+0000] {spark_submit.py:649} INFO - 24/10/13 23:00:05 INFO SparkContext: Added file file:///home/airflow/.ivy2/jars/org.apache.sedona_sedona-python-adapter-3.0_2.12-1.2.0-incubating.jar at spark://yellow-cab-airflow-scheduler:45479/files/org.apache.sedona_sedona-python-adapter-3.0_2.12-1.2.0-incubating.jar with timestamp 1728860405222
[2024-10-13T23:00:05.749+0000] {spark_submit.py:649} INFO - 24/10/13 23:00:05 INFO Utils: Copying /home/airflow/.ivy2/jars/org.apache.sedona_sedona-python-adapter-3.0_2.12-1.2.0-incubating.jar to /tmp/spark-7b0c6639-bc3a-440a-a915-4564bbb4a445/userFiles-3776fa02-719c-4c05-9eaa-17736242af44/org.apache.sedona_sedona-python-adapter-3.0_2.12-1.2.0-incubating.jar
[2024-10-13T23:00:05.796+0000] {spark_submit.py:649} INFO - 24/10/13 23:00:05 INFO SparkContext: Added file file:///home/airflow/.ivy2/jars/org.datasyslab_geotools-wrapper-geotools-24.0.jar at spark://yellow-cab-airflow-scheduler:45479/files/org.datasyslab_geotools-wrapper-geotools-24.0.jar with timestamp 1728860405222
[2024-10-13T23:00:05.796+0000] {spark_submit.py:649} INFO - 24/10/13 23:00:05 INFO Utils: Copying /home/airflow/.ivy2/jars/org.datasyslab_geotools-wrapper-geotools-24.0.jar to /tmp/spark-7b0c6639-bc3a-440a-a915-4564bbb4a445/userFiles-3776fa02-719c-4c05-9eaa-17736242af44/org.datasyslab_geotools-wrapper-geotools-24.0.jar
[2024-10-13T23:00:06.052+0000] {spark_submit.py:649} INFO - 24/10/13 23:00:06 INFO SparkContext: Added file file:///home/airflow/.ivy2/jars/org.locationtech.jts_jts-core-1.18.0.jar at spark://yellow-cab-airflow-scheduler:45479/files/org.locationtech.jts_jts-core-1.18.0.jar with timestamp 1728860405222
[2024-10-13T23:00:06.053+0000] {spark_submit.py:649} INFO - 24/10/13 23:00:06 INFO Utils: Copying /home/airflow/.ivy2/jars/org.locationtech.jts_jts-core-1.18.0.jar to /tmp/spark-7b0c6639-bc3a-440a-a915-4564bbb4a445/userFiles-3776fa02-719c-4c05-9eaa-17736242af44/org.locationtech.jts_jts-core-1.18.0.jar
[2024-10-13T23:00:06.116+0000] {spark_submit.py:649} INFO - 24/10/13 23:00:06 INFO SparkContext: Added file file:///home/airflow/.ivy2/jars/org.wololo_jts2geojson-0.16.1.jar at spark://yellow-cab-airflow-scheduler:45479/files/org.wololo_jts2geojson-0.16.1.jar with timestamp 1728860405222
[2024-10-13T23:00:06.117+0000] {spark_submit.py:649} INFO - 24/10/13 23:00:06 INFO Utils: Copying /home/airflow/.ivy2/jars/org.wololo_jts2geojson-0.16.1.jar to /tmp/spark-7b0c6639-bc3a-440a-a915-4564bbb4a445/userFiles-3776fa02-719c-4c05-9eaa-17736242af44/org.wololo_jts2geojson-0.16.1.jar
[2024-10-13T23:00:06.141+0000] {spark_submit.py:649} INFO - 24/10/13 23:00:06 INFO SparkContext: Added file file:///home/airflow/.ivy2/jars/org.apache.sedona_sedona-core-3.0_2.12-1.2.0-incubating.jar at spark://yellow-cab-airflow-scheduler:45479/files/org.apache.sedona_sedona-core-3.0_2.12-1.2.0-incubating.jar with timestamp 1728860405222
[2024-10-13T23:00:06.142+0000] {spark_submit.py:649} INFO - 24/10/13 23:00:06 INFO Utils: Copying /home/airflow/.ivy2/jars/org.apache.sedona_sedona-core-3.0_2.12-1.2.0-incubating.jar to /tmp/spark-7b0c6639-bc3a-440a-a915-4564bbb4a445/userFiles-3776fa02-719c-4c05-9eaa-17736242af44/org.apache.sedona_sedona-core-3.0_2.12-1.2.0-incubating.jar
[2024-10-13T23:00:06.171+0000] {spark_submit.py:649} INFO - 24/10/13 23:00:06 INFO SparkContext: Added file file:///home/airflow/.ivy2/jars/org.apache.sedona_sedona-sql-3.0_2.12-1.2.0-incubating.jar at spark://yellow-cab-airflow-scheduler:45479/files/org.apache.sedona_sedona-sql-3.0_2.12-1.2.0-incubating.jar with timestamp 1728860405222
[2024-10-13T23:00:06.172+0000] {spark_submit.py:649} INFO - 24/10/13 23:00:06 INFO Utils: Copying /home/airflow/.ivy2/jars/org.apache.sedona_sedona-sql-3.0_2.12-1.2.0-incubating.jar to /tmp/spark-7b0c6639-bc3a-440a-a915-4564bbb4a445/userFiles-3776fa02-719c-4c05-9eaa-17736242af44/org.apache.sedona_sedona-sql-3.0_2.12-1.2.0-incubating.jar
[2024-10-13T23:00:06.210+0000] {spark_submit.py:649} INFO - 24/10/13 23:00:06 INFO SparkContext: Added file file:///home/airflow/.ivy2/jars/org.scala-lang.modules_scala-collection-compat_2.12-2.5.0.jar at spark://yellow-cab-airflow-scheduler:45479/files/org.scala-lang.modules_scala-collection-compat_2.12-2.5.0.jar with timestamp 1728860405222
[2024-10-13T23:00:06.210+0000] {spark_submit.py:649} INFO - 24/10/13 23:00:06 INFO Utils: Copying /home/airflow/.ivy2/jars/org.scala-lang.modules_scala-collection-compat_2.12-2.5.0.jar to /tmp/spark-7b0c6639-bc3a-440a-a915-4564bbb4a445/userFiles-3776fa02-719c-4c05-9eaa-17736242af44/org.scala-lang.modules_scala-collection-compat_2.12-2.5.0.jar
[2024-10-13T23:00:06.331+0000] {spark_submit.py:649} INFO - 24/10/13 23:00:06 INFO StandaloneAppClient$ClientEndpoint: Connecting to master spark://spark-master:7077...
[2024-10-13T23:00:06.357+0000] {spark_submit.py:649} INFO - 24/10/13 23:00:06 INFO TransportClientFactory: Successfully created connection to spark-master/172.24.0.2:7077 after 13 ms (0 ms spent in bootstraps)
[2024-10-13T23:00:06.490+0000] {spark_submit.py:649} INFO - 24/10/13 23:00:06 INFO StandaloneSchedulerBackend: Connected to Spark cluster with app ID app-20241013230006-0026
[2024-10-13T23:00:06.496+0000] {spark_submit.py:649} INFO - 24/10/13 23:00:06 INFO Utils: Successfully started service 'org.apache.spark.network.netty.NettyBlockTransferService' on port 46863.
[2024-10-13T23:00:06.496+0000] {spark_submit.py:649} INFO - 24/10/13 23:00:06 INFO NettyBlockTransferService: Server created on yellow-cab-airflow-scheduler:46863
[2024-10-13T23:00:06.497+0000] {spark_submit.py:649} INFO - 24/10/13 23:00:06 INFO StandaloneAppClient$ClientEndpoint: Executor added: app-20241013230006-0026/0 on worker-20241011213037-172.24.0.3-36185 (172.24.0.3:36185) with 4 core(s)
[2024-10-13T23:00:06.498+0000] {spark_submit.py:649} INFO - 24/10/13 23:00:06 INFO BlockManager: Using org.apache.spark.storage.RandomBlockReplicationPolicy for block replication policy
[2024-10-13T23:00:06.499+0000] {spark_submit.py:649} INFO - 24/10/13 23:00:06 INFO StandaloneSchedulerBackend: Granted executor ID app-20241013230006-0026/0 on hostPort 172.24.0.3:36185 with 4 core(s), 8.0 GiB RAM
[2024-10-13T23:00:06.503+0000] {spark_submit.py:649} INFO - 24/10/13 23:00:06 INFO BlockManagerMaster: Registering BlockManager BlockManagerId(driver, yellow-cab-airflow-scheduler, 46863, None)
[2024-10-13T23:00:06.507+0000] {spark_submit.py:649} INFO - 24/10/13 23:00:06 INFO BlockManagerMasterEndpoint: Registering block manager yellow-cab-airflow-scheduler:46863 with 1048.8 MiB RAM, BlockManagerId(driver, yellow-cab-airflow-scheduler, 46863, None)
[2024-10-13T23:00:06.507+0000] {spark_submit.py:649} INFO - 24/10/13 23:00:06 INFO BlockManagerMaster: Registered BlockManager BlockManagerId(driver, yellow-cab-airflow-scheduler, 46863, None)
[2024-10-13T23:00:06.508+0000] {spark_submit.py:649} INFO - 24/10/13 23:00:06 INFO BlockManager: Initialized BlockManager: BlockManagerId(driver, yellow-cab-airflow-scheduler, 46863, None)
[2024-10-13T23:00:06.746+0000] {spark_submit.py:649} INFO - 24/10/13 23:00:06 INFO StandaloneSchedulerBackend: SchedulerBackend is ready for scheduling beginning after reached minRegisteredResourcesRatio: 0.0
[2024-10-13T23:00:06.871+0000] {spark_submit.py:649} INFO - 24/10/13 23:00:06 INFO StandaloneAppClient$ClientEndpoint: Executor updated: app-20241013230006-0026/0 is now RUNNING
[2024-10-13T23:00:06.983+0000] {spark_submit.py:649} INFO - /spark-scripts/taxi_etl.py:28: DeprecationWarning: Call to deprecated function registerAll (Deprecated since 1.4.1, use SedonaContext.create() instead.).
[2024-10-13T23:00:06.984+0000] {spark_submit.py:649} INFO - SedonaRegistrator.registerAll(spark)
[2024-10-13T23:00:07.000+0000] {spark_submit.py:649} INFO - 24/10/13 23:00:07 INFO SharedState: Setting hive.metastore.warehouse.dir ('null') to the value of spark.sql.warehouse.dir.
[2024-10-13T23:00:07.001+0000] {spark_submit.py:649} INFO - 24/10/13 23:00:07 INFO SharedState: Warehouse path is 'file:/opt/airflow/spark-warehouse'.
[2024-10-13T23:00:09.073+0000] {spark_submit.py:649} INFO - 24/10/13 23:00:09 INFO CodeGenerator: Code generated in 106.205834 ms
[2024-10-13T23:00:09.116+0000] {spark_submit.py:649} INFO - 24/10/13 23:00:09 INFO DAGScheduler: Registering RDD 2 (count at NativeMethodAccessorImpl.java:0) as input to shuffle 0
[2024-10-13T23:00:09.121+0000] {spark_submit.py:649} INFO - 24/10/13 23:00:09 INFO DAGScheduler: Got map stage job 0 (count at NativeMethodAccessorImpl.java:0) with 1 output partitions
[2024-10-13T23:00:09.121+0000] {spark_submit.py:649} INFO - 24/10/13 23:00:09 INFO DAGScheduler: Final stage: ShuffleMapStage 0 (count at NativeMethodAccessorImpl.java:0)
[2024-10-13T23:00:09.121+0000] {spark_submit.py:649} INFO - 24/10/13 23:00:09 INFO DAGScheduler: Parents of final stage: List()
[2024-10-13T23:00:09.122+0000] {spark_submit.py:649} INFO - 24/10/13 23:00:09 INFO DAGScheduler: Missing parents: List()
[2024-10-13T23:00:09.123+0000] {spark_submit.py:649} INFO - 24/10/13 23:00:09 INFO DAGScheduler: Submitting ShuffleMapStage 0 (MapPartitionsRDD[2] at count at NativeMethodAccessorImpl.java:0), which has no missing parents
[2024-10-13T23:00:09.185+0000] {spark_submit.py:649} INFO - 24/10/13 23:00:09 INFO MemoryStore: Block broadcast_0 stored as values in memory (estimated size 11.0 KiB, free 1048.8 MiB)
[2024-10-13T23:00:09.229+0000] {spark_submit.py:649} INFO - 24/10/13 23:00:09 INFO MemoryStore: Block broadcast_0_piece0 stored as bytes in memory (estimated size 5.7 KiB, free 1048.8 MiB)
[2024-10-13T23:00:09.232+0000] {spark_submit.py:649} INFO - 24/10/13 23:00:09 INFO BlockManagerInfo: Added broadcast_0_piece0 in memory on yellow-cab-airflow-scheduler:46863 (size: 5.7 KiB, free: 1048.8 MiB)
[2024-10-13T23:00:09.235+0000] {spark_submit.py:649} INFO - 24/10/13 23:00:09 INFO SparkContext: Created broadcast 0 from broadcast at DAGScheduler.scala:1585
[2024-10-13T23:00:09.248+0000] {spark_submit.py:649} INFO - 24/10/13 23:00:09 INFO DAGScheduler: Submitting 1 missing tasks from ShuffleMapStage 0 (MapPartitionsRDD[2] at count at NativeMethodAccessorImpl.java:0) (first 15 tasks are for partitions Vector(0))
[2024-10-13T23:00:09.249+0000] {spark_submit.py:649} INFO - 24/10/13 23:00:09 INFO TaskSchedulerImpl: Adding task set 0.0 with 1 tasks resource profile 0
[2024-10-13T23:00:09.489+0000] {spark_submit.py:649} INFO - 24/10/13 23:00:09 INFO StandaloneSchedulerBackend$StandaloneDriverEndpoint: Registered executor NettyRpcEndpointRef(spark-client://Executor) (172.24.0.3:36968) with ID 0,  ResourceProfileId 0
[2024-10-13T23:00:09.533+0000] {spark_submit.py:649} INFO - 24/10/13 23:00:09 INFO BlockManagerMasterEndpoint: Registering block manager 172.24.0.3:41017 with 4.6 GiB RAM, BlockManagerId(0, 172.24.0.3, 41017, None)
[2024-10-13T23:00:10.574+0000] {spark_submit.py:649} INFO - 24/10/13 23:00:10 INFO TaskSetManager: Starting task 0.0 in stage 0.0 (TID 0) (172.24.0.3, executor 0, partition 0, PROCESS_LOCAL, 9588 bytes)
[2024-10-13T23:00:10.722+0000] {spark_submit.py:649} INFO - 24/10/13 23:00:10 INFO BlockManagerInfo: Added broadcast_0_piece0 in memory on 172.24.0.3:41017 (size: 5.7 KiB, free: 4.6 GiB)
[2024-10-13T23:00:11.024+0000] {spark_submit.py:649} INFO - 24/10/13 23:00:11 INFO TaskSetManager: Finished task 0.0 in stage 0.0 (TID 0) in 460 ms on 172.24.0.3 (executor 0) (1/1)
[2024-10-13T23:00:11.024+0000] {spark_submit.py:649} INFO - 24/10/13 23:00:11 INFO TaskSchedulerImpl: Removed TaskSet 0.0, whose tasks have all completed, from pool
[2024-10-13T23:00:11.028+0000] {spark_submit.py:649} INFO - 24/10/13 23:00:11 INFO DAGScheduler: ShuffleMapStage 0 (count at NativeMethodAccessorImpl.java:0) finished in 1.898 s
[2024-10-13T23:00:11.029+0000] {spark_submit.py:649} INFO - 24/10/13 23:00:11 INFO DAGScheduler: looking for newly runnable stages
[2024-10-13T23:00:11.029+0000] {spark_submit.py:649} INFO - 24/10/13 23:00:11 INFO DAGScheduler: running: Set()
[2024-10-13T23:00:11.029+0000] {spark_submit.py:649} INFO - 24/10/13 23:00:11 INFO DAGScheduler: waiting: Set()
[2024-10-13T23:00:11.029+0000] {spark_submit.py:649} INFO - 24/10/13 23:00:11 INFO DAGScheduler: failed: Set()
[2024-10-13T23:00:11.055+0000] {spark_submit.py:649} INFO - 24/10/13 23:00:11 INFO CodeGenerator: Code generated in 9.359375 ms
[2024-10-13T23:00:11.076+0000] {spark_submit.py:649} INFO - 24/10/13 23:00:11 INFO SparkContext: Starting job: count at NativeMethodAccessorImpl.java:0
[2024-10-13T23:00:11.078+0000] {spark_submit.py:649} INFO - 24/10/13 23:00:11 INFO DAGScheduler: Got job 1 (count at NativeMethodAccessorImpl.java:0) with 1 output partitions
[2024-10-13T23:00:11.078+0000] {spark_submit.py:649} INFO - 24/10/13 23:00:11 INFO DAGScheduler: Final stage: ResultStage 2 (count at NativeMethodAccessorImpl.java:0)
[2024-10-13T23:00:11.078+0000] {spark_submit.py:649} INFO - 24/10/13 23:00:11 INFO DAGScheduler: Parents of final stage: List(ShuffleMapStage 1)
[2024-10-13T23:00:11.078+0000] {spark_submit.py:649} INFO - 24/10/13 23:00:11 INFO DAGScheduler: Missing parents: List()
[2024-10-13T23:00:11.079+0000] {spark_submit.py:649} INFO - 24/10/13 23:00:11 INFO DAGScheduler: Submitting ResultStage 2 (MapPartitionsRDD[5] at count at NativeMethodAccessorImpl.java:0), which has no missing parents
[2024-10-13T23:00:11.084+0000] {spark_submit.py:649} INFO - 24/10/13 23:00:11 INFO MemoryStore: Block broadcast_1 stored as values in memory (estimated size 12.5 KiB, free 1048.8 MiB)
[2024-10-13T23:00:11.085+0000] {spark_submit.py:649} INFO - 24/10/13 23:00:11 INFO MemoryStore: Block broadcast_1_piece0 stored as bytes in memory (estimated size 5.9 KiB, free 1048.8 MiB)
[2024-10-13T23:00:11.085+0000] {spark_submit.py:649} INFO - 24/10/13 23:00:11 INFO BlockManagerInfo: Added broadcast_1_piece0 in memory on yellow-cab-airflow-scheduler:46863 (size: 5.9 KiB, free: 1048.8 MiB)
[2024-10-13T23:00:11.085+0000] {spark_submit.py:649} INFO - 24/10/13 23:00:11 INFO SparkContext: Created broadcast 1 from broadcast at DAGScheduler.scala:1585
[2024-10-13T23:00:11.086+0000] {spark_submit.py:649} INFO - 24/10/13 23:00:11 INFO DAGScheduler: Submitting 1 missing tasks from ResultStage 2 (MapPartitionsRDD[5] at count at NativeMethodAccessorImpl.java:0) (first 15 tasks are for partitions Vector(0))
[2024-10-13T23:00:11.086+0000] {spark_submit.py:649} INFO - 24/10/13 23:00:11 INFO TaskSchedulerImpl: Adding task set 2.0 with 1 tasks resource profile 0
[2024-10-13T23:00:11.089+0000] {spark_submit.py:649} INFO - 24/10/13 23:00:11 INFO TaskSetManager: Starting task 0.0 in stage 2.0 (TID 1) (172.24.0.3, executor 0, partition 0, NODE_LOCAL, 9391 bytes)
[2024-10-13T23:00:11.103+0000] {spark_submit.py:649} INFO - 24/10/13 23:00:11 INFO BlockManagerInfo: Added broadcast_1_piece0 in memory on 172.24.0.3:41017 (size: 5.9 KiB, free: 4.6 GiB)
[2024-10-13T23:00:11.138+0000] {spark_submit.py:649} INFO - 24/10/13 23:00:11 INFO MapOutputTrackerMasterEndpoint: Asked to send map output locations for shuffle 0 to 172.24.0.3:36968
[2024-10-13T23:00:11.207+0000] {spark_submit.py:649} INFO - 24/10/13 23:00:11 INFO TaskSetManager: Finished task 0.0 in stage 2.0 (TID 1) in 119 ms on 172.24.0.3 (executor 0) (1/1)
[2024-10-13T23:00:11.208+0000] {spark_submit.py:649} INFO - 24/10/13 23:00:11 INFO TaskSchedulerImpl: Removed TaskSet 2.0, whose tasks have all completed, from pool
[2024-10-13T23:00:11.208+0000] {spark_submit.py:649} INFO - 24/10/13 23:00:11 INFO DAGScheduler: ResultStage 2 (count at NativeMethodAccessorImpl.java:0) finished in 0.126 s
[2024-10-13T23:00:11.209+0000] {spark_submit.py:649} INFO - 24/10/13 23:00:11 INFO DAGScheduler: Job 1 is finished. Cancelling potential speculative or zombie tasks for this job
[2024-10-13T23:00:11.209+0000] {spark_submit.py:649} INFO - 24/10/13 23:00:11 INFO TaskSchedulerImpl: Killing all running tasks in stage 2: Stage finished
[2024-10-13T23:00:11.210+0000] {spark_submit.py:649} INFO - 24/10/13 23:00:11 INFO DAGScheduler: Job 1 finished: count at NativeMethodAccessorImpl.java:0, took 0.133894 s
[2024-10-13T23:00:11.333+0000] {spark_submit.py:649} INFO - 24/10/13 23:00:11 INFO BlockManagerInfo: Removed broadcast_0_piece0 on 172.24.0.3:41017 in memory (size: 5.7 KiB, free: 4.6 GiB)
[2024-10-13T23:00:11.334+0000] {spark_submit.py:649} INFO - 24/10/13 23:00:11 INFO BlockManagerInfo: Removed broadcast_0_piece0 on yellow-cab-airflow-scheduler:46863 in memory (size: 5.7 KiB, free: 1048.8 MiB)
[2024-10-13T23:00:11.341+0000] {spark_submit.py:649} INFO - 24/10/13 23:00:11 INFO BlockManagerInfo: Removed broadcast_1_piece0 on yellow-cab-airflow-scheduler:46863 in memory (size: 5.9 KiB, free: 1048.8 MiB)
[2024-10-13T23:00:11.342+0000] {spark_submit.py:649} INFO - 24/10/13 23:00:11 INFO BlockManagerInfo: Removed broadcast_1_piece0 on 172.24.0.3:41017 in memory (size: 5.9 KiB, free: 4.6 GiB)
[2024-10-13T23:00:11.865+0000] {spark_submit.py:649} INFO - 24/10/13 23:00:11 INFO InMemoryFileIndex: It took 7 ms to list leaf files for 1 paths.
[2024-10-13T23:00:12.511+0000] {spark_submit.py:649} INFO - 24/10/13 23:00:12 INFO FileSourceStrategy: Pushed Filters:
[2024-10-13T23:00:12.512+0000] {spark_submit.py:649} INFO - 24/10/13 23:00:12 INFO FileSourceStrategy: Post-Scan Filters: atleastnnonnulls(4, tpep_pickup_datetime#15, tpep_dropoff_datetime#16, pickup_longitude#19, pickup_latitude#20)
[2024-10-13T23:00:12.587+0000] {spark_submit.py:649} INFO - 24/10/13 23:00:12 INFO CodeGenerator: Code generated in 44.648834 ms
[2024-10-13T23:00:12.593+0000] {spark_submit.py:649} INFO - 24/10/13 23:00:12 INFO MemoryStore: Block broadcast_2 stored as values in memory (estimated size 204.6 KiB, free 1048.6 MiB)
[2024-10-13T23:00:12.604+0000] {spark_submit.py:649} INFO - 24/10/13 23:00:12 INFO MemoryStore: Block broadcast_2_piece0 stored as bytes in memory (estimated size 35.5 KiB, free 1048.6 MiB)
[2024-10-13T23:00:12.605+0000] {spark_submit.py:649} INFO - 24/10/13 23:00:12 INFO BlockManagerInfo: Added broadcast_2_piece0 in memory on yellow-cab-airflow-scheduler:46863 (size: 35.5 KiB, free: 1048.8 MiB)
[2024-10-13T23:00:12.606+0000] {spark_submit.py:649} INFO - 24/10/13 23:00:12 INFO SparkContext: Created broadcast 2 from toPandas at /spark-scripts/taxi_etl.py:130
[2024-10-13T23:00:12.617+0000] {spark_submit.py:649} INFO - 24/10/13 23:00:12 INFO FileSourceScanExec: Planning scan with bin packing, max size: 119497018 bytes, open cost is considered as scanning 4194304 bytes.
[2024-10-13T23:00:12.660+0000] {spark_submit.py:649} INFO - 24/10/13 23:00:12 INFO DAGScheduler: Registering RDD 9 (toPandas at /spark-scripts/taxi_etl.py:130) as input to shuffle 1
[2024-10-13T23:00:12.660+0000] {spark_submit.py:649} INFO - 24/10/13 23:00:12 INFO DAGScheduler: Got map stage job 2 (toPandas at /spark-scripts/taxi_etl.py:130) with 4 output partitions
[2024-10-13T23:00:12.661+0000] {spark_submit.py:649} INFO - 24/10/13 23:00:12 INFO DAGScheduler: Final stage: ShuffleMapStage 3 (toPandas at /spark-scripts/taxi_etl.py:130)
[2024-10-13T23:00:12.661+0000] {spark_submit.py:649} INFO - 24/10/13 23:00:12 INFO DAGScheduler: Parents of final stage: List()
[2024-10-13T23:00:12.662+0000] {spark_submit.py:649} INFO - 24/10/13 23:00:12 INFO DAGScheduler: Missing parents: List()
[2024-10-13T23:00:12.662+0000] {spark_submit.py:649} INFO - 24/10/13 23:00:12 INFO DAGScheduler: Submitting ShuffleMapStage 3 (MapPartitionsRDD[9] at toPandas at /spark-scripts/taxi_etl.py:130), which has no missing parents
[2024-10-13T23:00:12.667+0000] {spark_submit.py:649} INFO - 24/10/13 23:00:12 INFO MemoryStore: Block broadcast_3 stored as values in memory (estimated size 33.2 KiB, free 1048.5 MiB)
[2024-10-13T23:00:12.671+0000] {spark_submit.py:649} INFO - 24/10/13 23:00:12 INFO MemoryStore: Block broadcast_3_piece0 stored as bytes in memory (estimated size 15.0 KiB, free 1048.5 MiB)
[2024-10-13T23:00:12.672+0000] {spark_submit.py:649} INFO - 24/10/13 23:00:12 INFO BlockManagerInfo: Added broadcast_3_piece0 in memory on yellow-cab-airflow-scheduler:46863 (size: 15.0 KiB, free: 1048.8 MiB)
[2024-10-13T23:00:12.672+0000] {spark_submit.py:649} INFO - 24/10/13 23:00:12 INFO SparkContext: Created broadcast 3 from broadcast at DAGScheduler.scala:1585
[2024-10-13T23:00:12.673+0000] {spark_submit.py:649} INFO - 24/10/13 23:00:12 INFO DAGScheduler: Submitting 4 missing tasks from ShuffleMapStage 3 (MapPartitionsRDD[9] at toPandas at /spark-scripts/taxi_etl.py:130) (first 15 tasks are for partitions Vector(0, 1, 2, 3))
[2024-10-13T23:00:12.673+0000] {spark_submit.py:649} INFO - 24/10/13 23:00:12 INFO TaskSchedulerImpl: Adding task set 3.0 with 4 tasks resource profile 0
[2024-10-13T23:00:12.675+0000] {spark_submit.py:649} INFO - 24/10/13 23:00:12 INFO TaskSetManager: Starting task 0.0 in stage 3.0 (TID 2) (172.24.0.3, executor 0, partition 0, PROCESS_LOCAL, 9983 bytes)
[2024-10-13T23:00:12.676+0000] {spark_submit.py:649} INFO - 24/10/13 23:00:12 INFO TaskSetManager: Starting task 1.0 in stage 3.0 (TID 3) (172.24.0.3, executor 0, partition 1, PROCESS_LOCAL, 9983 bytes)
[2024-10-13T23:00:12.676+0000] {spark_submit.py:649} INFO - 24/10/13 23:00:12 INFO TaskSetManager: Starting task 2.0 in stage 3.0 (TID 4) (172.24.0.3, executor 0, partition 2, PROCESS_LOCAL, 9983 bytes)
[2024-10-13T23:00:12.677+0000] {spark_submit.py:649} INFO - 24/10/13 23:00:12 INFO TaskSetManager: Starting task 3.0 in stage 3.0 (TID 5) (172.24.0.3, executor 0, partition 3, PROCESS_LOCAL, 9983 bytes)
[2024-10-13T23:00:12.705+0000] {spark_submit.py:649} INFO - 24/10/13 23:00:12 INFO BlockManagerInfo: Added broadcast_3_piece0 in memory on 172.24.0.3:41017 (size: 15.0 KiB, free: 4.6 GiB)
[2024-10-13T23:00:13.588+0000] {spark_submit.py:649} INFO - 24/10/13 23:00:13 INFO BlockManagerInfo: Added broadcast_2_piece0 in memory on 172.24.0.3:41017 (size: 35.5 KiB, free: 4.6 GiB)
[2024-10-13T23:00:17.835+0000] {spark_submit.py:649} INFO - 24/10/13 23:00:17 INFO TaskSetManager: Finished task 0.0 in stage 3.0 (TID 2) in 5154 ms on 172.24.0.3 (executor 0) (1/4)
[2024-10-13T23:00:17.839+0000] {spark_submit.py:649} INFO - 24/10/13 23:00:17 INFO TaskSetManager: Finished task 2.0 in stage 3.0 (TID 4) in 5158 ms on 172.24.0.3 (executor 0) (2/4)
[2024-10-13T23:00:17.842+0000] {spark_submit.py:649} INFO - 24/10/13 23:00:17 INFO TaskSetManager: Finished task 1.0 in stage 3.0 (TID 3) in 5159 ms on 172.24.0.3 (executor 0) (3/4)
[2024-10-13T23:00:17.843+0000] {spark_submit.py:649} INFO - 24/10/13 23:00:17 INFO TaskSetManager: Finished task 3.0 in stage 3.0 (TID 5) in 5158 ms on 172.24.0.3 (executor 0) (4/4)
[2024-10-13T23:00:17.843+0000] {spark_submit.py:649} INFO - 24/10/13 23:00:17 INFO TaskSchedulerImpl: Removed TaskSet 3.0, whose tasks have all completed, from pool
[2024-10-13T23:00:17.843+0000] {spark_submit.py:649} INFO - 24/10/13 23:00:17 INFO DAGScheduler: ShuffleMapStage 3 (toPandas at /spark-scripts/taxi_etl.py:130) finished in 5.174 s
[2024-10-13T23:00:17.843+0000] {spark_submit.py:649} INFO - 24/10/13 23:00:17 INFO DAGScheduler: looking for newly runnable stages
[2024-10-13T23:00:17.844+0000] {spark_submit.py:649} INFO - 24/10/13 23:00:17 INFO DAGScheduler: running: Set()
[2024-10-13T23:00:17.844+0000] {spark_submit.py:649} INFO - 24/10/13 23:00:17 INFO DAGScheduler: waiting: Set()
[2024-10-13T23:00:17.844+0000] {spark_submit.py:649} INFO - 24/10/13 23:00:17 INFO DAGScheduler: failed: Set()
[2024-10-13T23:00:17.867+0000] {spark_submit.py:649} INFO - 24/10/13 23:00:17 INFO ShufflePartitionsUtil: For shuffle(1), advisory target size: 67108864, actual target size 1048576, minimum partition size: 1048576
[2024-10-13T23:00:17.918+0000] {spark_submit.py:649} INFO - 24/10/13 23:00:17 INFO CodeGenerator: Code generated in 29.739375 ms
[2024-10-13T23:00:17.938+0000] {spark_submit.py:649} INFO - 24/10/13 23:00:17 INFO SparkContext: Starting job: toPandas at /spark-scripts/taxi_etl.py:130
[2024-10-13T23:00:17.940+0000] {spark_submit.py:649} INFO - 24/10/13 23:00:17 INFO DAGScheduler: Got job 3 (toPandas at /spark-scripts/taxi_etl.py:130) with 1 output partitions
[2024-10-13T23:00:17.940+0000] {spark_submit.py:649} INFO - 24/10/13 23:00:17 INFO DAGScheduler: Final stage: ResultStage 5 (toPandas at /spark-scripts/taxi_etl.py:130)
[2024-10-13T23:00:17.940+0000] {spark_submit.py:649} INFO - 24/10/13 23:00:17 INFO DAGScheduler: Parents of final stage: List(ShuffleMapStage 4)
[2024-10-13T23:00:17.940+0000] {spark_submit.py:649} INFO - 24/10/13 23:00:17 INFO DAGScheduler: Missing parents: List()
[2024-10-13T23:00:17.941+0000] {spark_submit.py:649} INFO - 24/10/13 23:00:17 INFO DAGScheduler: Submitting ResultStage 5 (MapPartitionsRDD[12] at toPandas at /spark-scripts/taxi_etl.py:130), which has no missing parents
[2024-10-13T23:00:17.945+0000] {spark_submit.py:649} INFO - 24/10/13 23:00:17 INFO MemoryStore: Block broadcast_4 stored as values in memory (estimated size 45.6 KiB, free 1048.5 MiB)
[2024-10-13T23:00:17.963+0000] {spark_submit.py:649} INFO - 24/10/13 23:00:17 INFO MemoryStore: Block broadcast_4_piece0 stored as bytes in memory (estimated size 21.0 KiB, free 1048.5 MiB)
[2024-10-13T23:00:17.965+0000] {spark_submit.py:649} INFO - 24/10/13 23:00:17 INFO BlockManagerInfo: Added broadcast_4_piece0 in memory on yellow-cab-airflow-scheduler:46863 (size: 21.0 KiB, free: 1048.7 MiB)
[2024-10-13T23:00:17.965+0000] {spark_submit.py:649} INFO - 24/10/13 23:00:17 INFO SparkContext: Created broadcast 4 from broadcast at DAGScheduler.scala:1585
[2024-10-13T23:00:17.966+0000] {spark_submit.py:649} INFO - 24/10/13 23:00:17 INFO DAGScheduler: Submitting 1 missing tasks from ResultStage 5 (MapPartitionsRDD[12] at toPandas at /spark-scripts/taxi_etl.py:130) (first 15 tasks are for partitions Vector(0))
[2024-10-13T23:00:17.966+0000] {spark_submit.py:649} INFO - 24/10/13 23:00:17 INFO TaskSchedulerImpl: Adding task set 5.0 with 1 tasks resource profile 0
[2024-10-13T23:00:17.968+0000] {spark_submit.py:649} INFO - 24/10/13 23:00:17 INFO TaskSetManager: Starting task 0.0 in stage 5.0 (TID 6) (172.24.0.3, executor 0, partition 0, NODE_LOCAL, 9391 bytes)
[2024-10-13T23:00:17.989+0000] {spark_submit.py:649} INFO - 24/10/13 23:00:17 INFO BlockManagerInfo: Added broadcast_4_piece0 in memory on 172.24.0.3:41017 (size: 21.0 KiB, free: 4.6 GiB)
[2024-10-13T23:00:18.008+0000] {spark_submit.py:649} INFO - 24/10/13 23:00:18 INFO MapOutputTrackerMasterEndpoint: Asked to send map output locations for shuffle 1 to 172.24.0.3:36968
[2024-10-13T23:00:18.026+0000] {spark_submit.py:649} INFO - 24/10/13 23:00:18 INFO BlockManagerInfo: Removed broadcast_3_piece0 on yellow-cab-airflow-scheduler:46863 in memory (size: 15.0 KiB, free: 1048.7 MiB)
[2024-10-13T23:00:18.026+0000] {spark_submit.py:649} INFO - 24/10/13 23:00:18 INFO BlockManagerInfo: Removed broadcast_3_piece0 on 172.24.0.3:41017 in memory (size: 15.0 KiB, free: 4.6 GiB)
[2024-10-13T23:00:18.075+0000] {spark_submit.py:649} INFO - 24/10/13 23:00:18 INFO TaskSetManager: Finished task 0.0 in stage 5.0 (TID 6) in 107 ms on 172.24.0.3 (executor 0) (1/1)
[2024-10-13T23:00:18.076+0000] {spark_submit.py:649} INFO - 24/10/13 23:00:18 INFO TaskSchedulerImpl: Removed TaskSet 5.0, whose tasks have all completed, from pool
[2024-10-13T23:00:18.078+0000] {spark_submit.py:649} INFO - 24/10/13 23:00:18 INFO DAGScheduler: ResultStage 5 (toPandas at /spark-scripts/taxi_etl.py:130) finished in 0.134 s
[2024-10-13T23:00:18.079+0000] {spark_submit.py:649} INFO - 24/10/13 23:00:18 INFO DAGScheduler: Job 3 is finished. Cancelling potential speculative or zombie tasks for this job
[2024-10-13T23:00:18.079+0000] {spark_submit.py:649} INFO - 24/10/13 23:00:18 INFO TaskSchedulerImpl: Killing all running tasks in stage 5: Stage finished
[2024-10-13T23:00:18.079+0000] {spark_submit.py:649} INFO - 24/10/13 23:00:18 INFO DAGScheduler: Job 3 finished: toPandas at /spark-scripts/taxi_etl.py:130, took 0.137937 s
[2024-10-13T23:00:24.031+0000] {spark_submit.py:649} INFO - 24/10/13 23:00:24 INFO FileSourceStrategy: Pushed Filters:
[2024-10-13T23:00:24.034+0000] {spark_submit.py:649} INFO - 24/10/13 23:00:24 INFO FileSourceStrategy: Post-Scan Filters: atleastnnonnulls(4, tpep_pickup_datetime#15, tpep_dropoff_datetime#16, pickup_longitude#19, pickup_latitude#20)
[2024-10-13T23:00:24.074+0000] {spark_submit.py:649} INFO - 24/10/13 23:00:24 INFO CodeGenerator: Code generated in 23.550042 ms
[2024-10-13T23:00:24.077+0000] {spark_submit.py:649} INFO - 24/10/13 23:00:24 INFO MemoryStore: Block broadcast_5 stored as values in memory (estimated size 204.6 KiB, free 1048.3 MiB)
[2024-10-13T23:00:24.085+0000] {spark_submit.py:649} INFO - 24/10/13 23:00:24 INFO MemoryStore: Block broadcast_5_piece0 stored as bytes in memory (estimated size 35.5 KiB, free 1048.3 MiB)
[2024-10-13T23:00:24.086+0000] {spark_submit.py:649} INFO - 24/10/13 23:00:24 INFO BlockManagerInfo: Added broadcast_5_piece0 in memory on yellow-cab-airflow-scheduler:46863 (size: 35.5 KiB, free: 1048.7 MiB)
[2024-10-13T23:00:24.088+0000] {spark_submit.py:649} INFO - 24/10/13 23:00:24 INFO SparkContext: Created broadcast 5 from toPandas at /spark-scripts/taxi_etl.py:133
[2024-10-13T23:00:24.089+0000] {spark_submit.py:649} INFO - 24/10/13 23:00:24 INFO FileSourceScanExec: Planning scan with bin packing, max size: 119497018 bytes, open cost is considered as scanning 4194304 bytes.
[2024-10-13T23:00:24.093+0000] {spark_submit.py:649} INFO - 24/10/13 23:00:24 INFO DAGScheduler: Registering RDD 16 (toPandas at /spark-scripts/taxi_etl.py:133) as input to shuffle 2
[2024-10-13T23:00:24.094+0000] {spark_submit.py:649} INFO - 24/10/13 23:00:24 INFO DAGScheduler: Got map stage job 4 (toPandas at /spark-scripts/taxi_etl.py:133) with 4 output partitions
[2024-10-13T23:00:24.094+0000] {spark_submit.py:649} INFO - 24/10/13 23:00:24 INFO DAGScheduler: Final stage: ShuffleMapStage 6 (toPandas at /spark-scripts/taxi_etl.py:133)
[2024-10-13T23:00:24.094+0000] {spark_submit.py:649} INFO - 24/10/13 23:00:24 INFO DAGScheduler: Parents of final stage: List()
[2024-10-13T23:00:24.094+0000] {spark_submit.py:649} INFO - 24/10/13 23:00:24 INFO DAGScheduler: Missing parents: List()
[2024-10-13T23:00:24.095+0000] {spark_submit.py:649} INFO - 24/10/13 23:00:24 INFO DAGScheduler: Submitting ShuffleMapStage 6 (MapPartitionsRDD[16] at toPandas at /spark-scripts/taxi_etl.py:133), which has no missing parents
[2024-10-13T23:00:24.097+0000] {spark_submit.py:649} INFO - 24/10/13 23:00:24 INFO MemoryStore: Block broadcast_6 stored as values in memory (estimated size 32.9 KiB, free 1048.2 MiB)
[2024-10-13T23:00:24.103+0000] {spark_submit.py:649} INFO - 24/10/13 23:00:24 INFO MemoryStore: Block broadcast_6_piece0 stored as bytes in memory (estimated size 14.9 KiB, free 1048.2 MiB)
[2024-10-13T23:00:24.105+0000] {spark_submit.py:649} INFO - 24/10/13 23:00:24 INFO BlockManagerInfo: Added broadcast_6_piece0 in memory on yellow-cab-airflow-scheduler:46863 (size: 14.9 KiB, free: 1048.7 MiB)
[2024-10-13T23:00:24.105+0000] {spark_submit.py:649} INFO - 24/10/13 23:00:24 INFO BlockManagerInfo: Removed broadcast_4_piece0 on yellow-cab-airflow-scheduler:46863 in memory (size: 21.0 KiB, free: 1048.7 MiB)
[2024-10-13T23:00:24.106+0000] {spark_submit.py:649} INFO - 24/10/13 23:00:24 INFO SparkContext: Created broadcast 6 from broadcast at DAGScheduler.scala:1585
[2024-10-13T23:00:24.106+0000] {spark_submit.py:649} INFO - 24/10/13 23:00:24 INFO DAGScheduler: Submitting 4 missing tasks from ShuffleMapStage 6 (MapPartitionsRDD[16] at toPandas at /spark-scripts/taxi_etl.py:133) (first 15 tasks are for partitions Vector(0, 1, 2, 3))
[2024-10-13T23:00:24.106+0000] {spark_submit.py:649} INFO - 24/10/13 23:00:24 INFO TaskSchedulerImpl: Adding task set 6.0 with 4 tasks resource profile 0
[2024-10-13T23:00:24.107+0000] {spark_submit.py:649} INFO - 24/10/13 23:00:24 INFO TaskSetManager: Starting task 0.0 in stage 6.0 (TID 7) (172.24.0.3, executor 0, partition 0, PROCESS_LOCAL, 9983 bytes)
[2024-10-13T23:00:24.107+0000] {spark_submit.py:649} INFO - 24/10/13 23:00:24 INFO TaskSetManager: Starting task 1.0 in stage 6.0 (TID 8) (172.24.0.3, executor 0, partition 1, PROCESS_LOCAL, 9983 bytes)
[2024-10-13T23:00:24.108+0000] {spark_submit.py:649} INFO - 24/10/13 23:00:24 INFO TaskSetManager: Starting task 2.0 in stage 6.0 (TID 9) (172.24.0.3, executor 0, partition 2, PROCESS_LOCAL, 9983 bytes)
[2024-10-13T23:00:24.108+0000] {spark_submit.py:649} INFO - 24/10/13 23:00:24 INFO TaskSetManager: Starting task 3.0 in stage 6.0 (TID 10) (172.24.0.3, executor 0, partition 3, PROCESS_LOCAL, 9983 bytes)
[2024-10-13T23:00:24.109+0000] {spark_submit.py:649} INFO - 24/10/13 23:00:24 INFO BlockManagerInfo: Removed broadcast_4_piece0 on 172.24.0.3:41017 in memory (size: 21.0 KiB, free: 4.6 GiB)
[2024-10-13T23:00:24.121+0000] {spark_submit.py:649} INFO - 24/10/13 23:00:24 INFO BlockManagerInfo: Added broadcast_6_piece0 in memory on 172.24.0.3:41017 (size: 14.9 KiB, free: 4.6 GiB)
[2024-10-13T23:00:24.194+0000] {spark_submit.py:649} INFO - 24/10/13 23:00:24 INFO BlockManagerInfo: Added broadcast_5_piece0 in memory on 172.24.0.3:41017 (size: 35.5 KiB, free: 4.6 GiB)
[2024-10-13T23:00:27.472+0000] {spark_submit.py:649} INFO - 24/10/13 23:00:27 INFO TaskSetManager: Finished task 3.0 in stage 6.0 (TID 10) in 3348 ms on 172.24.0.3 (executor 0) (1/4)
[2024-10-13T23:00:27.477+0000] {spark_submit.py:649} INFO - 24/10/13 23:00:27 INFO TaskSetManager: Finished task 1.0 in stage 6.0 (TID 8) in 3364 ms on 172.24.0.3 (executor 0) (2/4)
[2024-10-13T23:00:27.479+0000] {spark_submit.py:649} INFO - 24/10/13 23:00:27 INFO TaskSetManager: Finished task 2.0 in stage 6.0 (TID 9) in 3371 ms on 172.24.0.3 (executor 0) (3/4)
[2024-10-13T23:00:27.483+0000] {spark_submit.py:649} INFO - 24/10/13 23:00:27 INFO TaskSetManager: Finished task 0.0 in stage 6.0 (TID 7) in 3376 ms on 172.24.0.3 (executor 0) (4/4)
[2024-10-13T23:00:27.484+0000] {spark_submit.py:649} INFO - 24/10/13 23:00:27 INFO TaskSchedulerImpl: Removed TaskSet 6.0, whose tasks have all completed, from pool
[2024-10-13T23:00:27.485+0000] {spark_submit.py:649} INFO - 24/10/13 23:00:27 INFO DAGScheduler: ShuffleMapStage 6 (toPandas at /spark-scripts/taxi_etl.py:133) finished in 3.388 s
[2024-10-13T23:00:27.485+0000] {spark_submit.py:649} INFO - 24/10/13 23:00:27 INFO DAGScheduler: looking for newly runnable stages
[2024-10-13T23:00:27.485+0000] {spark_submit.py:649} INFO - 24/10/13 23:00:27 INFO DAGScheduler: running: Set()
[2024-10-13T23:00:27.485+0000] {spark_submit.py:649} INFO - 24/10/13 23:00:27 INFO DAGScheduler: waiting: Set()
[2024-10-13T23:00:27.486+0000] {spark_submit.py:649} INFO - 24/10/13 23:00:27 INFO DAGScheduler: failed: Set()
[2024-10-13T23:00:27.496+0000] {spark_submit.py:649} INFO - 24/10/13 23:00:27 INFO ShufflePartitionsUtil: For shuffle(2), advisory target size: 67108864, actual target size 1511739, minimum partition size: 1048576
[2024-10-13T23:00:27.590+0000] {spark_submit.py:649} INFO - 24/10/13 23:00:27 INFO CodeGenerator: Code generated in 43.966541 ms
[2024-10-13T23:00:27.613+0000] {spark_submit.py:649} INFO - 24/10/13 23:00:27 INFO SparkContext: Starting job: toPandas at /spark-scripts/taxi_etl.py:133
[2024-10-13T23:00:27.616+0000] {spark_submit.py:649} INFO - 24/10/13 23:00:27 INFO DAGScheduler: Got job 5 (toPandas at /spark-scripts/taxi_etl.py:133) with 4 output partitions
[2024-10-13T23:00:27.616+0000] {spark_submit.py:649} INFO - 24/10/13 23:00:27 INFO DAGScheduler: Final stage: ResultStage 8 (toPandas at /spark-scripts/taxi_etl.py:133)
[2024-10-13T23:00:27.616+0000] {spark_submit.py:649} INFO - 24/10/13 23:00:27 INFO DAGScheduler: Parents of final stage: List(ShuffleMapStage 7)
[2024-10-13T23:00:27.617+0000] {spark_submit.py:649} INFO - 24/10/13 23:00:27 INFO DAGScheduler: Missing parents: List()
[2024-10-13T23:00:27.617+0000] {spark_submit.py:649} INFO - 24/10/13 23:00:27 INFO DAGScheduler: Submitting ResultStage 8 (MapPartitionsRDD[19] at toPandas at /spark-scripts/taxi_etl.py:133), which has no missing parents
[2024-10-13T23:00:27.624+0000] {spark_submit.py:649} INFO - 24/10/13 23:00:27 INFO MemoryStore: Block broadcast_7 stored as values in memory (estimated size 55.4 KiB, free 1048.2 MiB)
[2024-10-13T23:00:27.644+0000] {spark_submit.py:649} INFO - 24/10/13 23:00:27 INFO MemoryStore: Block broadcast_7_piece0 stored as bytes in memory (estimated size 23.9 KiB, free 1048.2 MiB)
[2024-10-13T23:00:27.654+0000] {spark_submit.py:649} INFO - 24/10/13 23:00:27 INFO BlockManagerInfo: Added broadcast_7_piece0 in memory on yellow-cab-airflow-scheduler:46863 (size: 23.9 KiB, free: 1048.7 MiB)
[2024-10-13T23:00:27.655+0000] {spark_submit.py:649} INFO - 24/10/13 23:00:27 INFO SparkContext: Created broadcast 7 from broadcast at DAGScheduler.scala:1585
[2024-10-13T23:00:27.656+0000] {spark_submit.py:649} INFO - 24/10/13 23:00:27 INFO DAGScheduler: Submitting 4 missing tasks from ResultStage 8 (MapPartitionsRDD[19] at toPandas at /spark-scripts/taxi_etl.py:133) (first 15 tasks are for partitions Vector(0, 1, 2, 3))
[2024-10-13T23:00:27.656+0000] {spark_submit.py:649} INFO - 24/10/13 23:00:27 INFO BlockManagerInfo: Removed broadcast_6_piece0 on yellow-cab-airflow-scheduler:46863 in memory (size: 14.9 KiB, free: 1048.7 MiB)
[2024-10-13T23:00:27.657+0000] {spark_submit.py:649} INFO - 24/10/13 23:00:27 INFO TaskSchedulerImpl: Adding task set 8.0 with 4 tasks resource profile 0
[2024-10-13T23:00:27.659+0000] {spark_submit.py:649} INFO - 24/10/13 23:00:27 INFO TaskSetManager: Starting task 0.0 in stage 8.0 (TID 11) (172.24.0.3, executor 0, partition 0, NODE_LOCAL, 9391 bytes)
[2024-10-13T23:00:27.659+0000] {spark_submit.py:649} INFO - 24/10/13 23:00:27 INFO TaskSetManager: Starting task 1.0 in stage 8.0 (TID 12) (172.24.0.3, executor 0, partition 1, NODE_LOCAL, 9391 bytes)
[2024-10-13T23:00:27.660+0000] {spark_submit.py:649} INFO - 24/10/13 23:00:27 INFO TaskSetManager: Starting task 2.0 in stage 8.0 (TID 13) (172.24.0.3, executor 0, partition 2, NODE_LOCAL, 9391 bytes)
[2024-10-13T23:00:27.661+0000] {spark_submit.py:649} INFO - 24/10/13 23:00:27 INFO TaskSetManager: Starting task 3.0 in stage 8.0 (TID 14) (172.24.0.3, executor 0, partition 3, NODE_LOCAL, 9391 bytes)
[2024-10-13T23:00:27.665+0000] {spark_submit.py:649} INFO - 24/10/13 23:00:27 INFO BlockManagerInfo: Removed broadcast_6_piece0 on 172.24.0.3:41017 in memory (size: 14.9 KiB, free: 4.6 GiB)
[2024-10-13T23:00:27.684+0000] {spark_submit.py:649} INFO - 24/10/13 23:00:27 INFO BlockManagerInfo: Added broadcast_7_piece0 in memory on 172.24.0.3:41017 (size: 23.9 KiB, free: 4.6 GiB)
[2024-10-13T23:00:27.759+0000] {spark_submit.py:649} INFO - 24/10/13 23:00:27 INFO MapOutputTrackerMasterEndpoint: Asked to send map output locations for shuffle 2 to 172.24.0.3:36968
[2024-10-13T23:00:28.335+0000] {spark_submit.py:649} INFO - 24/10/13 23:00:28 INFO BlockManagerInfo: Added taskresult_11 in memory on 172.24.0.3:41017 (size: 3.1 MiB, free: 4.6 GiB)
[2024-10-13T23:00:28.336+0000] {spark_submit.py:649} INFO - 24/10/13 23:00:28 INFO BlockManagerInfo: Added taskresult_12 in memory on 172.24.0.3:41017 (size: 3.1 MiB, free: 4.6 GiB)
[2024-10-13T23:00:28.336+0000] {spark_submit.py:649} INFO - 24/10/13 23:00:28 INFO BlockManagerInfo: Added taskresult_13 in memory on 172.24.0.3:41017 (size: 3.0 MiB, free: 4.6 GiB)
[2024-10-13T23:00:28.337+0000] {spark_submit.py:649} INFO - 24/10/13 23:00:28 INFO BlockManagerInfo: Added taskresult_14 in memory on 172.24.0.3:41017 (size: 3.1 MiB, free: 4.6 GiB)
[2024-10-13T23:00:28.358+0000] {spark_submit.py:649} INFO - 24/10/13 23:00:28 INFO TransportClientFactory: Successfully created connection to /172.24.0.3:41017 after 2 ms (0 ms spent in bootstraps)
[2024-10-13T23:00:28.422+0000] {spark_submit.py:649} INFO - 24/10/13 23:00:28 INFO TaskSetManager: Finished task 2.0 in stage 8.0 (TID 13) in 760 ms on 172.24.0.3 (executor 0) (1/4)
[2024-10-13T23:00:28.424+0000] {spark_submit.py:649} INFO - 24/10/13 23:00:28 INFO TaskSetManager: Finished task 0.0 in stage 8.0 (TID 11) in 766 ms on 172.24.0.3 (executor 0) (2/4)
[2024-10-13T23:00:28.430+0000] {spark_submit.py:649} INFO - 24/10/13 23:00:28 INFO BlockManagerInfo: Removed taskresult_13 on 172.24.0.3:41017 in memory (size: 3.0 MiB, free: 4.6 GiB)
[2024-10-13T23:00:28.432+0000] {spark_submit.py:649} INFO - 24/10/13 23:00:28 INFO BlockManagerInfo: Removed taskresult_11 on 172.24.0.3:41017 in memory (size: 3.1 MiB, free: 4.6 GiB)
[2024-10-13T23:00:28.453+0000] {spark_submit.py:649} INFO - 24/10/13 23:00:28 INFO TaskSetManager: Finished task 3.0 in stage 8.0 (TID 14) in 793 ms on 172.24.0.3 (executor 0) (3/4)
[2024-10-13T23:00:28.457+0000] {spark_submit.py:649} INFO - 24/10/13 23:00:28 INFO TaskSetManager: Finished task 1.0 in stage 8.0 (TID 12) in 798 ms on 172.24.0.3 (executor 0) (4/4)
[2024-10-13T23:00:28.458+0000] {spark_submit.py:649} INFO - 24/10/13 23:00:28 INFO TaskSchedulerImpl: Removed TaskSet 8.0, whose tasks have all completed, from pool
[2024-10-13T23:00:28.458+0000] {spark_submit.py:649} INFO - 24/10/13 23:00:28 INFO DAGScheduler: ResultStage 8 (toPandas at /spark-scripts/taxi_etl.py:133) finished in 0.836 s
[2024-10-13T23:00:28.459+0000] {spark_submit.py:649} INFO - 24/10/13 23:00:28 INFO DAGScheduler: Job 5 is finished. Cancelling potential speculative or zombie tasks for this job
[2024-10-13T23:00:28.460+0000] {spark_submit.py:649} INFO - 24/10/13 23:00:28 INFO BlockManagerInfo: Removed taskresult_14 on 172.24.0.3:41017 in memory (size: 3.1 MiB, free: 4.6 GiB)
[2024-10-13T23:00:28.460+0000] {spark_submit.py:649} INFO - 24/10/13 23:00:28 INFO TaskSchedulerImpl: Killing all running tasks in stage 8: Stage finished
[2024-10-13T23:00:28.460+0000] {spark_submit.py:649} INFO - 24/10/13 23:00:28 INFO DAGScheduler: Job 5 finished: toPandas at /spark-scripts/taxi_etl.py:133, took 0.845717 s
[2024-10-13T23:00:28.472+0000] {spark_submit.py:649} INFO - 24/10/13 23:00:28 INFO BlockManagerInfo: Removed taskresult_12 on 172.24.0.3:41017 in memory (size: 3.1 MiB, free: 4.6 GiB)
[2024-10-13T23:00:28.538+0000] {spark_submit.py:649} INFO - 24/10/13 23:00:28 INFO BlockManagerInfo: Removed broadcast_7_piece0 on yellow-cab-airflow-scheduler:46863 in memory (size: 23.9 KiB, free: 1048.7 MiB)
[2024-10-13T23:00:28.540+0000] {spark_submit.py:649} INFO - 24/10/13 23:00:28 INFO BlockManagerInfo: Removed broadcast_7_piece0 on 172.24.0.3:41017 in memory (size: 23.9 KiB, free: 4.6 GiB)
[2024-10-13T23:01:03.462+0000] {spark_submit.py:649} INFO - 24/10/13 23:01:03 INFO FileSourceStrategy: Pushed Filters:
[2024-10-13T23:01:03.468+0000] {spark_submit.py:649} INFO - 24/10/13 23:01:03 INFO FileSourceStrategy: Post-Scan Filters: atleastnnonnulls(4, tpep_pickup_datetime#15, tpep_dropoff_datetime#16, pickup_longitude#19, pickup_latitude#20)
[2024-10-13T23:01:03.496+0000] {spark_submit.py:649} INFO - 24/10/13 23:01:03 INFO CodeGenerator: Code generated in 17.857125 ms
[2024-10-13T23:01:03.500+0000] {spark_submit.py:649} INFO - 24/10/13 23:01:03 INFO MemoryStore: Block broadcast_8 stored as values in memory (estimated size 204.6 KiB, free 1048.1 MiB)
[2024-10-13T23:01:03.509+0000] {spark_submit.py:649} INFO - 24/10/13 23:01:03 INFO MemoryStore: Block broadcast_8_piece0 stored as bytes in memory (estimated size 35.5 KiB, free 1048.1 MiB)
[2024-10-13T23:01:03.510+0000] {spark_submit.py:649} INFO - 24/10/13 23:01:03 INFO BlockManagerInfo: Added broadcast_8_piece0 in memory on yellow-cab-airflow-scheduler:46863 (size: 35.5 KiB, free: 1048.7 MiB)
[2024-10-13T23:01:03.511+0000] {spark_submit.py:649} INFO - 24/10/13 23:01:03 INFO SparkContext: Created broadcast 8 from toPandas at /spark-scripts/taxi_etl.py:136
[2024-10-13T23:01:03.513+0000] {spark_submit.py:649} INFO - 24/10/13 23:01:03 INFO FileSourceScanExec: Planning scan with bin packing, max size: 119497018 bytes, open cost is considered as scanning 4194304 bytes.
[2024-10-13T23:01:03.532+0000] {spark_submit.py:649} INFO - 24/10/13 23:01:03 INFO SparkContext: Starting job: toPandas at /spark-scripts/taxi_etl.py:136
[2024-10-13T23:01:03.533+0000] {spark_submit.py:649} INFO - 24/10/13 23:01:03 INFO DAGScheduler: Got job 6 (toPandas at /spark-scripts/taxi_etl.py:136) with 4 output partitions
[2024-10-13T23:01:03.533+0000] {spark_submit.py:649} INFO - 24/10/13 23:01:03 INFO DAGScheduler: Final stage: ResultStage 9 (toPandas at /spark-scripts/taxi_etl.py:136)
[2024-10-13T23:01:03.534+0000] {spark_submit.py:649} INFO - 24/10/13 23:01:03 INFO DAGScheduler: Parents of final stage: List()
[2024-10-13T23:01:03.534+0000] {spark_submit.py:649} INFO - 24/10/13 23:01:03 INFO DAGScheduler: Missing parents: List()
[2024-10-13T23:01:03.534+0000] {spark_submit.py:649} INFO - 24/10/13 23:01:03 INFO DAGScheduler: Submitting ResultStage 9 (MapPartitionsRDD[24] at toPandas at /spark-scripts/taxi_etl.py:136), which has no missing parents
[2024-10-13T23:01:03.536+0000] {spark_submit.py:649} INFO - 24/10/13 23:01:03 INFO MemoryStore: Block broadcast_9 stored as values in memory (estimated size 35.7 KiB, free 1048.1 MiB)
[2024-10-13T23:01:03.539+0000] {spark_submit.py:649} INFO - 24/10/13 23:01:03 INFO MemoryStore: Block broadcast_9_piece0 stored as bytes in memory (estimated size 15.4 KiB, free 1048.0 MiB)
[2024-10-13T23:01:03.539+0000] {spark_submit.py:649} INFO - 24/10/13 23:01:03 INFO BlockManagerInfo: Added broadcast_9_piece0 in memory on yellow-cab-airflow-scheduler:46863 (size: 15.4 KiB, free: 1048.7 MiB)
[2024-10-13T23:01:03.540+0000] {spark_submit.py:649} INFO - 24/10/13 23:01:03 INFO SparkContext: Created broadcast 9 from broadcast at DAGScheduler.scala:1585
[2024-10-13T23:01:03.540+0000] {spark_submit.py:649} INFO - 24/10/13 23:01:03 INFO DAGScheduler: Submitting 4 missing tasks from ResultStage 9 (MapPartitionsRDD[24] at toPandas at /spark-scripts/taxi_etl.py:136) (first 15 tasks are for partitions Vector(0, 1, 2, 3))
[2024-10-13T23:01:03.540+0000] {spark_submit.py:649} INFO - 24/10/13 23:01:03 INFO TaskSchedulerImpl: Adding task set 9.0 with 4 tasks resource profile 0
[2024-10-13T23:01:03.542+0000] {spark_submit.py:649} INFO - 24/10/13 23:01:03 INFO TaskSetManager: Starting task 0.0 in stage 9.0 (TID 15) (172.24.0.3, executor 0, partition 0, PROCESS_LOCAL, 9994 bytes)
[2024-10-13T23:01:03.542+0000] {spark_submit.py:649} INFO - 24/10/13 23:01:03 INFO TaskSetManager: Starting task 1.0 in stage 9.0 (TID 16) (172.24.0.3, executor 0, partition 1, PROCESS_LOCAL, 9994 bytes)
[2024-10-13T23:01:03.542+0000] {spark_submit.py:649} INFO - 24/10/13 23:01:03 INFO TaskSetManager: Starting task 2.0 in stage 9.0 (TID 17) (172.24.0.3, executor 0, partition 2, PROCESS_LOCAL, 9994 bytes)
[2024-10-13T23:01:03.542+0000] {spark_submit.py:649} INFO - 24/10/13 23:01:03 INFO TaskSetManager: Starting task 3.0 in stage 9.0 (TID 18) (172.24.0.3, executor 0, partition 3, PROCESS_LOCAL, 9994 bytes)
[2024-10-13T23:01:03.597+0000] {spark_submit.py:649} INFO - 24/10/13 23:01:03 INFO BlockManagerInfo: Added broadcast_9_piece0 in memory on 172.24.0.3:41017 (size: 15.4 KiB, free: 4.6 GiB)
[2024-10-13T23:01:03.762+0000] {spark_submit.py:649} INFO - 24/10/13 23:01:03 INFO BlockManagerInfo: Added broadcast_8_piece0 in memory on 172.24.0.3:41017 (size: 35.5 KiB, free: 4.6 GiB)
[2024-10-13T23:01:06.683+0000] {spark_submit.py:649} INFO - 24/10/13 23:01:06 INFO BlockManagerInfo: Added taskresult_18 in memory on 172.24.0.3:41017 (size: 52.0 MiB, free: 4.6 GiB)
[2024-10-13T23:01:06.749+0000] {spark_submit.py:649} INFO - 24/10/13 23:01:06 INFO BlockManagerInfo: Added taskresult_16 in memory on 172.24.0.3:41017 (size: 52.9 MiB, free: 4.5 GiB)
[2024-10-13T23:01:06.758+0000] {spark_submit.py:649} INFO - 24/10/13 23:01:06 INFO BlockManagerInfo: Added taskresult_17 in memory on 172.24.0.3:41017 (size: 53.7 MiB, free: 4.5 GiB)
[2024-10-13T23:01:07.009+0000] {spark_submit.py:649} INFO - 24/10/13 23:01:07 INFO TaskSetManager: Finished task 3.0 in stage 9.0 (TID 18) in 3466 ms on 172.24.0.3 (executor 0) (1/4)
[2024-10-13T23:01:07.014+0000] {spark_submit.py:649} INFO - 24/10/13 23:01:07 INFO BlockManagerInfo: Removed taskresult_18 on 172.24.0.3:41017 in memory (size: 52.0 MiB, free: 4.5 GiB)
[2024-10-13T23:01:07.198+0000] {spark_submit.py:649} INFO - 24/10/13 23:01:07 INFO BlockManagerInfo: Added taskresult_15 in memory on 172.24.0.3:41017 (size: 51.3 MiB, free: 4.5 GiB)
[2024-10-13T23:01:07.203+0000] {spark_submit.py:649} INFO - 24/10/13 23:01:07 INFO TaskSetManager: Finished task 1.0 in stage 9.0 (TID 16) in 3660 ms on 172.24.0.3 (executor 0) (2/4)
[2024-10-13T23:01:07.213+0000] {spark_submit.py:649} INFO - 24/10/13 23:01:07 INFO BlockManagerInfo: Removed taskresult_16 on 172.24.0.3:41017 in memory (size: 52.9 MiB, free: 4.5 GiB)
[2024-10-13T23:01:07.409+0000] {spark_submit.py:649} INFO - 24/10/13 23:01:07 INFO TaskSetManager: Finished task 2.0 in stage 9.0 (TID 17) in 3867 ms on 172.24.0.3 (executor 0) (3/4)
[2024-10-13T23:01:07.412+0000] {spark_submit.py:649} INFO - 24/10/13 23:01:07 INFO BlockManagerInfo: Removed taskresult_17 on 172.24.0.3:41017 in memory (size: 53.7 MiB, free: 4.6 GiB)
[2024-10-13T23:01:08.322+0000] {spark_submit.py:649} INFO - 24/10/13 23:01:08 INFO TaskSetManager: Finished task 0.0 in stage 9.0 (TID 15) in 4779 ms on 172.24.0.3 (executor 0) (4/4)
[2024-10-13T23:01:08.323+0000] {spark_submit.py:649} INFO - 24/10/13 23:01:08 INFO TaskSchedulerImpl: Removed TaskSet 9.0, whose tasks have all completed, from pool
[2024-10-13T23:01:08.323+0000] {spark_submit.py:649} INFO - 24/10/13 23:01:08 INFO DAGScheduler: ResultStage 9 (toPandas at /spark-scripts/taxi_etl.py:136) finished in 4.787 s
[2024-10-13T23:01:08.324+0000] {spark_submit.py:649} INFO - 24/10/13 23:01:08 INFO DAGScheduler: Job 6 is finished. Cancelling potential speculative or zombie tasks for this job
[2024-10-13T23:01:08.324+0000] {spark_submit.py:649} INFO - 24/10/13 23:01:08 INFO TaskSchedulerImpl: Killing all running tasks in stage 9: Stage finished
[2024-10-13T23:01:08.325+0000] {spark_submit.py:649} INFO - 24/10/13 23:01:08 INFO DAGScheduler: Job 6 finished: toPandas at /spark-scripts/taxi_etl.py:136, took 4.792434 s
[2024-10-13T23:01:08.327+0000] {spark_submit.py:649} INFO - 24/10/13 23:01:08 INFO BlockManagerInfo: Removed taskresult_15 on 172.24.0.3:41017 in memory (size: 51.3 MiB, free: 4.6 GiB)
[2024-10-13T23:01:08.441+0000] {spark_submit.py:649} INFO - 24/10/13 23:01:08 INFO BlockManagerInfo: Removed broadcast_9_piece0 on yellow-cab-airflow-scheduler:46863 in memory (size: 15.4 KiB, free: 1048.7 MiB)
[2024-10-13T23:01:08.446+0000] {spark_submit.py:649} INFO - 24/10/13 23:01:08 INFO BlockManagerInfo: Removed broadcast_9_piece0 on 172.24.0.3:41017 in memory (size: 15.4 KiB, free: 4.6 GiB)
[2024-10-13T23:03:19.305+0000] {spark_submit.py:649} INFO - 24/10/13 23:03:19 INFO SparkContext: SparkContext is stopping with exitCode 0.
[2024-10-13T23:03:19.372+0000] {spark_submit.py:649} INFO - 24/10/13 23:03:19 INFO SparkUI: Stopped Spark web UI at http://yellow-cab-airflow-scheduler:4040
[2024-10-13T23:03:19.378+0000] {spark_submit.py:649} INFO - 24/10/13 23:03:19 INFO StandaloneSchedulerBackend: Shutting down all executors
[2024-10-13T23:03:19.379+0000] {spark_submit.py:649} INFO - 24/10/13 23:03:19 INFO StandaloneSchedulerBackend$StandaloneDriverEndpoint: Asking each executor to shut down
[2024-10-13T23:03:19.422+0000] {spark_submit.py:649} INFO - 24/10/13 23:03:19 INFO MapOutputTrackerMasterEndpoint: MapOutputTrackerMasterEndpoint stopped!
[2024-10-13T23:03:19.511+0000] {spark_submit.py:649} INFO - 24/10/13 23:03:19 INFO MemoryStore: MemoryStore cleared
[2024-10-13T23:03:19.511+0000] {spark_submit.py:649} INFO - 24/10/13 23:03:19 INFO BlockManager: BlockManager stopped
[2024-10-13T23:03:19.514+0000] {spark_submit.py:649} INFO - 24/10/13 23:03:19 INFO BlockManagerMaster: BlockManagerMaster stopped
[2024-10-13T23:03:19.517+0000] {spark_submit.py:649} INFO - 24/10/13 23:03:19 INFO OutputCommitCoordinator$OutputCommitCoordinatorEndpoint: OutputCommitCoordinator stopped!
[2024-10-13T23:03:19.563+0000] {spark_submit.py:649} INFO - 24/10/13 23:03:19 INFO SparkContext: Successfully stopped SparkContext
[2024-10-13T23:03:20.065+0000] {spark_submit.py:649} INFO - 24/10/13 23:03:20 INFO ShutdownHookManager: Shutdown hook called
[2024-10-13T23:03:20.065+0000] {spark_submit.py:649} INFO - 24/10/13 23:03:20 INFO ShutdownHookManager: Deleting directory /tmp/spark-7b0c6639-bc3a-440a-a915-4564bbb4a445/pyspark-df809c11-9ac6-47e4-a96d-4c9767762680
[2024-10-13T23:03:20.100+0000] {spark_submit.py:649} INFO - 24/10/13 23:03:20 INFO ShutdownHookManager: Deleting directory /tmp/spark-7b0c6639-bc3a-440a-a915-4564bbb4a445
[2024-10-13T23:03:20.123+0000] {spark_submit.py:649} INFO - 24/10/13 23:03:20 INFO ShutdownHookManager: Deleting directory /tmp/spark-ebfee2b9-cd5d-4af0-86e1-265412dbb748
[2024-10-13T23:03:20.223+0000] {taskinstance.py:441} INFO - ::group::Post task execution logs
[2024-10-13T23:03:20.286+0000] {taskinstance.py:1206} INFO - Marking task as SUCCESS. dag_id=etl_yellow_cab, task_id=etl_task, run_id=scheduled__2024-10-12T23:00:00+00:00, execution_date=20241012T230000, start_date=20241013T230001, end_date=20241013T230320
[2024-10-13T23:03:20.325+0000] {local_task_job_runner.py:240} INFO - Task exited with return code 0
[2024-10-13T23:03:20.370+0000] {taskinstance.py:3498} INFO - 1 downstream tasks scheduled from follow-on schedule check
[2024-10-13T23:03:20.371+0000] {local_task_job_runner.py:222} INFO - ::endgroup::
