[2024-10-13T16:14:32.107+0000] {local_task_job_runner.py:120} INFO - ::group::Pre task execution logs
[2024-10-13T16:14:32.150+0000] {taskinstance.py:2076} INFO - Dependencies all met for dep_context=non-requeueable deps ti=<TaskInstance: etl_yellow_cab.etl_task manual__2024-10-13T15:26:29.490243+00:00 [queued]>
[2024-10-13T16:14:32.155+0000] {taskinstance.py:2076} INFO - Dependencies all met for dep_context=requeueable deps ti=<TaskInstance: etl_yellow_cab.etl_task manual__2024-10-13T15:26:29.490243+00:00 [queued]>
[2024-10-13T16:14:32.155+0000] {taskinstance.py:2306} INFO - Starting attempt 7 of 7
[2024-10-13T16:14:32.163+0000] {taskinstance.py:2330} INFO - Executing <Task(SparkSubmitOperator): etl_task> on 2024-10-13 15:26:29.490243+00:00
[2024-10-13T16:14:32.166+0000] {standard_task_runner.py:63} INFO - Started process 32207 to run task
[2024-10-13T16:14:32.170+0000] {standard_task_runner.py:90} INFO - Running: ['airflow', 'tasks', 'run', 'etl_yellow_cab', 'etl_task', 'manual__2024-10-13T15:26:29.490243+00:00', '--job-id', '82', '--raw', '--subdir', 'DAGS_FOLDER/yellow-cab-batch.py', '--cfg-path', '/tmp/tmp8my7u_8b']
[2024-10-13T16:14:32.172+0000] {standard_task_runner.py:91} INFO - Job 82: Subtask etl_task
[2024-10-13T16:14:32.197+0000] {logging_mixin.py:188} WARNING - /home/airflow/.local/lib/python3.9/site-packages/airflow/settings.py:195 DeprecationWarning: The sql_alchemy_conn option in [core] has been moved to the sql_alchemy_conn option in [database] - the old setting has been used, but please update your config.
[2024-10-13T16:14:32.218+0000] {task_command.py:426} INFO - Running <TaskInstance: etl_yellow_cab.etl_task manual__2024-10-13T15:26:29.490243+00:00 [running]> on host yellow-cab-airflow-scheduler
[2024-10-13T16:14:32.283+0000] {taskinstance.py:2648} INFO - Exporting env vars: AIRFLOW_CTX_DAG_OWNER='hafidz' AIRFLOW_CTX_DAG_ID='etl_yellow_cab' AIRFLOW_CTX_TASK_ID='etl_task' AIRFLOW_CTX_EXECUTION_DATE='2024-10-13T15:26:29.490243+00:00' AIRFLOW_CTX_TRY_NUMBER='7' AIRFLOW_CTX_DAG_RUN_ID='manual__2024-10-13T15:26:29.490243+00:00'
[2024-10-13T16:14:32.284+0000] {taskinstance.py:430} INFO - ::endgroup::
[2024-10-13T16:14:32.306+0000] {base.py:84} INFO - Using connection ID 'spark_main' for task execution.
[2024-10-13T16:14:32.307+0000] {spark_submit.py:473} INFO - Spark-Submit cmd: spark-submit --master spark://spark-master:7077 --conf spark.jars.packages=org.apache.sedona:sedona-python-adapter-3.0_2.12:1.2.0-incubating,org.datasyslab:geotools-wrapper:geotools-24.0 --conf spark.jars.repositories=https://repo1.maven.org/maven2/ --conf spark.executor.memory=8g --conf spark.driver.maxResultSize=8g --conf spark.driver.memory=2g --name arrow-spark --deploy-mode client /spark-scripts/taxi_etl.py
[2024-10-13T16:14:33.632+0000] {spark_submit.py:649} INFO - https://repo1.maven.org/maven2/ added as a remote repository with the name: repo-1
[2024-10-13T16:14:33.649+0000] {spark_submit.py:649} INFO - :: loading settings :: url = jar:file:/home/airflow/.local/lib/python3.9/site-packages/pyspark/jars/ivy-2.5.1.jar!/org/apache/ivy/core/settings/ivysettings.xml
[2024-10-13T16:14:33.701+0000] {spark_submit.py:649} INFO - Ivy Default Cache set to: /home/airflow/.ivy2/cache
[2024-10-13T16:14:33.702+0000] {spark_submit.py:649} INFO - The jars for the packages stored in: /home/airflow/.ivy2/jars
[2024-10-13T16:14:33.705+0000] {spark_submit.py:649} INFO - org.apache.sedona#sedona-python-adapter-3.0_2.12 added as a dependency
[2024-10-13T16:14:33.705+0000] {spark_submit.py:649} INFO - org.datasyslab#geotools-wrapper added as a dependency
[2024-10-13T16:14:33.706+0000] {spark_submit.py:649} INFO - :: resolving dependencies :: org.apache.spark#spark-submit-parent-51fc3254-8035-46e4-af9d-1f5146f27d70;1.0
[2024-10-13T16:14:33.706+0000] {spark_submit.py:649} INFO - confs: [default]
[2024-10-13T16:14:33.816+0000] {spark_submit.py:649} INFO - found org.apache.sedona#sedona-python-adapter-3.0_2.12;1.2.0-incubating in central
[2024-10-13T16:14:33.835+0000] {spark_submit.py:649} INFO - found org.locationtech.jts#jts-core;1.18.0 in central
[2024-10-13T16:14:33.848+0000] {spark_submit.py:649} INFO - found org.wololo#jts2geojson;0.16.1 in central
[2024-10-13T16:14:33.863+0000] {spark_submit.py:649} INFO - found org.apache.sedona#sedona-core-3.0_2.12;1.2.0-incubating in central
[2024-10-13T16:14:33.874+0000] {spark_submit.py:649} INFO - found org.scala-lang.modules#scala-collection-compat_2.12;2.5.0 in central
[2024-10-13T16:14:33.885+0000] {spark_submit.py:649} INFO - found org.apache.sedona#sedona-sql-3.0_2.12;1.2.0-incubating in central
[2024-10-13T16:14:33.895+0000] {spark_submit.py:649} INFO - found org.datasyslab#geotools-wrapper;geotools-24.0 in central
[2024-10-13T16:14:33.908+0000] {spark_submit.py:649} INFO - :: resolution report :: resolve 196ms :: artifacts dl 7ms
[2024-10-13T16:14:33.908+0000] {spark_submit.py:649} INFO - :: modules in use:
[2024-10-13T16:14:33.909+0000] {spark_submit.py:649} INFO - org.apache.sedona#sedona-core-3.0_2.12;1.2.0-incubating from central in [default]
[2024-10-13T16:14:33.909+0000] {spark_submit.py:649} INFO - org.apache.sedona#sedona-python-adapter-3.0_2.12;1.2.0-incubating from central in [default]
[2024-10-13T16:14:33.909+0000] {spark_submit.py:649} INFO - org.apache.sedona#sedona-sql-3.0_2.12;1.2.0-incubating from central in [default]
[2024-10-13T16:14:33.909+0000] {spark_submit.py:649} INFO - org.datasyslab#geotools-wrapper;geotools-24.0 from central in [default]
[2024-10-13T16:14:33.909+0000] {spark_submit.py:649} INFO - org.locationtech.jts#jts-core;1.18.0 from central in [default]
[2024-10-13T16:14:33.909+0000] {spark_submit.py:649} INFO - org.scala-lang.modules#scala-collection-compat_2.12;2.5.0 from central in [default]
[2024-10-13T16:14:33.909+0000] {spark_submit.py:649} INFO - org.wololo#jts2geojson;0.16.1 from central in [default]
[2024-10-13T16:14:33.909+0000] {spark_submit.py:649} INFO - ---------------------------------------------------------------------
[2024-10-13T16:14:33.910+0000] {spark_submit.py:649} INFO - |                  |            modules            ||   artifacts   |
[2024-10-13T16:14:33.910+0000] {spark_submit.py:649} INFO - |       conf       | number| search|dwnlded|evicted|| number|dwnlded|
[2024-10-13T16:14:33.910+0000] {spark_submit.py:649} INFO - ---------------------------------------------------------------------
[2024-10-13T16:14:33.910+0000] {spark_submit.py:649} INFO - |      default     |   7   |   0   |   0   |   0   ||   7   |   0   |
[2024-10-13T16:14:33.910+0000] {spark_submit.py:649} INFO - ---------------------------------------------------------------------
[2024-10-13T16:14:33.912+0000] {spark_submit.py:649} INFO - :: retrieving :: org.apache.spark#spark-submit-parent-51fc3254-8035-46e4-af9d-1f5146f27d70
[2024-10-13T16:14:33.912+0000] {spark_submit.py:649} INFO - confs: [default]
[2024-10-13T16:14:33.916+0000] {spark_submit.py:649} INFO - 0 artifacts copied, 7 already retrieved (0kB/4ms)
[2024-10-13T16:14:34.045+0000] {spark_submit.py:649} INFO - 24/10/13 16:14:34 WARN NativeCodeLoader: Unable to load native-hadoop library for your platform... using builtin-java classes where applicable
[2024-10-13T16:14:35.929+0000] {spark_submit.py:649} INFO - 24/10/13 16:14:35 INFO SparkContext: Running Spark version 3.5.1
[2024-10-13T16:14:35.930+0000] {spark_submit.py:649} INFO - 24/10/13 16:14:35 INFO SparkContext: OS info Linux, 6.10.4-linuxkit, aarch64
[2024-10-13T16:14:35.930+0000] {spark_submit.py:649} INFO - 24/10/13 16:14:35 INFO SparkContext: Java version 17.0.12
[2024-10-13T16:14:35.940+0000] {spark_submit.py:649} INFO - 24/10/13 16:14:35 INFO ResourceUtils: ==============================================================
[2024-10-13T16:14:35.941+0000] {spark_submit.py:649} INFO - 24/10/13 16:14:35 INFO ResourceUtils: No custom resources configured for spark.driver.
[2024-10-13T16:14:35.943+0000] {spark_submit.py:649} INFO - 24/10/13 16:14:35 INFO ResourceUtils: ==============================================================
[2024-10-13T16:14:35.943+0000] {spark_submit.py:649} INFO - 24/10/13 16:14:35 INFO SparkContext: Submitted application: BigQueryETL
[2024-10-13T16:14:35.951+0000] {spark_submit.py:649} INFO - 24/10/13 16:14:35 INFO ResourceProfile: Default ResourceProfile created, executor resources: Map(memory -> name: memory, amount: 8192, script: , vendor: , offHeap -> name: offHeap, amount: 0, script: , vendor: ), task resources: Map(cpus -> name: cpus, amount: 1.0)
[2024-10-13T16:14:35.954+0000] {spark_submit.py:649} INFO - 24/10/13 16:14:35 INFO ResourceProfile: Limiting resource is cpu
[2024-10-13T16:14:35.955+0000] {spark_submit.py:649} INFO - 24/10/13 16:14:35 INFO ResourceProfileManager: Added ResourceProfile id: 0
[2024-10-13T16:14:35.983+0000] {spark_submit.py:649} INFO - 24/10/13 16:14:35 INFO SecurityManager: Changing view acls to: airflow
[2024-10-13T16:14:35.983+0000] {spark_submit.py:649} INFO - 24/10/13 16:14:35 INFO SecurityManager: Changing modify acls to: airflow
[2024-10-13T16:14:35.983+0000] {spark_submit.py:649} INFO - 24/10/13 16:14:35 INFO SecurityManager: Changing view acls groups to:
[2024-10-13T16:14:35.983+0000] {spark_submit.py:649} INFO - 24/10/13 16:14:35 INFO SecurityManager: Changing modify acls groups to:
[2024-10-13T16:14:35.983+0000] {spark_submit.py:649} INFO - 24/10/13 16:14:35 INFO SecurityManager: SecurityManager: authentication disabled; ui acls disabled; users with view permissions: airflow; groups with view permissions: EMPTY; users with modify permissions: airflow; groups with modify permissions: EMPTY
[2024-10-13T16:14:36.107+0000] {spark_submit.py:649} INFO - 24/10/13 16:14:36 INFO Utils: Successfully started service 'sparkDriver' on port 43163.
[2024-10-13T16:14:36.119+0000] {spark_submit.py:649} INFO - 24/10/13 16:14:36 INFO SparkEnv: Registering MapOutputTracker
[2024-10-13T16:14:36.138+0000] {spark_submit.py:649} INFO - 24/10/13 16:14:36 INFO SparkEnv: Registering BlockManagerMaster
[2024-10-13T16:14:36.145+0000] {spark_submit.py:649} INFO - 24/10/13 16:14:36 INFO BlockManagerMasterEndpoint: Using org.apache.spark.storage.DefaultTopologyMapper for getting topology information
[2024-10-13T16:14:36.146+0000] {spark_submit.py:649} INFO - 24/10/13 16:14:36 INFO BlockManagerMasterEndpoint: BlockManagerMasterEndpoint up
[2024-10-13T16:14:36.146+0000] {spark_submit.py:649} INFO - 24/10/13 16:14:36 INFO SparkEnv: Registering BlockManagerMasterHeartbeat
[2024-10-13T16:14:36.156+0000] {spark_submit.py:649} INFO - 24/10/13 16:14:36 INFO DiskBlockManager: Created local directory at /tmp/blockmgr-faecc48c-89c0-4b77-90ae-e2a5820a0c34
[2024-10-13T16:14:36.161+0000] {spark_submit.py:649} INFO - 24/10/13 16:14:36 INFO MemoryStore: MemoryStore started with capacity 1048.8 MiB
[2024-10-13T16:14:36.168+0000] {spark_submit.py:649} INFO - 24/10/13 16:14:36 INFO SparkEnv: Registering OutputCommitCoordinator
[2024-10-13T16:14:36.226+0000] {spark_submit.py:649} INFO - 24/10/13 16:14:36 INFO JettyUtils: Start Jetty 0.0.0.0:4040 for SparkUI
[2024-10-13T16:14:36.252+0000] {spark_submit.py:649} INFO - 24/10/13 16:14:36 INFO Utils: Successfully started service 'SparkUI' on port 4040.
[2024-10-13T16:14:36.270+0000] {spark_submit.py:649} INFO - 24/10/13 16:14:36 INFO SparkContext: Added JAR file:///home/airflow/.ivy2/jars/org.apache.sedona_sedona-python-adapter-3.0_2.12-1.2.0-incubating.jar at spark://yellow-cab-airflow-scheduler:43163/jars/org.apache.sedona_sedona-python-adapter-3.0_2.12-1.2.0-incubating.jar with timestamp 1728836075925
[2024-10-13T16:14:36.270+0000] {spark_submit.py:649} INFO - 24/10/13 16:14:36 INFO SparkContext: Added JAR file:///home/airflow/.ivy2/jars/org.datasyslab_geotools-wrapper-geotools-24.0.jar at spark://yellow-cab-airflow-scheduler:43163/jars/org.datasyslab_geotools-wrapper-geotools-24.0.jar with timestamp 1728836075925
[2024-10-13T16:14:36.270+0000] {spark_submit.py:649} INFO - 24/10/13 16:14:36 INFO SparkContext: Added JAR file:///home/airflow/.ivy2/jars/org.locationtech.jts_jts-core-1.18.0.jar at spark://yellow-cab-airflow-scheduler:43163/jars/org.locationtech.jts_jts-core-1.18.0.jar with timestamp 1728836075925
[2024-10-13T16:14:36.270+0000] {spark_submit.py:649} INFO - 24/10/13 16:14:36 INFO SparkContext: Added JAR file:///home/airflow/.ivy2/jars/org.wololo_jts2geojson-0.16.1.jar at spark://yellow-cab-airflow-scheduler:43163/jars/org.wololo_jts2geojson-0.16.1.jar with timestamp 1728836075925
[2024-10-13T16:14:36.271+0000] {spark_submit.py:649} INFO - 24/10/13 16:14:36 INFO SparkContext: Added JAR file:///home/airflow/.ivy2/jars/org.apache.sedona_sedona-core-3.0_2.12-1.2.0-incubating.jar at spark://yellow-cab-airflow-scheduler:43163/jars/org.apache.sedona_sedona-core-3.0_2.12-1.2.0-incubating.jar with timestamp 1728836075925
[2024-10-13T16:14:36.271+0000] {spark_submit.py:649} INFO - 24/10/13 16:14:36 INFO SparkContext: Added JAR file:///home/airflow/.ivy2/jars/org.apache.sedona_sedona-sql-3.0_2.12-1.2.0-incubating.jar at spark://yellow-cab-airflow-scheduler:43163/jars/org.apache.sedona_sedona-sql-3.0_2.12-1.2.0-incubating.jar with timestamp 1728836075925
[2024-10-13T16:14:36.271+0000] {spark_submit.py:649} INFO - 24/10/13 16:14:36 INFO SparkContext: Added JAR file:///home/airflow/.ivy2/jars/org.scala-lang.modules_scala-collection-compat_2.12-2.5.0.jar at spark://yellow-cab-airflow-scheduler:43163/jars/org.scala-lang.modules_scala-collection-compat_2.12-2.5.0.jar with timestamp 1728836075925
[2024-10-13T16:14:36.272+0000] {spark_submit.py:649} INFO - 24/10/13 16:14:36 INFO SparkContext: Added file file:///home/airflow/.ivy2/jars/org.apache.sedona_sedona-python-adapter-3.0_2.12-1.2.0-incubating.jar at spark://yellow-cab-airflow-scheduler:43163/files/org.apache.sedona_sedona-python-adapter-3.0_2.12-1.2.0-incubating.jar with timestamp 1728836075925
[2024-10-13T16:14:36.273+0000] {spark_submit.py:649} INFO - 24/10/13 16:14:36 INFO Utils: Copying /home/airflow/.ivy2/jars/org.apache.sedona_sedona-python-adapter-3.0_2.12-1.2.0-incubating.jar to /tmp/spark-dd2daf73-d1ef-44b1-b49a-d111f4e084b3/userFiles-62f17646-dc50-4a1c-a41b-a834adaaadbc/org.apache.sedona_sedona-python-adapter-3.0_2.12-1.2.0-incubating.jar
[2024-10-13T16:14:36.323+0000] {spark_submit.py:649} INFO - 24/10/13 16:14:36 INFO SparkContext: Added file file:///home/airflow/.ivy2/jars/org.datasyslab_geotools-wrapper-geotools-24.0.jar at spark://yellow-cab-airflow-scheduler:43163/files/org.datasyslab_geotools-wrapper-geotools-24.0.jar with timestamp 1728836075925
[2024-10-13T16:14:36.323+0000] {spark_submit.py:649} INFO - 24/10/13 16:14:36 INFO Utils: Copying /home/airflow/.ivy2/jars/org.datasyslab_geotools-wrapper-geotools-24.0.jar to /tmp/spark-dd2daf73-d1ef-44b1-b49a-d111f4e084b3/userFiles-62f17646-dc50-4a1c-a41b-a834adaaadbc/org.datasyslab_geotools-wrapper-geotools-24.0.jar
[2024-10-13T16:14:36.490+0000] {spark_submit.py:649} INFO - 24/10/13 16:14:36 INFO SparkContext: Added file file:///home/airflow/.ivy2/jars/org.locationtech.jts_jts-core-1.18.0.jar at spark://yellow-cab-airflow-scheduler:43163/files/org.locationtech.jts_jts-core-1.18.0.jar with timestamp 1728836075925
[2024-10-13T16:14:36.491+0000] {spark_submit.py:649} INFO - 24/10/13 16:14:36 INFO Utils: Copying /home/airflow/.ivy2/jars/org.locationtech.jts_jts-core-1.18.0.jar to /tmp/spark-dd2daf73-d1ef-44b1-b49a-d111f4e084b3/userFiles-62f17646-dc50-4a1c-a41b-a834adaaadbc/org.locationtech.jts_jts-core-1.18.0.jar
[2024-10-13T16:14:36.528+0000] {spark_submit.py:649} INFO - 24/10/13 16:14:36 INFO SparkContext: Added file file:///home/airflow/.ivy2/jars/org.wololo_jts2geojson-0.16.1.jar at spark://yellow-cab-airflow-scheduler:43163/files/org.wololo_jts2geojson-0.16.1.jar with timestamp 1728836075925
[2024-10-13T16:14:36.529+0000] {spark_submit.py:649} INFO - 24/10/13 16:14:36 INFO Utils: Copying /home/airflow/.ivy2/jars/org.wololo_jts2geojson-0.16.1.jar to /tmp/spark-dd2daf73-d1ef-44b1-b49a-d111f4e084b3/userFiles-62f17646-dc50-4a1c-a41b-a834adaaadbc/org.wololo_jts2geojson-0.16.1.jar
[2024-10-13T16:14:36.556+0000] {spark_submit.py:649} INFO - 24/10/13 16:14:36 INFO SparkContext: Added file file:///home/airflow/.ivy2/jars/org.apache.sedona_sedona-core-3.0_2.12-1.2.0-incubating.jar at spark://yellow-cab-airflow-scheduler:43163/files/org.apache.sedona_sedona-core-3.0_2.12-1.2.0-incubating.jar with timestamp 1728836075925
[2024-10-13T16:14:36.557+0000] {spark_submit.py:649} INFO - 24/10/13 16:14:36 INFO Utils: Copying /home/airflow/.ivy2/jars/org.apache.sedona_sedona-core-3.0_2.12-1.2.0-incubating.jar to /tmp/spark-dd2daf73-d1ef-44b1-b49a-d111f4e084b3/userFiles-62f17646-dc50-4a1c-a41b-a834adaaadbc/org.apache.sedona_sedona-core-3.0_2.12-1.2.0-incubating.jar
[2024-10-13T16:14:36.584+0000] {spark_submit.py:649} INFO - 24/10/13 16:14:36 INFO SparkContext: Added file file:///home/airflow/.ivy2/jars/org.apache.sedona_sedona-sql-3.0_2.12-1.2.0-incubating.jar at spark://yellow-cab-airflow-scheduler:43163/files/org.apache.sedona_sedona-sql-3.0_2.12-1.2.0-incubating.jar with timestamp 1728836075925
[2024-10-13T16:14:36.584+0000] {spark_submit.py:649} INFO - 24/10/13 16:14:36 INFO Utils: Copying /home/airflow/.ivy2/jars/org.apache.sedona_sedona-sql-3.0_2.12-1.2.0-incubating.jar to /tmp/spark-dd2daf73-d1ef-44b1-b49a-d111f4e084b3/userFiles-62f17646-dc50-4a1c-a41b-a834adaaadbc/org.apache.sedona_sedona-sql-3.0_2.12-1.2.0-incubating.jar
[2024-10-13T16:14:36.618+0000] {spark_submit.py:649} INFO - 24/10/13 16:14:36 INFO SparkContext: Added file file:///home/airflow/.ivy2/jars/org.scala-lang.modules_scala-collection-compat_2.12-2.5.0.jar at spark://yellow-cab-airflow-scheduler:43163/files/org.scala-lang.modules_scala-collection-compat_2.12-2.5.0.jar with timestamp 1728836075925
[2024-10-13T16:14:36.618+0000] {spark_submit.py:649} INFO - 24/10/13 16:14:36 INFO Utils: Copying /home/airflow/.ivy2/jars/org.scala-lang.modules_scala-collection-compat_2.12-2.5.0.jar to /tmp/spark-dd2daf73-d1ef-44b1-b49a-d111f4e084b3/userFiles-62f17646-dc50-4a1c-a41b-a834adaaadbc/org.scala-lang.modules_scala-collection-compat_2.12-2.5.0.jar
[2024-10-13T16:14:36.680+0000] {spark_submit.py:649} INFO - 24/10/13 16:14:36 INFO StandaloneAppClient$ClientEndpoint: Connecting to master spark://spark-master:7077...
[2024-10-13T16:14:36.699+0000] {spark_submit.py:649} INFO - 24/10/13 16:14:36 INFO TransportClientFactory: Successfully created connection to spark-master/172.24.0.2:7077 after 10 ms (0 ms spent in bootstraps)
[2024-10-13T16:14:36.767+0000] {spark_submit.py:649} INFO - 24/10/13 16:14:36 INFO StandaloneSchedulerBackend: Connected to Spark cluster with app ID app-20241013161436-0024
[2024-10-13T16:14:36.770+0000] {spark_submit.py:649} INFO - 24/10/13 16:14:36 INFO StandaloneAppClient$ClientEndpoint: Executor added: app-20241013161436-0024/0 on worker-20241011213037-172.24.0.3-36185 (172.24.0.3:36185) with 4 core(s)
[2024-10-13T16:14:36.771+0000] {spark_submit.py:649} INFO - 24/10/13 16:14:36 INFO StandaloneSchedulerBackend: Granted executor ID app-20241013161436-0024/0 on hostPort 172.24.0.3:36185 with 4 core(s), 8.0 GiB RAM
[2024-10-13T16:14:36.774+0000] {spark_submit.py:649} INFO - 24/10/13 16:14:36 INFO Utils: Successfully started service 'org.apache.spark.network.netty.NettyBlockTransferService' on port 46835.
[2024-10-13T16:14:36.774+0000] {spark_submit.py:649} INFO - 24/10/13 16:14:36 INFO NettyBlockTransferService: Server created on yellow-cab-airflow-scheduler:46835
[2024-10-13T16:14:36.775+0000] {spark_submit.py:649} INFO - 24/10/13 16:14:36 INFO BlockManager: Using org.apache.spark.storage.RandomBlockReplicationPolicy for block replication policy
[2024-10-13T16:14:36.779+0000] {spark_submit.py:649} INFO - 24/10/13 16:14:36 INFO BlockManagerMaster: Registering BlockManager BlockManagerId(driver, yellow-cab-airflow-scheduler, 46835, None)
[2024-10-13T16:14:36.782+0000] {spark_submit.py:649} INFO - 24/10/13 16:14:36 INFO BlockManagerMasterEndpoint: Registering block manager yellow-cab-airflow-scheduler:46835 with 1048.8 MiB RAM, BlockManagerId(driver, yellow-cab-airflow-scheduler, 46835, None)
[2024-10-13T16:14:36.784+0000] {spark_submit.py:649} INFO - 24/10/13 16:14:36 INFO BlockManagerMaster: Registered BlockManager BlockManagerId(driver, yellow-cab-airflow-scheduler, 46835, None)
[2024-10-13T16:14:36.785+0000] {spark_submit.py:649} INFO - 24/10/13 16:14:36 INFO BlockManager: Initialized BlockManager: BlockManagerId(driver, yellow-cab-airflow-scheduler, 46835, None)
[2024-10-13T16:14:36.934+0000] {spark_submit.py:649} INFO - 24/10/13 16:14:36 INFO StandaloneSchedulerBackend: SchedulerBackend is ready for scheduling beginning after reached minRegisteredResourcesRatio: 0.0
[2024-10-13T16:14:36.942+0000] {spark_submit.py:649} INFO - 24/10/13 16:14:36 INFO StandaloneAppClient$ClientEndpoint: Executor updated: app-20241013161436-0024/0 is now RUNNING
[2024-10-13T16:14:37.084+0000] {spark_submit.py:649} INFO - /spark-scripts/taxi_etl.py:28: DeprecationWarning: Call to deprecated function registerAll (Deprecated since 1.4.1, use SedonaContext.create() instead.).
[2024-10-13T16:14:37.084+0000] {spark_submit.py:649} INFO - SedonaRegistrator.registerAll(spark)
[2024-10-13T16:14:37.088+0000] {spark_submit.py:649} INFO - 24/10/13 16:14:37 INFO SharedState: Setting hive.metastore.warehouse.dir ('null') to the value of spark.sql.warehouse.dir.
[2024-10-13T16:14:37.090+0000] {spark_submit.py:649} INFO - 24/10/13 16:14:37 INFO SharedState: Warehouse path is 'file:/opt/airflow/spark-warehouse'.
[2024-10-13T16:14:38.750+0000] {spark_submit.py:649} INFO - 24/10/13 16:14:38 INFO StandaloneSchedulerBackend$StandaloneDriverEndpoint: Registered executor NettyRpcEndpointRef(spark-client://Executor) (172.24.0.3:51738) with ID 0,  ResourceProfileId 0
[2024-10-13T16:14:38.758+0000] {spark_submit.py:649} INFO - 24/10/13 16:14:38 INFO CodeGenerator: Code generated in 104.291834 ms
[2024-10-13T16:14:38.786+0000] {spark_submit.py:649} INFO - 24/10/13 16:14:38 INFO BlockManagerMasterEndpoint: Registering block manager 172.24.0.3:34371 with 4.6 GiB RAM, BlockManagerId(0, 172.24.0.3, 34371, None)
[2024-10-13T16:14:38.800+0000] {spark_submit.py:649} INFO - 24/10/13 16:14:38 INFO DAGScheduler: Registering RDD 2 (count at NativeMethodAccessorImpl.java:0) as input to shuffle 0
[2024-10-13T16:14:38.806+0000] {spark_submit.py:649} INFO - 24/10/13 16:14:38 INFO DAGScheduler: Got map stage job 0 (count at NativeMethodAccessorImpl.java:0) with 1 output partitions
[2024-10-13T16:14:38.808+0000] {spark_submit.py:649} INFO - 24/10/13 16:14:38 INFO DAGScheduler: Final stage: ShuffleMapStage 0 (count at NativeMethodAccessorImpl.java:0)
[2024-10-13T16:14:38.809+0000] {spark_submit.py:649} INFO - 24/10/13 16:14:38 INFO DAGScheduler: Parents of final stage: List()
[2024-10-13T16:14:38.810+0000] {spark_submit.py:649} INFO - 24/10/13 16:14:38 INFO DAGScheduler: Missing parents: List()
[2024-10-13T16:14:38.812+0000] {spark_submit.py:649} INFO - 24/10/13 16:14:38 INFO DAGScheduler: Submitting ShuffleMapStage 0 (MapPartitionsRDD[2] at count at NativeMethodAccessorImpl.java:0), which has no missing parents
[2024-10-13T16:14:38.877+0000] {spark_submit.py:649} INFO - 24/10/13 16:14:38 INFO MemoryStore: Block broadcast_0 stored as values in memory (estimated size 11.0 KiB, free 1048.8 MiB)
[2024-10-13T16:14:38.899+0000] {spark_submit.py:649} INFO - 24/10/13 16:14:38 INFO MemoryStore: Block broadcast_0_piece0 stored as bytes in memory (estimated size 5.7 KiB, free 1048.8 MiB)
[2024-10-13T16:14:38.901+0000] {spark_submit.py:649} INFO - 24/10/13 16:14:38 INFO BlockManagerInfo: Added broadcast_0_piece0 in memory on yellow-cab-airflow-scheduler:46835 (size: 5.7 KiB, free: 1048.8 MiB)
[2024-10-13T16:14:38.902+0000] {spark_submit.py:649} INFO - 24/10/13 16:14:38 INFO SparkContext: Created broadcast 0 from broadcast at DAGScheduler.scala:1585
[2024-10-13T16:14:38.912+0000] {spark_submit.py:649} INFO - 24/10/13 16:14:38 INFO DAGScheduler: Submitting 1 missing tasks from ShuffleMapStage 0 (MapPartitionsRDD[2] at count at NativeMethodAccessorImpl.java:0) (first 15 tasks are for partitions Vector(0))
[2024-10-13T16:14:38.912+0000] {spark_submit.py:649} INFO - 24/10/13 16:14:38 INFO TaskSchedulerImpl: Adding task set 0.0 with 1 tasks resource profile 0
[2024-10-13T16:14:39.742+0000] {spark_submit.py:649} INFO - 24/10/13 16:14:39 INFO TaskSetManager: Starting task 0.0 in stage 0.0 (TID 0) (172.24.0.3, executor 0, partition 0, PROCESS_LOCAL, 9588 bytes)
[2024-10-13T16:14:39.905+0000] {spark_submit.py:649} INFO - 24/10/13 16:14:39 INFO BlockManagerInfo: Added broadcast_0_piece0 in memory on 172.24.0.3:34371 (size: 5.7 KiB, free: 4.6 GiB)
[2024-10-13T16:14:40.218+0000] {spark_submit.py:649} INFO - 24/10/13 16:14:40 INFO TaskSetManager: Finished task 0.0 in stage 0.0 (TID 0) in 487 ms on 172.24.0.3 (executor 0) (1/1)
[2024-10-13T16:14:40.221+0000] {spark_submit.py:649} INFO - 24/10/13 16:14:40 INFO TaskSchedulerImpl: Removed TaskSet 0.0, whose tasks have all completed, from pool
[2024-10-13T16:14:40.223+0000] {spark_submit.py:649} INFO - 24/10/13 16:14:40 INFO DAGScheduler: ShuffleMapStage 0 (count at NativeMethodAccessorImpl.java:0) finished in 1.397 s
[2024-10-13T16:14:40.226+0000] {spark_submit.py:649} INFO - 24/10/13 16:14:40 INFO DAGScheduler: looking for newly runnable stages
[2024-10-13T16:14:40.226+0000] {spark_submit.py:649} INFO - 24/10/13 16:14:40 INFO DAGScheduler: running: Set()
[2024-10-13T16:14:40.226+0000] {spark_submit.py:649} INFO - 24/10/13 16:14:40 INFO DAGScheduler: waiting: Set()
[2024-10-13T16:14:40.226+0000] {spark_submit.py:649} INFO - 24/10/13 16:14:40 INFO DAGScheduler: failed: Set()
[2024-10-13T16:14:40.249+0000] {spark_submit.py:649} INFO - 24/10/13 16:14:40 INFO CodeGenerator: Code generated in 8.418625 ms
[2024-10-13T16:14:40.275+0000] {spark_submit.py:649} INFO - 24/10/13 16:14:40 INFO SparkContext: Starting job: count at NativeMethodAccessorImpl.java:0
[2024-10-13T16:14:40.277+0000] {spark_submit.py:649} INFO - 24/10/13 16:14:40 INFO DAGScheduler: Got job 1 (count at NativeMethodAccessorImpl.java:0) with 1 output partitions
[2024-10-13T16:14:40.277+0000] {spark_submit.py:649} INFO - 24/10/13 16:14:40 INFO DAGScheduler: Final stage: ResultStage 2 (count at NativeMethodAccessorImpl.java:0)
[2024-10-13T16:14:40.277+0000] {spark_submit.py:649} INFO - 24/10/13 16:14:40 INFO DAGScheduler: Parents of final stage: List(ShuffleMapStage 1)
[2024-10-13T16:14:40.278+0000] {spark_submit.py:649} INFO - 24/10/13 16:14:40 INFO DAGScheduler: Missing parents: List()
[2024-10-13T16:14:40.278+0000] {spark_submit.py:649} INFO - 24/10/13 16:14:40 INFO DAGScheduler: Submitting ResultStage 2 (MapPartitionsRDD[5] at count at NativeMethodAccessorImpl.java:0), which has no missing parents
[2024-10-13T16:14:40.283+0000] {spark_submit.py:649} INFO - 24/10/13 16:14:40 INFO MemoryStore: Block broadcast_1 stored as values in memory (estimated size 12.5 KiB, free 1048.8 MiB)
[2024-10-13T16:14:40.284+0000] {spark_submit.py:649} INFO - 24/10/13 16:14:40 INFO MemoryStore: Block broadcast_1_piece0 stored as bytes in memory (estimated size 5.9 KiB, free 1048.8 MiB)
[2024-10-13T16:14:40.285+0000] {spark_submit.py:649} INFO - 24/10/13 16:14:40 INFO BlockManagerInfo: Added broadcast_1_piece0 in memory on yellow-cab-airflow-scheduler:46835 (size: 5.9 KiB, free: 1048.8 MiB)
[2024-10-13T16:14:40.285+0000] {spark_submit.py:649} INFO - 24/10/13 16:14:40 INFO SparkContext: Created broadcast 1 from broadcast at DAGScheduler.scala:1585
[2024-10-13T16:14:40.286+0000] {spark_submit.py:649} INFO - 24/10/13 16:14:40 INFO DAGScheduler: Submitting 1 missing tasks from ResultStage 2 (MapPartitionsRDD[5] at count at NativeMethodAccessorImpl.java:0) (first 15 tasks are for partitions Vector(0))
[2024-10-13T16:14:40.286+0000] {spark_submit.py:649} INFO - 24/10/13 16:14:40 INFO TaskSchedulerImpl: Adding task set 2.0 with 1 tasks resource profile 0
[2024-10-13T16:14:40.289+0000] {spark_submit.py:649} INFO - 24/10/13 16:14:40 INFO TaskSetManager: Starting task 0.0 in stage 2.0 (TID 1) (172.24.0.3, executor 0, partition 0, NODE_LOCAL, 9391 bytes)
[2024-10-13T16:14:40.302+0000] {spark_submit.py:649} INFO - 24/10/13 16:14:40 INFO BlockManagerInfo: Added broadcast_1_piece0 in memory on 172.24.0.3:34371 (size: 5.9 KiB, free: 4.6 GiB)
[2024-10-13T16:14:40.335+0000] {spark_submit.py:649} INFO - 24/10/13 16:14:40 INFO MapOutputTrackerMasterEndpoint: Asked to send map output locations for shuffle 0 to 172.24.0.3:51738
[2024-10-13T16:14:40.494+0000] {spark_submit.py:649} INFO - 24/10/13 16:14:40 INFO TaskSetManager: Finished task 0.0 in stage 2.0 (TID 1) in 206 ms on 172.24.0.3 (executor 0) (1/1)
[2024-10-13T16:14:40.495+0000] {spark_submit.py:649} INFO - 24/10/13 16:14:40 INFO TaskSchedulerImpl: Removed TaskSet 2.0, whose tasks have all completed, from pool
[2024-10-13T16:14:40.496+0000] {spark_submit.py:649} INFO - 24/10/13 16:14:40 INFO DAGScheduler: ResultStage 2 (count at NativeMethodAccessorImpl.java:0) finished in 0.214 s
[2024-10-13T16:14:40.498+0000] {spark_submit.py:649} INFO - 24/10/13 16:14:40 INFO DAGScheduler: Job 1 is finished. Cancelling potential speculative or zombie tasks for this job
[2024-10-13T16:14:40.498+0000] {spark_submit.py:649} INFO - 24/10/13 16:14:40 INFO TaskSchedulerImpl: Killing all running tasks in stage 2: Stage finished
[2024-10-13T16:14:40.499+0000] {spark_submit.py:649} INFO - 24/10/13 16:14:40 INFO DAGScheduler: Job 1 finished: count at NativeMethodAccessorImpl.java:0, took 0.223723 s
[2024-10-13T16:14:40.694+0000] {spark_submit.py:649} INFO - 24/10/13 16:14:40 INFO BlockManagerInfo: Removed broadcast_1_piece0 on yellow-cab-airflow-scheduler:46835 in memory (size: 5.9 KiB, free: 1048.8 MiB)
[2024-10-13T16:14:40.703+0000] {spark_submit.py:649} INFO - 24/10/13 16:14:40 INFO BlockManagerInfo: Removed broadcast_1_piece0 on 172.24.0.3:34371 in memory (size: 5.9 KiB, free: 4.6 GiB)
[2024-10-13T16:14:40.717+0000] {spark_submit.py:649} INFO - 24/10/13 16:14:40 INFO BlockManagerInfo: Removed broadcast_0_piece0 on yellow-cab-airflow-scheduler:46835 in memory (size: 5.7 KiB, free: 1048.8 MiB)
[2024-10-13T16:14:40.720+0000] {spark_submit.py:649} INFO - 24/10/13 16:14:40 INFO BlockManagerInfo: Removed broadcast_0_piece0 on 172.24.0.3:34371 in memory (size: 5.7 KiB, free: 4.6 GiB)
[2024-10-13T16:14:41.260+0000] {spark_submit.py:649} INFO - 24/10/13 16:14:41 INFO InMemoryFileIndex: It took 7 ms to list leaf files for 1 paths.
[2024-10-13T16:14:41.834+0000] {spark_submit.py:649} INFO - 24/10/13 16:14:41 INFO FileSourceStrategy: Pushed Filters:
[2024-10-13T16:14:41.834+0000] {spark_submit.py:649} INFO - 24/10/13 16:14:41 INFO FileSourceStrategy: Post-Scan Filters: atleastnnonnulls(4, tpep_pickup_datetime#15, tpep_dropoff_datetime#16, pickup_longitude#19, pickup_latitude#20)
[2024-10-13T16:14:41.924+0000] {spark_submit.py:649} INFO - 24/10/13 16:14:41 INFO CodeGenerator: Code generated in 51.596417 ms
[2024-10-13T16:14:41.933+0000] {spark_submit.py:649} INFO - 24/10/13 16:14:41 INFO MemoryStore: Block broadcast_2 stored as values in memory (estimated size 204.6 KiB, free 1048.6 MiB)
[2024-10-13T16:14:41.949+0000] {spark_submit.py:649} INFO - 24/10/13 16:14:41 INFO MemoryStore: Block broadcast_2_piece0 stored as bytes in memory (estimated size 35.6 KiB, free 1048.6 MiB)
[2024-10-13T16:14:41.950+0000] {spark_submit.py:649} INFO - 24/10/13 16:14:41 INFO BlockManagerInfo: Added broadcast_2_piece0 in memory on yellow-cab-airflow-scheduler:46835 (size: 35.6 KiB, free: 1048.8 MiB)
[2024-10-13T16:14:41.950+0000] {spark_submit.py:649} INFO - 24/10/13 16:14:41 INFO SparkContext: Created broadcast 2 from toPandas at /spark-scripts/taxi_etl.py:131
[2024-10-13T16:14:41.987+0000] {spark_submit.py:649} INFO - 24/10/13 16:14:41 INFO FileSourceScanExec: Planning scan with bin packing, max size: 119497018 bytes, open cost is considered as scanning 4194304 bytes.
[2024-10-13T16:14:42.026+0000] {spark_submit.py:649} INFO - 24/10/13 16:14:42 INFO DAGScheduler: Registering RDD 9 (toPandas at /spark-scripts/taxi_etl.py:131) as input to shuffle 1
[2024-10-13T16:14:42.027+0000] {spark_submit.py:649} INFO - 24/10/13 16:14:42 INFO DAGScheduler: Got map stage job 2 (toPandas at /spark-scripts/taxi_etl.py:131) with 4 output partitions
[2024-10-13T16:14:42.027+0000] {spark_submit.py:649} INFO - 24/10/13 16:14:42 INFO DAGScheduler: Final stage: ShuffleMapStage 3 (toPandas at /spark-scripts/taxi_etl.py:131)
[2024-10-13T16:14:42.027+0000] {spark_submit.py:649} INFO - 24/10/13 16:14:42 INFO DAGScheduler: Parents of final stage: List()
[2024-10-13T16:14:42.027+0000] {spark_submit.py:649} INFO - 24/10/13 16:14:42 INFO DAGScheduler: Missing parents: List()
[2024-10-13T16:14:42.028+0000] {spark_submit.py:649} INFO - 24/10/13 16:14:42 INFO DAGScheduler: Submitting ShuffleMapStage 3 (MapPartitionsRDD[9] at toPandas at /spark-scripts/taxi_etl.py:131), which has no missing parents
[2024-10-13T16:14:42.030+0000] {spark_submit.py:649} INFO - 24/10/13 16:14:42 INFO MemoryStore: Block broadcast_3 stored as values in memory (estimated size 33.2 KiB, free 1048.5 MiB)
[2024-10-13T16:14:42.039+0000] {spark_submit.py:649} INFO - 24/10/13 16:14:42 INFO MemoryStore: Block broadcast_3_piece0 stored as bytes in memory (estimated size 15.0 KiB, free 1048.5 MiB)
[2024-10-13T16:14:42.039+0000] {spark_submit.py:649} INFO - 24/10/13 16:14:42 INFO BlockManagerInfo: Added broadcast_3_piece0 in memory on yellow-cab-airflow-scheduler:46835 (size: 15.0 KiB, free: 1048.8 MiB)
[2024-10-13T16:14:42.040+0000] {spark_submit.py:649} INFO - 24/10/13 16:14:42 INFO SparkContext: Created broadcast 3 from broadcast at DAGScheduler.scala:1585
[2024-10-13T16:14:42.040+0000] {spark_submit.py:649} INFO - 24/10/13 16:14:42 INFO DAGScheduler: Submitting 4 missing tasks from ShuffleMapStage 3 (MapPartitionsRDD[9] at toPandas at /spark-scripts/taxi_etl.py:131) (first 15 tasks are for partitions Vector(0, 1, 2, 3))
[2024-10-13T16:14:42.040+0000] {spark_submit.py:649} INFO - 24/10/13 16:14:42 INFO TaskSchedulerImpl: Adding task set 3.0 with 4 tasks resource profile 0
[2024-10-13T16:14:42.042+0000] {spark_submit.py:649} INFO - 24/10/13 16:14:42 INFO TaskSetManager: Starting task 0.0 in stage 3.0 (TID 2) (172.24.0.3, executor 0, partition 0, PROCESS_LOCAL, 9983 bytes)
[2024-10-13T16:14:42.043+0000] {spark_submit.py:649} INFO - 24/10/13 16:14:42 INFO TaskSetManager: Starting task 1.0 in stage 3.0 (TID 3) (172.24.0.3, executor 0, partition 1, PROCESS_LOCAL, 9983 bytes)
[2024-10-13T16:14:42.043+0000] {spark_submit.py:649} INFO - 24/10/13 16:14:42 INFO TaskSetManager: Starting task 2.0 in stage 3.0 (TID 4) (172.24.0.3, executor 0, partition 2, PROCESS_LOCAL, 9983 bytes)
[2024-10-13T16:14:42.043+0000] {spark_submit.py:649} INFO - 24/10/13 16:14:42 INFO TaskSetManager: Starting task 3.0 in stage 3.0 (TID 5) (172.24.0.3, executor 0, partition 3, PROCESS_LOCAL, 9983 bytes)
[2024-10-13T16:14:42.065+0000] {spark_submit.py:649} INFO - 24/10/13 16:14:42 INFO BlockManagerInfo: Added broadcast_3_piece0 in memory on 172.24.0.3:34371 (size: 15.0 KiB, free: 4.6 GiB)
[2024-10-13T16:14:42.609+0000] {spark_submit.py:649} INFO - 24/10/13 16:14:42 INFO BlockManagerInfo: Added broadcast_2_piece0 in memory on 172.24.0.3:34371 (size: 35.6 KiB, free: 4.6 GiB)
[2024-10-13T16:14:45.676+0000] {spark_submit.py:649} INFO - 24/10/13 16:14:45 INFO TaskSetManager: Finished task 3.0 in stage 3.0 (TID 5) in 3631 ms on 172.24.0.3 (executor 0) (1/4)
[2024-10-13T16:14:45.680+0000] {spark_submit.py:649} INFO - 24/10/13 16:14:45 INFO TaskSetManager: Finished task 1.0 in stage 3.0 (TID 3) in 3634 ms on 172.24.0.3 (executor 0) (2/4)
[2024-10-13T16:14:45.680+0000] {spark_submit.py:649} INFO - 24/10/13 16:14:45 INFO TaskSetManager: Finished task 0.0 in stage 3.0 (TID 2) in 3635 ms on 172.24.0.3 (executor 0) (3/4)
[2024-10-13T16:14:45.681+0000] {spark_submit.py:649} INFO - 24/10/13 16:14:45 INFO TaskSetManager: Finished task 2.0 in stage 3.0 (TID 4) in 3634 ms on 172.24.0.3 (executor 0) (4/4)
[2024-10-13T16:14:45.681+0000] {spark_submit.py:649} INFO - 24/10/13 16:14:45 INFO TaskSchedulerImpl: Removed TaskSet 3.0, whose tasks have all completed, from pool
[2024-10-13T16:14:45.681+0000] {spark_submit.py:649} INFO - 24/10/13 16:14:45 INFO DAGScheduler: ShuffleMapStage 3 (toPandas at /spark-scripts/taxi_etl.py:131) finished in 3.652 s
[2024-10-13T16:14:45.681+0000] {spark_submit.py:649} INFO - 24/10/13 16:14:45 INFO DAGScheduler: looking for newly runnable stages
[2024-10-13T16:14:45.682+0000] {spark_submit.py:649} INFO - 24/10/13 16:14:45 INFO DAGScheduler: running: Set()
[2024-10-13T16:14:45.682+0000] {spark_submit.py:649} INFO - 24/10/13 16:14:45 INFO DAGScheduler: waiting: Set()
[2024-10-13T16:14:45.683+0000] {spark_submit.py:649} INFO - 24/10/13 16:14:45 INFO DAGScheduler: failed: Set()
[2024-10-13T16:14:45.708+0000] {spark_submit.py:649} INFO - 24/10/13 16:14:45 INFO ShufflePartitionsUtil: For shuffle(1), advisory target size: 67108864, actual target size 1048576, minimum partition size: 1048576
[2024-10-13T16:14:45.785+0000] {spark_submit.py:649} INFO - 24/10/13 16:14:45 INFO CodeGenerator: Code generated in 44.217959 ms
[2024-10-13T16:14:45.811+0000] {spark_submit.py:649} INFO - 24/10/13 16:14:45 INFO SparkContext: Starting job: toPandas at /spark-scripts/taxi_etl.py:131
[2024-10-13T16:14:45.813+0000] {spark_submit.py:649} INFO - 24/10/13 16:14:45 INFO DAGScheduler: Got job 3 (toPandas at /spark-scripts/taxi_etl.py:131) with 1 output partitions
[2024-10-13T16:14:45.813+0000] {spark_submit.py:649} INFO - 24/10/13 16:14:45 INFO DAGScheduler: Final stage: ResultStage 5 (toPandas at /spark-scripts/taxi_etl.py:131)
[2024-10-13T16:14:45.814+0000] {spark_submit.py:649} INFO - 24/10/13 16:14:45 INFO DAGScheduler: Parents of final stage: List(ShuffleMapStage 4)
[2024-10-13T16:14:45.814+0000] {spark_submit.py:649} INFO - 24/10/13 16:14:45 INFO DAGScheduler: Missing parents: List()
[2024-10-13T16:14:45.815+0000] {spark_submit.py:649} INFO - 24/10/13 16:14:45 INFO DAGScheduler: Submitting ResultStage 5 (MapPartitionsRDD[12] at toPandas at /spark-scripts/taxi_etl.py:131), which has no missing parents
[2024-10-13T16:14:45.826+0000] {spark_submit.py:649} INFO - 24/10/13 16:14:45 INFO MemoryStore: Block broadcast_4 stored as values in memory (estimated size 45.6 KiB, free 1048.5 MiB)
[2024-10-13T16:14:45.854+0000] {spark_submit.py:649} INFO - 24/10/13 16:14:45 INFO MemoryStore: Block broadcast_4_piece0 stored as bytes in memory (estimated size 21.0 KiB, free 1048.5 MiB)
[2024-10-13T16:14:45.857+0000] {spark_submit.py:649} INFO - 24/10/13 16:14:45 INFO BlockManagerInfo: Added broadcast_4_piece0 in memory on yellow-cab-airflow-scheduler:46835 (size: 21.0 KiB, free: 1048.7 MiB)
[2024-10-13T16:14:45.859+0000] {spark_submit.py:649} INFO - 24/10/13 16:14:45 INFO SparkContext: Created broadcast 4 from broadcast at DAGScheduler.scala:1585
[2024-10-13T16:14:45.860+0000] {spark_submit.py:649} INFO - 24/10/13 16:14:45 INFO DAGScheduler: Submitting 1 missing tasks from ResultStage 5 (MapPartitionsRDD[12] at toPandas at /spark-scripts/taxi_etl.py:131) (first 15 tasks are for partitions Vector(0))
[2024-10-13T16:14:45.860+0000] {spark_submit.py:649} INFO - 24/10/13 16:14:45 INFO TaskSchedulerImpl: Adding task set 5.0 with 1 tasks resource profile 0
[2024-10-13T16:14:45.861+0000] {spark_submit.py:649} INFO - 24/10/13 16:14:45 INFO BlockManagerInfo: Removed broadcast_3_piece0 on yellow-cab-airflow-scheduler:46835 in memory (size: 15.0 KiB, free: 1048.7 MiB)
[2024-10-13T16:14:45.861+0000] {spark_submit.py:649} INFO - 24/10/13 16:14:45 INFO TaskSetManager: Starting task 0.0 in stage 5.0 (TID 6) (172.24.0.3, executor 0, partition 0, NODE_LOCAL, 9391 bytes)
[2024-10-13T16:14:45.863+0000] {spark_submit.py:649} INFO - 24/10/13 16:14:45 INFO BlockManagerInfo: Removed broadcast_3_piece0 on 172.24.0.3:34371 in memory (size: 15.0 KiB, free: 4.6 GiB)
[2024-10-13T16:14:45.895+0000] {spark_submit.py:649} INFO - 24/10/13 16:14:45 INFO BlockManagerInfo: Added broadcast_4_piece0 in memory on 172.24.0.3:34371 (size: 21.0 KiB, free: 4.6 GiB)
[2024-10-13T16:14:45.932+0000] {spark_submit.py:649} INFO - 24/10/13 16:14:45 INFO MapOutputTrackerMasterEndpoint: Asked to send map output locations for shuffle 1 to 172.24.0.3:51738
[2024-10-13T16:14:45.978+0000] {spark_submit.py:649} INFO - 24/10/13 16:14:45 INFO TaskSetManager: Finished task 0.0 in stage 5.0 (TID 6) in 119 ms on 172.24.0.3 (executor 0) (1/1)
[2024-10-13T16:14:45.979+0000] {spark_submit.py:649} INFO - 24/10/13 16:14:45 INFO TaskSchedulerImpl: Removed TaskSet 5.0, whose tasks have all completed, from pool
[2024-10-13T16:14:45.981+0000] {spark_submit.py:649} INFO - 24/10/13 16:14:45 INFO DAGScheduler: ResultStage 5 (toPandas at /spark-scripts/taxi_etl.py:131) finished in 0.162 s
[2024-10-13T16:14:45.982+0000] {spark_submit.py:649} INFO - 24/10/13 16:14:45 INFO DAGScheduler: Job 3 is finished. Cancelling potential speculative or zombie tasks for this job
[2024-10-13T16:14:45.982+0000] {spark_submit.py:649} INFO - 24/10/13 16:14:45 INFO TaskSchedulerImpl: Killing all running tasks in stage 5: Stage finished
[2024-10-13T16:14:45.983+0000] {spark_submit.py:649} INFO - 24/10/13 16:14:45 INFO DAGScheduler: Job 3 finished: toPandas at /spark-scripts/taxi_etl.py:131, took 0.169371 s
[2024-10-13T16:14:50.461+0000] {spark_submit.py:649} INFO - 24/10/13 16:14:50 INFO FileSourceStrategy: Pushed Filters:
[2024-10-13T16:14:50.463+0000] {spark_submit.py:649} INFO - 24/10/13 16:14:50 INFO FileSourceStrategy: Post-Scan Filters: atleastnnonnulls(4, tpep_pickup_datetime#15, tpep_dropoff_datetime#16, pickup_longitude#19, pickup_latitude#20)
[2024-10-13T16:14:50.512+0000] {spark_submit.py:649} INFO - 24/10/13 16:14:50 INFO CodeGenerator: Code generated in 29.672833 ms
[2024-10-13T16:14:50.516+0000] {spark_submit.py:649} INFO - 24/10/13 16:14:50 INFO MemoryStore: Block broadcast_5 stored as values in memory (estimated size 204.6 KiB, free 1048.3 MiB)
[2024-10-13T16:14:50.528+0000] {spark_submit.py:649} INFO - 24/10/13 16:14:50 INFO BlockManagerInfo: Removed broadcast_4_piece0 on yellow-cab-airflow-scheduler:46835 in memory (size: 21.0 KiB, free: 1048.8 MiB)
[2024-10-13T16:14:50.530+0000] {spark_submit.py:649} INFO - 24/10/13 16:14:50 INFO MemoryStore: Block broadcast_5_piece0 stored as bytes in memory (estimated size 35.6 KiB, free 1048.3 MiB)
[2024-10-13T16:14:50.532+0000] {spark_submit.py:649} INFO - 24/10/13 16:14:50 INFO BlockManagerInfo: Added broadcast_5_piece0 in memory on yellow-cab-airflow-scheduler:46835 (size: 35.6 KiB, free: 1048.7 MiB)
[2024-10-13T16:14:50.532+0000] {spark_submit.py:649} INFO - 24/10/13 16:14:50 INFO SparkContext: Created broadcast 5 from toPandas at /spark-scripts/taxi_etl.py:134
[2024-10-13T16:14:50.535+0000] {spark_submit.py:649} INFO - 24/10/13 16:14:50 INFO FileSourceScanExec: Planning scan with bin packing, max size: 119497018 bytes, open cost is considered as scanning 4194304 bytes.
[2024-10-13T16:14:50.537+0000] {spark_submit.py:649} INFO - 24/10/13 16:14:50 INFO BlockManagerInfo: Removed broadcast_4_piece0 on 172.24.0.3:34371 in memory (size: 21.0 KiB, free: 4.6 GiB)
[2024-10-13T16:14:50.541+0000] {spark_submit.py:649} INFO - 24/10/13 16:14:50 INFO DAGScheduler: Registering RDD 16 (toPandas at /spark-scripts/taxi_etl.py:134) as input to shuffle 2
[2024-10-13T16:14:50.541+0000] {spark_submit.py:649} INFO - 24/10/13 16:14:50 INFO DAGScheduler: Got map stage job 4 (toPandas at /spark-scripts/taxi_etl.py:134) with 4 output partitions
[2024-10-13T16:14:50.542+0000] {spark_submit.py:649} INFO - 24/10/13 16:14:50 INFO DAGScheduler: Final stage: ShuffleMapStage 6 (toPandas at /spark-scripts/taxi_etl.py:134)
[2024-10-13T16:14:50.542+0000] {spark_submit.py:649} INFO - 24/10/13 16:14:50 INFO DAGScheduler: Parents of final stage: List()
[2024-10-13T16:14:50.543+0000] {spark_submit.py:649} INFO - 24/10/13 16:14:50 INFO DAGScheduler: Missing parents: List()
[2024-10-13T16:14:50.543+0000] {spark_submit.py:649} INFO - 24/10/13 16:14:50 INFO DAGScheduler: Submitting ShuffleMapStage 6 (MapPartitionsRDD[16] at toPandas at /spark-scripts/taxi_etl.py:134), which has no missing parents
[2024-10-13T16:14:50.546+0000] {spark_submit.py:649} INFO - 24/10/13 16:14:50 INFO MemoryStore: Block broadcast_6 stored as values in memory (estimated size 32.9 KiB, free 1048.3 MiB)
[2024-10-13T16:14:50.553+0000] {spark_submit.py:649} INFO - 24/10/13 16:14:50 INFO MemoryStore: Block broadcast_6_piece0 stored as bytes in memory (estimated size 14.9 KiB, free 1048.3 MiB)
[2024-10-13T16:14:50.554+0000] {spark_submit.py:649} INFO - 24/10/13 16:14:50 INFO BlockManagerInfo: Added broadcast_6_piece0 in memory on yellow-cab-airflow-scheduler:46835 (size: 14.9 KiB, free: 1048.7 MiB)
[2024-10-13T16:14:50.555+0000] {spark_submit.py:649} INFO - 24/10/13 16:14:50 INFO SparkContext: Created broadcast 6 from broadcast at DAGScheduler.scala:1585
[2024-10-13T16:14:50.555+0000] {spark_submit.py:649} INFO - 24/10/13 16:14:50 INFO DAGScheduler: Submitting 4 missing tasks from ShuffleMapStage 6 (MapPartitionsRDD[16] at toPandas at /spark-scripts/taxi_etl.py:134) (first 15 tasks are for partitions Vector(0, 1, 2, 3))
[2024-10-13T16:14:50.556+0000] {spark_submit.py:649} INFO - 24/10/13 16:14:50 INFO TaskSchedulerImpl: Adding task set 6.0 with 4 tasks resource profile 0
[2024-10-13T16:14:50.557+0000] {spark_submit.py:649} INFO - 24/10/13 16:14:50 INFO TaskSetManager: Starting task 0.0 in stage 6.0 (TID 7) (172.24.0.3, executor 0, partition 0, PROCESS_LOCAL, 9983 bytes)
[2024-10-13T16:14:50.557+0000] {spark_submit.py:649} INFO - 24/10/13 16:14:50 INFO TaskSetManager: Starting task 1.0 in stage 6.0 (TID 8) (172.24.0.3, executor 0, partition 1, PROCESS_LOCAL, 9983 bytes)
[2024-10-13T16:14:50.558+0000] {spark_submit.py:649} INFO - 24/10/13 16:14:50 INFO TaskSetManager: Starting task 2.0 in stage 6.0 (TID 9) (172.24.0.3, executor 0, partition 2, PROCESS_LOCAL, 9983 bytes)
[2024-10-13T16:14:50.558+0000] {spark_submit.py:649} INFO - 24/10/13 16:14:50 INFO TaskSetManager: Starting task 3.0 in stage 6.0 (TID 10) (172.24.0.3, executor 0, partition 3, PROCESS_LOCAL, 9983 bytes)
[2024-10-13T16:14:50.573+0000] {spark_submit.py:649} INFO - 24/10/13 16:14:50 INFO BlockManagerInfo: Added broadcast_6_piece0 in memory on 172.24.0.3:34371 (size: 14.9 KiB, free: 4.6 GiB)
[2024-10-13T16:14:50.655+0000] {spark_submit.py:649} INFO - 24/10/13 16:14:50 INFO BlockManagerInfo: Added broadcast_5_piece0 in memory on 172.24.0.3:34371 (size: 35.6 KiB, free: 4.6 GiB)
[2024-10-13T16:14:54.335+0000] {spark_submit.py:649} INFO - 24/10/13 16:14:54 INFO TaskSetManager: Finished task 3.0 in stage 6.0 (TID 10) in 3773 ms on 172.24.0.3 (executor 0) (1/4)
[2024-10-13T16:14:54.350+0000] {spark_submit.py:649} INFO - 24/10/13 16:14:54 INFO TaskSetManager: Finished task 2.0 in stage 6.0 (TID 9) in 3792 ms on 172.24.0.3 (executor 0) (2/4)
[2024-10-13T16:14:54.466+0000] {spark_submit.py:649} INFO - 24/10/13 16:14:54 INFO TaskSetManager: Finished task 0.0 in stage 6.0 (TID 7) in 3910 ms on 172.24.0.3 (executor 0) (3/4)
[2024-10-13T16:14:54.478+0000] {spark_submit.py:649} INFO - 24/10/13 16:14:54 INFO TaskSetManager: Finished task 1.0 in stage 6.0 (TID 8) in 3920 ms on 172.24.0.3 (executor 0) (4/4)
[2024-10-13T16:14:54.478+0000] {spark_submit.py:649} INFO - 24/10/13 16:14:54 INFO TaskSchedulerImpl: Removed TaskSet 6.0, whose tasks have all completed, from pool
[2024-10-13T16:14:54.479+0000] {spark_submit.py:649} INFO - 24/10/13 16:14:54 INFO DAGScheduler: ShuffleMapStage 6 (toPandas at /spark-scripts/taxi_etl.py:134) finished in 3.934 s
[2024-10-13T16:14:54.480+0000] {spark_submit.py:649} INFO - 24/10/13 16:14:54 INFO DAGScheduler: looking for newly runnable stages
[2024-10-13T16:14:54.480+0000] {spark_submit.py:649} INFO - 24/10/13 16:14:54 INFO DAGScheduler: running: Set()
[2024-10-13T16:14:54.480+0000] {spark_submit.py:649} INFO - 24/10/13 16:14:54 INFO DAGScheduler: waiting: Set()
[2024-10-13T16:14:54.480+0000] {spark_submit.py:649} INFO - 24/10/13 16:14:54 INFO DAGScheduler: failed: Set()
[2024-10-13T16:14:54.493+0000] {spark_submit.py:649} INFO - 24/10/13 16:14:54 INFO ShufflePartitionsUtil: For shuffle(2), advisory target size: 67108864, actual target size 1511739, minimum partition size: 1048576
[2024-10-13T16:14:54.577+0000] {spark_submit.py:649} INFO - 24/10/13 16:14:54 INFO CodeGenerator: Code generated in 54.782916 ms
[2024-10-13T16:14:54.636+0000] {spark_submit.py:649} INFO - 24/10/13 16:14:54 INFO SparkContext: Starting job: toPandas at /spark-scripts/taxi_etl.py:134
[2024-10-13T16:14:54.643+0000] {spark_submit.py:649} INFO - 24/10/13 16:14:54 INFO DAGScheduler: Got job 5 (toPandas at /spark-scripts/taxi_etl.py:134) with 4 output partitions
[2024-10-13T16:14:54.644+0000] {spark_submit.py:649} INFO - 24/10/13 16:14:54 INFO DAGScheduler: Final stage: ResultStage 8 (toPandas at /spark-scripts/taxi_etl.py:134)
[2024-10-13T16:14:54.645+0000] {spark_submit.py:649} INFO - 24/10/13 16:14:54 INFO DAGScheduler: Parents of final stage: List(ShuffleMapStage 7)
[2024-10-13T16:14:54.645+0000] {spark_submit.py:649} INFO - 24/10/13 16:14:54 INFO DAGScheduler: Missing parents: List()
[2024-10-13T16:14:54.646+0000] {spark_submit.py:649} INFO - 24/10/13 16:14:54 INFO DAGScheduler: Submitting ResultStage 8 (MapPartitionsRDD[19] at toPandas at /spark-scripts/taxi_etl.py:134), which has no missing parents
[2024-10-13T16:14:54.653+0000] {spark_submit.py:649} INFO - 24/10/13 16:14:54 INFO MemoryStore: Block broadcast_7 stored as values in memory (estimated size 55.4 KiB, free 1048.2 MiB)
[2024-10-13T16:14:54.677+0000] {spark_submit.py:649} INFO - 24/10/13 16:14:54 INFO MemoryStore: Block broadcast_7_piece0 stored as bytes in memory (estimated size 23.9 KiB, free 1048.2 MiB)
[2024-10-13T16:14:54.678+0000] {spark_submit.py:649} INFO - 24/10/13 16:14:54 INFO BlockManagerInfo: Added broadcast_7_piece0 in memory on yellow-cab-airflow-scheduler:46835 (size: 23.9 KiB, free: 1048.7 MiB)
[2024-10-13T16:14:54.679+0000] {spark_submit.py:649} INFO - 24/10/13 16:14:54 INFO SparkContext: Created broadcast 7 from broadcast at DAGScheduler.scala:1585
[2024-10-13T16:14:54.679+0000] {spark_submit.py:649} INFO - 24/10/13 16:14:54 INFO BlockManagerInfo: Removed broadcast_6_piece0 on yellow-cab-airflow-scheduler:46835 in memory (size: 14.9 KiB, free: 1048.7 MiB)
[2024-10-13T16:14:54.679+0000] {spark_submit.py:649} INFO - 24/10/13 16:14:54 INFO DAGScheduler: Submitting 4 missing tasks from ResultStage 8 (MapPartitionsRDD[19] at toPandas at /spark-scripts/taxi_etl.py:134) (first 15 tasks are for partitions Vector(0, 1, 2, 3))
[2024-10-13T16:14:54.683+0000] {spark_submit.py:649} INFO - 24/10/13 16:14:54 INFO TaskSchedulerImpl: Adding task set 8.0 with 4 tasks resource profile 0
[2024-10-13T16:14:54.684+0000] {spark_submit.py:649} INFO - 24/10/13 16:14:54 INFO TaskSetManager: Starting task 0.0 in stage 8.0 (TID 11) (172.24.0.3, executor 0, partition 0, NODE_LOCAL, 9391 bytes)
[2024-10-13T16:14:54.684+0000] {spark_submit.py:649} INFO - 24/10/13 16:14:54 INFO TaskSetManager: Starting task 1.0 in stage 8.0 (TID 12) (172.24.0.3, executor 0, partition 1, NODE_LOCAL, 9391 bytes)
[2024-10-13T16:14:54.685+0000] {spark_submit.py:649} INFO - 24/10/13 16:14:54 INFO TaskSetManager: Starting task 2.0 in stage 8.0 (TID 13) (172.24.0.3, executor 0, partition 2, NODE_LOCAL, 9391 bytes)
[2024-10-13T16:14:54.685+0000] {spark_submit.py:649} INFO - 24/10/13 16:14:54 INFO TaskSetManager: Starting task 3.0 in stage 8.0 (TID 14) (172.24.0.3, executor 0, partition 3, NODE_LOCAL, 9391 bytes)
[2024-10-13T16:14:54.691+0000] {spark_submit.py:649} INFO - 24/10/13 16:14:54 INFO BlockManagerInfo: Removed broadcast_6_piece0 on 172.24.0.3:34371 in memory (size: 14.9 KiB, free: 4.6 GiB)
[2024-10-13T16:14:54.710+0000] {spark_submit.py:649} INFO - 24/10/13 16:14:54 INFO BlockManagerInfo: Added broadcast_7_piece0 in memory on 172.24.0.3:34371 (size: 23.9 KiB, free: 4.6 GiB)
[2024-10-13T16:14:54.790+0000] {spark_submit.py:649} INFO - 24/10/13 16:14:54 INFO MapOutputTrackerMasterEndpoint: Asked to send map output locations for shuffle 2 to 172.24.0.3:51738
[2024-10-13T16:14:55.320+0000] {spark_submit.py:649} INFO - 24/10/13 16:14:55 INFO BlockManagerInfo: Added taskresult_11 in memory on 172.24.0.3:34371 (size: 3.1 MiB, free: 4.6 GiB)
[2024-10-13T16:14:55.340+0000] {spark_submit.py:649} INFO - 24/10/13 16:14:55 INFO BlockManagerInfo: Added taskresult_13 in memory on 172.24.0.3:34371 (size: 3.0 MiB, free: 4.6 GiB)
[2024-10-13T16:14:55.341+0000] {spark_submit.py:649} INFO - 24/10/13 16:14:55 INFO BlockManagerInfo: Added taskresult_12 in memory on 172.24.0.3:34371 (size: 3.1 MiB, free: 4.6 GiB)
[2024-10-13T16:14:55.356+0000] {spark_submit.py:649} INFO - 24/10/13 16:14:55 INFO BlockManagerInfo: Added taskresult_14 in memory on 172.24.0.3:34371 (size: 3.1 MiB, free: 4.6 GiB)
[2024-10-13T16:14:55.358+0000] {spark_submit.py:649} INFO - 24/10/13 16:14:55 INFO TransportClientFactory: Successfully created connection to /172.24.0.3:34371 after 2 ms (0 ms spent in bootstraps)
[2024-10-13T16:14:55.402+0000] {spark_submit.py:649} INFO - 24/10/13 16:14:55 INFO TaskSetManager: Finished task 3.0 in stage 8.0 (TID 14) in 720 ms on 172.24.0.3 (executor 0) (1/4)
[2024-10-13T16:14:55.409+0000] {spark_submit.py:649} INFO - 24/10/13 16:14:55 INFO TaskSetManager: Finished task 2.0 in stage 8.0 (TID 13) in 728 ms on 172.24.0.3 (executor 0) (2/4)
[2024-10-13T16:14:55.417+0000] {spark_submit.py:649} INFO - 24/10/13 16:14:55 INFO TaskSetManager: Finished task 1.0 in stage 8.0 (TID 12) in 732 ms on 172.24.0.3 (executor 0) (3/4)
[2024-10-13T16:14:55.419+0000] {spark_submit.py:649} INFO - 24/10/13 16:14:55 INFO BlockManagerInfo: Removed taskresult_13 on 172.24.0.3:34371 in memory (size: 3.0 MiB, free: 4.6 GiB)
[2024-10-13T16:14:55.420+0000] {spark_submit.py:649} INFO - 24/10/13 16:14:55 INFO BlockManagerInfo: Removed taskresult_14 on 172.24.0.3:34371 in memory (size: 3.1 MiB, free: 4.6 GiB)
[2024-10-13T16:14:55.420+0000] {spark_submit.py:649} INFO - 24/10/13 16:14:55 INFO BlockManagerInfo: Removed taskresult_12 on 172.24.0.3:34371 in memory (size: 3.1 MiB, free: 4.6 GiB)
[2024-10-13T16:14:55.434+0000] {spark_submit.py:649} INFO - 24/10/13 16:14:55 INFO TaskSetManager: Finished task 0.0 in stage 8.0 (TID 11) in 752 ms on 172.24.0.3 (executor 0) (4/4)
[2024-10-13T16:14:55.434+0000] {spark_submit.py:649} INFO - 24/10/13 16:14:55 INFO TaskSchedulerImpl: Removed TaskSet 8.0, whose tasks have all completed, from pool
[2024-10-13T16:14:55.435+0000] {spark_submit.py:649} INFO - 24/10/13 16:14:55 INFO DAGScheduler: ResultStage 8 (toPandas at /spark-scripts/taxi_etl.py:134) finished in 0.784 s
[2024-10-13T16:14:55.435+0000] {spark_submit.py:649} INFO - 24/10/13 16:14:55 INFO DAGScheduler: Job 5 is finished. Cancelling potential speculative or zombie tasks for this job
[2024-10-13T16:14:55.436+0000] {spark_submit.py:649} INFO - 24/10/13 16:14:55 INFO TaskSchedulerImpl: Killing all running tasks in stage 8: Stage finished
[2024-10-13T16:14:55.436+0000] {spark_submit.py:649} INFO - 24/10/13 16:14:55 INFO DAGScheduler: Job 5 finished: toPandas at /spark-scripts/taxi_etl.py:134, took 0.799217 s
[2024-10-13T16:14:55.439+0000] {spark_submit.py:649} INFO - 24/10/13 16:14:55 INFO BlockManagerInfo: Removed taskresult_11 on 172.24.0.3:34371 in memory (size: 3.1 MiB, free: 4.6 GiB)
[2024-10-13T16:14:55.458+0000] {spark_submit.py:649} INFO - 24/10/13 16:14:55 INFO BlockManagerInfo: Removed broadcast_7_piece0 on yellow-cab-airflow-scheduler:46835 in memory (size: 23.9 KiB, free: 1048.7 MiB)
[2024-10-13T16:14:55.462+0000] {spark_submit.py:649} INFO - 24/10/13 16:14:55 INFO BlockManagerInfo: Removed broadcast_7_piece0 on 172.24.0.3:34371 in memory (size: 23.9 KiB, free: 4.6 GiB)
[2024-10-13T16:15:18.638+0000] {spark_submit.py:649} INFO - Traceback (most recent call last):
[2024-10-13T16:15:18.645+0000] {spark_submit.py:649} INFO - File "/spark-scripts/taxi_etl.py", line 143, in <module>
[2024-10-13T16:15:18.646+0000] {spark_submit.py:649} INFO - main()
[2024-10-13T16:15:18.646+0000] {spark_submit.py:649} INFO - File "/spark-scripts/taxi_etl.py", line 137, in main
[2024-10-13T16:15:18.646+0000] {spark_submit.py:649} INFO - fact_trip_write = client.load_table_from_dataframe(fact_trip, f"{PROJECT_ID}.{DATASET_ID}.fact_trip", job_config=job_config)
[2024-10-13T16:15:18.646+0000] {spark_submit.py:649} INFO - File "/home/airflow/.local/lib/python3.9/site-packages/google/cloud/bigquery/client.py", line 2768, in load_table_from_dataframe
[2024-10-13T16:15:18.646+0000] {spark_submit.py:649} INFO - new_job_config.schema = _pandas_helpers.dataframe_to_bq_schema(
[2024-10-13T16:15:18.646+0000] {spark_submit.py:649} INFO - File "/home/airflow/.local/lib/python3.9/site-packages/google/cloud/bigquery/_pandas_helpers.py", line 422, in dataframe_to_bq_schema
[2024-10-13T16:15:18.646+0000] {spark_submit.py:649} INFO - for column, dtype in list_columns_and_indexes(dataframe):
[2024-10-13T16:15:18.647+0000] {spark_submit.py:649} INFO - File "/home/airflow/.local/lib/python3.9/site-packages/google/cloud/bigquery/_pandas_helpers.py", line 344, in list_columns_and_indexes
[2024-10-13T16:15:18.647+0000] {spark_submit.py:649} INFO - if isinstance(dataframe.index, pandas.MultiIndex):
[2024-10-13T16:15:18.647+0000] {spark_submit.py:649} INFO - File "/home/airflow/.local/lib/python3.9/site-packages/pyspark/python/lib/pyspark.zip/pyspark/sql/dataframe.py", line 3127, in __getattr__
[2024-10-13T16:15:18.647+0000] {spark_submit.py:649} INFO - AttributeError: 'DataFrame' object has no attribute 'index'
[2024-10-13T16:15:18.955+0000] {spark_submit.py:649} INFO - 24/10/13 16:15:18 INFO SparkContext: Invoking stop() from shutdown hook
[2024-10-13T16:15:18.956+0000] {spark_submit.py:649} INFO - 24/10/13 16:15:18 INFO SparkContext: SparkContext is stopping with exitCode 0.
[2024-10-13T16:15:18.974+0000] {spark_submit.py:649} INFO - 24/10/13 16:15:18 INFO SparkUI: Stopped Spark web UI at http://yellow-cab-airflow-scheduler:4040
[2024-10-13T16:15:18.978+0000] {spark_submit.py:649} INFO - 24/10/13 16:15:18 INFO StandaloneSchedulerBackend: Shutting down all executors
[2024-10-13T16:15:18.979+0000] {spark_submit.py:649} INFO - 24/10/13 16:15:18 INFO StandaloneSchedulerBackend$StandaloneDriverEndpoint: Asking each executor to shut down
[2024-10-13T16:15:19.013+0000] {spark_submit.py:649} INFO - 24/10/13 16:15:19 INFO MapOutputTrackerMasterEndpoint: MapOutputTrackerMasterEndpoint stopped!
[2024-10-13T16:15:19.070+0000] {spark_submit.py:649} INFO - 24/10/13 16:15:19 INFO MemoryStore: MemoryStore cleared
[2024-10-13T16:15:19.072+0000] {spark_submit.py:649} INFO - 24/10/13 16:15:19 INFO BlockManager: BlockManager stopped
[2024-10-13T16:15:19.073+0000] {spark_submit.py:649} INFO - 24/10/13 16:15:19 INFO BlockManagerMaster: BlockManagerMaster stopped
[2024-10-13T16:15:19.075+0000] {spark_submit.py:649} INFO - 24/10/13 16:15:19 INFO OutputCommitCoordinator$OutputCommitCoordinatorEndpoint: OutputCommitCoordinator stopped!
[2024-10-13T16:15:19.123+0000] {spark_submit.py:649} INFO - 24/10/13 16:15:19 INFO SparkContext: Successfully stopped SparkContext
[2024-10-13T16:15:19.124+0000] {spark_submit.py:649} INFO - 24/10/13 16:15:19 INFO ShutdownHookManager: Shutdown hook called
[2024-10-13T16:15:19.126+0000] {spark_submit.py:649} INFO - 24/10/13 16:15:19 INFO ShutdownHookManager: Deleting directory /tmp/spark-dd2daf73-d1ef-44b1-b49a-d111f4e084b3/pyspark-e2d649e2-b73e-43ed-b80b-6234172c753c
[2024-10-13T16:15:19.152+0000] {spark_submit.py:649} INFO - 24/10/13 16:15:19 INFO ShutdownHookManager: Deleting directory /tmp/spark-425107f5-134e-4a3a-8d48-c3b827b3da38
[2024-10-13T16:15:19.176+0000] {spark_submit.py:649} INFO - 24/10/13 16:15:19 INFO ShutdownHookManager: Deleting directory /tmp/spark-dd2daf73-d1ef-44b1-b49a-d111f4e084b3
[2024-10-13T16:15:19.247+0000] {taskinstance.py:441} INFO - ::group::Post task execution logs
[2024-10-13T16:15:19.285+0000] {taskinstance.py:2905} ERROR - Task failed with exception
Traceback (most recent call last):
  File "/home/airflow/.local/lib/python3.9/site-packages/airflow/models/taskinstance.py", line 465, in _execute_task
    result = _execute_callable(context=context, **execute_callable_kwargs)
  File "/home/airflow/.local/lib/python3.9/site-packages/airflow/models/taskinstance.py", line 432, in _execute_callable
    return execute_callable(context=context, **execute_callable_kwargs)
  File "/home/airflow/.local/lib/python3.9/site-packages/airflow/models/baseoperator.py", line 400, in wrapper
    return func(self, *args, **kwargs)
  File "/home/airflow/.local/lib/python3.9/site-packages/airflow/providers/apache/spark/operators/spark_submit.py", line 176, in execute
    self._hook.submit(self.application)
  File "/home/airflow/.local/lib/python3.9/site-packages/airflow/providers/apache/spark/hooks/spark_submit.py", line 575, in submit
    raise AirflowException(
airflow.exceptions.AirflowException: Cannot execute: spark-submit --master spark://spark-master:7077 --conf spark.jars.packages=org.apache.sedona:sedona-python-adapter-3.0_2.12:1.2.0-incubating,org.datasyslab:geotools-wrapper:geotools-24.0 --conf spark.jars.repositories=https://repo1.maven.org/maven2/ --conf spark.executor.memory=8g --conf spark.driver.maxResultSize=8g --conf spark.driver.memory=2g --name arrow-spark --deploy-mode client /spark-scripts/taxi_etl.py. Error code is: 1.
[2024-10-13T16:15:19.293+0000] {taskinstance.py:1206} INFO - Marking task as FAILED. dag_id=etl_yellow_cab, task_id=etl_task, run_id=manual__2024-10-13T15:26:29.490243+00:00, execution_date=20241013T152629, start_date=20241013T161432, end_date=20241013T161519
[2024-10-13T16:15:19.310+0000] {standard_task_runner.py:110} ERROR - Failed to execute job 82 for task etl_task (Cannot execute: spark-submit --master spark://spark-master:7077 --conf spark.jars.packages=org.apache.sedona:sedona-python-adapter-3.0_2.12:1.2.0-incubating,org.datasyslab:geotools-wrapper:geotools-24.0 --conf spark.jars.repositories=https://repo1.maven.org/maven2/ --conf spark.executor.memory=8g --conf spark.driver.maxResultSize=8g --conf spark.driver.memory=2g --name arrow-spark --deploy-mode client /spark-scripts/taxi_etl.py. Error code is: 1.; 32207)
[2024-10-13T16:15:19.338+0000] {local_task_job_runner.py:240} INFO - Task exited with return code 1
[2024-10-13T16:15:19.357+0000] {taskinstance.py:3498} INFO - 0 downstream tasks scheduled from follow-on schedule check
[2024-10-13T16:15:19.359+0000] {local_task_job_runner.py:222} INFO - ::endgroup::
