[2024-10-13T15:30:06.712+0000] {local_task_job_runner.py:120} INFO - ::group::Pre task execution logs
[2024-10-13T15:30:06.731+0000] {taskinstance.py:2076} INFO - Dependencies all met for dep_context=non-requeueable deps ti=<TaskInstance: etl_yellow_cab.etl_task manual__2024-10-13T15:26:29.490243+00:00 [queued]>
[2024-10-13T15:30:06.734+0000] {taskinstance.py:2076} INFO - Dependencies all met for dep_context=requeueable deps ti=<TaskInstance: etl_yellow_cab.etl_task manual__2024-10-13T15:26:29.490243+00:00 [queued]>
[2024-10-13T15:30:06.734+0000] {taskinstance.py:2306} INFO - Starting attempt 2 of 2
[2024-10-13T15:30:06.739+0000] {taskinstance.py:2330} INFO - Executing <Task(SparkSubmitOperator): etl_task> on 2024-10-13 15:26:29.490243+00:00
[2024-10-13T15:30:06.741+0000] {standard_task_runner.py:63} INFO - Started process 30547 to run task
[2024-10-13T15:30:06.744+0000] {standard_task_runner.py:90} INFO - Running: ['airflow', 'tasks', 'run', 'etl_yellow_cab', 'etl_task', 'manual__2024-10-13T15:26:29.490243+00:00', '--job-id', '77', '--raw', '--subdir', 'DAGS_FOLDER/yellow-cab-batch.py', '--cfg-path', '/tmp/tmpfxfu6rry']
[2024-10-13T15:30:06.746+0000] {standard_task_runner.py:91} INFO - Job 77: Subtask etl_task
[2024-10-13T15:30:06.769+0000] {logging_mixin.py:188} WARNING - /home/airflow/.local/lib/python3.9/site-packages/airflow/settings.py:195 DeprecationWarning: The sql_alchemy_conn option in [core] has been moved to the sql_alchemy_conn option in [database] - the old setting has been used, but please update your config.
[2024-10-13T15:30:06.795+0000] {task_command.py:426} INFO - Running <TaskInstance: etl_yellow_cab.etl_task manual__2024-10-13T15:26:29.490243+00:00 [running]> on host yellow-cab-airflow-scheduler
[2024-10-13T15:30:06.854+0000] {taskinstance.py:2648} INFO - Exporting env vars: AIRFLOW_CTX_DAG_OWNER='hafidz' AIRFLOW_CTX_DAG_ID='etl_yellow_cab' AIRFLOW_CTX_TASK_ID='etl_task' AIRFLOW_CTX_EXECUTION_DATE='2024-10-13T15:26:29.490243+00:00' AIRFLOW_CTX_TRY_NUMBER='2' AIRFLOW_CTX_DAG_RUN_ID='manual__2024-10-13T15:26:29.490243+00:00'
[2024-10-13T15:30:06.854+0000] {taskinstance.py:430} INFO - ::endgroup::
[2024-10-13T15:30:06.866+0000] {base.py:84} INFO - Using connection ID 'spark_main' for task execution.
[2024-10-13T15:30:06.867+0000] {spark_submit.py:473} INFO - Spark-Submit cmd: spark-submit --master spark://spark-master:7077 --conf spark.jars.packages=org.apache.sedona:sedona-python-adapter-3.0_2.12:1.2.0-incubating,org.datasyslab:geotools-wrapper:geotools-24.0 --conf spark.jars.repositories=https://repo1.maven.org/maven2/ --conf spark.executor.memory=8g --conf spark.driver.maxResultSize=8g --conf spark.driver.memory=2g --name arrow-spark --deploy-mode client /spark-scripts/taxi_etl.py
[2024-10-13T15:30:07.831+0000] {spark_submit.py:649} INFO - https://repo1.maven.org/maven2/ added as a remote repository with the name: repo-1
[2024-10-13T15:30:07.844+0000] {spark_submit.py:649} INFO - :: loading settings :: url = jar:file:/home/airflow/.local/lib/python3.9/site-packages/pyspark/jars/ivy-2.5.1.jar!/org/apache/ivy/core/settings/ivysettings.xml
[2024-10-13T15:30:07.888+0000] {spark_submit.py:649} INFO - Ivy Default Cache set to: /home/airflow/.ivy2/cache
[2024-10-13T15:30:07.888+0000] {spark_submit.py:649} INFO - The jars for the packages stored in: /home/airflow/.ivy2/jars
[2024-10-13T15:30:07.890+0000] {spark_submit.py:649} INFO - org.apache.sedona#sedona-python-adapter-3.0_2.12 added as a dependency
[2024-10-13T15:30:07.890+0000] {spark_submit.py:649} INFO - org.datasyslab#geotools-wrapper added as a dependency
[2024-10-13T15:30:07.891+0000] {spark_submit.py:649} INFO - :: resolving dependencies :: org.apache.spark#spark-submit-parent-4dc87530-3493-45ae-b74b-da6e6f937001;1.0
[2024-10-13T15:30:07.891+0000] {spark_submit.py:649} INFO - confs: [default]
[2024-10-13T15:30:07.957+0000] {spark_submit.py:649} INFO - found org.apache.sedona#sedona-python-adapter-3.0_2.12;1.2.0-incubating in central
[2024-10-13T15:30:07.974+0000] {spark_submit.py:649} INFO - found org.locationtech.jts#jts-core;1.18.0 in central
[2024-10-13T15:30:07.986+0000] {spark_submit.py:649} INFO - found org.wololo#jts2geojson;0.16.1 in central
[2024-10-13T15:30:07.999+0000] {spark_submit.py:649} INFO - found org.apache.sedona#sedona-core-3.0_2.12;1.2.0-incubating in central
[2024-10-13T15:30:08.010+0000] {spark_submit.py:649} INFO - found org.scala-lang.modules#scala-collection-compat_2.12;2.5.0 in central
[2024-10-13T15:30:08.021+0000] {spark_submit.py:649} INFO - found org.apache.sedona#sedona-sql-3.0_2.12;1.2.0-incubating in central
[2024-10-13T15:30:08.030+0000] {spark_submit.py:649} INFO - found org.datasyslab#geotools-wrapper;geotools-24.0 in central
[2024-10-13T15:30:08.043+0000] {spark_submit.py:649} INFO - :: resolution report :: resolve 146ms :: artifacts dl 6ms
[2024-10-13T15:30:08.043+0000] {spark_submit.py:649} INFO - :: modules in use:
[2024-10-13T15:30:08.043+0000] {spark_submit.py:649} INFO - org.apache.sedona#sedona-core-3.0_2.12;1.2.0-incubating from central in [default]
[2024-10-13T15:30:08.043+0000] {spark_submit.py:649} INFO - org.apache.sedona#sedona-python-adapter-3.0_2.12;1.2.0-incubating from central in [default]
[2024-10-13T15:30:08.044+0000] {spark_submit.py:649} INFO - org.apache.sedona#sedona-sql-3.0_2.12;1.2.0-incubating from central in [default]
[2024-10-13T15:30:08.044+0000] {spark_submit.py:649} INFO - org.datasyslab#geotools-wrapper;geotools-24.0 from central in [default]
[2024-10-13T15:30:08.044+0000] {spark_submit.py:649} INFO - org.locationtech.jts#jts-core;1.18.0 from central in [default]
[2024-10-13T15:30:08.044+0000] {spark_submit.py:649} INFO - org.scala-lang.modules#scala-collection-compat_2.12;2.5.0 from central in [default]
[2024-10-13T15:30:08.044+0000] {spark_submit.py:649} INFO - org.wololo#jts2geojson;0.16.1 from central in [default]
[2024-10-13T15:30:08.044+0000] {spark_submit.py:649} INFO - ---------------------------------------------------------------------
[2024-10-13T15:30:08.044+0000] {spark_submit.py:649} INFO - |                  |            modules            ||   artifacts   |
[2024-10-13T15:30:08.045+0000] {spark_submit.py:649} INFO - |       conf       | number| search|dwnlded|evicted|| number|dwnlded|
[2024-10-13T15:30:08.045+0000] {spark_submit.py:649} INFO - ---------------------------------------------------------------------
[2024-10-13T15:30:08.045+0000] {spark_submit.py:649} INFO - |      default     |   7   |   0   |   0   |   0   ||   7   |   0   |
[2024-10-13T15:30:08.045+0000] {spark_submit.py:649} INFO - ---------------------------------------------------------------------
[2024-10-13T15:30:08.047+0000] {spark_submit.py:649} INFO - :: retrieving :: org.apache.spark#spark-submit-parent-4dc87530-3493-45ae-b74b-da6e6f937001
[2024-10-13T15:30:08.048+0000] {spark_submit.py:649} INFO - confs: [default]
[2024-10-13T15:30:08.050+0000] {spark_submit.py:649} INFO - 0 artifacts copied, 7 already retrieved (0kB/4ms)
[2024-10-13T15:30:08.153+0000] {spark_submit.py:649} INFO - 24/10/13 15:30:08 WARN NativeCodeLoader: Unable to load native-hadoop library for your platform... using builtin-java classes where applicable
[2024-10-13T15:30:09.453+0000] {spark_submit.py:649} INFO - 24/10/13 15:30:09 INFO SparkContext: Running Spark version 3.5.1
[2024-10-13T15:30:09.453+0000] {spark_submit.py:649} INFO - 24/10/13 15:30:09 INFO SparkContext: OS info Linux, 6.10.4-linuxkit, aarch64
[2024-10-13T15:30:09.453+0000] {spark_submit.py:649} INFO - 24/10/13 15:30:09 INFO SparkContext: Java version 17.0.12
[2024-10-13T15:30:09.463+0000] {spark_submit.py:649} INFO - 24/10/13 15:30:09 INFO ResourceUtils: ==============================================================
[2024-10-13T15:30:09.463+0000] {spark_submit.py:649} INFO - 24/10/13 15:30:09 INFO ResourceUtils: No custom resources configured for spark.driver.
[2024-10-13T15:30:09.463+0000] {spark_submit.py:649} INFO - 24/10/13 15:30:09 INFO ResourceUtils: ==============================================================
[2024-10-13T15:30:09.464+0000] {spark_submit.py:649} INFO - 24/10/13 15:30:09 INFO SparkContext: Submitted application: BigQueryETL
[2024-10-13T15:30:09.473+0000] {spark_submit.py:649} INFO - 24/10/13 15:30:09 INFO ResourceProfile: Default ResourceProfile created, executor resources: Map(memory -> name: memory, amount: 8192, script: , vendor: , offHeap -> name: offHeap, amount: 0, script: , vendor: ), task resources: Map(cpus -> name: cpus, amount: 1.0)
[2024-10-13T15:30:09.477+0000] {spark_submit.py:649} INFO - 24/10/13 15:30:09 INFO ResourceProfile: Limiting resource is cpu
[2024-10-13T15:30:09.477+0000] {spark_submit.py:649} INFO - 24/10/13 15:30:09 INFO ResourceProfileManager: Added ResourceProfile id: 0
[2024-10-13T15:30:09.499+0000] {spark_submit.py:649} INFO - 24/10/13 15:30:09 INFO SecurityManager: Changing view acls to: airflow
[2024-10-13T15:30:09.499+0000] {spark_submit.py:649} INFO - 24/10/13 15:30:09 INFO SecurityManager: Changing modify acls to: airflow
[2024-10-13T15:30:09.499+0000] {spark_submit.py:649} INFO - 24/10/13 15:30:09 INFO SecurityManager: Changing view acls groups to:
[2024-10-13T15:30:09.499+0000] {spark_submit.py:649} INFO - 24/10/13 15:30:09 INFO SecurityManager: Changing modify acls groups to:
[2024-10-13T15:30:09.500+0000] {spark_submit.py:649} INFO - 24/10/13 15:30:09 INFO SecurityManager: SecurityManager: authentication disabled; ui acls disabled; users with view permissions: airflow; groups with view permissions: EMPTY; users with modify permissions: airflow; groups with modify permissions: EMPTY
[2024-10-13T15:30:09.594+0000] {spark_submit.py:649} INFO - 24/10/13 15:30:09 INFO Utils: Successfully started service 'sparkDriver' on port 46471.
[2024-10-13T15:30:09.606+0000] {spark_submit.py:649} INFO - 24/10/13 15:30:09 INFO SparkEnv: Registering MapOutputTracker
[2024-10-13T15:30:09.624+0000] {spark_submit.py:649} INFO - 24/10/13 15:30:09 INFO SparkEnv: Registering BlockManagerMaster
[2024-10-13T15:30:09.630+0000] {spark_submit.py:649} INFO - 24/10/13 15:30:09 INFO BlockManagerMasterEndpoint: Using org.apache.spark.storage.DefaultTopologyMapper for getting topology information
[2024-10-13T15:30:09.630+0000] {spark_submit.py:649} INFO - 24/10/13 15:30:09 INFO BlockManagerMasterEndpoint: BlockManagerMasterEndpoint up
[2024-10-13T15:30:09.631+0000] {spark_submit.py:649} INFO - 24/10/13 15:30:09 INFO SparkEnv: Registering BlockManagerMasterHeartbeat
[2024-10-13T15:30:09.639+0000] {spark_submit.py:649} INFO - 24/10/13 15:30:09 INFO DiskBlockManager: Created local directory at /tmp/blockmgr-37fee599-324b-4743-8b10-1c5ab2e2b6fa
[2024-10-13T15:30:09.644+0000] {spark_submit.py:649} INFO - 24/10/13 15:30:09 INFO MemoryStore: MemoryStore started with capacity 1048.8 MiB
[2024-10-13T15:30:09.650+0000] {spark_submit.py:649} INFO - 24/10/13 15:30:09 INFO SparkEnv: Registering OutputCommitCoordinator
[2024-10-13T15:30:09.707+0000] {spark_submit.py:649} INFO - 24/10/13 15:30:09 INFO JettyUtils: Start Jetty 0.0.0.0:4040 for SparkUI
[2024-10-13T15:30:09.737+0000] {spark_submit.py:649} INFO - 24/10/13 15:30:09 INFO Utils: Successfully started service 'SparkUI' on port 4040.
[2024-10-13T15:30:09.751+0000] {spark_submit.py:649} INFO - 24/10/13 15:30:09 INFO SparkContext: Added JAR file:///home/airflow/.ivy2/jars/org.apache.sedona_sedona-python-adapter-3.0_2.12-1.2.0-incubating.jar at spark://yellow-cab-airflow-scheduler:46471/jars/org.apache.sedona_sedona-python-adapter-3.0_2.12-1.2.0-incubating.jar with timestamp 1728833409449
[2024-10-13T15:30:09.752+0000] {spark_submit.py:649} INFO - 24/10/13 15:30:09 INFO SparkContext: Added JAR file:///home/airflow/.ivy2/jars/org.datasyslab_geotools-wrapper-geotools-24.0.jar at spark://yellow-cab-airflow-scheduler:46471/jars/org.datasyslab_geotools-wrapper-geotools-24.0.jar with timestamp 1728833409449
[2024-10-13T15:30:09.752+0000] {spark_submit.py:649} INFO - 24/10/13 15:30:09 INFO SparkContext: Added JAR file:///home/airflow/.ivy2/jars/org.locationtech.jts_jts-core-1.18.0.jar at spark://yellow-cab-airflow-scheduler:46471/jars/org.locationtech.jts_jts-core-1.18.0.jar with timestamp 1728833409449
[2024-10-13T15:30:09.752+0000] {spark_submit.py:649} INFO - 24/10/13 15:30:09 INFO SparkContext: Added JAR file:///home/airflow/.ivy2/jars/org.wololo_jts2geojson-0.16.1.jar at spark://yellow-cab-airflow-scheduler:46471/jars/org.wololo_jts2geojson-0.16.1.jar with timestamp 1728833409449
[2024-10-13T15:30:09.752+0000] {spark_submit.py:649} INFO - 24/10/13 15:30:09 INFO SparkContext: Added JAR file:///home/airflow/.ivy2/jars/org.apache.sedona_sedona-core-3.0_2.12-1.2.0-incubating.jar at spark://yellow-cab-airflow-scheduler:46471/jars/org.apache.sedona_sedona-core-3.0_2.12-1.2.0-incubating.jar with timestamp 1728833409449
[2024-10-13T15:30:09.752+0000] {spark_submit.py:649} INFO - 24/10/13 15:30:09 INFO SparkContext: Added JAR file:///home/airflow/.ivy2/jars/org.apache.sedona_sedona-sql-3.0_2.12-1.2.0-incubating.jar at spark://yellow-cab-airflow-scheduler:46471/jars/org.apache.sedona_sedona-sql-3.0_2.12-1.2.0-incubating.jar with timestamp 1728833409449
[2024-10-13T15:30:09.752+0000] {spark_submit.py:649} INFO - 24/10/13 15:30:09 INFO SparkContext: Added JAR file:///home/airflow/.ivy2/jars/org.scala-lang.modules_scala-collection-compat_2.12-2.5.0.jar at spark://yellow-cab-airflow-scheduler:46471/jars/org.scala-lang.modules_scala-collection-compat_2.12-2.5.0.jar with timestamp 1728833409449
[2024-10-13T15:30:09.754+0000] {spark_submit.py:649} INFO - 24/10/13 15:30:09 INFO SparkContext: Added file file:///home/airflow/.ivy2/jars/org.apache.sedona_sedona-python-adapter-3.0_2.12-1.2.0-incubating.jar at spark://yellow-cab-airflow-scheduler:46471/files/org.apache.sedona_sedona-python-adapter-3.0_2.12-1.2.0-incubating.jar with timestamp 1728833409449
[2024-10-13T15:30:09.754+0000] {spark_submit.py:649} INFO - 24/10/13 15:30:09 INFO Utils: Copying /home/airflow/.ivy2/jars/org.apache.sedona_sedona-python-adapter-3.0_2.12-1.2.0-incubating.jar to /tmp/spark-376fddd1-e29e-48ef-bf31-b03e8b15d26d/userFiles-a3729fe6-8ed2-483b-a73a-60202ba85170/org.apache.sedona_sedona-python-adapter-3.0_2.12-1.2.0-incubating.jar
[2024-10-13T15:30:09.787+0000] {spark_submit.py:649} INFO - 24/10/13 15:30:09 INFO SparkContext: Added file file:///home/airflow/.ivy2/jars/org.datasyslab_geotools-wrapper-geotools-24.0.jar at spark://yellow-cab-airflow-scheduler:46471/files/org.datasyslab_geotools-wrapper-geotools-24.0.jar with timestamp 1728833409449
[2024-10-13T15:30:09.787+0000] {spark_submit.py:649} INFO - 24/10/13 15:30:09 INFO Utils: Copying /home/airflow/.ivy2/jars/org.datasyslab_geotools-wrapper-geotools-24.0.jar to /tmp/spark-376fddd1-e29e-48ef-bf31-b03e8b15d26d/userFiles-a3729fe6-8ed2-483b-a73a-60202ba85170/org.datasyslab_geotools-wrapper-geotools-24.0.jar
[2024-10-13T15:30:09.862+0000] {spark_submit.py:649} INFO - 24/10/13 15:30:09 INFO SparkContext: Added file file:///home/airflow/.ivy2/jars/org.locationtech.jts_jts-core-1.18.0.jar at spark://yellow-cab-airflow-scheduler:46471/files/org.locationtech.jts_jts-core-1.18.0.jar with timestamp 1728833409449
[2024-10-13T15:30:09.862+0000] {spark_submit.py:649} INFO - 24/10/13 15:30:09 INFO Utils: Copying /home/airflow/.ivy2/jars/org.locationtech.jts_jts-core-1.18.0.jar to /tmp/spark-376fddd1-e29e-48ef-bf31-b03e8b15d26d/userFiles-a3729fe6-8ed2-483b-a73a-60202ba85170/org.locationtech.jts_jts-core-1.18.0.jar
[2024-10-13T15:30:09.888+0000] {spark_submit.py:649} INFO - 24/10/13 15:30:09 INFO SparkContext: Added file file:///home/airflow/.ivy2/jars/org.wololo_jts2geojson-0.16.1.jar at spark://yellow-cab-airflow-scheduler:46471/files/org.wololo_jts2geojson-0.16.1.jar with timestamp 1728833409449
[2024-10-13T15:30:09.888+0000] {spark_submit.py:649} INFO - 24/10/13 15:30:09 INFO Utils: Copying /home/airflow/.ivy2/jars/org.wololo_jts2geojson-0.16.1.jar to /tmp/spark-376fddd1-e29e-48ef-bf31-b03e8b15d26d/userFiles-a3729fe6-8ed2-483b-a73a-60202ba85170/org.wololo_jts2geojson-0.16.1.jar
[2024-10-13T15:30:09.910+0000] {spark_submit.py:649} INFO - 24/10/13 15:30:09 INFO SparkContext: Added file file:///home/airflow/.ivy2/jars/org.apache.sedona_sedona-core-3.0_2.12-1.2.0-incubating.jar at spark://yellow-cab-airflow-scheduler:46471/files/org.apache.sedona_sedona-core-3.0_2.12-1.2.0-incubating.jar with timestamp 1728833409449
[2024-10-13T15:30:09.910+0000] {spark_submit.py:649} INFO - 24/10/13 15:30:09 INFO Utils: Copying /home/airflow/.ivy2/jars/org.apache.sedona_sedona-core-3.0_2.12-1.2.0-incubating.jar to /tmp/spark-376fddd1-e29e-48ef-bf31-b03e8b15d26d/userFiles-a3729fe6-8ed2-483b-a73a-60202ba85170/org.apache.sedona_sedona-core-3.0_2.12-1.2.0-incubating.jar
[2024-10-13T15:30:09.932+0000] {spark_submit.py:649} INFO - 24/10/13 15:30:09 INFO SparkContext: Added file file:///home/airflow/.ivy2/jars/org.apache.sedona_sedona-sql-3.0_2.12-1.2.0-incubating.jar at spark://yellow-cab-airflow-scheduler:46471/files/org.apache.sedona_sedona-sql-3.0_2.12-1.2.0-incubating.jar with timestamp 1728833409449
[2024-10-13T15:30:09.933+0000] {spark_submit.py:649} INFO - 24/10/13 15:30:09 INFO Utils: Copying /home/airflow/.ivy2/jars/org.apache.sedona_sedona-sql-3.0_2.12-1.2.0-incubating.jar to /tmp/spark-376fddd1-e29e-48ef-bf31-b03e8b15d26d/userFiles-a3729fe6-8ed2-483b-a73a-60202ba85170/org.apache.sedona_sedona-sql-3.0_2.12-1.2.0-incubating.jar
[2024-10-13T15:30:09.957+0000] {spark_submit.py:649} INFO - 24/10/13 15:30:09 INFO SparkContext: Added file file:///home/airflow/.ivy2/jars/org.scala-lang.modules_scala-collection-compat_2.12-2.5.0.jar at spark://yellow-cab-airflow-scheduler:46471/files/org.scala-lang.modules_scala-collection-compat_2.12-2.5.0.jar with timestamp 1728833409449
[2024-10-13T15:30:09.957+0000] {spark_submit.py:649} INFO - 24/10/13 15:30:09 INFO Utils: Copying /home/airflow/.ivy2/jars/org.scala-lang.modules_scala-collection-compat_2.12-2.5.0.jar to /tmp/spark-376fddd1-e29e-48ef-bf31-b03e8b15d26d/userFiles-a3729fe6-8ed2-483b-a73a-60202ba85170/org.scala-lang.modules_scala-collection-compat_2.12-2.5.0.jar
[2024-10-13T15:30:10.021+0000] {spark_submit.py:649} INFO - 24/10/13 15:30:10 INFO StandaloneAppClient$ClientEndpoint: Connecting to master spark://spark-master:7077...
[2024-10-13T15:30:10.038+0000] {spark_submit.py:649} INFO - 24/10/13 15:30:10 INFO TransportClientFactory: Successfully created connection to spark-master/172.24.0.2:7077 after 10 ms (0 ms spent in bootstraps)
[2024-10-13T15:30:10.082+0000] {spark_submit.py:649} INFO - 24/10/13 15:30:10 INFO StandaloneSchedulerBackend: Connected to Spark cluster with app ID app-20241013153010-0019
[2024-10-13T15:30:10.083+0000] {spark_submit.py:649} INFO - 24/10/13 15:30:10 INFO StandaloneAppClient$ClientEndpoint: Executor added: app-20241013153010-0019/0 on worker-20241011213037-172.24.0.3-36185 (172.24.0.3:36185) with 4 core(s)
[2024-10-13T15:30:10.084+0000] {spark_submit.py:649} INFO - 24/10/13 15:30:10 INFO StandaloneSchedulerBackend: Granted executor ID app-20241013153010-0019/0 on hostPort 172.24.0.3:36185 with 4 core(s), 8.0 GiB RAM
[2024-10-13T15:30:10.087+0000] {spark_submit.py:649} INFO - 24/10/13 15:30:10 INFO Utils: Successfully started service 'org.apache.spark.network.netty.NettyBlockTransferService' on port 35421.
[2024-10-13T15:30:10.087+0000] {spark_submit.py:649} INFO - 24/10/13 15:30:10 INFO NettyBlockTransferService: Server created on yellow-cab-airflow-scheduler:35421
[2024-10-13T15:30:10.088+0000] {spark_submit.py:649} INFO - 24/10/13 15:30:10 INFO BlockManager: Using org.apache.spark.storage.RandomBlockReplicationPolicy for block replication policy
[2024-10-13T15:30:10.091+0000] {spark_submit.py:649} INFO - 24/10/13 15:30:10 INFO BlockManagerMaster: Registering BlockManager BlockManagerId(driver, yellow-cab-airflow-scheduler, 35421, None)
[2024-10-13T15:30:10.093+0000] {spark_submit.py:649} INFO - 24/10/13 15:30:10 INFO BlockManagerMasterEndpoint: Registering block manager yellow-cab-airflow-scheduler:35421 with 1048.8 MiB RAM, BlockManagerId(driver, yellow-cab-airflow-scheduler, 35421, None)
[2024-10-13T15:30:10.095+0000] {spark_submit.py:649} INFO - 24/10/13 15:30:10 INFO BlockManagerMaster: Registered BlockManager BlockManagerId(driver, yellow-cab-airflow-scheduler, 35421, None)
[2024-10-13T15:30:10.096+0000] {spark_submit.py:649} INFO - 24/10/13 15:30:10 INFO BlockManager: Initialized BlockManager: BlockManagerId(driver, yellow-cab-airflow-scheduler, 35421, None)
[2024-10-13T15:30:10.169+0000] {spark_submit.py:649} INFO - 24/10/13 15:30:10 INFO StandaloneAppClient$ClientEndpoint: Executor updated: app-20241013153010-0019/0 is now RUNNING
[2024-10-13T15:30:10.219+0000] {spark_submit.py:649} INFO - 24/10/13 15:30:10 INFO StandaloneSchedulerBackend: SchedulerBackend is ready for scheduling beginning after reached minRegisteredResourcesRatio: 0.0
[2024-10-13T15:30:10.319+0000] {spark_submit.py:649} INFO - /spark-scripts/taxi_etl.py:28: DeprecationWarning: Call to deprecated function registerAll (Deprecated since 1.4.1, use SedonaContext.create() instead.).
[2024-10-13T15:30:10.320+0000] {spark_submit.py:649} INFO - SedonaRegistrator.registerAll(spark)
[2024-10-13T15:30:10.325+0000] {spark_submit.py:649} INFO - 24/10/13 15:30:10 INFO SharedState: Setting hive.metastore.warehouse.dir ('null') to the value of spark.sql.warehouse.dir.
[2024-10-13T15:30:10.327+0000] {spark_submit.py:649} INFO - 24/10/13 15:30:10 INFO SharedState: Warehouse path is 'file:/opt/airflow/spark-warehouse'.
[2024-10-13T15:30:11.516+0000] {spark_submit.py:649} INFO - 24/10/13 15:30:11 INFO StandaloneSchedulerBackend$StandaloneDriverEndpoint: Registered executor NettyRpcEndpointRef(spark-client://Executor) (172.24.0.3:34844) with ID 0,  ResourceProfileId 0
[2024-10-13T15:30:11.550+0000] {spark_submit.py:649} INFO - 24/10/13 15:30:11 INFO BlockManagerMasterEndpoint: Registering block manager 172.24.0.3:36071 with 4.6 GiB RAM, BlockManagerId(0, 172.24.0.3, 36071, None)
[2024-10-13T15:30:11.604+0000] {spark_submit.py:649} INFO - 24/10/13 15:30:11 INFO CodeGenerator: Code generated in 89.649833 ms
[2024-10-13T15:30:11.645+0000] {spark_submit.py:649} INFO - 24/10/13 15:30:11 INFO DAGScheduler: Registering RDD 2 (count at NativeMethodAccessorImpl.java:0) as input to shuffle 0
[2024-10-13T15:30:11.651+0000] {spark_submit.py:649} INFO - 24/10/13 15:30:11 INFO DAGScheduler: Got map stage job 0 (count at NativeMethodAccessorImpl.java:0) with 1 output partitions
[2024-10-13T15:30:11.651+0000] {spark_submit.py:649} INFO - 24/10/13 15:30:11 INFO DAGScheduler: Final stage: ShuffleMapStage 0 (count at NativeMethodAccessorImpl.java:0)
[2024-10-13T15:30:11.651+0000] {spark_submit.py:649} INFO - 24/10/13 15:30:11 INFO DAGScheduler: Parents of final stage: List()
[2024-10-13T15:30:11.652+0000] {spark_submit.py:649} INFO - 24/10/13 15:30:11 INFO DAGScheduler: Missing parents: List()
[2024-10-13T15:30:11.654+0000] {spark_submit.py:649} INFO - 24/10/13 15:30:11 INFO DAGScheduler: Submitting ShuffleMapStage 0 (MapPartitionsRDD[2] at count at NativeMethodAccessorImpl.java:0), which has no missing parents
[2024-10-13T15:30:11.709+0000] {spark_submit.py:649} INFO - 24/10/13 15:30:11 INFO MemoryStore: Block broadcast_0 stored as values in memory (estimated size 11.0 KiB, free 1048.8 MiB)
[2024-10-13T15:30:11.735+0000] {spark_submit.py:649} INFO - 24/10/13 15:30:11 INFO MemoryStore: Block broadcast_0_piece0 stored as bytes in memory (estimated size 5.7 KiB, free 1048.8 MiB)
[2024-10-13T15:30:11.737+0000] {spark_submit.py:649} INFO - 24/10/13 15:30:11 INFO BlockManagerInfo: Added broadcast_0_piece0 in memory on yellow-cab-airflow-scheduler:35421 (size: 5.7 KiB, free: 1048.8 MiB)
[2024-10-13T15:30:11.738+0000] {spark_submit.py:649} INFO - 24/10/13 15:30:11 INFO SparkContext: Created broadcast 0 from broadcast at DAGScheduler.scala:1585
[2024-10-13T15:30:11.747+0000] {spark_submit.py:649} INFO - 24/10/13 15:30:11 INFO DAGScheduler: Submitting 1 missing tasks from ShuffleMapStage 0 (MapPartitionsRDD[2] at count at NativeMethodAccessorImpl.java:0) (first 15 tasks are for partitions Vector(0))
[2024-10-13T15:30:11.747+0000] {spark_submit.py:649} INFO - 24/10/13 15:30:11 INFO TaskSchedulerImpl: Adding task set 0.0 with 1 tasks resource profile 0
[2024-10-13T15:30:12.602+0000] {spark_submit.py:649} INFO - 24/10/13 15:30:12 INFO TaskSetManager: Starting task 0.0 in stage 0.0 (TID 0) (172.24.0.3, executor 0, partition 0, PROCESS_LOCAL, 9588 bytes)
[2024-10-13T15:30:12.731+0000] {spark_submit.py:649} INFO - 24/10/13 15:30:12 INFO BlockManagerInfo: Added broadcast_0_piece0 in memory on 172.24.0.3:36071 (size: 5.7 KiB, free: 4.6 GiB)
[2024-10-13T15:30:13.061+0000] {spark_submit.py:649} INFO - 24/10/13 15:30:13 INFO TaskSetManager: Finished task 0.0 in stage 0.0 (TID 0) in 475 ms on 172.24.0.3 (executor 0) (1/1)
[2024-10-13T15:30:13.062+0000] {spark_submit.py:649} INFO - 24/10/13 15:30:13 INFO TaskSchedulerImpl: Removed TaskSet 0.0, whose tasks have all completed, from pool
[2024-10-13T15:30:13.066+0000] {spark_submit.py:649} INFO - 24/10/13 15:30:13 INFO DAGScheduler: ShuffleMapStage 0 (count at NativeMethodAccessorImpl.java:0) finished in 1.406 s
[2024-10-13T15:30:13.067+0000] {spark_submit.py:649} INFO - 24/10/13 15:30:13 INFO DAGScheduler: looking for newly runnable stages
[2024-10-13T15:30:13.067+0000] {spark_submit.py:649} INFO - 24/10/13 15:30:13 INFO DAGScheduler: running: Set()
[2024-10-13T15:30:13.067+0000] {spark_submit.py:649} INFO - 24/10/13 15:30:13 INFO DAGScheduler: waiting: Set()
[2024-10-13T15:30:13.067+0000] {spark_submit.py:649} INFO - 24/10/13 15:30:13 INFO DAGScheduler: failed: Set()
[2024-10-13T15:30:13.093+0000] {spark_submit.py:649} INFO - 24/10/13 15:30:13 INFO CodeGenerator: Code generated in 8.295958 ms
[2024-10-13T15:30:13.121+0000] {spark_submit.py:649} INFO - 24/10/13 15:30:13 INFO SparkContext: Starting job: count at NativeMethodAccessorImpl.java:0
[2024-10-13T15:30:13.123+0000] {spark_submit.py:649} INFO - 24/10/13 15:30:13 INFO DAGScheduler: Got job 1 (count at NativeMethodAccessorImpl.java:0) with 1 output partitions
[2024-10-13T15:30:13.123+0000] {spark_submit.py:649} INFO - 24/10/13 15:30:13 INFO DAGScheduler: Final stage: ResultStage 2 (count at NativeMethodAccessorImpl.java:0)
[2024-10-13T15:30:13.123+0000] {spark_submit.py:649} INFO - 24/10/13 15:30:13 INFO DAGScheduler: Parents of final stage: List(ShuffleMapStage 1)
[2024-10-13T15:30:13.123+0000] {spark_submit.py:649} INFO - 24/10/13 15:30:13 INFO DAGScheduler: Missing parents: List()
[2024-10-13T15:30:13.124+0000] {spark_submit.py:649} INFO - 24/10/13 15:30:13 INFO DAGScheduler: Submitting ResultStage 2 (MapPartitionsRDD[5] at count at NativeMethodAccessorImpl.java:0), which has no missing parents
[2024-10-13T15:30:13.129+0000] {spark_submit.py:649} INFO - 24/10/13 15:30:13 INFO MemoryStore: Block broadcast_1 stored as values in memory (estimated size 12.5 KiB, free 1048.8 MiB)
[2024-10-13T15:30:13.131+0000] {spark_submit.py:649} INFO - 24/10/13 15:30:13 INFO MemoryStore: Block broadcast_1_piece0 stored as bytes in memory (estimated size 5.9 KiB, free 1048.8 MiB)
[2024-10-13T15:30:13.131+0000] {spark_submit.py:649} INFO - 24/10/13 15:30:13 INFO BlockManagerInfo: Added broadcast_1_piece0 in memory on yellow-cab-airflow-scheduler:35421 (size: 5.9 KiB, free: 1048.8 MiB)
[2024-10-13T15:30:13.132+0000] {spark_submit.py:649} INFO - 24/10/13 15:30:13 INFO SparkContext: Created broadcast 1 from broadcast at DAGScheduler.scala:1585
[2024-10-13T15:30:13.133+0000] {spark_submit.py:649} INFO - 24/10/13 15:30:13 INFO DAGScheduler: Submitting 1 missing tasks from ResultStage 2 (MapPartitionsRDD[5] at count at NativeMethodAccessorImpl.java:0) (first 15 tasks are for partitions Vector(0))
[2024-10-13T15:30:13.133+0000] {spark_submit.py:649} INFO - 24/10/13 15:30:13 INFO TaskSchedulerImpl: Adding task set 2.0 with 1 tasks resource profile 0
[2024-10-13T15:30:13.135+0000] {spark_submit.py:649} INFO - 24/10/13 15:30:13 INFO TaskSetManager: Starting task 0.0 in stage 2.0 (TID 1) (172.24.0.3, executor 0, partition 0, NODE_LOCAL, 9391 bytes)
[2024-10-13T15:30:13.149+0000] {spark_submit.py:649} INFO - 24/10/13 15:30:13 INFO BlockManagerInfo: Added broadcast_1_piece0 in memory on 172.24.0.3:36071 (size: 5.9 KiB, free: 4.6 GiB)
[2024-10-13T15:30:13.191+0000] {spark_submit.py:649} INFO - 24/10/13 15:30:13 INFO MapOutputTrackerMasterEndpoint: Asked to send map output locations for shuffle 0 to 172.24.0.3:34844
[2024-10-13T15:30:13.330+0000] {spark_submit.py:649} INFO - 24/10/13 15:30:13 INFO TaskSetManager: Finished task 0.0 in stage 2.0 (TID 1) in 194 ms on 172.24.0.3 (executor 0) (1/1)
[2024-10-13T15:30:13.333+0000] {spark_submit.py:649} INFO - 24/10/13 15:30:13 INFO TaskSchedulerImpl: Removed TaskSet 2.0, whose tasks have all completed, from pool
[2024-10-13T15:30:13.334+0000] {spark_submit.py:649} INFO - 24/10/13 15:30:13 INFO DAGScheduler: ResultStage 2 (count at NativeMethodAccessorImpl.java:0) finished in 0.203 s
[2024-10-13T15:30:13.336+0000] {spark_submit.py:649} INFO - 24/10/13 15:30:13 INFO DAGScheduler: Job 1 is finished. Cancelling potential speculative or zombie tasks for this job
[2024-10-13T15:30:13.342+0000] {spark_submit.py:649} INFO - 24/10/13 15:30:13 INFO TaskSchedulerImpl: Killing all running tasks in stage 2: Stage finished
[2024-10-13T15:30:13.343+0000] {spark_submit.py:649} INFO - 24/10/13 15:30:13 INFO DAGScheduler: Job 1 finished: count at NativeMethodAccessorImpl.java:0, took 0.221940 s
[2024-10-13T15:30:13.476+0000] {spark_submit.py:649} INFO - 24/10/13 15:30:13 INFO BlockManagerInfo: Removed broadcast_1_piece0 on yellow-cab-airflow-scheduler:35421 in memory (size: 5.9 KiB, free: 1048.8 MiB)
[2024-10-13T15:30:13.476+0000] {spark_submit.py:649} INFO - 24/10/13 15:30:13 INFO BlockManagerInfo: Removed broadcast_1_piece0 on 172.24.0.3:36071 in memory (size: 5.9 KiB, free: 4.6 GiB)
[2024-10-13T15:30:13.484+0000] {spark_submit.py:649} INFO - 24/10/13 15:30:13 INFO BlockManagerInfo: Removed broadcast_0_piece0 on yellow-cab-airflow-scheduler:35421 in memory (size: 5.7 KiB, free: 1048.8 MiB)
[2024-10-13T15:30:13.487+0000] {spark_submit.py:649} INFO - 24/10/13 15:30:13 INFO BlockManagerInfo: Removed broadcast_0_piece0 on 172.24.0.3:36071 in memory (size: 5.7 KiB, free: 4.6 GiB)
[2024-10-13T15:30:14.010+0000] {spark_submit.py:649} INFO - 24/10/13 15:30:14 INFO InMemoryFileIndex: It took 9 ms to list leaf files for 1 paths.
[2024-10-13T15:30:14.311+0000] {spark_submit.py:649} INFO - Traceback (most recent call last):
[2024-10-13T15:30:14.311+0000] {spark_submit.py:649} INFO - File "/spark-scripts/taxi_etl.py", line 150, in <module>
[2024-10-13T15:30:14.311+0000] {spark_submit.py:649} INFO - main()
[2024-10-13T15:30:14.312+0000] {spark_submit.py:649} INFO - File "/spark-scripts/taxi_etl.py", line 95, in main
[2024-10-13T15:30:14.312+0000] {spark_submit.py:649} INFO - fact_trip = df.withColumn(
[2024-10-13T15:30:14.312+0000] {spark_submit.py:649} INFO - File "/home/airflow/.local/lib/python3.9/site-packages/pyspark/python/lib/pyspark.zip/pyspark/sql/dataframe.py", line 5174, in withColumn
[2024-10-13T15:30:14.312+0000] {spark_submit.py:649} INFO - File "/home/airflow/.local/lib/python3.9/site-packages/pyspark/python/lib/py4j-0.10.9.7-src.zip/py4j/java_gateway.py", line 1322, in __call__
[2024-10-13T15:30:14.312+0000] {spark_submit.py:649} INFO - File "/home/airflow/.local/lib/python3.9/site-packages/pyspark/python/lib/pyspark.zip/pyspark/errors/exceptions/captured.py", line 185, in deco
[2024-10-13T15:30:14.316+0000] {spark_submit.py:649} INFO - pyspark.errors.exceptions.captured.AnalysisException: [UNRESOLVED_COLUMN.WITH_SUGGESTION] A column or function parameter with name `Pickup_Point` cannot be resolved. Did you mean one of the following? [`tip_amount`, `fare_amount`, `pickup_latitude`, `pickup_longitude`, `tolls_amount`].; line 1 pos 12;
[2024-10-13T15:30:14.316+0000] {spark_submit.py:649} INFO - 'Project [VendorID#14, tpep_pickup_datetime#15, tpep_dropoff_datetime#16, passenger_count#17, trip_distance#18, pickup_longitude#19, pickup_latitude#20, RatecodeID#21, store_and_fwd_flag#22, dropoff_longitude#23, dropoff_latitude#24, payment_type#25, fare_amount#26, extra#27, mta_tax#28, tip_amount#29, tolls_amount#30, improvement_surcharge#31, total_amount#32, Trip_Duration#118, 'ST_Distance('Pickup_Point, 'Dropoff_Point) AS Trip_Distance_Calculated#139]
[2024-10-13T15:30:14.316+0000] {spark_submit.py:649} INFO - +- Project [VendorID#14, tpep_pickup_datetime#15, tpep_dropoff_datetime#16, passenger_count#17, trip_distance#18, pickup_longitude#19, pickup_latitude#20, RatecodeID#21, store_and_fwd_flag#22, dropoff_longitude#23, dropoff_latitude#24, payment_type#25, fare_amount#26, extra#27, mta_tax#28, tip_amount#29, tolls_amount#30, improvement_surcharge#31, total_amount#32, (cast((unix_timestamp(tpep_dropoff_datetime#16, yyyy-MM-dd HH:mm:ss, Some(Etc/UTC), false) - unix_timestamp(tpep_pickup_datetime#15, yyyy-MM-dd HH:mm:ss, Some(Etc/UTC), false)) as double) / cast(60 as double)) AS Trip_Duration#118]
[2024-10-13T15:30:14.317+0000] {spark_submit.py:649} INFO - +- Filter atleastnnonnulls(4, tpep_pickup_datetime#15, tpep_dropoff_datetime#16, pickup_longitude#19, pickup_latitude#20)
[2024-10-13T15:30:14.317+0000] {spark_submit.py:649} INFO - +- Relation [VendorID#14,tpep_pickup_datetime#15,tpep_dropoff_datetime#16,passenger_count#17,trip_distance#18,pickup_longitude#19,pickup_latitude#20,RatecodeID#21,store_and_fwd_flag#22,dropoff_longitude#23,dropoff_latitude#24,payment_type#25,fare_amount#26,extra#27,mta_tax#28,tip_amount#29,tolls_amount#30,improvement_surcharge#31,total_amount#32] csv
[2024-10-13T15:30:14.318+0000] {spark_submit.py:649} INFO - 
[2024-10-13T15:30:14.488+0000] {spark_submit.py:649} INFO - 24/10/13 15:30:14 INFO SparkContext: Invoking stop() from shutdown hook
[2024-10-13T15:30:14.488+0000] {spark_submit.py:649} INFO - 24/10/13 15:30:14 INFO SparkContext: SparkContext is stopping with exitCode 0.
[2024-10-13T15:30:14.496+0000] {spark_submit.py:649} INFO - 24/10/13 15:30:14 INFO SparkUI: Stopped Spark web UI at http://yellow-cab-airflow-scheduler:4040
[2024-10-13T15:30:14.498+0000] {spark_submit.py:649} INFO - 24/10/13 15:30:14 INFO StandaloneSchedulerBackend: Shutting down all executors
[2024-10-13T15:30:14.498+0000] {spark_submit.py:649} INFO - 24/10/13 15:30:14 INFO StandaloneSchedulerBackend$StandaloneDriverEndpoint: Asking each executor to shut down
[2024-10-13T15:30:14.510+0000] {spark_submit.py:649} INFO - 24/10/13 15:30:14 INFO MapOutputTrackerMasterEndpoint: MapOutputTrackerMasterEndpoint stopped!
[2024-10-13T15:30:14.557+0000] {spark_submit.py:649} INFO - 24/10/13 15:30:14 INFO MemoryStore: MemoryStore cleared
[2024-10-13T15:30:14.557+0000] {spark_submit.py:649} INFO - 24/10/13 15:30:14 INFO BlockManager: BlockManager stopped
[2024-10-13T15:30:14.560+0000] {spark_submit.py:649} INFO - 24/10/13 15:30:14 INFO BlockManagerMaster: BlockManagerMaster stopped
[2024-10-13T15:30:14.561+0000] {spark_submit.py:649} INFO - 24/10/13 15:30:14 INFO OutputCommitCoordinator$OutputCommitCoordinatorEndpoint: OutputCommitCoordinator stopped!
[2024-10-13T15:30:14.573+0000] {spark_submit.py:649} INFO - 24/10/13 15:30:14 INFO SparkContext: Successfully stopped SparkContext
[2024-10-13T15:30:14.573+0000] {spark_submit.py:649} INFO - 24/10/13 15:30:14 INFO ShutdownHookManager: Shutdown hook called
[2024-10-13T15:30:14.574+0000] {spark_submit.py:649} INFO - 24/10/13 15:30:14 INFO ShutdownHookManager: Deleting directory /tmp/spark-376fddd1-e29e-48ef-bf31-b03e8b15d26d/pyspark-966b9bd3-0682-4c41-baf4-1932a44415e3
[2024-10-13T15:30:14.590+0000] {spark_submit.py:649} INFO - 24/10/13 15:30:14 INFO ShutdownHookManager: Deleting directory /tmp/spark-3411f9ce-9572-4c5d-8724-1c1e1a57ec41
[2024-10-13T15:30:14.608+0000] {spark_submit.py:649} INFO - 24/10/13 15:30:14 INFO ShutdownHookManager: Deleting directory /tmp/spark-376fddd1-e29e-48ef-bf31-b03e8b15d26d
[2024-10-13T15:30:14.647+0000] {taskinstance.py:441} INFO - ::group::Post task execution logs
[2024-10-13T15:30:14.664+0000] {taskinstance.py:2905} ERROR - Task failed with exception
Traceback (most recent call last):
  File "/home/airflow/.local/lib/python3.9/site-packages/airflow/models/taskinstance.py", line 465, in _execute_task
    result = _execute_callable(context=context, **execute_callable_kwargs)
  File "/home/airflow/.local/lib/python3.9/site-packages/airflow/models/taskinstance.py", line 432, in _execute_callable
    return execute_callable(context=context, **execute_callable_kwargs)
  File "/home/airflow/.local/lib/python3.9/site-packages/airflow/models/baseoperator.py", line 400, in wrapper
    return func(self, *args, **kwargs)
  File "/home/airflow/.local/lib/python3.9/site-packages/airflow/providers/apache/spark/operators/spark_submit.py", line 176, in execute
    self._hook.submit(self.application)
  File "/home/airflow/.local/lib/python3.9/site-packages/airflow/providers/apache/spark/hooks/spark_submit.py", line 575, in submit
    raise AirflowException(
airflow.exceptions.AirflowException: Cannot execute: spark-submit --master spark://spark-master:7077 --conf spark.jars.packages=org.apache.sedona:sedona-python-adapter-3.0_2.12:1.2.0-incubating,org.datasyslab:geotools-wrapper:geotools-24.0 --conf spark.jars.repositories=https://repo1.maven.org/maven2/ --conf spark.executor.memory=8g --conf spark.driver.maxResultSize=8g --conf spark.driver.memory=2g --name arrow-spark --deploy-mode client /spark-scripts/taxi_etl.py. Error code is: 1.
[2024-10-13T15:30:14.667+0000] {taskinstance.py:1206} INFO - Marking task as FAILED. dag_id=etl_yellow_cab, task_id=etl_task, run_id=manual__2024-10-13T15:26:29.490243+00:00, execution_date=20241013T152629, start_date=20241013T153006, end_date=20241013T153014
[2024-10-13T15:30:14.680+0000] {standard_task_runner.py:110} ERROR - Failed to execute job 77 for task etl_task (Cannot execute: spark-submit --master spark://spark-master:7077 --conf spark.jars.packages=org.apache.sedona:sedona-python-adapter-3.0_2.12:1.2.0-incubating,org.datasyslab:geotools-wrapper:geotools-24.0 --conf spark.jars.repositories=https://repo1.maven.org/maven2/ --conf spark.executor.memory=8g --conf spark.driver.maxResultSize=8g --conf spark.driver.memory=2g --name arrow-spark --deploy-mode client /spark-scripts/taxi_etl.py. Error code is: 1.; 30547)
[2024-10-13T15:30:14.705+0000] {local_task_job_runner.py:240} INFO - Task exited with return code 1
[2024-10-13T15:30:14.716+0000] {taskinstance.py:3498} INFO - 0 downstream tasks scheduled from follow-on schedule check
[2024-10-13T15:30:14.716+0000] {local_task_job_runner.py:222} INFO - ::endgroup::
