[2024-10-13T15:36:49.497+0000] {local_task_job_runner.py:120} INFO - ::group::Pre task execution logs
[2024-10-13T15:36:49.526+0000] {taskinstance.py:2076} INFO - Dependencies all met for dep_context=non-requeueable deps ti=<TaskInstance: etl_yellow_cab.etl_task manual__2024-10-13T15:26:29.490243+00:00 [queued]>
[2024-10-13T15:36:49.530+0000] {taskinstance.py:2076} INFO - Dependencies all met for dep_context=requeueable deps ti=<TaskInstance: etl_yellow_cab.etl_task manual__2024-10-13T15:26:29.490243+00:00 [queued]>
[2024-10-13T15:36:49.531+0000] {taskinstance.py:2306} INFO - Starting attempt 5 of 5
[2024-10-13T15:36:49.536+0000] {taskinstance.py:2330} INFO - Executing <Task(SparkSubmitOperator): etl_task> on 2024-10-13 15:26:29.490243+00:00
[2024-10-13T15:36:49.541+0000] {standard_task_runner.py:63} INFO - Started process 31293 to run task
[2024-10-13T15:36:49.545+0000] {standard_task_runner.py:90} INFO - Running: ['airflow', 'tasks', 'run', 'etl_yellow_cab', 'etl_task', 'manual__2024-10-13T15:26:29.490243+00:00', '--job-id', '80', '--raw', '--subdir', 'DAGS_FOLDER/yellow-cab-batch.py', '--cfg-path', '/tmp/tmpkx0449wd']
[2024-10-13T15:36:49.555+0000] {standard_task_runner.py:91} INFO - Job 80: Subtask etl_task
[2024-10-13T15:36:49.576+0000] {logging_mixin.py:188} WARNING - /home/airflow/.local/lib/python3.9/site-packages/airflow/settings.py:195 DeprecationWarning: The sql_alchemy_conn option in [core] has been moved to the sql_alchemy_conn option in [database] - the old setting has been used, but please update your config.
[2024-10-13T15:36:49.602+0000] {task_command.py:426} INFO - Running <TaskInstance: etl_yellow_cab.etl_task manual__2024-10-13T15:26:29.490243+00:00 [running]> on host yellow-cab-airflow-scheduler
[2024-10-13T15:36:49.659+0000] {taskinstance.py:2648} INFO - Exporting env vars: AIRFLOW_CTX_DAG_OWNER='hafidz' AIRFLOW_CTX_DAG_ID='etl_yellow_cab' AIRFLOW_CTX_TASK_ID='etl_task' AIRFLOW_CTX_EXECUTION_DATE='2024-10-13T15:26:29.490243+00:00' AIRFLOW_CTX_TRY_NUMBER='5' AIRFLOW_CTX_DAG_RUN_ID='manual__2024-10-13T15:26:29.490243+00:00'
[2024-10-13T15:36:49.660+0000] {taskinstance.py:430} INFO - ::endgroup::
[2024-10-13T15:36:49.684+0000] {base.py:84} INFO - Using connection ID 'spark_main' for task execution.
[2024-10-13T15:36:49.685+0000] {spark_submit.py:473} INFO - Spark-Submit cmd: spark-submit --master spark://spark-master:7077 --conf spark.jars.packages=org.apache.sedona:sedona-python-adapter-3.0_2.12:1.2.0-incubating,org.datasyslab:geotools-wrapper:geotools-24.0 --conf spark.jars.repositories=https://repo1.maven.org/maven2/ --conf spark.executor.memory=8g --conf spark.driver.maxResultSize=8g --conf spark.driver.memory=2g --name arrow-spark --deploy-mode client /spark-scripts/taxi_etl.py
[2024-10-13T15:36:50.654+0000] {spark_submit.py:649} INFO - https://repo1.maven.org/maven2/ added as a remote repository with the name: repo-1
[2024-10-13T15:36:50.668+0000] {spark_submit.py:649} INFO - :: loading settings :: url = jar:file:/home/airflow/.local/lib/python3.9/site-packages/pyspark/jars/ivy-2.5.1.jar!/org/apache/ivy/core/settings/ivysettings.xml
[2024-10-13T15:36:50.713+0000] {spark_submit.py:649} INFO - Ivy Default Cache set to: /home/airflow/.ivy2/cache
[2024-10-13T15:36:50.714+0000] {spark_submit.py:649} INFO - The jars for the packages stored in: /home/airflow/.ivy2/jars
[2024-10-13T15:36:50.717+0000] {spark_submit.py:649} INFO - org.apache.sedona#sedona-python-adapter-3.0_2.12 added as a dependency
[2024-10-13T15:36:50.717+0000] {spark_submit.py:649} INFO - org.datasyslab#geotools-wrapper added as a dependency
[2024-10-13T15:36:50.718+0000] {spark_submit.py:649} INFO - :: resolving dependencies :: org.apache.spark#spark-submit-parent-d1b8608a-2949-493a-a009-efc07f1d1a8a;1.0
[2024-10-13T15:36:50.718+0000] {spark_submit.py:649} INFO - confs: [default]
[2024-10-13T15:36:50.788+0000] {spark_submit.py:649} INFO - found org.apache.sedona#sedona-python-adapter-3.0_2.12;1.2.0-incubating in central
[2024-10-13T15:36:50.804+0000] {spark_submit.py:649} INFO - found org.locationtech.jts#jts-core;1.18.0 in central
[2024-10-13T15:36:50.816+0000] {spark_submit.py:649} INFO - found org.wololo#jts2geojson;0.16.1 in central
[2024-10-13T15:36:50.829+0000] {spark_submit.py:649} INFO - found org.apache.sedona#sedona-core-3.0_2.12;1.2.0-incubating in central
[2024-10-13T15:36:50.839+0000] {spark_submit.py:649} INFO - found org.scala-lang.modules#scala-collection-compat_2.12;2.5.0 in central
[2024-10-13T15:36:50.848+0000] {spark_submit.py:649} INFO - found org.apache.sedona#sedona-sql-3.0_2.12;1.2.0-incubating in central
[2024-10-13T15:36:50.858+0000] {spark_submit.py:649} INFO - found org.datasyslab#geotools-wrapper;geotools-24.0 in central
[2024-10-13T15:36:50.870+0000] {spark_submit.py:649} INFO - :: resolution report :: resolve 146ms :: artifacts dl 6ms
[2024-10-13T15:36:50.870+0000] {spark_submit.py:649} INFO - :: modules in use:
[2024-10-13T15:36:50.870+0000] {spark_submit.py:649} INFO - org.apache.sedona#sedona-core-3.0_2.12;1.2.0-incubating from central in [default]
[2024-10-13T15:36:50.871+0000] {spark_submit.py:649} INFO - org.apache.sedona#sedona-python-adapter-3.0_2.12;1.2.0-incubating from central in [default]
[2024-10-13T15:36:50.871+0000] {spark_submit.py:649} INFO - org.apache.sedona#sedona-sql-3.0_2.12;1.2.0-incubating from central in [default]
[2024-10-13T15:36:50.871+0000] {spark_submit.py:649} INFO - org.datasyslab#geotools-wrapper;geotools-24.0 from central in [default]
[2024-10-13T15:36:50.871+0000] {spark_submit.py:649} INFO - org.locationtech.jts#jts-core;1.18.0 from central in [default]
[2024-10-13T15:36:50.871+0000] {spark_submit.py:649} INFO - org.scala-lang.modules#scala-collection-compat_2.12;2.5.0 from central in [default]
[2024-10-13T15:36:50.871+0000] {spark_submit.py:649} INFO - org.wololo#jts2geojson;0.16.1 from central in [default]
[2024-10-13T15:36:50.871+0000] {spark_submit.py:649} INFO - ---------------------------------------------------------------------
[2024-10-13T15:36:50.871+0000] {spark_submit.py:649} INFO - |                  |            modules            ||   artifacts   |
[2024-10-13T15:36:50.872+0000] {spark_submit.py:649} INFO - |       conf       | number| search|dwnlded|evicted|| number|dwnlded|
[2024-10-13T15:36:50.872+0000] {spark_submit.py:649} INFO - ---------------------------------------------------------------------
[2024-10-13T15:36:50.872+0000] {spark_submit.py:649} INFO - |      default     |   7   |   0   |   0   |   0   ||   7   |   0   |
[2024-10-13T15:36:50.872+0000] {spark_submit.py:649} INFO - ---------------------------------------------------------------------
[2024-10-13T15:36:50.873+0000] {spark_submit.py:649} INFO - :: retrieving :: org.apache.spark#spark-submit-parent-d1b8608a-2949-493a-a009-efc07f1d1a8a
[2024-10-13T15:36:50.874+0000] {spark_submit.py:649} INFO - confs: [default]
[2024-10-13T15:36:50.879+0000] {spark_submit.py:649} INFO - 0 artifacts copied, 7 already retrieved (0kB/6ms)
[2024-10-13T15:36:50.997+0000] {spark_submit.py:649} INFO - 24/10/13 15:36:50 WARN NativeCodeLoader: Unable to load native-hadoop library for your platform... using builtin-java classes where applicable
[2024-10-13T15:36:52.460+0000] {spark_submit.py:649} INFO - 24/10/13 15:36:52 INFO SparkContext: Running Spark version 3.5.1
[2024-10-13T15:36:52.460+0000] {spark_submit.py:649} INFO - 24/10/13 15:36:52 INFO SparkContext: OS info Linux, 6.10.4-linuxkit, aarch64
[2024-10-13T15:36:52.460+0000] {spark_submit.py:649} INFO - 24/10/13 15:36:52 INFO SparkContext: Java version 17.0.12
[2024-10-13T15:36:52.469+0000] {spark_submit.py:649} INFO - 24/10/13 15:36:52 INFO ResourceUtils: ==============================================================
[2024-10-13T15:36:52.470+0000] {spark_submit.py:649} INFO - 24/10/13 15:36:52 INFO ResourceUtils: No custom resources configured for spark.driver.
[2024-10-13T15:36:52.470+0000] {spark_submit.py:649} INFO - 24/10/13 15:36:52 INFO ResourceUtils: ==============================================================
[2024-10-13T15:36:52.470+0000] {spark_submit.py:649} INFO - 24/10/13 15:36:52 INFO SparkContext: Submitted application: BigQueryETL
[2024-10-13T15:36:52.480+0000] {spark_submit.py:649} INFO - 24/10/13 15:36:52 INFO ResourceProfile: Default ResourceProfile created, executor resources: Map(memory -> name: memory, amount: 8192, script: , vendor: , offHeap -> name: offHeap, amount: 0, script: , vendor: ), task resources: Map(cpus -> name: cpus, amount: 1.0)
[2024-10-13T15:36:52.483+0000] {spark_submit.py:649} INFO - 24/10/13 15:36:52 INFO ResourceProfile: Limiting resource is cpu
[2024-10-13T15:36:52.483+0000] {spark_submit.py:649} INFO - 24/10/13 15:36:52 INFO ResourceProfileManager: Added ResourceProfile id: 0
[2024-10-13T15:36:52.519+0000] {spark_submit.py:649} INFO - 24/10/13 15:36:52 INFO SecurityManager: Changing view acls to: airflow
[2024-10-13T15:36:52.520+0000] {spark_submit.py:649} INFO - 24/10/13 15:36:52 INFO SecurityManager: Changing modify acls to: airflow
[2024-10-13T15:36:52.520+0000] {spark_submit.py:649} INFO - 24/10/13 15:36:52 INFO SecurityManager: Changing view acls groups to:
[2024-10-13T15:36:52.521+0000] {spark_submit.py:649} INFO - 24/10/13 15:36:52 INFO SecurityManager: Changing modify acls groups to:
[2024-10-13T15:36:52.521+0000] {spark_submit.py:649} INFO - 24/10/13 15:36:52 INFO SecurityManager: SecurityManager: authentication disabled; ui acls disabled; users with view permissions: airflow; groups with view permissions: EMPTY; users with modify permissions: airflow; groups with modify permissions: EMPTY
[2024-10-13T15:36:52.626+0000] {spark_submit.py:649} INFO - 24/10/13 15:36:52 INFO Utils: Successfully started service 'sparkDriver' on port 33959.
[2024-10-13T15:36:52.639+0000] {spark_submit.py:649} INFO - 24/10/13 15:36:52 INFO SparkEnv: Registering MapOutputTracker
[2024-10-13T15:36:52.661+0000] {spark_submit.py:649} INFO - 24/10/13 15:36:52 INFO SparkEnv: Registering BlockManagerMaster
[2024-10-13T15:36:52.668+0000] {spark_submit.py:649} INFO - 24/10/13 15:36:52 INFO BlockManagerMasterEndpoint: Using org.apache.spark.storage.DefaultTopologyMapper for getting topology information
[2024-10-13T15:36:52.668+0000] {spark_submit.py:649} INFO - 24/10/13 15:36:52 INFO BlockManagerMasterEndpoint: BlockManagerMasterEndpoint up
[2024-10-13T15:36:52.669+0000] {spark_submit.py:649} INFO - 24/10/13 15:36:52 INFO SparkEnv: Registering BlockManagerMasterHeartbeat
[2024-10-13T15:36:52.679+0000] {spark_submit.py:649} INFO - 24/10/13 15:36:52 INFO DiskBlockManager: Created local directory at /tmp/blockmgr-531ebe44-db93-4dd4-92c3-9b6135420b30
[2024-10-13T15:36:52.684+0000] {spark_submit.py:649} INFO - 24/10/13 15:36:52 INFO MemoryStore: MemoryStore started with capacity 1048.8 MiB
[2024-10-13T15:36:52.690+0000] {spark_submit.py:649} INFO - 24/10/13 15:36:52 INFO SparkEnv: Registering OutputCommitCoordinator
[2024-10-13T15:36:52.740+0000] {spark_submit.py:649} INFO - 24/10/13 15:36:52 INFO JettyUtils: Start Jetty 0.0.0.0:4040 for SparkUI
[2024-10-13T15:36:52.763+0000] {spark_submit.py:649} INFO - 24/10/13 15:36:52 INFO Utils: Successfully started service 'SparkUI' on port 4040.
[2024-10-13T15:36:52.778+0000] {spark_submit.py:649} INFO - 24/10/13 15:36:52 INFO SparkContext: Added JAR file:///home/airflow/.ivy2/jars/org.apache.sedona_sedona-python-adapter-3.0_2.12-1.2.0-incubating.jar at spark://yellow-cab-airflow-scheduler:33959/jars/org.apache.sedona_sedona-python-adapter-3.0_2.12-1.2.0-incubating.jar with timestamp 1728833812456
[2024-10-13T15:36:52.779+0000] {spark_submit.py:649} INFO - 24/10/13 15:36:52 INFO SparkContext: Added JAR file:///home/airflow/.ivy2/jars/org.datasyslab_geotools-wrapper-geotools-24.0.jar at spark://yellow-cab-airflow-scheduler:33959/jars/org.datasyslab_geotools-wrapper-geotools-24.0.jar with timestamp 1728833812456
[2024-10-13T15:36:52.779+0000] {spark_submit.py:649} INFO - 24/10/13 15:36:52 INFO SparkContext: Added JAR file:///home/airflow/.ivy2/jars/org.locationtech.jts_jts-core-1.18.0.jar at spark://yellow-cab-airflow-scheduler:33959/jars/org.locationtech.jts_jts-core-1.18.0.jar with timestamp 1728833812456
[2024-10-13T15:36:52.779+0000] {spark_submit.py:649} INFO - 24/10/13 15:36:52 INFO SparkContext: Added JAR file:///home/airflow/.ivy2/jars/org.wololo_jts2geojson-0.16.1.jar at spark://yellow-cab-airflow-scheduler:33959/jars/org.wololo_jts2geojson-0.16.1.jar with timestamp 1728833812456
[2024-10-13T15:36:52.779+0000] {spark_submit.py:649} INFO - 24/10/13 15:36:52 INFO SparkContext: Added JAR file:///home/airflow/.ivy2/jars/org.apache.sedona_sedona-core-3.0_2.12-1.2.0-incubating.jar at spark://yellow-cab-airflow-scheduler:33959/jars/org.apache.sedona_sedona-core-3.0_2.12-1.2.0-incubating.jar with timestamp 1728833812456
[2024-10-13T15:36:52.779+0000] {spark_submit.py:649} INFO - 24/10/13 15:36:52 INFO SparkContext: Added JAR file:///home/airflow/.ivy2/jars/org.apache.sedona_sedona-sql-3.0_2.12-1.2.0-incubating.jar at spark://yellow-cab-airflow-scheduler:33959/jars/org.apache.sedona_sedona-sql-3.0_2.12-1.2.0-incubating.jar with timestamp 1728833812456
[2024-10-13T15:36:52.780+0000] {spark_submit.py:649} INFO - 24/10/13 15:36:52 INFO SparkContext: Added JAR file:///home/airflow/.ivy2/jars/org.scala-lang.modules_scala-collection-compat_2.12-2.5.0.jar at spark://yellow-cab-airflow-scheduler:33959/jars/org.scala-lang.modules_scala-collection-compat_2.12-2.5.0.jar with timestamp 1728833812456
[2024-10-13T15:36:52.781+0000] {spark_submit.py:649} INFO - 24/10/13 15:36:52 INFO SparkContext: Added file file:///home/airflow/.ivy2/jars/org.apache.sedona_sedona-python-adapter-3.0_2.12-1.2.0-incubating.jar at spark://yellow-cab-airflow-scheduler:33959/files/org.apache.sedona_sedona-python-adapter-3.0_2.12-1.2.0-incubating.jar with timestamp 1728833812456
[2024-10-13T15:36:52.782+0000] {spark_submit.py:649} INFO - 24/10/13 15:36:52 INFO Utils: Copying /home/airflow/.ivy2/jars/org.apache.sedona_sedona-python-adapter-3.0_2.12-1.2.0-incubating.jar to /tmp/spark-fbbe4085-7db9-4b42-bc4a-8f11c410e888/userFiles-fe00561a-bddc-4103-b90b-9dd6f363e0f3/org.apache.sedona_sedona-python-adapter-3.0_2.12-1.2.0-incubating.jar
[2024-10-13T15:36:52.825+0000] {spark_submit.py:649} INFO - 24/10/13 15:36:52 INFO SparkContext: Added file file:///home/airflow/.ivy2/jars/org.datasyslab_geotools-wrapper-geotools-24.0.jar at spark://yellow-cab-airflow-scheduler:33959/files/org.datasyslab_geotools-wrapper-geotools-24.0.jar with timestamp 1728833812456
[2024-10-13T15:36:52.825+0000] {spark_submit.py:649} INFO - 24/10/13 15:36:52 INFO Utils: Copying /home/airflow/.ivy2/jars/org.datasyslab_geotools-wrapper-geotools-24.0.jar to /tmp/spark-fbbe4085-7db9-4b42-bc4a-8f11c410e888/userFiles-fe00561a-bddc-4103-b90b-9dd6f363e0f3/org.datasyslab_geotools-wrapper-geotools-24.0.jar
[2024-10-13T15:36:52.940+0000] {spark_submit.py:649} INFO - 24/10/13 15:36:52 INFO SparkContext: Added file file:///home/airflow/.ivy2/jars/org.locationtech.jts_jts-core-1.18.0.jar at spark://yellow-cab-airflow-scheduler:33959/files/org.locationtech.jts_jts-core-1.18.0.jar with timestamp 1728833812456
[2024-10-13T15:36:52.940+0000] {spark_submit.py:649} INFO - 24/10/13 15:36:52 INFO Utils: Copying /home/airflow/.ivy2/jars/org.locationtech.jts_jts-core-1.18.0.jar to /tmp/spark-fbbe4085-7db9-4b42-bc4a-8f11c410e888/userFiles-fe00561a-bddc-4103-b90b-9dd6f363e0f3/org.locationtech.jts_jts-core-1.18.0.jar
[2024-10-13T15:36:52.964+0000] {spark_submit.py:649} INFO - 24/10/13 15:36:52 INFO SparkContext: Added file file:///home/airflow/.ivy2/jars/org.wololo_jts2geojson-0.16.1.jar at spark://yellow-cab-airflow-scheduler:33959/files/org.wololo_jts2geojson-0.16.1.jar with timestamp 1728833812456
[2024-10-13T15:36:52.964+0000] {spark_submit.py:649} INFO - 24/10/13 15:36:52 INFO Utils: Copying /home/airflow/.ivy2/jars/org.wololo_jts2geojson-0.16.1.jar to /tmp/spark-fbbe4085-7db9-4b42-bc4a-8f11c410e888/userFiles-fe00561a-bddc-4103-b90b-9dd6f363e0f3/org.wololo_jts2geojson-0.16.1.jar
[2024-10-13T15:36:52.986+0000] {spark_submit.py:649} INFO - 24/10/13 15:36:52 INFO SparkContext: Added file file:///home/airflow/.ivy2/jars/org.apache.sedona_sedona-core-3.0_2.12-1.2.0-incubating.jar at spark://yellow-cab-airflow-scheduler:33959/files/org.apache.sedona_sedona-core-3.0_2.12-1.2.0-incubating.jar with timestamp 1728833812456
[2024-10-13T15:36:52.986+0000] {spark_submit.py:649} INFO - 24/10/13 15:36:52 INFO Utils: Copying /home/airflow/.ivy2/jars/org.apache.sedona_sedona-core-3.0_2.12-1.2.0-incubating.jar to /tmp/spark-fbbe4085-7db9-4b42-bc4a-8f11c410e888/userFiles-fe00561a-bddc-4103-b90b-9dd6f363e0f3/org.apache.sedona_sedona-core-3.0_2.12-1.2.0-incubating.jar
[2024-10-13T15:36:53.016+0000] {spark_submit.py:649} INFO - 24/10/13 15:36:53 INFO SparkContext: Added file file:///home/airflow/.ivy2/jars/org.apache.sedona_sedona-sql-3.0_2.12-1.2.0-incubating.jar at spark://yellow-cab-airflow-scheduler:33959/files/org.apache.sedona_sedona-sql-3.0_2.12-1.2.0-incubating.jar with timestamp 1728833812456
[2024-10-13T15:36:53.016+0000] {spark_submit.py:649} INFO - 24/10/13 15:36:53 INFO Utils: Copying /home/airflow/.ivy2/jars/org.apache.sedona_sedona-sql-3.0_2.12-1.2.0-incubating.jar to /tmp/spark-fbbe4085-7db9-4b42-bc4a-8f11c410e888/userFiles-fe00561a-bddc-4103-b90b-9dd6f363e0f3/org.apache.sedona_sedona-sql-3.0_2.12-1.2.0-incubating.jar
[2024-10-13T15:36:53.039+0000] {spark_submit.py:649} INFO - 24/10/13 15:36:53 INFO SparkContext: Added file file:///home/airflow/.ivy2/jars/org.scala-lang.modules_scala-collection-compat_2.12-2.5.0.jar at spark://yellow-cab-airflow-scheduler:33959/files/org.scala-lang.modules_scala-collection-compat_2.12-2.5.0.jar with timestamp 1728833812456
[2024-10-13T15:36:53.039+0000] {spark_submit.py:649} INFO - 24/10/13 15:36:53 INFO Utils: Copying /home/airflow/.ivy2/jars/org.scala-lang.modules_scala-collection-compat_2.12-2.5.0.jar to /tmp/spark-fbbe4085-7db9-4b42-bc4a-8f11c410e888/userFiles-fe00561a-bddc-4103-b90b-9dd6f363e0f3/org.scala-lang.modules_scala-collection-compat_2.12-2.5.0.jar
[2024-10-13T15:36:53.090+0000] {spark_submit.py:649} INFO - 24/10/13 15:36:53 INFO StandaloneAppClient$ClientEndpoint: Connecting to master spark://spark-master:7077...
[2024-10-13T15:36:53.111+0000] {spark_submit.py:649} INFO - 24/10/13 15:36:53 INFO TransportClientFactory: Successfully created connection to spark-master/172.24.0.2:7077 after 11 ms (0 ms spent in bootstraps)
[2024-10-13T15:36:53.168+0000] {spark_submit.py:649} INFO - 24/10/13 15:36:53 INFO StandaloneSchedulerBackend: Connected to Spark cluster with app ID app-20241013153653-0022
[2024-10-13T15:36:53.171+0000] {spark_submit.py:649} INFO - 24/10/13 15:36:53 INFO StandaloneAppClient$ClientEndpoint: Executor added: app-20241013153653-0022/0 on worker-20241011213037-172.24.0.3-36185 (172.24.0.3:36185) with 4 core(s)
[2024-10-13T15:36:53.171+0000] {spark_submit.py:649} INFO - 24/10/13 15:36:53 INFO StandaloneSchedulerBackend: Granted executor ID app-20241013153653-0022/0 on hostPort 172.24.0.3:36185 with 4 core(s), 8.0 GiB RAM
[2024-10-13T15:36:53.172+0000] {spark_submit.py:649} INFO - 24/10/13 15:36:53 INFO Utils: Successfully started service 'org.apache.spark.network.netty.NettyBlockTransferService' on port 44367.
[2024-10-13T15:36:53.172+0000] {spark_submit.py:649} INFO - 24/10/13 15:36:53 INFO NettyBlockTransferService: Server created on yellow-cab-airflow-scheduler:44367
[2024-10-13T15:36:53.173+0000] {spark_submit.py:649} INFO - 24/10/13 15:36:53 INFO BlockManager: Using org.apache.spark.storage.RandomBlockReplicationPolicy for block replication policy
[2024-10-13T15:36:53.176+0000] {spark_submit.py:649} INFO - 24/10/13 15:36:53 INFO BlockManagerMaster: Registering BlockManager BlockManagerId(driver, yellow-cab-airflow-scheduler, 44367, None)
[2024-10-13T15:36:53.178+0000] {spark_submit.py:649} INFO - 24/10/13 15:36:53 INFO BlockManagerMasterEndpoint: Registering block manager yellow-cab-airflow-scheduler:44367 with 1048.8 MiB RAM, BlockManagerId(driver, yellow-cab-airflow-scheduler, 44367, None)
[2024-10-13T15:36:53.179+0000] {spark_submit.py:649} INFO - 24/10/13 15:36:53 INFO BlockManagerMaster: Registered BlockManager BlockManagerId(driver, yellow-cab-airflow-scheduler, 44367, None)
[2024-10-13T15:36:53.179+0000] {spark_submit.py:649} INFO - 24/10/13 15:36:53 INFO BlockManager: Initialized BlockManager: BlockManagerId(driver, yellow-cab-airflow-scheduler, 44367, None)
[2024-10-13T15:36:53.280+0000] {spark_submit.py:649} INFO - 24/10/13 15:36:53 INFO StandaloneSchedulerBackend: SchedulerBackend is ready for scheduling beginning after reached minRegisteredResourcesRatio: 0.0
[2024-10-13T15:36:53.312+0000] {spark_submit.py:649} INFO - 24/10/13 15:36:53 INFO StandaloneAppClient$ClientEndpoint: Executor updated: app-20241013153653-0022/0 is now RUNNING
[2024-10-13T15:36:53.401+0000] {spark_submit.py:649} INFO - /spark-scripts/taxi_etl.py:28: DeprecationWarning: Call to deprecated function registerAll (Deprecated since 1.4.1, use SedonaContext.create() instead.).
[2024-10-13T15:36:53.402+0000] {spark_submit.py:649} INFO - SedonaRegistrator.registerAll(spark)
[2024-10-13T15:36:53.405+0000] {spark_submit.py:649} INFO - 24/10/13 15:36:53 INFO SharedState: Setting hive.metastore.warehouse.dir ('null') to the value of spark.sql.warehouse.dir.
[2024-10-13T15:36:53.406+0000] {spark_submit.py:649} INFO - 24/10/13 15:36:53 INFO SharedState: Warehouse path is 'file:/opt/airflow/spark-warehouse'.
[2024-10-13T15:36:54.738+0000] {spark_submit.py:649} INFO - 24/10/13 15:36:54 INFO CodeGenerator: Code generated in 98.221667 ms
[2024-10-13T15:36:54.806+0000] {spark_submit.py:649} INFO - 24/10/13 15:36:54 INFO DAGScheduler: Registering RDD 2 (count at NativeMethodAccessorImpl.java:0) as input to shuffle 0
[2024-10-13T15:36:54.811+0000] {spark_submit.py:649} INFO - 24/10/13 15:36:54 INFO DAGScheduler: Got map stage job 0 (count at NativeMethodAccessorImpl.java:0) with 1 output partitions
[2024-10-13T15:36:54.811+0000] {spark_submit.py:649} INFO - 24/10/13 15:36:54 INFO DAGScheduler: Final stage: ShuffleMapStage 0 (count at NativeMethodAccessorImpl.java:0)
[2024-10-13T15:36:54.812+0000] {spark_submit.py:649} INFO - 24/10/13 15:36:54 INFO DAGScheduler: Parents of final stage: List()
[2024-10-13T15:36:54.812+0000] {spark_submit.py:649} INFO - 24/10/13 15:36:54 INFO DAGScheduler: Missing parents: List()
[2024-10-13T15:36:54.813+0000] {spark_submit.py:649} INFO - 24/10/13 15:36:54 INFO DAGScheduler: Submitting ShuffleMapStage 0 (MapPartitionsRDD[2] at count at NativeMethodAccessorImpl.java:0), which has no missing parents
[2024-10-13T15:36:54.824+0000] {spark_submit.py:649} INFO - 24/10/13 15:36:54 INFO StandaloneSchedulerBackend$StandaloneDriverEndpoint: Registered executor NettyRpcEndpointRef(spark-client://Executor) (172.24.0.3:34160) with ID 0,  ResourceProfileId 0
[2024-10-13T15:36:54.873+0000] {spark_submit.py:649} INFO - 24/10/13 15:36:54 INFO BlockManagerMasterEndpoint: Registering block manager 172.24.0.3:33609 with 4.6 GiB RAM, BlockManagerId(0, 172.24.0.3, 33609, None)
[2024-10-13T15:36:54.893+0000] {spark_submit.py:649} INFO - 24/10/13 15:36:54 INFO MemoryStore: Block broadcast_0 stored as values in memory (estimated size 11.0 KiB, free 1048.8 MiB)
[2024-10-13T15:36:54.914+0000] {spark_submit.py:649} INFO - 24/10/13 15:36:54 INFO MemoryStore: Block broadcast_0_piece0 stored as bytes in memory (estimated size 5.7 KiB, free 1048.8 MiB)
[2024-10-13T15:36:54.915+0000] {spark_submit.py:649} INFO - 24/10/13 15:36:54 INFO BlockManagerInfo: Added broadcast_0_piece0 in memory on yellow-cab-airflow-scheduler:44367 (size: 5.7 KiB, free: 1048.8 MiB)
[2024-10-13T15:36:54.917+0000] {spark_submit.py:649} INFO - 24/10/13 15:36:54 INFO SparkContext: Created broadcast 0 from broadcast at DAGScheduler.scala:1585
[2024-10-13T15:36:54.929+0000] {spark_submit.py:649} INFO - 24/10/13 15:36:54 INFO DAGScheduler: Submitting 1 missing tasks from ShuffleMapStage 0 (MapPartitionsRDD[2] at count at NativeMethodAccessorImpl.java:0) (first 15 tasks are for partitions Vector(0))
[2024-10-13T15:36:54.930+0000] {spark_submit.py:649} INFO - 24/10/13 15:36:54 INFO TaskSchedulerImpl: Adding task set 0.0 with 1 tasks resource profile 0
[2024-10-13T15:36:55.906+0000] {spark_submit.py:649} INFO - 24/10/13 15:36:55 INFO TaskSetManager: Starting task 0.0 in stage 0.0 (TID 0) (172.24.0.3, executor 0, partition 0, PROCESS_LOCAL, 9588 bytes)
[2024-10-13T15:36:56.039+0000] {spark_submit.py:649} INFO - 24/10/13 15:36:56 INFO BlockManagerInfo: Added broadcast_0_piece0 in memory on 172.24.0.3:33609 (size: 5.7 KiB, free: 4.6 GiB)
[2024-10-13T15:36:56.319+0000] {spark_submit.py:649} INFO - 24/10/13 15:36:56 INFO TaskSetManager: Finished task 0.0 in stage 0.0 (TID 0) in 431 ms on 172.24.0.3 (executor 0) (1/1)
[2024-10-13T15:36:56.320+0000] {spark_submit.py:649} INFO - 24/10/13 15:36:56 INFO TaskSchedulerImpl: Removed TaskSet 0.0, whose tasks have all completed, from pool
[2024-10-13T15:36:56.323+0000] {spark_submit.py:649} INFO - 24/10/13 15:36:56 INFO DAGScheduler: ShuffleMapStage 0 (count at NativeMethodAccessorImpl.java:0) finished in 1.504 s
[2024-10-13T15:36:56.323+0000] {spark_submit.py:649} INFO - 24/10/13 15:36:56 INFO DAGScheduler: looking for newly runnable stages
[2024-10-13T15:36:56.324+0000] {spark_submit.py:649} INFO - 24/10/13 15:36:56 INFO DAGScheduler: running: Set()
[2024-10-13T15:36:56.324+0000] {spark_submit.py:649} INFO - 24/10/13 15:36:56 INFO DAGScheduler: waiting: Set()
[2024-10-13T15:36:56.324+0000] {spark_submit.py:649} INFO - 24/10/13 15:36:56 INFO DAGScheduler: failed: Set()
[2024-10-13T15:36:56.352+0000] {spark_submit.py:649} INFO - 24/10/13 15:36:56 INFO CodeGenerator: Code generated in 9.020625 ms
[2024-10-13T15:36:56.377+0000] {spark_submit.py:649} INFO - 24/10/13 15:36:56 INFO SparkContext: Starting job: count at NativeMethodAccessorImpl.java:0
[2024-10-13T15:36:56.381+0000] {spark_submit.py:649} INFO - 24/10/13 15:36:56 INFO DAGScheduler: Got job 1 (count at NativeMethodAccessorImpl.java:0) with 1 output partitions
[2024-10-13T15:36:56.381+0000] {spark_submit.py:649} INFO - 24/10/13 15:36:56 INFO DAGScheduler: Final stage: ResultStage 2 (count at NativeMethodAccessorImpl.java:0)
[2024-10-13T15:36:56.382+0000] {spark_submit.py:649} INFO - 24/10/13 15:36:56 INFO DAGScheduler: Parents of final stage: List(ShuffleMapStage 1)
[2024-10-13T15:36:56.382+0000] {spark_submit.py:649} INFO - 24/10/13 15:36:56 INFO DAGScheduler: Missing parents: List()
[2024-10-13T15:36:56.383+0000] {spark_submit.py:649} INFO - 24/10/13 15:36:56 INFO DAGScheduler: Submitting ResultStage 2 (MapPartitionsRDD[5] at count at NativeMethodAccessorImpl.java:0), which has no missing parents
[2024-10-13T15:36:56.389+0000] {spark_submit.py:649} INFO - 24/10/13 15:36:56 INFO MemoryStore: Block broadcast_1 stored as values in memory (estimated size 12.5 KiB, free 1048.8 MiB)
[2024-10-13T15:36:56.391+0000] {spark_submit.py:649} INFO - 24/10/13 15:36:56 INFO MemoryStore: Block broadcast_1_piece0 stored as bytes in memory (estimated size 5.9 KiB, free 1048.8 MiB)
[2024-10-13T15:36:56.391+0000] {spark_submit.py:649} INFO - 24/10/13 15:36:56 INFO BlockManagerInfo: Added broadcast_1_piece0 in memory on yellow-cab-airflow-scheduler:44367 (size: 5.9 KiB, free: 1048.8 MiB)
[2024-10-13T15:36:56.392+0000] {spark_submit.py:649} INFO - 24/10/13 15:36:56 INFO SparkContext: Created broadcast 1 from broadcast at DAGScheduler.scala:1585
[2024-10-13T15:36:56.393+0000] {spark_submit.py:649} INFO - 24/10/13 15:36:56 INFO DAGScheduler: Submitting 1 missing tasks from ResultStage 2 (MapPartitionsRDD[5] at count at NativeMethodAccessorImpl.java:0) (first 15 tasks are for partitions Vector(0))
[2024-10-13T15:36:56.393+0000] {spark_submit.py:649} INFO - 24/10/13 15:36:56 INFO TaskSchedulerImpl: Adding task set 2.0 with 1 tasks resource profile 0
[2024-10-13T15:36:56.396+0000] {spark_submit.py:649} INFO - 24/10/13 15:36:56 INFO TaskSetManager: Starting task 0.0 in stage 2.0 (TID 1) (172.24.0.3, executor 0, partition 0, NODE_LOCAL, 9391 bytes)
[2024-10-13T15:36:56.412+0000] {spark_submit.py:649} INFO - 24/10/13 15:36:56 INFO BlockManagerInfo: Added broadcast_1_piece0 in memory on 172.24.0.3:33609 (size: 5.9 KiB, free: 4.6 GiB)
[2024-10-13T15:36:56.444+0000] {spark_submit.py:649} INFO - 24/10/13 15:36:56 INFO MapOutputTrackerMasterEndpoint: Asked to send map output locations for shuffle 0 to 172.24.0.3:34160
[2024-10-13T15:36:56.517+0000] {spark_submit.py:649} INFO - 24/10/13 15:36:56 INFO TaskSetManager: Finished task 0.0 in stage 2.0 (TID 1) in 122 ms on 172.24.0.3 (executor 0) (1/1)
[2024-10-13T15:36:56.517+0000] {spark_submit.py:649} INFO - 24/10/13 15:36:56 INFO TaskSchedulerImpl: Removed TaskSet 2.0, whose tasks have all completed, from pool
[2024-10-13T15:36:56.518+0000] {spark_submit.py:649} INFO - 24/10/13 15:36:56 INFO DAGScheduler: ResultStage 2 (count at NativeMethodAccessorImpl.java:0) finished in 0.131 s
[2024-10-13T15:36:56.519+0000] {spark_submit.py:649} INFO - 24/10/13 15:36:56 INFO DAGScheduler: Job 1 is finished. Cancelling potential speculative or zombie tasks for this job
[2024-10-13T15:36:56.519+0000] {spark_submit.py:649} INFO - 24/10/13 15:36:56 INFO TaskSchedulerImpl: Killing all running tasks in stage 2: Stage finished
[2024-10-13T15:36:56.519+0000] {spark_submit.py:649} INFO - 24/10/13 15:36:56 INFO DAGScheduler: Job 1 finished: count at NativeMethodAccessorImpl.java:0, took 0.142605 s
[2024-10-13T15:36:56.628+0000] {spark_submit.py:649} INFO - 24/10/13 15:36:56 INFO BlockManagerInfo: Removed broadcast_1_piece0 on yellow-cab-airflow-scheduler:44367 in memory (size: 5.9 KiB, free: 1048.8 MiB)
[2024-10-13T15:36:56.628+0000] {spark_submit.py:649} INFO - 24/10/13 15:36:56 INFO BlockManagerInfo: Removed broadcast_1_piece0 on 172.24.0.3:33609 in memory (size: 5.9 KiB, free: 4.6 GiB)
[2024-10-13T15:36:57.188+0000] {spark_submit.py:649} INFO - 24/10/13 15:36:57 INFO InMemoryFileIndex: It took 6 ms to list leaf files for 1 paths.
[2024-10-13T15:36:57.220+0000] {spark_submit.py:649} INFO - 24/10/13 15:36:57 INFO BlockManagerInfo: Removed broadcast_0_piece0 on yellow-cab-airflow-scheduler:44367 in memory (size: 5.7 KiB, free: 1048.8 MiB)
[2024-10-13T15:36:57.224+0000] {spark_submit.py:649} INFO - 24/10/13 15:36:57 INFO BlockManagerInfo: Removed broadcast_0_piece0 on 172.24.0.3:33609 in memory (size: 5.7 KiB, free: 4.6 GiB)
[2024-10-13T15:36:57.755+0000] {spark_submit.py:649} INFO - 24/10/13 15:36:57 INFO FileSourceStrategy: Pushed Filters:
[2024-10-13T15:36:57.756+0000] {spark_submit.py:649} INFO - 24/10/13 15:36:57 INFO FileSourceStrategy: Post-Scan Filters: atleastnnonnulls(4, tpep_pickup_datetime#15, tpep_dropoff_datetime#16, pickup_longitude#19, pickup_latitude#20)
[2024-10-13T15:36:57.863+0000] {spark_submit.py:649} INFO - 24/10/13 15:36:57 INFO CodeGenerator: Code generated in 75.193208 ms
[2024-10-13T15:36:57.874+0000] {spark_submit.py:649} INFO - 24/10/13 15:36:57 INFO MemoryStore: Block broadcast_2 stored as values in memory (estimated size 204.6 KiB, free 1048.6 MiB)
[2024-10-13T15:36:57.892+0000] {spark_submit.py:649} INFO - 24/10/13 15:36:57 INFO MemoryStore: Block broadcast_2_piece0 stored as bytes in memory (estimated size 35.5 KiB, free 1048.6 MiB)
[2024-10-13T15:36:57.892+0000] {spark_submit.py:649} INFO - 24/10/13 15:36:57 INFO BlockManagerInfo: Added broadcast_2_piece0 in memory on yellow-cab-airflow-scheduler:44367 (size: 35.5 KiB, free: 1048.8 MiB)
[2024-10-13T15:36:57.893+0000] {spark_submit.py:649} INFO - 24/10/13 15:36:57 INFO SparkContext: Created broadcast 2 from toPandas at /spark-scripts/taxi_etl.py:137
[2024-10-13T15:36:57.904+0000] {spark_submit.py:649} INFO - 24/10/13 15:36:57 INFO FileSourceScanExec: Planning scan with bin packing, max size: 119497018 bytes, open cost is considered as scanning 4194304 bytes.
[2024-10-13T15:36:57.938+0000] {spark_submit.py:649} INFO - 24/10/13 15:36:57 INFO DAGScheduler: Registering RDD 9 (toPandas at /spark-scripts/taxi_etl.py:137) as input to shuffle 1
[2024-10-13T15:36:57.939+0000] {spark_submit.py:649} INFO - 24/10/13 15:36:57 INFO DAGScheduler: Got map stage job 2 (toPandas at /spark-scripts/taxi_etl.py:137) with 4 output partitions
[2024-10-13T15:36:57.939+0000] {spark_submit.py:649} INFO - 24/10/13 15:36:57 INFO DAGScheduler: Final stage: ShuffleMapStage 3 (toPandas at /spark-scripts/taxi_etl.py:137)
[2024-10-13T15:36:57.939+0000] {spark_submit.py:649} INFO - 24/10/13 15:36:57 INFO DAGScheduler: Parents of final stage: List()
[2024-10-13T15:36:57.940+0000] {spark_submit.py:649} INFO - 24/10/13 15:36:57 INFO DAGScheduler: Missing parents: List()
[2024-10-13T15:36:57.940+0000] {spark_submit.py:649} INFO - 24/10/13 15:36:57 INFO DAGScheduler: Submitting ShuffleMapStage 3 (MapPartitionsRDD[9] at toPandas at /spark-scripts/taxi_etl.py:137), which has no missing parents
[2024-10-13T15:36:57.942+0000] {spark_submit.py:649} INFO - 24/10/13 15:36:57 INFO MemoryStore: Block broadcast_3 stored as values in memory (estimated size 33.2 KiB, free 1048.5 MiB)
[2024-10-13T15:36:57.946+0000] {spark_submit.py:649} INFO - 24/10/13 15:36:57 INFO MemoryStore: Block broadcast_3_piece0 stored as bytes in memory (estimated size 15.0 KiB, free 1048.5 MiB)
[2024-10-13T15:36:57.947+0000] {spark_submit.py:649} INFO - 24/10/13 15:36:57 INFO BlockManagerInfo: Added broadcast_3_piece0 in memory on yellow-cab-airflow-scheduler:44367 (size: 15.0 KiB, free: 1048.8 MiB)
[2024-10-13T15:36:57.948+0000] {spark_submit.py:649} INFO - 24/10/13 15:36:57 INFO SparkContext: Created broadcast 3 from broadcast at DAGScheduler.scala:1585
[2024-10-13T15:36:57.949+0000] {spark_submit.py:649} INFO - 24/10/13 15:36:57 INFO DAGScheduler: Submitting 4 missing tasks from ShuffleMapStage 3 (MapPartitionsRDD[9] at toPandas at /spark-scripts/taxi_etl.py:137) (first 15 tasks are for partitions Vector(0, 1, 2, 3))
[2024-10-13T15:36:57.950+0000] {spark_submit.py:649} INFO - 24/10/13 15:36:57 INFO TaskSchedulerImpl: Adding task set 3.0 with 4 tasks resource profile 0
[2024-10-13T15:36:57.951+0000] {spark_submit.py:649} INFO - 24/10/13 15:36:57 INFO TaskSetManager: Starting task 0.0 in stage 3.0 (TID 2) (172.24.0.3, executor 0, partition 0, PROCESS_LOCAL, 9983 bytes)
[2024-10-13T15:36:57.951+0000] {spark_submit.py:649} INFO - 24/10/13 15:36:57 INFO TaskSetManager: Starting task 1.0 in stage 3.0 (TID 3) (172.24.0.3, executor 0, partition 1, PROCESS_LOCAL, 9983 bytes)
[2024-10-13T15:36:57.953+0000] {spark_submit.py:649} INFO - 24/10/13 15:36:57 INFO TaskSetManager: Starting task 2.0 in stage 3.0 (TID 4) (172.24.0.3, executor 0, partition 2, PROCESS_LOCAL, 9983 bytes)
[2024-10-13T15:36:57.953+0000] {spark_submit.py:649} INFO - 24/10/13 15:36:57 INFO TaskSetManager: Starting task 3.0 in stage 3.0 (TID 5) (172.24.0.3, executor 0, partition 3, PROCESS_LOCAL, 9983 bytes)
[2024-10-13T15:36:57.999+0000] {spark_submit.py:649} INFO - 24/10/13 15:36:57 INFO BlockManagerInfo: Added broadcast_3_piece0 in memory on 172.24.0.3:33609 (size: 15.0 KiB, free: 4.6 GiB)
[2024-10-13T15:36:58.440+0000] {spark_submit.py:649} INFO - 24/10/13 15:36:58 INFO BlockManagerInfo: Added broadcast_2_piece0 in memory on 172.24.0.3:33609 (size: 35.5 KiB, free: 4.6 GiB)
[2024-10-13T15:37:01.384+0000] {spark_submit.py:649} INFO - 24/10/13 15:37:01 INFO TaskSetManager: Finished task 3.0 in stage 3.0 (TID 5) in 3428 ms on 172.24.0.3 (executor 0) (1/4)
[2024-10-13T15:37:01.387+0000] {spark_submit.py:649} INFO - 24/10/13 15:37:01 INFO TaskSetManager: Finished task 2.0 in stage 3.0 (TID 4) in 3432 ms on 172.24.0.3 (executor 0) (2/4)
[2024-10-13T15:37:01.388+0000] {spark_submit.py:649} INFO - 24/10/13 15:37:01 INFO TaskSetManager: Finished task 1.0 in stage 3.0 (TID 3) in 3432 ms on 172.24.0.3 (executor 0) (3/4)
[2024-10-13T15:37:01.388+0000] {spark_submit.py:649} INFO - 24/10/13 15:37:01 INFO TaskSetManager: Finished task 0.0 in stage 3.0 (TID 2) in 3435 ms on 172.24.0.3 (executor 0) (4/4)
[2024-10-13T15:37:01.388+0000] {spark_submit.py:649} INFO - 24/10/13 15:37:01 INFO TaskSchedulerImpl: Removed TaskSet 3.0, whose tasks have all completed, from pool
[2024-10-13T15:37:01.390+0000] {spark_submit.py:649} INFO - 24/10/13 15:37:01 INFO DAGScheduler: ShuffleMapStage 3 (toPandas at /spark-scripts/taxi_etl.py:137) finished in 3.448 s
[2024-10-13T15:37:01.390+0000] {spark_submit.py:649} INFO - 24/10/13 15:37:01 INFO DAGScheduler: looking for newly runnable stages
[2024-10-13T15:37:01.391+0000] {spark_submit.py:649} INFO - 24/10/13 15:37:01 INFO DAGScheduler: running: Set()
[2024-10-13T15:37:01.392+0000] {spark_submit.py:649} INFO - 24/10/13 15:37:01 INFO DAGScheduler: waiting: Set()
[2024-10-13T15:37:01.394+0000] {spark_submit.py:649} INFO - 24/10/13 15:37:01 INFO DAGScheduler: failed: Set()
[2024-10-13T15:37:01.437+0000] {spark_submit.py:649} INFO - 24/10/13 15:37:01 INFO ShufflePartitionsUtil: For shuffle(1), advisory target size: 67108864, actual target size 1048576, minimum partition size: 1048576
[2024-10-13T15:37:01.529+0000] {spark_submit.py:649} INFO - 24/10/13 15:37:01 INFO CodeGenerator: Code generated in 57.822209 ms
[2024-10-13T15:37:01.593+0000] {spark_submit.py:649} INFO - 24/10/13 15:37:01 INFO SparkContext: Starting job: toPandas at /spark-scripts/taxi_etl.py:137
[2024-10-13T15:37:01.594+0000] {spark_submit.py:649} INFO - 24/10/13 15:37:01 INFO DAGScheduler: Got job 3 (toPandas at /spark-scripts/taxi_etl.py:137) with 1 output partitions
[2024-10-13T15:37:01.597+0000] {spark_submit.py:649} INFO - 24/10/13 15:37:01 INFO DAGScheduler: Final stage: ResultStage 5 (toPandas at /spark-scripts/taxi_etl.py:137)
[2024-10-13T15:37:01.597+0000] {spark_submit.py:649} INFO - 24/10/13 15:37:01 INFO DAGScheduler: Parents of final stage: List(ShuffleMapStage 4)
[2024-10-13T15:37:01.598+0000] {spark_submit.py:649} INFO - 24/10/13 15:37:01 INFO DAGScheduler: Missing parents: List()
[2024-10-13T15:37:01.598+0000] {spark_submit.py:649} INFO - 24/10/13 15:37:01 INFO DAGScheduler: Submitting ResultStage 5 (MapPartitionsRDD[12] at toPandas at /spark-scripts/taxi_etl.py:137), which has no missing parents
[2024-10-13T15:37:01.601+0000] {spark_submit.py:649} INFO - 24/10/13 15:37:01 INFO MemoryStore: Block broadcast_4 stored as values in memory (estimated size 45.6 KiB, free 1048.5 MiB)
[2024-10-13T15:37:01.609+0000] {spark_submit.py:649} INFO - 24/10/13 15:37:01 INFO MemoryStore: Block broadcast_4_piece0 stored as bytes in memory (estimated size 21.0 KiB, free 1048.5 MiB)
[2024-10-13T15:37:01.610+0000] {spark_submit.py:649} INFO - 24/10/13 15:37:01 INFO BlockManagerInfo: Added broadcast_4_piece0 in memory on yellow-cab-airflow-scheduler:44367 (size: 21.0 KiB, free: 1048.7 MiB)
[2024-10-13T15:37:01.613+0000] {spark_submit.py:649} INFO - 24/10/13 15:37:01 INFO BlockManagerInfo: Removed broadcast_3_piece0 on yellow-cab-airflow-scheduler:44367 in memory (size: 15.0 KiB, free: 1048.7 MiB)
[2024-10-13T15:37:01.615+0000] {spark_submit.py:649} INFO - 24/10/13 15:37:01 INFO SparkContext: Created broadcast 4 from broadcast at DAGScheduler.scala:1585
[2024-10-13T15:37:01.617+0000] {spark_submit.py:649} INFO - 24/10/13 15:37:01 INFO DAGScheduler: Submitting 1 missing tasks from ResultStage 5 (MapPartitionsRDD[12] at toPandas at /spark-scripts/taxi_etl.py:137) (first 15 tasks are for partitions Vector(0))
[2024-10-13T15:37:01.618+0000] {spark_submit.py:649} INFO - 24/10/13 15:37:01 INFO TaskSchedulerImpl: Adding task set 5.0 with 1 tasks resource profile 0
[2024-10-13T15:37:01.623+0000] {spark_submit.py:649} INFO - 24/10/13 15:37:01 INFO TaskSetManager: Starting task 0.0 in stage 5.0 (TID 6) (172.24.0.3, executor 0, partition 0, NODE_LOCAL, 9391 bytes)
[2024-10-13T15:37:01.635+0000] {spark_submit.py:649} INFO - 24/10/13 15:37:01 INFO BlockManagerInfo: Removed broadcast_3_piece0 on 172.24.0.3:33609 in memory (size: 15.0 KiB, free: 4.6 GiB)
[2024-10-13T15:37:01.673+0000] {spark_submit.py:649} INFO - 24/10/13 15:37:01 INFO BlockManagerInfo: Added broadcast_4_piece0 in memory on 172.24.0.3:33609 (size: 21.0 KiB, free: 4.6 GiB)
[2024-10-13T15:37:01.703+0000] {spark_submit.py:649} INFO - 24/10/13 15:37:01 INFO MapOutputTrackerMasterEndpoint: Asked to send map output locations for shuffle 1 to 172.24.0.3:34160
[2024-10-13T15:37:01.765+0000] {spark_submit.py:649} INFO - 24/10/13 15:37:01 INFO TaskSetManager: Finished task 0.0 in stage 5.0 (TID 6) in 143 ms on 172.24.0.3 (executor 0) (1/1)
[2024-10-13T15:37:01.766+0000] {spark_submit.py:649} INFO - 24/10/13 15:37:01 INFO TaskSchedulerImpl: Removed TaskSet 5.0, whose tasks have all completed, from pool
[2024-10-13T15:37:01.766+0000] {spark_submit.py:649} INFO - 24/10/13 15:37:01 INFO DAGScheduler: ResultStage 5 (toPandas at /spark-scripts/taxi_etl.py:137) finished in 0.167 s
[2024-10-13T15:37:01.766+0000] {spark_submit.py:649} INFO - 24/10/13 15:37:01 INFO DAGScheduler: Job 3 is finished. Cancelling potential speculative or zombie tasks for this job
[2024-10-13T15:37:01.767+0000] {spark_submit.py:649} INFO - 24/10/13 15:37:01 INFO TaskSchedulerImpl: Killing all running tasks in stage 5: Stage finished
[2024-10-13T15:37:01.767+0000] {spark_submit.py:649} INFO - 24/10/13 15:37:01 INFO DAGScheduler: Job 3 finished: toPandas at /spark-scripts/taxi_etl.py:137, took 0.172722 s
[2024-10-13T15:37:05.849+0000] {spark_submit.py:649} INFO - 24/10/13 15:37:05 INFO FileSourceStrategy: Pushed Filters:
[2024-10-13T15:37:05.850+0000] {spark_submit.py:649} INFO - 24/10/13 15:37:05 INFO FileSourceStrategy: Post-Scan Filters: atleastnnonnulls(4, tpep_pickup_datetime#15, tpep_dropoff_datetime#16, pickup_longitude#19, pickup_latitude#20)
[2024-10-13T15:37:05.885+0000] {spark_submit.py:649} INFO - 24/10/13 15:37:05 INFO CodeGenerator: Code generated in 18.842792 ms
[2024-10-13T15:37:05.889+0000] {spark_submit.py:649} INFO - 24/10/13 15:37:05 INFO MemoryStore: Block broadcast_5 stored as values in memory (estimated size 204.6 KiB, free 1048.3 MiB)
[2024-10-13T15:37:05.894+0000] {spark_submit.py:649} INFO - 24/10/13 15:37:05 INFO MemoryStore: Block broadcast_5_piece0 stored as bytes in memory (estimated size 35.5 KiB, free 1048.3 MiB)
[2024-10-13T15:37:05.895+0000] {spark_submit.py:649} INFO - 24/10/13 15:37:05 INFO BlockManagerInfo: Added broadcast_5_piece0 in memory on yellow-cab-airflow-scheduler:44367 (size: 35.5 KiB, free: 1048.7 MiB)
[2024-10-13T15:37:05.896+0000] {spark_submit.py:649} INFO - 24/10/13 15:37:05 INFO SparkContext: Created broadcast 5 from toPandas at /spark-scripts/taxi_etl.py:140
[2024-10-13T15:37:05.897+0000] {spark_submit.py:649} INFO - 24/10/13 15:37:05 INFO FileSourceScanExec: Planning scan with bin packing, max size: 119497018 bytes, open cost is considered as scanning 4194304 bytes.
[2024-10-13T15:37:05.901+0000] {spark_submit.py:649} INFO - 24/10/13 15:37:05 INFO DAGScheduler: Registering RDD 16 (toPandas at /spark-scripts/taxi_etl.py:140) as input to shuffle 2
[2024-10-13T15:37:05.904+0000] {spark_submit.py:649} INFO - 24/10/13 15:37:05 INFO DAGScheduler: Got map stage job 4 (toPandas at /spark-scripts/taxi_etl.py:140) with 4 output partitions
[2024-10-13T15:37:05.904+0000] {spark_submit.py:649} INFO - 24/10/13 15:37:05 INFO DAGScheduler: Final stage: ShuffleMapStage 6 (toPandas at /spark-scripts/taxi_etl.py:140)
[2024-10-13T15:37:05.904+0000] {spark_submit.py:649} INFO - 24/10/13 15:37:05 INFO DAGScheduler: Parents of final stage: List()
[2024-10-13T15:37:05.905+0000] {spark_submit.py:649} INFO - 24/10/13 15:37:05 INFO DAGScheduler: Missing parents: List()
[2024-10-13T15:37:05.906+0000] {spark_submit.py:649} INFO - 24/10/13 15:37:05 INFO DAGScheduler: Submitting ShuffleMapStage 6 (MapPartitionsRDD[16] at toPandas at /spark-scripts/taxi_etl.py:140), which has no missing parents
[2024-10-13T15:37:05.907+0000] {spark_submit.py:649} INFO - 24/10/13 15:37:05 INFO MemoryStore: Block broadcast_6 stored as values in memory (estimated size 32.9 KiB, free 1048.2 MiB)
[2024-10-13T15:37:05.908+0000] {spark_submit.py:649} INFO - 24/10/13 15:37:05 INFO MemoryStore: Block broadcast_6_piece0 stored as bytes in memory (estimated size 14.9 KiB, free 1048.2 MiB)
[2024-10-13T15:37:05.909+0000] {spark_submit.py:649} INFO - 24/10/13 15:37:05 INFO BlockManagerInfo: Added broadcast_6_piece0 in memory on yellow-cab-airflow-scheduler:44367 (size: 14.9 KiB, free: 1048.7 MiB)
[2024-10-13T15:37:05.910+0000] {spark_submit.py:649} INFO - 24/10/13 15:37:05 INFO SparkContext: Created broadcast 6 from broadcast at DAGScheduler.scala:1585
[2024-10-13T15:37:05.910+0000] {spark_submit.py:649} INFO - 24/10/13 15:37:05 INFO BlockManagerInfo: Removed broadcast_4_piece0 on yellow-cab-airflow-scheduler:44367 in memory (size: 21.0 KiB, free: 1048.7 MiB)
[2024-10-13T15:37:05.911+0000] {spark_submit.py:649} INFO - 24/10/13 15:37:05 INFO DAGScheduler: Submitting 4 missing tasks from ShuffleMapStage 6 (MapPartitionsRDD[16] at toPandas at /spark-scripts/taxi_etl.py:140) (first 15 tasks are for partitions Vector(0, 1, 2, 3))
[2024-10-13T15:37:05.911+0000] {spark_submit.py:649} INFO - 24/10/13 15:37:05 INFO TaskSchedulerImpl: Adding task set 6.0 with 4 tasks resource profile 0
[2024-10-13T15:37:05.912+0000] {spark_submit.py:649} INFO - 24/10/13 15:37:05 INFO TaskSetManager: Starting task 0.0 in stage 6.0 (TID 7) (172.24.0.3, executor 0, partition 0, PROCESS_LOCAL, 9983 bytes)
[2024-10-13T15:37:05.913+0000] {spark_submit.py:649} INFO - 24/10/13 15:37:05 INFO TaskSetManager: Starting task 1.0 in stage 6.0 (TID 8) (172.24.0.3, executor 0, partition 1, PROCESS_LOCAL, 9983 bytes)
[2024-10-13T15:37:05.915+0000] {spark_submit.py:649} INFO - 24/10/13 15:37:05 INFO TaskSetManager: Starting task 2.0 in stage 6.0 (TID 9) (172.24.0.3, executor 0, partition 2, PROCESS_LOCAL, 9983 bytes)
[2024-10-13T15:37:05.918+0000] {spark_submit.py:649} INFO - 24/10/13 15:37:05 INFO TaskSetManager: Starting task 3.0 in stage 6.0 (TID 10) (172.24.0.3, executor 0, partition 3, PROCESS_LOCAL, 9983 bytes)
[2024-10-13T15:37:05.925+0000] {spark_submit.py:649} INFO - 24/10/13 15:37:05 INFO BlockManagerInfo: Removed broadcast_4_piece0 on 172.24.0.3:33609 in memory (size: 21.0 KiB, free: 4.6 GiB)
[2024-10-13T15:37:05.931+0000] {spark_submit.py:649} INFO - 24/10/13 15:37:05 INFO BlockManagerInfo: Added broadcast_6_piece0 in memory on 172.24.0.3:33609 (size: 14.9 KiB, free: 4.6 GiB)
[2024-10-13T15:37:06.022+0000] {spark_submit.py:649} INFO - 24/10/13 15:37:06 INFO BlockManagerInfo: Added broadcast_5_piece0 in memory on 172.24.0.3:33609 (size: 35.5 KiB, free: 4.6 GiB)
[2024-10-13T15:37:09.127+0000] {spark_submit.py:649} INFO - 24/10/13 15:37:09 INFO TaskSetManager: Finished task 3.0 in stage 6.0 (TID 10) in 3208 ms on 172.24.0.3 (executor 0) (1/4)
[2024-10-13T15:37:09.133+0000] {spark_submit.py:649} INFO - 24/10/13 15:37:09 INFO TaskSetManager: Finished task 2.0 in stage 6.0 (TID 9) in 3214 ms on 172.24.0.3 (executor 0) (2/4)
[2024-10-13T15:37:09.139+0000] {spark_submit.py:649} INFO - 24/10/13 15:37:09 INFO TaskSetManager: Finished task 0.0 in stage 6.0 (TID 7) in 3227 ms on 172.24.0.3 (executor 0) (3/4)
[2024-10-13T15:37:09.171+0000] {spark_submit.py:649} INFO - 24/10/13 15:37:09 INFO TaskSetManager: Finished task 1.0 in stage 6.0 (TID 8) in 3258 ms on 172.24.0.3 (executor 0) (4/4)
[2024-10-13T15:37:09.171+0000] {spark_submit.py:649} INFO - 24/10/13 15:37:09 INFO TaskSchedulerImpl: Removed TaskSet 6.0, whose tasks have all completed, from pool
[2024-10-13T15:37:09.172+0000] {spark_submit.py:649} INFO - 24/10/13 15:37:09 INFO DAGScheduler: ShuffleMapStage 6 (toPandas at /spark-scripts/taxi_etl.py:140) finished in 3.269 s
[2024-10-13T15:37:09.173+0000] {spark_submit.py:649} INFO - 24/10/13 15:37:09 INFO DAGScheduler: looking for newly runnable stages
[2024-10-13T15:37:09.173+0000] {spark_submit.py:649} INFO - 24/10/13 15:37:09 INFO DAGScheduler: running: Set()
[2024-10-13T15:37:09.173+0000] {spark_submit.py:649} INFO - 24/10/13 15:37:09 INFO DAGScheduler: waiting: Set()
[2024-10-13T15:37:09.173+0000] {spark_submit.py:649} INFO - 24/10/13 15:37:09 INFO DAGScheduler: failed: Set()
[2024-10-13T15:37:09.186+0000] {spark_submit.py:649} INFO - 24/10/13 15:37:09 INFO ShufflePartitionsUtil: For shuffle(2), advisory target size: 67108864, actual target size 1511739, minimum partition size: 1048576
[2024-10-13T15:37:09.254+0000] {spark_submit.py:649} INFO - 24/10/13 15:37:09 INFO CodeGenerator: Code generated in 36.863292 ms
[2024-10-13T15:37:09.281+0000] {spark_submit.py:649} INFO - 24/10/13 15:37:09 INFO SparkContext: Starting job: toPandas at /spark-scripts/taxi_etl.py:140
[2024-10-13T15:37:09.282+0000] {spark_submit.py:649} INFO - 24/10/13 15:37:09 INFO DAGScheduler: Got job 5 (toPandas at /spark-scripts/taxi_etl.py:140) with 4 output partitions
[2024-10-13T15:37:09.282+0000] {spark_submit.py:649} INFO - 24/10/13 15:37:09 INFO DAGScheduler: Final stage: ResultStage 8 (toPandas at /spark-scripts/taxi_etl.py:140)
[2024-10-13T15:37:09.282+0000] {spark_submit.py:649} INFO - 24/10/13 15:37:09 INFO DAGScheduler: Parents of final stage: List(ShuffleMapStage 7)
[2024-10-13T15:37:09.283+0000] {spark_submit.py:649} INFO - 24/10/13 15:37:09 INFO DAGScheduler: Missing parents: List()
[2024-10-13T15:37:09.283+0000] {spark_submit.py:649} INFO - 24/10/13 15:37:09 INFO DAGScheduler: Submitting ResultStage 8 (MapPartitionsRDD[19] at toPandas at /spark-scripts/taxi_etl.py:140), which has no missing parents
[2024-10-13T15:37:09.297+0000] {spark_submit.py:649} INFO - 24/10/13 15:37:09 INFO MemoryStore: Block broadcast_7 stored as values in memory (estimated size 55.4 KiB, free 1048.2 MiB)
[2024-10-13T15:37:09.324+0000] {spark_submit.py:649} INFO - 24/10/13 15:37:09 INFO MemoryStore: Block broadcast_7_piece0 stored as bytes in memory (estimated size 23.9 KiB, free 1048.2 MiB)
[2024-10-13T15:37:09.328+0000] {spark_submit.py:649} INFO - 24/10/13 15:37:09 INFO BlockManagerInfo: Added broadcast_7_piece0 in memory on yellow-cab-airflow-scheduler:44367 (size: 23.9 KiB, free: 1048.7 MiB)
[2024-10-13T15:37:09.332+0000] {spark_submit.py:649} INFO - 24/10/13 15:37:09 INFO SparkContext: Created broadcast 7 from broadcast at DAGScheduler.scala:1585
[2024-10-13T15:37:09.334+0000] {spark_submit.py:649} INFO - 24/10/13 15:37:09 INFO BlockManagerInfo: Removed broadcast_6_piece0 on yellow-cab-airflow-scheduler:44367 in memory (size: 14.9 KiB, free: 1048.7 MiB)
[2024-10-13T15:37:09.334+0000] {spark_submit.py:649} INFO - 24/10/13 15:37:09 INFO DAGScheduler: Submitting 4 missing tasks from ResultStage 8 (MapPartitionsRDD[19] at toPandas at /spark-scripts/taxi_etl.py:140) (first 15 tasks are for partitions Vector(0, 1, 2, 3))
[2024-10-13T15:37:09.335+0000] {spark_submit.py:649} INFO - 24/10/13 15:37:09 INFO TaskSchedulerImpl: Adding task set 8.0 with 4 tasks resource profile 0
[2024-10-13T15:37:09.337+0000] {spark_submit.py:649} INFO - 24/10/13 15:37:09 INFO TaskSetManager: Starting task 0.0 in stage 8.0 (TID 11) (172.24.0.3, executor 0, partition 0, NODE_LOCAL, 9391 bytes)
[2024-10-13T15:37:09.342+0000] {spark_submit.py:649} INFO - 24/10/13 15:37:09 INFO TaskSetManager: Starting task 1.0 in stage 8.0 (TID 12) (172.24.0.3, executor 0, partition 1, NODE_LOCAL, 9391 bytes)
[2024-10-13T15:37:09.344+0000] {spark_submit.py:649} INFO - 24/10/13 15:37:09 INFO TaskSetManager: Starting task 2.0 in stage 8.0 (TID 13) (172.24.0.3, executor 0, partition 2, NODE_LOCAL, 9391 bytes)
[2024-10-13T15:37:09.346+0000] {spark_submit.py:649} INFO - 24/10/13 15:37:09 INFO TaskSetManager: Starting task 3.0 in stage 8.0 (TID 14) (172.24.0.3, executor 0, partition 3, NODE_LOCAL, 9391 bytes)
[2024-10-13T15:37:09.360+0000] {spark_submit.py:649} INFO - 24/10/13 15:37:09 INFO BlockManagerInfo: Removed broadcast_6_piece0 on 172.24.0.3:33609 in memory (size: 14.9 KiB, free: 4.6 GiB)
[2024-10-13T15:37:09.389+0000] {spark_submit.py:649} INFO - 24/10/13 15:37:09 INFO BlockManagerInfo: Added broadcast_7_piece0 in memory on 172.24.0.3:33609 (size: 23.9 KiB, free: 4.6 GiB)
[2024-10-13T15:37:09.497+0000] {spark_submit.py:649} INFO - 24/10/13 15:37:09 INFO MapOutputTrackerMasterEndpoint: Asked to send map output locations for shuffle 2 to 172.24.0.3:34160
[2024-10-13T15:37:10.042+0000] {spark_submit.py:649} INFO - 24/10/13 15:37:10 INFO BlockManagerInfo: Added taskresult_12 in memory on 172.24.0.3:33609 (size: 3.1 MiB, free: 4.6 GiB)
[2024-10-13T15:37:10.043+0000] {spark_submit.py:649} INFO - 24/10/13 15:37:10 INFO BlockManagerInfo: Added taskresult_13 in memory on 172.24.0.3:33609 (size: 3.0 MiB, free: 4.6 GiB)
[2024-10-13T15:37:10.050+0000] {spark_submit.py:649} INFO - 24/10/13 15:37:10 INFO BlockManagerInfo: Added taskresult_14 in memory on 172.24.0.3:33609 (size: 3.1 MiB, free: 4.6 GiB)
[2024-10-13T15:37:10.056+0000] {spark_submit.py:649} INFO - 24/10/13 15:37:10 INFO BlockManagerInfo: Added taskresult_11 in memory on 172.24.0.3:33609 (size: 3.1 MiB, free: 4.6 GiB)
[2024-10-13T15:37:10.070+0000] {spark_submit.py:649} INFO - 24/10/13 15:37:10 INFO TransportClientFactory: Successfully created connection to /172.24.0.3:33609 after 2 ms (0 ms spent in bootstraps)
[2024-10-13T15:37:10.120+0000] {spark_submit.py:649} INFO - 24/10/13 15:37:10 INFO TaskSetManager: Finished task 2.0 in stage 8.0 (TID 13) in 781 ms on 172.24.0.3 (executor 0) (1/4)
[2024-10-13T15:37:10.124+0000] {spark_submit.py:649} INFO - 24/10/13 15:37:10 INFO TaskSetManager: Finished task 0.0 in stage 8.0 (TID 11) in 787 ms on 172.24.0.3 (executor 0) (2/4)
[2024-10-13T15:37:10.127+0000] {spark_submit.py:649} INFO - 24/10/13 15:37:10 INFO BlockManagerInfo: Removed taskresult_11 on 172.24.0.3:33609 in memory (size: 3.1 MiB, free: 4.6 GiB)
[2024-10-13T15:37:10.128+0000] {spark_submit.py:649} INFO - 24/10/13 15:37:10 INFO BlockManagerInfo: Removed taskresult_13 on 172.24.0.3:33609 in memory (size: 3.0 MiB, free: 4.6 GiB)
[2024-10-13T15:37:10.168+0000] {spark_submit.py:649} INFO - 24/10/13 15:37:10 INFO TaskSetManager: Finished task 3.0 in stage 8.0 (TID 14) in 827 ms on 172.24.0.3 (executor 0) (3/4)
[2024-10-13T15:37:10.173+0000] {spark_submit.py:649} INFO - 24/10/13 15:37:10 INFO TaskSetManager: Finished task 1.0 in stage 8.0 (TID 12) in 835 ms on 172.24.0.3 (executor 0) (4/4)
[2024-10-13T15:37:10.174+0000] {spark_submit.py:649} INFO - 24/10/13 15:37:10 INFO TaskSchedulerImpl: Removed TaskSet 8.0, whose tasks have all completed, from pool
[2024-10-13T15:37:10.175+0000] {spark_submit.py:649} INFO - 24/10/13 15:37:10 INFO DAGScheduler: ResultStage 8 (toPandas at /spark-scripts/taxi_etl.py:140) finished in 0.885 s
[2024-10-13T15:37:10.176+0000] {spark_submit.py:649} INFO - 24/10/13 15:37:10 INFO BlockManagerInfo: Removed taskresult_14 on 172.24.0.3:33609 in memory (size: 3.1 MiB, free: 4.6 GiB)
[2024-10-13T15:37:10.177+0000] {spark_submit.py:649} INFO - 24/10/13 15:37:10 INFO DAGScheduler: Job 5 is finished. Cancelling potential speculative or zombie tasks for this job
[2024-10-13T15:37:10.179+0000] {spark_submit.py:649} INFO - 24/10/13 15:37:10 INFO TaskSchedulerImpl: Killing all running tasks in stage 8: Stage finished
[2024-10-13T15:37:10.180+0000] {spark_submit.py:649} INFO - 24/10/13 15:37:10 INFO DAGScheduler: Job 5 finished: toPandas at /spark-scripts/taxi_etl.py:140, took 0.893977 s
[2024-10-13T15:37:10.180+0000] {spark_submit.py:649} INFO - 24/10/13 15:37:10 INFO BlockManagerInfo: Removed taskresult_12 on 172.24.0.3:33609 in memory (size: 3.1 MiB, free: 4.6 GiB)
[2024-10-13T15:37:10.198+0000] {spark_submit.py:649} INFO - 24/10/13 15:37:10 INFO BlockManagerInfo: Removed broadcast_7_piece0 on yellow-cab-airflow-scheduler:44367 in memory (size: 23.9 KiB, free: 1048.7 MiB)
[2024-10-13T15:37:10.201+0000] {spark_submit.py:649} INFO - 24/10/13 15:37:10 INFO BlockManagerInfo: Removed broadcast_7_piece0 on 172.24.0.3:33609 in memory (size: 23.9 KiB, free: 4.6 GiB)
[2024-10-13T15:37:34.746+0000] {spark_submit.py:649} INFO - Traceback (most recent call last):
[2024-10-13T15:37:34.772+0000] {spark_submit.py:649} INFO - File "/spark-scripts/taxi_etl.py", line 160, in <module>
[2024-10-13T15:37:34.772+0000] {spark_submit.py:649} INFO - main()
[2024-10-13T15:37:34.773+0000] {spark_submit.py:649} INFO - File "/spark-scripts/taxi_etl.py", line 155, in main
[2024-10-13T15:37:34.773+0000] {spark_submit.py:649} INFO - fact_trip_write.result()
[2024-10-13T15:37:34.773+0000] {spark_submit.py:649} INFO - File "/home/airflow/.local/lib/python3.9/site-packages/google/cloud/bigquery/job/query.py", line 1626, in result
[2024-10-13T15:37:34.773+0000] {spark_submit.py:649} INFO - while not is_job_done():
[2024-10-13T15:37:34.774+0000] {spark_submit.py:649} INFO - File "/home/airflow/.local/lib/python3.9/site-packages/google/api_core/retry/retry_unary.py", line 293, in retry_wrapped_func
[2024-10-13T15:37:34.774+0000] {spark_submit.py:649} INFO - return retry_target(
[2024-10-13T15:37:34.774+0000] {spark_submit.py:649} INFO - File "/home/airflow/.local/lib/python3.9/site-packages/google/api_core/retry/retry_unary.py", line 153, in retry_target
[2024-10-13T15:37:34.774+0000] {spark_submit.py:649} INFO - _retry_error_helper(
[2024-10-13T15:37:34.775+0000] {spark_submit.py:649} INFO - File "/home/airflow/.local/lib/python3.9/site-packages/google/api_core/retry/retry_base.py", line 212, in _retry_error_helper
[2024-10-13T15:37:34.775+0000] {spark_submit.py:649} INFO - raise final_exc from source_exc
[2024-10-13T15:37:34.775+0000] {spark_submit.py:649} INFO - File "/home/airflow/.local/lib/python3.9/site-packages/google/api_core/retry/retry_unary.py", line 144, in retry_target
[2024-10-13T15:37:34.775+0000] {spark_submit.py:649} INFO - result = target()
[2024-10-13T15:37:34.776+0000] {spark_submit.py:649} INFO - File "/home/airflow/.local/lib/python3.9/site-packages/google/cloud/bigquery/job/query.py", line 1577, in is_job_done
[2024-10-13T15:37:34.776+0000] {spark_submit.py:649} INFO - raise job_failed_exception
[2024-10-13T15:37:34.776+0000] {spark_submit.py:649} INFO - google.api_core.exceptions.BadRequest: 400 Cannot set write disposition in jobs with DDL statements; reason: invalidQuery, message: Cannot set write disposition in jobs with DDL statements
[2024-10-13T15:37:34.777+0000] {spark_submit.py:649} INFO - 
[2024-10-13T15:37:34.777+0000] {spark_submit.py:649} INFO - Location: asia-southeast2
[2024-10-13T15:37:34.777+0000] {spark_submit.py:649} INFO - Job ID: 671d6eb9-ca86-48bd-9cc6-413c97155421
[2024-10-13T15:37:34.777+0000] {spark_submit.py:649} INFO - 
[2024-10-13T15:37:35.123+0000] {spark_submit.py:649} INFO - 24/10/13 15:37:35 INFO SparkContext: Invoking stop() from shutdown hook
[2024-10-13T15:37:35.123+0000] {spark_submit.py:649} INFO - 24/10/13 15:37:35 INFO SparkContext: SparkContext is stopping with exitCode 0.
[2024-10-13T15:37:35.142+0000] {spark_submit.py:649} INFO - 24/10/13 15:37:35 INFO SparkUI: Stopped Spark web UI at http://yellow-cab-airflow-scheduler:4040
[2024-10-13T15:37:35.145+0000] {spark_submit.py:649} INFO - 24/10/13 15:37:35 INFO StandaloneSchedulerBackend: Shutting down all executors
[2024-10-13T15:37:35.146+0000] {spark_submit.py:649} INFO - 24/10/13 15:37:35 INFO StandaloneSchedulerBackend$StandaloneDriverEndpoint: Asking each executor to shut down
[2024-10-13T15:37:35.179+0000] {spark_submit.py:649} INFO - 24/10/13 15:37:35 INFO MapOutputTrackerMasterEndpoint: MapOutputTrackerMasterEndpoint stopped!
[2024-10-13T15:37:35.232+0000] {spark_submit.py:649} INFO - 24/10/13 15:37:35 INFO MemoryStore: MemoryStore cleared
[2024-10-13T15:37:35.233+0000] {spark_submit.py:649} INFO - 24/10/13 15:37:35 INFO BlockManager: BlockManager stopped
[2024-10-13T15:37:35.235+0000] {spark_submit.py:649} INFO - 24/10/13 15:37:35 INFO BlockManagerMaster: BlockManagerMaster stopped
[2024-10-13T15:37:35.237+0000] {spark_submit.py:649} INFO - 24/10/13 15:37:35 INFO OutputCommitCoordinator$OutputCommitCoordinatorEndpoint: OutputCommitCoordinator stopped!
[2024-10-13T15:37:35.282+0000] {spark_submit.py:649} INFO - 24/10/13 15:37:35 INFO SparkContext: Successfully stopped SparkContext
[2024-10-13T15:37:35.283+0000] {spark_submit.py:649} INFO - 24/10/13 15:37:35 INFO ShutdownHookManager: Shutdown hook called
[2024-10-13T15:37:35.283+0000] {spark_submit.py:649} INFO - 24/10/13 15:37:35 INFO ShutdownHookManager: Deleting directory /tmp/spark-fbbe4085-7db9-4b42-bc4a-8f11c410e888
[2024-10-13T15:37:35.304+0000] {spark_submit.py:649} INFO - 24/10/13 15:37:35 INFO ShutdownHookManager: Deleting directory /tmp/spark-fbbe4085-7db9-4b42-bc4a-8f11c410e888/pyspark-59cfeb32-7bdb-4c08-be54-b3ceb4cf4006
[2024-10-13T15:37:35.330+0000] {spark_submit.py:649} INFO - 24/10/13 15:37:35 INFO ShutdownHookManager: Deleting directory /tmp/spark-e30516aa-2fc1-4eba-989c-3de8537e1ead
[2024-10-13T15:37:35.389+0000] {taskinstance.py:441} INFO - ::group::Post task execution logs
[2024-10-13T15:37:35.416+0000] {taskinstance.py:2905} ERROR - Task failed with exception
Traceback (most recent call last):
  File "/home/airflow/.local/lib/python3.9/site-packages/airflow/models/taskinstance.py", line 465, in _execute_task
    result = _execute_callable(context=context, **execute_callable_kwargs)
  File "/home/airflow/.local/lib/python3.9/site-packages/airflow/models/taskinstance.py", line 432, in _execute_callable
    return execute_callable(context=context, **execute_callable_kwargs)
  File "/home/airflow/.local/lib/python3.9/site-packages/airflow/models/baseoperator.py", line 400, in wrapper
    return func(self, *args, **kwargs)
  File "/home/airflow/.local/lib/python3.9/site-packages/airflow/providers/apache/spark/operators/spark_submit.py", line 176, in execute
    self._hook.submit(self.application)
  File "/home/airflow/.local/lib/python3.9/site-packages/airflow/providers/apache/spark/hooks/spark_submit.py", line 575, in submit
    raise AirflowException(
airflow.exceptions.AirflowException: Cannot execute: spark-submit --master spark://spark-master:7077 --conf spark.jars.packages=org.apache.sedona:sedona-python-adapter-3.0_2.12:1.2.0-incubating,org.datasyslab:geotools-wrapper:geotools-24.0 --conf spark.jars.repositories=https://repo1.maven.org/maven2/ --conf spark.executor.memory=8g --conf spark.driver.maxResultSize=8g --conf spark.driver.memory=2g --name arrow-spark --deploy-mode client /spark-scripts/taxi_etl.py. Error code is: 1.
[2024-10-13T15:37:35.421+0000] {taskinstance.py:1206} INFO - Marking task as FAILED. dag_id=etl_yellow_cab, task_id=etl_task, run_id=manual__2024-10-13T15:26:29.490243+00:00, execution_date=20241013T152629, start_date=20241013T153649, end_date=20241013T153735
[2024-10-13T15:37:35.451+0000] {standard_task_runner.py:110} ERROR - Failed to execute job 80 for task etl_task (Cannot execute: spark-submit --master spark://spark-master:7077 --conf spark.jars.packages=org.apache.sedona:sedona-python-adapter-3.0_2.12:1.2.0-incubating,org.datasyslab:geotools-wrapper:geotools-24.0 --conf spark.jars.repositories=https://repo1.maven.org/maven2/ --conf spark.executor.memory=8g --conf spark.driver.maxResultSize=8g --conf spark.driver.memory=2g --name arrow-spark --deploy-mode client /spark-scripts/taxi_etl.py. Error code is: 1.; 31293)
[2024-10-13T15:37:35.463+0000] {local_task_job_runner.py:240} INFO - Task exited with return code 1
[2024-10-13T15:37:35.478+0000] {taskinstance.py:3498} INFO - 0 downstream tasks scheduled from follow-on schedule check
[2024-10-13T15:37:35.479+0000] {local_task_job_runner.py:222} INFO - ::endgroup::
