[2024-10-13T16:30:04.618+0000] {local_task_job_runner.py:120} INFO - ::group::Pre task execution logs
[2024-10-13T16:30:04.645+0000] {taskinstance.py:2076} INFO - Dependencies all met for dep_context=non-requeueable deps ti=<TaskInstance: etl_yellow_cab.etl_task manual__2024-10-13T15:26:29.490243+00:00 [queued]>
[2024-10-13T16:30:04.649+0000] {taskinstance.py:2076} INFO - Dependencies all met for dep_context=requeueable deps ti=<TaskInstance: etl_yellow_cab.etl_task manual__2024-10-13T15:26:29.490243+00:00 [queued]>
[2024-10-13T16:30:04.650+0000] {taskinstance.py:2306} INFO - Starting attempt 8 of 8
[2024-10-13T16:30:04.657+0000] {taskinstance.py:2330} INFO - Executing <Task(SparkSubmitOperator): etl_task> on 2024-10-13 15:26:29.490243+00:00
[2024-10-13T16:30:04.660+0000] {standard_task_runner.py:63} INFO - Started process 32633 to run task
[2024-10-13T16:30:04.665+0000] {standard_task_runner.py:90} INFO - Running: ['airflow', 'tasks', 'run', 'etl_yellow_cab', 'etl_task', 'manual__2024-10-13T15:26:29.490243+00:00', '--job-id', '83', '--raw', '--subdir', 'DAGS_FOLDER/yellow-cab-batch.py', '--cfg-path', '/tmp/tmpsczu00l6']
[2024-10-13T16:30:04.668+0000] {standard_task_runner.py:91} INFO - Job 83: Subtask etl_task
[2024-10-13T16:30:04.682+0000] {logging_mixin.py:188} WARNING - /home/airflow/.local/lib/python3.9/site-packages/airflow/settings.py:195 DeprecationWarning: The sql_alchemy_conn option in [core] has been moved to the sql_alchemy_conn option in [database] - the old setting has been used, but please update your config.
[2024-10-13T16:30:04.704+0000] {task_command.py:426} INFO - Running <TaskInstance: etl_yellow_cab.etl_task manual__2024-10-13T15:26:29.490243+00:00 [running]> on host yellow-cab-airflow-scheduler
[2024-10-13T16:30:04.772+0000] {taskinstance.py:2648} INFO - Exporting env vars: AIRFLOW_CTX_DAG_OWNER='hafidz' AIRFLOW_CTX_DAG_ID='etl_yellow_cab' AIRFLOW_CTX_TASK_ID='etl_task' AIRFLOW_CTX_EXECUTION_DATE='2024-10-13T15:26:29.490243+00:00' AIRFLOW_CTX_TRY_NUMBER='8' AIRFLOW_CTX_DAG_RUN_ID='manual__2024-10-13T15:26:29.490243+00:00'
[2024-10-13T16:30:04.773+0000] {taskinstance.py:430} INFO - ::endgroup::
[2024-10-13T16:30:04.790+0000] {base.py:84} INFO - Using connection ID 'spark_main' for task execution.
[2024-10-13T16:30:04.792+0000] {spark_submit.py:473} INFO - Spark-Submit cmd: spark-submit --master spark://spark-master:7077 --conf spark.jars.packages=org.apache.sedona:sedona-python-adapter-3.0_2.12:1.2.0-incubating,org.datasyslab:geotools-wrapper:geotools-24.0 --conf spark.jars.repositories=https://repo1.maven.org/maven2/ --conf spark.executor.memory=8g --conf spark.driver.maxResultSize=8g --conf spark.driver.memory=2g --name arrow-spark --deploy-mode client /spark-scripts/taxi_etl.py
[2024-10-13T16:30:05.766+0000] {spark_submit.py:649} INFO - https://repo1.maven.org/maven2/ added as a remote repository with the name: repo-1
[2024-10-13T16:30:05.782+0000] {spark_submit.py:649} INFO - :: loading settings :: url = jar:file:/home/airflow/.local/lib/python3.9/site-packages/pyspark/jars/ivy-2.5.1.jar!/org/apache/ivy/core/settings/ivysettings.xml
[2024-10-13T16:30:05.819+0000] {spark_submit.py:649} INFO - Ivy Default Cache set to: /home/airflow/.ivy2/cache
[2024-10-13T16:30:05.819+0000] {spark_submit.py:649} INFO - The jars for the packages stored in: /home/airflow/.ivy2/jars
[2024-10-13T16:30:05.821+0000] {spark_submit.py:649} INFO - org.apache.sedona#sedona-python-adapter-3.0_2.12 added as a dependency
[2024-10-13T16:30:05.821+0000] {spark_submit.py:649} INFO - org.datasyslab#geotools-wrapper added as a dependency
[2024-10-13T16:30:05.821+0000] {spark_submit.py:649} INFO - :: resolving dependencies :: org.apache.spark#spark-submit-parent-7328262d-e353-4acb-9e80-23b0cd2abfc2;1.0
[2024-10-13T16:30:05.821+0000] {spark_submit.py:649} INFO - confs: [default]
[2024-10-13T16:30:05.883+0000] {spark_submit.py:649} INFO - found org.apache.sedona#sedona-python-adapter-3.0_2.12;1.2.0-incubating in central
[2024-10-13T16:30:05.900+0000] {spark_submit.py:649} INFO - found org.locationtech.jts#jts-core;1.18.0 in central
[2024-10-13T16:30:05.913+0000] {spark_submit.py:649} INFO - found org.wololo#jts2geojson;0.16.1 in central
[2024-10-13T16:30:05.930+0000] {spark_submit.py:649} INFO - found org.apache.sedona#sedona-core-3.0_2.12;1.2.0-incubating in central
[2024-10-13T16:30:05.942+0000] {spark_submit.py:649} INFO - found org.scala-lang.modules#scala-collection-compat_2.12;2.5.0 in central
[2024-10-13T16:30:05.953+0000] {spark_submit.py:649} INFO - found org.apache.sedona#sedona-sql-3.0_2.12;1.2.0-incubating in central
[2024-10-13T16:30:05.966+0000] {spark_submit.py:649} INFO - found org.datasyslab#geotools-wrapper;geotools-24.0 in central
[2024-10-13T16:30:05.978+0000] {spark_submit.py:649} INFO - :: resolution report :: resolve 152ms :: artifacts dl 5ms
[2024-10-13T16:30:05.979+0000] {spark_submit.py:649} INFO - :: modules in use:
[2024-10-13T16:30:05.979+0000] {spark_submit.py:649} INFO - org.apache.sedona#sedona-core-3.0_2.12;1.2.0-incubating from central in [default]
[2024-10-13T16:30:05.979+0000] {spark_submit.py:649} INFO - org.apache.sedona#sedona-python-adapter-3.0_2.12;1.2.0-incubating from central in [default]
[2024-10-13T16:30:05.979+0000] {spark_submit.py:649} INFO - org.apache.sedona#sedona-sql-3.0_2.12;1.2.0-incubating from central in [default]
[2024-10-13T16:30:05.979+0000] {spark_submit.py:649} INFO - org.datasyslab#geotools-wrapper;geotools-24.0 from central in [default]
[2024-10-13T16:30:05.979+0000] {spark_submit.py:649} INFO - org.locationtech.jts#jts-core;1.18.0 from central in [default]
[2024-10-13T16:30:05.980+0000] {spark_submit.py:649} INFO - org.scala-lang.modules#scala-collection-compat_2.12;2.5.0 from central in [default]
[2024-10-13T16:30:05.980+0000] {spark_submit.py:649} INFO - org.wololo#jts2geojson;0.16.1 from central in [default]
[2024-10-13T16:30:05.980+0000] {spark_submit.py:649} INFO - ---------------------------------------------------------------------
[2024-10-13T16:30:05.980+0000] {spark_submit.py:649} INFO - |                  |            modules            ||   artifacts   |
[2024-10-13T16:30:05.980+0000] {spark_submit.py:649} INFO - |       conf       | number| search|dwnlded|evicted|| number|dwnlded|
[2024-10-13T16:30:05.980+0000] {spark_submit.py:649} INFO - ---------------------------------------------------------------------
[2024-10-13T16:30:05.980+0000] {spark_submit.py:649} INFO - |      default     |   7   |   0   |   0   |   0   ||   7   |   0   |
[2024-10-13T16:30:05.980+0000] {spark_submit.py:649} INFO - ---------------------------------------------------------------------
[2024-10-13T16:30:05.982+0000] {spark_submit.py:649} INFO - :: retrieving :: org.apache.spark#spark-submit-parent-7328262d-e353-4acb-9e80-23b0cd2abfc2
[2024-10-13T16:30:05.982+0000] {spark_submit.py:649} INFO - confs: [default]
[2024-10-13T16:30:05.987+0000] {spark_submit.py:649} INFO - 0 artifacts copied, 7 already retrieved (0kB/5ms)
[2024-10-13T16:30:06.091+0000] {spark_submit.py:649} INFO - 24/10/13 16:30:06 WARN NativeCodeLoader: Unable to load native-hadoop library for your platform... using builtin-java classes where applicable
[2024-10-13T16:30:07.487+0000] {spark_submit.py:649} INFO - 24/10/13 16:30:07 INFO SparkContext: Running Spark version 3.5.1
[2024-10-13T16:30:07.487+0000] {spark_submit.py:649} INFO - 24/10/13 16:30:07 INFO SparkContext: OS info Linux, 6.10.4-linuxkit, aarch64
[2024-10-13T16:30:07.488+0000] {spark_submit.py:649} INFO - 24/10/13 16:30:07 INFO SparkContext: Java version 17.0.12
[2024-10-13T16:30:07.497+0000] {spark_submit.py:649} INFO - 24/10/13 16:30:07 INFO ResourceUtils: ==============================================================
[2024-10-13T16:30:07.497+0000] {spark_submit.py:649} INFO - 24/10/13 16:30:07 INFO ResourceUtils: No custom resources configured for spark.driver.
[2024-10-13T16:30:07.497+0000] {spark_submit.py:649} INFO - 24/10/13 16:30:07 INFO ResourceUtils: ==============================================================
[2024-10-13T16:30:07.497+0000] {spark_submit.py:649} INFO - 24/10/13 16:30:07 INFO SparkContext: Submitted application: BigQueryETL
[2024-10-13T16:30:07.506+0000] {spark_submit.py:649} INFO - 24/10/13 16:30:07 INFO ResourceProfile: Default ResourceProfile created, executor resources: Map(memory -> name: memory, amount: 8192, script: , vendor: , offHeap -> name: offHeap, amount: 0, script: , vendor: ), task resources: Map(cpus -> name: cpus, amount: 1.0)
[2024-10-13T16:30:07.510+0000] {spark_submit.py:649} INFO - 24/10/13 16:30:07 INFO ResourceProfile: Limiting resource is cpu
[2024-10-13T16:30:07.510+0000] {spark_submit.py:649} INFO - 24/10/13 16:30:07 INFO ResourceProfileManager: Added ResourceProfile id: 0
[2024-10-13T16:30:07.534+0000] {spark_submit.py:649} INFO - 24/10/13 16:30:07 INFO SecurityManager: Changing view acls to: airflow
[2024-10-13T16:30:07.534+0000] {spark_submit.py:649} INFO - 24/10/13 16:30:07 INFO SecurityManager: Changing modify acls to: airflow
[2024-10-13T16:30:07.534+0000] {spark_submit.py:649} INFO - 24/10/13 16:30:07 INFO SecurityManager: Changing view acls groups to:
[2024-10-13T16:30:07.534+0000] {spark_submit.py:649} INFO - 24/10/13 16:30:07 INFO SecurityManager: Changing modify acls groups to:
[2024-10-13T16:30:07.534+0000] {spark_submit.py:649} INFO - 24/10/13 16:30:07 INFO SecurityManager: SecurityManager: authentication disabled; ui acls disabled; users with view permissions: airflow; groups with view permissions: EMPTY; users with modify permissions: airflow; groups with modify permissions: EMPTY
[2024-10-13T16:30:07.647+0000] {spark_submit.py:649} INFO - 24/10/13 16:30:07 INFO Utils: Successfully started service 'sparkDriver' on port 36197.
[2024-10-13T16:30:07.660+0000] {spark_submit.py:649} INFO - 24/10/13 16:30:07 INFO SparkEnv: Registering MapOutputTracker
[2024-10-13T16:30:07.683+0000] {spark_submit.py:649} INFO - 24/10/13 16:30:07 INFO SparkEnv: Registering BlockManagerMaster
[2024-10-13T16:30:07.690+0000] {spark_submit.py:649} INFO - 24/10/13 16:30:07 INFO BlockManagerMasterEndpoint: Using org.apache.spark.storage.DefaultTopologyMapper for getting topology information
[2024-10-13T16:30:07.690+0000] {spark_submit.py:649} INFO - 24/10/13 16:30:07 INFO BlockManagerMasterEndpoint: BlockManagerMasterEndpoint up
[2024-10-13T16:30:07.692+0000] {spark_submit.py:649} INFO - 24/10/13 16:30:07 INFO SparkEnv: Registering BlockManagerMasterHeartbeat
[2024-10-13T16:30:07.704+0000] {spark_submit.py:649} INFO - 24/10/13 16:30:07 INFO DiskBlockManager: Created local directory at /tmp/blockmgr-1ed27577-25b8-45ea-8025-a45a3024beea
[2024-10-13T16:30:07.709+0000] {spark_submit.py:649} INFO - 24/10/13 16:30:07 INFO MemoryStore: MemoryStore started with capacity 1048.8 MiB
[2024-10-13T16:30:07.715+0000] {spark_submit.py:649} INFO - 24/10/13 16:30:07 INFO SparkEnv: Registering OutputCommitCoordinator
[2024-10-13T16:30:07.775+0000] {spark_submit.py:649} INFO - 24/10/13 16:30:07 INFO JettyUtils: Start Jetty 0.0.0.0:4040 for SparkUI
[2024-10-13T16:30:07.799+0000] {spark_submit.py:649} INFO - 24/10/13 16:30:07 INFO Utils: Successfully started service 'SparkUI' on port 4040.
[2024-10-13T16:30:07.813+0000] {spark_submit.py:649} INFO - 24/10/13 16:30:07 INFO SparkContext: Added JAR file:///home/airflow/.ivy2/jars/org.apache.sedona_sedona-python-adapter-3.0_2.12-1.2.0-incubating.jar at spark://yellow-cab-airflow-scheduler:36197/jars/org.apache.sedona_sedona-python-adapter-3.0_2.12-1.2.0-incubating.jar with timestamp 1728837007483
[2024-10-13T16:30:07.813+0000] {spark_submit.py:649} INFO - 24/10/13 16:30:07 INFO SparkContext: Added JAR file:///home/airflow/.ivy2/jars/org.datasyslab_geotools-wrapper-geotools-24.0.jar at spark://yellow-cab-airflow-scheduler:36197/jars/org.datasyslab_geotools-wrapper-geotools-24.0.jar with timestamp 1728837007483
[2024-10-13T16:30:07.813+0000] {spark_submit.py:649} INFO - 24/10/13 16:30:07 INFO SparkContext: Added JAR file:///home/airflow/.ivy2/jars/org.locationtech.jts_jts-core-1.18.0.jar at spark://yellow-cab-airflow-scheduler:36197/jars/org.locationtech.jts_jts-core-1.18.0.jar with timestamp 1728837007483
[2024-10-13T16:30:07.813+0000] {spark_submit.py:649} INFO - 24/10/13 16:30:07 INFO SparkContext: Added JAR file:///home/airflow/.ivy2/jars/org.wololo_jts2geojson-0.16.1.jar at spark://yellow-cab-airflow-scheduler:36197/jars/org.wololo_jts2geojson-0.16.1.jar with timestamp 1728837007483
[2024-10-13T16:30:07.813+0000] {spark_submit.py:649} INFO - 24/10/13 16:30:07 INFO SparkContext: Added JAR file:///home/airflow/.ivy2/jars/org.apache.sedona_sedona-core-3.0_2.12-1.2.0-incubating.jar at spark://yellow-cab-airflow-scheduler:36197/jars/org.apache.sedona_sedona-core-3.0_2.12-1.2.0-incubating.jar with timestamp 1728837007483
[2024-10-13T16:30:07.814+0000] {spark_submit.py:649} INFO - 24/10/13 16:30:07 INFO SparkContext: Added JAR file:///home/airflow/.ivy2/jars/org.apache.sedona_sedona-sql-3.0_2.12-1.2.0-incubating.jar at spark://yellow-cab-airflow-scheduler:36197/jars/org.apache.sedona_sedona-sql-3.0_2.12-1.2.0-incubating.jar with timestamp 1728837007483
[2024-10-13T16:30:07.814+0000] {spark_submit.py:649} INFO - 24/10/13 16:30:07 INFO SparkContext: Added JAR file:///home/airflow/.ivy2/jars/org.scala-lang.modules_scala-collection-compat_2.12-2.5.0.jar at spark://yellow-cab-airflow-scheduler:36197/jars/org.scala-lang.modules_scala-collection-compat_2.12-2.5.0.jar with timestamp 1728837007483
[2024-10-13T16:30:07.815+0000] {spark_submit.py:649} INFO - 24/10/13 16:30:07 INFO SparkContext: Added file file:///home/airflow/.ivy2/jars/org.apache.sedona_sedona-python-adapter-3.0_2.12-1.2.0-incubating.jar at spark://yellow-cab-airflow-scheduler:36197/files/org.apache.sedona_sedona-python-adapter-3.0_2.12-1.2.0-incubating.jar with timestamp 1728837007483
[2024-10-13T16:30:07.816+0000] {spark_submit.py:649} INFO - 24/10/13 16:30:07 INFO Utils: Copying /home/airflow/.ivy2/jars/org.apache.sedona_sedona-python-adapter-3.0_2.12-1.2.0-incubating.jar to /tmp/spark-d5846e32-a0f2-4ddd-b5fb-0498f56eef33/userFiles-6cf6bf9b-8c24-453f-98c8-b64134159a24/org.apache.sedona_sedona-python-adapter-3.0_2.12-1.2.0-incubating.jar
[2024-10-13T16:30:07.845+0000] {spark_submit.py:649} INFO - 24/10/13 16:30:07 INFO SparkContext: Added file file:///home/airflow/.ivy2/jars/org.datasyslab_geotools-wrapper-geotools-24.0.jar at spark://yellow-cab-airflow-scheduler:36197/files/org.datasyslab_geotools-wrapper-geotools-24.0.jar with timestamp 1728837007483
[2024-10-13T16:30:07.846+0000] {spark_submit.py:649} INFO - 24/10/13 16:30:07 INFO Utils: Copying /home/airflow/.ivy2/jars/org.datasyslab_geotools-wrapper-geotools-24.0.jar to /tmp/spark-d5846e32-a0f2-4ddd-b5fb-0498f56eef33/userFiles-6cf6bf9b-8c24-453f-98c8-b64134159a24/org.datasyslab_geotools-wrapper-geotools-24.0.jar
[2024-10-13T16:30:07.922+0000] {spark_submit.py:649} INFO - 24/10/13 16:30:07 INFO SparkContext: Added file file:///home/airflow/.ivy2/jars/org.locationtech.jts_jts-core-1.18.0.jar at spark://yellow-cab-airflow-scheduler:36197/files/org.locationtech.jts_jts-core-1.18.0.jar with timestamp 1728837007483
[2024-10-13T16:30:07.923+0000] {spark_submit.py:649} INFO - 24/10/13 16:30:07 INFO Utils: Copying /home/airflow/.ivy2/jars/org.locationtech.jts_jts-core-1.18.0.jar to /tmp/spark-d5846e32-a0f2-4ddd-b5fb-0498f56eef33/userFiles-6cf6bf9b-8c24-453f-98c8-b64134159a24/org.locationtech.jts_jts-core-1.18.0.jar
[2024-10-13T16:30:07.949+0000] {spark_submit.py:649} INFO - 24/10/13 16:30:07 INFO SparkContext: Added file file:///home/airflow/.ivy2/jars/org.wololo_jts2geojson-0.16.1.jar at spark://yellow-cab-airflow-scheduler:36197/files/org.wololo_jts2geojson-0.16.1.jar with timestamp 1728837007483
[2024-10-13T16:30:07.949+0000] {spark_submit.py:649} INFO - 24/10/13 16:30:07 INFO Utils: Copying /home/airflow/.ivy2/jars/org.wololo_jts2geojson-0.16.1.jar to /tmp/spark-d5846e32-a0f2-4ddd-b5fb-0498f56eef33/userFiles-6cf6bf9b-8c24-453f-98c8-b64134159a24/org.wololo_jts2geojson-0.16.1.jar
[2024-10-13T16:30:07.970+0000] {spark_submit.py:649} INFO - 24/10/13 16:30:07 INFO SparkContext: Added file file:///home/airflow/.ivy2/jars/org.apache.sedona_sedona-core-3.0_2.12-1.2.0-incubating.jar at spark://yellow-cab-airflow-scheduler:36197/files/org.apache.sedona_sedona-core-3.0_2.12-1.2.0-incubating.jar with timestamp 1728837007483
[2024-10-13T16:30:07.970+0000] {spark_submit.py:649} INFO - 24/10/13 16:30:07 INFO Utils: Copying /home/airflow/.ivy2/jars/org.apache.sedona_sedona-core-3.0_2.12-1.2.0-incubating.jar to /tmp/spark-d5846e32-a0f2-4ddd-b5fb-0498f56eef33/userFiles-6cf6bf9b-8c24-453f-98c8-b64134159a24/org.apache.sedona_sedona-core-3.0_2.12-1.2.0-incubating.jar
[2024-10-13T16:30:07.996+0000] {spark_submit.py:649} INFO - 24/10/13 16:30:07 INFO SparkContext: Added file file:///home/airflow/.ivy2/jars/org.apache.sedona_sedona-sql-3.0_2.12-1.2.0-incubating.jar at spark://yellow-cab-airflow-scheduler:36197/files/org.apache.sedona_sedona-sql-3.0_2.12-1.2.0-incubating.jar with timestamp 1728837007483
[2024-10-13T16:30:07.997+0000] {spark_submit.py:649} INFO - 24/10/13 16:30:07 INFO Utils: Copying /home/airflow/.ivy2/jars/org.apache.sedona_sedona-sql-3.0_2.12-1.2.0-incubating.jar to /tmp/spark-d5846e32-a0f2-4ddd-b5fb-0498f56eef33/userFiles-6cf6bf9b-8c24-453f-98c8-b64134159a24/org.apache.sedona_sedona-sql-3.0_2.12-1.2.0-incubating.jar
[2024-10-13T16:30:08.023+0000] {spark_submit.py:649} INFO - 24/10/13 16:30:08 INFO SparkContext: Added file file:///home/airflow/.ivy2/jars/org.scala-lang.modules_scala-collection-compat_2.12-2.5.0.jar at spark://yellow-cab-airflow-scheduler:36197/files/org.scala-lang.modules_scala-collection-compat_2.12-2.5.0.jar with timestamp 1728837007483
[2024-10-13T16:30:08.023+0000] {spark_submit.py:649} INFO - 24/10/13 16:30:08 INFO Utils: Copying /home/airflow/.ivy2/jars/org.scala-lang.modules_scala-collection-compat_2.12-2.5.0.jar to /tmp/spark-d5846e32-a0f2-4ddd-b5fb-0498f56eef33/userFiles-6cf6bf9b-8c24-453f-98c8-b64134159a24/org.scala-lang.modules_scala-collection-compat_2.12-2.5.0.jar
[2024-10-13T16:30:08.073+0000] {spark_submit.py:649} INFO - 24/10/13 16:30:08 INFO StandaloneAppClient$ClientEndpoint: Connecting to master spark://spark-master:7077...
[2024-10-13T16:30:08.092+0000] {spark_submit.py:649} INFO - 24/10/13 16:30:08 INFO TransportClientFactory: Successfully created connection to spark-master/172.24.0.2:7077 after 10 ms (0 ms spent in bootstraps)
[2024-10-13T16:30:08.146+0000] {spark_submit.py:649} INFO - 24/10/13 16:30:08 INFO StandaloneSchedulerBackend: Connected to Spark cluster with app ID app-20241013163008-0025
[2024-10-13T16:30:08.147+0000] {spark_submit.py:649} INFO - 24/10/13 16:30:08 INFO StandaloneAppClient$ClientEndpoint: Executor added: app-20241013163008-0025/0 on worker-20241011213037-172.24.0.3-36185 (172.24.0.3:36185) with 4 core(s)
[2024-10-13T16:30:08.148+0000] {spark_submit.py:649} INFO - 24/10/13 16:30:08 INFO StandaloneSchedulerBackend: Granted executor ID app-20241013163008-0025/0 on hostPort 172.24.0.3:36185 with 4 core(s), 8.0 GiB RAM
[2024-10-13T16:30:08.151+0000] {spark_submit.py:649} INFO - 24/10/13 16:30:08 INFO Utils: Successfully started service 'org.apache.spark.network.netty.NettyBlockTransferService' on port 43789.
[2024-10-13T16:30:08.151+0000] {spark_submit.py:649} INFO - 24/10/13 16:30:08 INFO NettyBlockTransferService: Server created on yellow-cab-airflow-scheduler:43789
[2024-10-13T16:30:08.152+0000] {spark_submit.py:649} INFO - 24/10/13 16:30:08 INFO BlockManager: Using org.apache.spark.storage.RandomBlockReplicationPolicy for block replication policy
[2024-10-13T16:30:08.155+0000] {spark_submit.py:649} INFO - 24/10/13 16:30:08 INFO BlockManagerMaster: Registering BlockManager BlockManagerId(driver, yellow-cab-airflow-scheduler, 43789, None)
[2024-10-13T16:30:08.157+0000] {spark_submit.py:649} INFO - 24/10/13 16:30:08 INFO BlockManagerMasterEndpoint: Registering block manager yellow-cab-airflow-scheduler:43789 with 1048.8 MiB RAM, BlockManagerId(driver, yellow-cab-airflow-scheduler, 43789, None)
[2024-10-13T16:30:08.159+0000] {spark_submit.py:649} INFO - 24/10/13 16:30:08 INFO BlockManagerMaster: Registered BlockManager BlockManagerId(driver, yellow-cab-airflow-scheduler, 43789, None)
[2024-10-13T16:30:08.160+0000] {spark_submit.py:649} INFO - 24/10/13 16:30:08 INFO BlockManager: Initialized BlockManager: BlockManagerId(driver, yellow-cab-airflow-scheduler, 43789, None)
[2024-10-13T16:30:08.230+0000] {spark_submit.py:649} INFO - 24/10/13 16:30:08 INFO StandaloneAppClient$ClientEndpoint: Executor updated: app-20241013163008-0025/0 is now RUNNING
[2024-10-13T16:30:08.285+0000] {spark_submit.py:649} INFO - 24/10/13 16:30:08 INFO StandaloneSchedulerBackend: SchedulerBackend is ready for scheduling beginning after reached minRegisteredResourcesRatio: 0.0
[2024-10-13T16:30:08.400+0000] {spark_submit.py:649} INFO - /spark-scripts/taxi_etl.py:28: DeprecationWarning: Call to deprecated function registerAll (Deprecated since 1.4.1, use SedonaContext.create() instead.).
[2024-10-13T16:30:08.400+0000] {spark_submit.py:649} INFO - SedonaRegistrator.registerAll(spark)
[2024-10-13T16:30:08.404+0000] {spark_submit.py:649} INFO - 24/10/13 16:30:08 INFO SharedState: Setting hive.metastore.warehouse.dir ('null') to the value of spark.sql.warehouse.dir.
[2024-10-13T16:30:08.406+0000] {spark_submit.py:649} INFO - 24/10/13 16:30:08 INFO SharedState: Warehouse path is 'file:/opt/airflow/spark-warehouse'.
[2024-10-13T16:30:09.722+0000] {spark_submit.py:649} INFO - 24/10/13 16:30:09 INFO StandaloneSchedulerBackend$StandaloneDriverEndpoint: Registered executor NettyRpcEndpointRef(spark-client://Executor) (172.24.0.3:53800) with ID 0,  ResourceProfileId 0
[2024-10-13T16:30:09.764+0000] {spark_submit.py:649} INFO - 24/10/13 16:30:09 INFO BlockManagerMasterEndpoint: Registering block manager 172.24.0.3:36143 with 4.6 GiB RAM, BlockManagerId(0, 172.24.0.3, 36143, None)
[2024-10-13T16:30:09.789+0000] {spark_submit.py:649} INFO - 24/10/13 16:30:09 INFO CodeGenerator: Code generated in 121.599209 ms
[2024-10-13T16:30:09.828+0000] {spark_submit.py:649} INFO - 24/10/13 16:30:09 INFO DAGScheduler: Registering RDD 2 (count at NativeMethodAccessorImpl.java:0) as input to shuffle 0
[2024-10-13T16:30:09.833+0000] {spark_submit.py:649} INFO - 24/10/13 16:30:09 INFO DAGScheduler: Got map stage job 0 (count at NativeMethodAccessorImpl.java:0) with 1 output partitions
[2024-10-13T16:30:09.834+0000] {spark_submit.py:649} INFO - 24/10/13 16:30:09 INFO DAGScheduler: Final stage: ShuffleMapStage 0 (count at NativeMethodAccessorImpl.java:0)
[2024-10-13T16:30:09.834+0000] {spark_submit.py:649} INFO - 24/10/13 16:30:09 INFO DAGScheduler: Parents of final stage: List()
[2024-10-13T16:30:09.834+0000] {spark_submit.py:649} INFO - 24/10/13 16:30:09 INFO DAGScheduler: Missing parents: List()
[2024-10-13T16:30:09.835+0000] {spark_submit.py:649} INFO - 24/10/13 16:30:09 INFO DAGScheduler: Submitting ShuffleMapStage 0 (MapPartitionsRDD[2] at count at NativeMethodAccessorImpl.java:0), which has no missing parents
[2024-10-13T16:30:09.893+0000] {spark_submit.py:649} INFO - 24/10/13 16:30:09 INFO MemoryStore: Block broadcast_0 stored as values in memory (estimated size 11.0 KiB, free 1048.8 MiB)
[2024-10-13T16:30:09.914+0000] {spark_submit.py:649} INFO - 24/10/13 16:30:09 INFO MemoryStore: Block broadcast_0_piece0 stored as bytes in memory (estimated size 5.7 KiB, free 1048.8 MiB)
[2024-10-13T16:30:09.916+0000] {spark_submit.py:649} INFO - 24/10/13 16:30:09 INFO BlockManagerInfo: Added broadcast_0_piece0 in memory on yellow-cab-airflow-scheduler:43789 (size: 5.7 KiB, free: 1048.8 MiB)
[2024-10-13T16:30:09.918+0000] {spark_submit.py:649} INFO - 24/10/13 16:30:09 INFO SparkContext: Created broadcast 0 from broadcast at DAGScheduler.scala:1585
[2024-10-13T16:30:09.928+0000] {spark_submit.py:649} INFO - 24/10/13 16:30:09 INFO DAGScheduler: Submitting 1 missing tasks from ShuffleMapStage 0 (MapPartitionsRDD[2] at count at NativeMethodAccessorImpl.java:0) (first 15 tasks are for partitions Vector(0))
[2024-10-13T16:30:09.928+0000] {spark_submit.py:649} INFO - 24/10/13 16:30:09 INFO TaskSchedulerImpl: Adding task set 0.0 with 1 tasks resource profile 0
[2024-10-13T16:30:10.674+0000] {spark_submit.py:649} INFO - 24/10/13 16:30:10 INFO TaskSetManager: Starting task 0.0 in stage 0.0 (TID 0) (172.24.0.3, executor 0, partition 0, PROCESS_LOCAL, 9588 bytes)
[2024-10-13T16:30:10.793+0000] {spark_submit.py:649} INFO - 24/10/13 16:30:10 INFO BlockManagerInfo: Added broadcast_0_piece0 in memory on 172.24.0.3:36143 (size: 5.7 KiB, free: 4.6 GiB)
[2024-10-13T16:30:11.055+0000] {spark_submit.py:649} INFO - 24/10/13 16:30:11 INFO TaskSetManager: Finished task 0.0 in stage 0.0 (TID 0) in 395 ms on 172.24.0.3 (executor 0) (1/1)
[2024-10-13T16:30:11.056+0000] {spark_submit.py:649} INFO - 24/10/13 16:30:11 INFO TaskSchedulerImpl: Removed TaskSet 0.0, whose tasks have all completed, from pool
[2024-10-13T16:30:11.064+0000] {spark_submit.py:649} INFO - 24/10/13 16:30:11 INFO DAGScheduler: ShuffleMapStage 0 (count at NativeMethodAccessorImpl.java:0) finished in 1.222 s
[2024-10-13T16:30:11.065+0000] {spark_submit.py:649} INFO - 24/10/13 16:30:11 INFO DAGScheduler: looking for newly runnable stages
[2024-10-13T16:30:11.065+0000] {spark_submit.py:649} INFO - 24/10/13 16:30:11 INFO DAGScheduler: running: Set()
[2024-10-13T16:30:11.066+0000] {spark_submit.py:649} INFO - 24/10/13 16:30:11 INFO DAGScheduler: waiting: Set()
[2024-10-13T16:30:11.066+0000] {spark_submit.py:649} INFO - 24/10/13 16:30:11 INFO DAGScheduler: failed: Set()
[2024-10-13T16:30:11.105+0000] {spark_submit.py:649} INFO - 24/10/13 16:30:11 INFO CodeGenerator: Code generated in 10.431708 ms
[2024-10-13T16:30:11.137+0000] {spark_submit.py:649} INFO - 24/10/13 16:30:11 INFO BlockManagerInfo: Removed broadcast_0_piece0 on yellow-cab-airflow-scheduler:43789 in memory (size: 5.7 KiB, free: 1048.8 MiB)
[2024-10-13T16:30:11.137+0000] {spark_submit.py:649} INFO - 24/10/13 16:30:11 INFO BlockManagerInfo: Removed broadcast_0_piece0 on 172.24.0.3:36143 in memory (size: 5.7 KiB, free: 4.6 GiB)
[2024-10-13T16:30:11.139+0000] {spark_submit.py:649} INFO - 24/10/13 16:30:11 INFO SparkContext: Starting job: count at NativeMethodAccessorImpl.java:0
[2024-10-13T16:30:11.141+0000] {spark_submit.py:649} INFO - 24/10/13 16:30:11 INFO DAGScheduler: Got job 1 (count at NativeMethodAccessorImpl.java:0) with 1 output partitions
[2024-10-13T16:30:11.141+0000] {spark_submit.py:649} INFO - 24/10/13 16:30:11 INFO DAGScheduler: Final stage: ResultStage 2 (count at NativeMethodAccessorImpl.java:0)
[2024-10-13T16:30:11.142+0000] {spark_submit.py:649} INFO - 24/10/13 16:30:11 INFO DAGScheduler: Parents of final stage: List(ShuffleMapStage 1)
[2024-10-13T16:30:11.142+0000] {spark_submit.py:649} INFO - 24/10/13 16:30:11 INFO DAGScheduler: Missing parents: List()
[2024-10-13T16:30:11.142+0000] {spark_submit.py:649} INFO - 24/10/13 16:30:11 INFO DAGScheduler: Submitting ResultStage 2 (MapPartitionsRDD[5] at count at NativeMethodAccessorImpl.java:0), which has no missing parents
[2024-10-13T16:30:11.147+0000] {spark_submit.py:649} INFO - 24/10/13 16:30:11 INFO MemoryStore: Block broadcast_1 stored as values in memory (estimated size 12.5 KiB, free 1048.8 MiB)
[2024-10-13T16:30:11.148+0000] {spark_submit.py:649} INFO - 24/10/13 16:30:11 INFO MemoryStore: Block broadcast_1_piece0 stored as bytes in memory (estimated size 5.9 KiB, free 1048.8 MiB)
[2024-10-13T16:30:11.149+0000] {spark_submit.py:649} INFO - 24/10/13 16:30:11 INFO BlockManagerInfo: Added broadcast_1_piece0 in memory on yellow-cab-airflow-scheduler:43789 (size: 5.9 KiB, free: 1048.8 MiB)
[2024-10-13T16:30:11.149+0000] {spark_submit.py:649} INFO - 24/10/13 16:30:11 INFO SparkContext: Created broadcast 1 from broadcast at DAGScheduler.scala:1585
[2024-10-13T16:30:11.150+0000] {spark_submit.py:649} INFO - 24/10/13 16:30:11 INFO DAGScheduler: Submitting 1 missing tasks from ResultStage 2 (MapPartitionsRDD[5] at count at NativeMethodAccessorImpl.java:0) (first 15 tasks are for partitions Vector(0))
[2024-10-13T16:30:11.154+0000] {spark_submit.py:649} INFO - 24/10/13 16:30:11 INFO TaskSchedulerImpl: Adding task set 2.0 with 1 tasks resource profile 0
[2024-10-13T16:30:11.154+0000] {spark_submit.py:649} INFO - 24/10/13 16:30:11 INFO TaskSetManager: Starting task 0.0 in stage 2.0 (TID 1) (172.24.0.3, executor 0, partition 0, NODE_LOCAL, 9391 bytes)
[2024-10-13T16:30:11.166+0000] {spark_submit.py:649} INFO - 24/10/13 16:30:11 INFO BlockManagerInfo: Added broadcast_1_piece0 in memory on 172.24.0.3:36143 (size: 5.9 KiB, free: 4.6 GiB)
[2024-10-13T16:30:11.202+0000] {spark_submit.py:649} INFO - 24/10/13 16:30:11 INFO MapOutputTrackerMasterEndpoint: Asked to send map output locations for shuffle 0 to 172.24.0.3:53800
[2024-10-13T16:30:11.272+0000] {spark_submit.py:649} INFO - 24/10/13 16:30:11 INFO TaskSetManager: Finished task 0.0 in stage 2.0 (TID 1) in 119 ms on 172.24.0.3 (executor 0) (1/1)
[2024-10-13T16:30:11.272+0000] {spark_submit.py:649} INFO - 24/10/13 16:30:11 INFO TaskSchedulerImpl: Removed TaskSet 2.0, whose tasks have all completed, from pool
[2024-10-13T16:30:11.272+0000] {spark_submit.py:649} INFO - 24/10/13 16:30:11 INFO DAGScheduler: ResultStage 2 (count at NativeMethodAccessorImpl.java:0) finished in 0.127 s
[2024-10-13T16:30:11.273+0000] {spark_submit.py:649} INFO - 24/10/13 16:30:11 INFO DAGScheduler: Job 1 is finished. Cancelling potential speculative or zombie tasks for this job
[2024-10-13T16:30:11.273+0000] {spark_submit.py:649} INFO - 24/10/13 16:30:11 INFO TaskSchedulerImpl: Killing all running tasks in stage 2: Stage finished
[2024-10-13T16:30:11.274+0000] {spark_submit.py:649} INFO - 24/10/13 16:30:11 INFO DAGScheduler: Job 1 finished: count at NativeMethodAccessorImpl.java:0, took 0.135307 s
[2024-10-13T16:30:11.399+0000] {spark_submit.py:649} INFO - 24/10/13 16:30:11 INFO BlockManagerInfo: Removed broadcast_1_piece0 on yellow-cab-airflow-scheduler:43789 in memory (size: 5.9 KiB, free: 1048.8 MiB)
[2024-10-13T16:30:11.402+0000] {spark_submit.py:649} INFO - 24/10/13 16:30:11 INFO BlockManagerInfo: Removed broadcast_1_piece0 on 172.24.0.3:36143 in memory (size: 5.9 KiB, free: 4.6 GiB)
[2024-10-13T16:30:11.896+0000] {spark_submit.py:649} INFO - 24/10/13 16:30:11 INFO InMemoryFileIndex: It took 6 ms to list leaf files for 1 paths.
[2024-10-13T16:30:12.464+0000] {spark_submit.py:649} INFO - 24/10/13 16:30:12 INFO FileSourceStrategy: Pushed Filters:
[2024-10-13T16:30:12.465+0000] {spark_submit.py:649} INFO - 24/10/13 16:30:12 INFO FileSourceStrategy: Post-Scan Filters: atleastnnonnulls(4, tpep_pickup_datetime#15, tpep_dropoff_datetime#16, pickup_longitude#19, pickup_latitude#20)
[2024-10-13T16:30:12.585+0000] {spark_submit.py:649} INFO - 24/10/13 16:30:12 INFO CodeGenerator: Code generated in 59.5345 ms
[2024-10-13T16:30:12.592+0000] {spark_submit.py:649} INFO - 24/10/13 16:30:12 INFO MemoryStore: Block broadcast_2 stored as values in memory (estimated size 204.6 KiB, free 1048.6 MiB)
[2024-10-13T16:30:12.604+0000] {spark_submit.py:649} INFO - 24/10/13 16:30:12 INFO MemoryStore: Block broadcast_2_piece0 stored as bytes in memory (estimated size 35.6 KiB, free 1048.6 MiB)
[2024-10-13T16:30:12.605+0000] {spark_submit.py:649} INFO - 24/10/13 16:30:12 INFO BlockManagerInfo: Added broadcast_2_piece0 in memory on yellow-cab-airflow-scheduler:43789 (size: 35.6 KiB, free: 1048.8 MiB)
[2024-10-13T16:30:12.605+0000] {spark_submit.py:649} INFO - 24/10/13 16:30:12 INFO SparkContext: Created broadcast 2 from toPandas at /spark-scripts/taxi_etl.py:130
[2024-10-13T16:30:12.617+0000] {spark_submit.py:649} INFO - 24/10/13 16:30:12 INFO FileSourceScanExec: Planning scan with bin packing, max size: 119497018 bytes, open cost is considered as scanning 4194304 bytes.
[2024-10-13T16:30:12.654+0000] {spark_submit.py:649} INFO - 24/10/13 16:30:12 INFO DAGScheduler: Registering RDD 9 (toPandas at /spark-scripts/taxi_etl.py:130) as input to shuffle 1
[2024-10-13T16:30:12.655+0000] {spark_submit.py:649} INFO - 24/10/13 16:30:12 INFO DAGScheduler: Got map stage job 2 (toPandas at /spark-scripts/taxi_etl.py:130) with 4 output partitions
[2024-10-13T16:30:12.655+0000] {spark_submit.py:649} INFO - 24/10/13 16:30:12 INFO DAGScheduler: Final stage: ShuffleMapStage 3 (toPandas at /spark-scripts/taxi_etl.py:130)
[2024-10-13T16:30:12.656+0000] {spark_submit.py:649} INFO - 24/10/13 16:30:12 INFO DAGScheduler: Parents of final stage: List()
[2024-10-13T16:30:12.656+0000] {spark_submit.py:649} INFO - 24/10/13 16:30:12 INFO DAGScheduler: Missing parents: List()
[2024-10-13T16:30:12.656+0000] {spark_submit.py:649} INFO - 24/10/13 16:30:12 INFO DAGScheduler: Submitting ShuffleMapStage 3 (MapPartitionsRDD[9] at toPandas at /spark-scripts/taxi_etl.py:130), which has no missing parents
[2024-10-13T16:30:12.659+0000] {spark_submit.py:649} INFO - 24/10/13 16:30:12 INFO MemoryStore: Block broadcast_3 stored as values in memory (estimated size 33.2 KiB, free 1048.5 MiB)
[2024-10-13T16:30:12.664+0000] {spark_submit.py:649} INFO - 24/10/13 16:30:12 INFO MemoryStore: Block broadcast_3_piece0 stored as bytes in memory (estimated size 15.0 KiB, free 1048.5 MiB)
[2024-10-13T16:30:12.665+0000] {spark_submit.py:649} INFO - 24/10/13 16:30:12 INFO BlockManagerInfo: Added broadcast_3_piece0 in memory on yellow-cab-airflow-scheduler:43789 (size: 15.0 KiB, free: 1048.8 MiB)
[2024-10-13T16:30:12.665+0000] {spark_submit.py:649} INFO - 24/10/13 16:30:12 INFO SparkContext: Created broadcast 3 from broadcast at DAGScheduler.scala:1585
[2024-10-13T16:30:12.665+0000] {spark_submit.py:649} INFO - 24/10/13 16:30:12 INFO DAGScheduler: Submitting 4 missing tasks from ShuffleMapStage 3 (MapPartitionsRDD[9] at toPandas at /spark-scripts/taxi_etl.py:130) (first 15 tasks are for partitions Vector(0, 1, 2, 3))
[2024-10-13T16:30:12.666+0000] {spark_submit.py:649} INFO - 24/10/13 16:30:12 INFO TaskSchedulerImpl: Adding task set 3.0 with 4 tasks resource profile 0
[2024-10-13T16:30:12.667+0000] {spark_submit.py:649} INFO - 24/10/13 16:30:12 INFO TaskSetManager: Starting task 0.0 in stage 3.0 (TID 2) (172.24.0.3, executor 0, partition 0, PROCESS_LOCAL, 9983 bytes)
[2024-10-13T16:30:12.668+0000] {spark_submit.py:649} INFO - 24/10/13 16:30:12 INFO TaskSetManager: Starting task 1.0 in stage 3.0 (TID 3) (172.24.0.3, executor 0, partition 1, PROCESS_LOCAL, 9983 bytes)
[2024-10-13T16:30:12.668+0000] {spark_submit.py:649} INFO - 24/10/13 16:30:12 INFO TaskSetManager: Starting task 2.0 in stage 3.0 (TID 4) (172.24.0.3, executor 0, partition 2, PROCESS_LOCAL, 9983 bytes)
[2024-10-13T16:30:12.672+0000] {spark_submit.py:649} INFO - 24/10/13 16:30:12 INFO TaskSetManager: Starting task 3.0 in stage 3.0 (TID 5) (172.24.0.3, executor 0, partition 3, PROCESS_LOCAL, 9983 bytes)
[2024-10-13T16:30:12.690+0000] {spark_submit.py:649} INFO - 24/10/13 16:30:12 INFO BlockManagerInfo: Added broadcast_3_piece0 in memory on 172.24.0.3:36143 (size: 15.0 KiB, free: 4.6 GiB)
[2024-10-13T16:30:13.117+0000] {spark_submit.py:649} INFO - 24/10/13 16:30:13 INFO BlockManagerInfo: Added broadcast_2_piece0 in memory on 172.24.0.3:36143 (size: 35.6 KiB, free: 4.6 GiB)
[2024-10-13T16:30:15.369+0000] {spark_submit.py:649} INFO - 24/10/13 16:30:15 INFO TaskSetManager: Finished task 0.0 in stage 3.0 (TID 2) in 2700 ms on 172.24.0.3 (executor 0) (1/4)
[2024-10-13T16:30:15.371+0000] {spark_submit.py:649} INFO - 24/10/13 16:30:15 INFO TaskSetManager: Finished task 1.0 in stage 3.0 (TID 3) in 2701 ms on 172.24.0.3 (executor 0) (2/4)
[2024-10-13T16:30:15.371+0000] {spark_submit.py:649} INFO - 24/10/13 16:30:15 INFO TaskSetManager: Finished task 3.0 in stage 3.0 (TID 5) in 2701 ms on 172.24.0.3 (executor 0) (3/4)
[2024-10-13T16:30:15.372+0000] {spark_submit.py:649} INFO - 24/10/13 16:30:15 INFO TaskSetManager: Finished task 2.0 in stage 3.0 (TID 4) in 2701 ms on 172.24.0.3 (executor 0) (4/4)
[2024-10-13T16:30:15.372+0000] {spark_submit.py:649} INFO - 24/10/13 16:30:15 INFO TaskSchedulerImpl: Removed TaskSet 3.0, whose tasks have all completed, from pool
[2024-10-13T16:30:15.375+0000] {spark_submit.py:649} INFO - 24/10/13 16:30:15 INFO DAGScheduler: ShuffleMapStage 3 (toPandas at /spark-scripts/taxi_etl.py:130) finished in 2.717 s
[2024-10-13T16:30:15.376+0000] {spark_submit.py:649} INFO - 24/10/13 16:30:15 INFO DAGScheduler: looking for newly runnable stages
[2024-10-13T16:30:15.377+0000] {spark_submit.py:649} INFO - 24/10/13 16:30:15 INFO DAGScheduler: running: Set()
[2024-10-13T16:30:15.378+0000] {spark_submit.py:649} INFO - 24/10/13 16:30:15 INFO DAGScheduler: waiting: Set()
[2024-10-13T16:30:15.382+0000] {spark_submit.py:649} INFO - 24/10/13 16:30:15 INFO DAGScheduler: failed: Set()
[2024-10-13T16:30:15.407+0000] {spark_submit.py:649} INFO - 24/10/13 16:30:15 INFO ShufflePartitionsUtil: For shuffle(1), advisory target size: 67108864, actual target size 1048576, minimum partition size: 1048576
[2024-10-13T16:30:15.471+0000] {spark_submit.py:649} INFO - 24/10/13 16:30:15 INFO CodeGenerator: Code generated in 43.650125 ms
[2024-10-13T16:30:15.496+0000] {spark_submit.py:649} INFO - 24/10/13 16:30:15 INFO SparkContext: Starting job: toPandas at /spark-scripts/taxi_etl.py:130
[2024-10-13T16:30:15.497+0000] {spark_submit.py:649} INFO - 24/10/13 16:30:15 INFO DAGScheduler: Got job 3 (toPandas at /spark-scripts/taxi_etl.py:130) with 1 output partitions
[2024-10-13T16:30:15.498+0000] {spark_submit.py:649} INFO - 24/10/13 16:30:15 INFO DAGScheduler: Final stage: ResultStage 5 (toPandas at /spark-scripts/taxi_etl.py:130)
[2024-10-13T16:30:15.498+0000] {spark_submit.py:649} INFO - 24/10/13 16:30:15 INFO DAGScheduler: Parents of final stage: List(ShuffleMapStage 4)
[2024-10-13T16:30:15.499+0000] {spark_submit.py:649} INFO - 24/10/13 16:30:15 INFO DAGScheduler: Missing parents: List()
[2024-10-13T16:30:15.499+0000] {spark_submit.py:649} INFO - 24/10/13 16:30:15 INFO DAGScheduler: Submitting ResultStage 5 (MapPartitionsRDD[12] at toPandas at /spark-scripts/taxi_etl.py:130), which has no missing parents
[2024-10-13T16:30:15.503+0000] {spark_submit.py:649} INFO - 24/10/13 16:30:15 INFO MemoryStore: Block broadcast_4 stored as values in memory (estimated size 45.6 KiB, free 1048.5 MiB)
[2024-10-13T16:30:15.515+0000] {spark_submit.py:649} INFO - 24/10/13 16:30:15 INFO MemoryStore: Block broadcast_4_piece0 stored as bytes in memory (estimated size 21.0 KiB, free 1048.5 MiB)
[2024-10-13T16:30:15.521+0000] {spark_submit.py:649} INFO - 24/10/13 16:30:15 INFO BlockManagerInfo: Added broadcast_4_piece0 in memory on yellow-cab-airflow-scheduler:43789 (size: 21.0 KiB, free: 1048.7 MiB)
[2024-10-13T16:30:15.522+0000] {spark_submit.py:649} INFO - 24/10/13 16:30:15 INFO BlockManagerInfo: Removed broadcast_3_piece0 on yellow-cab-airflow-scheduler:43789 in memory (size: 15.0 KiB, free: 1048.7 MiB)
[2024-10-13T16:30:15.523+0000] {spark_submit.py:649} INFO - 24/10/13 16:30:15 INFO SparkContext: Created broadcast 4 from broadcast at DAGScheduler.scala:1585
[2024-10-13T16:30:15.524+0000] {spark_submit.py:649} INFO - 24/10/13 16:30:15 INFO DAGScheduler: Submitting 1 missing tasks from ResultStage 5 (MapPartitionsRDD[12] at toPandas at /spark-scripts/taxi_etl.py:130) (first 15 tasks are for partitions Vector(0))
[2024-10-13T16:30:15.525+0000] {spark_submit.py:649} INFO - 24/10/13 16:30:15 INFO TaskSchedulerImpl: Adding task set 5.0 with 1 tasks resource profile 0
[2024-10-13T16:30:15.534+0000] {spark_submit.py:649} INFO - 24/10/13 16:30:15 INFO TaskSetManager: Starting task 0.0 in stage 5.0 (TID 6) (172.24.0.3, executor 0, partition 0, NODE_LOCAL, 9391 bytes)
[2024-10-13T16:30:15.549+0000] {spark_submit.py:649} INFO - 24/10/13 16:30:15 INFO BlockManagerInfo: Removed broadcast_3_piece0 on 172.24.0.3:36143 in memory (size: 15.0 KiB, free: 4.6 GiB)
[2024-10-13T16:30:15.605+0000] {spark_submit.py:649} INFO - 24/10/13 16:30:15 INFO BlockManagerInfo: Added broadcast_4_piece0 in memory on 172.24.0.3:36143 (size: 21.0 KiB, free: 4.6 GiB)
[2024-10-13T16:30:15.645+0000] {spark_submit.py:649} INFO - 24/10/13 16:30:15 INFO MapOutputTrackerMasterEndpoint: Asked to send map output locations for shuffle 1 to 172.24.0.3:53800
[2024-10-13T16:30:15.711+0000] {spark_submit.py:649} INFO - 24/10/13 16:30:15 INFO TaskSetManager: Finished task 0.0 in stage 5.0 (TID 6) in 182 ms on 172.24.0.3 (executor 0) (1/1)
[2024-10-13T16:30:15.712+0000] {spark_submit.py:649} INFO - 24/10/13 16:30:15 INFO TaskSchedulerImpl: Removed TaskSet 5.0, whose tasks have all completed, from pool
[2024-10-13T16:30:15.713+0000] {spark_submit.py:649} INFO - 24/10/13 16:30:15 INFO DAGScheduler: ResultStage 5 (toPandas at /spark-scripts/taxi_etl.py:130) finished in 0.211 s
[2024-10-13T16:30:15.714+0000] {spark_submit.py:649} INFO - 24/10/13 16:30:15 INFO DAGScheduler: Job 3 is finished. Cancelling potential speculative or zombie tasks for this job
[2024-10-13T16:30:15.714+0000] {spark_submit.py:649} INFO - 24/10/13 16:30:15 INFO TaskSchedulerImpl: Killing all running tasks in stage 5: Stage finished
[2024-10-13T16:30:15.715+0000] {spark_submit.py:649} INFO - 24/10/13 16:30:15 INFO DAGScheduler: Job 3 finished: toPandas at /spark-scripts/taxi_etl.py:130, took 0.217425 s
[2024-10-13T16:30:21.161+0000] {spark_submit.py:649} INFO - 24/10/13 16:30:21 INFO FileSourceStrategy: Pushed Filters:
[2024-10-13T16:30:21.165+0000] {spark_submit.py:649} INFO - 24/10/13 16:30:21 INFO FileSourceStrategy: Post-Scan Filters: atleastnnonnulls(4, tpep_pickup_datetime#15, tpep_dropoff_datetime#16, pickup_longitude#19, pickup_latitude#20)
[2024-10-13T16:30:21.217+0000] {spark_submit.py:649} INFO - 24/10/13 16:30:21 INFO CodeGenerator: Code generated in 35.3925 ms
[2024-10-13T16:30:21.222+0000] {spark_submit.py:649} INFO - 24/10/13 16:30:21 INFO MemoryStore: Block broadcast_5 stored as values in memory (estimated size 204.6 KiB, free 1048.3 MiB)
[2024-10-13T16:30:21.229+0000] {spark_submit.py:649} INFO - 24/10/13 16:30:21 INFO MemoryStore: Block broadcast_5_piece0 stored as bytes in memory (estimated size 35.6 KiB, free 1048.3 MiB)
[2024-10-13T16:30:21.230+0000] {spark_submit.py:649} INFO - 24/10/13 16:30:21 INFO BlockManagerInfo: Added broadcast_5_piece0 in memory on yellow-cab-airflow-scheduler:43789 (size: 35.6 KiB, free: 1048.7 MiB)
[2024-10-13T16:30:21.231+0000] {spark_submit.py:649} INFO - 24/10/13 16:30:21 INFO SparkContext: Created broadcast 5 from toPandas at /spark-scripts/taxi_etl.py:133
[2024-10-13T16:30:21.233+0000] {spark_submit.py:649} INFO - 24/10/13 16:30:21 INFO FileSourceScanExec: Planning scan with bin packing, max size: 119497018 bytes, open cost is considered as scanning 4194304 bytes.
[2024-10-13T16:30:21.239+0000] {spark_submit.py:649} INFO - 24/10/13 16:30:21 INFO DAGScheduler: Registering RDD 16 (toPandas at /spark-scripts/taxi_etl.py:133) as input to shuffle 2
[2024-10-13T16:30:21.240+0000] {spark_submit.py:649} INFO - 24/10/13 16:30:21 INFO DAGScheduler: Got map stage job 4 (toPandas at /spark-scripts/taxi_etl.py:133) with 4 output partitions
[2024-10-13T16:30:21.240+0000] {spark_submit.py:649} INFO - 24/10/13 16:30:21 INFO DAGScheduler: Final stage: ShuffleMapStage 6 (toPandas at /spark-scripts/taxi_etl.py:133)
[2024-10-13T16:30:21.240+0000] {spark_submit.py:649} INFO - 24/10/13 16:30:21 INFO DAGScheduler: Parents of final stage: List()
[2024-10-13T16:30:21.241+0000] {spark_submit.py:649} INFO - 24/10/13 16:30:21 INFO DAGScheduler: Missing parents: List()
[2024-10-13T16:30:21.241+0000] {spark_submit.py:649} INFO - 24/10/13 16:30:21 INFO DAGScheduler: Submitting ShuffleMapStage 6 (MapPartitionsRDD[16] at toPandas at /spark-scripts/taxi_etl.py:133), which has no missing parents
[2024-10-13T16:30:21.244+0000] {spark_submit.py:649} INFO - 24/10/13 16:30:21 INFO MemoryStore: Block broadcast_6 stored as values in memory (estimated size 32.9 KiB, free 1048.2 MiB)
[2024-10-13T16:30:21.246+0000] {spark_submit.py:649} INFO - 24/10/13 16:30:21 INFO MemoryStore: Block broadcast_6_piece0 stored as bytes in memory (estimated size 14.9 KiB, free 1048.2 MiB)
[2024-10-13T16:30:21.247+0000] {spark_submit.py:649} INFO - 24/10/13 16:30:21 INFO BlockManagerInfo: Added broadcast_6_piece0 in memory on yellow-cab-airflow-scheduler:43789 (size: 14.9 KiB, free: 1048.7 MiB)
[2024-10-13T16:30:21.248+0000] {spark_submit.py:649} INFO - 24/10/13 16:30:21 INFO SparkContext: Created broadcast 6 from broadcast at DAGScheduler.scala:1585
[2024-10-13T16:30:21.248+0000] {spark_submit.py:649} INFO - 24/10/13 16:30:21 INFO DAGScheduler: Submitting 4 missing tasks from ShuffleMapStage 6 (MapPartitionsRDD[16] at toPandas at /spark-scripts/taxi_etl.py:133) (first 15 tasks are for partitions Vector(0, 1, 2, 3))
[2024-10-13T16:30:21.248+0000] {spark_submit.py:649} INFO - 24/10/13 16:30:21 INFO TaskSchedulerImpl: Adding task set 6.0 with 4 tasks resource profile 0
[2024-10-13T16:30:21.250+0000] {spark_submit.py:649} INFO - 24/10/13 16:30:21 INFO TaskSetManager: Starting task 0.0 in stage 6.0 (TID 7) (172.24.0.3, executor 0, partition 0, PROCESS_LOCAL, 9983 bytes)
[2024-10-13T16:30:21.250+0000] {spark_submit.py:649} INFO - 24/10/13 16:30:21 INFO TaskSetManager: Starting task 1.0 in stage 6.0 (TID 8) (172.24.0.3, executor 0, partition 1, PROCESS_LOCAL, 9983 bytes)
[2024-10-13T16:30:21.251+0000] {spark_submit.py:649} INFO - 24/10/13 16:30:21 INFO TaskSetManager: Starting task 2.0 in stage 6.0 (TID 9) (172.24.0.3, executor 0, partition 2, PROCESS_LOCAL, 9983 bytes)
[2024-10-13T16:30:21.251+0000] {spark_submit.py:649} INFO - 24/10/13 16:30:21 INFO TaskSetManager: Starting task 3.0 in stage 6.0 (TID 10) (172.24.0.3, executor 0, partition 3, PROCESS_LOCAL, 9983 bytes)
[2024-10-13T16:30:21.267+0000] {spark_submit.py:649} INFO - 24/10/13 16:30:21 INFO BlockManagerInfo: Added broadcast_6_piece0 in memory on 172.24.0.3:36143 (size: 14.9 KiB, free: 4.6 GiB)
[2024-10-13T16:30:21.352+0000] {spark_submit.py:649} INFO - 24/10/13 16:30:21 INFO BlockManagerInfo: Added broadcast_5_piece0 in memory on 172.24.0.3:36143 (size: 35.6 KiB, free: 4.6 GiB)
[2024-10-13T16:30:24.002+0000] {spark_submit.py:649} INFO - 24/10/13 16:30:23 INFO TaskSetManager: Finished task 3.0 in stage 6.0 (TID 10) in 2744 ms on 172.24.0.3 (executor 0) (1/4)
[2024-10-13T16:30:24.019+0000] {spark_submit.py:649} INFO - 24/10/13 16:30:24 INFO TaskSetManager: Finished task 2.0 in stage 6.0 (TID 9) in 2769 ms on 172.24.0.3 (executor 0) (2/4)
[2024-10-13T16:30:24.037+0000] {spark_submit.py:649} INFO - 24/10/13 16:30:24 INFO TaskSetManager: Finished task 1.0 in stage 6.0 (TID 8) in 2787 ms on 172.24.0.3 (executor 0) (3/4)
[2024-10-13T16:30:24.046+0000] {spark_submit.py:649} INFO - 24/10/13 16:30:24 INFO TaskSetManager: Finished task 0.0 in stage 6.0 (TID 7) in 2796 ms on 172.24.0.3 (executor 0) (4/4)
[2024-10-13T16:30:24.046+0000] {spark_submit.py:649} INFO - 24/10/13 16:30:24 INFO TaskSchedulerImpl: Removed TaskSet 6.0, whose tasks have all completed, from pool
[2024-10-13T16:30:24.047+0000] {spark_submit.py:649} INFO - 24/10/13 16:30:24 INFO DAGScheduler: ShuffleMapStage 6 (toPandas at /spark-scripts/taxi_etl.py:133) finished in 2.804 s
[2024-10-13T16:30:24.048+0000] {spark_submit.py:649} INFO - 24/10/13 16:30:24 INFO DAGScheduler: looking for newly runnable stages
[2024-10-13T16:30:24.048+0000] {spark_submit.py:649} INFO - 24/10/13 16:30:24 INFO DAGScheduler: running: Set()
[2024-10-13T16:30:24.048+0000] {spark_submit.py:649} INFO - 24/10/13 16:30:24 INFO DAGScheduler: waiting: Set()
[2024-10-13T16:30:24.049+0000] {spark_submit.py:649} INFO - 24/10/13 16:30:24 INFO DAGScheduler: failed: Set()
[2024-10-13T16:30:24.079+0000] {spark_submit.py:649} INFO - 24/10/13 16:30:24 INFO ShufflePartitionsUtil: For shuffle(2), advisory target size: 67108864, actual target size 1511739, minimum partition size: 1048576
[2024-10-13T16:30:24.186+0000] {spark_submit.py:649} INFO - 24/10/13 16:30:24 INFO CodeGenerator: Code generated in 59.929458 ms
[2024-10-13T16:30:24.249+0000] {spark_submit.py:649} INFO - 24/10/13 16:30:24 INFO SparkContext: Starting job: toPandas at /spark-scripts/taxi_etl.py:133
[2024-10-13T16:30:24.251+0000] {spark_submit.py:649} INFO - 24/10/13 16:30:24 INFO DAGScheduler: Got job 5 (toPandas at /spark-scripts/taxi_etl.py:133) with 4 output partitions
[2024-10-13T16:30:24.252+0000] {spark_submit.py:649} INFO - 24/10/13 16:30:24 INFO DAGScheduler: Final stage: ResultStage 8 (toPandas at /spark-scripts/taxi_etl.py:133)
[2024-10-13T16:30:24.253+0000] {spark_submit.py:649} INFO - 24/10/13 16:30:24 INFO DAGScheduler: Parents of final stage: List(ShuffleMapStage 7)
[2024-10-13T16:30:24.254+0000] {spark_submit.py:649} INFO - 24/10/13 16:30:24 INFO DAGScheduler: Missing parents: List()
[2024-10-13T16:30:24.254+0000] {spark_submit.py:649} INFO - 24/10/13 16:30:24 INFO DAGScheduler: Submitting ResultStage 8 (MapPartitionsRDD[19] at toPandas at /spark-scripts/taxi_etl.py:133), which has no missing parents
[2024-10-13T16:30:24.262+0000] {spark_submit.py:649} INFO - 24/10/13 16:30:24 INFO MemoryStore: Block broadcast_7 stored as values in memory (estimated size 55.4 KiB, free 1048.2 MiB)
[2024-10-13T16:30:24.266+0000] {spark_submit.py:649} INFO - 24/10/13 16:30:24 INFO MemoryStore: Block broadcast_7_piece0 stored as bytes in memory (estimated size 23.9 KiB, free 1048.1 MiB)
[2024-10-13T16:30:24.272+0000] {spark_submit.py:649} INFO - 24/10/13 16:30:24 INFO BlockManagerInfo: Added broadcast_7_piece0 in memory on yellow-cab-airflow-scheduler:43789 (size: 23.9 KiB, free: 1048.7 MiB)
[2024-10-13T16:30:24.274+0000] {spark_submit.py:649} INFO - 24/10/13 16:30:24 INFO SparkContext: Created broadcast 7 from broadcast at DAGScheduler.scala:1585
[2024-10-13T16:30:24.275+0000] {spark_submit.py:649} INFO - 24/10/13 16:30:24 INFO DAGScheduler: Submitting 4 missing tasks from ResultStage 8 (MapPartitionsRDD[19] at toPandas at /spark-scripts/taxi_etl.py:133) (first 15 tasks are for partitions Vector(0, 1, 2, 3))
[2024-10-13T16:30:24.276+0000] {spark_submit.py:649} INFO - 24/10/13 16:30:24 INFO TaskSchedulerImpl: Adding task set 8.0 with 4 tasks resource profile 0
[2024-10-13T16:30:24.280+0000] {spark_submit.py:649} INFO - 24/10/13 16:30:24 INFO TaskSetManager: Starting task 0.0 in stage 8.0 (TID 11) (172.24.0.3, executor 0, partition 0, NODE_LOCAL, 9391 bytes)
[2024-10-13T16:30:24.281+0000] {spark_submit.py:649} INFO - 24/10/13 16:30:24 INFO TaskSetManager: Starting task 1.0 in stage 8.0 (TID 12) (172.24.0.3, executor 0, partition 1, NODE_LOCAL, 9391 bytes)
[2024-10-13T16:30:24.281+0000] {spark_submit.py:649} INFO - 24/10/13 16:30:24 INFO TaskSetManager: Starting task 2.0 in stage 8.0 (TID 13) (172.24.0.3, executor 0, partition 2, NODE_LOCAL, 9391 bytes)
[2024-10-13T16:30:24.282+0000] {spark_submit.py:649} INFO - 24/10/13 16:30:24 INFO TaskSetManager: Starting task 3.0 in stage 8.0 (TID 14) (172.24.0.3, executor 0, partition 3, NODE_LOCAL, 9391 bytes)
[2024-10-13T16:30:24.303+0000] {spark_submit.py:649} INFO - 24/10/13 16:30:24 INFO BlockManagerInfo: Added broadcast_7_piece0 in memory on 172.24.0.3:36143 (size: 23.9 KiB, free: 4.6 GiB)
[2024-10-13T16:30:24.399+0000] {spark_submit.py:649} INFO - 24/10/13 16:30:24 INFO MapOutputTrackerMasterEndpoint: Asked to send map output locations for shuffle 2 to 172.24.0.3:53800
[2024-10-13T16:30:25.053+0000] {spark_submit.py:649} INFO - 24/10/13 16:30:25 INFO BlockManagerInfo: Added taskresult_13 in memory on 172.24.0.3:36143 (size: 3.0 MiB, free: 4.6 GiB)
[2024-10-13T16:30:25.054+0000] {spark_submit.py:649} INFO - 24/10/13 16:30:25 INFO BlockManagerInfo: Added taskresult_12 in memory on 172.24.0.3:36143 (size: 3.1 MiB, free: 4.6 GiB)
[2024-10-13T16:30:25.059+0000] {spark_submit.py:649} INFO - 24/10/13 16:30:25 INFO BlockManagerInfo: Added taskresult_11 in memory on 172.24.0.3:36143 (size: 3.1 MiB, free: 4.6 GiB)
[2024-10-13T16:30:25.065+0000] {spark_submit.py:649} INFO - 24/10/13 16:30:25 INFO BlockManagerInfo: Added taskresult_14 in memory on 172.24.0.3:36143 (size: 3.1 MiB, free: 4.6 GiB)
[2024-10-13T16:30:25.080+0000] {spark_submit.py:649} INFO - 24/10/13 16:30:25 INFO TransportClientFactory: Successfully created connection to /172.24.0.3:36143 after 2 ms (0 ms spent in bootstraps)
[2024-10-13T16:30:25.121+0000] {spark_submit.py:649} INFO - 24/10/13 16:30:25 INFO BlockManagerInfo: Removed broadcast_6_piece0 on yellow-cab-airflow-scheduler:43789 in memory (size: 14.9 KiB, free: 1048.7 MiB)
[2024-10-13T16:30:25.125+0000] {spark_submit.py:649} INFO - 24/10/13 16:30:25 INFO BlockManagerInfo: Removed broadcast_6_piece0 on 172.24.0.3:36143 in memory (size: 14.9 KiB, free: 4.6 GiB)
[2024-10-13T16:30:25.130+0000] {spark_submit.py:649} INFO - 24/10/13 16:30:25 INFO TaskSetManager: Finished task 2.0 in stage 8.0 (TID 13) in 850 ms on 172.24.0.3 (executor 0) (1/4)
[2024-10-13T16:30:25.131+0000] {spark_submit.py:649} INFO - 24/10/13 16:30:25 INFO TaskSetManager: Finished task 3.0 in stage 8.0 (TID 14) in 851 ms on 172.24.0.3 (executor 0) (2/4)
[2024-10-13T16:30:25.141+0000] {spark_submit.py:649} INFO - 24/10/13 16:30:25 INFO BlockManagerInfo: Removed broadcast_4_piece0 on yellow-cab-airflow-scheduler:43789 in memory (size: 21.0 KiB, free: 1048.7 MiB)
[2024-10-13T16:30:25.141+0000] {spark_submit.py:649} INFO - 24/10/13 16:30:25 INFO BlockManagerInfo: Removed taskresult_13 on 172.24.0.3:36143 in memory (size: 3.0 MiB, free: 4.6 GiB)
[2024-10-13T16:30:25.144+0000] {spark_submit.py:649} INFO - 24/10/13 16:30:25 INFO BlockManagerInfo: Removed taskresult_14 on 172.24.0.3:36143 in memory (size: 3.1 MiB, free: 4.6 GiB)
[2024-10-13T16:30:25.145+0000] {spark_submit.py:649} INFO - 24/10/13 16:30:25 INFO BlockManagerInfo: Removed broadcast_4_piece0 on 172.24.0.3:36143 in memory (size: 21.0 KiB, free: 4.6 GiB)
[2024-10-13T16:30:25.146+0000] {spark_submit.py:649} INFO - 24/10/13 16:30:25 INFO TaskSetManager: Finished task 0.0 in stage 8.0 (TID 11) in 863 ms on 172.24.0.3 (executor 0) (3/4)
[2024-10-13T16:30:25.146+0000] {spark_submit.py:649} INFO - 24/10/13 16:30:25 INFO TaskSetManager: Finished task 1.0 in stage 8.0 (TID 12) in 862 ms on 172.24.0.3 (executor 0) (4/4)
[2024-10-13T16:30:25.147+0000] {spark_submit.py:649} INFO - 24/10/13 16:30:25 INFO TaskSchedulerImpl: Removed TaskSet 8.0, whose tasks have all completed, from pool
[2024-10-13T16:30:25.147+0000] {spark_submit.py:649} INFO - 24/10/13 16:30:25 INFO DAGScheduler: ResultStage 8 (toPandas at /spark-scripts/taxi_etl.py:133) finished in 0.884 s
[2024-10-13T16:30:25.147+0000] {spark_submit.py:649} INFO - 24/10/13 16:30:25 INFO DAGScheduler: Job 5 is finished. Cancelling potential speculative or zombie tasks for this job
[2024-10-13T16:30:25.148+0000] {spark_submit.py:649} INFO - 24/10/13 16:30:25 INFO TaskSchedulerImpl: Killing all running tasks in stage 8: Stage finished
[2024-10-13T16:30:25.149+0000] {spark_submit.py:649} INFO - 24/10/13 16:30:25 INFO DAGScheduler: Job 5 finished: toPandas at /spark-scripts/taxi_etl.py:133, took 0.895284 s
[2024-10-13T16:30:25.149+0000] {spark_submit.py:649} INFO - 24/10/13 16:30:25 INFO BlockManagerInfo: Removed taskresult_11 on 172.24.0.3:36143 in memory (size: 3.1 MiB, free: 4.6 GiB)
[2024-10-13T16:30:25.157+0000] {spark_submit.py:649} INFO - 24/10/13 16:30:25 INFO BlockManagerInfo: Removed taskresult_12 on 172.24.0.3:36143 in memory (size: 3.1 MiB, free: 4.6 GiB)
[2024-10-13T16:30:25.436+0000] {spark_submit.py:649} INFO - 24/10/13 16:30:25 INFO BlockManagerInfo: Removed broadcast_7_piece0 on yellow-cab-airflow-scheduler:43789 in memory (size: 23.9 KiB, free: 1048.7 MiB)
[2024-10-13T16:30:25.444+0000] {spark_submit.py:649} INFO - 24/10/13 16:30:25 INFO BlockManagerInfo: Removed broadcast_7_piece0 on 172.24.0.3:36143 in memory (size: 23.9 KiB, free: 4.6 GiB)
[2024-10-13T16:30:47.065+0000] {spark_submit.py:649} INFO - 24/10/13 16:30:47 INFO FileSourceStrategy: Pushed Filters:
[2024-10-13T16:30:47.068+0000] {spark_submit.py:649} INFO - 24/10/13 16:30:47 INFO FileSourceStrategy: Post-Scan Filters: atleastnnonnulls(4, tpep_pickup_datetime#15, tpep_dropoff_datetime#16, pickup_longitude#19, pickup_latitude#20)
[2024-10-13T16:30:47.103+0000] {spark_submit.py:649} INFO - 24/10/13 16:30:47 INFO CodeGenerator: Code generated in 19.40275 ms
[2024-10-13T16:30:47.107+0000] {spark_submit.py:649} INFO - 24/10/13 16:30:47 INFO MemoryStore: Block broadcast_8 stored as values in memory (estimated size 204.6 KiB, free 1048.1 MiB)
[2024-10-13T16:30:47.115+0000] {spark_submit.py:649} INFO - 24/10/13 16:30:47 INFO MemoryStore: Block broadcast_8_piece0 stored as bytes in memory (estimated size 35.6 KiB, free 1048.1 MiB)
[2024-10-13T16:30:47.116+0000] {spark_submit.py:649} INFO - 24/10/13 16:30:47 INFO BlockManagerInfo: Added broadcast_8_piece0 in memory on yellow-cab-airflow-scheduler:43789 (size: 35.6 KiB, free: 1048.7 MiB)
[2024-10-13T16:30:47.117+0000] {spark_submit.py:649} INFO - 24/10/13 16:30:47 INFO SparkContext: Created broadcast 8 from toPandas at /spark-scripts/taxi_etl.py:136
[2024-10-13T16:30:47.119+0000] {spark_submit.py:649} INFO - 24/10/13 16:30:47 INFO FileSourceScanExec: Planning scan with bin packing, max size: 119497018 bytes, open cost is considered as scanning 4194304 bytes.
[2024-10-13T16:30:47.152+0000] {spark_submit.py:649} INFO - 24/10/13 16:30:47 INFO SparkContext: Starting job: toPandas at /spark-scripts/taxi_etl.py:136
[2024-10-13T16:30:47.153+0000] {spark_submit.py:649} INFO - 24/10/13 16:30:47 INFO DAGScheduler: Got job 6 (toPandas at /spark-scripts/taxi_etl.py:136) with 4 output partitions
[2024-10-13T16:30:47.154+0000] {spark_submit.py:649} INFO - 24/10/13 16:30:47 INFO DAGScheduler: Final stage: ResultStage 9 (toPandas at /spark-scripts/taxi_etl.py:136)
[2024-10-13T16:30:47.154+0000] {spark_submit.py:649} INFO - 24/10/13 16:30:47 INFO DAGScheduler: Parents of final stage: List()
[2024-10-13T16:30:47.155+0000] {spark_submit.py:649} INFO - 24/10/13 16:30:47 INFO DAGScheduler: Missing parents: List()
[2024-10-13T16:30:47.155+0000] {spark_submit.py:649} INFO - 24/10/13 16:30:47 INFO DAGScheduler: Submitting ResultStage 9 (MapPartitionsRDD[24] at toPandas at /spark-scripts/taxi_etl.py:136), which has no missing parents
[2024-10-13T16:30:47.156+0000] {spark_submit.py:649} INFO - 24/10/13 16:30:47 INFO MemoryStore: Block broadcast_9 stored as values in memory (estimated size 35.7 KiB, free 1048.1 MiB)
[2024-10-13T16:30:47.159+0000] {spark_submit.py:649} INFO - 24/10/13 16:30:47 INFO MemoryStore: Block broadcast_9_piece0 stored as bytes in memory (estimated size 15.4 KiB, free 1048.0 MiB)
[2024-10-13T16:30:47.160+0000] {spark_submit.py:649} INFO - 24/10/13 16:30:47 INFO BlockManagerInfo: Added broadcast_9_piece0 in memory on yellow-cab-airflow-scheduler:43789 (size: 15.4 KiB, free: 1048.7 MiB)
[2024-10-13T16:30:47.160+0000] {spark_submit.py:649} INFO - 24/10/13 16:30:47 INFO SparkContext: Created broadcast 9 from broadcast at DAGScheduler.scala:1585
[2024-10-13T16:30:47.160+0000] {spark_submit.py:649} INFO - 24/10/13 16:30:47 INFO DAGScheduler: Submitting 4 missing tasks from ResultStage 9 (MapPartitionsRDD[24] at toPandas at /spark-scripts/taxi_etl.py:136) (first 15 tasks are for partitions Vector(0, 1, 2, 3))
[2024-10-13T16:30:47.161+0000] {spark_submit.py:649} INFO - 24/10/13 16:30:47 INFO TaskSchedulerImpl: Adding task set 9.0 with 4 tasks resource profile 0
[2024-10-13T16:30:47.163+0000] {spark_submit.py:649} INFO - 24/10/13 16:30:47 INFO TaskSetManager: Starting task 0.0 in stage 9.0 (TID 15) (172.24.0.3, executor 0, partition 0, PROCESS_LOCAL, 9994 bytes)
[2024-10-13T16:30:47.163+0000] {spark_submit.py:649} INFO - 24/10/13 16:30:47 INFO TaskSetManager: Starting task 1.0 in stage 9.0 (TID 16) (172.24.0.3, executor 0, partition 1, PROCESS_LOCAL, 9994 bytes)
[2024-10-13T16:30:47.163+0000] {spark_submit.py:649} INFO - 24/10/13 16:30:47 INFO TaskSetManager: Starting task 2.0 in stage 9.0 (TID 17) (172.24.0.3, executor 0, partition 2, PROCESS_LOCAL, 9994 bytes)
[2024-10-13T16:30:47.163+0000] {spark_submit.py:649} INFO - 24/10/13 16:30:47 INFO TaskSetManager: Starting task 3.0 in stage 9.0 (TID 18) (172.24.0.3, executor 0, partition 3, PROCESS_LOCAL, 9994 bytes)
[2024-10-13T16:30:47.190+0000] {spark_submit.py:649} INFO - 24/10/13 16:30:47 INFO BlockManagerInfo: Added broadcast_9_piece0 in memory on 172.24.0.3:36143 (size: 15.4 KiB, free: 4.6 GiB)
[2024-10-13T16:30:47.313+0000] {spark_submit.py:649} INFO - 24/10/13 16:30:47 INFO BlockManagerInfo: Added broadcast_8_piece0 in memory on 172.24.0.3:36143 (size: 35.6 KiB, free: 4.6 GiB)
[2024-10-13T16:30:50.580+0000] {spark_submit.py:649} INFO - 24/10/13 16:30:50 INFO BlockManagerInfo: Added taskresult_18 in memory on 172.24.0.3:36143 (size: 52.0 MiB, free: 4.6 GiB)
[2024-10-13T16:30:50.650+0000] {spark_submit.py:649} INFO - 24/10/13 16:30:50 INFO BlockManagerInfo: Added taskresult_15 in memory on 172.24.0.3:36143 (size: 51.3 MiB, free: 4.5 GiB)
[2024-10-13T16:30:50.709+0000] {spark_submit.py:649} INFO - 24/10/13 16:30:50 INFO BlockManagerInfo: Added taskresult_17 in memory on 172.24.0.3:36143 (size: 53.7 MiB, free: 4.5 GiB)
[2024-10-13T16:30:50.717+0000] {spark_submit.py:649} INFO - 24/10/13 16:30:50 INFO BlockManagerInfo: Added taskresult_16 in memory on 172.24.0.3:36143 (size: 52.9 MiB, free: 4.4 GiB)
[2024-10-13T16:30:50.942+0000] {spark_submit.py:649} INFO - 24/10/13 16:30:50 INFO TaskSetManager: Finished task 3.0 in stage 9.0 (TID 18) in 3779 ms on 172.24.0.3 (executor 0) (1/4)
[2024-10-13T16:30:50.952+0000] {spark_submit.py:649} INFO - 24/10/13 16:30:50 INFO BlockManagerInfo: Removed taskresult_18 on 172.24.0.3:36143 in memory (size: 52.0 MiB, free: 4.5 GiB)
[2024-10-13T16:30:51.006+0000] {spark_submit.py:649} INFO - 24/10/13 16:30:51 INFO TaskSetManager: Finished task 0.0 in stage 9.0 (TID 15) in 3844 ms on 172.24.0.3 (executor 0) (2/4)
[2024-10-13T16:30:51.012+0000] {spark_submit.py:649} INFO - 24/10/13 16:30:51 INFO BlockManagerInfo: Removed taskresult_15 on 172.24.0.3:36143 in memory (size: 51.3 MiB, free: 4.5 GiB)
[2024-10-13T16:30:51.201+0000] {spark_submit.py:649} INFO - 24/10/13 16:30:51 INFO TaskSetManager: Finished task 2.0 in stage 9.0 (TID 17) in 4037 ms on 172.24.0.3 (executor 0) (3/4)
[2024-10-13T16:30:51.207+0000] {spark_submit.py:649} INFO - 24/10/13 16:30:51 INFO BlockManagerInfo: Removed taskresult_17 on 172.24.0.3:36143 in memory (size: 53.7 MiB, free: 4.6 GiB)
[2024-10-13T16:30:51.337+0000] {spark_submit.py:649} INFO - 24/10/13 16:30:51 INFO TaskSetManager: Finished task 1.0 in stage 9.0 (TID 16) in 4173 ms on 172.24.0.3 (executor 0) (4/4)
[2024-10-13T16:30:51.339+0000] {spark_submit.py:649} INFO - 24/10/13 16:30:51 INFO TaskSchedulerImpl: Removed TaskSet 9.0, whose tasks have all completed, from pool
[2024-10-13T16:30:51.341+0000] {spark_submit.py:649} INFO - 24/10/13 16:30:51 INFO DAGScheduler: ResultStage 9 (toPandas at /spark-scripts/taxi_etl.py:136) finished in 4.183 s
[2024-10-13T16:30:51.341+0000] {spark_submit.py:649} INFO - 24/10/13 16:30:51 INFO DAGScheduler: Job 6 is finished. Cancelling potential speculative or zombie tasks for this job
[2024-10-13T16:30:51.342+0000] {spark_submit.py:649} INFO - 24/10/13 16:30:51 INFO TaskSchedulerImpl: Killing all running tasks in stage 9: Stage finished
[2024-10-13T16:30:51.343+0000] {spark_submit.py:649} INFO - 24/10/13 16:30:51 INFO DAGScheduler: Job 6 finished: toPandas at /spark-scripts/taxi_etl.py:136, took 4.189841 s
[2024-10-13T16:30:51.345+0000] {spark_submit.py:649} INFO - 24/10/13 16:30:51 INFO BlockManagerInfo: Removed taskresult_16 on 172.24.0.3:36143 in memory (size: 52.9 MiB, free: 4.6 GiB)
[2024-10-13T16:30:51.474+0000] {spark_submit.py:649} INFO - 24/10/13 16:30:51 INFO BlockManagerInfo: Removed broadcast_9_piece0 on yellow-cab-airflow-scheduler:43789 in memory (size: 15.4 KiB, free: 1048.7 MiB)
[2024-10-13T16:30:51.502+0000] {spark_submit.py:649} INFO - 24/10/13 16:30:51 INFO BlockManagerInfo: Removed broadcast_9_piece0 on 172.24.0.3:36143 in memory (size: 15.4 KiB, free: 4.6 GiB)
[2024-10-13T16:34:04.257+0000] {spark_submit.py:649} INFO - 24/10/13 16:34:04 INFO SparkContext: SparkContext is stopping with exitCode 0.
[2024-10-13T16:34:04.384+0000] {spark_submit.py:649} INFO - 24/10/13 16:34:04 INFO SparkUI: Stopped Spark web UI at http://yellow-cab-airflow-scheduler:4040
[2024-10-13T16:34:04.397+0000] {spark_submit.py:649} INFO - 24/10/13 16:34:04 INFO StandaloneSchedulerBackend: Shutting down all executors
[2024-10-13T16:34:04.398+0000] {spark_submit.py:649} INFO - 24/10/13 16:34:04 INFO StandaloneSchedulerBackend$StandaloneDriverEndpoint: Asking each executor to shut down
[2024-10-13T16:34:04.481+0000] {spark_submit.py:649} INFO - 24/10/13 16:34:04 INFO MapOutputTrackerMasterEndpoint: MapOutputTrackerMasterEndpoint stopped!
[2024-10-13T16:34:04.696+0000] {spark_submit.py:649} INFO - 24/10/13 16:34:04 INFO MemoryStore: MemoryStore cleared
[2024-10-13T16:34:04.697+0000] {spark_submit.py:649} INFO - 24/10/13 16:34:04 INFO BlockManager: BlockManager stopped
[2024-10-13T16:34:04.704+0000] {spark_submit.py:649} INFO - 24/10/13 16:34:04 INFO BlockManagerMaster: BlockManagerMaster stopped
[2024-10-13T16:34:04.711+0000] {spark_submit.py:649} INFO - 24/10/13 16:34:04 INFO OutputCommitCoordinator$OutputCommitCoordinatorEndpoint: OutputCommitCoordinator stopped!
[2024-10-13T16:34:04.875+0000] {spark_submit.py:649} INFO - 24/10/13 16:34:04 INFO SparkContext: Successfully stopped SparkContext
[2024-10-13T16:34:05.934+0000] {spark_submit.py:649} INFO - 24/10/13 16:34:05 INFO ShutdownHookManager: Shutdown hook called
[2024-10-13T16:34:05.935+0000] {spark_submit.py:649} INFO - 24/10/13 16:34:05 INFO ShutdownHookManager: Deleting directory /tmp/spark-d5846e32-a0f2-4ddd-b5fb-0498f56eef33
[2024-10-13T16:34:05.979+0000] {spark_submit.py:649} INFO - 24/10/13 16:34:05 INFO ShutdownHookManager: Deleting directory /tmp/spark-d5846e32-a0f2-4ddd-b5fb-0498f56eef33/pyspark-9ff08f1e-addd-4280-b9a6-6fa24c65ca9f
[2024-10-13T16:34:06.028+0000] {spark_submit.py:649} INFO - 24/10/13 16:34:06 INFO ShutdownHookManager: Deleting directory /tmp/spark-a55bc65e-6091-4a0b-81d3-f7d490e5caab
[2024-10-13T16:34:06.168+0000] {taskinstance.py:441} INFO - ::group::Post task execution logs
[2024-10-13T16:34:06.317+0000] {taskinstance.py:1206} INFO - Marking task as SUCCESS. dag_id=etl_yellow_cab, task_id=etl_task, run_id=manual__2024-10-13T15:26:29.490243+00:00, execution_date=20241013T152629, start_date=20241013T163004, end_date=20241013T163406
[2024-10-13T16:34:06.400+0000] {local_task_job_runner.py:240} INFO - Task exited with return code 0
[2024-10-13T16:34:06.485+0000] {taskinstance.py:3498} INFO - 1 downstream tasks scheduled from follow-on schedule check
[2024-10-13T16:34:06.486+0000] {local_task_job_runner.py:222} INFO - ::endgroup::
