[2024-10-13T15:26:32.670+0000] {local_task_job_runner.py:120} INFO - ::group::Pre task execution logs
[2024-10-13T15:26:32.687+0000] {taskinstance.py:2076} INFO - Dependencies all met for dep_context=non-requeueable deps ti=<TaskInstance: etl_yellow_cab.etl_task manual__2024-10-13T15:26:29.490243+00:00 [queued]>
[2024-10-13T15:26:32.690+0000] {taskinstance.py:2076} INFO - Dependencies all met for dep_context=requeueable deps ti=<TaskInstance: etl_yellow_cab.etl_task manual__2024-10-13T15:26:29.490243+00:00 [queued]>
[2024-10-13T15:26:32.690+0000] {taskinstance.py:2306} INFO - Starting attempt 1 of 1
[2024-10-13T15:26:32.696+0000] {taskinstance.py:2330} INFO - Executing <Task(SparkSubmitOperator): etl_task> on 2024-10-13 15:26:29.490243+00:00
[2024-10-13T15:26:32.698+0000] {standard_task_runner.py:63} INFO - Started process 30294 to run task
[2024-10-13T15:26:32.703+0000] {standard_task_runner.py:90} INFO - Running: ['airflow', 'tasks', 'run', 'etl_yellow_cab', 'etl_task', 'manual__2024-10-13T15:26:29.490243+00:00', '--job-id', '76', '--raw', '--subdir', 'DAGS_FOLDER/yellow-cab-batch.py', '--cfg-path', '/tmp/tmpt1h7d13p']
[2024-10-13T15:26:32.705+0000] {standard_task_runner.py:91} INFO - Job 76: Subtask etl_task
[2024-10-13T15:26:32.741+0000] {logging_mixin.py:188} WARNING - /home/airflow/.local/lib/python3.9/site-packages/airflow/settings.py:195 DeprecationWarning: The sql_alchemy_conn option in [core] has been moved to the sql_alchemy_conn option in [database] - the old setting has been used, but please update your config.
[2024-10-13T15:26:32.764+0000] {task_command.py:426} INFO - Running <TaskInstance: etl_yellow_cab.etl_task manual__2024-10-13T15:26:29.490243+00:00 [running]> on host yellow-cab-airflow-scheduler
[2024-10-13T15:26:32.830+0000] {taskinstance.py:2648} INFO - Exporting env vars: AIRFLOW_CTX_DAG_OWNER='hafidz' AIRFLOW_CTX_DAG_ID='etl_yellow_cab' AIRFLOW_CTX_TASK_ID='etl_task' AIRFLOW_CTX_EXECUTION_DATE='2024-10-13T15:26:29.490243+00:00' AIRFLOW_CTX_TRY_NUMBER='1' AIRFLOW_CTX_DAG_RUN_ID='manual__2024-10-13T15:26:29.490243+00:00'
[2024-10-13T15:26:32.831+0000] {taskinstance.py:430} INFO - ::endgroup::
[2024-10-13T15:26:32.847+0000] {base.py:84} INFO - Using connection ID 'spark_main' for task execution.
[2024-10-13T15:26:32.848+0000] {spark_submit.py:473} INFO - Spark-Submit cmd: spark-submit --master spark://spark-master:7077 --conf spark.jars.packages=org.apache.sedona:sedona-python-adapter-3.0_2.12:1.2.0-incubating,org.datasyslab:geotools-wrapper:geotools-24.0 --conf spark.jars.repositories=https://repo1.maven.org/maven2/ --conf spark.executor.memory=8g --conf spark.driver.maxResultSize=8g --conf spark.driver.memory=2g --name arrow-spark --deploy-mode client /spark-scripts/taxi_etl.py
[2024-10-13T15:26:34.479+0000] {spark_submit.py:649} INFO - https://repo1.maven.org/maven2/ added as a remote repository with the name: repo-1
[2024-10-13T15:26:34.504+0000] {spark_submit.py:649} INFO - :: loading settings :: url = jar:file:/home/airflow/.local/lib/python3.9/site-packages/pyspark/jars/ivy-2.5.1.jar!/org/apache/ivy/core/settings/ivysettings.xml
[2024-10-13T15:26:34.575+0000] {spark_submit.py:649} INFO - Ivy Default Cache set to: /home/airflow/.ivy2/cache
[2024-10-13T15:26:34.575+0000] {spark_submit.py:649} INFO - The jars for the packages stored in: /home/airflow/.ivy2/jars
[2024-10-13T15:26:34.577+0000] {spark_submit.py:649} INFO - org.apache.sedona#sedona-python-adapter-3.0_2.12 added as a dependency
[2024-10-13T15:26:34.577+0000] {spark_submit.py:649} INFO - org.datasyslab#geotools-wrapper added as a dependency
[2024-10-13T15:26:34.577+0000] {spark_submit.py:649} INFO - :: resolving dependencies :: org.apache.spark#spark-submit-parent-3b1d2904-0f55-472e-ad93-aa0fab68c1bc;1.0
[2024-10-13T15:26:34.578+0000] {spark_submit.py:649} INFO - confs: [default]
[2024-10-13T15:26:34.666+0000] {spark_submit.py:649} INFO - found org.apache.sedona#sedona-python-adapter-3.0_2.12;1.2.0-incubating in central
[2024-10-13T15:26:34.681+0000] {spark_submit.py:649} INFO - found org.locationtech.jts#jts-core;1.18.0 in central
[2024-10-13T15:26:34.694+0000] {spark_submit.py:649} INFO - found org.wololo#jts2geojson;0.16.1 in central
[2024-10-13T15:26:34.706+0000] {spark_submit.py:649} INFO - found org.apache.sedona#sedona-core-3.0_2.12;1.2.0-incubating in central
[2024-10-13T15:26:34.719+0000] {spark_submit.py:649} INFO - found org.scala-lang.modules#scala-collection-compat_2.12;2.5.0 in central
[2024-10-13T15:26:34.730+0000] {spark_submit.py:649} INFO - found org.apache.sedona#sedona-sql-3.0_2.12;1.2.0-incubating in central
[2024-10-13T15:26:34.748+0000] {spark_submit.py:649} INFO - found org.datasyslab#geotools-wrapper;geotools-24.0 in central
[2024-10-13T15:26:34.773+0000] {spark_submit.py:649} INFO - :: resolution report :: resolve 178ms :: artifacts dl 17ms
[2024-10-13T15:26:34.773+0000] {spark_submit.py:649} INFO - :: modules in use:
[2024-10-13T15:26:34.773+0000] {spark_submit.py:649} INFO - org.apache.sedona#sedona-core-3.0_2.12;1.2.0-incubating from central in [default]
[2024-10-13T15:26:34.773+0000] {spark_submit.py:649} INFO - org.apache.sedona#sedona-python-adapter-3.0_2.12;1.2.0-incubating from central in [default]
[2024-10-13T15:26:34.773+0000] {spark_submit.py:649} INFO - org.apache.sedona#sedona-sql-3.0_2.12;1.2.0-incubating from central in [default]
[2024-10-13T15:26:34.773+0000] {spark_submit.py:649} INFO - org.datasyslab#geotools-wrapper;geotools-24.0 from central in [default]
[2024-10-13T15:26:34.774+0000] {spark_submit.py:649} INFO - org.locationtech.jts#jts-core;1.18.0 from central in [default]
[2024-10-13T15:26:34.774+0000] {spark_submit.py:649} INFO - org.scala-lang.modules#scala-collection-compat_2.12;2.5.0 from central in [default]
[2024-10-13T15:26:34.774+0000] {spark_submit.py:649} INFO - org.wololo#jts2geojson;0.16.1 from central in [default]
[2024-10-13T15:26:34.774+0000] {spark_submit.py:649} INFO - ---------------------------------------------------------------------
[2024-10-13T15:26:34.774+0000] {spark_submit.py:649} INFO - |                  |            modules            ||   artifacts   |
[2024-10-13T15:26:34.774+0000] {spark_submit.py:649} INFO - |       conf       | number| search|dwnlded|evicted|| number|dwnlded|
[2024-10-13T15:26:34.774+0000] {spark_submit.py:649} INFO - ---------------------------------------------------------------------
[2024-10-13T15:26:34.774+0000] {spark_submit.py:649} INFO - |      default     |   7   |   0   |   0   |   0   ||   7   |   0   |
[2024-10-13T15:26:34.774+0000] {spark_submit.py:649} INFO - ---------------------------------------------------------------------
[2024-10-13T15:26:34.776+0000] {spark_submit.py:649} INFO - :: retrieving :: org.apache.spark#spark-submit-parent-3b1d2904-0f55-472e-ad93-aa0fab68c1bc
[2024-10-13T15:26:34.776+0000] {spark_submit.py:649} INFO - confs: [default]
[2024-10-13T15:26:34.780+0000] {spark_submit.py:649} INFO - 0 artifacts copied, 7 already retrieved (0kB/4ms)
[2024-10-13T15:26:34.956+0000] {spark_submit.py:649} INFO - 24/10/13 15:26:34 WARN NativeCodeLoader: Unable to load native-hadoop library for your platform... using builtin-java classes where applicable
[2024-10-13T15:26:37.576+0000] {spark_submit.py:649} INFO - 24/10/13 15:26:37 INFO SparkContext: Running Spark version 3.5.1
[2024-10-13T15:26:37.591+0000] {spark_submit.py:649} INFO - 24/10/13 15:26:37 INFO SparkContext: OS info Linux, 6.10.4-linuxkit, aarch64
[2024-10-13T15:26:37.591+0000] {spark_submit.py:649} INFO - 24/10/13 15:26:37 INFO SparkContext: Java version 17.0.12
[2024-10-13T15:26:37.605+0000] {spark_submit.py:649} INFO - 24/10/13 15:26:37 INFO ResourceUtils: ==============================================================
[2024-10-13T15:26:37.605+0000] {spark_submit.py:649} INFO - 24/10/13 15:26:37 INFO ResourceUtils: No custom resources configured for spark.driver.
[2024-10-13T15:26:37.606+0000] {spark_submit.py:649} INFO - 24/10/13 15:26:37 INFO ResourceUtils: ==============================================================
[2024-10-13T15:26:37.606+0000] {spark_submit.py:649} INFO - 24/10/13 15:26:37 INFO SparkContext: Submitted application: BigQueryETL
[2024-10-13T15:26:37.621+0000] {spark_submit.py:649} INFO - 24/10/13 15:26:37 INFO ResourceProfile: Default ResourceProfile created, executor resources: Map(memory -> name: memory, amount: 8192, script: , vendor: , offHeap -> name: offHeap, amount: 0, script: , vendor: ), task resources: Map(cpus -> name: cpus, amount: 1.0)
[2024-10-13T15:26:37.627+0000] {spark_submit.py:649} INFO - 24/10/13 15:26:37 INFO ResourceProfile: Limiting resource is cpu
[2024-10-13T15:26:37.628+0000] {spark_submit.py:649} INFO - 24/10/13 15:26:37 INFO ResourceProfileManager: Added ResourceProfile id: 0
[2024-10-13T15:26:37.704+0000] {spark_submit.py:649} INFO - 24/10/13 15:26:37 INFO SecurityManager: Changing view acls to: airflow
[2024-10-13T15:26:37.705+0000] {spark_submit.py:649} INFO - 24/10/13 15:26:37 INFO SecurityManager: Changing modify acls to: airflow
[2024-10-13T15:26:37.705+0000] {spark_submit.py:649} INFO - 24/10/13 15:26:37 INFO SecurityManager: Changing view acls groups to:
[2024-10-13T15:26:37.705+0000] {spark_submit.py:649} INFO - 24/10/13 15:26:37 INFO SecurityManager: Changing modify acls groups to:
[2024-10-13T15:26:37.706+0000] {spark_submit.py:649} INFO - 24/10/13 15:26:37 INFO SecurityManager: SecurityManager: authentication disabled; ui acls disabled; users with view permissions: airflow; groups with view permissions: EMPTY; users with modify permissions: airflow; groups with modify permissions: EMPTY
[2024-10-13T15:26:37.966+0000] {spark_submit.py:649} INFO - 24/10/13 15:26:37 INFO Utils: Successfully started service 'sparkDriver' on port 40323.
[2024-10-13T15:26:37.990+0000] {spark_submit.py:649} INFO - 24/10/13 15:26:37 INFO SparkEnv: Registering MapOutputTracker
[2024-10-13T15:26:38.033+0000] {spark_submit.py:649} INFO - 24/10/13 15:26:38 INFO SparkEnv: Registering BlockManagerMaster
[2024-10-13T15:26:38.042+0000] {spark_submit.py:649} INFO - 24/10/13 15:26:38 INFO BlockManagerMasterEndpoint: Using org.apache.spark.storage.DefaultTopologyMapper for getting topology information
[2024-10-13T15:26:38.043+0000] {spark_submit.py:649} INFO - 24/10/13 15:26:38 INFO BlockManagerMasterEndpoint: BlockManagerMasterEndpoint up
[2024-10-13T15:26:38.045+0000] {spark_submit.py:649} INFO - 24/10/13 15:26:38 INFO SparkEnv: Registering BlockManagerMasterHeartbeat
[2024-10-13T15:26:38.060+0000] {spark_submit.py:649} INFO - 24/10/13 15:26:38 INFO DiskBlockManager: Created local directory at /tmp/blockmgr-20eb15fa-2131-4638-b971-bd15844754b3
[2024-10-13T15:26:38.067+0000] {spark_submit.py:649} INFO - 24/10/13 15:26:38 INFO MemoryStore: MemoryStore started with capacity 1048.8 MiB
[2024-10-13T15:26:38.075+0000] {spark_submit.py:649} INFO - 24/10/13 15:26:38 INFO SparkEnv: Registering OutputCommitCoordinator
[2024-10-13T15:26:38.185+0000] {spark_submit.py:649} INFO - 24/10/13 15:26:38 INFO JettyUtils: Start Jetty 0.0.0.0:4040 for SparkUI
[2024-10-13T15:26:38.222+0000] {spark_submit.py:649} INFO - 24/10/13 15:26:38 INFO Utils: Successfully started service 'SparkUI' on port 4040.
[2024-10-13T15:26:38.241+0000] {spark_submit.py:649} INFO - 24/10/13 15:26:38 INFO SparkContext: Added JAR file:///home/airflow/.ivy2/jars/org.apache.sedona_sedona-python-adapter-3.0_2.12-1.2.0-incubating.jar at spark://yellow-cab-airflow-scheduler:40323/jars/org.apache.sedona_sedona-python-adapter-3.0_2.12-1.2.0-incubating.jar with timestamp 1728833197566
[2024-10-13T15:26:38.241+0000] {spark_submit.py:649} INFO - 24/10/13 15:26:38 INFO SparkContext: Added JAR file:///home/airflow/.ivy2/jars/org.datasyslab_geotools-wrapper-geotools-24.0.jar at spark://yellow-cab-airflow-scheduler:40323/jars/org.datasyslab_geotools-wrapper-geotools-24.0.jar with timestamp 1728833197566
[2024-10-13T15:26:38.241+0000] {spark_submit.py:649} INFO - 24/10/13 15:26:38 INFO SparkContext: Added JAR file:///home/airflow/.ivy2/jars/org.locationtech.jts_jts-core-1.18.0.jar at spark://yellow-cab-airflow-scheduler:40323/jars/org.locationtech.jts_jts-core-1.18.0.jar with timestamp 1728833197566
[2024-10-13T15:26:38.241+0000] {spark_submit.py:649} INFO - 24/10/13 15:26:38 INFO SparkContext: Added JAR file:///home/airflow/.ivy2/jars/org.wololo_jts2geojson-0.16.1.jar at spark://yellow-cab-airflow-scheduler:40323/jars/org.wololo_jts2geojson-0.16.1.jar with timestamp 1728833197566
[2024-10-13T15:26:38.242+0000] {spark_submit.py:649} INFO - 24/10/13 15:26:38 INFO SparkContext: Added JAR file:///home/airflow/.ivy2/jars/org.apache.sedona_sedona-core-3.0_2.12-1.2.0-incubating.jar at spark://yellow-cab-airflow-scheduler:40323/jars/org.apache.sedona_sedona-core-3.0_2.12-1.2.0-incubating.jar with timestamp 1728833197566
[2024-10-13T15:26:38.242+0000] {spark_submit.py:649} INFO - 24/10/13 15:26:38 INFO SparkContext: Added JAR file:///home/airflow/.ivy2/jars/org.apache.sedona_sedona-sql-3.0_2.12-1.2.0-incubating.jar at spark://yellow-cab-airflow-scheduler:40323/jars/org.apache.sedona_sedona-sql-3.0_2.12-1.2.0-incubating.jar with timestamp 1728833197566
[2024-10-13T15:26:38.242+0000] {spark_submit.py:649} INFO - 24/10/13 15:26:38 INFO SparkContext: Added JAR file:///home/airflow/.ivy2/jars/org.scala-lang.modules_scala-collection-compat_2.12-2.5.0.jar at spark://yellow-cab-airflow-scheduler:40323/jars/org.scala-lang.modules_scala-collection-compat_2.12-2.5.0.jar with timestamp 1728833197566
[2024-10-13T15:26:38.244+0000] {spark_submit.py:649} INFO - 24/10/13 15:26:38 INFO SparkContext: Added file file:///home/airflow/.ivy2/jars/org.apache.sedona_sedona-python-adapter-3.0_2.12-1.2.0-incubating.jar at spark://yellow-cab-airflow-scheduler:40323/files/org.apache.sedona_sedona-python-adapter-3.0_2.12-1.2.0-incubating.jar with timestamp 1728833197566
[2024-10-13T15:26:38.245+0000] {spark_submit.py:649} INFO - 24/10/13 15:26:38 INFO Utils: Copying /home/airflow/.ivy2/jars/org.apache.sedona_sedona-python-adapter-3.0_2.12-1.2.0-incubating.jar to /tmp/spark-7670cae5-ccf0-4294-ba00-17ac307b9f36/userFiles-156eb466-0b01-4092-ab67-6af5eb82bb9d/org.apache.sedona_sedona-python-adapter-3.0_2.12-1.2.0-incubating.jar
[2024-10-13T15:26:38.319+0000] {spark_submit.py:649} INFO - 24/10/13 15:26:38 INFO SparkContext: Added file file:///home/airflow/.ivy2/jars/org.datasyslab_geotools-wrapper-geotools-24.0.jar at spark://yellow-cab-airflow-scheduler:40323/files/org.datasyslab_geotools-wrapper-geotools-24.0.jar with timestamp 1728833197566
[2024-10-13T15:26:38.319+0000] {spark_submit.py:649} INFO - 24/10/13 15:26:38 INFO Utils: Copying /home/airflow/.ivy2/jars/org.datasyslab_geotools-wrapper-geotools-24.0.jar to /tmp/spark-7670cae5-ccf0-4294-ba00-17ac307b9f36/userFiles-156eb466-0b01-4092-ab67-6af5eb82bb9d/org.datasyslab_geotools-wrapper-geotools-24.0.jar
[2024-10-13T15:26:38.702+0000] {spark_submit.py:649} INFO - 24/10/13 15:26:38 INFO SparkContext: Added file file:///home/airflow/.ivy2/jars/org.locationtech.jts_jts-core-1.18.0.jar at spark://yellow-cab-airflow-scheduler:40323/files/org.locationtech.jts_jts-core-1.18.0.jar with timestamp 1728833197566
[2024-10-13T15:26:38.703+0000] {spark_submit.py:649} INFO - 24/10/13 15:26:38 INFO Utils: Copying /home/airflow/.ivy2/jars/org.locationtech.jts_jts-core-1.18.0.jar to /tmp/spark-7670cae5-ccf0-4294-ba00-17ac307b9f36/userFiles-156eb466-0b01-4092-ab67-6af5eb82bb9d/org.locationtech.jts_jts-core-1.18.0.jar
[2024-10-13T15:26:38.779+0000] {spark_submit.py:649} INFO - 24/10/13 15:26:38 INFO SparkContext: Added file file:///home/airflow/.ivy2/jars/org.wololo_jts2geojson-0.16.1.jar at spark://yellow-cab-airflow-scheduler:40323/files/org.wololo_jts2geojson-0.16.1.jar with timestamp 1728833197566
[2024-10-13T15:26:38.780+0000] {spark_submit.py:649} INFO - 24/10/13 15:26:38 INFO Utils: Copying /home/airflow/.ivy2/jars/org.wololo_jts2geojson-0.16.1.jar to /tmp/spark-7670cae5-ccf0-4294-ba00-17ac307b9f36/userFiles-156eb466-0b01-4092-ab67-6af5eb82bb9d/org.wololo_jts2geojson-0.16.1.jar
[2024-10-13T15:26:38.815+0000] {spark_submit.py:649} INFO - 24/10/13 15:26:38 INFO SparkContext: Added file file:///home/airflow/.ivy2/jars/org.apache.sedona_sedona-core-3.0_2.12-1.2.0-incubating.jar at spark://yellow-cab-airflow-scheduler:40323/files/org.apache.sedona_sedona-core-3.0_2.12-1.2.0-incubating.jar with timestamp 1728833197566
[2024-10-13T15:26:38.817+0000] {spark_submit.py:649} INFO - 24/10/13 15:26:38 INFO Utils: Copying /home/airflow/.ivy2/jars/org.apache.sedona_sedona-core-3.0_2.12-1.2.0-incubating.jar to /tmp/spark-7670cae5-ccf0-4294-ba00-17ac307b9f36/userFiles-156eb466-0b01-4092-ab67-6af5eb82bb9d/org.apache.sedona_sedona-core-3.0_2.12-1.2.0-incubating.jar
[2024-10-13T15:26:38.961+0000] {spark_submit.py:649} INFO - 24/10/13 15:26:38 INFO SparkContext: Added file file:///home/airflow/.ivy2/jars/org.apache.sedona_sedona-sql-3.0_2.12-1.2.0-incubating.jar at spark://yellow-cab-airflow-scheduler:40323/files/org.apache.sedona_sedona-sql-3.0_2.12-1.2.0-incubating.jar with timestamp 1728833197566
[2024-10-13T15:26:38.961+0000] {spark_submit.py:649} INFO - 24/10/13 15:26:38 INFO Utils: Copying /home/airflow/.ivy2/jars/org.apache.sedona_sedona-sql-3.0_2.12-1.2.0-incubating.jar to /tmp/spark-7670cae5-ccf0-4294-ba00-17ac307b9f36/userFiles-156eb466-0b01-4092-ab67-6af5eb82bb9d/org.apache.sedona_sedona-sql-3.0_2.12-1.2.0-incubating.jar
[2024-10-13T15:26:39.011+0000] {spark_submit.py:649} INFO - 24/10/13 15:26:39 INFO SparkContext: Added file file:///home/airflow/.ivy2/jars/org.scala-lang.modules_scala-collection-compat_2.12-2.5.0.jar at spark://yellow-cab-airflow-scheduler:40323/files/org.scala-lang.modules_scala-collection-compat_2.12-2.5.0.jar with timestamp 1728833197566
[2024-10-13T15:26:39.011+0000] {spark_submit.py:649} INFO - 24/10/13 15:26:39 INFO Utils: Copying /home/airflow/.ivy2/jars/org.scala-lang.modules_scala-collection-compat_2.12-2.5.0.jar to /tmp/spark-7670cae5-ccf0-4294-ba00-17ac307b9f36/userFiles-156eb466-0b01-4092-ab67-6af5eb82bb9d/org.scala-lang.modules_scala-collection-compat_2.12-2.5.0.jar
[2024-10-13T15:26:39.135+0000] {spark_submit.py:649} INFO - 24/10/13 15:26:39 INFO StandaloneAppClient$ClientEndpoint: Connecting to master spark://spark-master:7077...
[2024-10-13T15:26:39.160+0000] {spark_submit.py:649} INFO - 24/10/13 15:26:39 INFO TransportClientFactory: Successfully created connection to spark-master/172.24.0.2:7077 after 13 ms (0 ms spent in bootstraps)
[2024-10-13T15:26:39.358+0000] {spark_submit.py:649} INFO - 24/10/13 15:26:39 INFO StandaloneSchedulerBackend: Connected to Spark cluster with app ID app-20241013152639-0018
[2024-10-13T15:26:39.364+0000] {spark_submit.py:649} INFO - 24/10/13 15:26:39 INFO Utils: Successfully started service 'org.apache.spark.network.netty.NettyBlockTransferService' on port 35341.
[2024-10-13T15:26:39.365+0000] {spark_submit.py:649} INFO - 24/10/13 15:26:39 INFO NettyBlockTransferService: Server created on yellow-cab-airflow-scheduler:35341
[2024-10-13T15:26:39.365+0000] {spark_submit.py:649} INFO - 24/10/13 15:26:39 INFO BlockManager: Using org.apache.spark.storage.RandomBlockReplicationPolicy for block replication policy
[2024-10-13T15:26:39.368+0000] {spark_submit.py:649} INFO - 24/10/13 15:26:39 INFO StandaloneAppClient$ClientEndpoint: Executor added: app-20241013152639-0018/0 on worker-20241011213037-172.24.0.3-36185 (172.24.0.3:36185) with 4 core(s)
[2024-10-13T15:26:39.369+0000] {spark_submit.py:649} INFO - 24/10/13 15:26:39 INFO StandaloneSchedulerBackend: Granted executor ID app-20241013152639-0018/0 on hostPort 172.24.0.3:36185 with 4 core(s), 8.0 GiB RAM
[2024-10-13T15:26:39.370+0000] {spark_submit.py:649} INFO - 24/10/13 15:26:39 INFO BlockManagerMaster: Registering BlockManager BlockManagerId(driver, yellow-cab-airflow-scheduler, 35341, None)
[2024-10-13T15:26:39.371+0000] {spark_submit.py:649} INFO - 24/10/13 15:26:39 INFO BlockManagerMasterEndpoint: Registering block manager yellow-cab-airflow-scheduler:35341 with 1048.8 MiB RAM, BlockManagerId(driver, yellow-cab-airflow-scheduler, 35341, None)
[2024-10-13T15:26:39.373+0000] {spark_submit.py:649} INFO - 24/10/13 15:26:39 INFO BlockManagerMaster: Registered BlockManager BlockManagerId(driver, yellow-cab-airflow-scheduler, 35341, None)
[2024-10-13T15:26:39.373+0000] {spark_submit.py:649} INFO - 24/10/13 15:26:39 INFO BlockManager: Initialized BlockManager: BlockManagerId(driver, yellow-cab-airflow-scheduler, 35341, None)
[2024-10-13T15:26:39.563+0000] {spark_submit.py:649} INFO - 24/10/13 15:26:39 INFO StandaloneSchedulerBackend: SchedulerBackend is ready for scheduling beginning after reached minRegisteredResourcesRatio: 0.0
[2024-10-13T15:26:39.727+0000] {spark_submit.py:649} INFO - /spark-scripts/taxi_etl.py:28: DeprecationWarning: Call to deprecated function registerAll (Deprecated since 1.4.1, use SedonaContext.create() instead.).
[2024-10-13T15:26:39.728+0000] {spark_submit.py:649} INFO - SedonaRegistrator.registerAll(spark)
[2024-10-13T15:26:39.734+0000] {spark_submit.py:649} INFO - 24/10/13 15:26:39 INFO SharedState: Setting hive.metastore.warehouse.dir ('null') to the value of spark.sql.warehouse.dir.
[2024-10-13T15:26:39.736+0000] {spark_submit.py:649} INFO - 24/10/13 15:26:39 INFO SharedState: Warehouse path is 'file:/opt/airflow/spark-warehouse'.
[2024-10-13T15:26:39.793+0000] {spark_submit.py:649} INFO - 24/10/13 15:26:39 INFO StandaloneAppClient$ClientEndpoint: Executor updated: app-20241013152639-0018/0 is now RUNNING
[2024-10-13T15:26:41.891+0000] {spark_submit.py:649} INFO - 24/10/13 15:26:41 INFO CodeGenerator: Code generated in 131.535 ms
[2024-10-13T15:26:41.940+0000] {spark_submit.py:649} INFO - 24/10/13 15:26:41 INFO DAGScheduler: Registering RDD 2 (count at NativeMethodAccessorImpl.java:0) as input to shuffle 0
[2024-10-13T15:26:41.946+0000] {spark_submit.py:649} INFO - 24/10/13 15:26:41 INFO DAGScheduler: Got map stage job 0 (count at NativeMethodAccessorImpl.java:0) with 1 output partitions
[2024-10-13T15:26:41.946+0000] {spark_submit.py:649} INFO - 24/10/13 15:26:41 INFO DAGScheduler: Final stage: ShuffleMapStage 0 (count at NativeMethodAccessorImpl.java:0)
[2024-10-13T15:26:41.946+0000] {spark_submit.py:649} INFO - 24/10/13 15:26:41 INFO DAGScheduler: Parents of final stage: List()
[2024-10-13T15:26:41.947+0000] {spark_submit.py:649} INFO - 24/10/13 15:26:41 INFO DAGScheduler: Missing parents: List()
[2024-10-13T15:26:41.948+0000] {spark_submit.py:649} INFO - 24/10/13 15:26:41 INFO DAGScheduler: Submitting ShuffleMapStage 0 (MapPartitionsRDD[2] at count at NativeMethodAccessorImpl.java:0), which has no missing parents
[2024-10-13T15:26:42.011+0000] {spark_submit.py:649} INFO - 24/10/13 15:26:42 INFO MemoryStore: Block broadcast_0 stored as values in memory (estimated size 11.0 KiB, free 1048.8 MiB)
[2024-10-13T15:26:42.039+0000] {spark_submit.py:649} INFO - 24/10/13 15:26:42 INFO MemoryStore: Block broadcast_0_piece0 stored as bytes in memory (estimated size 5.7 KiB, free 1048.8 MiB)
[2024-10-13T15:26:42.041+0000] {spark_submit.py:649} INFO - 24/10/13 15:26:42 INFO BlockManagerInfo: Added broadcast_0_piece0 in memory on yellow-cab-airflow-scheduler:35341 (size: 5.7 KiB, free: 1048.8 MiB)
[2024-10-13T15:26:42.043+0000] {spark_submit.py:649} INFO - 24/10/13 15:26:42 INFO SparkContext: Created broadcast 0 from broadcast at DAGScheduler.scala:1585
[2024-10-13T15:26:42.051+0000] {spark_submit.py:649} INFO - 24/10/13 15:26:42 INFO DAGScheduler: Submitting 1 missing tasks from ShuffleMapStage 0 (MapPartitionsRDD[2] at count at NativeMethodAccessorImpl.java:0) (first 15 tasks are for partitions Vector(0))
[2024-10-13T15:26:42.052+0000] {spark_submit.py:649} INFO - 24/10/13 15:26:42 INFO TaskSchedulerImpl: Adding task set 0.0 with 1 tasks resource profile 0
[2024-10-13T15:26:42.862+0000] {spark_submit.py:649} INFO - 24/10/13 15:26:42 INFO StandaloneSchedulerBackend$StandaloneDriverEndpoint: Registered executor NettyRpcEndpointRef(spark-client://Executor) (172.24.0.3:49262) with ID 0,  ResourceProfileId 0
[2024-10-13T15:26:42.929+0000] {spark_submit.py:649} INFO - 24/10/13 15:26:42 INFO BlockManagerMasterEndpoint: Registering block manager 172.24.0.3:35763 with 4.6 GiB RAM, BlockManagerId(0, 172.24.0.3, 35763, None)
[2024-10-13T15:26:44.687+0000] {spark_submit.py:649} INFO - 24/10/13 15:26:44 INFO TaskSetManager: Starting task 0.0 in stage 0.0 (TID 0) (172.24.0.3, executor 0, partition 0, PROCESS_LOCAL, 9588 bytes)
[2024-10-13T15:26:44.937+0000] {spark_submit.py:649} INFO - 24/10/13 15:26:44 INFO BlockManagerInfo: Added broadcast_0_piece0 in memory on 172.24.0.3:35763 (size: 5.7 KiB, free: 4.6 GiB)
[2024-10-13T15:26:45.793+0000] {spark_submit.py:649} INFO - 24/10/13 15:26:45 INFO TaskSetManager: Finished task 0.0 in stage 0.0 (TID 0) in 1126 ms on 172.24.0.3 (executor 0) (1/1)
[2024-10-13T15:26:45.798+0000] {spark_submit.py:649} INFO - 24/10/13 15:26:45 INFO TaskSchedulerImpl: Removed TaskSet 0.0, whose tasks have all completed, from pool
[2024-10-13T15:26:45.810+0000] {spark_submit.py:649} INFO - 24/10/13 15:26:45 INFO DAGScheduler: ShuffleMapStage 0 (count at NativeMethodAccessorImpl.java:0) finished in 3.850 s
[2024-10-13T15:26:45.810+0000] {spark_submit.py:649} INFO - 24/10/13 15:26:45 INFO DAGScheduler: looking for newly runnable stages
[2024-10-13T15:26:45.811+0000] {spark_submit.py:649} INFO - 24/10/13 15:26:45 INFO DAGScheduler: running: Set()
[2024-10-13T15:26:45.811+0000] {spark_submit.py:649} INFO - 24/10/13 15:26:45 INFO DAGScheduler: waiting: Set()
[2024-10-13T15:26:45.812+0000] {spark_submit.py:649} INFO - 24/10/13 15:26:45 INFO DAGScheduler: failed: Set()
[2024-10-13T15:26:45.895+0000] {spark_submit.py:649} INFO - 24/10/13 15:26:45 INFO CodeGenerator: Code generated in 15.805792 ms
[2024-10-13T15:26:45.957+0000] {spark_submit.py:649} INFO - 24/10/13 15:26:45 INFO SparkContext: Starting job: count at NativeMethodAccessorImpl.java:0
[2024-10-13T15:26:45.961+0000] {spark_submit.py:649} INFO - 24/10/13 15:26:45 INFO DAGScheduler: Got job 1 (count at NativeMethodAccessorImpl.java:0) with 1 output partitions
[2024-10-13T15:26:45.962+0000] {spark_submit.py:649} INFO - 24/10/13 15:26:45 INFO DAGScheduler: Final stage: ResultStage 2 (count at NativeMethodAccessorImpl.java:0)
[2024-10-13T15:26:45.962+0000] {spark_submit.py:649} INFO - 24/10/13 15:26:45 INFO DAGScheduler: Parents of final stage: List(ShuffleMapStage 1)
[2024-10-13T15:26:45.962+0000] {spark_submit.py:649} INFO - 24/10/13 15:26:45 INFO DAGScheduler: Missing parents: List()
[2024-10-13T15:26:45.964+0000] {spark_submit.py:649} INFO - 24/10/13 15:26:45 INFO DAGScheduler: Submitting ResultStage 2 (MapPartitionsRDD[5] at count at NativeMethodAccessorImpl.java:0), which has no missing parents
[2024-10-13T15:26:45.976+0000] {spark_submit.py:649} INFO - 24/10/13 15:26:45 INFO MemoryStore: Block broadcast_1 stored as values in memory (estimated size 12.5 KiB, free 1048.8 MiB)
[2024-10-13T15:26:45.983+0000] {spark_submit.py:649} INFO - 24/10/13 15:26:45 INFO MemoryStore: Block broadcast_1_piece0 stored as bytes in memory (estimated size 5.9 KiB, free 1048.8 MiB)
[2024-10-13T15:26:45.984+0000] {spark_submit.py:649} INFO - 24/10/13 15:26:45 INFO BlockManagerInfo: Added broadcast_1_piece0 in memory on yellow-cab-airflow-scheduler:35341 (size: 5.9 KiB, free: 1048.8 MiB)
[2024-10-13T15:26:45.985+0000] {spark_submit.py:649} INFO - 24/10/13 15:26:45 INFO SparkContext: Created broadcast 1 from broadcast at DAGScheduler.scala:1585
[2024-10-13T15:26:45.987+0000] {spark_submit.py:649} INFO - 24/10/13 15:26:45 INFO DAGScheduler: Submitting 1 missing tasks from ResultStage 2 (MapPartitionsRDD[5] at count at NativeMethodAccessorImpl.java:0) (first 15 tasks are for partitions Vector(0))
[2024-10-13T15:26:45.987+0000] {spark_submit.py:649} INFO - 24/10/13 15:26:45 INFO TaskSchedulerImpl: Adding task set 2.0 with 1 tasks resource profile 0
[2024-10-13T15:26:45.994+0000] {spark_submit.py:649} INFO - 24/10/13 15:26:45 INFO TaskSetManager: Starting task 0.0 in stage 2.0 (TID 1) (172.24.0.3, executor 0, partition 0, NODE_LOCAL, 9391 bytes)
[2024-10-13T15:26:46.012+0000] {spark_submit.py:649} INFO - 24/10/13 15:26:46 INFO BlockManagerInfo: Added broadcast_1_piece0 in memory on 172.24.0.3:35763 (size: 5.9 KiB, free: 4.6 GiB)
[2024-10-13T15:26:46.117+0000] {spark_submit.py:649} INFO - 24/10/13 15:26:46 INFO MapOutputTrackerMasterEndpoint: Asked to send map output locations for shuffle 0 to 172.24.0.3:49262
[2024-10-13T15:26:46.264+0000] {spark_submit.py:649} INFO - 24/10/13 15:26:46 INFO TaskSetManager: Finished task 0.0 in stage 2.0 (TID 1) in 271 ms on 172.24.0.3 (executor 0) (1/1)
[2024-10-13T15:26:46.264+0000] {spark_submit.py:649} INFO - 24/10/13 15:26:46 INFO TaskSchedulerImpl: Removed TaskSet 2.0, whose tasks have all completed, from pool
[2024-10-13T15:26:46.265+0000] {spark_submit.py:649} INFO - 24/10/13 15:26:46 INFO DAGScheduler: ResultStage 2 (count at NativeMethodAccessorImpl.java:0) finished in 0.293 s
[2024-10-13T15:26:46.266+0000] {spark_submit.py:649} INFO - 24/10/13 15:26:46 INFO DAGScheduler: Job 1 is finished. Cancelling potential speculative or zombie tasks for this job
[2024-10-13T15:26:46.266+0000] {spark_submit.py:649} INFO - 24/10/13 15:26:46 INFO TaskSchedulerImpl: Killing all running tasks in stage 2: Stage finished
[2024-10-13T15:26:46.267+0000] {spark_submit.py:649} INFO - 24/10/13 15:26:46 INFO DAGScheduler: Job 1 finished: count at NativeMethodAccessorImpl.java:0, took 0.310275 s
[2024-10-13T15:26:46.356+0000] {spark_submit.py:649} INFO - 24/10/13 15:26:46 INFO BlockManagerInfo: Removed broadcast_1_piece0 on yellow-cab-airflow-scheduler:35341 in memory (size: 5.9 KiB, free: 1048.8 MiB)
[2024-10-13T15:26:46.360+0000] {spark_submit.py:649} INFO - 24/10/13 15:26:46 INFO BlockManagerInfo: Removed broadcast_1_piece0 on 172.24.0.3:35763 in memory (size: 5.9 KiB, free: 4.6 GiB)
[2024-10-13T15:26:46.368+0000] {spark_submit.py:649} INFO - 24/10/13 15:26:46 INFO BlockManagerInfo: Removed broadcast_0_piece0 on yellow-cab-airflow-scheduler:35341 in memory (size: 5.7 KiB, free: 1048.8 MiB)
[2024-10-13T15:26:46.370+0000] {spark_submit.py:649} INFO - 24/10/13 15:26:46 INFO BlockManagerInfo: Removed broadcast_0_piece0 on 172.24.0.3:35763 in memory (size: 5.7 KiB, free: 4.6 GiB)
[2024-10-13T15:26:47.101+0000] {spark_submit.py:649} INFO - 24/10/13 15:26:47 INFO InMemoryFileIndex: It took 8 ms to list leaf files for 1 paths.
[2024-10-13T15:26:47.514+0000] {spark_submit.py:649} INFO - Traceback (most recent call last):
[2024-10-13T15:26:47.514+0000] {spark_submit.py:649} INFO - File "/spark-scripts/taxi_etl.py", line 155, in <module>
[2024-10-13T15:26:47.515+0000] {spark_submit.py:649} INFO - main()
[2024-10-13T15:26:47.515+0000] {spark_submit.py:649} INFO - File "/spark-scripts/taxi_etl.py", line 95, in main
[2024-10-13T15:26:47.515+0000] {spark_submit.py:649} INFO - fact_trip = df.withColumn(
[2024-10-13T15:26:47.515+0000] {spark_submit.py:649} INFO - File "/home/airflow/.local/lib/python3.9/site-packages/pyspark/python/lib/pyspark.zip/pyspark/sql/dataframe.py", line 5174, in withColumn
[2024-10-13T15:26:47.516+0000] {spark_submit.py:649} INFO - File "/home/airflow/.local/lib/python3.9/site-packages/pyspark/python/lib/py4j-0.10.9.7-src.zip/py4j/java_gateway.py", line 1322, in __call__
[2024-10-13T15:26:47.516+0000] {spark_submit.py:649} INFO - File "/home/airflow/.local/lib/python3.9/site-packages/pyspark/python/lib/pyspark.zip/pyspark/errors/exceptions/captured.py", line 185, in deco
[2024-10-13T15:26:47.519+0000] {spark_submit.py:649} INFO - pyspark.errors.exceptions.captured.AnalysisException: [UNRESOLVED_ROUTINE] Cannot resolve function `ST_GEOGPOINT` on search path [`system`.`builtin`, `system`.`session`, `spark_catalog`.`default`].; line 1 pos 0
[2024-10-13T15:26:47.727+0000] {spark_submit.py:649} INFO - 24/10/13 15:26:47 INFO SparkContext: Invoking stop() from shutdown hook
[2024-10-13T15:26:47.728+0000] {spark_submit.py:649} INFO - 24/10/13 15:26:47 INFO SparkContext: SparkContext is stopping with exitCode 0.
[2024-10-13T15:26:47.736+0000] {spark_submit.py:649} INFO - 24/10/13 15:26:47 INFO SparkUI: Stopped Spark web UI at http://yellow-cab-airflow-scheduler:4040
[2024-10-13T15:26:47.737+0000] {spark_submit.py:649} INFO - 24/10/13 15:26:47 INFO StandaloneSchedulerBackend: Shutting down all executors
[2024-10-13T15:26:47.738+0000] {spark_submit.py:649} INFO - 24/10/13 15:26:47 INFO StandaloneSchedulerBackend$StandaloneDriverEndpoint: Asking each executor to shut down
[2024-10-13T15:26:47.751+0000] {spark_submit.py:649} INFO - 24/10/13 15:26:47 INFO MapOutputTrackerMasterEndpoint: MapOutputTrackerMasterEndpoint stopped!
[2024-10-13T15:26:47.785+0000] {spark_submit.py:649} INFO - 24/10/13 15:26:47 INFO MemoryStore: MemoryStore cleared
[2024-10-13T15:26:47.786+0000] {spark_submit.py:649} INFO - 24/10/13 15:26:47 INFO BlockManager: BlockManager stopped
[2024-10-13T15:26:47.788+0000] {spark_submit.py:649} INFO - 24/10/13 15:26:47 INFO BlockManagerMaster: BlockManagerMaster stopped
[2024-10-13T15:26:47.790+0000] {spark_submit.py:649} INFO - 24/10/13 15:26:47 INFO OutputCommitCoordinator$OutputCommitCoordinatorEndpoint: OutputCommitCoordinator stopped!
[2024-10-13T15:26:47.823+0000] {spark_submit.py:649} INFO - 24/10/13 15:26:47 INFO SparkContext: Successfully stopped SparkContext
[2024-10-13T15:26:47.823+0000] {spark_submit.py:649} INFO - 24/10/13 15:26:47 INFO ShutdownHookManager: Shutdown hook called
[2024-10-13T15:26:47.824+0000] {spark_submit.py:649} INFO - 24/10/13 15:26:47 INFO ShutdownHookManager: Deleting directory /tmp/spark-15729ab2-a5a4-4ee7-a2e2-e27f4a8fb008
[2024-10-13T15:26:47.852+0000] {spark_submit.py:649} INFO - 24/10/13 15:26:47 INFO ShutdownHookManager: Deleting directory /tmp/spark-7670cae5-ccf0-4294-ba00-17ac307b9f36/pyspark-a8dcd0d1-82ad-43ba-b250-04612f80e9e8
[2024-10-13T15:26:47.881+0000] {spark_submit.py:649} INFO - 24/10/13 15:26:47 INFO ShutdownHookManager: Deleting directory /tmp/spark-7670cae5-ccf0-4294-ba00-17ac307b9f36
[2024-10-13T15:26:47.930+0000] {taskinstance.py:441} INFO - ::group::Post task execution logs
[2024-10-13T15:26:47.963+0000] {taskinstance.py:2905} ERROR - Task failed with exception
Traceback (most recent call last):
  File "/home/airflow/.local/lib/python3.9/site-packages/airflow/models/taskinstance.py", line 465, in _execute_task
    result = _execute_callable(context=context, **execute_callable_kwargs)
  File "/home/airflow/.local/lib/python3.9/site-packages/airflow/models/taskinstance.py", line 432, in _execute_callable
    return execute_callable(context=context, **execute_callable_kwargs)
  File "/home/airflow/.local/lib/python3.9/site-packages/airflow/models/baseoperator.py", line 400, in wrapper
    return func(self, *args, **kwargs)
  File "/home/airflow/.local/lib/python3.9/site-packages/airflow/providers/apache/spark/operators/spark_submit.py", line 176, in execute
    self._hook.submit(self.application)
  File "/home/airflow/.local/lib/python3.9/site-packages/airflow/providers/apache/spark/hooks/spark_submit.py", line 575, in submit
    raise AirflowException(
airflow.exceptions.AirflowException: Cannot execute: spark-submit --master spark://spark-master:7077 --conf spark.jars.packages=org.apache.sedona:sedona-python-adapter-3.0_2.12:1.2.0-incubating,org.datasyslab:geotools-wrapper:geotools-24.0 --conf spark.jars.repositories=https://repo1.maven.org/maven2/ --conf spark.executor.memory=8g --conf spark.driver.maxResultSize=8g --conf spark.driver.memory=2g --name arrow-spark --deploy-mode client /spark-scripts/taxi_etl.py. Error code is: 1.
[2024-10-13T15:26:47.972+0000] {taskinstance.py:1206} INFO - Marking task as FAILED. dag_id=etl_yellow_cab, task_id=etl_task, run_id=manual__2024-10-13T15:26:29.490243+00:00, execution_date=20241013T152629, start_date=20241013T152632, end_date=20241013T152647
[2024-10-13T15:26:47.988+0000] {standard_task_runner.py:110} ERROR - Failed to execute job 76 for task etl_task (Cannot execute: spark-submit --master spark://spark-master:7077 --conf spark.jars.packages=org.apache.sedona:sedona-python-adapter-3.0_2.12:1.2.0-incubating,org.datasyslab:geotools-wrapper:geotools-24.0 --conf spark.jars.repositories=https://repo1.maven.org/maven2/ --conf spark.executor.memory=8g --conf spark.driver.maxResultSize=8g --conf spark.driver.memory=2g --name arrow-spark --deploy-mode client /spark-scripts/taxi_etl.py. Error code is: 1.; 30294)
[2024-10-13T15:26:48.000+0000] {local_task_job_runner.py:240} INFO - Task exited with return code 1
[2024-10-13T15:26:48.013+0000] {taskinstance.py:3498} INFO - 0 downstream tasks scheduled from follow-on schedule check
[2024-10-13T15:26:48.014+0000] {local_task_job_runner.py:222} INFO - ::endgroup::
