[2024-10-12T23:00:01.290+0000] {local_task_job_runner.py:120} INFO - ::group::Pre task execution logs
[2024-10-12T23:00:01.326+0000] {taskinstance.py:2076} INFO - Dependencies all met for dep_context=non-requeueable deps ti=<TaskInstance: etl_yellow_cab.generate_filename scheduled__2024-10-11T23:00:00+00:00 [queued]>
[2024-10-12T23:00:01.331+0000] {taskinstance.py:2076} INFO - Dependencies all met for dep_context=requeueable deps ti=<TaskInstance: etl_yellow_cab.generate_filename scheduled__2024-10-11T23:00:00+00:00 [queued]>
[2024-10-12T23:00:01.331+0000] {taskinstance.py:2306} INFO - Starting attempt 1 of 1
[2024-10-12T23:00:01.337+0000] {taskinstance.py:2330} INFO - Executing <Task(PythonOperator): generate_filename> on 2024-10-11 23:00:00+00:00
[2024-10-12T23:00:01.340+0000] {standard_task_runner.py:63} INFO - Started process 20267 to run task
[2024-10-12T23:00:01.344+0000] {standard_task_runner.py:90} INFO - Running: ['airflow', 'tasks', 'run', 'etl_yellow_cab', 'generate_filename', 'scheduled__2024-10-11T23:00:00+00:00', '--job-id', '73', '--raw', '--subdir', 'DAGS_FOLDER/yellow-cab-batch.py', '--cfg-path', '/tmp/tmpirlkq8he']
[2024-10-12T23:00:01.349+0000] {standard_task_runner.py:91} INFO - Job 73: Subtask generate_filename
[2024-10-12T23:00:01.373+0000] {logging_mixin.py:188} WARNING - /home/airflow/.local/lib/python3.9/site-packages/airflow/settings.py:195 DeprecationWarning: The sql_alchemy_conn option in [core] has been moved to the sql_alchemy_conn option in [database] - the old setting has been used, but please update your config.
[2024-10-12T23:00:01.395+0000] {task_command.py:426} INFO - Running <TaskInstance: etl_yellow_cab.generate_filename scheduled__2024-10-11T23:00:00+00:00 [running]> on host yellow-cab-airflow-scheduler
[2024-10-12T23:00:01.444+0000] {taskinstance.py:2648} INFO - Exporting env vars: AIRFLOW_CTX_DAG_OWNER='hafidz' AIRFLOW_CTX_DAG_ID='etl_yellow_cab' AIRFLOW_CTX_TASK_ID='generate_filename' AIRFLOW_CTX_EXECUTION_DATE='2024-10-11T23:00:00+00:00' AIRFLOW_CTX_TRY_NUMBER='1' AIRFLOW_CTX_DAG_RUN_ID='scheduled__2024-10-11T23:00:00+00:00'
[2024-10-12T23:00:01.445+0000] {taskinstance.py:430} INFO - ::endgroup::
[2024-10-12T23:00:01.457+0000] {logging_mixin.py:188} WARNING - /home/airflow/.local/lib/python3.9/site-packages/airflow/utils/context.py:320 AirflowContextDeprecationWarning: Accessing 'execution_date' from the template is deprecated and will be removed in a future version. Please use 'data_interval_start' or 'logical_date' instead.
[2024-10-12T23:00:01.460+0000] {crypto.py:82} WARNING - empty cryptography key - values will not be stored encrypted.
[2024-10-12T23:00:01.462+0000] {python.py:237} INFO - Done. Returned value was: yellow_tripdata_2024-10-11.csv
[2024-10-12T23:00:01.462+0000] {taskinstance.py:441} INFO - ::group::Post task execution logs
[2024-10-12T23:00:01.471+0000] {taskinstance.py:1206} INFO - Marking task as SUCCESS. dag_id=etl_yellow_cab, task_id=generate_filename, run_id=scheduled__2024-10-11T23:00:00+00:00, execution_date=20241011T230000, start_date=20241012T230001, end_date=20241012T230001
[2024-10-12T23:00:01.497+0000] {local_task_job_runner.py:240} INFO - Task exited with return code 0
[2024-10-12T23:00:01.506+0000] {taskinstance.py:3498} INFO - 1 downstream tasks scheduled from follow-on schedule check
[2024-10-12T23:00:01.507+0000] {local_task_job_runner.py:222} INFO - ::endgroup::
