[2024-10-11T21:35:01.543+0000] {local_task_job_runner.py:120} INFO - ::group::Pre task execution logs
[2024-10-11T21:35:01.580+0000] {taskinstance.py:2076} INFO - Dependencies all met for dep_context=non-requeueable deps ti=<TaskInstance: etl_yellow_cab.etl_task manual__2024-10-11T21:35:00.439077+00:00 [queued]>
[2024-10-11T21:35:01.591+0000] {taskinstance.py:2076} INFO - Dependencies all met for dep_context=requeueable deps ti=<TaskInstance: etl_yellow_cab.etl_task manual__2024-10-11T21:35:00.439077+00:00 [queued]>
[2024-10-11T21:35:01.591+0000] {taskinstance.py:2306} INFO - Starting attempt 1 of 1
[2024-10-11T21:35:01.602+0000] {taskinstance.py:2330} INFO - Executing <Task(SparkSubmitOperator): etl_task> on 2024-10-11 21:35:00.439077+00:00
[2024-10-11T21:35:01.612+0000] {standard_task_runner.py:63} INFO - Started process 211 to run task
[2024-10-11T21:35:01.614+0000] {standard_task_runner.py:90} INFO - Running: ['airflow', 'tasks', 'run', 'etl_yellow_cab', 'etl_task', 'manual__2024-10-11T21:35:00.439077+00:00', '--job-id', '54', '--raw', '--subdir', 'DAGS_FOLDER/yellow-cab-batch.py', '--cfg-path', '/tmp/tmpv900n_eg']
[2024-10-11T21:35:01.617+0000] {standard_task_runner.py:91} INFO - Job 54: Subtask etl_task
[2024-10-11T21:35:01.634+0000] {logging_mixin.py:188} WARNING - /home/airflow/.local/lib/python3.9/site-packages/airflow/settings.py:195 DeprecationWarning: The sql_alchemy_conn option in [core] has been moved to the sql_alchemy_conn option in [database] - the old setting has been used, but please update your config.
[2024-10-11T21:35:01.661+0000] {task_command.py:426} INFO - Running <TaskInstance: etl_yellow_cab.etl_task manual__2024-10-11T21:35:00.439077+00:00 [running]> on host yellow-cab-airflow-scheduler
[2024-10-11T21:35:01.745+0000] {taskinstance.py:2648} INFO - Exporting env vars: AIRFLOW_CTX_DAG_OWNER='hafidz' AIRFLOW_CTX_DAG_ID='etl_yellow_cab' AIRFLOW_CTX_TASK_ID='etl_task' AIRFLOW_CTX_EXECUTION_DATE='2024-10-11T21:35:00.439077+00:00' AIRFLOW_CTX_TRY_NUMBER='1' AIRFLOW_CTX_DAG_RUN_ID='manual__2024-10-11T21:35:00.439077+00:00'
[2024-10-11T21:35:01.746+0000] {taskinstance.py:430} INFO - ::endgroup::
[2024-10-11T21:35:01.797+0000] {base.py:84} INFO - Using connection ID 'spark_main' for task execution.
[2024-10-11T21:35:01.799+0000] {spark_submit.py:473} INFO - Spark-Submit cmd: spark-submit --master spark://spark-master:7077 --conf spark.jars.packages=org.apache.sedona:sedona-python-adapter-3.0_2.12:1.2.0-incubating,org.datasyslab:geotools-wrapper:geotools-24.0 --conf spark.jars.repositories=https://repo1.maven.org/maven2/ --name arrow-spark --deploy-mode client /spark-scripts/taxi_etl.py
[2024-10-11T21:35:03.402+0000] {spark_submit.py:649} INFO - https://repo1.maven.org/maven2/ added as a remote repository with the name: repo-1
[2024-10-11T21:35:03.419+0000] {spark_submit.py:649} INFO - :: loading settings :: url = jar:file:/home/airflow/.local/lib/python3.9/site-packages/pyspark/jars/ivy-2.5.1.jar!/org/apache/ivy/core/settings/ivysettings.xml
[2024-10-11T21:35:03.465+0000] {spark_submit.py:649} INFO - Ivy Default Cache set to: /home/airflow/.ivy2/cache
[2024-10-11T21:35:03.466+0000] {spark_submit.py:649} INFO - The jars for the packages stored in: /home/airflow/.ivy2/jars
[2024-10-11T21:35:03.468+0000] {spark_submit.py:649} INFO - org.apache.sedona#sedona-python-adapter-3.0_2.12 added as a dependency
[2024-10-11T21:35:03.469+0000] {spark_submit.py:649} INFO - org.datasyslab#geotools-wrapper added as a dependency
[2024-10-11T21:35:03.469+0000] {spark_submit.py:649} INFO - :: resolving dependencies :: org.apache.spark#spark-submit-parent-03545a3e-5b6a-41c2-9aa2-5bc8a07bb7cc;1.0
[2024-10-11T21:35:03.469+0000] {spark_submit.py:649} INFO - confs: [default]
[2024-10-11T21:35:11.982+0000] {spark_submit.py:649} INFO - found org.apache.sedona#sedona-python-adapter-3.0_2.12;1.2.0-incubating in central
[2024-10-11T21:35:17.513+0000] {spark_submit.py:649} INFO - found org.locationtech.jts#jts-core;1.18.0 in central
[2024-10-11T21:35:18.204+0000] {spark_submit.py:649} INFO - found org.wololo#jts2geojson;0.16.1 in central
[2024-10-11T21:35:19.036+0000] {spark_submit.py:649} INFO - found org.apache.sedona#sedona-core-3.0_2.12;1.2.0-incubating in central
[2024-10-11T21:35:19.869+0000] {spark_submit.py:649} INFO - found org.scala-lang.modules#scala-collection-compat_2.12;2.5.0 in central
[2024-10-11T21:35:20.780+0000] {spark_submit.py:649} INFO - found org.apache.sedona#sedona-sql-3.0_2.12;1.2.0-incubating in central
[2024-10-11T21:35:21.601+0000] {spark_submit.py:649} INFO - found org.datasyslab#geotools-wrapper;geotools-24.0 in central
[2024-10-11T21:35:22.035+0000] {spark_submit.py:649} INFO - downloading https://repo1.maven.org/maven2/org/apache/sedona/sedona-python-adapter-3.0_2.12/1.2.0-incubating/sedona-python-adapter-3.0_2.12-1.2.0-incubating.jar ...
[2024-10-11T21:35:26.633+0000] {spark_submit.py:649} INFO - [SUCCESSFUL ] org.apache.sedona#sedona-python-adapter-3.0_2.12;1.2.0-incubating!sedona-python-adapter-3.0_2.12.jar (5022ms)
[2024-10-11T21:35:27.002+0000] {spark_submit.py:649} INFO - downloading https://repo1.maven.org/maven2/org/datasyslab/geotools-wrapper/geotools-24.0/geotools-wrapper-geotools-24.0.jar ...
[2024-10-11T21:35:37.314+0000] {spark_submit.py:649} INFO - [SUCCESSFUL ] org.datasyslab#geotools-wrapper;geotools-24.0!geotools-wrapper.jar (10678ms)
[2024-10-11T21:35:37.716+0000] {spark_submit.py:649} INFO - downloading https://repo1.maven.org/maven2/org/locationtech/jts/jts-core/1.18.0/jts-core-1.18.0.jar ...
[2024-10-11T21:35:38.539+0000] {spark_submit.py:649} INFO - [SUCCESSFUL ] org.locationtech.jts#jts-core;1.18.0!jts-core.jar(bundle) (1222ms)
[2024-10-11T21:35:38.991+0000] {spark_submit.py:649} INFO - downloading https://repo1.maven.org/maven2/org/wololo/jts2geojson/0.16.1/jts2geojson-0.16.1.jar ...
[2024-10-11T21:35:39.398+0000] {spark_submit.py:649} INFO - [SUCCESSFUL ] org.wololo#jts2geojson;0.16.1!jts2geojson.jar (858ms)
[2024-10-11T21:35:39.803+0000] {spark_submit.py:649} INFO - downloading https://repo1.maven.org/maven2/org/apache/sedona/sedona-core-3.0_2.12/1.2.0-incubating/sedona-core-3.0_2.12-1.2.0-incubating.jar ...
[2024-10-11T21:35:40.336+0000] {spark_submit.py:649} INFO - [SUCCESSFUL ] org.apache.sedona#sedona-core-3.0_2.12;1.2.0-incubating!sedona-core-3.0_2.12.jar (936ms)
[2024-10-11T21:35:40.717+0000] {spark_submit.py:649} INFO - downloading https://repo1.maven.org/maven2/org/apache/sedona/sedona-sql-3.0_2.12/1.2.0-incubating/sedona-sql-3.0_2.12-1.2.0-incubating.jar ...
[2024-10-11T21:35:41.553+0000] {spark_submit.py:649} INFO - [SUCCESSFUL ] org.apache.sedona#sedona-sql-3.0_2.12;1.2.0-incubating!sedona-sql-3.0_2.12.jar (1215ms)
[2024-10-11T21:35:41.953+0000] {spark_submit.py:649} INFO - downloading https://repo1.maven.org/maven2/org/scala-lang/modules/scala-collection-compat_2.12/2.5.0/scala-collection-compat_2.12-2.5.0.jar ...
[2024-10-11T21:35:42.536+0000] {spark_submit.py:649} INFO - [SUCCESSFUL ] org.scala-lang.modules#scala-collection-compat_2.12;2.5.0!scala-collection-compat_2.12.jar (979ms)
[2024-10-11T21:35:42.537+0000] {spark_submit.py:649} INFO - :: resolution report :: resolve 18139ms :: artifacts dl 20928ms
[2024-10-11T21:35:42.537+0000] {spark_submit.py:649} INFO - :: modules in use:
[2024-10-11T21:35:42.538+0000] {spark_submit.py:649} INFO - org.apache.sedona#sedona-core-3.0_2.12;1.2.0-incubating from central in [default]
[2024-10-11T21:35:42.539+0000] {spark_submit.py:649} INFO - org.apache.sedona#sedona-python-adapter-3.0_2.12;1.2.0-incubating from central in [default]
[2024-10-11T21:35:42.539+0000] {spark_submit.py:649} INFO - org.apache.sedona#sedona-sql-3.0_2.12;1.2.0-incubating from central in [default]
[2024-10-11T21:35:42.540+0000] {spark_submit.py:649} INFO - org.datasyslab#geotools-wrapper;geotools-24.0 from central in [default]
[2024-10-11T21:35:42.540+0000] {spark_submit.py:649} INFO - org.locationtech.jts#jts-core;1.18.0 from central in [default]
[2024-10-11T21:35:42.541+0000] {spark_submit.py:649} INFO - org.scala-lang.modules#scala-collection-compat_2.12;2.5.0 from central in [default]
[2024-10-11T21:35:42.541+0000] {spark_submit.py:649} INFO - org.wololo#jts2geojson;0.16.1 from central in [default]
[2024-10-11T21:35:42.542+0000] {spark_submit.py:649} INFO - ---------------------------------------------------------------------
[2024-10-11T21:35:42.542+0000] {spark_submit.py:649} INFO - |                  |            modules            ||   artifacts   |
[2024-10-11T21:35:42.542+0000] {spark_submit.py:649} INFO - |       conf       | number| search|dwnlded|evicted|| number|dwnlded|
[2024-10-11T21:35:42.543+0000] {spark_submit.py:649} INFO - ---------------------------------------------------------------------
[2024-10-11T21:35:42.543+0000] {spark_submit.py:649} INFO - |      default     |   7   |   7   |   7   |   0   ||   7   |   7   |
[2024-10-11T21:35:42.543+0000] {spark_submit.py:649} INFO - ---------------------------------------------------------------------
[2024-10-11T21:35:42.555+0000] {spark_submit.py:649} INFO - :: retrieving :: org.apache.spark#spark-submit-parent-03545a3e-5b6a-41c2-9aa2-5bc8a07bb7cc
[2024-10-11T21:35:42.556+0000] {spark_submit.py:649} INFO - confs: [default]
[2024-10-11T21:35:42.695+0000] {spark_submit.py:649} INFO - 7 artifacts copied, 0 already retrieved (24372kB/140ms)
[2024-10-11T21:35:42.875+0000] {spark_submit.py:649} INFO - 24/10/11 21:35:42 WARN NativeCodeLoader: Unable to load native-hadoop library for your platform... using builtin-java classes where applicable
[2024-10-11T21:35:45.055+0000] {spark_submit.py:649} INFO - 24/10/11 21:35:45 INFO SparkContext: Running Spark version 3.5.1
[2024-10-11T21:35:45.056+0000] {spark_submit.py:649} INFO - 24/10/11 21:35:45 INFO SparkContext: OS info Linux, 6.10.4-linuxkit, aarch64
[2024-10-11T21:35:45.056+0000] {spark_submit.py:649} INFO - 24/10/11 21:35:45 INFO SparkContext: Java version 17.0.12
[2024-10-11T21:35:45.068+0000] {spark_submit.py:649} INFO - 24/10/11 21:35:45 INFO ResourceUtils: ==============================================================
[2024-10-11T21:35:45.068+0000] {spark_submit.py:649} INFO - 24/10/11 21:35:45 INFO ResourceUtils: No custom resources configured for spark.driver.
[2024-10-11T21:35:45.068+0000] {spark_submit.py:649} INFO - 24/10/11 21:35:45 INFO ResourceUtils: ==============================================================
[2024-10-11T21:35:45.069+0000] {spark_submit.py:649} INFO - 24/10/11 21:35:45 INFO SparkContext: Submitted application: BigQueryETL
[2024-10-11T21:35:45.080+0000] {spark_submit.py:649} INFO - 24/10/11 21:35:45 INFO ResourceProfile: Default ResourceProfile created, executor resources: Map(memory -> name: memory, amount: 1024, script: , vendor: , offHeap -> name: offHeap, amount: 0, script: , vendor: ), task resources: Map(cpus -> name: cpus, amount: 1.0)
[2024-10-11T21:35:45.083+0000] {spark_submit.py:649} INFO - 24/10/11 21:35:45 INFO ResourceProfile: Limiting resource is cpu
[2024-10-11T21:35:45.084+0000] {spark_submit.py:649} INFO - 24/10/11 21:35:45 INFO ResourceProfileManager: Added ResourceProfile id: 0
[2024-10-11T21:35:45.112+0000] {spark_submit.py:649} INFO - 24/10/11 21:35:45 INFO SecurityManager: Changing view acls to: airflow
[2024-10-11T21:35:45.113+0000] {spark_submit.py:649} INFO - 24/10/11 21:35:45 INFO SecurityManager: Changing modify acls to: airflow
[2024-10-11T21:35:45.113+0000] {spark_submit.py:649} INFO - 24/10/11 21:35:45 INFO SecurityManager: Changing view acls groups to:
[2024-10-11T21:35:45.113+0000] {spark_submit.py:649} INFO - 24/10/11 21:35:45 INFO SecurityManager: Changing modify acls groups to:
[2024-10-11T21:35:45.113+0000] {spark_submit.py:649} INFO - 24/10/11 21:35:45 INFO SecurityManager: SecurityManager: authentication disabled; ui acls disabled; users with view permissions: airflow; groups with view permissions: EMPTY; users with modify permissions: airflow; groups with modify permissions: EMPTY
[2024-10-11T21:35:45.208+0000] {spark_submit.py:649} INFO - 24/10/11 21:35:45 INFO Utils: Successfully started service 'sparkDriver' on port 45937.
[2024-10-11T21:35:45.236+0000] {spark_submit.py:649} INFO - 24/10/11 21:35:45 INFO SparkEnv: Registering MapOutputTracker
[2024-10-11T21:35:45.261+0000] {spark_submit.py:649} INFO - 24/10/11 21:35:45 INFO SparkEnv: Registering BlockManagerMaster
[2024-10-11T21:35:45.273+0000] {spark_submit.py:649} INFO - 24/10/11 21:35:45 INFO BlockManagerMasterEndpoint: Using org.apache.spark.storage.DefaultTopologyMapper for getting topology information
[2024-10-11T21:35:45.273+0000] {spark_submit.py:649} INFO - 24/10/11 21:35:45 INFO BlockManagerMasterEndpoint: BlockManagerMasterEndpoint up
[2024-10-11T21:35:45.276+0000] {spark_submit.py:649} INFO - 24/10/11 21:35:45 INFO SparkEnv: Registering BlockManagerMasterHeartbeat
[2024-10-11T21:35:45.292+0000] {spark_submit.py:649} INFO - 24/10/11 21:35:45 INFO DiskBlockManager: Created local directory at /tmp/blockmgr-2d406fa1-5f77-407c-86ed-12d643a4c5a9
[2024-10-11T21:35:45.299+0000] {spark_submit.py:649} INFO - 24/10/11 21:35:45 INFO MemoryStore: MemoryStore started with capacity 434.4 MiB
[2024-10-11T21:35:45.306+0000] {spark_submit.py:649} INFO - 24/10/11 21:35:45 INFO SparkEnv: Registering OutputCommitCoordinator
[2024-10-11T21:35:45.370+0000] {spark_submit.py:649} INFO - 24/10/11 21:35:45 INFO JettyUtils: Start Jetty 0.0.0.0:4040 for SparkUI
[2024-10-11T21:35:45.405+0000] {spark_submit.py:649} INFO - 24/10/11 21:35:45 INFO Utils: Successfully started service 'SparkUI' on port 4040.
[2024-10-11T21:35:45.423+0000] {spark_submit.py:649} INFO - 24/10/11 21:35:45 INFO SparkContext: Added JAR file:///home/airflow/.ivy2/jars/org.apache.sedona_sedona-python-adapter-3.0_2.12-1.2.0-incubating.jar at spark://yellow-cab-airflow-scheduler:45937/jars/org.apache.sedona_sedona-python-adapter-3.0_2.12-1.2.0-incubating.jar with timestamp 1728682545051
[2024-10-11T21:35:45.423+0000] {spark_submit.py:649} INFO - 24/10/11 21:35:45 INFO SparkContext: Added JAR file:///home/airflow/.ivy2/jars/org.datasyslab_geotools-wrapper-geotools-24.0.jar at spark://yellow-cab-airflow-scheduler:45937/jars/org.datasyslab_geotools-wrapper-geotools-24.0.jar with timestamp 1728682545051
[2024-10-11T21:35:45.423+0000] {spark_submit.py:649} INFO - 24/10/11 21:35:45 INFO SparkContext: Added JAR file:///home/airflow/.ivy2/jars/org.locationtech.jts_jts-core-1.18.0.jar at spark://yellow-cab-airflow-scheduler:45937/jars/org.locationtech.jts_jts-core-1.18.0.jar with timestamp 1728682545051
[2024-10-11T21:35:45.423+0000] {spark_submit.py:649} INFO - 24/10/11 21:35:45 INFO SparkContext: Added JAR file:///home/airflow/.ivy2/jars/org.wololo_jts2geojson-0.16.1.jar at spark://yellow-cab-airflow-scheduler:45937/jars/org.wololo_jts2geojson-0.16.1.jar with timestamp 1728682545051
[2024-10-11T21:35:45.423+0000] {spark_submit.py:649} INFO - 24/10/11 21:35:45 INFO SparkContext: Added JAR file:///home/airflow/.ivy2/jars/org.apache.sedona_sedona-core-3.0_2.12-1.2.0-incubating.jar at spark://yellow-cab-airflow-scheduler:45937/jars/org.apache.sedona_sedona-core-3.0_2.12-1.2.0-incubating.jar with timestamp 1728682545051
[2024-10-11T21:35:45.423+0000] {spark_submit.py:649} INFO - 24/10/11 21:35:45 INFO SparkContext: Added JAR file:///home/airflow/.ivy2/jars/org.apache.sedona_sedona-sql-3.0_2.12-1.2.0-incubating.jar at spark://yellow-cab-airflow-scheduler:45937/jars/org.apache.sedona_sedona-sql-3.0_2.12-1.2.0-incubating.jar with timestamp 1728682545051
[2024-10-11T21:35:45.424+0000] {spark_submit.py:649} INFO - 24/10/11 21:35:45 INFO SparkContext: Added JAR file:///home/airflow/.ivy2/jars/org.scala-lang.modules_scala-collection-compat_2.12-2.5.0.jar at spark://yellow-cab-airflow-scheduler:45937/jars/org.scala-lang.modules_scala-collection-compat_2.12-2.5.0.jar with timestamp 1728682545051
[2024-10-11T21:35:45.425+0000] {spark_submit.py:649} INFO - 24/10/11 21:35:45 INFO SparkContext: Added file file:///home/airflow/.ivy2/jars/org.apache.sedona_sedona-python-adapter-3.0_2.12-1.2.0-incubating.jar at spark://yellow-cab-airflow-scheduler:45937/files/org.apache.sedona_sedona-python-adapter-3.0_2.12-1.2.0-incubating.jar with timestamp 1728682545051
[2024-10-11T21:35:45.425+0000] {spark_submit.py:649} INFO - 24/10/11 21:35:45 INFO Utils: Copying /home/airflow/.ivy2/jars/org.apache.sedona_sedona-python-adapter-3.0_2.12-1.2.0-incubating.jar to /tmp/spark-f0ec3fb6-1a47-4230-924a-fe30d4d7bcb3/userFiles-8d65db9e-5b71-4617-b680-0ff9eec91ace/org.apache.sedona_sedona-python-adapter-3.0_2.12-1.2.0-incubating.jar
[2024-10-11T21:35:45.453+0000] {spark_submit.py:649} INFO - 24/10/11 21:35:45 INFO SparkContext: Added file file:///home/airflow/.ivy2/jars/org.datasyslab_geotools-wrapper-geotools-24.0.jar at spark://yellow-cab-airflow-scheduler:45937/files/org.datasyslab_geotools-wrapper-geotools-24.0.jar with timestamp 1728682545051
[2024-10-11T21:35:45.454+0000] {spark_submit.py:649} INFO - 24/10/11 21:35:45 INFO Utils: Copying /home/airflow/.ivy2/jars/org.datasyslab_geotools-wrapper-geotools-24.0.jar to /tmp/spark-f0ec3fb6-1a47-4230-924a-fe30d4d7bcb3/userFiles-8d65db9e-5b71-4617-b680-0ff9eec91ace/org.datasyslab_geotools-wrapper-geotools-24.0.jar
[2024-10-11T21:35:45.594+0000] {spark_submit.py:649} INFO - 24/10/11 21:35:45 INFO SparkContext: Added file file:///home/airflow/.ivy2/jars/org.locationtech.jts_jts-core-1.18.0.jar at spark://yellow-cab-airflow-scheduler:45937/files/org.locationtech.jts_jts-core-1.18.0.jar with timestamp 1728682545051
[2024-10-11T21:35:45.594+0000] {spark_submit.py:649} INFO - 24/10/11 21:35:45 INFO Utils: Copying /home/airflow/.ivy2/jars/org.locationtech.jts_jts-core-1.18.0.jar to /tmp/spark-f0ec3fb6-1a47-4230-924a-fe30d4d7bcb3/userFiles-8d65db9e-5b71-4617-b680-0ff9eec91ace/org.locationtech.jts_jts-core-1.18.0.jar
[2024-10-11T21:35:45.603+0000] {spark_submit.py:649} INFO - 24/10/11 21:35:45 INFO SparkContext: Added file file:///home/airflow/.ivy2/jars/org.wololo_jts2geojson-0.16.1.jar at spark://yellow-cab-airflow-scheduler:45937/files/org.wololo_jts2geojson-0.16.1.jar with timestamp 1728682545051
[2024-10-11T21:35:45.603+0000] {spark_submit.py:649} INFO - 24/10/11 21:35:45 INFO Utils: Copying /home/airflow/.ivy2/jars/org.wololo_jts2geojson-0.16.1.jar to /tmp/spark-f0ec3fb6-1a47-4230-924a-fe30d4d7bcb3/userFiles-8d65db9e-5b71-4617-b680-0ff9eec91ace/org.wololo_jts2geojson-0.16.1.jar
[2024-10-11T21:35:45.614+0000] {spark_submit.py:649} INFO - 24/10/11 21:35:45 INFO SparkContext: Added file file:///home/airflow/.ivy2/jars/org.apache.sedona_sedona-core-3.0_2.12-1.2.0-incubating.jar at spark://yellow-cab-airflow-scheduler:45937/files/org.apache.sedona_sedona-core-3.0_2.12-1.2.0-incubating.jar with timestamp 1728682545051
[2024-10-11T21:35:45.614+0000] {spark_submit.py:649} INFO - 24/10/11 21:35:45 INFO Utils: Copying /home/airflow/.ivy2/jars/org.apache.sedona_sedona-core-3.0_2.12-1.2.0-incubating.jar to /tmp/spark-f0ec3fb6-1a47-4230-924a-fe30d4d7bcb3/userFiles-8d65db9e-5b71-4617-b680-0ff9eec91ace/org.apache.sedona_sedona-core-3.0_2.12-1.2.0-incubating.jar
[2024-10-11T21:35:45.629+0000] {spark_submit.py:649} INFO - 24/10/11 21:35:45 INFO SparkContext: Added file file:///home/airflow/.ivy2/jars/org.apache.sedona_sedona-sql-3.0_2.12-1.2.0-incubating.jar at spark://yellow-cab-airflow-scheduler:45937/files/org.apache.sedona_sedona-sql-3.0_2.12-1.2.0-incubating.jar with timestamp 1728682545051
[2024-10-11T21:35:45.630+0000] {spark_submit.py:649} INFO - 24/10/11 21:35:45 INFO Utils: Copying /home/airflow/.ivy2/jars/org.apache.sedona_sedona-sql-3.0_2.12-1.2.0-incubating.jar to /tmp/spark-f0ec3fb6-1a47-4230-924a-fe30d4d7bcb3/userFiles-8d65db9e-5b71-4617-b680-0ff9eec91ace/org.apache.sedona_sedona-sql-3.0_2.12-1.2.0-incubating.jar
[2024-10-11T21:35:45.650+0000] {spark_submit.py:649} INFO - 24/10/11 21:35:45 INFO SparkContext: Added file file:///home/airflow/.ivy2/jars/org.scala-lang.modules_scala-collection-compat_2.12-2.5.0.jar at spark://yellow-cab-airflow-scheduler:45937/files/org.scala-lang.modules_scala-collection-compat_2.12-2.5.0.jar with timestamp 1728682545051
[2024-10-11T21:35:45.650+0000] {spark_submit.py:649} INFO - 24/10/11 21:35:45 INFO Utils: Copying /home/airflow/.ivy2/jars/org.scala-lang.modules_scala-collection-compat_2.12-2.5.0.jar to /tmp/spark-f0ec3fb6-1a47-4230-924a-fe30d4d7bcb3/userFiles-8d65db9e-5b71-4617-b680-0ff9eec91ace/org.scala-lang.modules_scala-collection-compat_2.12-2.5.0.jar
[2024-10-11T21:35:45.697+0000] {spark_submit.py:649} INFO - 24/10/11 21:35:45 INFO StandaloneAppClient$ClientEndpoint: Connecting to master spark://spark-master:7077...
[2024-10-11T21:35:45.724+0000] {spark_submit.py:649} INFO - 24/10/11 21:35:45 INFO TransportClientFactory: Successfully created connection to spark-master/172.24.0.2:7077 after 16 ms (0 ms spent in bootstraps)
[2024-10-11T21:35:46.025+0000] {spark_submit.py:649} INFO - 24/10/11 21:35:46 INFO StandaloneSchedulerBackend: Connected to Spark cluster with app ID app-20241011213545-0000
[2024-10-11T21:35:46.031+0000] {spark_submit.py:649} INFO - 24/10/11 21:35:46 INFO Utils: Successfully started service 'org.apache.spark.network.netty.NettyBlockTransferService' on port 37953.
[2024-10-11T21:35:46.031+0000] {spark_submit.py:649} INFO - 24/10/11 21:35:46 INFO NettyBlockTransferService: Server created on yellow-cab-airflow-scheduler:37953
[2024-10-11T21:35:46.032+0000] {spark_submit.py:649} INFO - 24/10/11 21:35:46 INFO BlockManager: Using org.apache.spark.storage.RandomBlockReplicationPolicy for block replication policy
[2024-10-11T21:35:46.035+0000] {spark_submit.py:649} INFO - 24/10/11 21:35:46 INFO BlockManagerMaster: Registering BlockManager BlockManagerId(driver, yellow-cab-airflow-scheduler, 37953, None)
[2024-10-11T21:35:46.037+0000] {spark_submit.py:649} INFO - 24/10/11 21:35:46 INFO BlockManagerMasterEndpoint: Registering block manager yellow-cab-airflow-scheduler:37953 with 434.4 MiB RAM, BlockManagerId(driver, yellow-cab-airflow-scheduler, 37953, None)
[2024-10-11T21:35:46.038+0000] {spark_submit.py:649} INFO - 24/10/11 21:35:46 INFO BlockManagerMaster: Registered BlockManager BlockManagerId(driver, yellow-cab-airflow-scheduler, 37953, None)
[2024-10-11T21:35:46.039+0000] {spark_submit.py:649} INFO - 24/10/11 21:35:46 INFO BlockManager: Initialized BlockManager: BlockManagerId(driver, yellow-cab-airflow-scheduler, 37953, None)
[2024-10-11T21:35:46.054+0000] {spark_submit.py:649} INFO - 24/10/11 21:35:46 INFO StandaloneAppClient$ClientEndpoint: Executor added: app-20241011213545-0000/0 on worker-20241011213037-172.24.0.3-36185 (172.24.0.3:36185) with 4 core(s)
[2024-10-11T21:35:46.055+0000] {spark_submit.py:649} INFO - 24/10/11 21:35:46 INFO StandaloneSchedulerBackend: Granted executor ID app-20241011213545-0000/0 on hostPort 172.24.0.3:36185 with 4 core(s), 1024.0 MiB RAM
[2024-10-11T21:35:46.179+0000] {spark_submit.py:649} INFO - 24/10/11 21:35:46 INFO StandaloneSchedulerBackend: SchedulerBackend is ready for scheduling beginning after reached minRegisteredResourcesRatio: 0.0
[2024-10-11T21:35:46.313+0000] {spark_submit.py:649} INFO - /spark-scripts/taxi_etl.py:28: DeprecationWarning: Call to deprecated function registerAll (Deprecated since 1.4.1, use SedonaContext.create() instead.).
[2024-10-11T21:35:46.313+0000] {spark_submit.py:649} INFO - SedonaRegistrator.registerAll(spark)
[2024-10-11T21:35:46.317+0000] {spark_submit.py:649} INFO - 24/10/11 21:35:46 INFO SharedState: Setting hive.metastore.warehouse.dir ('null') to the value of spark.sql.warehouse.dir.
[2024-10-11T21:35:46.318+0000] {spark_submit.py:649} INFO - 24/10/11 21:35:46 INFO SharedState: Warehouse path is 'file:/opt/airflow/spark-warehouse'.
[2024-10-11T21:35:46.381+0000] {spark_submit.py:649} INFO - 24/10/11 21:35:46 INFO StandaloneAppClient$ClientEndpoint: Executor updated: app-20241011213545-0000/0 is now RUNNING
[2024-10-11T21:35:48.493+0000] {spark_submit.py:649} INFO - 24/10/11 21:35:48 INFO CodeGenerator: Code generated in 211.011333 ms
[2024-10-11T21:35:48.547+0000] {spark_submit.py:649} INFO - 24/10/11 21:35:48 INFO DAGScheduler: Registering RDD 2 (count at NativeMethodAccessorImpl.java:0) as input to shuffle 0
[2024-10-11T21:35:48.554+0000] {spark_submit.py:649} INFO - 24/10/11 21:35:48 INFO DAGScheduler: Got map stage job 0 (count at NativeMethodAccessorImpl.java:0) with 1 output partitions
[2024-10-11T21:35:48.554+0000] {spark_submit.py:649} INFO - 24/10/11 21:35:48 INFO DAGScheduler: Final stage: ShuffleMapStage 0 (count at NativeMethodAccessorImpl.java:0)
[2024-10-11T21:35:48.555+0000] {spark_submit.py:649} INFO - 24/10/11 21:35:48 INFO DAGScheduler: Parents of final stage: List()
[2024-10-11T21:35:48.555+0000] {spark_submit.py:649} INFO - 24/10/11 21:35:48 INFO DAGScheduler: Missing parents: List()
[2024-10-11T21:35:48.556+0000] {spark_submit.py:649} INFO - 24/10/11 21:35:48 INFO DAGScheduler: Submitting ShuffleMapStage 0 (MapPartitionsRDD[2] at count at NativeMethodAccessorImpl.java:0), which has no missing parents
[2024-10-11T21:35:48.617+0000] {spark_submit.py:649} INFO - 24/10/11 21:35:48 INFO MemoryStore: Block broadcast_0 stored as values in memory (estimated size 11.0 KiB, free 434.4 MiB)
[2024-10-11T21:35:48.654+0000] {spark_submit.py:649} INFO - 24/10/11 21:35:48 INFO MemoryStore: Block broadcast_0_piece0 stored as bytes in memory (estimated size 5.7 KiB, free 434.4 MiB)
[2024-10-11T21:35:48.658+0000] {spark_submit.py:649} INFO - 24/10/11 21:35:48 INFO BlockManagerInfo: Added broadcast_0_piece0 in memory on yellow-cab-airflow-scheduler:37953 (size: 5.7 KiB, free: 434.4 MiB)
[2024-10-11T21:35:48.662+0000] {spark_submit.py:649} INFO - 24/10/11 21:35:48 INFO SparkContext: Created broadcast 0 from broadcast at DAGScheduler.scala:1585
[2024-10-11T21:35:48.679+0000] {spark_submit.py:649} INFO - 24/10/11 21:35:48 INFO DAGScheduler: Submitting 1 missing tasks from ShuffleMapStage 0 (MapPartitionsRDD[2] at count at NativeMethodAccessorImpl.java:0) (first 15 tasks are for partitions Vector(0))
[2024-10-11T21:35:48.680+0000] {spark_submit.py:649} INFO - 24/10/11 21:35:48 INFO TaskSchedulerImpl: Adding task set 0.0 with 1 tasks resource profile 0
[2024-10-11T21:35:48.718+0000] {spark_submit.py:649} INFO - 24/10/11 21:35:48 INFO StandaloneSchedulerBackend$StandaloneDriverEndpoint: Registered executor NettyRpcEndpointRef(spark-client://Executor) (172.24.0.3:60744) with ID 0,  ResourceProfileId 0
[2024-10-11T21:35:48.776+0000] {spark_submit.py:649} INFO - 24/10/11 21:35:48 INFO BlockManagerMasterEndpoint: Registering block manager 172.24.0.3:32825 with 434.4 MiB RAM, BlockManagerId(0, 172.24.0.3, 32825, None)
[2024-10-11T21:35:49.747+0000] {spark_submit.py:649} INFO - 24/10/11 21:35:49 INFO TaskSetManager: Starting task 0.0 in stage 0.0 (TID 0) (172.24.0.3, executor 0, partition 0, PROCESS_LOCAL, 9588 bytes)
[2024-10-11T21:35:49.937+0000] {spark_submit.py:649} INFO - 24/10/11 21:35:49 INFO BlockManagerInfo: Added broadcast_0_piece0 in memory on 172.24.0.3:32825 (size: 5.7 KiB, free: 434.4 MiB)
[2024-10-11T21:35:50.320+0000] {spark_submit.py:649} INFO - 24/10/11 21:35:50 INFO TaskSetManager: Finished task 0.0 in stage 0.0 (TID 0) in 588 ms on 172.24.0.3 (executor 0) (1/1)
[2024-10-11T21:35:50.322+0000] {spark_submit.py:649} INFO - 24/10/11 21:35:50 INFO TaskSchedulerImpl: Removed TaskSet 0.0, whose tasks have all completed, from pool
[2024-10-11T21:35:50.326+0000] {spark_submit.py:649} INFO - 24/10/11 21:35:50 INFO DAGScheduler: ShuffleMapStage 0 (count at NativeMethodAccessorImpl.java:0) finished in 1.763 s
[2024-10-11T21:35:50.327+0000] {spark_submit.py:649} INFO - 24/10/11 21:35:50 INFO DAGScheduler: looking for newly runnable stages
[2024-10-11T21:35:50.328+0000] {spark_submit.py:649} INFO - 24/10/11 21:35:50 INFO DAGScheduler: running: Set()
[2024-10-11T21:35:50.328+0000] {spark_submit.py:649} INFO - 24/10/11 21:35:50 INFO DAGScheduler: waiting: Set()
[2024-10-11T21:35:50.328+0000] {spark_submit.py:649} INFO - 24/10/11 21:35:50 INFO DAGScheduler: failed: Set()
[2024-10-11T21:35:50.361+0000] {spark_submit.py:649} INFO - 24/10/11 21:35:50 INFO CodeGenerator: Code generated in 10.634208 ms
[2024-10-11T21:35:50.439+0000] {spark_submit.py:649} INFO - 24/10/11 21:35:50 INFO SparkContext: Starting job: count at NativeMethodAccessorImpl.java:0
[2024-10-11T21:35:50.442+0000] {spark_submit.py:649} INFO - 24/10/11 21:35:50 INFO DAGScheduler: Got job 1 (count at NativeMethodAccessorImpl.java:0) with 1 output partitions
[2024-10-11T21:35:50.442+0000] {spark_submit.py:649} INFO - 24/10/11 21:35:50 INFO DAGScheduler: Final stage: ResultStage 2 (count at NativeMethodAccessorImpl.java:0)
[2024-10-11T21:35:50.443+0000] {spark_submit.py:649} INFO - 24/10/11 21:35:50 INFO DAGScheduler: Parents of final stage: List(ShuffleMapStage 1)
[2024-10-11T21:35:50.444+0000] {spark_submit.py:649} INFO - 24/10/11 21:35:50 INFO DAGScheduler: Missing parents: List()
[2024-10-11T21:35:50.445+0000] {spark_submit.py:649} INFO - 24/10/11 21:35:50 INFO DAGScheduler: Submitting ResultStage 2 (MapPartitionsRDD[5] at count at NativeMethodAccessorImpl.java:0), which has no missing parents
[2024-10-11T21:35:50.454+0000] {spark_submit.py:649} INFO - 24/10/11 21:35:50 INFO MemoryStore: Block broadcast_1 stored as values in memory (estimated size 12.5 KiB, free 434.4 MiB)
[2024-10-11T21:35:50.457+0000] {spark_submit.py:649} INFO - 24/10/11 21:35:50 INFO MemoryStore: Block broadcast_1_piece0 stored as bytes in memory (estimated size 5.9 KiB, free 434.4 MiB)
[2024-10-11T21:35:50.457+0000] {spark_submit.py:649} INFO - 24/10/11 21:35:50 INFO BlockManagerInfo: Added broadcast_1_piece0 in memory on yellow-cab-airflow-scheduler:37953 (size: 5.9 KiB, free: 434.4 MiB)
[2024-10-11T21:35:50.458+0000] {spark_submit.py:649} INFO - 24/10/11 21:35:50 INFO SparkContext: Created broadcast 1 from broadcast at DAGScheduler.scala:1585
[2024-10-11T21:35:50.461+0000] {spark_submit.py:649} INFO - 24/10/11 21:35:50 INFO DAGScheduler: Submitting 1 missing tasks from ResultStage 2 (MapPartitionsRDD[5] at count at NativeMethodAccessorImpl.java:0) (first 15 tasks are for partitions Vector(0))
[2024-10-11T21:35:50.462+0000] {spark_submit.py:649} INFO - 24/10/11 21:35:50 INFO TaskSchedulerImpl: Adding task set 2.0 with 1 tasks resource profile 0
[2024-10-11T21:35:50.468+0000] {spark_submit.py:649} INFO - 24/10/11 21:35:50 INFO TaskSetManager: Starting task 0.0 in stage 2.0 (TID 1) (172.24.0.3, executor 0, partition 0, NODE_LOCAL, 9391 bytes)
[2024-10-11T21:35:50.496+0000] {spark_submit.py:649} INFO - 24/10/11 21:35:50 INFO BlockManagerInfo: Added broadcast_1_piece0 in memory on 172.24.0.3:32825 (size: 5.9 KiB, free: 434.4 MiB)
[2024-10-11T21:35:50.556+0000] {spark_submit.py:649} INFO - 24/10/11 21:35:50 INFO MapOutputTrackerMasterEndpoint: Asked to send map output locations for shuffle 0 to 172.24.0.3:60744
[2024-10-11T21:35:50.643+0000] {spark_submit.py:649} INFO - 24/10/11 21:35:50 INFO TaskSetManager: Finished task 0.0 in stage 2.0 (TID 1) in 177 ms on 172.24.0.3 (executor 0) (1/1)
[2024-10-11T21:35:50.644+0000] {spark_submit.py:649} INFO - 24/10/11 21:35:50 INFO TaskSchedulerImpl: Removed TaskSet 2.0, whose tasks have all completed, from pool
[2024-10-11T21:35:50.644+0000] {spark_submit.py:649} INFO - 24/10/11 21:35:50 INFO DAGScheduler: ResultStage 2 (count at NativeMethodAccessorImpl.java:0) finished in 0.193 s
[2024-10-11T21:35:50.646+0000] {spark_submit.py:649} INFO - 24/10/11 21:35:50 INFO DAGScheduler: Job 1 is finished. Cancelling potential speculative or zombie tasks for this job
[2024-10-11T21:35:50.646+0000] {spark_submit.py:649} INFO - 24/10/11 21:35:50 INFO TaskSchedulerImpl: Killing all running tasks in stage 2: Stage finished
[2024-10-11T21:35:50.647+0000] {spark_submit.py:649} INFO - 24/10/11 21:35:50 INFO DAGScheduler: Job 1 finished: count at NativeMethodAccessorImpl.java:0, took 0.207431 s
[2024-10-11T21:35:51.231+0000] {spark_submit.py:649} INFO - Traceback (most recent call last):
[2024-10-11T21:35:51.232+0000] {spark_submit.py:649} INFO - File "/spark-scripts/taxi_etl.py", line 131, in <module>
[2024-10-11T21:35:51.232+0000] {spark_submit.py:649} INFO - main()
[2024-10-11T21:35:51.232+0000] {spark_submit.py:649} INFO - File "/spark-scripts/taxi_etl.py", line 30, in main
[2024-10-11T21:35:51.233+0000] {spark_submit.py:649} INFO - client = bigquery.Client.from_service_account_json(credentials_file)
[2024-10-11T21:35:51.233+0000] {spark_submit.py:649} INFO - File "/home/airflow/.local/lib/python3.9/site-packages/google/cloud/client/__init__.py", line 106, in from_service_account_json
[2024-10-11T21:35:51.233+0000] {spark_submit.py:649} INFO - with io.open(json_credentials_path, "r", encoding="utf-8") as json_fi:
[2024-10-11T21:35:51.233+0000] {spark_submit.py:649} INFO - FileNotFoundError: [Errno 2] No such file or directory: './geospatial-analysis-yellow-cab-5abe1edef9e7.json'
[2024-10-11T21:35:51.410+0000] {spark_submit.py:649} INFO - 24/10/11 21:35:51 INFO SparkContext: Invoking stop() from shutdown hook
[2024-10-11T21:35:51.412+0000] {spark_submit.py:649} INFO - 24/10/11 21:35:51 INFO SparkContext: SparkContext is stopping with exitCode 0.
[2024-10-11T21:35:51.429+0000] {spark_submit.py:649} INFO - 24/10/11 21:35:51 INFO SparkUI: Stopped Spark web UI at http://yellow-cab-airflow-scheduler:4040
[2024-10-11T21:35:51.433+0000] {spark_submit.py:649} INFO - 24/10/11 21:35:51 INFO BlockManagerInfo: Removed broadcast_0_piece0 on yellow-cab-airflow-scheduler:37953 in memory (size: 5.7 KiB, free: 434.4 MiB)
[2024-10-11T21:35:51.441+0000] {spark_submit.py:649} INFO - 24/10/11 21:35:51 INFO BlockManagerInfo: Removed broadcast_0_piece0 on 172.24.0.3:32825 in memory (size: 5.7 KiB, free: 434.4 MiB)
[2024-10-11T21:35:51.445+0000] {spark_submit.py:649} INFO - 24/10/11 21:35:51 INFO StandaloneSchedulerBackend: Shutting down all executors
[2024-10-11T21:35:51.445+0000] {spark_submit.py:649} INFO - 24/10/11 21:35:51 INFO StandaloneSchedulerBackend$StandaloneDriverEndpoint: Asking each executor to shut down
[2024-10-11T21:35:51.454+0000] {spark_submit.py:649} INFO - 24/10/11 21:35:51 INFO MapOutputTrackerMasterEndpoint: MapOutputTrackerMasterEndpoint stopped!
[2024-10-11T21:35:51.496+0000] {spark_submit.py:649} INFO - 24/10/11 21:35:51 INFO MemoryStore: MemoryStore cleared
[2024-10-11T21:35:51.498+0000] {spark_submit.py:649} INFO - 24/10/11 21:35:51 INFO BlockManager: BlockManager stopped
[2024-10-11T21:35:51.500+0000] {spark_submit.py:649} INFO - 24/10/11 21:35:51 INFO BlockManagerMaster: BlockManagerMaster stopped
[2024-10-11T21:35:51.501+0000] {spark_submit.py:649} INFO - 24/10/11 21:35:51 INFO OutputCommitCoordinator$OutputCommitCoordinatorEndpoint: OutputCommitCoordinator stopped!
[2024-10-11T21:35:51.529+0000] {spark_submit.py:649} INFO - 24/10/11 21:35:51 INFO SparkContext: Successfully stopped SparkContext
[2024-10-11T21:35:51.530+0000] {spark_submit.py:649} INFO - 24/10/11 21:35:51 INFO ShutdownHookManager: Shutdown hook called
[2024-10-11T21:35:51.530+0000] {spark_submit.py:649} INFO - 24/10/11 21:35:51 INFO ShutdownHookManager: Deleting directory /tmp/spark-4e376454-bb5a-4357-a360-a59f38348623
[2024-10-11T21:35:51.540+0000] {spark_submit.py:649} INFO - 24/10/11 21:35:51 INFO ShutdownHookManager: Deleting directory /tmp/spark-f0ec3fb6-1a47-4230-924a-fe30d4d7bcb3
[2024-10-11T21:35:51.553+0000] {spark_submit.py:649} INFO - 24/10/11 21:35:51 INFO ShutdownHookManager: Deleting directory /tmp/spark-f0ec3fb6-1a47-4230-924a-fe30d4d7bcb3/pyspark-8574ab8a-f08d-4b9a-bdff-da52986f7472
[2024-10-11T21:35:51.611+0000] {taskinstance.py:441} INFO - ::group::Post task execution logs
[2024-10-11T21:35:51.639+0000] {taskinstance.py:2905} ERROR - Task failed with exception
Traceback (most recent call last):
  File "/home/airflow/.local/lib/python3.9/site-packages/airflow/models/taskinstance.py", line 465, in _execute_task
    result = _execute_callable(context=context, **execute_callable_kwargs)
  File "/home/airflow/.local/lib/python3.9/site-packages/airflow/models/taskinstance.py", line 432, in _execute_callable
    return execute_callable(context=context, **execute_callable_kwargs)
  File "/home/airflow/.local/lib/python3.9/site-packages/airflow/models/baseoperator.py", line 400, in wrapper
    return func(self, *args, **kwargs)
  File "/home/airflow/.local/lib/python3.9/site-packages/airflow/providers/apache/spark/operators/spark_submit.py", line 176, in execute
    self._hook.submit(self.application)
  File "/home/airflow/.local/lib/python3.9/site-packages/airflow/providers/apache/spark/hooks/spark_submit.py", line 575, in submit
    raise AirflowException(
airflow.exceptions.AirflowException: Cannot execute: spark-submit --master spark://spark-master:7077 --conf spark.jars.packages=org.apache.sedona:sedona-python-adapter-3.0_2.12:1.2.0-incubating,org.datasyslab:geotools-wrapper:geotools-24.0 --conf spark.jars.repositories=https://repo1.maven.org/maven2/ --name arrow-spark --deploy-mode client /spark-scripts/taxi_etl.py. Error code is: 1.
[2024-10-11T21:35:51.646+0000] {taskinstance.py:1206} INFO - Marking task as FAILED. dag_id=etl_yellow_cab, task_id=etl_task, run_id=manual__2024-10-11T21:35:00.439077+00:00, execution_date=20241011T213500, start_date=20241011T213501, end_date=20241011T213551
[2024-10-11T21:35:51.676+0000] {standard_task_runner.py:110} ERROR - Failed to execute job 54 for task etl_task (Cannot execute: spark-submit --master spark://spark-master:7077 --conf spark.jars.packages=org.apache.sedona:sedona-python-adapter-3.0_2.12:1.2.0-incubating,org.datasyslab:geotools-wrapper:geotools-24.0 --conf spark.jars.repositories=https://repo1.maven.org/maven2/ --name arrow-spark --deploy-mode client /spark-scripts/taxi_etl.py. Error code is: 1.; 211)
[2024-10-11T21:35:51.688+0000] {local_task_job_runner.py:240} INFO - Task exited with return code 1
[2024-10-11T21:35:51.706+0000] {taskinstance.py:3498} INFO - 0 downstream tasks scheduled from follow-on schedule check
[2024-10-11T21:35:51.707+0000] {local_task_job_runner.py:222} INFO - ::endgroup::
