[2024-10-13T15:26:31.385+0000] {local_task_job_runner.py:120} INFO - ::group::Pre task execution logs
[2024-10-13T15:26:31.466+0000] {taskinstance.py:2076} INFO - Dependencies all met for dep_context=non-requeueable deps ti=<TaskInstance: etl_yellow_cab.generate_filename manual__2024-10-13T15:26:29.490243+00:00 [queued]>
[2024-10-13T15:26:31.473+0000] {taskinstance.py:2076} INFO - Dependencies all met for dep_context=requeueable deps ti=<TaskInstance: etl_yellow_cab.generate_filename manual__2024-10-13T15:26:29.490243+00:00 [queued]>
[2024-10-13T15:26:31.473+0000] {taskinstance.py:2306} INFO - Starting attempt 1 of 1
[2024-10-13T15:26:31.483+0000] {taskinstance.py:2330} INFO - Executing <Task(PythonOperator): generate_filename> on 2024-10-13 15:26:29.490243+00:00
[2024-10-13T15:26:31.489+0000] {standard_task_runner.py:63} INFO - Started process 30292 to run task
[2024-10-13T15:26:31.492+0000] {standard_task_runner.py:90} INFO - Running: ['airflow', 'tasks', 'run', 'etl_yellow_cab', 'generate_filename', 'manual__2024-10-13T15:26:29.490243+00:00', '--job-id', '75', '--raw', '--subdir', 'DAGS_FOLDER/yellow-cab-batch.py', '--cfg-path', '/tmp/tmpx2svskv6']
[2024-10-13T15:26:31.494+0000] {standard_task_runner.py:91} INFO - Job 75: Subtask generate_filename
[2024-10-13T15:26:31.516+0000] {logging_mixin.py:188} WARNING - /home/airflow/.local/lib/python3.9/site-packages/airflow/settings.py:195 DeprecationWarning: The sql_alchemy_conn option in [core] has been moved to the sql_alchemy_conn option in [database] - the old setting has been used, but please update your config.
[2024-10-13T15:26:31.540+0000] {task_command.py:426} INFO - Running <TaskInstance: etl_yellow_cab.generate_filename manual__2024-10-13T15:26:29.490243+00:00 [running]> on host yellow-cab-airflow-scheduler
[2024-10-13T15:26:31.613+0000] {taskinstance.py:2648} INFO - Exporting env vars: AIRFLOW_CTX_DAG_OWNER='hafidz' AIRFLOW_CTX_DAG_ID='etl_yellow_cab' AIRFLOW_CTX_TASK_ID='generate_filename' AIRFLOW_CTX_EXECUTION_DATE='2024-10-13T15:26:29.490243+00:00' AIRFLOW_CTX_TRY_NUMBER='1' AIRFLOW_CTX_DAG_RUN_ID='manual__2024-10-13T15:26:29.490243+00:00'
[2024-10-13T15:26:31.614+0000] {taskinstance.py:430} INFO - ::endgroup::
[2024-10-13T15:26:31.634+0000] {logging_mixin.py:188} WARNING - /home/airflow/.local/lib/python3.9/site-packages/airflow/utils/context.py:320 AirflowContextDeprecationWarning: Accessing 'execution_date' from the template is deprecated and will be removed in a future version. Please use 'data_interval_start' or 'logical_date' instead.
[2024-10-13T15:26:31.640+0000] {crypto.py:82} WARNING - empty cryptography key - values will not be stored encrypted.
[2024-10-13T15:26:31.642+0000] {python.py:237} INFO - Done. Returned value was: yellow_tripdata_2024-10-13.csv
[2024-10-13T15:26:31.642+0000] {taskinstance.py:441} INFO - ::group::Post task execution logs
[2024-10-13T15:26:31.653+0000] {taskinstance.py:1206} INFO - Marking task as SUCCESS. dag_id=etl_yellow_cab, task_id=generate_filename, run_id=manual__2024-10-13T15:26:29.490243+00:00, execution_date=20241013T152629, start_date=20241013T152631, end_date=20241013T152631
[2024-10-13T15:26:31.685+0000] {local_task_job_runner.py:240} INFO - Task exited with return code 0
[2024-10-13T15:26:31.697+0000] {taskinstance.py:3498} INFO - 1 downstream tasks scheduled from follow-on schedule check
[2024-10-13T15:26:31.698+0000] {local_task_job_runner.py:222} INFO - ::endgroup::
