[2024-10-13T16:36:26.139+0000] {local_task_job_runner.py:120} INFO - ::group::Pre task execution logs
[2024-10-13T16:36:26.160+0000] {taskinstance.py:2076} INFO - Dependencies all met for dep_context=non-requeueable deps ti=<TaskInstance: etl_yellow_cab.geo_create_task manual__2024-10-13T15:26:29.490243+00:00 [queued]>
[2024-10-13T16:36:26.163+0000] {taskinstance.py:2076} INFO - Dependencies all met for dep_context=requeueable deps ti=<TaskInstance: etl_yellow_cab.geo_create_task manual__2024-10-13T15:26:29.490243+00:00 [queued]>
[2024-10-13T16:36:26.164+0000] {taskinstance.py:2306} INFO - Starting attempt 2 of 2
[2024-10-13T16:36:26.170+0000] {taskinstance.py:2330} INFO - Executing <Task(SparkSubmitOperator): geo_create_task> on 2024-10-13 15:26:29.490243+00:00
[2024-10-13T16:36:26.173+0000] {standard_task_runner.py:63} INFO - Started process 33066 to run task
[2024-10-13T16:36:26.176+0000] {standard_task_runner.py:90} INFO - Running: ['airflow', 'tasks', 'run', 'etl_yellow_cab', 'geo_create_task', 'manual__2024-10-13T15:26:29.490243+00:00', '--job-id', '85', '--raw', '--subdir', 'DAGS_FOLDER/yellow-cab-batch.py', '--cfg-path', '/tmp/tmp3jng9avr']
[2024-10-13T16:36:26.178+0000] {standard_task_runner.py:91} INFO - Job 85: Subtask geo_create_task
[2024-10-13T16:36:26.206+0000] {logging_mixin.py:188} WARNING - /home/airflow/.local/lib/python3.9/site-packages/airflow/settings.py:195 DeprecationWarning: The sql_alchemy_conn option in [core] has been moved to the sql_alchemy_conn option in [database] - the old setting has been used, but please update your config.
[2024-10-13T16:36:26.229+0000] {task_command.py:426} INFO - Running <TaskInstance: etl_yellow_cab.geo_create_task manual__2024-10-13T15:26:29.490243+00:00 [running]> on host yellow-cab-airflow-scheduler
[2024-10-13T16:36:26.284+0000] {taskinstance.py:2648} INFO - Exporting env vars: AIRFLOW_CTX_DAG_OWNER='hafidz' AIRFLOW_CTX_DAG_ID='etl_yellow_cab' AIRFLOW_CTX_TASK_ID='geo_create_task' AIRFLOW_CTX_EXECUTION_DATE='2024-10-13T15:26:29.490243+00:00' AIRFLOW_CTX_TRY_NUMBER='2' AIRFLOW_CTX_DAG_RUN_ID='manual__2024-10-13T15:26:29.490243+00:00'
[2024-10-13T16:36:26.284+0000] {taskinstance.py:430} INFO - ::endgroup::
[2024-10-13T16:36:26.300+0000] {base.py:84} INFO - Using connection ID 'spark_main' for task execution.
[2024-10-13T16:36:26.300+0000] {spark_submit.py:473} INFO - Spark-Submit cmd: spark-submit --master spark://spark-master:7077 --conf spark.executor.memory=8g --conf spark.driver.maxResultSize=8g --conf spark.driver.memory=2g --name arrow-spark --deploy-mode client /spark-scripts/taxi_geo_create.py
[2024-10-13T16:36:46.809+0000] {spark_submit.py:649} INFO - 24/10/13 16:36:46 INFO ShutdownHookManager: Shutdown hook called
[2024-10-13T16:36:46.823+0000] {spark_submit.py:649} INFO - 24/10/13 16:36:46 INFO ShutdownHookManager: Deleting directory /tmp/spark-f495ac19-9c53-47a9-98d2-b06ad16b9544
[2024-10-13T16:36:46.876+0000] {taskinstance.py:441} INFO - ::group::Post task execution logs
[2024-10-13T16:36:46.908+0000] {taskinstance.py:1206} INFO - Marking task as SUCCESS. dag_id=etl_yellow_cab, task_id=geo_create_task, run_id=manual__2024-10-13T15:26:29.490243+00:00, execution_date=20241013T152629, start_date=20241013T163626, end_date=20241013T163646
[2024-10-13T16:36:46.958+0000] {local_task_job_runner.py:240} INFO - Task exited with return code 0
[2024-10-13T16:36:46.973+0000] {taskinstance.py:3498} INFO - 0 downstream tasks scheduled from follow-on schedule check
[2024-10-13T16:36:46.974+0000] {local_task_job_runner.py:222} INFO - ::endgroup::
